[2025-12-21T17:14:49.199+0000] {taskinstance.py:1957} INFO - Dependencies all met for dep_context=non-requeueable deps ti=<TaskInstance: pipeline_services_publics_togo.ingestion_mongodb manual__2025-12-21T17:09:21.884495+00:00 [queued]>
[2025-12-21T17:14:49.207+0000] {taskinstance.py:1957} INFO - Dependencies all met for dep_context=requeueable deps ti=<TaskInstance: pipeline_services_publics_togo.ingestion_mongodb manual__2025-12-21T17:09:21.884495+00:00 [queued]>
[2025-12-21T17:14:49.207+0000] {taskinstance.py:2171} INFO - Starting attempt 2 of 3
[2025-12-21T17:14:49.220+0000] {taskinstance.py:2192} INFO - Executing <Task(BashOperator): ingestion_mongodb> on 2025-12-21 17:09:21.884495+00:00
[2025-12-21T17:14:49.224+0000] {standard_task_runner.py:60} INFO - Started process 556 to run task
[2025-12-21T17:14:49.227+0000] {standard_task_runner.py:87} INFO - Running: ['***', 'tasks', 'run', 'pipeline_services_publics_togo', 'ingestion_mongodb', 'manual__2025-12-21T17:09:21.884495+00:00', '--job-id', '40', '--raw', '--subdir', 'DAGS_FOLDER/pipeline_services_publics.py', '--cfg-path', '/tmp/tmpdqbi93ll']
[2025-12-21T17:14:49.230+0000] {standard_task_runner.py:88} INFO - Job 40: Subtask ingestion_mongodb
[2025-12-21T17:14:49.285+0000] {task_command.py:423} INFO - Running <TaskInstance: pipeline_services_publics_togo.ingestion_mongodb manual__2025-12-21T17:09:21.884495+00:00 [running]> on host 4a81c59a6e43
[2025-12-21T17:14:49.515+0000] {taskinstance.py:2481} INFO - Exporting env vars: AIRFLOW_CTX_DAG_OWNER='data-engineer' AIRFLOW_CTX_DAG_ID='pipeline_services_publics_togo' AIRFLOW_CTX_TASK_ID='ingestion_mongodb' AIRFLOW_CTX_EXECUTION_DATE='2025-12-21T17:09:21.884495+00:00' AIRFLOW_CTX_TRY_NUMBER='2' AIRFLOW_CTX_DAG_RUN_ID='manual__2025-12-21T17:09:21.884495+00:00'
[2025-12-21T17:14:49.518+0000] {subprocess.py:63} INFO - Tmp dir root location: /tmp
[2025-12-21T17:14:49.519+0000] {subprocess.py:75} INFO - Running command: ['/usr/bin/bash', '-c', '\n    /opt/spark/bin/spark-submit       --master spark://spark-master:7077       --packages org.mongodb.spark:mongo-spark-connector_2.12:10.5.0       --executor-memory 2G       --driver-memory 1G       /opt/***/spark_jobs/ingestion.py\n    ']
[2025-12-21T17:14:49.551+0000] {subprocess.py:86} INFO - Output:
[2025-12-21T17:14:51.649+0000] {subprocess.py:93} INFO - :: loading settings :: url = jar:file:/opt/spark/jars/ivy-2.5.1.jar!/org/apache/ivy/core/settings/ivysettings.xml
[2025-12-21T17:14:51.718+0000] {subprocess.py:93} INFO - Ivy Default Cache set to: /home/***/.ivy2/cache
[2025-12-21T17:14:51.719+0000] {subprocess.py:93} INFO - The jars for the packages stored in: /home/***/.ivy2/jars
[2025-12-21T17:14:51.723+0000] {subprocess.py:93} INFO - org.mongodb.spark#mongo-spark-connector_2.12 added as a dependency
[2025-12-21T17:14:51.725+0000] {subprocess.py:93} INFO - :: resolving dependencies :: org.apache.spark#spark-submit-parent-e32b1b7d-05d9-4acd-85a9-93d207eed518;1.0
[2025-12-21T17:14:51.725+0000] {subprocess.py:93} INFO - 	confs: [default]
[2025-12-21T17:14:51.825+0000] {subprocess.py:93} INFO - 	found org.mongodb.spark#mongo-spark-connector_2.12;10.5.0 in central
[2025-12-21T17:14:56.026+0000] {subprocess.py:93} INFO - 	found org.mongodb#mongodb-driver-sync;5.1.4 in central
[2025-12-21T17:14:56.027+0000] {subprocess.py:93} INFO - 	[5.1.4] org.mongodb#mongodb-driver-sync;[5.1.1,5.1.99)
[2025-12-21T17:14:56.140+0000] {subprocess.py:93} INFO - 	found org.mongodb#bson;5.1.4 in central
[2025-12-21T17:14:56.180+0000] {subprocess.py:93} INFO - 	found org.mongodb#mongodb-driver-core;5.1.4 in central
[2025-12-21T17:14:56.206+0000] {subprocess.py:93} INFO - 	found org.mongodb#bson-record-codec;5.1.4 in central
[2025-12-21T17:14:56.233+0000] {subprocess.py:93} INFO - :: resolution report :: resolve 4497ms :: artifacts dl 10ms
[2025-12-21T17:14:56.233+0000] {subprocess.py:93} INFO - 	:: modules in use:
[2025-12-21T17:14:56.233+0000] {subprocess.py:93} INFO - 	org.mongodb#bson;5.1.4 from central in [default]
[2025-12-21T17:14:56.233+0000] {subprocess.py:93} INFO - 	org.mongodb#bson-record-codec;5.1.4 from central in [default]
[2025-12-21T17:14:56.233+0000] {subprocess.py:93} INFO - 	org.mongodb#mongodb-driver-core;5.1.4 from central in [default]
[2025-12-21T17:14:56.234+0000] {subprocess.py:93} INFO - 	org.mongodb#mongodb-driver-sync;5.1.4 from central in [default]
[2025-12-21T17:14:56.234+0000] {subprocess.py:93} INFO - 	org.mongodb.spark#mongo-spark-connector_2.12;10.5.0 from central in [default]
[2025-12-21T17:14:56.234+0000] {subprocess.py:93} INFO - 	---------------------------------------------------------------------
[2025-12-21T17:14:56.234+0000] {subprocess.py:93} INFO - 	|                  |            modules            ||   artifacts   |
[2025-12-21T17:14:56.234+0000] {subprocess.py:93} INFO - 	|       conf       | number| search|dwnlded|evicted|| number|dwnlded|
[2025-12-21T17:14:56.234+0000] {subprocess.py:93} INFO - 	---------------------------------------------------------------------
[2025-12-21T17:14:56.234+0000] {subprocess.py:93} INFO - 	|      default     |   5   |   1   |   0   |   0   ||   5   |   0   |
[2025-12-21T17:14:56.234+0000] {subprocess.py:93} INFO - 	---------------------------------------------------------------------
[2025-12-21T17:14:56.238+0000] {subprocess.py:93} INFO - :: retrieving :: org.apache.spark#spark-submit-parent-e32b1b7d-05d9-4acd-85a9-93d207eed518
[2025-12-21T17:14:56.238+0000] {subprocess.py:93} INFO - 	confs: [default]
[2025-12-21T17:14:56.246+0000] {subprocess.py:93} INFO - 	0 artifacts copied, 5 already retrieved (0kB/6ms)
[2025-12-21T17:14:56.443+0000] {subprocess.py:93} INFO - 25/12/21 17:14:56 WARN NativeCodeLoader: Unable to load native-hadoop library for your platform... using builtin-java classes where applicable
[2025-12-21T17:14:57.417+0000] {subprocess.py:93} INFO - 25/12/21 17:14:57 INFO SparkContext: Running Spark version 3.5.1
[2025-12-21T17:14:57.418+0000] {subprocess.py:93} INFO - 25/12/21 17:14:57 INFO SparkContext: OS info Linux, 6.8.0-90-generic, amd64
[2025-12-21T17:14:57.418+0000] {subprocess.py:93} INFO - 25/12/21 17:14:57 INFO SparkContext: Java version 17.0.17
[2025-12-21T17:14:57.443+0000] {subprocess.py:93} INFO - 25/12/21 17:14:57 INFO ResourceUtils: ==============================================================
[2025-12-21T17:14:57.444+0000] {subprocess.py:93} INFO - 25/12/21 17:14:57 INFO ResourceUtils: No custom resources configured for spark.driver.
[2025-12-21T17:14:57.444+0000] {subprocess.py:93} INFO - 25/12/21 17:14:57 INFO ResourceUtils: ==============================================================
[2025-12-21T17:14:57.445+0000] {subprocess.py:93} INFO - 25/12/21 17:14:57 INFO SparkContext: Submitted application: Ingestion_MongoDB_Raw
[2025-12-21T17:14:57.468+0000] {subprocess.py:93} INFO - 25/12/21 17:14:57 INFO ResourceProfile: Default ResourceProfile created, executor resources: Map(memory -> name: memory, amount: 2048, script: , vendor: , offHeap -> name: offHeap, amount: 0, script: , vendor: ), task resources: Map(cpus -> name: cpus, amount: 1.0)
[2025-12-21T17:14:57.477+0000] {subprocess.py:93} INFO - 25/12/21 17:14:57 INFO ResourceProfile: Limiting resource is cpu
[2025-12-21T17:14:57.478+0000] {subprocess.py:93} INFO - 25/12/21 17:14:57 INFO ResourceProfileManager: Added ResourceProfile id: 0
[2025-12-21T17:14:57.559+0000] {subprocess.py:93} INFO - 25/12/21 17:14:57 INFO SecurityManager: Changing view acls to: ***
[2025-12-21T17:14:57.559+0000] {subprocess.py:93} INFO - 25/12/21 17:14:57 INFO SecurityManager: Changing modify acls to: ***
[2025-12-21T17:14:57.564+0000] {subprocess.py:93} INFO - 25/12/21 17:14:57 INFO SecurityManager: Changing view acls groups to:
[2025-12-21T17:14:57.564+0000] {subprocess.py:93} INFO - 25/12/21 17:14:57 INFO SecurityManager: Changing modify acls groups to:
[2025-12-21T17:14:57.564+0000] {subprocess.py:93} INFO - 25/12/21 17:14:57 INFO SecurityManager: SecurityManager: authentication disabled; ui acls disabled; users with view permissions: ***; groups with view permissions: EMPTY; users with modify permissions: ***; groups with modify permissions: EMPTY
[2025-12-21T17:14:57.815+0000] {subprocess.py:93} INFO - 25/12/21 17:14:57 INFO Utils: Successfully started service 'sparkDriver' on port 35729.
[2025-12-21T17:14:57.847+0000] {subprocess.py:93} INFO - 25/12/21 17:14:57 INFO SparkEnv: Registering MapOutputTracker
[2025-12-21T17:14:57.885+0000] {subprocess.py:93} INFO - 25/12/21 17:14:57 INFO SparkEnv: Registering BlockManagerMaster
[2025-12-21T17:14:57.906+0000] {subprocess.py:93} INFO - 25/12/21 17:14:57 INFO BlockManagerMasterEndpoint: Using org.apache.spark.storage.DefaultTopologyMapper for getting topology information
[2025-12-21T17:14:57.906+0000] {subprocess.py:93} INFO - 25/12/21 17:14:57 INFO BlockManagerMasterEndpoint: BlockManagerMasterEndpoint up
[2025-12-21T17:14:57.910+0000] {subprocess.py:93} INFO - 25/12/21 17:14:57 INFO SparkEnv: Registering BlockManagerMasterHeartbeat
[2025-12-21T17:14:57.929+0000] {subprocess.py:93} INFO - 25/12/21 17:14:57 INFO DiskBlockManager: Created local directory at /tmp/blockmgr-cfbe50a4-5160-4df4-b6ff-28c913aa9ed1
[2025-12-21T17:14:57.944+0000] {subprocess.py:93} INFO - 25/12/21 17:14:57 INFO MemoryStore: MemoryStore started with capacity 434.4 MiB
[2025-12-21T17:14:57.962+0000] {subprocess.py:93} INFO - 25/12/21 17:14:57 INFO SparkEnv: Registering OutputCommitCoordinator
[2025-12-21T17:14:58.092+0000] {subprocess.py:93} INFO - 25/12/21 17:14:58 INFO JettyUtils: Start Jetty 0.0.0.0:4040 for SparkUI
[2025-12-21T17:14:58.153+0000] {subprocess.py:93} INFO - 25/12/21 17:14:58 INFO Utils: Successfully started service 'SparkUI' on port 4040.
[2025-12-21T17:14:58.193+0000] {subprocess.py:93} INFO - 25/12/21 17:14:58 INFO SparkContext: Added JAR file:///home/***/.ivy2/jars/org.mongodb.spark_mongo-spark-connector_2.12-10.5.0.jar at spark://4a81c59a6e43:35729/jars/org.mongodb.spark_mongo-spark-connector_2.12-10.5.0.jar with timestamp 1766337297408
[2025-12-21T17:14:58.193+0000] {subprocess.py:93} INFO - 25/12/21 17:14:58 INFO SparkContext: Added JAR file:///home/***/.ivy2/jars/org.mongodb_mongodb-driver-sync-5.1.4.jar at spark://4a81c59a6e43:35729/jars/org.mongodb_mongodb-driver-sync-5.1.4.jar with timestamp 1766337297408
[2025-12-21T17:14:58.193+0000] {subprocess.py:93} INFO - 25/12/21 17:14:58 INFO SparkContext: Added JAR file:///home/***/.ivy2/jars/org.mongodb_bson-5.1.4.jar at spark://4a81c59a6e43:35729/jars/org.mongodb_bson-5.1.4.jar with timestamp 1766337297408
[2025-12-21T17:14:58.194+0000] {subprocess.py:93} INFO - 25/12/21 17:14:58 INFO SparkContext: Added JAR file:///home/***/.ivy2/jars/org.mongodb_mongodb-driver-core-5.1.4.jar at spark://4a81c59a6e43:35729/jars/org.mongodb_mongodb-driver-core-5.1.4.jar with timestamp 1766337297408
[2025-12-21T17:14:58.194+0000] {subprocess.py:93} INFO - 25/12/21 17:14:58 INFO SparkContext: Added JAR file:///home/***/.ivy2/jars/org.mongodb_bson-record-codec-5.1.4.jar at spark://4a81c59a6e43:35729/jars/org.mongodb_bson-record-codec-5.1.4.jar with timestamp 1766337297408
[2025-12-21T17:14:58.198+0000] {subprocess.py:93} INFO - 25/12/21 17:14:58 INFO SparkContext: Added file file:///home/***/.ivy2/jars/org.mongodb.spark_mongo-spark-connector_2.12-10.5.0.jar at spark://4a81c59a6e43:35729/files/org.mongodb.spark_mongo-spark-connector_2.12-10.5.0.jar with timestamp 1766337297408
[2025-12-21T17:14:58.199+0000] {subprocess.py:93} INFO - 25/12/21 17:14:58 INFO Utils: Copying /home/***/.ivy2/jars/org.mongodb.spark_mongo-spark-connector_2.12-10.5.0.jar to /tmp/spark-874bdc38-4f92-43d8-a0a9-866e317d0451/userFiles-26965d4d-48fe-4a35-9553-01112da2e070/org.mongodb.spark_mongo-spark-connector_2.12-10.5.0.jar
[2025-12-21T17:14:58.209+0000] {subprocess.py:93} INFO - 25/12/21 17:14:58 INFO SparkContext: Added file file:///home/***/.ivy2/jars/org.mongodb_mongodb-driver-sync-5.1.4.jar at spark://4a81c59a6e43:35729/files/org.mongodb_mongodb-driver-sync-5.1.4.jar with timestamp 1766337297408
[2025-12-21T17:14:58.209+0000] {subprocess.py:93} INFO - 25/12/21 17:14:58 INFO Utils: Copying /home/***/.ivy2/jars/org.mongodb_mongodb-driver-sync-5.1.4.jar to /tmp/spark-874bdc38-4f92-43d8-a0a9-866e317d0451/userFiles-26965d4d-48fe-4a35-9553-01112da2e070/org.mongodb_mongodb-driver-sync-5.1.4.jar
[2025-12-21T17:14:58.216+0000] {subprocess.py:93} INFO - 25/12/21 17:14:58 INFO SparkContext: Added file file:///home/***/.ivy2/jars/org.mongodb_bson-5.1.4.jar at spark://4a81c59a6e43:35729/files/org.mongodb_bson-5.1.4.jar with timestamp 1766337297408
[2025-12-21T17:14:58.216+0000] {subprocess.py:93} INFO - 25/12/21 17:14:58 INFO Utils: Copying /home/***/.ivy2/jars/org.mongodb_bson-5.1.4.jar to /tmp/spark-874bdc38-4f92-43d8-a0a9-866e317d0451/userFiles-26965d4d-48fe-4a35-9553-01112da2e070/org.mongodb_bson-5.1.4.jar
[2025-12-21T17:14:58.227+0000] {subprocess.py:93} INFO - 25/12/21 17:14:58 INFO SparkContext: Added file file:///home/***/.ivy2/jars/org.mongodb_mongodb-driver-core-5.1.4.jar at spark://4a81c59a6e43:35729/files/org.mongodb_mongodb-driver-core-5.1.4.jar with timestamp 1766337297408
[2025-12-21T17:14:58.228+0000] {subprocess.py:93} INFO - 25/12/21 17:14:58 INFO Utils: Copying /home/***/.ivy2/jars/org.mongodb_mongodb-driver-core-5.1.4.jar to /tmp/spark-874bdc38-4f92-43d8-a0a9-866e317d0451/userFiles-26965d4d-48fe-4a35-9553-01112da2e070/org.mongodb_mongodb-driver-core-5.1.4.jar
[2025-12-21T17:14:58.235+0000] {subprocess.py:93} INFO - 25/12/21 17:14:58 INFO SparkContext: Added file file:///home/***/.ivy2/jars/org.mongodb_bson-record-codec-5.1.4.jar at spark://4a81c59a6e43:35729/files/org.mongodb_bson-record-codec-5.1.4.jar with timestamp 1766337297408
[2025-12-21T17:14:58.235+0000] {subprocess.py:93} INFO - 25/12/21 17:14:58 INFO Utils: Copying /home/***/.ivy2/jars/org.mongodb_bson-record-codec-5.1.4.jar to /tmp/spark-874bdc38-4f92-43d8-a0a9-866e317d0451/userFiles-26965d4d-48fe-4a35-9553-01112da2e070/org.mongodb_bson-record-codec-5.1.4.jar
[2025-12-21T17:14:58.334+0000] {subprocess.py:93} INFO - 25/12/21 17:14:58 INFO StandaloneAppClient$ClientEndpoint: Connecting to master spark://spark-master:7077...
[2025-12-21T17:14:58.376+0000] {subprocess.py:93} INFO - 25/12/21 17:14:58 INFO TransportClientFactory: Successfully created connection to spark-master/172.18.0.2:7077 after 26 ms (0 ms spent in bootstraps)
[2025-12-21T17:14:58.452+0000] {subprocess.py:93} INFO - 25/12/21 17:14:58 INFO StandaloneSchedulerBackend: Connected to Spark cluster with app ID app-20251221171458-0007
[2025-12-21T17:14:58.459+0000] {subprocess.py:93} INFO - 25/12/21 17:14:58 INFO StandaloneAppClient$ClientEndpoint: Executor added: app-20251221171458-0007/0 on worker-20251221164216-172.18.0.5-41713 (172.18.0.5:41713) with 2 core(s)
[2025-12-21T17:14:58.466+0000] {subprocess.py:93} INFO - 25/12/21 17:14:58 INFO StandaloneSchedulerBackend: Granted executor ID app-20251221171458-0007/0 on hostPort 172.18.0.5:41713 with 2 core(s), 2.0 GiB RAM
[2025-12-21T17:14:58.475+0000] {subprocess.py:93} INFO - 25/12/21 17:14:58 INFO Utils: Successfully started service 'org.apache.spark.network.netty.NettyBlockTransferService' on port 43443.
[2025-12-21T17:14:58.476+0000] {subprocess.py:93} INFO - 25/12/21 17:14:58 INFO NettyBlockTransferService: Server created on 4a81c59a6e43:43443
[2025-12-21T17:14:58.476+0000] {subprocess.py:93} INFO - 25/12/21 17:14:58 INFO BlockManager: Using org.apache.spark.storage.RandomBlockReplicationPolicy for block replication policy
[2025-12-21T17:14:58.487+0000] {subprocess.py:93} INFO - 25/12/21 17:14:58 INFO BlockManagerMaster: Registering BlockManager BlockManagerId(driver, 4a81c59a6e43, 43443, None)
[2025-12-21T17:14:58.493+0000] {subprocess.py:93} INFO - 25/12/21 17:14:58 INFO BlockManagerMasterEndpoint: Registering block manager 4a81c59a6e43:43443 with 434.4 MiB RAM, BlockManagerId(driver, 4a81c59a6e43, 43443, None)
[2025-12-21T17:14:58.496+0000] {subprocess.py:93} INFO - 25/12/21 17:14:58 INFO BlockManagerMaster: Registered BlockManager BlockManagerId(driver, 4a81c59a6e43, 43443, None)
[2025-12-21T17:14:58.498+0000] {subprocess.py:93} INFO - 25/12/21 17:14:58 INFO BlockManager: Initialized BlockManager: BlockManagerId(driver, 4a81c59a6e43, 43443, None)
[2025-12-21T17:14:58.532+0000] {subprocess.py:93} INFO - 25/12/21 17:14:58 INFO StandaloneAppClient$ClientEndpoint: Executor updated: app-20251221171458-0007/0 is now RUNNING
[2025-12-21T17:14:58.955+0000] {subprocess.py:93} INFO - 25/12/21 17:14:58 INFO StandaloneSchedulerBackend: SchedulerBackend is ready for scheduling beginning after reached minRegisteredResourcesRatio: 0.0
[2025-12-21T17:14:59.242+0000] {subprocess.py:93} INFO - 25/12/21 17:14:59 INFO SharedState: Setting hive.metastore.warehouse.dir ('null') to the value of spark.sql.warehouse.dir.
[2025-12-21T17:14:59.243+0000] {subprocess.py:93} INFO - 25/12/21 17:14:59 INFO SharedState: Warehouse path is 'file:/tmp/***tmpf7gwwocc/spark-warehouse'.
[2025-12-21T17:15:01.029+0000] {subprocess.py:93} INFO - 25/12/21 17:15:01 INFO client: MongoClient with metadata {"driver": {"name": "mongo-java-driver|sync|mongo-spark-connector|source", "version": "5.1.4|10.5.0"}, "os": {"type": "Linux", "name": "Linux", "architecture": "amd64", "version": "6.8.0-90-generic"}, "platform": "Java/Debian/17.0.17+10-Debian-1deb12u1|Scala/2.12.18/Spark/3.5.1", "env": {"container": {"runtime": "docker"}}} created with settings MongoClientSettings{readPreference=primary, writeConcern=WriteConcern{w=null, wTimeout=null ms, journal=null}, retryWrites=true, retryReads=true, readConcern=ReadConcern{level=null}, credential=MongoCredential{mechanism=null, userName='admin', source='admin', password=<hidden>, mechanismProperties=<hidden>}, transportSettings=null, commandListeners=[], codecRegistry=ProvidersCodecRegistry{codecProviders=[ValueCodecProvider{}, BsonValueCodecProvider{}, DBRefCodecProvider{}, DBObjectCodecProvider{}, DocumentCodecProvider{}, CollectionCodecProvider{}, IterableCodecProvider{}, MapCodecProvider{}, GeoJsonCodecProvider{}, GridFSFileCodecProvider{}, Jsr310CodecProvider{}, JsonObjectCodecProvider{}, BsonCodecProvider{}, EnumCodecProvider{}, com.mongodb.client.model.mql.ExpressionCodecProvider@3d0ff2b9, com.mongodb.Jep395RecordCodecProvider@5a139f02, com.mongodb.KotlinCodecProvider@7a444dfc]}, loggerSettings=LoggerSettings{maxDocumentLength=1000}, clusterSettings={hosts=[mongodb:27017], srvServiceName=mongodb, mode=SINGLE, requiredClusterType=UNKNOWN, requiredReplicaSetName='null', serverSelector='null', clusterListeners='[]', serverSelectionTimeout='30000 ms', localThreshold='15 ms'}, socketSettings=SocketSettings{connectTimeoutMS=10000, readTimeoutMS=0, receiveBufferSize=0, proxySettings=ProxySettings{host=null, port=null, username=null, password=null}}, heartbeatSocketSettings=SocketSettings{connectTimeoutMS=10000, readTimeoutMS=10000, receiveBufferSize=0, proxySettings=ProxySettings{host=null, port=null, username=null, password=null}}, connectionPoolSettings=ConnectionPoolSettings{maxSize=100, minSize=0, maxWaitTimeMS=120000, maxConnectionLifeTimeMS=0, maxConnectionIdleTimeMS=0, maintenanceInitialDelayMS=0, maintenanceFrequencyMS=60000, connectionPoolListeners=[], maxConnecting=2}, serverSettings=ServerSettings{heartbeatFrequencyMS=10000, minHeartbeatFrequencyMS=500, serverMonitoringMode=AUTO, serverListeners='[]', serverMonitorListeners='[]'}, sslSettings=SslSettings{enabled=false, invalidHostNameAllowed=false, context=null}, applicationName='null', compressorList=[], uuidRepresentation=UNSPECIFIED, serverApi=null, autoEncryptionSettings=null, dnsClient=null, inetAddressResolver=null, contextProvider=null}
[2025-12-21T17:15:01.064+0000] {subprocess.py:93} INFO - 25/12/21 17:15:01 INFO cluster: Monitor thread successfully connected to server with description ServerDescription{address=mongodb:27017, type=STANDALONE, state=CONNECTED, ok=true, minWireVersion=0, maxWireVersion=21, maxDocumentSize=16777216, logicalSessionTimeoutMinutes=30, roundTripTimeNanos=36732860}
[2025-12-21T17:15:01.423+0000] {subprocess.py:93} INFO - 25/12/21 17:15:01 INFO MongoTable: Creating MongoTable: mongo-spark-connector-10.5.0
[2025-12-21T17:15:02.585+0000] {subprocess.py:93} INFO - 25/12/21 17:15:02 INFO V2ScanRelationPushDown:
[2025-12-21T17:15:02.585+0000] {subprocess.py:93} INFO - Output:
[2025-12-21T17:15:02.585+0000] {subprocess.py:93} INFO - 
[2025-12-21T17:15:02.844+0000] {subprocess.py:93} INFO - 25/12/21 17:15:02 INFO Partitioner: Getting collection stats for: services_publics.demandes
[2025-12-21T17:15:02.863+0000] {subprocess.py:93} INFO - 25/12/21 17:15:02 INFO Partitioner: Fewer documents (8829) than the calculated number of documents per partition (324873.0). Returning a single partition
[2025-12-21T17:15:02.901+0000] {subprocess.py:93} INFO - 25/12/21 17:15:02 INFO StandaloneSchedulerBackend$StandaloneDriverEndpoint: Registered executor NettyRpcEndpointRef(spark-client://Executor) (172.18.0.5:39372) with ID 0,  ResourceProfileId 0
[2025-12-21T17:15:02.950+0000] {subprocess.py:93} INFO - 25/12/21 17:15:02 INFO Partitioner: Getting collection stats for: services_publics.demandes
[2025-12-21T17:15:02.974+0000] {subprocess.py:93} INFO - 25/12/21 17:15:02 INFO Partitioner: Fewer documents (8829) than the calculated number of documents per partition (324873.0). Returning a single partition
[2025-12-21T17:15:03.013+0000] {subprocess.py:93} INFO - 25/12/21 17:15:03 INFO BlockManagerMasterEndpoint: Registering block manager 172.18.0.5:39275 with 1048.8 MiB RAM, BlockManagerId(0, 172.18.0.5, 39275, None)
[2025-12-21T17:15:03.642+0000] {subprocess.py:93} INFO - 25/12/21 17:15:03 INFO CodeGenerator: Code generated in 157.899945 ms
[2025-12-21T17:15:03.722+0000] {subprocess.py:93} INFO - 25/12/21 17:15:03 INFO DAGScheduler: Registering RDD 3 (count at NativeMethodAccessorImpl.java:0) as input to shuffle 0
[2025-12-21T17:15:03.732+0000] {subprocess.py:93} INFO - 25/12/21 17:15:03 INFO DAGScheduler: Got map stage job 0 (count at NativeMethodAccessorImpl.java:0) with 1 output partitions
[2025-12-21T17:15:03.732+0000] {subprocess.py:93} INFO - 25/12/21 17:15:03 INFO DAGScheduler: Final stage: ShuffleMapStage 0 (count at NativeMethodAccessorImpl.java:0)
[2025-12-21T17:15:03.732+0000] {subprocess.py:93} INFO - 25/12/21 17:15:03 INFO DAGScheduler: Parents of final stage: List()
[2025-12-21T17:15:03.733+0000] {subprocess.py:93} INFO - 25/12/21 17:15:03 INFO DAGScheduler: Missing parents: List()
[2025-12-21T17:15:03.736+0000] {subprocess.py:93} INFO - 25/12/21 17:15:03 INFO DAGScheduler: Submitting ShuffleMapStage 0 (MapPartitionsRDD[3] at count at NativeMethodAccessorImpl.java:0), which has no missing parents
[2025-12-21T17:15:03.830+0000] {subprocess.py:93} INFO - 25/12/21 17:15:03 INFO MemoryStore: Block broadcast_0 stored as values in memory (estimated size 14.3 KiB, free 434.4 MiB)
[2025-12-21T17:15:03.856+0000] {subprocess.py:93} INFO - 25/12/21 17:15:03 INFO MemoryStore: Block broadcast_0_piece0 stored as bytes in memory (estimated size 7.0 KiB, free 434.4 MiB)
[2025-12-21T17:15:03.858+0000] {subprocess.py:93} INFO - 25/12/21 17:15:03 INFO BlockManagerInfo: Added broadcast_0_piece0 in memory on 4a81c59a6e43:43443 (size: 7.0 KiB, free: 434.4 MiB)
[2025-12-21T17:15:03.863+0000] {subprocess.py:93} INFO - 25/12/21 17:15:03 INFO SparkContext: Created broadcast 0 from broadcast at DAGScheduler.scala:1585
[2025-12-21T17:15:03.874+0000] {subprocess.py:93} INFO - 25/12/21 17:15:03 INFO DAGScheduler: Submitting 1 missing tasks from ShuffleMapStage 0 (MapPartitionsRDD[3] at count at NativeMethodAccessorImpl.java:0) (first 15 tasks are for partitions Vector(0))
[2025-12-21T17:15:03.875+0000] {subprocess.py:93} INFO - 25/12/21 17:15:03 INFO TaskSchedulerImpl: Adding task set 0.0 with 1 tasks resource profile 0
[2025-12-21T17:15:03.908+0000] {subprocess.py:93} INFO - 25/12/21 17:15:03 INFO TaskSetManager: Starting task 0.0 in stage 0.0 (TID 0) (172.18.0.5, executor 0, partition 0, PROCESS_LOCAL, 8880 bytes)
[2025-12-21T17:15:04.234+0000] {subprocess.py:93} INFO - 25/12/21 17:15:04 INFO BlockManagerInfo: Added broadcast_0_piece0 in memory on 172.18.0.5:39275 (size: 7.0 KiB, free: 1048.8 MiB)
[2025-12-21T17:15:05.690+0000] {subprocess.py:93} INFO - 25/12/21 17:15:05 INFO TaskSetManager: Finished task 0.0 in stage 0.0 (TID 0) in 1799 ms on 172.18.0.5 (executor 0) (1/1)
[2025-12-21T17:15:05.693+0000] {subprocess.py:93} INFO - 25/12/21 17:15:05 INFO TaskSchedulerImpl: Removed TaskSet 0.0, whose tasks have all completed, from pool
[2025-12-21T17:15:05.706+0000] {subprocess.py:93} INFO - 25/12/21 17:15:05 INFO DAGScheduler: ShuffleMapStage 0 (count at NativeMethodAccessorImpl.java:0) finished in 1.949 s
[2025-12-21T17:15:05.706+0000] {subprocess.py:93} INFO - 25/12/21 17:15:05 INFO DAGScheduler: looking for newly runnable stages
[2025-12-21T17:15:05.706+0000] {subprocess.py:93} INFO - 25/12/21 17:15:05 INFO DAGScheduler: running: Set()
[2025-12-21T17:15:05.706+0000] {subprocess.py:93} INFO - 25/12/21 17:15:05 INFO DAGScheduler: waiting: Set()
[2025-12-21T17:15:05.706+0000] {subprocess.py:93} INFO - 25/12/21 17:15:05 INFO DAGScheduler: failed: Set()
[2025-12-21T17:15:05.788+0000] {subprocess.py:93} INFO - 25/12/21 17:15:05 INFO CodeGenerator: Code generated in 24.018585 ms
[2025-12-21T17:15:05.855+0000] {subprocess.py:93} INFO - 25/12/21 17:15:05 INFO SparkContext: Starting job: count at NativeMethodAccessorImpl.java:0
[2025-12-21T17:15:05.864+0000] {subprocess.py:93} INFO - 25/12/21 17:15:05 INFO DAGScheduler: Got job 1 (count at NativeMethodAccessorImpl.java:0) with 1 output partitions
[2025-12-21T17:15:05.867+0000] {subprocess.py:93} INFO - 25/12/21 17:15:05 INFO DAGScheduler: Final stage: ResultStage 2 (count at NativeMethodAccessorImpl.java:0)
[2025-12-21T17:15:05.868+0000] {subprocess.py:93} INFO - 25/12/21 17:15:05 INFO DAGScheduler: Parents of final stage: List(ShuffleMapStage 1)
[2025-12-21T17:15:05.868+0000] {subprocess.py:93} INFO - 25/12/21 17:15:05 INFO DAGScheduler: Missing parents: List()
[2025-12-21T17:15:05.870+0000] {subprocess.py:93} INFO - 25/12/21 17:15:05 INFO DAGScheduler: Submitting ResultStage 2 (MapPartitionsRDD[6] at count at NativeMethodAccessorImpl.java:0), which has no missing parents
[2025-12-21T17:15:05.899+0000] {subprocess.py:93} INFO - 25/12/21 17:15:05 INFO MemoryStore: Block broadcast_1 stored as values in memory (estimated size 12.5 KiB, free 434.4 MiB)
[2025-12-21T17:15:05.920+0000] {subprocess.py:93} INFO - 25/12/21 17:15:05 INFO MemoryStore: Block broadcast_1_piece0 stored as bytes in memory (estimated size 5.9 KiB, free 434.4 MiB)
[2025-12-21T17:15:05.920+0000] {subprocess.py:93} INFO - 25/12/21 17:15:05 INFO BlockManagerInfo: Added broadcast_1_piece0 in memory on 4a81c59a6e43:43443 (size: 5.9 KiB, free: 434.4 MiB)
[2025-12-21T17:15:05.921+0000] {subprocess.py:93} INFO - 25/12/21 17:15:05 INFO SparkContext: Created broadcast 1 from broadcast at DAGScheduler.scala:1585
[2025-12-21T17:15:05.923+0000] {subprocess.py:93} INFO - 25/12/21 17:15:05 INFO DAGScheduler: Submitting 1 missing tasks from ResultStage 2 (MapPartitionsRDD[6] at count at NativeMethodAccessorImpl.java:0) (first 15 tasks are for partitions Vector(0))
[2025-12-21T17:15:05.924+0000] {subprocess.py:93} INFO - 25/12/21 17:15:05 INFO TaskSchedulerImpl: Adding task set 2.0 with 1 tasks resource profile 0
[2025-12-21T17:15:05.930+0000] {subprocess.py:93} INFO - 25/12/21 17:15:05 INFO TaskSetManager: Starting task 0.0 in stage 2.0 (TID 1) (172.18.0.5, executor 0, partition 0, NODE_LOCAL, 8635 bytes)
[2025-12-21T17:15:05.945+0000] {subprocess.py:93} INFO - 25/12/21 17:15:05 INFO BlockManagerInfo: Removed broadcast_0_piece0 on 4a81c59a6e43:43443 in memory (size: 7.0 KiB, free: 434.4 MiB)
[2025-12-21T17:15:05.979+0000] {subprocess.py:93} INFO - 25/12/21 17:15:05 INFO BlockManagerInfo: Removed broadcast_0_piece0 on 172.18.0.5:39275 in memory (size: 7.0 KiB, free: 1048.8 MiB)
[2025-12-21T17:15:05.989+0000] {subprocess.py:93} INFO - 25/12/21 17:15:05 INFO BlockManagerInfo: Added broadcast_1_piece0 in memory on 172.18.0.5:39275 (size: 5.9 KiB, free: 1048.8 MiB)
[2025-12-21T17:15:06.092+0000] {subprocess.py:93} INFO - 25/12/21 17:15:06 INFO MapOutputTrackerMasterEndpoint: Asked to send map output locations for shuffle 0 to 172.18.0.5:39372
[2025-12-21T17:15:06.234+0000] {subprocess.py:93} INFO - 25/12/21 17:15:06 INFO TaskSetManager: Finished task 0.0 in stage 2.0 (TID 1) in 304 ms on 172.18.0.5 (executor 0) (1/1)
[2025-12-21T17:15:06.235+0000] {subprocess.py:93} INFO - 25/12/21 17:15:06 INFO TaskSchedulerImpl: Removed TaskSet 2.0, whose tasks have all completed, from pool
[2025-12-21T17:15:06.240+0000] {subprocess.py:93} INFO - 25/12/21 17:15:06 INFO DAGScheduler: ResultStage 2 (count at NativeMethodAccessorImpl.java:0) finished in 0.353 s
[2025-12-21T17:15:06.240+0000] {subprocess.py:93} INFO - 25/12/21 17:15:06 INFO DAGScheduler: Job 1 is finished. Cancelling potential speculative or zombie tasks for this job
[2025-12-21T17:15:06.241+0000] {subprocess.py:93} INFO - 25/12/21 17:15:06 INFO TaskSchedulerImpl: Killing all running tasks in stage 2: Stage finished
[2025-12-21T17:15:06.242+0000] {subprocess.py:93} INFO - 25/12/21 17:15:06 INFO DAGScheduler: Job 1 finished: count at NativeMethodAccessorImpl.java:0, took 0.380679 s
[2025-12-21T17:15:06.247+0000] {subprocess.py:93} INFO - 📥 Nombre de documents MongoDB : 8829
[2025-12-21T17:15:06.248+0000] {subprocess.py:93} INFO - 
[2025-12-21T17:15:06.248+0000] {subprocess.py:93} INFO - 📋 Schéma MongoDB :
[2025-12-21T17:15:06.249+0000] {subprocess.py:93} INFO - root
[2025-12-21T17:15:06.250+0000] {subprocess.py:93} INFO -  |-- _id: string (nullable = true)
[2025-12-21T17:15:06.250+0000] {subprocess.py:93} INFO -  |-- category: string (nullable = true)
[2025-12-21T17:15:06.250+0000] {subprocess.py:93} INFO -  |-- city: string (nullable = true)
[2025-12-21T17:15:06.250+0000] {subprocess.py:93} INFO -  |-- comment: void (nullable = true)
[2025-12-21T17:15:06.250+0000] {subprocess.py:93} INFO -  |-- created: string (nullable = true)
[2025-12-21T17:15:06.250+0000] {subprocess.py:93} INFO -  |-- created_at: string (nullable = true)
[2025-12-21T17:15:06.250+0000] {subprocess.py:93} INFO -  |-- date: integer (nullable = true)
[2025-12-21T17:15:06.250+0000] {subprocess.py:93} INFO -  |-- date_creation: string (nullable = true)
[2025-12-21T17:15:06.253+0000] {subprocess.py:93} INFO -  |-- date_signalement: string (nullable = true)
[2025-12-21T17:15:06.253+0000] {subprocess.py:93} INFO -  |-- delai_traitement: integer (nullable = true)
[2025-12-21T17:15:06.253+0000] {subprocess.py:93} INFO -  |-- description: string (nullable = true)
[2025-12-21T17:15:06.253+0000] {subprocess.py:93} INFO -  |-- district: string (nullable = true)
[2025-12-21T17:15:06.253+0000] {subprocess.py:93} INFO -  |-- event: struct (nullable = true)
[2025-12-21T17:15:06.253+0000] {subprocess.py:93} INFO -  |    |-- id: string (nullable = true)
[2025-12-21T17:15:06.253+0000] {subprocess.py:93} INFO -  |    |-- timestamp: double (nullable = true)
[2025-12-21T17:15:06.253+0000] {subprocess.py:93} INFO -  |    |-- payload: struct (nullable = true)
[2025-12-21T17:15:06.254+0000] {subprocess.py:93} INFO -  |    |    |-- type: string (nullable = true)
[2025-12-21T17:15:06.254+0000] {subprocess.py:93} INFO -  |    |    |-- commune: string (nullable = true)
[2025-12-21T17:15:06.254+0000] {subprocess.py:93} INFO -  |    |    |-- quartier: string (nullable = true)
[2025-12-21T17:15:06.254+0000] {subprocess.py:93} INFO -  |-- event_date: string (nullable = true)
[2025-12-21T17:15:06.254+0000] {subprocess.py:93} INFO -  |-- geo: string (nullable = true)
[2025-12-21T17:15:06.254+0000] {subprocess.py:93} INFO -  |-- id: string (nullable = true)
[2025-12-21T17:15:06.254+0000] {subprocess.py:93} INFO -  |-- localisation: string (nullable = true)
[2025-12-21T17:15:06.254+0000] {subprocess.py:93} INFO -  |-- location: struct (nullable = true)
[2025-12-21T17:15:06.254+0000] {subprocess.py:93} INFO -  |    |-- commune: string (nullable = true)
[2025-12-21T17:15:06.254+0000] {subprocess.py:93} INFO -  |-- metadata: struct (nullable = true)
[2025-12-21T17:15:06.255+0000] {subprocess.py:93} INFO -  |    |-- source: string (nullable = true)
[2025-12-21T17:15:06.255+0000] {subprocess.py:93} INFO -  |    |-- ingestion_date: string (nullable = true)
[2025-12-21T17:15:06.255+0000] {subprocess.py:93} INFO -  |-- ref: string (nullable = true)
[2025-12-21T17:15:06.255+0000] {subprocess.py:93} INFO -  |-- request_id: string (nullable = true)
[2025-12-21T17:15:06.256+0000] {subprocess.py:93} INFO -  |-- service: string (nullable = true)
[2025-12-21T17:15:06.256+0000] {subprocess.py:93} INFO -  |-- service_type: string (nullable = true)
[2025-12-21T17:15:06.256+0000] {subprocess.py:93} INFO -  |-- state: string (nullable = true)
[2025-12-21T17:15:06.256+0000] {subprocess.py:93} INFO -  |-- status: string (nullable = true)
[2025-12-21T17:15:06.256+0000] {subprocess.py:93} INFO -  |-- statut: string (nullable = true)
[2025-12-21T17:15:06.256+0000] {subprocess.py:93} INFO -  |-- type: string (nullable = true)
[2025-12-21T17:15:06.256+0000] {subprocess.py:93} INFO -  |-- type_demande: string (nullable = true)
[2025-12-21T17:15:06.256+0000] {subprocess.py:93} INFO - 
[2025-12-21T17:15:06.593+0000] {subprocess.py:93} INFO - Traceback (most recent call last):
[2025-12-21T17:15:06.593+0000] {subprocess.py:93} INFO -   File "/opt/***/spark_jobs/ingestion.py", line 52, in <module>
[2025-12-21T17:15:06.594+0000] {subprocess.py:93} INFO -     .withColumn(
[2025-12-21T17:15:06.594+0000] {subprocess.py:93} INFO -   File "/opt/spark/python/lib/pyspark.zip/pyspark/sql/dataframe.py", line 5174, in withColumn
[2025-12-21T17:15:06.594+0000] {subprocess.py:93} INFO -   File "/opt/spark/python/lib/py4j-0.10.9.7-src.zip/py4j/java_gateway.py", line 1322, in __call__
[2025-12-21T17:15:06.594+0000] {subprocess.py:93} INFO -   File "/opt/spark/python/lib/pyspark.zip/pyspark/errors/exceptions/captured.py", line 185, in deco
[2025-12-21T17:15:06.601+0000] {subprocess.py:93} INFO - pyspark.errors.exceptions.captured.AnalysisException: [INVALID_EXTRACT_BASE_FIELD_TYPE] Can't extract a value from "localisation". Need a complex type [STRUCT, ARRAY, MAP] but got "STRING".
[2025-12-21T17:15:06.666+0000] {subprocess.py:93} INFO - 25/12/21 17:15:06 INFO SparkContext: Invoking stop() from shutdown hook
[2025-12-21T17:15:06.668+0000] {subprocess.py:93} INFO - 25/12/21 17:15:06 INFO SparkContext: SparkContext is stopping with exitCode 0.
[2025-12-21T17:15:06.682+0000] {subprocess.py:93} INFO - 25/12/21 17:15:06 INFO SparkUI: Stopped Spark web UI at http://4a81c59a6e43:4040
[2025-12-21T17:15:06.687+0000] {subprocess.py:93} INFO - 25/12/21 17:15:06 INFO StandaloneSchedulerBackend: Shutting down all executors
[2025-12-21T17:15:06.691+0000] {subprocess.py:93} INFO - 25/12/21 17:15:06 INFO StandaloneSchedulerBackend$StandaloneDriverEndpoint: Asking each executor to shut down
[2025-12-21T17:15:06.735+0000] {subprocess.py:93} INFO - 25/12/21 17:15:06 INFO MapOutputTrackerMasterEndpoint: MapOutputTrackerMasterEndpoint stopped!
[2025-12-21T17:15:06.764+0000] {subprocess.py:93} INFO - 25/12/21 17:15:06 INFO MemoryStore: MemoryStore cleared
[2025-12-21T17:15:06.765+0000] {subprocess.py:93} INFO - 25/12/21 17:15:06 INFO BlockManager: BlockManager stopped
[2025-12-21T17:15:06.771+0000] {subprocess.py:93} INFO - 25/12/21 17:15:06 INFO BlockManagerMaster: BlockManagerMaster stopped
[2025-12-21T17:15:06.773+0000] {subprocess.py:93} INFO - 25/12/21 17:15:06 INFO OutputCommitCoordinator$OutputCommitCoordinatorEndpoint: OutputCommitCoordinator stopped!
[2025-12-21T17:15:06.791+0000] {subprocess.py:93} INFO - 25/12/21 17:15:06 INFO SparkContext: Successfully stopped SparkContext
[2025-12-21T17:15:06.791+0000] {subprocess.py:93} INFO - 25/12/21 17:15:06 INFO ShutdownHookManager: Shutdown hook called
[2025-12-21T17:15:06.793+0000] {subprocess.py:93} INFO - 25/12/21 17:15:06 INFO ShutdownHookManager: Deleting directory /tmp/spark-874bdc38-4f92-43d8-a0a9-866e317d0451
[2025-12-21T17:15:06.800+0000] {subprocess.py:93} INFO - 25/12/21 17:15:06 INFO ShutdownHookManager: Deleting directory /tmp/spark-bcff2370-ee93-4f68-9ab4-9142bf3b622e
[2025-12-21T17:15:06.806+0000] {subprocess.py:93} INFO - 25/12/21 17:15:06 INFO ShutdownHookManager: Deleting directory /tmp/spark-874bdc38-4f92-43d8-a0a9-866e317d0451/pyspark-7b5ecf8f-d788-4028-8379-3b455f3d2278
[2025-12-21T17:15:07.228+0000] {subprocess.py:97} INFO - Command exited with return code 1
[2025-12-21T17:15:07.255+0000] {taskinstance.py:2699} ERROR - Task failed with exception
Traceback (most recent call last):
  File "/home/airflow/.local/lib/python3.10/site-packages/airflow/models/taskinstance.py", line 433, in _execute_task
    result = execute_callable(context=context, **execute_callable_kwargs)
  File "/home/airflow/.local/lib/python3.10/site-packages/airflow/operators/bash.py", line 212, in execute
    raise AirflowException(
airflow.exceptions.AirflowException: Bash command failed. The command returned a non-zero exit code 1.
[2025-12-21T17:15:07.260+0000] {taskinstance.py:1138} INFO - Marking task as UP_FOR_RETRY. dag_id=pipeline_services_publics_togo, task_id=ingestion_mongodb, execution_date=20251221T170921, start_date=20251221T171449, end_date=20251221T171507
[2025-12-21T17:15:07.274+0000] {standard_task_runner.py:107} ERROR - Failed to execute job 40 for task ingestion_mongodb (Bash command failed. The command returned a non-zero exit code 1.; 556)
[2025-12-21T17:15:07.286+0000] {local_task_job_runner.py:234} INFO - Task exited with return code 1
[2025-12-21T17:15:07.315+0000] {taskinstance.py:3281} INFO - 0 downstream tasks scheduled from follow-on schedule check
