[2025-12-21T17:09:29.129+0000] {taskinstance.py:1957} INFO - Dependencies all met for dep_context=non-requeueable deps ti=<TaskInstance: pipeline_services_publics_togo.ingestion_mongodb manual__2025-12-21T17:09:21.884495+00:00 [queued]>
[2025-12-21T17:09:29.148+0000] {taskinstance.py:1957} INFO - Dependencies all met for dep_context=requeueable deps ti=<TaskInstance: pipeline_services_publics_togo.ingestion_mongodb manual__2025-12-21T17:09:21.884495+00:00 [queued]>
[2025-12-21T17:09:29.148+0000] {taskinstance.py:2171} INFO - Starting attempt 1 of 3
[2025-12-21T17:09:29.172+0000] {taskinstance.py:2192} INFO - Executing <Task(BashOperator): ingestion_mongodb> on 2025-12-21 17:09:21.884495+00:00
[2025-12-21T17:09:29.181+0000] {standard_task_runner.py:60} INFO - Started process 341 to run task
[2025-12-21T17:09:29.187+0000] {standard_task_runner.py:87} INFO - Running: ['***', 'tasks', 'run', 'pipeline_services_publics_togo', 'ingestion_mongodb', 'manual__2025-12-21T17:09:21.884495+00:00', '--job-id', '39', '--raw', '--subdir', 'DAGS_FOLDER/pipeline_services_publics.py', '--cfg-path', '/tmp/tmpnivygo0t']
[2025-12-21T17:09:29.192+0000] {standard_task_runner.py:88} INFO - Job 39: Subtask ingestion_mongodb
[2025-12-21T17:09:29.266+0000] {task_command.py:423} INFO - Running <TaskInstance: pipeline_services_publics_togo.ingestion_mongodb manual__2025-12-21T17:09:21.884495+00:00 [running]> on host 4a81c59a6e43
[2025-12-21T17:09:29.392+0000] {taskinstance.py:2481} INFO - Exporting env vars: AIRFLOW_CTX_DAG_OWNER='data-engineer' AIRFLOW_CTX_DAG_ID='pipeline_services_publics_togo' AIRFLOW_CTX_TASK_ID='ingestion_mongodb' AIRFLOW_CTX_EXECUTION_DATE='2025-12-21T17:09:21.884495+00:00' AIRFLOW_CTX_TRY_NUMBER='1' AIRFLOW_CTX_DAG_RUN_ID='manual__2025-12-21T17:09:21.884495+00:00'
[2025-12-21T17:09:29.393+0000] {subprocess.py:63} INFO - Tmp dir root location: /tmp
[2025-12-21T17:09:29.394+0000] {subprocess.py:75} INFO - Running command: ['/usr/bin/bash', '-c', '\n    /opt/spark/bin/spark-submit       --master spark://spark-master:7077       --packages org.mongodb.spark:mongo-spark-connector_2.12:10.5.0       --executor-memory 2G       --driver-memory 1G       /opt/***/spark_jobs/ingestion.py\n    ']
[2025-12-21T17:09:29.418+0000] {subprocess.py:86} INFO - Output:
[2025-12-21T17:09:32.210+0000] {subprocess.py:93} INFO - :: loading settings :: url = jar:file:/opt/spark/jars/ivy-2.5.1.jar!/org/apache/ivy/core/settings/ivysettings.xml
[2025-12-21T17:09:32.366+0000] {subprocess.py:93} INFO - Ivy Default Cache set to: /home/***/.ivy2/cache
[2025-12-21T17:09:32.366+0000] {subprocess.py:93} INFO - The jars for the packages stored in: /home/***/.ivy2/jars
[2025-12-21T17:09:32.372+0000] {subprocess.py:93} INFO - org.mongodb.spark#mongo-spark-connector_2.12 added as a dependency
[2025-12-21T17:09:32.375+0000] {subprocess.py:93} INFO - :: resolving dependencies :: org.apache.spark#spark-submit-parent-e9a6cf7e-26b7-4f76-a838-b3226aae1825;1.0
[2025-12-21T17:09:32.375+0000] {subprocess.py:93} INFO - 	confs: [default]
[2025-12-21T17:09:32.493+0000] {subprocess.py:93} INFO - 	found org.mongodb.spark#mongo-spark-connector_2.12;10.5.0 in central
[2025-12-21T17:09:36.656+0000] {subprocess.py:93} INFO - 	found org.mongodb#mongodb-driver-sync;5.1.4 in central
[2025-12-21T17:09:36.657+0000] {subprocess.py:93} INFO - 	[5.1.4] org.mongodb#mongodb-driver-sync;[5.1.1,5.1.99)
[2025-12-21T17:09:36.730+0000] {subprocess.py:93} INFO - 	found org.mongodb#bson;5.1.4 in central
[2025-12-21T17:09:36.845+0000] {subprocess.py:93} INFO - 	found org.mongodb#mongodb-driver-core;5.1.4 in central
[2025-12-21T17:09:36.925+0000] {subprocess.py:93} INFO - 	found org.mongodb#bson-record-codec;5.1.4 in central
[2025-12-21T17:09:36.967+0000] {subprocess.py:93} INFO - :: resolution report :: resolve 4573ms :: artifacts dl 20ms
[2025-12-21T17:09:36.967+0000] {subprocess.py:93} INFO - 	:: modules in use:
[2025-12-21T17:09:36.969+0000] {subprocess.py:93} INFO - 	org.mongodb#bson;5.1.4 from central in [default]
[2025-12-21T17:09:36.969+0000] {subprocess.py:93} INFO - 	org.mongodb#bson-record-codec;5.1.4 from central in [default]
[2025-12-21T17:09:36.969+0000] {subprocess.py:93} INFO - 	org.mongodb#mongodb-driver-core;5.1.4 from central in [default]
[2025-12-21T17:09:36.969+0000] {subprocess.py:93} INFO - 	org.mongodb#mongodb-driver-sync;5.1.4 from central in [default]
[2025-12-21T17:09:36.970+0000] {subprocess.py:93} INFO - 	org.mongodb.spark#mongo-spark-connector_2.12;10.5.0 from central in [default]
[2025-12-21T17:09:36.970+0000] {subprocess.py:93} INFO - 	---------------------------------------------------------------------
[2025-12-21T17:09:36.970+0000] {subprocess.py:93} INFO - 	|                  |            modules            ||   artifacts   |
[2025-12-21T17:09:36.970+0000] {subprocess.py:93} INFO - 	|       conf       | number| search|dwnlded|evicted|| number|dwnlded|
[2025-12-21T17:09:36.970+0000] {subprocess.py:93} INFO - 	---------------------------------------------------------------------
[2025-12-21T17:09:36.970+0000] {subprocess.py:93} INFO - 	|      default     |   5   |   1   |   0   |   0   ||   5   |   0   |
[2025-12-21T17:09:36.970+0000] {subprocess.py:93} INFO - 	---------------------------------------------------------------------
[2025-12-21T17:09:36.986+0000] {subprocess.py:93} INFO - :: retrieving :: org.apache.spark#spark-submit-parent-e9a6cf7e-26b7-4f76-a838-b3226aae1825
[2025-12-21T17:09:36.987+0000] {subprocess.py:93} INFO - 	confs: [default]
[2025-12-21T17:09:36.996+0000] {subprocess.py:93} INFO - 	0 artifacts copied, 5 already retrieved (0kB/14ms)
[2025-12-21T17:09:37.246+0000] {subprocess.py:93} INFO - 25/12/21 17:09:37 WARN NativeCodeLoader: Unable to load native-hadoop library for your platform... using builtin-java classes where applicable
[2025-12-21T17:09:38.535+0000] {subprocess.py:93} INFO - 25/12/21 17:09:38 INFO SparkContext: Running Spark version 3.5.1
[2025-12-21T17:09:38.541+0000] {subprocess.py:93} INFO - 25/12/21 17:09:38 INFO SparkContext: OS info Linux, 6.8.0-90-generic, amd64
[2025-12-21T17:09:38.546+0000] {subprocess.py:93} INFO - 25/12/21 17:09:38 INFO SparkContext: Java version 17.0.17
[2025-12-21T17:09:38.659+0000] {subprocess.py:93} INFO - 25/12/21 17:09:38 INFO ResourceUtils: ==============================================================
[2025-12-21T17:09:38.661+0000] {subprocess.py:93} INFO - 25/12/21 17:09:38 INFO ResourceUtils: No custom resources configured for spark.driver.
[2025-12-21T17:09:38.664+0000] {subprocess.py:93} INFO - 25/12/21 17:09:38 INFO ResourceUtils: ==============================================================
[2025-12-21T17:09:38.664+0000] {subprocess.py:93} INFO - 25/12/21 17:09:38 INFO SparkContext: Submitted application: Ingestion_MongoDB_Raw
[2025-12-21T17:09:38.695+0000] {subprocess.py:93} INFO - 25/12/21 17:09:38 INFO ResourceProfile: Default ResourceProfile created, executor resources: Map(memory -> name: memory, amount: 2048, script: , vendor: , offHeap -> name: offHeap, amount: 0, script: , vendor: ), task resources: Map(cpus -> name: cpus, amount: 1.0)
[2025-12-21T17:09:38.703+0000] {subprocess.py:93} INFO - 25/12/21 17:09:38 INFO ResourceProfile: Limiting resource is cpu
[2025-12-21T17:09:38.704+0000] {subprocess.py:93} INFO - 25/12/21 17:09:38 INFO ResourceProfileManager: Added ResourceProfile id: 0
[2025-12-21T17:09:38.765+0000] {subprocess.py:93} INFO - 25/12/21 17:09:38 INFO SecurityManager: Changing view acls to: ***
[2025-12-21T17:09:38.766+0000] {subprocess.py:93} INFO - 25/12/21 17:09:38 INFO SecurityManager: Changing modify acls to: ***
[2025-12-21T17:09:38.766+0000] {subprocess.py:93} INFO - 25/12/21 17:09:38 INFO SecurityManager: Changing view acls groups to:
[2025-12-21T17:09:38.767+0000] {subprocess.py:93} INFO - 25/12/21 17:09:38 INFO SecurityManager: Changing modify acls groups to:
[2025-12-21T17:09:38.767+0000] {subprocess.py:93} INFO - 25/12/21 17:09:38 INFO SecurityManager: SecurityManager: authentication disabled; ui acls disabled; users with view permissions: ***; groups with view permissions: EMPTY; users with modify permissions: ***; groups with modify permissions: EMPTY
[2025-12-21T17:09:39.170+0000] {subprocess.py:93} INFO - 25/12/21 17:09:39 INFO Utils: Successfully started service 'sparkDriver' on port 45395.
[2025-12-21T17:09:39.201+0000] {subprocess.py:93} INFO - 25/12/21 17:09:39 INFO SparkEnv: Registering MapOutputTracker
[2025-12-21T17:09:39.237+0000] {subprocess.py:93} INFO - 25/12/21 17:09:39 INFO SparkEnv: Registering BlockManagerMaster
[2025-12-21T17:09:39.258+0000] {subprocess.py:93} INFO - 25/12/21 17:09:39 INFO BlockManagerMasterEndpoint: Using org.apache.spark.storage.DefaultTopologyMapper for getting topology information
[2025-12-21T17:09:39.259+0000] {subprocess.py:93} INFO - 25/12/21 17:09:39 INFO BlockManagerMasterEndpoint: BlockManagerMasterEndpoint up
[2025-12-21T17:09:39.262+0000] {subprocess.py:93} INFO - 25/12/21 17:09:39 INFO SparkEnv: Registering BlockManagerMasterHeartbeat
[2025-12-21T17:09:39.285+0000] {subprocess.py:93} INFO - 25/12/21 17:09:39 INFO DiskBlockManager: Created local directory at /tmp/blockmgr-c8c4e6cb-11a7-4959-ac8e-a0742cf556f2
[2025-12-21T17:09:39.303+0000] {subprocess.py:93} INFO - 25/12/21 17:09:39 INFO MemoryStore: MemoryStore started with capacity 434.4 MiB
[2025-12-21T17:09:39.320+0000] {subprocess.py:93} INFO - 25/12/21 17:09:39 INFO SparkEnv: Registering OutputCommitCoordinator
[2025-12-21T17:09:39.469+0000] {subprocess.py:93} INFO - 25/12/21 17:09:39 INFO JettyUtils: Start Jetty 0.0.0.0:4040 for SparkUI
[2025-12-21T17:09:39.569+0000] {subprocess.py:93} INFO - 25/12/21 17:09:39 INFO Utils: Successfully started service 'SparkUI' on port 4040.
[2025-12-21T17:09:39.616+0000] {subprocess.py:93} INFO - 25/12/21 17:09:39 INFO SparkContext: Added JAR file:///home/***/.ivy2/jars/org.mongodb.spark_mongo-spark-connector_2.12-10.5.0.jar at spark://4a81c59a6e43:45395/jars/org.mongodb.spark_mongo-spark-connector_2.12-10.5.0.jar with timestamp 1766336978509
[2025-12-21T17:09:39.616+0000] {subprocess.py:93} INFO - 25/12/21 17:09:39 INFO SparkContext: Added JAR file:///home/***/.ivy2/jars/org.mongodb_mongodb-driver-sync-5.1.4.jar at spark://4a81c59a6e43:45395/jars/org.mongodb_mongodb-driver-sync-5.1.4.jar with timestamp 1766336978509
[2025-12-21T17:09:39.616+0000] {subprocess.py:93} INFO - 25/12/21 17:09:39 INFO SparkContext: Added JAR file:///home/***/.ivy2/jars/org.mongodb_bson-5.1.4.jar at spark://4a81c59a6e43:45395/jars/org.mongodb_bson-5.1.4.jar with timestamp 1766336978509
[2025-12-21T17:09:39.616+0000] {subprocess.py:93} INFO - 25/12/21 17:09:39 INFO SparkContext: Added JAR file:///home/***/.ivy2/jars/org.mongodb_mongodb-driver-core-5.1.4.jar at spark://4a81c59a6e43:45395/jars/org.mongodb_mongodb-driver-core-5.1.4.jar with timestamp 1766336978509
[2025-12-21T17:09:39.617+0000] {subprocess.py:93} INFO - 25/12/21 17:09:39 INFO SparkContext: Added JAR file:///home/***/.ivy2/jars/org.mongodb_bson-record-codec-5.1.4.jar at spark://4a81c59a6e43:45395/jars/org.mongodb_bson-record-codec-5.1.4.jar with timestamp 1766336978509
[2025-12-21T17:09:39.622+0000] {subprocess.py:93} INFO - 25/12/21 17:09:39 INFO SparkContext: Added file file:///home/***/.ivy2/jars/org.mongodb.spark_mongo-spark-connector_2.12-10.5.0.jar at spark://4a81c59a6e43:45395/files/org.mongodb.spark_mongo-spark-connector_2.12-10.5.0.jar with timestamp 1766336978509
[2025-12-21T17:09:39.624+0000] {subprocess.py:93} INFO - 25/12/21 17:09:39 INFO Utils: Copying /home/***/.ivy2/jars/org.mongodb.spark_mongo-spark-connector_2.12-10.5.0.jar to /tmp/spark-a8b0e66c-807f-4d30-96ba-54ee93ecf206/userFiles-88e8b561-3c1c-4260-bfc5-88e660dd59ca/org.mongodb.spark_mongo-spark-connector_2.12-10.5.0.jar
[2025-12-21T17:09:39.636+0000] {subprocess.py:93} INFO - 25/12/21 17:09:39 INFO SparkContext: Added file file:///home/***/.ivy2/jars/org.mongodb_mongodb-driver-sync-5.1.4.jar at spark://4a81c59a6e43:45395/files/org.mongodb_mongodb-driver-sync-5.1.4.jar with timestamp 1766336978509
[2025-12-21T17:09:39.636+0000] {subprocess.py:93} INFO - 25/12/21 17:09:39 INFO Utils: Copying /home/***/.ivy2/jars/org.mongodb_mongodb-driver-sync-5.1.4.jar to /tmp/spark-a8b0e66c-807f-4d30-96ba-54ee93ecf206/userFiles-88e8b561-3c1c-4260-bfc5-88e660dd59ca/org.mongodb_mongodb-driver-sync-5.1.4.jar
[2025-12-21T17:09:39.644+0000] {subprocess.py:93} INFO - 25/12/21 17:09:39 INFO SparkContext: Added file file:///home/***/.ivy2/jars/org.mongodb_bson-5.1.4.jar at spark://4a81c59a6e43:45395/files/org.mongodb_bson-5.1.4.jar with timestamp 1766336978509
[2025-12-21T17:09:39.648+0000] {subprocess.py:93} INFO - 25/12/21 17:09:39 INFO Utils: Copying /home/***/.ivy2/jars/org.mongodb_bson-5.1.4.jar to /tmp/spark-a8b0e66c-807f-4d30-96ba-54ee93ecf206/userFiles-88e8b561-3c1c-4260-bfc5-88e660dd59ca/org.mongodb_bson-5.1.4.jar
[2025-12-21T17:09:39.656+0000] {subprocess.py:93} INFO - 25/12/21 17:09:39 INFO SparkContext: Added file file:///home/***/.ivy2/jars/org.mongodb_mongodb-driver-core-5.1.4.jar at spark://4a81c59a6e43:45395/files/org.mongodb_mongodb-driver-core-5.1.4.jar with timestamp 1766336978509
[2025-12-21T17:09:39.656+0000] {subprocess.py:93} INFO - 25/12/21 17:09:39 INFO Utils: Copying /home/***/.ivy2/jars/org.mongodb_mongodb-driver-core-5.1.4.jar to /tmp/spark-a8b0e66c-807f-4d30-96ba-54ee93ecf206/userFiles-88e8b561-3c1c-4260-bfc5-88e660dd59ca/org.mongodb_mongodb-driver-core-5.1.4.jar
[2025-12-21T17:09:39.662+0000] {subprocess.py:93} INFO - 25/12/21 17:09:39 INFO SparkContext: Added file file:///home/***/.ivy2/jars/org.mongodb_bson-record-codec-5.1.4.jar at spark://4a81c59a6e43:45395/files/org.mongodb_bson-record-codec-5.1.4.jar with timestamp 1766336978509
[2025-12-21T17:09:39.663+0000] {subprocess.py:93} INFO - 25/12/21 17:09:39 INFO Utils: Copying /home/***/.ivy2/jars/org.mongodb_bson-record-codec-5.1.4.jar to /tmp/spark-a8b0e66c-807f-4d30-96ba-54ee93ecf206/userFiles-88e8b561-3c1c-4260-bfc5-88e660dd59ca/org.mongodb_bson-record-codec-5.1.4.jar
[2025-12-21T17:09:39.746+0000] {subprocess.py:93} INFO - 25/12/21 17:09:39 INFO StandaloneAppClient$ClientEndpoint: Connecting to master spark://spark-master:7077...
[2025-12-21T17:09:39.788+0000] {subprocess.py:93} INFO - 25/12/21 17:09:39 INFO TransportClientFactory: Successfully created connection to spark-master/172.18.0.2:7077 after 24 ms (0 ms spent in bootstraps)
[2025-12-21T17:09:39.923+0000] {subprocess.py:93} INFO - 25/12/21 17:09:39 INFO StandaloneSchedulerBackend: Connected to Spark cluster with app ID app-20251221170939-0006
[2025-12-21T17:09:39.947+0000] {subprocess.py:93} INFO - 25/12/21 17:09:39 INFO StandaloneAppClient$ClientEndpoint: Executor added: app-20251221170939-0006/0 on worker-20251221164216-172.18.0.5-41713 (172.18.0.5:41713) with 2 core(s)
[2025-12-21T17:09:39.956+0000] {subprocess.py:93} INFO - 25/12/21 17:09:39 INFO StandaloneSchedulerBackend: Granted executor ID app-20251221170939-0006/0 on hostPort 172.18.0.5:41713 with 2 core(s), 2.0 GiB RAM
[2025-12-21T17:09:39.965+0000] {subprocess.py:93} INFO - 25/12/21 17:09:39 INFO Utils: Successfully started service 'org.apache.spark.network.netty.NettyBlockTransferService' on port 33179.
[2025-12-21T17:09:39.966+0000] {subprocess.py:93} INFO - 25/12/21 17:09:39 INFO NettyBlockTransferService: Server created on 4a81c59a6e43:33179
[2025-12-21T17:09:39.981+0000] {subprocess.py:93} INFO - 25/12/21 17:09:39 INFO BlockManager: Using org.apache.spark.storage.RandomBlockReplicationPolicy for block replication policy
[2025-12-21T17:09:40.009+0000] {subprocess.py:93} INFO - 25/12/21 17:09:40 INFO BlockManagerMaster: Registering BlockManager BlockManagerId(driver, 4a81c59a6e43, 33179, None)
[2025-12-21T17:09:40.024+0000] {subprocess.py:93} INFO - 25/12/21 17:09:40 INFO BlockManagerMasterEndpoint: Registering block manager 4a81c59a6e43:33179 with 434.4 MiB RAM, BlockManagerId(driver, 4a81c59a6e43, 33179, None)
[2025-12-21T17:09:40.037+0000] {subprocess.py:93} INFO - 25/12/21 17:09:40 INFO BlockManagerMaster: Registered BlockManager BlockManagerId(driver, 4a81c59a6e43, 33179, None)
[2025-12-21T17:09:40.048+0000] {subprocess.py:93} INFO - 25/12/21 17:09:40 INFO BlockManager: Initialized BlockManager: BlockManagerId(driver, 4a81c59a6e43, 33179, None)
[2025-12-21T17:09:40.059+0000] {subprocess.py:93} INFO - 25/12/21 17:09:40 INFO StandaloneAppClient$ClientEndpoint: Executor updated: app-20251221170939-0006/0 is now RUNNING
[2025-12-21T17:09:40.388+0000] {subprocess.py:93} INFO - 25/12/21 17:09:40 INFO StandaloneSchedulerBackend: SchedulerBackend is ready for scheduling beginning after reached minRegisteredResourcesRatio: 0.0
[2025-12-21T17:09:40.638+0000] {subprocess.py:93} INFO - 25/12/21 17:09:40 INFO SharedState: Setting hive.metastore.warehouse.dir ('null') to the value of spark.sql.warehouse.dir.
[2025-12-21T17:09:40.644+0000] {subprocess.py:93} INFO - 25/12/21 17:09:40 INFO SharedState: Warehouse path is 'file:/tmp/***tmpx4zsqldw/spark-warehouse'.
[2025-12-21T17:09:42.306+0000] {subprocess.py:93} INFO - 25/12/21 17:09:42 INFO client: MongoClient with metadata {"driver": {"name": "mongo-java-driver|sync|mongo-spark-connector|source", "version": "5.1.4|10.5.0"}, "os": {"type": "Linux", "name": "Linux", "architecture": "amd64", "version": "6.8.0-90-generic"}, "platform": "Java/Debian/17.0.17+10-Debian-1deb12u1|Scala/2.12.18/Spark/3.5.1", "env": {"container": {"runtime": "docker"}}} created with settings MongoClientSettings{readPreference=primary, writeConcern=WriteConcern{w=null, wTimeout=null ms, journal=null}, retryWrites=true, retryReads=true, readConcern=ReadConcern{level=null}, credential=MongoCredential{mechanism=null, userName='admin', source='admin', password=<hidden>, mechanismProperties=<hidden>}, transportSettings=null, commandListeners=[], codecRegistry=ProvidersCodecRegistry{codecProviders=[ValueCodecProvider{}, BsonValueCodecProvider{}, DBRefCodecProvider{}, DBObjectCodecProvider{}, DocumentCodecProvider{}, CollectionCodecProvider{}, IterableCodecProvider{}, MapCodecProvider{}, GeoJsonCodecProvider{}, GridFSFileCodecProvider{}, Jsr310CodecProvider{}, JsonObjectCodecProvider{}, BsonCodecProvider{}, EnumCodecProvider{}, com.mongodb.client.model.mql.ExpressionCodecProvider@1be1098e, com.mongodb.Jep395RecordCodecProvider@1176775, com.mongodb.KotlinCodecProvider@65a72b32]}, loggerSettings=LoggerSettings{maxDocumentLength=1000}, clusterSettings={hosts=[mongodb:27017], srvServiceName=mongodb, mode=SINGLE, requiredClusterType=UNKNOWN, requiredReplicaSetName='null', serverSelector='null', clusterListeners='[]', serverSelectionTimeout='30000 ms', localThreshold='15 ms'}, socketSettings=SocketSettings{connectTimeoutMS=10000, readTimeoutMS=0, receiveBufferSize=0, proxySettings=ProxySettings{host=null, port=null, username=null, password=null}}, heartbeatSocketSettings=SocketSettings{connectTimeoutMS=10000, readTimeoutMS=10000, receiveBufferSize=0, proxySettings=ProxySettings{host=null, port=null, username=null, password=null}}, connectionPoolSettings=ConnectionPoolSettings{maxSize=100, minSize=0, maxWaitTimeMS=120000, maxConnectionLifeTimeMS=0, maxConnectionIdleTimeMS=0, maintenanceInitialDelayMS=0, maintenanceFrequencyMS=60000, connectionPoolListeners=[], maxConnecting=2}, serverSettings=ServerSettings{heartbeatFrequencyMS=10000, minHeartbeatFrequencyMS=500, serverMonitoringMode=AUTO, serverListeners='[]', serverMonitorListeners='[]'}, sslSettings=SslSettings{enabled=false, invalidHostNameAllowed=false, context=null}, applicationName='null', compressorList=[], uuidRepresentation=UNSPECIFIED, serverApi=null, autoEncryptionSettings=null, dnsClient=null, inetAddressResolver=null, contextProvider=null}
[2025-12-21T17:09:42.337+0000] {subprocess.py:93} INFO - 25/12/21 17:09:42 INFO cluster: Monitor thread successfully connected to server with description ServerDescription{address=mongodb:27017, type=STANDALONE, state=CONNECTED, ok=true, minWireVersion=0, maxWireVersion=21, maxDocumentSize=16777216, logicalSessionTimeoutMinutes=30, roundTripTimeNanos=44149802}
[2025-12-21T17:09:42.790+0000] {subprocess.py:93} INFO - 25/12/21 17:09:42 INFO MongoTable: Creating MongoTable: mongo-spark-connector-10.5.0
[2025-12-21T17:09:43.848+0000] {subprocess.py:93} INFO - 25/12/21 17:09:43 INFO V2ScanRelationPushDown:
[2025-12-21T17:09:43.851+0000] {subprocess.py:93} INFO - Output:
[2025-12-21T17:09:43.851+0000] {subprocess.py:93} INFO - 
[2025-12-21T17:09:44.032+0000] {subprocess.py:93} INFO - 25/12/21 17:09:44 INFO StandaloneSchedulerBackend$StandaloneDriverEndpoint: Registered executor NettyRpcEndpointRef(spark-client://Executor) (172.18.0.5:46700) with ID 0,  ResourceProfileId 0
[2025-12-21T17:09:44.167+0000] {subprocess.py:93} INFO - 25/12/21 17:09:44 INFO Partitioner: Getting collection stats for: services_publics.demandes
[2025-12-21T17:09:44.179+0000] {subprocess.py:93} INFO - 25/12/21 17:09:44 INFO Partitioner: Fewer documents (8829) than the calculated number of documents per partition (324873.0). Returning a single partition
[2025-12-21T17:09:44.224+0000] {subprocess.py:93} INFO - 25/12/21 17:09:44 INFO BlockManagerMasterEndpoint: Registering block manager 172.18.0.5:34825 with 1048.8 MiB RAM, BlockManagerId(0, 172.18.0.5, 34825, None)
[2025-12-21T17:09:44.265+0000] {subprocess.py:93} INFO - 25/12/21 17:09:44 INFO Partitioner: Getting collection stats for: services_publics.demandes
[2025-12-21T17:09:44.279+0000] {subprocess.py:93} INFO - 25/12/21 17:09:44 INFO Partitioner: Fewer documents (8829) than the calculated number of documents per partition (324873.0). Returning a single partition
[2025-12-21T17:09:44.859+0000] {subprocess.py:93} INFO - 25/12/21 17:09:44 INFO CodeGenerator: Code generated in 179.331381 ms
[2025-12-21T17:09:44.939+0000] {subprocess.py:93} INFO - 25/12/21 17:09:44 INFO DAGScheduler: Registering RDD 3 (count at NativeMethodAccessorImpl.java:0) as input to shuffle 0
[2025-12-21T17:09:44.949+0000] {subprocess.py:93} INFO - 25/12/21 17:09:44 INFO DAGScheduler: Got map stage job 0 (count at NativeMethodAccessorImpl.java:0) with 1 output partitions
[2025-12-21T17:09:44.950+0000] {subprocess.py:93} INFO - 25/12/21 17:09:44 INFO DAGScheduler: Final stage: ShuffleMapStage 0 (count at NativeMethodAccessorImpl.java:0)
[2025-12-21T17:09:44.950+0000] {subprocess.py:93} INFO - 25/12/21 17:09:44 INFO DAGScheduler: Parents of final stage: List()
[2025-12-21T17:09:44.951+0000] {subprocess.py:93} INFO - 25/12/21 17:09:44 INFO DAGScheduler: Missing parents: List()
[2025-12-21T17:09:44.954+0000] {subprocess.py:93} INFO - 25/12/21 17:09:44 INFO DAGScheduler: Submitting ShuffleMapStage 0 (MapPartitionsRDD[3] at count at NativeMethodAccessorImpl.java:0), which has no missing parents
[2025-12-21T17:09:45.047+0000] {subprocess.py:93} INFO - 25/12/21 17:09:45 INFO MemoryStore: Block broadcast_0 stored as values in memory (estimated size 14.3 KiB, free 434.4 MiB)
[2025-12-21T17:09:45.075+0000] {subprocess.py:93} INFO - 25/12/21 17:09:45 INFO MemoryStore: Block broadcast_0_piece0 stored as bytes in memory (estimated size 7.0 KiB, free 434.4 MiB)
[2025-12-21T17:09:45.079+0000] {subprocess.py:93} INFO - 25/12/21 17:09:45 INFO BlockManagerInfo: Added broadcast_0_piece0 in memory on 4a81c59a6e43:33179 (size: 7.0 KiB, free: 434.4 MiB)
[2025-12-21T17:09:45.083+0000] {subprocess.py:93} INFO - 25/12/21 17:09:45 INFO SparkContext: Created broadcast 0 from broadcast at DAGScheduler.scala:1585
[2025-12-21T17:09:45.096+0000] {subprocess.py:93} INFO - 25/12/21 17:09:45 INFO DAGScheduler: Submitting 1 missing tasks from ShuffleMapStage 0 (MapPartitionsRDD[3] at count at NativeMethodAccessorImpl.java:0) (first 15 tasks are for partitions Vector(0))
[2025-12-21T17:09:45.097+0000] {subprocess.py:93} INFO - 25/12/21 17:09:45 INFO TaskSchedulerImpl: Adding task set 0.0 with 1 tasks resource profile 0
[2025-12-21T17:09:45.137+0000] {subprocess.py:93} INFO - 25/12/21 17:09:45 INFO TaskSetManager: Starting task 0.0 in stage 0.0 (TID 0) (172.18.0.5, executor 0, partition 0, PROCESS_LOCAL, 8880 bytes)
[2025-12-21T17:09:45.384+0000] {subprocess.py:93} INFO - 25/12/21 17:09:45 INFO BlockManagerInfo: Added broadcast_0_piece0 in memory on 172.18.0.5:34825 (size: 7.0 KiB, free: 1048.8 MiB)
[2025-12-21T17:09:46.756+0000] {subprocess.py:93} INFO - 25/12/21 17:09:46 INFO TaskSetManager: Finished task 0.0 in stage 0.0 (TID 0) in 1636 ms on 172.18.0.5 (executor 0) (1/1)
[2025-12-21T17:09:46.757+0000] {subprocess.py:93} INFO - 25/12/21 17:09:46 INFO TaskSchedulerImpl: Removed TaskSet 0.0, whose tasks have all completed, from pool
[2025-12-21T17:09:46.766+0000] {subprocess.py:93} INFO - 25/12/21 17:09:46 INFO DAGScheduler: ShuffleMapStage 0 (count at NativeMethodAccessorImpl.java:0) finished in 1.796 s
[2025-12-21T17:09:46.771+0000] {subprocess.py:93} INFO - 25/12/21 17:09:46 INFO DAGScheduler: looking for newly runnable stages
[2025-12-21T17:09:46.771+0000] {subprocess.py:93} INFO - 25/12/21 17:09:46 INFO DAGScheduler: running: Set()
[2025-12-21T17:09:46.772+0000] {subprocess.py:93} INFO - 25/12/21 17:09:46 INFO DAGScheduler: waiting: Set()
[2025-12-21T17:09:46.773+0000] {subprocess.py:93} INFO - 25/12/21 17:09:46 INFO DAGScheduler: failed: Set()
[2025-12-21T17:09:46.830+0000] {subprocess.py:93} INFO - 25/12/21 17:09:46 INFO CodeGenerator: Code generated in 12.616025 ms
[2025-12-21T17:09:46.880+0000] {subprocess.py:93} INFO - 25/12/21 17:09:46 INFO SparkContext: Starting job: count at NativeMethodAccessorImpl.java:0
[2025-12-21T17:09:46.884+0000] {subprocess.py:93} INFO - 25/12/21 17:09:46 INFO DAGScheduler: Got job 1 (count at NativeMethodAccessorImpl.java:0) with 1 output partitions
[2025-12-21T17:09:46.887+0000] {subprocess.py:93} INFO - 25/12/21 17:09:46 INFO DAGScheduler: Final stage: ResultStage 2 (count at NativeMethodAccessorImpl.java:0)
[2025-12-21T17:09:46.889+0000] {subprocess.py:93} INFO - 25/12/21 17:09:46 INFO DAGScheduler: Parents of final stage: List(ShuffleMapStage 1)
[2025-12-21T17:09:46.889+0000] {subprocess.py:93} INFO - 25/12/21 17:09:46 INFO DAGScheduler: Missing parents: List()
[2025-12-21T17:09:46.894+0000] {subprocess.py:93} INFO - 25/12/21 17:09:46 INFO DAGScheduler: Submitting ResultStage 2 (MapPartitionsRDD[6] at count at NativeMethodAccessorImpl.java:0), which has no missing parents
[2025-12-21T17:09:46.907+0000] {subprocess.py:93} INFO - 25/12/21 17:09:46 INFO MemoryStore: Block broadcast_1 stored as values in memory (estimated size 12.5 KiB, free 434.4 MiB)
[2025-12-21T17:09:46.909+0000] {subprocess.py:93} INFO - 25/12/21 17:09:46 INFO MemoryStore: Block broadcast_1_piece0 stored as bytes in memory (estimated size 5.9 KiB, free 434.4 MiB)
[2025-12-21T17:09:46.910+0000] {subprocess.py:93} INFO - 25/12/21 17:09:46 INFO BlockManagerInfo: Added broadcast_1_piece0 in memory on 4a81c59a6e43:33179 (size: 5.9 KiB, free: 434.4 MiB)
[2025-12-21T17:09:46.911+0000] {subprocess.py:93} INFO - 25/12/21 17:09:46 INFO SparkContext: Created broadcast 1 from broadcast at DAGScheduler.scala:1585
[2025-12-21T17:09:46.914+0000] {subprocess.py:93} INFO - 25/12/21 17:09:46 INFO DAGScheduler: Submitting 1 missing tasks from ResultStage 2 (MapPartitionsRDD[6] at count at NativeMethodAccessorImpl.java:0) (first 15 tasks are for partitions Vector(0))
[2025-12-21T17:09:46.914+0000] {subprocess.py:93} INFO - 25/12/21 17:09:46 INFO TaskSchedulerImpl: Adding task set 2.0 with 1 tasks resource profile 0
[2025-12-21T17:09:46.919+0000] {subprocess.py:93} INFO - 25/12/21 17:09:46 INFO TaskSetManager: Starting task 0.0 in stage 2.0 (TID 1) (172.18.0.5, executor 0, partition 0, NODE_LOCAL, 8635 bytes)
[2025-12-21T17:09:46.947+0000] {subprocess.py:93} INFO - 25/12/21 17:09:46 INFO BlockManagerInfo: Added broadcast_1_piece0 in memory on 172.18.0.5:34825 (size: 5.9 KiB, free: 1048.8 MiB)
[2025-12-21T17:09:47.029+0000] {subprocess.py:93} INFO - 25/12/21 17:09:47 INFO MapOutputTrackerMasterEndpoint: Asked to send map output locations for shuffle 0 to 172.18.0.5:46700
[2025-12-21T17:09:47.136+0000] {subprocess.py:93} INFO - 25/12/21 17:09:47 INFO TaskSetManager: Finished task 0.0 in stage 2.0 (TID 1) in 218 ms on 172.18.0.5 (executor 0) (1/1)
[2025-12-21T17:09:47.136+0000] {subprocess.py:93} INFO - 25/12/21 17:09:47 INFO TaskSchedulerImpl: Removed TaskSet 2.0, whose tasks have all completed, from pool
[2025-12-21T17:09:47.138+0000] {subprocess.py:93} INFO - 25/12/21 17:09:47 INFO DAGScheduler: ResultStage 2 (count at NativeMethodAccessorImpl.java:0) finished in 0.233 s
[2025-12-21T17:09:47.139+0000] {subprocess.py:93} INFO - 25/12/21 17:09:47 INFO DAGScheduler: Job 1 is finished. Cancelling potential speculative or zombie tasks for this job
[2025-12-21T17:09:47.140+0000] {subprocess.py:93} INFO - 25/12/21 17:09:47 INFO TaskSchedulerImpl: Killing all running tasks in stage 2: Stage finished
[2025-12-21T17:09:47.142+0000] {subprocess.py:93} INFO - 25/12/21 17:09:47 INFO DAGScheduler: Job 1 finished: count at NativeMethodAccessorImpl.java:0, took 0.262448 s
[2025-12-21T17:09:47.154+0000] {subprocess.py:93} INFO - 📥 Nombre de documents MongoDB : 8829
[2025-12-21T17:09:47.154+0000] {subprocess.py:93} INFO - 
[2025-12-21T17:09:47.155+0000] {subprocess.py:93} INFO - 📋 Schéma MongoDB :
[2025-12-21T17:09:47.155+0000] {subprocess.py:93} INFO - root
[2025-12-21T17:09:47.156+0000] {subprocess.py:93} INFO -  |-- _id: string (nullable = true)
[2025-12-21T17:09:47.156+0000] {subprocess.py:93} INFO -  |-- category: string (nullable = true)
[2025-12-21T17:09:47.157+0000] {subprocess.py:93} INFO -  |-- city: string (nullable = true)
[2025-12-21T17:09:47.157+0000] {subprocess.py:93} INFO -  |-- comment: void (nullable = true)
[2025-12-21T17:09:47.157+0000] {subprocess.py:93} INFO -  |-- created: string (nullable = true)
[2025-12-21T17:09:47.158+0000] {subprocess.py:93} INFO -  |-- created_at: string (nullable = true)
[2025-12-21T17:09:47.158+0000] {subprocess.py:93} INFO -  |-- date: integer (nullable = true)
[2025-12-21T17:09:47.159+0000] {subprocess.py:93} INFO -  |-- date_creation: string (nullable = true)
[2025-12-21T17:09:47.160+0000] {subprocess.py:93} INFO -  |-- date_signalement: string (nullable = true)
[2025-12-21T17:09:47.160+0000] {subprocess.py:93} INFO -  |-- delai_traitement: integer (nullable = true)
[2025-12-21T17:09:47.161+0000] {subprocess.py:93} INFO -  |-- description: string (nullable = true)
[2025-12-21T17:09:47.161+0000] {subprocess.py:93} INFO -  |-- district: string (nullable = true)
[2025-12-21T17:09:47.162+0000] {subprocess.py:93} INFO -  |-- event: struct (nullable = true)
[2025-12-21T17:09:47.163+0000] {subprocess.py:93} INFO -  |    |-- id: string (nullable = true)
[2025-12-21T17:09:47.163+0000] {subprocess.py:93} INFO -  |    |-- timestamp: double (nullable = true)
[2025-12-21T17:09:47.163+0000] {subprocess.py:93} INFO -  |    |-- payload: struct (nullable = true)
[2025-12-21T17:09:47.163+0000] {subprocess.py:93} INFO -  |    |    |-- type: string (nullable = true)
[2025-12-21T17:09:47.163+0000] {subprocess.py:93} INFO -  |    |    |-- commune: string (nullable = true)
[2025-12-21T17:09:47.163+0000] {subprocess.py:93} INFO -  |    |    |-- quartier: string (nullable = true)
[2025-12-21T17:09:47.163+0000] {subprocess.py:93} INFO -  |-- event_date: string (nullable = true)
[2025-12-21T17:09:47.163+0000] {subprocess.py:93} INFO -  |-- geo: string (nullable = true)
[2025-12-21T17:09:47.166+0000] {subprocess.py:93} INFO -  |-- id: string (nullable = true)
[2025-12-21T17:09:47.167+0000] {subprocess.py:93} INFO -  |-- localisation: string (nullable = true)
[2025-12-21T17:09:47.167+0000] {subprocess.py:93} INFO -  |-- location: struct (nullable = true)
[2025-12-21T17:09:47.168+0000] {subprocess.py:93} INFO -  |    |-- commune: string (nullable = true)
[2025-12-21T17:09:47.168+0000] {subprocess.py:93} INFO -  |-- metadata: struct (nullable = true)
[2025-12-21T17:09:47.169+0000] {subprocess.py:93} INFO -  |    |-- source: string (nullable = true)
[2025-12-21T17:09:47.169+0000] {subprocess.py:93} INFO -  |    |-- ingestion_date: string (nullable = true)
[2025-12-21T17:09:47.169+0000] {subprocess.py:93} INFO -  |-- ref: string (nullable = true)
[2025-12-21T17:09:47.169+0000] {subprocess.py:93} INFO -  |-- request_id: string (nullable = true)
[2025-12-21T17:09:47.169+0000] {subprocess.py:93} INFO -  |-- service: string (nullable = true)
[2025-12-21T17:09:47.169+0000] {subprocess.py:93} INFO -  |-- service_type: string (nullable = true)
[2025-12-21T17:09:47.169+0000] {subprocess.py:93} INFO -  |-- state: string (nullable = true)
[2025-12-21T17:09:47.169+0000] {subprocess.py:93} INFO -  |-- status: string (nullable = true)
[2025-12-21T17:09:47.170+0000] {subprocess.py:93} INFO -  |-- statut: string (nullable = true)
[2025-12-21T17:09:47.170+0000] {subprocess.py:93} INFO -  |-- type: string (nullable = true)
[2025-12-21T17:09:47.171+0000] {subprocess.py:93} INFO -  |-- type_demande: string (nullable = true)
[2025-12-21T17:09:47.171+0000] {subprocess.py:93} INFO - 
[2025-12-21T17:09:47.495+0000] {subprocess.py:93} INFO - Traceback (most recent call last):
[2025-12-21T17:09:47.496+0000] {subprocess.py:93} INFO -   File "/opt/***/spark_jobs/ingestion.py", line 52, in <module>
[2025-12-21T17:09:47.498+0000] {subprocess.py:93} INFO -     .withColumn(
[2025-12-21T17:09:47.499+0000] {subprocess.py:93} INFO -   File "/opt/spark/python/lib/pyspark.zip/pyspark/sql/dataframe.py", line 5174, in withColumn
[2025-12-21T17:09:47.499+0000] {subprocess.py:93} INFO -   File "/opt/spark/python/lib/py4j-0.10.9.7-src.zip/py4j/java_gateway.py", line 1322, in __call__
[2025-12-21T17:09:47.500+0000] {subprocess.py:93} INFO -   File "/opt/spark/python/lib/pyspark.zip/pyspark/errors/exceptions/captured.py", line 185, in deco
[2025-12-21T17:09:47.511+0000] {subprocess.py:93} INFO - pyspark.errors.exceptions.captured.AnalysisException: [INVALID_EXTRACT_BASE_FIELD_TYPE] Can't extract a value from "localisation". Need a complex type [STRUCT, ARRAY, MAP] but got "STRING".
[2025-12-21T17:09:47.603+0000] {subprocess.py:93} INFO - 25/12/21 17:09:47 INFO SparkContext: Invoking stop() from shutdown hook
[2025-12-21T17:09:47.603+0000] {subprocess.py:93} INFO - 25/12/21 17:09:47 INFO SparkContext: SparkContext is stopping with exitCode 0.
[2025-12-21T17:09:47.664+0000] {subprocess.py:93} INFO - 25/12/21 17:09:47 INFO SparkUI: Stopped Spark web UI at http://4a81c59a6e43:4040
[2025-12-21T17:09:47.708+0000] {subprocess.py:93} INFO - 25/12/21 17:09:47 INFO StandaloneSchedulerBackend: Shutting down all executors
[2025-12-21T17:09:47.716+0000] {subprocess.py:93} INFO - 25/12/21 17:09:47 INFO StandaloneSchedulerBackend$StandaloneDriverEndpoint: Asking each executor to shut down
[2025-12-21T17:09:47.822+0000] {subprocess.py:93} INFO - 25/12/21 17:09:47 INFO MapOutputTrackerMasterEndpoint: MapOutputTrackerMasterEndpoint stopped!
[2025-12-21T17:09:47.870+0000] {subprocess.py:93} INFO - 25/12/21 17:09:47 INFO MemoryStore: MemoryStore cleared
[2025-12-21T17:09:47.870+0000] {subprocess.py:93} INFO - 25/12/21 17:09:47 INFO BlockManager: BlockManager stopped
[2025-12-21T17:09:47.875+0000] {subprocess.py:93} INFO - 25/12/21 17:09:47 INFO BlockManagerMaster: BlockManagerMaster stopped
[2025-12-21T17:09:47.877+0000] {subprocess.py:93} INFO - 25/12/21 17:09:47 WARN Dispatcher: Message RemoteProcessDisconnected(172.18.0.5:46700) dropped. Could not find BlockManagerMasterHeartbeat.
[2025-12-21T17:09:47.880+0000] {subprocess.py:93} INFO - 25/12/21 17:09:47 INFO OutputCommitCoordinator$OutputCommitCoordinatorEndpoint: OutputCommitCoordinator stopped!
[2025-12-21T17:09:47.891+0000] {subprocess.py:93} INFO - 25/12/21 17:09:47 INFO SparkContext: Successfully stopped SparkContext
[2025-12-21T17:09:47.892+0000] {subprocess.py:93} INFO - 25/12/21 17:09:47 INFO ShutdownHookManager: Shutdown hook called
[2025-12-21T17:09:47.893+0000] {subprocess.py:93} INFO - 25/12/21 17:09:47 INFO ShutdownHookManager: Deleting directory /tmp/spark-a8b0e66c-807f-4d30-96ba-54ee93ecf206/pyspark-a34f9c2f-9f9b-4a69-b6a5-33128d48bc77
[2025-12-21T17:09:47.900+0000] {subprocess.py:93} INFO - 25/12/21 17:09:47 INFO ShutdownHookManager: Deleting directory /tmp/spark-a8b0e66c-807f-4d30-96ba-54ee93ecf206
[2025-12-21T17:09:47.905+0000] {subprocess.py:93} INFO - 25/12/21 17:09:47 INFO ShutdownHookManager: Deleting directory /tmp/spark-c1309605-c99c-41be-a915-af8041809269
[2025-12-21T17:09:48.358+0000] {subprocess.py:97} INFO - Command exited with return code 1
[2025-12-21T17:09:48.414+0000] {taskinstance.py:2699} ERROR - Task failed with exception
Traceback (most recent call last):
  File "/home/airflow/.local/lib/python3.10/site-packages/airflow/models/taskinstance.py", line 433, in _execute_task
    result = execute_callable(context=context, **execute_callable_kwargs)
  File "/home/airflow/.local/lib/python3.10/site-packages/airflow/operators/bash.py", line 212, in execute
    raise AirflowException(
airflow.exceptions.AirflowException: Bash command failed. The command returned a non-zero exit code 1.
[2025-12-21T17:09:48.425+0000] {taskinstance.py:1138} INFO - Marking task as UP_FOR_RETRY. dag_id=pipeline_services_publics_togo, task_id=ingestion_mongodb, execution_date=20251221T170921, start_date=20251221T170929, end_date=20251221T170948
[2025-12-21T17:09:48.463+0000] {standard_task_runner.py:107} ERROR - Failed to execute job 39 for task ingestion_mongodb (Bash command failed. The command returned a non-zero exit code 1.; 341)
[2025-12-21T17:09:48.496+0000] {local_task_job_runner.py:234} INFO - Task exited with return code 1
[2025-12-21T17:09:48.584+0000] {taskinstance.py:3281} INFO - 0 downstream tasks scheduled from follow-on schedule check
