[2025-12-21T05:22:31.807+0000] {taskinstance.py:1957} INFO - Dependencies all met for dep_context=non-requeueable deps ti=<TaskInstance: pipeline_services_publics_togo.check_mongodb scheduled__2025-12-20T02:00:00+00:00 [queued]>
[2025-12-21T05:22:31.816+0000] {taskinstance.py:1957} INFO - Dependencies all met for dep_context=requeueable deps ti=<TaskInstance: pipeline_services_publics_togo.check_mongodb scheduled__2025-12-20T02:00:00+00:00 [queued]>
[2025-12-21T05:22:31.816+0000] {taskinstance.py:2171} INFO - Starting attempt 1 of 3
[2025-12-21T05:22:31.828+0000] {taskinstance.py:2192} INFO - Executing <Task(PythonOperator): check_mongodb> on 2025-12-20 02:00:00+00:00
[2025-12-21T05:22:31.834+0000] {standard_task_runner.py:60} INFO - Started process 191 to run task
[2025-12-21T05:22:31.847+0000] {standard_task_runner.py:87} INFO - Running: ['***', 'tasks', 'run', 'pipeline_services_publics_togo', 'check_mongodb', 'scheduled__2025-12-20T02:00:00+00:00', '--job-id', '2', '--raw', '--subdir', 'DAGS_FOLDER/pipeline_services_publics.py', '--cfg-path', '/tmp/tmplgb7cpo5']
[2025-12-21T05:22:31.854+0000] {standard_task_runner.py:88} INFO - Job 2: Subtask check_mongodb
[2025-12-21T05:22:32.007+0000] {task_command.py:423} INFO - Running <TaskInstance: pipeline_services_publics_togo.check_mongodb scheduled__2025-12-20T02:00:00+00:00 [running]> on host f5045d3efd9a
[2025-12-21T05:22:32.227+0000] {taskinstance.py:2481} INFO - Exporting env vars: AIRFLOW_CTX_DAG_OWNER='data-engineer' AIRFLOW_CTX_DAG_ID='pipeline_services_publics_togo' AIRFLOW_CTX_TASK_ID='check_mongodb' AIRFLOW_CTX_EXECUTION_DATE='2025-12-20T02:00:00+00:00' AIRFLOW_CTX_TRY_NUMBER='1' AIRFLOW_CTX_DAG_RUN_ID='scheduled__2025-12-20T02:00:00+00:00'
[2025-12-21T05:22:32.669+0000] {taskinstance.py:2699} ERROR - Task failed with exception
Traceback (most recent call last):
  File "/home/airflow/.local/lib/python3.10/site-packages/airflow/models/taskinstance.py", line 433, in _execute_task
    result = execute_callable(context=context, **execute_callable_kwargs)
  File "/home/airflow/.local/lib/python3.10/site-packages/airflow/operators/python.py", line 199, in execute
    return_value = self.execute_callable()
  File "/home/airflow/.local/lib/python3.10/site-packages/airflow/operators/python.py", line 216, in execute_callable
    return self.python_callable(*self.op_args, **self.op_kwargs)
  File "/opt/airflow/dags/pipeline_services_publics.py", line 51, in check_mongodb_connection
    raise ValueError("La collection MongoDB est vide")
ValueError: La collection MongoDB est vide
[2025-12-21T05:22:32.680+0000] {taskinstance.py:1138} INFO - Marking task as UP_FOR_RETRY. dag_id=pipeline_services_publics_togo, task_id=check_mongodb, execution_date=20251220T020000, start_date=20251221T052231, end_date=20251221T052232
[2025-12-21T05:22:32.691+0000] {standard_task_runner.py:107} ERROR - Failed to execute job 2 for task check_mongodb (La collection MongoDB est vide; 191)
[2025-12-21T05:22:32.702+0000] {local_task_job_runner.py:234} INFO - Task exited with return code 1
[2025-12-21T05:22:32.731+0000] {taskinstance.py:3281} INFO - 0 downstream tasks scheduled from follow-on schedule check
[2025-12-21T06:32:01.424+0000] {taskinstance.py:1957} INFO - Dependencies all met for dep_context=non-requeueable deps ti=<TaskInstance: pipeline_services_publics_togo.check_mongodb scheduled__2025-12-20T02:00:00+00:00 [queued]>
[2025-12-21T06:32:01.432+0000] {taskinstance.py:1957} INFO - Dependencies all met for dep_context=requeueable deps ti=<TaskInstance: pipeline_services_publics_togo.check_mongodb scheduled__2025-12-20T02:00:00+00:00 [queued]>
[2025-12-21T06:32:01.433+0000] {taskinstance.py:2171} INFO - Starting attempt 1 of 3
[2025-12-21T06:32:01.446+0000] {taskinstance.py:2192} INFO - Executing <Task(PythonOperator): check_mongodb> on 2025-12-20 02:00:00+00:00
[2025-12-21T06:32:01.451+0000] {standard_task_runner.py:60} INFO - Started process 177 to run task
[2025-12-21T06:32:01.456+0000] {standard_task_runner.py:87} INFO - Running: ['***', 'tasks', 'run', 'pipeline_services_publics_togo', 'check_mongodb', 'scheduled__2025-12-20T02:00:00+00:00', '--job-id', '3', '--raw', '--subdir', 'DAGS_FOLDER/pipeline_services_publics.py', '--cfg-path', '/tmp/tmplsdezi_i']
[2025-12-21T06:32:01.459+0000] {standard_task_runner.py:88} INFO - Job 3: Subtask check_mongodb
[2025-12-21T06:32:01.525+0000] {task_command.py:423} INFO - Running <TaskInstance: pipeline_services_publics_togo.check_mongodb scheduled__2025-12-20T02:00:00+00:00 [running]> on host 202d668464c4
[2025-12-21T06:32:01.629+0000] {taskinstance.py:2481} INFO - Exporting env vars: AIRFLOW_CTX_DAG_OWNER='data-engineer' AIRFLOW_CTX_DAG_ID='pipeline_services_publics_togo' AIRFLOW_CTX_TASK_ID='check_mongodb' AIRFLOW_CTX_EXECUTION_DATE='2025-12-20T02:00:00+00:00' AIRFLOW_CTX_TRY_NUMBER='1' AIRFLOW_CTX_DAG_RUN_ID='scheduled__2025-12-20T02:00:00+00:00'
[2025-12-21T06:32:02.087+0000] {taskinstance.py:2699} ERROR - Task failed with exception
Traceback (most recent call last):
  File "/home/airflow/.local/lib/python3.10/site-packages/airflow/models/taskinstance.py", line 433, in _execute_task
    result = execute_callable(context=context, **execute_callable_kwargs)
  File "/home/airflow/.local/lib/python3.10/site-packages/airflow/operators/python.py", line 199, in execute
    return_value = self.execute_callable()
  File "/home/airflow/.local/lib/python3.10/site-packages/airflow/operators/python.py", line 216, in execute_callable
    return self.python_callable(*self.op_args, **self.op_kwargs)
  File "/opt/airflow/dags/pipeline_services_publics.py", line 51, in check_mongodb_connection
    raise ValueError("La collection MongoDB est vide")
ValueError: La collection MongoDB est vide
[2025-12-21T06:32:02.127+0000] {taskinstance.py:1138} INFO - Marking task as UP_FOR_RETRY. dag_id=pipeline_services_publics_togo, task_id=check_mongodb, execution_date=20251220T020000, start_date=20251221T063201, end_date=20251221T063202
[2025-12-21T06:32:02.160+0000] {standard_task_runner.py:107} ERROR - Failed to execute job 3 for task check_mongodb (La collection MongoDB est vide; 177)
[2025-12-21T06:32:02.203+0000] {local_task_job_runner.py:234} INFO - Task exited with return code 1
[2025-12-21T06:32:02.272+0000] {taskinstance.py:3281} INFO - 0 downstream tasks scheduled from follow-on schedule check
[2025-12-21T14:09:30.646+0000] {taskinstance.py:1957} INFO - Dependencies all met for dep_context=non-requeueable deps ti=<TaskInstance: pipeline_services_publics_togo.check_mongodb scheduled__2025-12-20T02:00:00+00:00 [queued]>
[2025-12-21T14:09:30.656+0000] {taskinstance.py:1957} INFO - Dependencies all met for dep_context=requeueable deps ti=<TaskInstance: pipeline_services_publics_togo.check_mongodb scheduled__2025-12-20T02:00:00+00:00 [queued]>
[2025-12-21T14:09:30.657+0000] {taskinstance.py:2171} INFO - Starting attempt 1 of 3
[2025-12-21T14:09:30.674+0000] {taskinstance.py:2192} INFO - Executing <Task(PythonOperator): check_mongodb> on 2025-12-20 02:00:00+00:00
[2025-12-21T14:09:30.679+0000] {standard_task_runner.py:60} INFO - Started process 185 to run task
[2025-12-21T14:09:30.682+0000] {standard_task_runner.py:87} INFO - Running: ['***', 'tasks', 'run', 'pipeline_services_publics_togo', 'check_mongodb', 'scheduled__2025-12-20T02:00:00+00:00', '--job-id', '5', '--raw', '--subdir', 'DAGS_FOLDER/pipeline_services_publics.py', '--cfg-path', '/tmp/tmpw3hyu4kw']
[2025-12-21T14:09:30.684+0000] {standard_task_runner.py:88} INFO - Job 5: Subtask check_mongodb
[2025-12-21T14:09:30.752+0000] {task_command.py:423} INFO - Running <TaskInstance: pipeline_services_publics_togo.check_mongodb scheduled__2025-12-20T02:00:00+00:00 [running]> on host a1c2defb4657
[2025-12-21T14:09:30.853+0000] {taskinstance.py:2481} INFO - Exporting env vars: AIRFLOW_CTX_DAG_OWNER='data-engineer' AIRFLOW_CTX_DAG_ID='pipeline_services_publics_togo' AIRFLOW_CTX_TASK_ID='check_mongodb' AIRFLOW_CTX_EXECUTION_DATE='2025-12-20T02:00:00+00:00' AIRFLOW_CTX_TRY_NUMBER='1' AIRFLOW_CTX_DAG_RUN_ID='scheduled__2025-12-20T02:00:00+00:00'
[2025-12-21T14:09:30.965+0000] {logging_mixin.py:188} INFO - ✓ MongoDB OK (2717 documents)
[2025-12-21T14:09:30.966+0000] {python.py:201} INFO - Done. Returned value was: None
[2025-12-21T14:09:30.979+0000] {taskinstance.py:1138} INFO - Marking task as SUCCESS. dag_id=pipeline_services_publics_togo, task_id=check_mongodb, execution_date=20251220T020000, start_date=20251221T140930, end_date=20251221T140930
[2025-12-21T14:09:31.021+0000] {local_task_job_runner.py:234} INFO - Task exited with return code 0
[2025-12-21T14:09:31.053+0000] {taskinstance.py:3281} INFO - 1 downstream tasks scheduled from follow-on schedule check
[2025-12-21T14:58:19.310+0000] {taskinstance.py:1957} INFO - Dependencies all met for dep_context=non-requeueable deps ti=<TaskInstance: pipeline_services_publics_togo.check_mongodb scheduled__2025-12-20T02:00:00+00:00 [queued]>
[2025-12-21T14:58:19.337+0000] {taskinstance.py:1957} INFO - Dependencies all met for dep_context=requeueable deps ti=<TaskInstance: pipeline_services_publics_togo.check_mongodb scheduled__2025-12-20T02:00:00+00:00 [queued]>
[2025-12-21T14:58:19.338+0000] {taskinstance.py:2171} INFO - Starting attempt 1 of 3
[2025-12-21T14:58:19.380+0000] {taskinstance.py:2192} INFO - Executing <Task(PythonOperator): check_mongodb> on 2025-12-20 02:00:00+00:00
[2025-12-21T14:58:19.405+0000] {standard_task_runner.py:60} INFO - Started process 186 to run task
[2025-12-21T14:58:19.424+0000] {standard_task_runner.py:87} INFO - Running: ['***', 'tasks', 'run', 'pipeline_services_publics_togo', 'check_mongodb', 'scheduled__2025-12-20T02:00:00+00:00', '--job-id', '5', '--raw', '--subdir', 'DAGS_FOLDER/pipeline_services_publics.py', '--cfg-path', '/tmp/tmp0h7gw__l']
[2025-12-21T14:58:19.430+0000] {standard_task_runner.py:88} INFO - Job 5: Subtask check_mongodb
[2025-12-21T14:58:19.534+0000] {task_command.py:423} INFO - Running <TaskInstance: pipeline_services_publics_togo.check_mongodb scheduled__2025-12-20T02:00:00+00:00 [running]> on host 13b6637ef0d9
[2025-12-21T14:58:19.698+0000] {taskinstance.py:2481} INFO - Exporting env vars: AIRFLOW_CTX_DAG_OWNER='data-engineer' AIRFLOW_CTX_DAG_ID='pipeline_services_publics_togo' AIRFLOW_CTX_TASK_ID='check_mongodb' AIRFLOW_CTX_EXECUTION_DATE='2025-12-20T02:00:00+00:00' AIRFLOW_CTX_TRY_NUMBER='1' AIRFLOW_CTX_DAG_RUN_ID='scheduled__2025-12-20T02:00:00+00:00'
[2025-12-21T14:58:19.873+0000] {logging_mixin.py:188} INFO - ✓ MongoDB OK (2717 documents)
[2025-12-21T14:58:19.874+0000] {python.py:201} INFO - Done. Returned value was: None
[2025-12-21T14:58:19.890+0000] {taskinstance.py:1138} INFO - Marking task as SUCCESS. dag_id=pipeline_services_publics_togo, task_id=check_mongodb, execution_date=20251220T020000, start_date=20251221T145819, end_date=20251221T145819
[2025-12-21T14:58:19.917+0000] {local_task_job_runner.py:234} INFO - Task exited with return code 0
[2025-12-21T14:58:19.977+0000] {taskinstance.py:3281} INFO - 0 downstream tasks scheduled from follow-on schedule check
[2025-12-21T15:07:32.068+0000] {taskinstance.py:1957} INFO - Dependencies all met for dep_context=non-requeueable deps ti=<TaskInstance: pipeline_services_publics_togo.check_mongodb scheduled__2025-12-20T02:00:00+00:00 [queued]>
[2025-12-21T15:07:32.079+0000] {taskinstance.py:1957} INFO - Dependencies all met for dep_context=requeueable deps ti=<TaskInstance: pipeline_services_publics_togo.check_mongodb scheduled__2025-12-20T02:00:00+00:00 [queued]>
[2025-12-21T15:07:32.079+0000] {taskinstance.py:2171} INFO - Starting attempt 1 of 3
[2025-12-21T15:07:32.092+0000] {taskinstance.py:2192} INFO - Executing <Task(PythonOperator): check_mongodb> on 2025-12-20 02:00:00+00:00
[2025-12-21T15:07:32.101+0000] {standard_task_runner.py:60} INFO - Started process 184 to run task
[2025-12-21T15:07:32.105+0000] {standard_task_runner.py:87} INFO - Running: ['***', 'tasks', 'run', 'pipeline_services_publics_togo', 'check_mongodb', 'scheduled__2025-12-20T02:00:00+00:00', '--job-id', '4', '--raw', '--subdir', 'DAGS_FOLDER/pipeline_services_publics.py', '--cfg-path', '/tmp/tmpj20juraz']
[2025-12-21T15:07:32.108+0000] {standard_task_runner.py:88} INFO - Job 4: Subtask check_mongodb
[2025-12-21T15:07:32.186+0000] {task_command.py:423} INFO - Running <TaskInstance: pipeline_services_publics_togo.check_mongodb scheduled__2025-12-20T02:00:00+00:00 [running]> on host 30a6224e97bc
[2025-12-21T15:07:32.291+0000] {taskinstance.py:2481} INFO - Exporting env vars: AIRFLOW_CTX_DAG_OWNER='data-engineer' AIRFLOW_CTX_DAG_ID='pipeline_services_publics_togo' AIRFLOW_CTX_TASK_ID='check_mongodb' AIRFLOW_CTX_EXECUTION_DATE='2025-12-20T02:00:00+00:00' AIRFLOW_CTX_TRY_NUMBER='1' AIRFLOW_CTX_DAG_RUN_ID='scheduled__2025-12-20T02:00:00+00:00'
[2025-12-21T15:07:32.418+0000] {logging_mixin.py:188} INFO - ✓ MongoDB OK (2717 documents)
[2025-12-21T15:07:32.418+0000] {python.py:201} INFO - Done. Returned value was: None
[2025-12-21T15:07:32.432+0000] {taskinstance.py:1138} INFO - Marking task as SUCCESS. dag_id=pipeline_services_publics_togo, task_id=check_mongodb, execution_date=20251220T020000, start_date=20251221T150732, end_date=20251221T150732
[2025-12-21T15:07:32.483+0000] {local_task_job_runner.py:234} INFO - Task exited with return code 0
[2025-12-21T15:07:32.516+0000] {taskinstance.py:3281} INFO - 1 downstream tasks scheduled from follow-on schedule check
[2025-12-21T18:06:11.675+0000] {taskinstance.py:1957} INFO - Dependencies all met for dep_context=non-requeueable deps ti=<TaskInstance: pipeline_services_publics_togo.check_mongodb scheduled__2025-12-20T02:00:00+00:00 [queued]>
[2025-12-21T18:06:11.689+0000] {taskinstance.py:1957} INFO - Dependencies all met for dep_context=requeueable deps ti=<TaskInstance: pipeline_services_publics_togo.check_mongodb scheduled__2025-12-20T02:00:00+00:00 [queued]>
[2025-12-21T18:06:11.690+0000] {taskinstance.py:2171} INFO - Starting attempt 1 of 3
[2025-12-21T18:06:11.708+0000] {taskinstance.py:2192} INFO - Executing <Task(PythonOperator): check_mongodb> on 2025-12-20 02:00:00+00:00
[2025-12-21T18:06:11.714+0000] {standard_task_runner.py:60} INFO - Started process 205 to run task
[2025-12-21T18:06:11.720+0000] {standard_task_runner.py:87} INFO - Running: ['***', 'tasks', 'run', 'pipeline_services_publics_togo', 'check_mongodb', 'scheduled__2025-12-20T02:00:00+00:00', '--job-id', '5', '--raw', '--subdir', 'DAGS_FOLDER/pipeline_services_publics.py', '--cfg-path', '/tmp/tmpp386souf']
[2025-12-21T18:06:11.722+0000] {standard_task_runner.py:88} INFO - Job 5: Subtask check_mongodb
[2025-12-21T18:06:11.788+0000] {task_command.py:423} INFO - Running <TaskInstance: pipeline_services_publics_togo.check_mongodb scheduled__2025-12-20T02:00:00+00:00 [running]> on host eb697cfec325
[2025-12-21T18:06:11.883+0000] {taskinstance.py:2481} INFO - Exporting env vars: AIRFLOW_CTX_DAG_OWNER='data-engineer' AIRFLOW_CTX_DAG_ID='pipeline_services_publics_togo' AIRFLOW_CTX_TASK_ID='check_mongodb' AIRFLOW_CTX_EXECUTION_DATE='2025-12-20T02:00:00+00:00' AIRFLOW_CTX_TRY_NUMBER='1' AIRFLOW_CTX_DAG_RUN_ID='scheduled__2025-12-20T02:00:00+00:00'
[2025-12-21T18:06:12.008+0000] {logging_mixin.py:188} INFO - ✓ MongoDB OK (8829 documents)
[2025-12-21T18:06:12.008+0000] {python.py:201} INFO - Done. Returned value was: None
[2025-12-21T18:06:12.022+0000] {taskinstance.py:1138} INFO - Marking task as SUCCESS. dag_id=pipeline_services_publics_togo, task_id=check_mongodb, execution_date=20251220T020000, start_date=20251221T180611, end_date=20251221T180612
[2025-12-21T18:06:12.057+0000] {local_task_job_runner.py:234} INFO - Task exited with return code 0
[2025-12-21T18:06:12.096+0000] {taskinstance.py:3281} INFO - 1 downstream tasks scheduled from follow-on schedule check
[2025-12-21T19:14:45.985+0000] {taskinstance.py:1957} INFO - Dependencies all met for dep_context=non-requeueable deps ti=<TaskInstance: pipeline_services_publics_togo.check_mongodb scheduled__2025-12-20T02:00:00+00:00 [queued]>
[2025-12-21T19:14:46.000+0000] {taskinstance.py:1957} INFO - Dependencies all met for dep_context=requeueable deps ti=<TaskInstance: pipeline_services_publics_togo.check_mongodb scheduled__2025-12-20T02:00:00+00:00 [queued]>
[2025-12-21T19:14:46.000+0000] {taskinstance.py:2171} INFO - Starting attempt 1 of 3
[2025-12-21T19:14:46.020+0000] {taskinstance.py:2192} INFO - Executing <Task(PythonOperator): check_mongodb> on 2025-12-20 02:00:00+00:00
[2025-12-21T19:14:46.025+0000] {standard_task_runner.py:60} INFO - Started process 196 to run task
[2025-12-21T19:14:46.031+0000] {standard_task_runner.py:87} INFO - Running: ['***', 'tasks', 'run', 'pipeline_services_publics_togo', 'check_mongodb', 'scheduled__2025-12-20T02:00:00+00:00', '--job-id', '5', '--raw', '--subdir', 'DAGS_FOLDER/pipeline_services_publics.py', '--cfg-path', '/tmp/tmp5bzj80vg']
[2025-12-21T19:14:46.034+0000] {standard_task_runner.py:88} INFO - Job 5: Subtask check_mongodb
[2025-12-21T19:14:46.103+0000] {task_command.py:423} INFO - Running <TaskInstance: pipeline_services_publics_togo.check_mongodb scheduled__2025-12-20T02:00:00+00:00 [running]> on host 8a1c1bf9c649
[2025-12-21T19:14:46.201+0000] {taskinstance.py:2481} INFO - Exporting env vars: AIRFLOW_CTX_DAG_OWNER='data-engineer' AIRFLOW_CTX_DAG_ID='pipeline_services_publics_togo' AIRFLOW_CTX_TASK_ID='check_mongodb' AIRFLOW_CTX_EXECUTION_DATE='2025-12-20T02:00:00+00:00' AIRFLOW_CTX_TRY_NUMBER='1' AIRFLOW_CTX_DAG_RUN_ID='scheduled__2025-12-20T02:00:00+00:00'
[2025-12-21T19:14:46.316+0000] {logging_mixin.py:188} INFO - ✓ MongoDB OK (8829 documents)
[2025-12-21T19:14:46.317+0000] {python.py:201} INFO - Done. Returned value was: None
[2025-12-21T19:14:46.331+0000] {taskinstance.py:1138} INFO - Marking task as SUCCESS. dag_id=pipeline_services_publics_togo, task_id=check_mongodb, execution_date=20251220T020000, start_date=20251221T191445, end_date=20251221T191446
[2025-12-21T19:14:46.369+0000] {local_task_job_runner.py:234} INFO - Task exited with return code 0
[2025-12-21T19:14:46.406+0000] {taskinstance.py:3281} INFO - 1 downstream tasks scheduled from follow-on schedule check
