[2025-12-21T05:32:35.592+0000] {taskinstance.py:1957} INFO - Dependencies all met for dep_context=non-requeueable deps ti=<TaskInstance: pipeline_services_publics_togo.check_mongodb scheduled__2025-12-20T02:00:00+00:00 [queued]>
[2025-12-21T05:32:35.602+0000] {taskinstance.py:1957} INFO - Dependencies all met for dep_context=requeueable deps ti=<TaskInstance: pipeline_services_publics_togo.check_mongodb scheduled__2025-12-20T02:00:00+00:00 [queued]>
[2025-12-21T05:32:35.603+0000] {taskinstance.py:2171} INFO - Starting attempt 3 of 3
[2025-12-21T05:32:35.620+0000] {taskinstance.py:2192} INFO - Executing <Task(PythonOperator): check_mongodb> on 2025-12-20 02:00:00+00:00
[2025-12-21T05:32:35.624+0000] {standard_task_runner.py:60} INFO - Started process 312 to run task
[2025-12-21T05:32:35.628+0000] {standard_task_runner.py:87} INFO - Running: ['***', 'tasks', 'run', 'pipeline_services_publics_togo', 'check_mongodb', 'scheduled__2025-12-20T02:00:00+00:00', '--job-id', '7', '--raw', '--subdir', 'DAGS_FOLDER/pipeline_services_publics.py', '--cfg-path', '/tmp/tmpetqznm0s']
[2025-12-21T05:32:35.631+0000] {standard_task_runner.py:88} INFO - Job 7: Subtask check_mongodb
[2025-12-21T05:32:35.701+0000] {task_command.py:423} INFO - Running <TaskInstance: pipeline_services_publics_togo.check_mongodb scheduled__2025-12-20T02:00:00+00:00 [running]> on host f5045d3efd9a
[2025-12-21T05:32:35.801+0000] {taskinstance.py:2481} INFO - Exporting env vars: AIRFLOW_CTX_DAG_OWNER='data-engineer' AIRFLOW_CTX_DAG_ID='pipeline_services_publics_togo' AIRFLOW_CTX_TASK_ID='check_mongodb' AIRFLOW_CTX_EXECUTION_DATE='2025-12-20T02:00:00+00:00' AIRFLOW_CTX_TRY_NUMBER='3' AIRFLOW_CTX_DAG_RUN_ID='scheduled__2025-12-20T02:00:00+00:00'
[2025-12-21T05:32:35.930+0000] {taskinstance.py:2699} ERROR - Task failed with exception
Traceback (most recent call last):
  File "/home/airflow/.local/lib/python3.10/site-packages/airflow/models/taskinstance.py", line 433, in _execute_task
    result = execute_callable(context=context, **execute_callable_kwargs)
  File "/home/airflow/.local/lib/python3.10/site-packages/airflow/operators/python.py", line 199, in execute
    return_value = self.execute_callable()
  File "/home/airflow/.local/lib/python3.10/site-packages/airflow/operators/python.py", line 216, in execute_callable
    return self.python_callable(*self.op_args, **self.op_kwargs)
  File "/opt/airflow/dags/pipeline_services_publics.py", line 51, in check_mongodb_connection
    raise ValueError("La collection MongoDB est vide")
ValueError: La collection MongoDB est vide
[2025-12-21T05:32:35.941+0000] {taskinstance.py:1138} INFO - Marking task as FAILED. dag_id=pipeline_services_publics_togo, task_id=check_mongodb, execution_date=20251220T020000, start_date=20251221T053235, end_date=20251221T053235
[2025-12-21T05:32:35.951+0000] {standard_task_runner.py:107} ERROR - Failed to execute job 7 for task check_mongodb (La collection MongoDB est vide; 312)
[2025-12-21T05:32:35.963+0000] {local_task_job_runner.py:234} INFO - Task exited with return code 1
[2025-12-21T05:32:36.010+0000] {taskinstance.py:3281} INFO - 0 downstream tasks scheduled from follow-on schedule check
[2025-12-21T06:42:05.756+0000] {taskinstance.py:1957} INFO - Dependencies all met for dep_context=non-requeueable deps ti=<TaskInstance: pipeline_services_publics_togo.check_mongodb scheduled__2025-12-20T02:00:00+00:00 [queued]>
[2025-12-21T06:42:05.769+0000] {taskinstance.py:1957} INFO - Dependencies all met for dep_context=requeueable deps ti=<TaskInstance: pipeline_services_publics_togo.check_mongodb scheduled__2025-12-20T02:00:00+00:00 [queued]>
[2025-12-21T06:42:05.770+0000] {taskinstance.py:2171} INFO - Starting attempt 3 of 3
[2025-12-21T06:42:05.789+0000] {taskinstance.py:2192} INFO - Executing <Task(PythonOperator): check_mongodb> on 2025-12-20 02:00:00+00:00
[2025-12-21T06:42:05.796+0000] {standard_task_runner.py:60} INFO - Started process 297 to run task
[2025-12-21T06:42:05.801+0000] {standard_task_runner.py:87} INFO - Running: ['***', 'tasks', 'run', 'pipeline_services_publics_togo', 'check_mongodb', 'scheduled__2025-12-20T02:00:00+00:00', '--job-id', '7', '--raw', '--subdir', 'DAGS_FOLDER/pipeline_services_publics.py', '--cfg-path', '/tmp/tmpeqzsm39y']
[2025-12-21T06:42:05.806+0000] {standard_task_runner.py:88} INFO - Job 7: Subtask check_mongodb
[2025-12-21T06:42:05.912+0000] {task_command.py:423} INFO - Running <TaskInstance: pipeline_services_publics_togo.check_mongodb scheduled__2025-12-20T02:00:00+00:00 [running]> on host 202d668464c4
[2025-12-21T06:42:06.071+0000] {taskinstance.py:2481} INFO - Exporting env vars: AIRFLOW_CTX_DAG_OWNER='data-engineer' AIRFLOW_CTX_DAG_ID='pipeline_services_publics_togo' AIRFLOW_CTX_TASK_ID='check_mongodb' AIRFLOW_CTX_EXECUTION_DATE='2025-12-20T02:00:00+00:00' AIRFLOW_CTX_TRY_NUMBER='3' AIRFLOW_CTX_DAG_RUN_ID='scheduled__2025-12-20T02:00:00+00:00'
[2025-12-21T06:42:06.253+0000] {taskinstance.py:2699} ERROR - Task failed with exception
Traceback (most recent call last):
  File "/home/airflow/.local/lib/python3.10/site-packages/airflow/models/taskinstance.py", line 433, in _execute_task
    result = execute_callable(context=context, **execute_callable_kwargs)
  File "/home/airflow/.local/lib/python3.10/site-packages/airflow/operators/python.py", line 199, in execute
    return_value = self.execute_callable()
  File "/home/airflow/.local/lib/python3.10/site-packages/airflow/operators/python.py", line 216, in execute_callable
    return self.python_callable(*self.op_args, **self.op_kwargs)
  File "/opt/airflow/dags/pipeline_services_publics.py", line 51, in check_mongodb_connection
    raise ValueError("La collection MongoDB est vide")
ValueError: La collection MongoDB est vide
[2025-12-21T06:42:06.268+0000] {taskinstance.py:1138} INFO - Marking task as FAILED. dag_id=pipeline_services_publics_togo, task_id=check_mongodb, execution_date=20251220T020000, start_date=20251221T064205, end_date=20251221T064206
[2025-12-21T06:42:06.287+0000] {standard_task_runner.py:107} ERROR - Failed to execute job 7 for task check_mongodb (La collection MongoDB est vide; 297)
[2025-12-21T06:42:06.335+0000] {local_task_job_runner.py:234} INFO - Task exited with return code 1
[2025-12-21T06:42:06.408+0000] {taskinstance.py:3281} INFO - 0 downstream tasks scheduled from follow-on schedule check
