[2025-12-21T07:45:55.907+0000] {taskinstance.py:1957} INFO - Dependencies all met for dep_context=non-requeueable deps ti=<TaskInstance: pipeline_services_publics_togo.load_data_to_mongo manual__2025-12-21T07:45:54.674259+00:00 [queued]>
[2025-12-21T07:45:55.916+0000] {taskinstance.py:1957} INFO - Dependencies all met for dep_context=requeueable deps ti=<TaskInstance: pipeline_services_publics_togo.load_data_to_mongo manual__2025-12-21T07:45:54.674259+00:00 [queued]>
[2025-12-21T07:45:55.917+0000] {taskinstance.py:2171} INFO - Starting attempt 1 of 3
[2025-12-21T07:45:55.931+0000] {taskinstance.py:2192} INFO - Executing <Task(BashOperator): load_data_to_mongo> on 2025-12-21 07:45:54.674259+00:00
[2025-12-21T07:45:55.935+0000] {standard_task_runner.py:60} INFO - Started process 175 to run task
[2025-12-21T07:45:55.938+0000] {standard_task_runner.py:87} INFO - Running: ['***', 'tasks', 'run', 'pipeline_services_publics_togo', 'load_data_to_mongo', 'manual__2025-12-21T07:45:54.674259+00:00', '--job-id', '13', '--raw', '--subdir', 'DAGS_FOLDER/pipeline_services_publics.py', '--cfg-path', '/tmp/tmpfzhmtffd']
[2025-12-21T07:45:55.941+0000] {standard_task_runner.py:88} INFO - Job 13: Subtask load_data_to_mongo
[2025-12-21T07:45:56.005+0000] {task_command.py:423} INFO - Running <TaskInstance: pipeline_services_publics_togo.load_data_to_mongo manual__2025-12-21T07:45:54.674259+00:00 [running]> on host a4a729c10ab9
[2025-12-21T07:45:56.157+0000] {taskinstance.py:2481} INFO - Exporting env vars: AIRFLOW_CTX_DAG_OWNER='data-engineer' AIRFLOW_CTX_DAG_ID='pipeline_services_publics_togo' AIRFLOW_CTX_TASK_ID='load_data_to_mongo' AIRFLOW_CTX_EXECUTION_DATE='2025-12-21T07:45:54.674259+00:00' AIRFLOW_CTX_TRY_NUMBER='1' AIRFLOW_CTX_DAG_RUN_ID='manual__2025-12-21T07:45:54.674259+00:00'
[2025-12-21T07:45:56.160+0000] {subprocess.py:63} INFO - Tmp dir root location: /tmp
[2025-12-21T07:45:56.162+0000] {subprocess.py:75} INFO - Running command: ['/usr/bin/bash', '-c', '\n    python /opt/***/scripts/load_data_to_mongo.py     /opt/***/data/demandes_services_publics_togo.json\n    ']
[2025-12-21T07:45:56.188+0000] {subprocess.py:86} INFO - Output:
[2025-12-21T07:45:57.689+0000] {subprocess.py:93} INFO - 
[2025-12-21T07:45:57.690+0000] {subprocess.py:93} INFO - Fichier source: /opt/***/data/demandes_services_publics_togo.json
[2025-12-21T07:45:57.690+0000] {subprocess.py:93} INFO - ================================================================================
[2025-12-21T07:45:57.690+0000] {subprocess.py:93} INFO - CHARGEMENT DES DONNÉES DANS MONGODB
[2025-12-21T07:45:57.690+0000] {subprocess.py:93} INFO - ================================================================================
[2025-12-21T07:45:57.690+0000] {subprocess.py:93} INFO - 
[2025-12-21T07:45:57.690+0000] {subprocess.py:93} INFO - [1/3] Connexion à MongoDB...
[2025-12-21T07:45:57.691+0000] {subprocess.py:93} INFO - ✓ Connexion établie
[2025-12-21T07:45:57.691+0000] {subprocess.py:93} INFO - 
[2025-12-21T07:45:57.691+0000] {subprocess.py:93} INFO - [2/3] Lecture du fichier: /opt/***/data/demandes_services_publics_togo.json
[2025-12-21T07:45:57.691+0000] {subprocess.py:93} INFO - ✓ 10000 documents lus
[2025-12-21T07:45:57.691+0000] {subprocess.py:93} INFO - 
[2025-12-21T07:45:57.691+0000] {subprocess.py:93} INFO - [3/3] Upsert des documents dans MongoDB...
[2025-12-21T07:45:57.691+0000] {subprocess.py:93} INFO - ✓ Chargement terminé
[2025-12-21T07:45:57.691+0000] {subprocess.py:93} INFO -   - Insertés   : 2519
[2025-12-21T07:45:57.691+0000] {subprocess.py:93} INFO -   - Modifiés   : 95
[2025-12-21T07:45:57.691+0000] {subprocess.py:93} INFO -   - Matchés    : 293
[2025-12-21T07:45:57.692+0000] {subprocess.py:93} INFO - 
[2025-12-21T07:45:57.692+0000] {subprocess.py:93} INFO - ✓ Total documents en base: 3187
[2025-12-21T07:45:57.952+0000] {subprocess.py:97} INFO - Command exited with return code 0
[2025-12-21T07:45:58.045+0000] {taskinstance.py:1138} INFO - Marking task as SUCCESS. dag_id=pipeline_services_publics_togo, task_id=load_data_to_mongo, execution_date=20251221T074554, start_date=20251221T074555, end_date=20251221T074558
[2025-12-21T07:45:58.123+0000] {local_task_job_runner.py:234} INFO - Task exited with return code 0
[2025-12-21T07:45:58.223+0000] {taskinstance.py:3281} INFO - 1 downstream tasks scheduled from follow-on schedule check
