[2025-12-21T18:52:07.051+0000] {taskinstance.py:1957} INFO - Dependencies all met for dep_context=non-requeueable deps ti=<TaskInstance: pipeline_services_publics_togo.ingestion_mongodb manual__2025-12-21T18:52:00.372464+00:00 [queued]>
[2025-12-21T18:52:07.060+0000] {taskinstance.py:1957} INFO - Dependencies all met for dep_context=requeueable deps ti=<TaskInstance: pipeline_services_publics_togo.ingestion_mongodb manual__2025-12-21T18:52:00.372464+00:00 [queued]>
[2025-12-21T18:52:07.060+0000] {taskinstance.py:2171} INFO - Starting attempt 1 of 3
[2025-12-21T18:52:07.073+0000] {taskinstance.py:2192} INFO - Executing <Task(BashOperator): ingestion_mongodb> on 2025-12-21 18:52:00.372464+00:00
[2025-12-21T18:52:07.078+0000] {standard_task_runner.py:60} INFO - Started process 185 to run task
[2025-12-21T18:52:07.081+0000] {standard_task_runner.py:87} INFO - Running: ['***', 'tasks', 'run', 'pipeline_services_publics_togo', 'ingestion_mongodb', 'manual__2025-12-21T18:52:00.372464+00:00', '--job-id', '24', '--raw', '--subdir', 'DAGS_FOLDER/pipeline_services_publics.py', '--cfg-path', '/tmp/tmp1h4bifd8']
[2025-12-21T18:52:07.083+0000] {standard_task_runner.py:88} INFO - Job 24: Subtask ingestion_mongodb
[2025-12-21T18:52:07.140+0000] {task_command.py:423} INFO - Running <TaskInstance: pipeline_services_publics_togo.ingestion_mongodb manual__2025-12-21T18:52:00.372464+00:00 [running]> on host 023a8baecbce
[2025-12-21T18:52:07.242+0000] {taskinstance.py:2481} INFO - Exporting env vars: AIRFLOW_CTX_DAG_OWNER='data-engineer' AIRFLOW_CTX_DAG_ID='pipeline_services_publics_togo' AIRFLOW_CTX_TASK_ID='ingestion_mongodb' AIRFLOW_CTX_EXECUTION_DATE='2025-12-21T18:52:00.372464+00:00' AIRFLOW_CTX_TRY_NUMBER='1' AIRFLOW_CTX_DAG_RUN_ID='manual__2025-12-21T18:52:00.372464+00:00'
[2025-12-21T18:52:07.243+0000] {subprocess.py:63} INFO - Tmp dir root location: /tmp
[2025-12-21T18:52:07.243+0000] {subprocess.py:75} INFO - Running command: ['/usr/bin/bash', '-c', '\n    /opt/spark/bin/spark-submit       --master spark://spark-master:7077       --jars /opt/spark/jars/mongodb/mongo-spark-connector_2.12-10.5.0.jar,/opt/spark/jars/mongodb/mongodb-driver-sync-5.1.4.jar,/opt/spark/jars/mongodb/bson-5.1.4.jar,/opt/spark/jars/mongodb/mongodb-driver-core-5.1.4.jar,/opt/spark/jars/mongodb/bson-record-codec-5.1.4.jar       --executor-memory 2G       --driver-memory 1G       /opt/***/spark_jobs/ingestion.py\n    ']
[2025-12-21T18:52:07.254+0000] {subprocess.py:86} INFO - Output:
[2025-12-21T18:52:08.908+0000] {subprocess.py:93} INFO - 25/12/21 18:52:08 WARN NativeCodeLoader: Unable to load native-hadoop library for your platform... using builtin-java classes where applicable
[2025-12-21T18:52:09.152+0000] {subprocess.py:93} INFO - 25/12/21 18:52:09 WARN DependencyUtils: Local jar /opt/spark/jars/mongodb/mongo-spark-connector_2.12-10.5.0.jar does not exist, skipping.
[2025-12-21T18:52:09.154+0000] {subprocess.py:93} INFO - 25/12/21 18:52:09 WARN DependencyUtils: Local jar /opt/spark/jars/mongodb/mongodb-driver-sync-5.1.4.jar does not exist, skipping.
[2025-12-21T18:52:09.154+0000] {subprocess.py:93} INFO - 25/12/21 18:52:09 WARN DependencyUtils: Local jar /opt/spark/jars/mongodb/bson-5.1.4.jar does not exist, skipping.
[2025-12-21T18:52:09.155+0000] {subprocess.py:93} INFO - 25/12/21 18:52:09 WARN DependencyUtils: Local jar /opt/spark/jars/mongodb/mongodb-driver-core-5.1.4.jar does not exist, skipping.
[2025-12-21T18:52:09.155+0000] {subprocess.py:93} INFO - 25/12/21 18:52:09 WARN DependencyUtils: Local jar /opt/spark/jars/mongodb/bson-record-codec-5.1.4.jar does not exist, skipping.
[2025-12-21T18:52:09.877+0000] {subprocess.py:93} INFO - 25/12/21 18:52:09 INFO SparkContext: Running Spark version 3.5.1
[2025-12-21T18:52:09.878+0000] {subprocess.py:93} INFO - 25/12/21 18:52:09 INFO SparkContext: OS info Linux, 6.8.0-90-generic, amd64
[2025-12-21T18:52:09.881+0000] {subprocess.py:93} INFO - 25/12/21 18:52:09 INFO SparkContext: Java version 17.0.17
[2025-12-21T18:52:09.912+0000] {subprocess.py:93} INFO - 25/12/21 18:52:09 INFO ResourceUtils: ==============================================================
[2025-12-21T18:52:09.914+0000] {subprocess.py:93} INFO - 25/12/21 18:52:09 INFO ResourceUtils: No custom resources configured for spark.driver.
[2025-12-21T18:52:09.914+0000] {subprocess.py:93} INFO - 25/12/21 18:52:09 INFO ResourceUtils: ==============================================================
[2025-12-21T18:52:09.917+0000] {subprocess.py:93} INFO - 25/12/21 18:52:09 INFO SparkContext: Submitted application: Ingestion_MongoDB_Raw
[2025-12-21T18:52:09.937+0000] {subprocess.py:93} INFO - 25/12/21 18:52:09 INFO ResourceProfile: Default ResourceProfile created, executor resources: Map(memory -> name: memory, amount: 2048, script: , vendor: , offHeap -> name: offHeap, amount: 0, script: , vendor: ), task resources: Map(cpus -> name: cpus, amount: 1.0)
[2025-12-21T18:52:09.947+0000] {subprocess.py:93} INFO - 25/12/21 18:52:09 INFO ResourceProfile: Limiting resource is cpu
[2025-12-21T18:52:09.952+0000] {subprocess.py:93} INFO - 25/12/21 18:52:09 INFO ResourceProfileManager: Added ResourceProfile id: 0
[2025-12-21T18:52:10.014+0000] {subprocess.py:93} INFO - 25/12/21 18:52:10 INFO SecurityManager: Changing view acls to: ***
[2025-12-21T18:52:10.015+0000] {subprocess.py:93} INFO - 25/12/21 18:52:10 INFO SecurityManager: Changing modify acls to: ***
[2025-12-21T18:52:10.016+0000] {subprocess.py:93} INFO - 25/12/21 18:52:10 INFO SecurityManager: Changing view acls groups to:
[2025-12-21T18:52:10.016+0000] {subprocess.py:93} INFO - 25/12/21 18:52:10 INFO SecurityManager: Changing modify acls groups to:
[2025-12-21T18:52:10.016+0000] {subprocess.py:93} INFO - 25/12/21 18:52:10 INFO SecurityManager: SecurityManager: authentication disabled; ui acls disabled; users with view permissions: ***; groups with view permissions: EMPTY; users with modify permissions: ***; groups with modify permissions: EMPTY
[2025-12-21T18:52:10.222+0000] {subprocess.py:93} INFO - 25/12/21 18:52:10 INFO Utils: Successfully started service 'sparkDriver' on port 43483.
[2025-12-21T18:52:10.244+0000] {subprocess.py:93} INFO - 25/12/21 18:52:10 INFO SparkEnv: Registering MapOutputTracker
[2025-12-21T18:52:10.273+0000] {subprocess.py:93} INFO - 25/12/21 18:52:10 INFO SparkEnv: Registering BlockManagerMaster
[2025-12-21T18:52:10.290+0000] {subprocess.py:93} INFO - 25/12/21 18:52:10 INFO BlockManagerMasterEndpoint: Using org.apache.spark.storage.DefaultTopologyMapper for getting topology information
[2025-12-21T18:52:10.291+0000] {subprocess.py:93} INFO - 25/12/21 18:52:10 INFO BlockManagerMasterEndpoint: BlockManagerMasterEndpoint up
[2025-12-21T18:52:10.294+0000] {subprocess.py:93} INFO - 25/12/21 18:52:10 INFO SparkEnv: Registering BlockManagerMasterHeartbeat
[2025-12-21T18:52:10.314+0000] {subprocess.py:93} INFO - 25/12/21 18:52:10 INFO DiskBlockManager: Created local directory at /tmp/blockmgr-ca4abd2a-733c-4077-a0fe-71eceec3fea1
[2025-12-21T18:52:10.328+0000] {subprocess.py:93} INFO - 25/12/21 18:52:10 INFO MemoryStore: MemoryStore started with capacity 434.4 MiB
[2025-12-21T18:52:10.344+0000] {subprocess.py:93} INFO - 25/12/21 18:52:10 INFO SparkEnv: Registering OutputCommitCoordinator
[2025-12-21T18:52:10.477+0000] {subprocess.py:93} INFO - 25/12/21 18:52:10 INFO JettyUtils: Start Jetty 0.0.0.0:4040 for SparkUI
[2025-12-21T18:52:10.544+0000] {subprocess.py:93} INFO - 25/12/21 18:52:10 INFO Utils: Successfully started service 'SparkUI' on port 4040.
[2025-12-21T18:52:10.577+0000] {subprocess.py:93} INFO - 25/12/21 18:52:10 ERROR SparkContext: Failed to add file:/opt/spark/jars/mongodb/mongo-spark-connector_2.12-10.5.0.jar to Spark environment
[2025-12-21T18:52:10.577+0000] {subprocess.py:93} INFO - java.io.FileNotFoundException: Jar /opt/spark/jars/mongodb/mongo-spark-connector_2.12-10.5.0.jar not found
[2025-12-21T18:52:10.578+0000] {subprocess.py:93} INFO - 	at org.apache.spark.SparkContext.addLocalJarFile$1(SparkContext.scala:2100)
[2025-12-21T18:52:10.578+0000] {subprocess.py:93} INFO - 	at org.apache.spark.SparkContext.addJar(SparkContext.scala:2156)
[2025-12-21T18:52:10.578+0000] {subprocess.py:93} INFO - 	at org.apache.spark.SparkContext.$anonfun$new$15(SparkContext.scala:526)
[2025-12-21T18:52:10.578+0000] {subprocess.py:93} INFO - 	at org.apache.spark.SparkContext.$anonfun$new$15$adapted(SparkContext.scala:526)
[2025-12-21T18:52:10.579+0000] {subprocess.py:93} INFO - 	at scala.collection.mutable.ResizableArray.foreach(ResizableArray.scala:62)
[2025-12-21T18:52:10.579+0000] {subprocess.py:93} INFO - 	at scala.collection.mutable.ResizableArray.foreach$(ResizableArray.scala:55)
[2025-12-21T18:52:10.579+0000] {subprocess.py:93} INFO - 	at scala.collection.mutable.ArrayBuffer.foreach(ArrayBuffer.scala:49)
[2025-12-21T18:52:10.579+0000] {subprocess.py:93} INFO - 	at org.apache.spark.SparkContext.<init>(SparkContext.scala:526)
[2025-12-21T18:52:10.579+0000] {subprocess.py:93} INFO - 	at org.apache.spark.api.java.JavaSparkContext.<init>(JavaSparkContext.scala:58)
[2025-12-21T18:52:10.579+0000] {subprocess.py:93} INFO - 	at java.base/jdk.internal.reflect.NativeConstructorAccessorImpl.newInstance0(Native Method)
[2025-12-21T18:52:10.579+0000] {subprocess.py:93} INFO - 	at java.base/jdk.internal.reflect.NativeConstructorAccessorImpl.newInstance(NativeConstructorAccessorImpl.java:77)
[2025-12-21T18:52:10.579+0000] {subprocess.py:93} INFO - 	at java.base/jdk.internal.reflect.DelegatingConstructorAccessorImpl.newInstance(DelegatingConstructorAccessorImpl.java:45)
[2025-12-21T18:52:10.579+0000] {subprocess.py:93} INFO - 	at java.base/java.lang.reflect.Constructor.newInstanceWithCaller(Constructor.java:500)
[2025-12-21T18:52:10.579+0000] {subprocess.py:93} INFO - 	at java.base/java.lang.reflect.Constructor.newInstance(Constructor.java:481)
[2025-12-21T18:52:10.580+0000] {subprocess.py:93} INFO - 	at py4j.reflection.MethodInvoker.invoke(MethodInvoker.java:247)
[2025-12-21T18:52:10.580+0000] {subprocess.py:93} INFO - 	at py4j.reflection.ReflectionEngine.invoke(ReflectionEngine.java:374)
[2025-12-21T18:52:10.580+0000] {subprocess.py:93} INFO - 	at py4j.Gateway.invoke(Gateway.java:238)
[2025-12-21T18:52:10.580+0000] {subprocess.py:93} INFO - 	at py4j.commands.ConstructorCommand.invokeConstructor(ConstructorCommand.java:80)
[2025-12-21T18:52:10.580+0000] {subprocess.py:93} INFO - 	at py4j.commands.ConstructorCommand.execute(ConstructorCommand.java:69)
[2025-12-21T18:52:10.580+0000] {subprocess.py:93} INFO - 	at py4j.ClientServerConnection.waitForCommands(ClientServerConnection.java:182)
[2025-12-21T18:52:10.580+0000] {subprocess.py:93} INFO - 	at py4j.ClientServerConnection.run(ClientServerConnection.java:106)
[2025-12-21T18:52:10.580+0000] {subprocess.py:93} INFO - 	at java.base/java.lang.Thread.run(Thread.java:840)
[2025-12-21T18:52:10.580+0000] {subprocess.py:93} INFO - 25/12/21 18:52:10 ERROR SparkContext: Failed to add file:/opt/spark/jars/mongodb/mongodb-driver-sync-5.1.4.jar to Spark environment
[2025-12-21T18:52:10.580+0000] {subprocess.py:93} INFO - java.io.FileNotFoundException: Jar /opt/spark/jars/mongodb/mongodb-driver-sync-5.1.4.jar not found
[2025-12-21T18:52:10.581+0000] {subprocess.py:93} INFO - 	at org.apache.spark.SparkContext.addLocalJarFile$1(SparkContext.scala:2100)
[2025-12-21T18:52:10.581+0000] {subprocess.py:93} INFO - 	at org.apache.spark.SparkContext.addJar(SparkContext.scala:2156)
[2025-12-21T18:52:10.582+0000] {subprocess.py:93} INFO - 	at org.apache.spark.SparkContext.$anonfun$new$15(SparkContext.scala:526)
[2025-12-21T18:52:10.582+0000] {subprocess.py:93} INFO - 	at org.apache.spark.SparkContext.$anonfun$new$15$adapted(SparkContext.scala:526)
[2025-12-21T18:52:10.583+0000] {subprocess.py:93} INFO - 	at scala.collection.mutable.ResizableArray.foreach(ResizableArray.scala:62)
[2025-12-21T18:52:10.583+0000] {subprocess.py:93} INFO - 	at scala.collection.mutable.ResizableArray.foreach$(ResizableArray.scala:55)
[2025-12-21T18:52:10.584+0000] {subprocess.py:93} INFO - 	at scala.collection.mutable.ArrayBuffer.foreach(ArrayBuffer.scala:49)
[2025-12-21T18:52:10.585+0000] {subprocess.py:93} INFO - 	at org.apache.spark.SparkContext.<init>(SparkContext.scala:526)
[2025-12-21T18:52:10.585+0000] {subprocess.py:93} INFO - 	at org.apache.spark.api.java.JavaSparkContext.<init>(JavaSparkContext.scala:58)
[2025-12-21T18:52:10.586+0000] {subprocess.py:93} INFO - 	at java.base/jdk.internal.reflect.NativeConstructorAccessorImpl.newInstance0(Native Method)
[2025-12-21T18:52:10.586+0000] {subprocess.py:93} INFO - 	at java.base/jdk.internal.reflect.NativeConstructorAccessorImpl.newInstance(NativeConstructorAccessorImpl.java:77)
[2025-12-21T18:52:10.587+0000] {subprocess.py:93} INFO - 	at java.base/jdk.internal.reflect.DelegatingConstructorAccessorImpl.newInstance(DelegatingConstructorAccessorImpl.java:45)
[2025-12-21T18:52:10.587+0000] {subprocess.py:93} INFO - 	at java.base/java.lang.reflect.Constructor.newInstanceWithCaller(Constructor.java:500)
[2025-12-21T18:52:10.589+0000] {subprocess.py:93} INFO - 	at java.base/java.lang.reflect.Constructor.newInstance(Constructor.java:481)
[2025-12-21T18:52:10.589+0000] {subprocess.py:93} INFO - 	at py4j.reflection.MethodInvoker.invoke(MethodInvoker.java:247)
[2025-12-21T18:52:10.590+0000] {subprocess.py:93} INFO - 	at py4j.reflection.ReflectionEngine.invoke(ReflectionEngine.java:374)
[2025-12-21T18:52:10.590+0000] {subprocess.py:93} INFO - 	at py4j.Gateway.invoke(Gateway.java:238)
[2025-12-21T18:52:10.591+0000] {subprocess.py:93} INFO - 	at py4j.commands.ConstructorCommand.invokeConstructor(ConstructorCommand.java:80)
[2025-12-21T18:52:10.591+0000] {subprocess.py:93} INFO - 	at py4j.commands.ConstructorCommand.execute(ConstructorCommand.java:69)
[2025-12-21T18:52:10.591+0000] {subprocess.py:93} INFO - 	at py4j.ClientServerConnection.waitForCommands(ClientServerConnection.java:182)
[2025-12-21T18:52:10.592+0000] {subprocess.py:93} INFO - 	at py4j.ClientServerConnection.run(ClientServerConnection.java:106)
[2025-12-21T18:52:10.592+0000] {subprocess.py:93} INFO - 	at java.base/java.lang.Thread.run(Thread.java:840)
[2025-12-21T18:52:10.593+0000] {subprocess.py:93} INFO - 25/12/21 18:52:10 ERROR SparkContext: Failed to add file:/opt/spark/jars/mongodb/bson-5.1.4.jar to Spark environment
[2025-12-21T18:52:10.593+0000] {subprocess.py:93} INFO - java.io.FileNotFoundException: Jar /opt/spark/jars/mongodb/bson-5.1.4.jar not found
[2025-12-21T18:52:10.594+0000] {subprocess.py:93} INFO - 	at org.apache.spark.SparkContext.addLocalJarFile$1(SparkContext.scala:2100)
[2025-12-21T18:52:10.594+0000] {subprocess.py:93} INFO - 	at org.apache.spark.SparkContext.addJar(SparkContext.scala:2156)
[2025-12-21T18:52:10.594+0000] {subprocess.py:93} INFO - 	at org.apache.spark.SparkContext.$anonfun$new$15(SparkContext.scala:526)
[2025-12-21T18:52:10.594+0000] {subprocess.py:93} INFO - 	at org.apache.spark.SparkContext.$anonfun$new$15$adapted(SparkContext.scala:526)
[2025-12-21T18:52:10.594+0000] {subprocess.py:93} INFO - 	at scala.collection.mutable.ResizableArray.foreach(ResizableArray.scala:62)
[2025-12-21T18:52:10.594+0000] {subprocess.py:93} INFO - 	at scala.collection.mutable.ResizableArray.foreach$(ResizableArray.scala:55)
[2025-12-21T18:52:10.594+0000] {subprocess.py:93} INFO - 	at scala.collection.mutable.ArrayBuffer.foreach(ArrayBuffer.scala:49)
[2025-12-21T18:52:10.595+0000] {subprocess.py:93} INFO - 	at org.apache.spark.SparkContext.<init>(SparkContext.scala:526)
[2025-12-21T18:52:10.595+0000] {subprocess.py:93} INFO - 	at org.apache.spark.api.java.JavaSparkContext.<init>(JavaSparkContext.scala:58)
[2025-12-21T18:52:10.595+0000] {subprocess.py:93} INFO - 	at java.base/jdk.internal.reflect.NativeConstructorAccessorImpl.newInstance0(Native Method)
[2025-12-21T18:52:10.595+0000] {subprocess.py:93} INFO - 	at java.base/jdk.internal.reflect.NativeConstructorAccessorImpl.newInstance(NativeConstructorAccessorImpl.java:77)
[2025-12-21T18:52:10.595+0000] {subprocess.py:93} INFO - 	at java.base/jdk.internal.reflect.DelegatingConstructorAccessorImpl.newInstance(DelegatingConstructorAccessorImpl.java:45)
[2025-12-21T18:52:10.595+0000] {subprocess.py:93} INFO - 	at java.base/java.lang.reflect.Constructor.newInstanceWithCaller(Constructor.java:500)
[2025-12-21T18:52:10.595+0000] {subprocess.py:93} INFO - 	at java.base/java.lang.reflect.Constructor.newInstance(Constructor.java:481)
[2025-12-21T18:52:10.595+0000] {subprocess.py:93} INFO - 	at py4j.reflection.MethodInvoker.invoke(MethodInvoker.java:247)
[2025-12-21T18:52:10.595+0000] {subprocess.py:93} INFO - 	at py4j.reflection.ReflectionEngine.invoke(ReflectionEngine.java:374)
[2025-12-21T18:52:10.595+0000] {subprocess.py:93} INFO - 	at py4j.Gateway.invoke(Gateway.java:238)
[2025-12-21T18:52:10.596+0000] {subprocess.py:93} INFO - 	at py4j.commands.ConstructorCommand.invokeConstructor(ConstructorCommand.java:80)
[2025-12-21T18:52:10.596+0000] {subprocess.py:93} INFO - 	at py4j.commands.ConstructorCommand.execute(ConstructorCommand.java:69)
[2025-12-21T18:52:10.596+0000] {subprocess.py:93} INFO - 	at py4j.ClientServerConnection.waitForCommands(ClientServerConnection.java:182)
[2025-12-21T18:52:10.596+0000] {subprocess.py:93} INFO - 	at py4j.ClientServerConnection.run(ClientServerConnection.java:106)
[2025-12-21T18:52:10.596+0000] {subprocess.py:93} INFO - 	at java.base/java.lang.Thread.run(Thread.java:840)
[2025-12-21T18:52:10.596+0000] {subprocess.py:93} INFO - 25/12/21 18:52:10 ERROR SparkContext: Failed to add file:/opt/spark/jars/mongodb/mongodb-driver-core-5.1.4.jar to Spark environment
[2025-12-21T18:52:10.596+0000] {subprocess.py:93} INFO - java.io.FileNotFoundException: Jar /opt/spark/jars/mongodb/mongodb-driver-core-5.1.4.jar not found
[2025-12-21T18:52:10.596+0000] {subprocess.py:93} INFO - 	at org.apache.spark.SparkContext.addLocalJarFile$1(SparkContext.scala:2100)
[2025-12-21T18:52:10.596+0000] {subprocess.py:93} INFO - 	at org.apache.spark.SparkContext.addJar(SparkContext.scala:2156)
[2025-12-21T18:52:10.596+0000] {subprocess.py:93} INFO - 	at org.apache.spark.SparkContext.$anonfun$new$15(SparkContext.scala:526)
[2025-12-21T18:52:10.599+0000] {subprocess.py:93} INFO - 	at org.apache.spark.SparkContext.$anonfun$new$15$adapted(SparkContext.scala:526)
[2025-12-21T18:52:10.599+0000] {subprocess.py:93} INFO - 	at scala.collection.mutable.ResizableArray.foreach(ResizableArray.scala:62)
[2025-12-21T18:52:10.600+0000] {subprocess.py:93} INFO - 	at scala.collection.mutable.ResizableArray.foreach$(ResizableArray.scala:55)
[2025-12-21T18:52:10.600+0000] {subprocess.py:93} INFO - 	at scala.collection.mutable.ArrayBuffer.foreach(ArrayBuffer.scala:49)
[2025-12-21T18:52:10.600+0000] {subprocess.py:93} INFO - 	at org.apache.spark.SparkContext.<init>(SparkContext.scala:526)
[2025-12-21T18:52:10.600+0000] {subprocess.py:93} INFO - 	at org.apache.spark.api.java.JavaSparkContext.<init>(JavaSparkContext.scala:58)
[2025-12-21T18:52:10.600+0000] {subprocess.py:93} INFO - 	at java.base/jdk.internal.reflect.NativeConstructorAccessorImpl.newInstance0(Native Method)
[2025-12-21T18:52:10.600+0000] {subprocess.py:93} INFO - 	at java.base/jdk.internal.reflect.NativeConstructorAccessorImpl.newInstance(NativeConstructorAccessorImpl.java:77)
[2025-12-21T18:52:10.600+0000] {subprocess.py:93} INFO - 	at java.base/jdk.internal.reflect.DelegatingConstructorAccessorImpl.newInstance(DelegatingConstructorAccessorImpl.java:45)
[2025-12-21T18:52:10.602+0000] {subprocess.py:93} INFO - 	at java.base/java.lang.reflect.Constructor.newInstanceWithCaller(Constructor.java:500)
[2025-12-21T18:52:10.602+0000] {subprocess.py:93} INFO - 	at java.base/java.lang.reflect.Constructor.newInstance(Constructor.java:481)
[2025-12-21T18:52:10.602+0000] {subprocess.py:93} INFO - 	at py4j.reflection.MethodInvoker.invoke(MethodInvoker.java:247)
[2025-12-21T18:52:10.602+0000] {subprocess.py:93} INFO - 	at py4j.reflection.ReflectionEngine.invoke(ReflectionEngine.java:374)
[2025-12-21T18:52:10.602+0000] {subprocess.py:93} INFO - 	at py4j.Gateway.invoke(Gateway.java:238)
[2025-12-21T18:52:10.602+0000] {subprocess.py:93} INFO - 	at py4j.commands.ConstructorCommand.invokeConstructor(ConstructorCommand.java:80)
[2025-12-21T18:52:10.607+0000] {subprocess.py:93} INFO - 	at py4j.commands.ConstructorCommand.execute(ConstructorCommand.java:69)
[2025-12-21T18:52:10.607+0000] {subprocess.py:93} INFO - 	at py4j.ClientServerConnection.waitForCommands(ClientServerConnection.java:182)
[2025-12-21T18:52:10.608+0000] {subprocess.py:93} INFO - 	at py4j.ClientServerConnection.run(ClientServerConnection.java:106)
[2025-12-21T18:52:10.608+0000] {subprocess.py:93} INFO - 	at java.base/java.lang.Thread.run(Thread.java:840)
[2025-12-21T18:52:10.608+0000] {subprocess.py:93} INFO - 25/12/21 18:52:10 ERROR SparkContext: Failed to add file:/opt/spark/jars/mongodb/bson-record-codec-5.1.4.jar to Spark environment
[2025-12-21T18:52:10.608+0000] {subprocess.py:93} INFO - java.io.FileNotFoundException: Jar /opt/spark/jars/mongodb/bson-record-codec-5.1.4.jar not found
[2025-12-21T18:52:10.609+0000] {subprocess.py:93} INFO - 	at org.apache.spark.SparkContext.addLocalJarFile$1(SparkContext.scala:2100)
[2025-12-21T18:52:10.609+0000] {subprocess.py:93} INFO - 	at org.apache.spark.SparkContext.addJar(SparkContext.scala:2156)
[2025-12-21T18:52:10.610+0000] {subprocess.py:93} INFO - 	at org.apache.spark.SparkContext.$anonfun$new$15(SparkContext.scala:526)
[2025-12-21T18:52:10.610+0000] {subprocess.py:93} INFO - 	at org.apache.spark.SparkContext.$anonfun$new$15$adapted(SparkContext.scala:526)
[2025-12-21T18:52:10.611+0000] {subprocess.py:93} INFO - 	at scala.collection.mutable.ResizableArray.foreach(ResizableArray.scala:62)
[2025-12-21T18:52:10.611+0000] {subprocess.py:93} INFO - 	at scala.collection.mutable.ResizableArray.foreach$(ResizableArray.scala:55)
[2025-12-21T18:52:10.612+0000] {subprocess.py:93} INFO - 	at scala.collection.mutable.ArrayBuffer.foreach(ArrayBuffer.scala:49)
[2025-12-21T18:52:10.612+0000] {subprocess.py:93} INFO - 	at org.apache.spark.SparkContext.<init>(SparkContext.scala:526)
[2025-12-21T18:52:10.613+0000] {subprocess.py:93} INFO - 	at org.apache.spark.api.java.JavaSparkContext.<init>(JavaSparkContext.scala:58)
[2025-12-21T18:52:10.613+0000] {subprocess.py:93} INFO - 	at java.base/jdk.internal.reflect.NativeConstructorAccessorImpl.newInstance0(Native Method)
[2025-12-21T18:52:10.613+0000] {subprocess.py:93} INFO - 	at java.base/jdk.internal.reflect.NativeConstructorAccessorImpl.newInstance(NativeConstructorAccessorImpl.java:77)
[2025-12-21T18:52:10.613+0000] {subprocess.py:93} INFO - 	at java.base/jdk.internal.reflect.DelegatingConstructorAccessorImpl.newInstance(DelegatingConstructorAccessorImpl.java:45)
[2025-12-21T18:52:10.613+0000] {subprocess.py:93} INFO - 	at java.base/java.lang.reflect.Constructor.newInstanceWithCaller(Constructor.java:500)
[2025-12-21T18:52:10.613+0000] {subprocess.py:93} INFO - 	at java.base/java.lang.reflect.Constructor.newInstance(Constructor.java:481)
[2025-12-21T18:52:10.614+0000] {subprocess.py:93} INFO - 	at py4j.reflection.MethodInvoker.invoke(MethodInvoker.java:247)
[2025-12-21T18:52:10.614+0000] {subprocess.py:93} INFO - 	at py4j.reflection.ReflectionEngine.invoke(ReflectionEngine.java:374)
[2025-12-21T18:52:10.614+0000] {subprocess.py:93} INFO - 	at py4j.Gateway.invoke(Gateway.java:238)
[2025-12-21T18:52:10.614+0000] {subprocess.py:93} INFO - 	at py4j.commands.ConstructorCommand.invokeConstructor(ConstructorCommand.java:80)
[2025-12-21T18:52:10.614+0000] {subprocess.py:93} INFO - 	at py4j.commands.ConstructorCommand.execute(ConstructorCommand.java:69)
[2025-12-21T18:52:10.614+0000] {subprocess.py:93} INFO - 	at py4j.ClientServerConnection.waitForCommands(ClientServerConnection.java:182)
[2025-12-21T18:52:10.614+0000] {subprocess.py:93} INFO - 	at py4j.ClientServerConnection.run(ClientServerConnection.java:106)
[2025-12-21T18:52:10.614+0000] {subprocess.py:93} INFO - 	at java.base/java.lang.Thread.run(Thread.java:840)
[2025-12-21T18:52:10.660+0000] {subprocess.py:93} INFO - 25/12/21 18:52:10 INFO StandaloneAppClient$ClientEndpoint: Connecting to master spark://spark-master:7077...
[2025-12-21T18:52:10.709+0000] {subprocess.py:93} INFO - 25/12/21 18:52:10 INFO TransportClientFactory: Successfully created connection to spark-master/172.18.0.3:7077 after 26 ms (0 ms spent in bootstraps)
[2025-12-21T18:52:10.885+0000] {subprocess.py:93} INFO - 25/12/21 18:52:10 INFO StandaloneSchedulerBackend: Connected to Spark cluster with app ID app-20251221185210-0000
[2025-12-21T18:52:10.895+0000] {subprocess.py:93} INFO - 25/12/21 18:52:10 INFO Utils: Successfully started service 'org.apache.spark.network.netty.NettyBlockTransferService' on port 41785.
[2025-12-21T18:52:10.896+0000] {subprocess.py:93} INFO - 25/12/21 18:52:10 INFO NettyBlockTransferService: Server created on 023a8baecbce:41785
[2025-12-21T18:52:10.897+0000] {subprocess.py:93} INFO - 25/12/21 18:52:10 INFO BlockManager: Using org.apache.spark.storage.RandomBlockReplicationPolicy for block replication policy
[2025-12-21T18:52:10.909+0000] {subprocess.py:93} INFO - 25/12/21 18:52:10 INFO BlockManagerMaster: Registering BlockManager BlockManagerId(driver, 023a8baecbce, 41785, None)
[2025-12-21T18:52:10.913+0000] {subprocess.py:93} INFO - 25/12/21 18:52:10 INFO BlockManagerMasterEndpoint: Registering block manager 023a8baecbce:41785 with 434.4 MiB RAM, BlockManagerId(driver, 023a8baecbce, 41785, None)
[2025-12-21T18:52:10.915+0000] {subprocess.py:93} INFO - 25/12/21 18:52:10 INFO BlockManagerMaster: Registered BlockManager BlockManagerId(driver, 023a8baecbce, 41785, None)
[2025-12-21T18:52:10.916+0000] {subprocess.py:93} INFO - 25/12/21 18:52:10 INFO BlockManager: Initialized BlockManager: BlockManagerId(driver, 023a8baecbce, 41785, None)
[2025-12-21T18:52:10.949+0000] {subprocess.py:93} INFO - 25/12/21 18:52:10 INFO StandaloneAppClient$ClientEndpoint: Executor added: app-20251221185210-0000/0 on worker-20251221185113-172.18.0.5-40507 (172.18.0.5:40507) with 2 core(s)
[2025-12-21T18:52:10.958+0000] {subprocess.py:93} INFO - 25/12/21 18:52:10 INFO StandaloneSchedulerBackend: Granted executor ID app-20251221185210-0000/0 on hostPort 172.18.0.5:40507 with 2 core(s), 2.0 GiB RAM
[2025-12-21T18:52:11.199+0000] {subprocess.py:93} INFO - 25/12/21 18:52:11 INFO StandaloneSchedulerBackend: SchedulerBackend is ready for scheduling beginning after reached minRegisteredResourcesRatio: 0.0
[2025-12-21T18:52:11.225+0000] {subprocess.py:93} INFO - 25/12/21 18:52:11 INFO StandaloneAppClient$ClientEndpoint: Executor updated: app-20251221185210-0000/0 is now RUNNING
[2025-12-21T18:52:11.456+0000] {subprocess.py:93} INFO - 25/12/21 18:52:11 INFO SharedState: Setting hive.metastore.warehouse.dir ('null') to the value of spark.sql.warehouse.dir.
[2025-12-21T18:52:11.461+0000] {subprocess.py:93} INFO - 25/12/21 18:52:11 INFO SharedState: Warehouse path is 'file:/tmp/***tmp9ztcmlq0/spark-warehouse'.
[2025-12-21T18:52:13.022+0000] {subprocess.py:93} INFO - Traceback (most recent call last):
[2025-12-21T18:52:13.022+0000] {subprocess.py:93} INFO -   File "/opt/***/spark_jobs/ingestion.py", line 23, in <module>
[2025-12-21T18:52:13.026+0000] {subprocess.py:93} INFO -     df = spark.read.format("mongodb").load()
[2025-12-21T18:52:13.026+0000] {subprocess.py:93} INFO -   File "/opt/spark/python/lib/pyspark.zip/pyspark/sql/readwriter.py", line 314, in load
[2025-12-21T18:52:13.026+0000] {subprocess.py:93} INFO -   File "/opt/spark/python/lib/py4j-0.10.9.7-src.zip/py4j/java_gateway.py", line 1322, in __call__
[2025-12-21T18:52:13.026+0000] {subprocess.py:93} INFO -   File "/opt/spark/python/lib/pyspark.zip/pyspark/errors/exceptions/captured.py", line 179, in deco
[2025-12-21T18:52:13.026+0000] {subprocess.py:93} INFO -   File "/opt/spark/python/lib/py4j-0.10.9.7-src.zip/py4j/protocol.py", line 326, in get_return_value
[2025-12-21T18:52:13.045+0000] {subprocess.py:93} INFO - py4j.protocol.Py4JJavaError: An error occurred while calling o37.load.
[2025-12-21T18:52:13.046+0000] {subprocess.py:93} INFO - : org.apache.spark.SparkClassNotFoundException: [DATA_SOURCE_NOT_FOUND] Failed to find the data source: mongodb. Please find packages at `https://spark.apache.org/third-party-projects.html`.
[2025-12-21T18:52:13.046+0000] {subprocess.py:93} INFO - 	at org.apache.spark.sql.errors.QueryExecutionErrors$.dataSourceNotFoundError(QueryExecutionErrors.scala:724)
[2025-12-21T18:52:13.046+0000] {subprocess.py:93} INFO - 	at org.apache.spark.sql.execution.datasources.DataSource$.lookupDataSource(DataSource.scala:647)
[2025-12-21T18:52:13.046+0000] {subprocess.py:93} INFO - 	at org.apache.spark.sql.execution.datasources.DataSource$.lookupDataSourceV2(DataSource.scala:697)
[2025-12-21T18:52:13.046+0000] {subprocess.py:93} INFO - 	at org.apache.spark.sql.DataFrameReader.load(DataFrameReader.scala:208)
[2025-12-21T18:52:13.046+0000] {subprocess.py:93} INFO - 	at org.apache.spark.sql.DataFrameReader.load(DataFrameReader.scala:172)
[2025-12-21T18:52:13.046+0000] {subprocess.py:93} INFO - 	at java.base/jdk.internal.reflect.NativeMethodAccessorImpl.invoke0(Native Method)
[2025-12-21T18:52:13.046+0000] {subprocess.py:93} INFO - 	at java.base/jdk.internal.reflect.NativeMethodAccessorImpl.invoke(NativeMethodAccessorImpl.java:77)
[2025-12-21T18:52:13.046+0000] {subprocess.py:93} INFO - 	at java.base/jdk.internal.reflect.DelegatingMethodAccessorImpl.invoke(DelegatingMethodAccessorImpl.java:43)
[2025-12-21T18:52:13.047+0000] {subprocess.py:93} INFO - 	at java.base/java.lang.reflect.Method.invoke(Method.java:569)
[2025-12-21T18:52:13.048+0000] {subprocess.py:93} INFO - 	at py4j.reflection.MethodInvoker.invoke(MethodInvoker.java:244)
[2025-12-21T18:52:13.048+0000] {subprocess.py:93} INFO - 	at py4j.reflection.ReflectionEngine.invoke(ReflectionEngine.java:374)
[2025-12-21T18:52:13.049+0000] {subprocess.py:93} INFO - 	at py4j.Gateway.invoke(Gateway.java:282)
[2025-12-21T18:52:13.049+0000] {subprocess.py:93} INFO - 	at py4j.commands.AbstractCommand.invokeMethod(AbstractCommand.java:132)
[2025-12-21T18:52:13.049+0000] {subprocess.py:93} INFO - 	at py4j.commands.CallCommand.execute(CallCommand.java:79)
[2025-12-21T18:52:13.050+0000] {subprocess.py:93} INFO - 	at py4j.ClientServerConnection.waitForCommands(ClientServerConnection.java:182)
[2025-12-21T18:52:13.052+0000] {subprocess.py:93} INFO - 	at py4j.ClientServerConnection.run(ClientServerConnection.java:106)
[2025-12-21T18:52:13.053+0000] {subprocess.py:93} INFO - 	at java.base/java.lang.Thread.run(Thread.java:840)
[2025-12-21T18:52:13.053+0000] {subprocess.py:93} INFO - Caused by: java.lang.ClassNotFoundException: mongodb.DefaultSource
[2025-12-21T18:52:13.054+0000] {subprocess.py:93} INFO - 	at java.base/java.net.URLClassLoader.findClass(URLClassLoader.java:445)
[2025-12-21T18:52:13.054+0000] {subprocess.py:93} INFO - 	at java.base/java.lang.ClassLoader.loadClass(ClassLoader.java:592)
[2025-12-21T18:52:13.054+0000] {subprocess.py:93} INFO - 	at java.base/java.lang.ClassLoader.loadClass(ClassLoader.java:525)
[2025-12-21T18:52:13.055+0000] {subprocess.py:93} INFO - 	at org.apache.spark.sql.execution.datasources.DataSource$.$anonfun$lookupDataSource$5(DataSource.scala:633)
[2025-12-21T18:52:13.055+0000] {subprocess.py:93} INFO - 	at scala.util.Try$.apply(Try.scala:213)
[2025-12-21T18:52:13.056+0000] {subprocess.py:93} INFO - 	at org.apache.spark.sql.execution.datasources.DataSource$.$anonfun$lookupDataSource$4(DataSource.scala:633)
[2025-12-21T18:52:13.056+0000] {subprocess.py:93} INFO - 	at scala.util.Failure.orElse(Try.scala:224)
[2025-12-21T18:52:13.057+0000] {subprocess.py:93} INFO - 	at org.apache.spark.sql.execution.datasources.DataSource$.lookupDataSource(DataSource.scala:633)
[2025-12-21T18:52:13.058+0000] {subprocess.py:93} INFO - 	... 15 more
[2025-12-21T18:52:13.059+0000] {subprocess.py:93} INFO - 
[2025-12-21T18:52:13.087+0000] {subprocess.py:93} INFO - 25/12/21 18:52:13 INFO SparkContext: Invoking stop() from shutdown hook
[2025-12-21T18:52:13.088+0000] {subprocess.py:93} INFO - 25/12/21 18:52:13 INFO SparkContext: SparkContext is stopping with exitCode 0.
[2025-12-21T18:52:13.100+0000] {subprocess.py:93} INFO - 25/12/21 18:52:13 INFO SparkUI: Stopped Spark web UI at http://023a8baecbce:4040
[2025-12-21T18:52:13.112+0000] {subprocess.py:93} INFO - 25/12/21 18:52:13 INFO StandaloneSchedulerBackend: Shutting down all executors
[2025-12-21T18:52:13.114+0000] {subprocess.py:93} INFO - 25/12/21 18:52:13 INFO StandaloneSchedulerBackend$StandaloneDriverEndpoint: Asking each executor to shut down
[2025-12-21T18:52:13.145+0000] {subprocess.py:93} INFO - 25/12/21 18:52:13 INFO MapOutputTrackerMasterEndpoint: MapOutputTrackerMasterEndpoint stopped!
[2025-12-21T18:52:13.162+0000] {subprocess.py:93} INFO - 25/12/21 18:52:13 INFO MemoryStore: MemoryStore cleared
[2025-12-21T18:52:13.163+0000] {subprocess.py:93} INFO - 25/12/21 18:52:13 INFO BlockManager: BlockManager stopped
[2025-12-21T18:52:13.170+0000] {subprocess.py:93} INFO - 25/12/21 18:52:13 INFO BlockManagerMaster: BlockManagerMaster stopped
[2025-12-21T18:52:13.173+0000] {subprocess.py:93} INFO - 25/12/21 18:52:13 INFO OutputCommitCoordinator$OutputCommitCoordinatorEndpoint: OutputCommitCoordinator stopped!
[2025-12-21T18:52:13.187+0000] {subprocess.py:93} INFO - 25/12/21 18:52:13 INFO SparkContext: Successfully stopped SparkContext
[2025-12-21T18:52:13.188+0000] {subprocess.py:93} INFO - 25/12/21 18:52:13 INFO ShutdownHookManager: Shutdown hook called
[2025-12-21T18:52:13.189+0000] {subprocess.py:93} INFO - 25/12/21 18:52:13 INFO ShutdownHookManager: Deleting directory /tmp/spark-0f5461a5-abe2-47a9-a5f6-e176b0cae622/pyspark-0f75fcb7-07a7-48fb-82aa-c4da880db8d6
[2025-12-21T18:52:13.197+0000] {subprocess.py:93} INFO - 25/12/21 18:52:13 INFO ShutdownHookManager: Deleting directory /tmp/spark-83284b78-77d6-4ffc-a910-18ecec7c2045
[2025-12-21T18:52:13.205+0000] {subprocess.py:93} INFO - 25/12/21 18:52:13 INFO ShutdownHookManager: Deleting directory /tmp/spark-0f5461a5-abe2-47a9-a5f6-e176b0cae622
[2025-12-21T18:52:13.266+0000] {subprocess.py:97} INFO - Command exited with return code 1
[2025-12-21T18:52:13.281+0000] {taskinstance.py:2699} ERROR - Task failed with exception
Traceback (most recent call last):
  File "/home/airflow/.local/lib/python3.10/site-packages/airflow/models/taskinstance.py", line 433, in _execute_task
    result = execute_callable(context=context, **execute_callable_kwargs)
  File "/home/airflow/.local/lib/python3.10/site-packages/airflow/operators/bash.py", line 212, in execute
    raise AirflowException(
airflow.exceptions.AirflowException: Bash command failed. The command returned a non-zero exit code 1.
[2025-12-21T18:52:13.284+0000] {taskinstance.py:1138} INFO - Marking task as UP_FOR_RETRY. dag_id=pipeline_services_publics_togo, task_id=ingestion_mongodb, execution_date=20251221T185200, start_date=20251221T185207, end_date=20251221T185213
[2025-12-21T18:52:13.297+0000] {standard_task_runner.py:107} ERROR - Failed to execute job 24 for task ingestion_mongodb (Bash command failed. The command returned a non-zero exit code 1.; 185)
[2025-12-21T18:52:13.329+0000] {local_task_job_runner.py:234} INFO - Task exited with return code 1
[2025-12-21T18:52:13.405+0000] {taskinstance.py:3281} INFO - 0 downstream tasks scheduled from follow-on schedule check
