[2025-12-21T18:57:14.815+0000] {taskinstance.py:1957} INFO - Dependencies all met for dep_context=non-requeueable deps ti=<TaskInstance: pipeline_services_publics_togo.ingestion_mongodb manual__2025-12-21T18:52:00.372464+00:00 [queued]>
[2025-12-21T18:57:14.841+0000] {taskinstance.py:1957} INFO - Dependencies all met for dep_context=requeueable deps ti=<TaskInstance: pipeline_services_publics_togo.ingestion_mongodb manual__2025-12-21T18:52:00.372464+00:00 [queued]>
[2025-12-21T18:57:14.842+0000] {taskinstance.py:2171} INFO - Starting attempt 2 of 3
[2025-12-21T18:57:14.889+0000] {taskinstance.py:2192} INFO - Executing <Task(BashOperator): ingestion_mongodb> on 2025-12-21 18:52:00.372464+00:00
[2025-12-21T18:57:14.910+0000] {standard_task_runner.py:60} INFO - Started process 331 to run task
[2025-12-21T18:57:14.937+0000] {standard_task_runner.py:87} INFO - Running: ['***', 'tasks', 'run', 'pipeline_services_publics_togo', 'ingestion_mongodb', 'manual__2025-12-21T18:52:00.372464+00:00', '--job-id', '31', '--raw', '--subdir', 'DAGS_FOLDER/pipeline_services_publics.py', '--cfg-path', '/tmp/tmpttdiyzhq']
[2025-12-21T18:57:14.951+0000] {standard_task_runner.py:88} INFO - Job 31: Subtask ingestion_mongodb
[2025-12-21T18:57:15.088+0000] {task_command.py:423} INFO - Running <TaskInstance: pipeline_services_publics_togo.ingestion_mongodb manual__2025-12-21T18:52:00.372464+00:00 [running]> on host 7153b8cc9eda
[2025-12-21T18:57:15.181+0000] {taskinstance.py:2481} INFO - Exporting env vars: AIRFLOW_CTX_DAG_OWNER='data-engineer' AIRFLOW_CTX_DAG_ID='pipeline_services_publics_togo' AIRFLOW_CTX_TASK_ID='ingestion_mongodb' AIRFLOW_CTX_EXECUTION_DATE='2025-12-21T18:52:00.372464+00:00' AIRFLOW_CTX_TRY_NUMBER='2' AIRFLOW_CTX_DAG_RUN_ID='manual__2025-12-21T18:52:00.372464+00:00'
[2025-12-21T18:57:15.182+0000] {subprocess.py:63} INFO - Tmp dir root location: /tmp
[2025-12-21T18:57:15.182+0000] {subprocess.py:75} INFO - Running command: ['/usr/bin/bash', '-c', '\n    /opt/spark/bin/spark-submit       --master spark://spark-master:7077       --jars /opt/spark/jars/mongodb/mongo-spark-connector_2.12-10.5.0.jar,/opt/spark/jars/mongodb/mongodb-driver-sync-5.1.4.jar,/opt/spark/jars/mongodb/bson-5.1.4.jar,/opt/spark/jars/mongodb/mongodb-driver-core-5.1.4.jar,/opt/spark/jars/mongodb/bson-record-codec-5.1.4.jar       --executor-memory 2G       --driver-memory 1G       /opt/***/spark_jobs/ingestion.py\n    ']
[2025-12-21T18:57:15.194+0000] {subprocess.py:86} INFO - Output:
[2025-12-21T18:57:17.575+0000] {subprocess.py:93} INFO - 25/12/21 18:57:17 WARN NativeCodeLoader: Unable to load native-hadoop library for your platform... using builtin-java classes where applicable
[2025-12-21T18:57:17.744+0000] {subprocess.py:93} INFO - 25/12/21 18:57:17 WARN DependencyUtils: Local jar /opt/spark/jars/mongodb/mongo-spark-connector_2.12-10.5.0.jar does not exist, skipping.
[2025-12-21T18:57:17.745+0000] {subprocess.py:93} INFO - 25/12/21 18:57:17 WARN DependencyUtils: Local jar /opt/spark/jars/mongodb/mongodb-driver-sync-5.1.4.jar does not exist, skipping.
[2025-12-21T18:57:17.745+0000] {subprocess.py:93} INFO - 25/12/21 18:57:17 WARN DependencyUtils: Local jar /opt/spark/jars/mongodb/bson-5.1.4.jar does not exist, skipping.
[2025-12-21T18:57:17.745+0000] {subprocess.py:93} INFO - 25/12/21 18:57:17 WARN DependencyUtils: Local jar /opt/spark/jars/mongodb/mongodb-driver-core-5.1.4.jar does not exist, skipping.
[2025-12-21T18:57:17.745+0000] {subprocess.py:93} INFO - 25/12/21 18:57:17 WARN DependencyUtils: Local jar /opt/spark/jars/mongodb/bson-record-codec-5.1.4.jar does not exist, skipping.
[2025-12-21T18:57:18.472+0000] {subprocess.py:93} INFO - 25/12/21 18:57:18 INFO SparkContext: Running Spark version 3.5.1
[2025-12-21T18:57:18.473+0000] {subprocess.py:93} INFO - 25/12/21 18:57:18 INFO SparkContext: OS info Linux, 6.8.0-90-generic, amd64
[2025-12-21T18:57:18.473+0000] {subprocess.py:93} INFO - 25/12/21 18:57:18 INFO SparkContext: Java version 17.0.17
[2025-12-21T18:57:18.505+0000] {subprocess.py:93} INFO - 25/12/21 18:57:18 INFO ResourceUtils: ==============================================================
[2025-12-21T18:57:18.505+0000] {subprocess.py:93} INFO - 25/12/21 18:57:18 INFO ResourceUtils: No custom resources configured for spark.driver.
[2025-12-21T18:57:18.506+0000] {subprocess.py:93} INFO - 25/12/21 18:57:18 INFO ResourceUtils: ==============================================================
[2025-12-21T18:57:18.506+0000] {subprocess.py:93} INFO - 25/12/21 18:57:18 INFO SparkContext: Submitted application: Ingestion_MongoDB_Raw
[2025-12-21T18:57:18.530+0000] {subprocess.py:93} INFO - 25/12/21 18:57:18 INFO ResourceProfile: Default ResourceProfile created, executor resources: Map(memory -> name: memory, amount: 2048, script: , vendor: , offHeap -> name: offHeap, amount: 0, script: , vendor: ), task resources: Map(cpus -> name: cpus, amount: 1.0)
[2025-12-21T18:57:18.539+0000] {subprocess.py:93} INFO - 25/12/21 18:57:18 INFO ResourceProfile: Limiting resource is cpu
[2025-12-21T18:57:18.541+0000] {subprocess.py:93} INFO - 25/12/21 18:57:18 INFO ResourceProfileManager: Added ResourceProfile id: 0
[2025-12-21T18:57:18.593+0000] {subprocess.py:93} INFO - 25/12/21 18:57:18 INFO SecurityManager: Changing view acls to: ***
[2025-12-21T18:57:18.593+0000] {subprocess.py:93} INFO - 25/12/21 18:57:18 INFO SecurityManager: Changing modify acls to: ***
[2025-12-21T18:57:18.593+0000] {subprocess.py:93} INFO - 25/12/21 18:57:18 INFO SecurityManager: Changing view acls groups to:
[2025-12-21T18:57:18.593+0000] {subprocess.py:93} INFO - 25/12/21 18:57:18 INFO SecurityManager: Changing modify acls groups to:
[2025-12-21T18:57:18.594+0000] {subprocess.py:93} INFO - 25/12/21 18:57:18 INFO SecurityManager: SecurityManager: authentication disabled; ui acls disabled; users with view permissions: ***; groups with view permissions: EMPTY; users with modify permissions: ***; groups with modify permissions: EMPTY
[2025-12-21T18:57:18.787+0000] {subprocess.py:93} INFO - 25/12/21 18:57:18 INFO Utils: Successfully started service 'sparkDriver' on port 33267.
[2025-12-21T18:57:18.814+0000] {subprocess.py:93} INFO - 25/12/21 18:57:18 INFO SparkEnv: Registering MapOutputTracker
[2025-12-21T18:57:18.854+0000] {subprocess.py:93} INFO - 25/12/21 18:57:18 INFO SparkEnv: Registering BlockManagerMaster
[2025-12-21T18:57:18.872+0000] {subprocess.py:93} INFO - 25/12/21 18:57:18 INFO BlockManagerMasterEndpoint: Using org.apache.spark.storage.DefaultTopologyMapper for getting topology information
[2025-12-21T18:57:18.873+0000] {subprocess.py:93} INFO - 25/12/21 18:57:18 INFO BlockManagerMasterEndpoint: BlockManagerMasterEndpoint up
[2025-12-21T18:57:18.877+0000] {subprocess.py:93} INFO - 25/12/21 18:57:18 INFO SparkEnv: Registering BlockManagerMasterHeartbeat
[2025-12-21T18:57:18.896+0000] {subprocess.py:93} INFO - 25/12/21 18:57:18 INFO DiskBlockManager: Created local directory at /tmp/blockmgr-168f0b39-64cc-4758-86d5-9d3bd338773a
[2025-12-21T18:57:18.910+0000] {subprocess.py:93} INFO - 25/12/21 18:57:18 INFO MemoryStore: MemoryStore started with capacity 434.4 MiB
[2025-12-21T18:57:18.927+0000] {subprocess.py:93} INFO - 25/12/21 18:57:18 INFO SparkEnv: Registering OutputCommitCoordinator
[2025-12-21T18:57:19.070+0000] {subprocess.py:93} INFO - 25/12/21 18:57:19 INFO JettyUtils: Start Jetty 0.0.0.0:4040 for SparkUI
[2025-12-21T18:57:19.137+0000] {subprocess.py:93} INFO - 25/12/21 18:57:19 INFO Utils: Successfully started service 'SparkUI' on port 4040.
[2025-12-21T18:57:19.170+0000] {subprocess.py:93} INFO - 25/12/21 18:57:19 ERROR SparkContext: Failed to add file:/opt/spark/jars/mongodb/mongo-spark-connector_2.12-10.5.0.jar to Spark environment
[2025-12-21T18:57:19.171+0000] {subprocess.py:93} INFO - java.io.FileNotFoundException: Jar /opt/spark/jars/mongodb/mongo-spark-connector_2.12-10.5.0.jar not found
[2025-12-21T18:57:19.171+0000] {subprocess.py:93} INFO - 	at org.apache.spark.SparkContext.addLocalJarFile$1(SparkContext.scala:2100)
[2025-12-21T18:57:19.172+0000] {subprocess.py:93} INFO - 	at org.apache.spark.SparkContext.addJar(SparkContext.scala:2156)
[2025-12-21T18:57:19.173+0000] {subprocess.py:93} INFO - 	at org.apache.spark.SparkContext.$anonfun$new$15(SparkContext.scala:526)
[2025-12-21T18:57:19.173+0000] {subprocess.py:93} INFO - 	at org.apache.spark.SparkContext.$anonfun$new$15$adapted(SparkContext.scala:526)
[2025-12-21T18:57:19.173+0000] {subprocess.py:93} INFO - 	at scala.collection.mutable.ResizableArray.foreach(ResizableArray.scala:62)
[2025-12-21T18:57:19.174+0000] {subprocess.py:93} INFO - 	at scala.collection.mutable.ResizableArray.foreach$(ResizableArray.scala:55)
[2025-12-21T18:57:19.174+0000] {subprocess.py:93} INFO - 	at scala.collection.mutable.ArrayBuffer.foreach(ArrayBuffer.scala:49)
[2025-12-21T18:57:19.175+0000] {subprocess.py:93} INFO - 	at org.apache.spark.SparkContext.<init>(SparkContext.scala:526)
[2025-12-21T18:57:19.175+0000] {subprocess.py:93} INFO - 	at org.apache.spark.api.java.JavaSparkContext.<init>(JavaSparkContext.scala:58)
[2025-12-21T18:57:19.176+0000] {subprocess.py:93} INFO - 	at java.base/jdk.internal.reflect.NativeConstructorAccessorImpl.newInstance0(Native Method)
[2025-12-21T18:57:19.176+0000] {subprocess.py:93} INFO - 	at java.base/jdk.internal.reflect.NativeConstructorAccessorImpl.newInstance(NativeConstructorAccessorImpl.java:77)
[2025-12-21T18:57:19.176+0000] {subprocess.py:93} INFO - 	at java.base/jdk.internal.reflect.DelegatingConstructorAccessorImpl.newInstance(DelegatingConstructorAccessorImpl.java:45)
[2025-12-21T18:57:19.177+0000] {subprocess.py:93} INFO - 	at java.base/java.lang.reflect.Constructor.newInstanceWithCaller(Constructor.java:500)
[2025-12-21T18:57:19.177+0000] {subprocess.py:93} INFO - 	at java.base/java.lang.reflect.Constructor.newInstance(Constructor.java:481)
[2025-12-21T18:57:19.178+0000] {subprocess.py:93} INFO - 	at py4j.reflection.MethodInvoker.invoke(MethodInvoker.java:247)
[2025-12-21T18:57:19.178+0000] {subprocess.py:93} INFO - 	at py4j.reflection.ReflectionEngine.invoke(ReflectionEngine.java:374)
[2025-12-21T18:57:19.179+0000] {subprocess.py:93} INFO - 	at py4j.Gateway.invoke(Gateway.java:238)
[2025-12-21T18:57:19.180+0000] {subprocess.py:93} INFO - 	at py4j.commands.ConstructorCommand.invokeConstructor(ConstructorCommand.java:80)
[2025-12-21T18:57:19.180+0000] {subprocess.py:93} INFO - 	at py4j.commands.ConstructorCommand.execute(ConstructorCommand.java:69)
[2025-12-21T18:57:19.180+0000] {subprocess.py:93} INFO - 	at py4j.ClientServerConnection.waitForCommands(ClientServerConnection.java:182)
[2025-12-21T18:57:19.181+0000] {subprocess.py:93} INFO - 	at py4j.ClientServerConnection.run(ClientServerConnection.java:106)
[2025-12-21T18:57:19.181+0000] {subprocess.py:93} INFO - 	at java.base/java.lang.Thread.run(Thread.java:840)
[2025-12-21T18:57:19.182+0000] {subprocess.py:93} INFO - 25/12/21 18:57:19 ERROR SparkContext: Failed to add file:/opt/spark/jars/mongodb/mongodb-driver-sync-5.1.4.jar to Spark environment
[2025-12-21T18:57:19.183+0000] {subprocess.py:93} INFO - java.io.FileNotFoundException: Jar /opt/spark/jars/mongodb/mongodb-driver-sync-5.1.4.jar not found
[2025-12-21T18:57:19.183+0000] {subprocess.py:93} INFO - 	at org.apache.spark.SparkContext.addLocalJarFile$1(SparkContext.scala:2100)
[2025-12-21T18:57:19.183+0000] {subprocess.py:93} INFO - 	at org.apache.spark.SparkContext.addJar(SparkContext.scala:2156)
[2025-12-21T18:57:19.184+0000] {subprocess.py:93} INFO - 	at org.apache.spark.SparkContext.$anonfun$new$15(SparkContext.scala:526)
[2025-12-21T18:57:19.184+0000] {subprocess.py:93} INFO - 	at org.apache.spark.SparkContext.$anonfun$new$15$adapted(SparkContext.scala:526)
[2025-12-21T18:57:19.185+0000] {subprocess.py:93} INFO - 	at scala.collection.mutable.ResizableArray.foreach(ResizableArray.scala:62)
[2025-12-21T18:57:19.185+0000] {subprocess.py:93} INFO - 	at scala.collection.mutable.ResizableArray.foreach$(ResizableArray.scala:55)
[2025-12-21T18:57:19.185+0000] {subprocess.py:93} INFO - 	at scala.collection.mutable.ArrayBuffer.foreach(ArrayBuffer.scala:49)
[2025-12-21T18:57:19.185+0000] {subprocess.py:93} INFO - 	at org.apache.spark.SparkContext.<init>(SparkContext.scala:526)
[2025-12-21T18:57:19.185+0000] {subprocess.py:93} INFO - 	at org.apache.spark.api.java.JavaSparkContext.<init>(JavaSparkContext.scala:58)
[2025-12-21T18:57:19.185+0000] {subprocess.py:93} INFO - 	at java.base/jdk.internal.reflect.NativeConstructorAccessorImpl.newInstance0(Native Method)
[2025-12-21T18:57:19.185+0000] {subprocess.py:93} INFO - 	at java.base/jdk.internal.reflect.NativeConstructorAccessorImpl.newInstance(NativeConstructorAccessorImpl.java:77)
[2025-12-21T18:57:19.185+0000] {subprocess.py:93} INFO - 	at java.base/jdk.internal.reflect.DelegatingConstructorAccessorImpl.newInstance(DelegatingConstructorAccessorImpl.java:45)
[2025-12-21T18:57:19.185+0000] {subprocess.py:93} INFO - 	at java.base/java.lang.reflect.Constructor.newInstanceWithCaller(Constructor.java:500)
[2025-12-21T18:57:19.185+0000] {subprocess.py:93} INFO - 	at java.base/java.lang.reflect.Constructor.newInstance(Constructor.java:481)
[2025-12-21T18:57:19.186+0000] {subprocess.py:93} INFO - 	at py4j.reflection.MethodInvoker.invoke(MethodInvoker.java:247)
[2025-12-21T18:57:19.186+0000] {subprocess.py:93} INFO - 	at py4j.reflection.ReflectionEngine.invoke(ReflectionEngine.java:374)
[2025-12-21T18:57:19.186+0000] {subprocess.py:93} INFO - 	at py4j.Gateway.invoke(Gateway.java:238)
[2025-12-21T18:57:19.186+0000] {subprocess.py:93} INFO - 	at py4j.commands.ConstructorCommand.invokeConstructor(ConstructorCommand.java:80)
[2025-12-21T18:57:19.186+0000] {subprocess.py:93} INFO - 	at py4j.commands.ConstructorCommand.execute(ConstructorCommand.java:69)
[2025-12-21T18:57:19.186+0000] {subprocess.py:93} INFO - 	at py4j.ClientServerConnection.waitForCommands(ClientServerConnection.java:182)
[2025-12-21T18:57:19.186+0000] {subprocess.py:93} INFO - 	at py4j.ClientServerConnection.run(ClientServerConnection.java:106)
[2025-12-21T18:57:19.186+0000] {subprocess.py:93} INFO - 	at java.base/java.lang.Thread.run(Thread.java:840)
[2025-12-21T18:57:19.186+0000] {subprocess.py:93} INFO - 25/12/21 18:57:19 ERROR SparkContext: Failed to add file:/opt/spark/jars/mongodb/bson-5.1.4.jar to Spark environment
[2025-12-21T18:57:19.186+0000] {subprocess.py:93} INFO - java.io.FileNotFoundException: Jar /opt/spark/jars/mongodb/bson-5.1.4.jar not found
[2025-12-21T18:57:19.187+0000] {subprocess.py:93} INFO - 	at org.apache.spark.SparkContext.addLocalJarFile$1(SparkContext.scala:2100)
[2025-12-21T18:57:19.188+0000] {subprocess.py:93} INFO - 	at org.apache.spark.SparkContext.addJar(SparkContext.scala:2156)
[2025-12-21T18:57:19.188+0000] {subprocess.py:93} INFO - 	at org.apache.spark.SparkContext.$anonfun$new$15(SparkContext.scala:526)
[2025-12-21T18:57:19.188+0000] {subprocess.py:93} INFO - 	at org.apache.spark.SparkContext.$anonfun$new$15$adapted(SparkContext.scala:526)
[2025-12-21T18:57:19.189+0000] {subprocess.py:93} INFO - 	at scala.collection.mutable.ResizableArray.foreach(ResizableArray.scala:62)
[2025-12-21T18:57:19.189+0000] {subprocess.py:93} INFO - 	at scala.collection.mutable.ResizableArray.foreach$(ResizableArray.scala:55)
[2025-12-21T18:57:19.189+0000] {subprocess.py:93} INFO - 	at scala.collection.mutable.ArrayBuffer.foreach(ArrayBuffer.scala:49)
[2025-12-21T18:57:19.190+0000] {subprocess.py:93} INFO - 	at org.apache.spark.SparkContext.<init>(SparkContext.scala:526)
[2025-12-21T18:57:19.190+0000] {subprocess.py:93} INFO - 	at org.apache.spark.api.java.JavaSparkContext.<init>(JavaSparkContext.scala:58)
[2025-12-21T18:57:19.191+0000] {subprocess.py:93} INFO - 	at java.base/jdk.internal.reflect.NativeConstructorAccessorImpl.newInstance0(Native Method)
[2025-12-21T18:57:19.191+0000] {subprocess.py:93} INFO - 	at java.base/jdk.internal.reflect.NativeConstructorAccessorImpl.newInstance(NativeConstructorAccessorImpl.java:77)
[2025-12-21T18:57:19.191+0000] {subprocess.py:93} INFO - 	at java.base/jdk.internal.reflect.DelegatingConstructorAccessorImpl.newInstance(DelegatingConstructorAccessorImpl.java:45)
[2025-12-21T18:57:19.192+0000] {subprocess.py:93} INFO - 	at java.base/java.lang.reflect.Constructor.newInstanceWithCaller(Constructor.java:500)
[2025-12-21T18:57:19.192+0000] {subprocess.py:93} INFO - 	at java.base/java.lang.reflect.Constructor.newInstance(Constructor.java:481)
[2025-12-21T18:57:19.193+0000] {subprocess.py:93} INFO - 	at py4j.reflection.MethodInvoker.invoke(MethodInvoker.java:247)
[2025-12-21T18:57:19.193+0000] {subprocess.py:93} INFO - 	at py4j.reflection.ReflectionEngine.invoke(ReflectionEngine.java:374)
[2025-12-21T18:57:19.193+0000] {subprocess.py:93} INFO - 	at py4j.Gateway.invoke(Gateway.java:238)
[2025-12-21T18:57:19.194+0000] {subprocess.py:93} INFO - 	at py4j.commands.ConstructorCommand.invokeConstructor(ConstructorCommand.java:80)
[2025-12-21T18:57:19.194+0000] {subprocess.py:93} INFO - 	at py4j.commands.ConstructorCommand.execute(ConstructorCommand.java:69)
[2025-12-21T18:57:19.195+0000] {subprocess.py:93} INFO - 	at py4j.ClientServerConnection.waitForCommands(ClientServerConnection.java:182)
[2025-12-21T18:57:19.195+0000] {subprocess.py:93} INFO - 	at py4j.ClientServerConnection.run(ClientServerConnection.java:106)
[2025-12-21T18:57:19.196+0000] {subprocess.py:93} INFO - 	at java.base/java.lang.Thread.run(Thread.java:840)
[2025-12-21T18:57:19.199+0000] {subprocess.py:93} INFO - 25/12/21 18:57:19 ERROR SparkContext: Failed to add file:/opt/spark/jars/mongodb/mongodb-driver-core-5.1.4.jar to Spark environment
[2025-12-21T18:57:19.199+0000] {subprocess.py:93} INFO - java.io.FileNotFoundException: Jar /opt/spark/jars/mongodb/mongodb-driver-core-5.1.4.jar not found
[2025-12-21T18:57:19.200+0000] {subprocess.py:93} INFO - 	at org.apache.spark.SparkContext.addLocalJarFile$1(SparkContext.scala:2100)
[2025-12-21T18:57:19.200+0000] {subprocess.py:93} INFO - 	at org.apache.spark.SparkContext.addJar(SparkContext.scala:2156)
[2025-12-21T18:57:19.201+0000] {subprocess.py:93} INFO - 	at org.apache.spark.SparkContext.$anonfun$new$15(SparkContext.scala:526)
[2025-12-21T18:57:19.201+0000] {subprocess.py:93} INFO - 	at org.apache.spark.SparkContext.$anonfun$new$15$adapted(SparkContext.scala:526)
[2025-12-21T18:57:19.202+0000] {subprocess.py:93} INFO - 	at scala.collection.mutable.ResizableArray.foreach(ResizableArray.scala:62)
[2025-12-21T18:57:19.202+0000] {subprocess.py:93} INFO - 	at scala.collection.mutable.ResizableArray.foreach$(ResizableArray.scala:55)
[2025-12-21T18:57:19.203+0000] {subprocess.py:93} INFO - 	at scala.collection.mutable.ArrayBuffer.foreach(ArrayBuffer.scala:49)
[2025-12-21T18:57:19.203+0000] {subprocess.py:93} INFO - 	at org.apache.spark.SparkContext.<init>(SparkContext.scala:526)
[2025-12-21T18:57:19.204+0000] {subprocess.py:93} INFO - 	at org.apache.spark.api.java.JavaSparkContext.<init>(JavaSparkContext.scala:58)
[2025-12-21T18:57:19.204+0000] {subprocess.py:93} INFO - 	at java.base/jdk.internal.reflect.NativeConstructorAccessorImpl.newInstance0(Native Method)
[2025-12-21T18:57:19.205+0000] {subprocess.py:93} INFO - 	at java.base/jdk.internal.reflect.NativeConstructorAccessorImpl.newInstance(NativeConstructorAccessorImpl.java:77)
[2025-12-21T18:57:19.205+0000] {subprocess.py:93} INFO - 	at java.base/jdk.internal.reflect.DelegatingConstructorAccessorImpl.newInstance(DelegatingConstructorAccessorImpl.java:45)
[2025-12-21T18:57:19.206+0000] {subprocess.py:93} INFO - 	at java.base/java.lang.reflect.Constructor.newInstanceWithCaller(Constructor.java:500)
[2025-12-21T18:57:19.206+0000] {subprocess.py:93} INFO - 	at java.base/java.lang.reflect.Constructor.newInstance(Constructor.java:481)
[2025-12-21T18:57:19.206+0000] {subprocess.py:93} INFO - 	at py4j.reflection.MethodInvoker.invoke(MethodInvoker.java:247)
[2025-12-21T18:57:19.207+0000] {subprocess.py:93} INFO - 	at py4j.reflection.ReflectionEngine.invoke(ReflectionEngine.java:374)
[2025-12-21T18:57:19.207+0000] {subprocess.py:93} INFO - 	at py4j.Gateway.invoke(Gateway.java:238)
[2025-12-21T18:57:19.208+0000] {subprocess.py:93} INFO - 	at py4j.commands.ConstructorCommand.invokeConstructor(ConstructorCommand.java:80)
[2025-12-21T18:57:19.208+0000] {subprocess.py:93} INFO - 	at py4j.commands.ConstructorCommand.execute(ConstructorCommand.java:69)
[2025-12-21T18:57:19.209+0000] {subprocess.py:93} INFO - 	at py4j.ClientServerConnection.waitForCommands(ClientServerConnection.java:182)
[2025-12-21T18:57:19.209+0000] {subprocess.py:93} INFO - 	at py4j.ClientServerConnection.run(ClientServerConnection.java:106)
[2025-12-21T18:57:19.210+0000] {subprocess.py:93} INFO - 	at java.base/java.lang.Thread.run(Thread.java:840)
[2025-12-21T18:57:19.210+0000] {subprocess.py:93} INFO - 25/12/21 18:57:19 ERROR SparkContext: Failed to add file:/opt/spark/jars/mongodb/bson-record-codec-5.1.4.jar to Spark environment
[2025-12-21T18:57:19.210+0000] {subprocess.py:93} INFO - java.io.FileNotFoundException: Jar /opt/spark/jars/mongodb/bson-record-codec-5.1.4.jar not found
[2025-12-21T18:57:19.211+0000] {subprocess.py:93} INFO - 	at org.apache.spark.SparkContext.addLocalJarFile$1(SparkContext.scala:2100)
[2025-12-21T18:57:19.211+0000] {subprocess.py:93} INFO - 	at org.apache.spark.SparkContext.addJar(SparkContext.scala:2156)
[2025-12-21T18:57:19.215+0000] {subprocess.py:93} INFO - 	at org.apache.spark.SparkContext.$anonfun$new$15(SparkContext.scala:526)
[2025-12-21T18:57:19.215+0000] {subprocess.py:93} INFO - 	at org.apache.spark.SparkContext.$anonfun$new$15$adapted(SparkContext.scala:526)
[2025-12-21T18:57:19.215+0000] {subprocess.py:93} INFO - 	at scala.collection.mutable.ResizableArray.foreach(ResizableArray.scala:62)
[2025-12-21T18:57:19.215+0000] {subprocess.py:93} INFO - 	at scala.collection.mutable.ResizableArray.foreach$(ResizableArray.scala:55)
[2025-12-21T18:57:19.215+0000] {subprocess.py:93} INFO - 	at scala.collection.mutable.ArrayBuffer.foreach(ArrayBuffer.scala:49)
[2025-12-21T18:57:19.217+0000] {subprocess.py:93} INFO - 	at org.apache.spark.SparkContext.<init>(SparkContext.scala:526)
[2025-12-21T18:57:19.217+0000] {subprocess.py:93} INFO - 	at org.apache.spark.api.java.JavaSparkContext.<init>(JavaSparkContext.scala:58)
[2025-12-21T18:57:19.218+0000] {subprocess.py:93} INFO - 	at java.base/jdk.internal.reflect.NativeConstructorAccessorImpl.newInstance0(Native Method)
[2025-12-21T18:57:19.218+0000] {subprocess.py:93} INFO - 	at java.base/jdk.internal.reflect.NativeConstructorAccessorImpl.newInstance(NativeConstructorAccessorImpl.java:77)
[2025-12-21T18:57:19.218+0000] {subprocess.py:93} INFO - 	at java.base/jdk.internal.reflect.DelegatingConstructorAccessorImpl.newInstance(DelegatingConstructorAccessorImpl.java:45)
[2025-12-21T18:57:19.218+0000] {subprocess.py:93} INFO - 	at java.base/java.lang.reflect.Constructor.newInstanceWithCaller(Constructor.java:500)
[2025-12-21T18:57:19.218+0000] {subprocess.py:93} INFO - 	at java.base/java.lang.reflect.Constructor.newInstance(Constructor.java:481)
[2025-12-21T18:57:19.218+0000] {subprocess.py:93} INFO - 	at py4j.reflection.MethodInvoker.invoke(MethodInvoker.java:247)
[2025-12-21T18:57:19.218+0000] {subprocess.py:93} INFO - 	at py4j.reflection.ReflectionEngine.invoke(ReflectionEngine.java:374)
[2025-12-21T18:57:19.218+0000] {subprocess.py:93} INFO - 	at py4j.Gateway.invoke(Gateway.java:238)
[2025-12-21T18:57:19.219+0000] {subprocess.py:93} INFO - 	at py4j.commands.ConstructorCommand.invokeConstructor(ConstructorCommand.java:80)
[2025-12-21T18:57:19.219+0000] {subprocess.py:93} INFO - 	at py4j.commands.ConstructorCommand.execute(ConstructorCommand.java:69)
[2025-12-21T18:57:19.220+0000] {subprocess.py:93} INFO - 	at py4j.ClientServerConnection.waitForCommands(ClientServerConnection.java:182)
[2025-12-21T18:57:19.220+0000] {subprocess.py:93} INFO - 	at py4j.ClientServerConnection.run(ClientServerConnection.java:106)
[2025-12-21T18:57:19.220+0000] {subprocess.py:93} INFO - 	at java.base/java.lang.Thread.run(Thread.java:840)
[2025-12-21T18:57:19.277+0000] {subprocess.py:93} INFO - 25/12/21 18:57:19 INFO StandaloneAppClient$ClientEndpoint: Connecting to master spark://spark-master:7077...
[2025-12-21T18:57:19.324+0000] {subprocess.py:93} INFO - 25/12/21 18:57:19 INFO TransportClientFactory: Successfully created connection to spark-master/172.18.0.3:7077 after 26 ms (0 ms spent in bootstraps)
[2025-12-21T18:57:19.434+0000] {subprocess.py:93} INFO - 25/12/21 18:57:19 INFO StandaloneSchedulerBackend: Connected to Spark cluster with app ID app-20251221185719-0001
[2025-12-21T18:57:19.435+0000] {subprocess.py:93} INFO - 25/12/21 18:57:19 INFO StandaloneAppClient$ClientEndpoint: Executor added: app-20251221185719-0001/0 on worker-20251221185445-172.18.0.6-37323 (172.18.0.6:37323) with 2 core(s)
[2025-12-21T18:57:19.438+0000] {subprocess.py:93} INFO - 25/12/21 18:57:19 INFO StandaloneSchedulerBackend: Granted executor ID app-20251221185719-0001/0 on hostPort 172.18.0.6:37323 with 2 core(s), 2.0 GiB RAM
[2025-12-21T18:57:19.467+0000] {subprocess.py:93} INFO - 25/12/21 18:57:19 INFO Utils: Successfully started service 'org.apache.spark.network.netty.NettyBlockTransferService' on port 46301.
[2025-12-21T18:57:19.467+0000] {subprocess.py:93} INFO - 25/12/21 18:57:19 INFO NettyBlockTransferService: Server created on 7153b8cc9eda:46301
[2025-12-21T18:57:19.484+0000] {subprocess.py:93} INFO - 25/12/21 18:57:19 INFO BlockManager: Using org.apache.spark.storage.RandomBlockReplicationPolicy for block replication policy
[2025-12-21T18:57:19.497+0000] {subprocess.py:93} INFO - 25/12/21 18:57:19 INFO BlockManagerMaster: Registering BlockManager BlockManagerId(driver, 7153b8cc9eda, 46301, None)
[2025-12-21T18:57:19.522+0000] {subprocess.py:93} INFO - 25/12/21 18:57:19 INFO BlockManagerMasterEndpoint: Registering block manager 7153b8cc9eda:46301 with 434.4 MiB RAM, BlockManagerId(driver, 7153b8cc9eda, 46301, None)
[2025-12-21T18:57:19.525+0000] {subprocess.py:93} INFO - 25/12/21 18:57:19 INFO StandaloneAppClient$ClientEndpoint: Executor updated: app-20251221185719-0001/0 is now RUNNING
[2025-12-21T18:57:19.531+0000] {subprocess.py:93} INFO - 25/12/21 18:57:19 INFO BlockManagerMaster: Registered BlockManager BlockManagerId(driver, 7153b8cc9eda, 46301, None)
[2025-12-21T18:57:19.536+0000] {subprocess.py:93} INFO - 25/12/21 18:57:19 INFO BlockManager: Initialized BlockManager: BlockManagerId(driver, 7153b8cc9eda, 46301, None)
[2025-12-21T18:57:19.816+0000] {subprocess.py:93} INFO - 25/12/21 18:57:19 INFO StandaloneSchedulerBackend: SchedulerBackend is ready for scheduling beginning after reached minRegisteredResourcesRatio: 0.0
[2025-12-21T18:57:20.096+0000] {subprocess.py:93} INFO - 25/12/21 18:57:20 INFO SharedState: Setting hive.metastore.warehouse.dir ('null') to the value of spark.sql.warehouse.dir.
[2025-12-21T18:57:20.100+0000] {subprocess.py:93} INFO - 25/12/21 18:57:20 INFO SharedState: Warehouse path is 'file:/tmp/***tmp_l5ct35z/spark-warehouse'.
[2025-12-21T18:57:21.737+0000] {subprocess.py:93} INFO - Traceback (most recent call last):
[2025-12-21T18:57:21.739+0000] {subprocess.py:93} INFO -   File "/opt/***/spark_jobs/ingestion.py", line 23, in <module>
[2025-12-21T18:57:21.740+0000] {subprocess.py:93} INFO -     df = spark.read.format("mongodb").load()
[2025-12-21T18:57:21.740+0000] {subprocess.py:93} INFO -   File "/opt/spark/python/lib/pyspark.zip/pyspark/sql/readwriter.py", line 314, in load
[2025-12-21T18:57:21.740+0000] {subprocess.py:93} INFO -   File "/opt/spark/python/lib/py4j-0.10.9.7-src.zip/py4j/java_gateway.py", line 1322, in __call__
[2025-12-21T18:57:21.740+0000] {subprocess.py:93} INFO -   File "/opt/spark/python/lib/pyspark.zip/pyspark/errors/exceptions/captured.py", line 179, in deco
[2025-12-21T18:57:21.740+0000] {subprocess.py:93} INFO -   File "/opt/spark/python/lib/py4j-0.10.9.7-src.zip/py4j/protocol.py", line 326, in get_return_value
[2025-12-21T18:57:21.740+0000] {subprocess.py:93} INFO - py4j.protocol.Py4JJavaError: An error occurred while calling o37.load.
[2025-12-21T18:57:21.740+0000] {subprocess.py:93} INFO - : org.apache.spark.SparkClassNotFoundException: [DATA_SOURCE_NOT_FOUND] Failed to find the data source: mongodb. Please find packages at `https://spark.apache.org/third-party-projects.html`.
[2025-12-21T18:57:21.740+0000] {subprocess.py:93} INFO - 	at org.apache.spark.sql.errors.QueryExecutionErrors$.dataSourceNotFoundError(QueryExecutionErrors.scala:724)
[2025-12-21T18:57:21.741+0000] {subprocess.py:93} INFO - 	at org.apache.spark.sql.execution.datasources.DataSource$.lookupDataSource(DataSource.scala:647)
[2025-12-21T18:57:21.741+0000] {subprocess.py:93} INFO - 	at org.apache.spark.sql.execution.datasources.DataSource$.lookupDataSourceV2(DataSource.scala:697)
[2025-12-21T18:57:21.741+0000] {subprocess.py:93} INFO - 	at org.apache.spark.sql.DataFrameReader.load(DataFrameReader.scala:208)
[2025-12-21T18:57:21.741+0000] {subprocess.py:93} INFO - 	at org.apache.spark.sql.DataFrameReader.load(DataFrameReader.scala:172)
[2025-12-21T18:57:21.741+0000] {subprocess.py:93} INFO - 	at java.base/jdk.internal.reflect.NativeMethodAccessorImpl.invoke0(Native Method)
[2025-12-21T18:57:21.741+0000] {subprocess.py:93} INFO - 	at java.base/jdk.internal.reflect.NativeMethodAccessorImpl.invoke(NativeMethodAccessorImpl.java:77)
[2025-12-21T18:57:21.741+0000] {subprocess.py:93} INFO - 	at java.base/jdk.internal.reflect.DelegatingMethodAccessorImpl.invoke(DelegatingMethodAccessorImpl.java:43)
[2025-12-21T18:57:21.741+0000] {subprocess.py:93} INFO - 	at java.base/java.lang.reflect.Method.invoke(Method.java:569)
[2025-12-21T18:57:21.745+0000] {subprocess.py:93} INFO - 	at py4j.reflection.MethodInvoker.invoke(MethodInvoker.java:244)
[2025-12-21T18:57:21.747+0000] {subprocess.py:93} INFO - 	at py4j.reflection.ReflectionEngine.invoke(ReflectionEngine.java:374)
[2025-12-21T18:57:21.747+0000] {subprocess.py:93} INFO - 	at py4j.Gateway.invoke(Gateway.java:282)
[2025-12-21T18:57:21.748+0000] {subprocess.py:93} INFO - 	at py4j.commands.AbstractCommand.invokeMethod(AbstractCommand.java:132)
[2025-12-21T18:57:21.748+0000] {subprocess.py:93} INFO - 	at py4j.commands.CallCommand.execute(CallCommand.java:79)
[2025-12-21T18:57:21.748+0000] {subprocess.py:93} INFO - 	at py4j.ClientServerConnection.waitForCommands(ClientServerConnection.java:182)
[2025-12-21T18:57:21.748+0000] {subprocess.py:93} INFO - 	at py4j.ClientServerConnection.run(ClientServerConnection.java:106)
[2025-12-21T18:57:21.748+0000] {subprocess.py:93} INFO - 	at java.base/java.lang.Thread.run(Thread.java:840)
[2025-12-21T18:57:21.748+0000] {subprocess.py:93} INFO - Caused by: java.lang.ClassNotFoundException: mongodb.DefaultSource
[2025-12-21T18:57:21.748+0000] {subprocess.py:93} INFO - 	at java.base/java.net.URLClassLoader.findClass(URLClassLoader.java:445)
[2025-12-21T18:57:21.748+0000] {subprocess.py:93} INFO - 	at java.base/java.lang.ClassLoader.loadClass(ClassLoader.java:592)
[2025-12-21T18:57:21.748+0000] {subprocess.py:93} INFO - 	at java.base/java.lang.ClassLoader.loadClass(ClassLoader.java:525)
[2025-12-21T18:57:21.748+0000] {subprocess.py:93} INFO - 	at org.apache.spark.sql.execution.datasources.DataSource$.$anonfun$lookupDataSource$5(DataSource.scala:633)
[2025-12-21T18:57:21.749+0000] {subprocess.py:93} INFO - 	at scala.util.Try$.apply(Try.scala:213)
[2025-12-21T18:57:21.749+0000] {subprocess.py:93} INFO - 	at org.apache.spark.sql.execution.datasources.DataSource$.$anonfun$lookupDataSource$4(DataSource.scala:633)
[2025-12-21T18:57:21.749+0000] {subprocess.py:93} INFO - 	at scala.util.Failure.orElse(Try.scala:224)
[2025-12-21T18:57:21.749+0000] {subprocess.py:93} INFO - 	at org.apache.spark.sql.execution.datasources.DataSource$.lookupDataSource(DataSource.scala:633)
[2025-12-21T18:57:21.749+0000] {subprocess.py:93} INFO - 	... 15 more
[2025-12-21T18:57:21.749+0000] {subprocess.py:93} INFO - 
[2025-12-21T18:57:21.794+0000] {subprocess.py:93} INFO - 25/12/21 18:57:21 INFO SparkContext: Invoking stop() from shutdown hook
[2025-12-21T18:57:21.795+0000] {subprocess.py:93} INFO - 25/12/21 18:57:21 INFO SparkContext: SparkContext is stopping with exitCode 0.
[2025-12-21T18:57:21.814+0000] {subprocess.py:93} INFO - 25/12/21 18:57:21 INFO SparkUI: Stopped Spark web UI at http://7153b8cc9eda:4040
[2025-12-21T18:57:21.820+0000] {subprocess.py:93} INFO - 25/12/21 18:57:21 INFO StandaloneSchedulerBackend: Shutting down all executors
[2025-12-21T18:57:21.831+0000] {subprocess.py:93} INFO - 25/12/21 18:57:21 INFO StandaloneSchedulerBackend$StandaloneDriverEndpoint: Asking each executor to shut down
[2025-12-21T18:57:21.855+0000] {subprocess.py:93} INFO - 25/12/21 18:57:21 INFO MapOutputTrackerMasterEndpoint: MapOutputTrackerMasterEndpoint stopped!
[2025-12-21T18:57:21.882+0000] {subprocess.py:93} INFO - 25/12/21 18:57:21 INFO MemoryStore: MemoryStore cleared
[2025-12-21T18:57:21.884+0000] {subprocess.py:93} INFO - 25/12/21 18:57:21 INFO BlockManager: BlockManager stopped
[2025-12-21T18:57:21.890+0000] {subprocess.py:93} INFO - 25/12/21 18:57:21 INFO BlockManagerMaster: BlockManagerMaster stopped
[2025-12-21T18:57:21.894+0000] {subprocess.py:93} INFO - 25/12/21 18:57:21 INFO OutputCommitCoordinator$OutputCommitCoordinatorEndpoint: OutputCommitCoordinator stopped!
[2025-12-21T18:57:21.913+0000] {subprocess.py:93} INFO - 25/12/21 18:57:21 INFO SparkContext: Successfully stopped SparkContext
[2025-12-21T18:57:21.914+0000] {subprocess.py:93} INFO - 25/12/21 18:57:21 INFO ShutdownHookManager: Shutdown hook called
[2025-12-21T18:57:21.916+0000] {subprocess.py:93} INFO - 25/12/21 18:57:21 INFO ShutdownHookManager: Deleting directory /tmp/spark-e0e141ab-b807-47f9-ae95-a8196317a7a3
[2025-12-21T18:57:21.922+0000] {subprocess.py:93} INFO - 25/12/21 18:57:21 INFO ShutdownHookManager: Deleting directory /tmp/spark-f59043f1-dc56-4f01-bfad-bb119a958312
[2025-12-21T18:57:21.926+0000] {subprocess.py:93} INFO - 25/12/21 18:57:21 INFO ShutdownHookManager: Deleting directory /tmp/spark-f59043f1-dc56-4f01-bfad-bb119a958312/pyspark-15ddc7a5-9585-4d58-ae23-db7ac6b5bd16
[2025-12-21T18:57:21.982+0000] {subprocess.py:97} INFO - Command exited with return code 1
[2025-12-21T18:57:21.996+0000] {taskinstance.py:2699} ERROR - Task failed with exception
Traceback (most recent call last):
  File "/home/airflow/.local/lib/python3.10/site-packages/airflow/models/taskinstance.py", line 433, in _execute_task
    result = execute_callable(context=context, **execute_callable_kwargs)
  File "/home/airflow/.local/lib/python3.10/site-packages/airflow/operators/bash.py", line 212, in execute
    raise AirflowException(
airflow.exceptions.AirflowException: Bash command failed. The command returned a non-zero exit code 1.
[2025-12-21T18:57:22.000+0000] {taskinstance.py:1138} INFO - Marking task as UP_FOR_RETRY. dag_id=pipeline_services_publics_togo, task_id=ingestion_mongodb, execution_date=20251221T185200, start_date=20251221T185714, end_date=20251221T185721
[2025-12-21T18:57:22.013+0000] {standard_task_runner.py:107} ERROR - Failed to execute job 31 for task ingestion_mongodb (Bash command failed. The command returned a non-zero exit code 1.; 331)
[2025-12-21T18:57:22.051+0000] {local_task_job_runner.py:234} INFO - Task exited with return code 1
[2025-12-21T18:57:22.153+0000] {taskinstance.py:3281} INFO - 0 downstream tasks scheduled from follow-on schedule check
