[2025-12-21T19:02:23.408+0000] {taskinstance.py:1957} INFO - Dependencies all met for dep_context=non-requeueable deps ti=<TaskInstance: pipeline_services_publics_togo.ingestion_mongodb manual__2025-12-21T18:52:00.372464+00:00 [queued]>
[2025-12-21T19:02:23.420+0000] {taskinstance.py:1957} INFO - Dependencies all met for dep_context=requeueable deps ti=<TaskInstance: pipeline_services_publics_togo.ingestion_mongodb manual__2025-12-21T18:52:00.372464+00:00 [queued]>
[2025-12-21T19:02:23.420+0000] {taskinstance.py:2171} INFO - Starting attempt 3 of 3
[2025-12-21T19:02:23.438+0000] {taskinstance.py:2192} INFO - Executing <Task(BashOperator): ingestion_mongodb> on 2025-12-21 18:52:00.372464+00:00
[2025-12-21T19:02:23.445+0000] {standard_task_runner.py:60} INFO - Started process 641 to run task
[2025-12-21T19:02:23.452+0000] {standard_task_runner.py:87} INFO - Running: ['***', 'tasks', 'run', 'pipeline_services_publics_togo', 'ingestion_mongodb', 'manual__2025-12-21T18:52:00.372464+00:00', '--job-id', '33', '--raw', '--subdir', 'DAGS_FOLDER/pipeline_services_publics.py', '--cfg-path', '/tmp/tmpyqvx9d44']
[2025-12-21T19:02:23.454+0000] {standard_task_runner.py:88} INFO - Job 33: Subtask ingestion_mongodb
[2025-12-21T19:02:23.526+0000] {task_command.py:423} INFO - Running <TaskInstance: pipeline_services_publics_togo.ingestion_mongodb manual__2025-12-21T18:52:00.372464+00:00 [running]> on host 7153b8cc9eda
[2025-12-21T19:02:23.627+0000] {taskinstance.py:2481} INFO - Exporting env vars: AIRFLOW_CTX_DAG_OWNER='data-engineer' AIRFLOW_CTX_DAG_ID='pipeline_services_publics_togo' AIRFLOW_CTX_TASK_ID='ingestion_mongodb' AIRFLOW_CTX_EXECUTION_DATE='2025-12-21T18:52:00.372464+00:00' AIRFLOW_CTX_TRY_NUMBER='3' AIRFLOW_CTX_DAG_RUN_ID='manual__2025-12-21T18:52:00.372464+00:00'
[2025-12-21T19:02:23.628+0000] {subprocess.py:63} INFO - Tmp dir root location: /tmp
[2025-12-21T19:02:23.628+0000] {subprocess.py:75} INFO - Running command: ['/usr/bin/bash', '-c', '\n    /opt/spark/bin/spark-submit       --master spark://spark-master:7077       --jars /opt/spark/jars/mongodb/mongo-spark-connector_2.12-10.5.0.jar,/opt/spark/jars/mongodb/mongodb-driver-sync-5.1.4.jar,/opt/spark/jars/mongodb/bson-5.1.4.jar,/opt/spark/jars/mongodb/mongodb-driver-core-5.1.4.jar,/opt/spark/jars/mongodb/bson-record-codec-5.1.4.jar       --executor-memory 2G       --driver-memory 1G       /opt/***/spark_jobs/ingestion.py\n    ']
[2025-12-21T19:02:23.639+0000] {subprocess.py:86} INFO - Output:
[2025-12-21T19:02:25.624+0000] {subprocess.py:93} INFO - 25/12/21 19:02:25 WARN NativeCodeLoader: Unable to load native-hadoop library for your platform... using builtin-java classes where applicable
[2025-12-21T19:02:25.791+0000] {subprocess.py:93} INFO - 25/12/21 19:02:25 WARN DependencyUtils: Local jar /opt/spark/jars/mongodb/mongo-spark-connector_2.12-10.5.0.jar does not exist, skipping.
[2025-12-21T19:02:25.792+0000] {subprocess.py:93} INFO - 25/12/21 19:02:25 WARN DependencyUtils: Local jar /opt/spark/jars/mongodb/mongodb-driver-sync-5.1.4.jar does not exist, skipping.
[2025-12-21T19:02:25.792+0000] {subprocess.py:93} INFO - 25/12/21 19:02:25 WARN DependencyUtils: Local jar /opt/spark/jars/mongodb/bson-5.1.4.jar does not exist, skipping.
[2025-12-21T19:02:25.793+0000] {subprocess.py:93} INFO - 25/12/21 19:02:25 WARN DependencyUtils: Local jar /opt/spark/jars/mongodb/mongodb-driver-core-5.1.4.jar does not exist, skipping.
[2025-12-21T19:02:25.793+0000] {subprocess.py:93} INFO - 25/12/21 19:02:25 WARN DependencyUtils: Local jar /opt/spark/jars/mongodb/bson-record-codec-5.1.4.jar does not exist, skipping.
[2025-12-21T19:02:26.493+0000] {subprocess.py:93} INFO - 25/12/21 19:02:26 INFO SparkContext: Running Spark version 3.5.1
[2025-12-21T19:02:26.497+0000] {subprocess.py:93} INFO - 25/12/21 19:02:26 INFO SparkContext: OS info Linux, 6.8.0-90-generic, amd64
[2025-12-21T19:02:26.499+0000] {subprocess.py:93} INFO - 25/12/21 19:02:26 INFO SparkContext: Java version 17.0.17
[2025-12-21T19:02:26.522+0000] {subprocess.py:93} INFO - 25/12/21 19:02:26 INFO ResourceUtils: ==============================================================
[2025-12-21T19:02:26.523+0000] {subprocess.py:93} INFO - 25/12/21 19:02:26 INFO ResourceUtils: No custom resources configured for spark.driver.
[2025-12-21T19:02:26.523+0000] {subprocess.py:93} INFO - 25/12/21 19:02:26 INFO ResourceUtils: ==============================================================
[2025-12-21T19:02:26.524+0000] {subprocess.py:93} INFO - 25/12/21 19:02:26 INFO SparkContext: Submitted application: Ingestion_MongoDB_Raw
[2025-12-21T19:02:26.543+0000] {subprocess.py:93} INFO - 25/12/21 19:02:26 INFO ResourceProfile: Default ResourceProfile created, executor resources: Map(memory -> name: memory, amount: 2048, script: , vendor: , offHeap -> name: offHeap, amount: 0, script: , vendor: ), task resources: Map(cpus -> name: cpus, amount: 1.0)
[2025-12-21T19:02:26.551+0000] {subprocess.py:93} INFO - 25/12/21 19:02:26 INFO ResourceProfile: Limiting resource is cpu
[2025-12-21T19:02:26.552+0000] {subprocess.py:93} INFO - 25/12/21 19:02:26 INFO ResourceProfileManager: Added ResourceProfile id: 0
[2025-12-21T19:02:26.608+0000] {subprocess.py:93} INFO - 25/12/21 19:02:26 INFO SecurityManager: Changing view acls to: ***
[2025-12-21T19:02:26.608+0000] {subprocess.py:93} INFO - 25/12/21 19:02:26 INFO SecurityManager: Changing modify acls to: ***
[2025-12-21T19:02:26.609+0000] {subprocess.py:93} INFO - 25/12/21 19:02:26 INFO SecurityManager: Changing view acls groups to:
[2025-12-21T19:02:26.612+0000] {subprocess.py:93} INFO - 25/12/21 19:02:26 INFO SecurityManager: Changing modify acls groups to:
[2025-12-21T19:02:26.612+0000] {subprocess.py:93} INFO - 25/12/21 19:02:26 INFO SecurityManager: SecurityManager: authentication disabled; ui acls disabled; users with view permissions: ***; groups with view permissions: EMPTY; users with modify permissions: ***; groups with modify permissions: EMPTY
[2025-12-21T19:02:26.808+0000] {subprocess.py:93} INFO - 25/12/21 19:02:26 INFO Utils: Successfully started service 'sparkDriver' on port 43371.
[2025-12-21T19:02:26.830+0000] {subprocess.py:93} INFO - 25/12/21 19:02:26 INFO SparkEnv: Registering MapOutputTracker
[2025-12-21T19:02:26.860+0000] {subprocess.py:93} INFO - 25/12/21 19:02:26 INFO SparkEnv: Registering BlockManagerMaster
[2025-12-21T19:02:26.879+0000] {subprocess.py:93} INFO - 25/12/21 19:02:26 INFO BlockManagerMasterEndpoint: Using org.apache.spark.storage.DefaultTopologyMapper for getting topology information
[2025-12-21T19:02:26.879+0000] {subprocess.py:93} INFO - 25/12/21 19:02:26 INFO BlockManagerMasterEndpoint: BlockManagerMasterEndpoint up
[2025-12-21T19:02:26.884+0000] {subprocess.py:93} INFO - 25/12/21 19:02:26 INFO SparkEnv: Registering BlockManagerMasterHeartbeat
[2025-12-21T19:02:26.901+0000] {subprocess.py:93} INFO - 25/12/21 19:02:26 INFO DiskBlockManager: Created local directory at /tmp/blockmgr-0230b00b-d76f-4efb-a6f8-8e38bddffee5
[2025-12-21T19:02:26.914+0000] {subprocess.py:93} INFO - 25/12/21 19:02:26 INFO MemoryStore: MemoryStore started with capacity 434.4 MiB
[2025-12-21T19:02:26.929+0000] {subprocess.py:93} INFO - 25/12/21 19:02:26 INFO SparkEnv: Registering OutputCommitCoordinator
[2025-12-21T19:02:27.047+0000] {subprocess.py:93} INFO - 25/12/21 19:02:27 INFO JettyUtils: Start Jetty 0.0.0.0:4040 for SparkUI
[2025-12-21T19:02:27.112+0000] {subprocess.py:93} INFO - 25/12/21 19:02:27 INFO Utils: Successfully started service 'SparkUI' on port 4040.
[2025-12-21T19:02:27.147+0000] {subprocess.py:93} INFO - 25/12/21 19:02:27 ERROR SparkContext: Failed to add file:/opt/spark/jars/mongodb/mongo-spark-connector_2.12-10.5.0.jar to Spark environment
[2025-12-21T19:02:27.147+0000] {subprocess.py:93} INFO - java.io.FileNotFoundException: Jar /opt/spark/jars/mongodb/mongo-spark-connector_2.12-10.5.0.jar not found
[2025-12-21T19:02:27.147+0000] {subprocess.py:93} INFO - 	at org.apache.spark.SparkContext.addLocalJarFile$1(SparkContext.scala:2100)
[2025-12-21T19:02:27.148+0000] {subprocess.py:93} INFO - 	at org.apache.spark.SparkContext.addJar(SparkContext.scala:2156)
[2025-12-21T19:02:27.148+0000] {subprocess.py:93} INFO - 	at org.apache.spark.SparkContext.$anonfun$new$15(SparkContext.scala:526)
[2025-12-21T19:02:27.148+0000] {subprocess.py:93} INFO - 	at org.apache.spark.SparkContext.$anonfun$new$15$adapted(SparkContext.scala:526)
[2025-12-21T19:02:27.148+0000] {subprocess.py:93} INFO - 	at scala.collection.mutable.ResizableArray.foreach(ResizableArray.scala:62)
[2025-12-21T19:02:27.148+0000] {subprocess.py:93} INFO - 	at scala.collection.mutable.ResizableArray.foreach$(ResizableArray.scala:55)
[2025-12-21T19:02:27.148+0000] {subprocess.py:93} INFO - 	at scala.collection.mutable.ArrayBuffer.foreach(ArrayBuffer.scala:49)
[2025-12-21T19:02:27.148+0000] {subprocess.py:93} INFO - 	at org.apache.spark.SparkContext.<init>(SparkContext.scala:526)
[2025-12-21T19:02:27.148+0000] {subprocess.py:93} INFO - 	at org.apache.spark.api.java.JavaSparkContext.<init>(JavaSparkContext.scala:58)
[2025-12-21T19:02:27.148+0000] {subprocess.py:93} INFO - 	at java.base/jdk.internal.reflect.NativeConstructorAccessorImpl.newInstance0(Native Method)
[2025-12-21T19:02:27.148+0000] {subprocess.py:93} INFO - 	at java.base/jdk.internal.reflect.NativeConstructorAccessorImpl.newInstance(NativeConstructorAccessorImpl.java:77)
[2025-12-21T19:02:27.149+0000] {subprocess.py:93} INFO - 	at java.base/jdk.internal.reflect.DelegatingConstructorAccessorImpl.newInstance(DelegatingConstructorAccessorImpl.java:45)
[2025-12-21T19:02:27.149+0000] {subprocess.py:93} INFO - 	at java.base/java.lang.reflect.Constructor.newInstanceWithCaller(Constructor.java:500)
[2025-12-21T19:02:27.149+0000] {subprocess.py:93} INFO - 	at java.base/java.lang.reflect.Constructor.newInstance(Constructor.java:481)
[2025-12-21T19:02:27.149+0000] {subprocess.py:93} INFO - 	at py4j.reflection.MethodInvoker.invoke(MethodInvoker.java:247)
[2025-12-21T19:02:27.149+0000] {subprocess.py:93} INFO - 	at py4j.reflection.ReflectionEngine.invoke(ReflectionEngine.java:374)
[2025-12-21T19:02:27.149+0000] {subprocess.py:93} INFO - 	at py4j.Gateway.invoke(Gateway.java:238)
[2025-12-21T19:02:27.149+0000] {subprocess.py:93} INFO - 	at py4j.commands.ConstructorCommand.invokeConstructor(ConstructorCommand.java:80)
[2025-12-21T19:02:27.149+0000] {subprocess.py:93} INFO - 	at py4j.commands.ConstructorCommand.execute(ConstructorCommand.java:69)
[2025-12-21T19:02:27.149+0000] {subprocess.py:93} INFO - 	at py4j.ClientServerConnection.waitForCommands(ClientServerConnection.java:182)
[2025-12-21T19:02:27.149+0000] {subprocess.py:93} INFO - 	at py4j.ClientServerConnection.run(ClientServerConnection.java:106)
[2025-12-21T19:02:27.151+0000] {subprocess.py:93} INFO - 	at java.base/java.lang.Thread.run(Thread.java:840)
[2025-12-21T19:02:27.151+0000] {subprocess.py:93} INFO - 25/12/21 19:02:27 ERROR SparkContext: Failed to add file:/opt/spark/jars/mongodb/mongodb-driver-sync-5.1.4.jar to Spark environment
[2025-12-21T19:02:27.151+0000] {subprocess.py:93} INFO - java.io.FileNotFoundException: Jar /opt/spark/jars/mongodb/mongodb-driver-sync-5.1.4.jar not found
[2025-12-21T19:02:27.151+0000] {subprocess.py:93} INFO - 	at org.apache.spark.SparkContext.addLocalJarFile$1(SparkContext.scala:2100)
[2025-12-21T19:02:27.151+0000] {subprocess.py:93} INFO - 	at org.apache.spark.SparkContext.addJar(SparkContext.scala:2156)
[2025-12-21T19:02:27.151+0000] {subprocess.py:93} INFO - 	at org.apache.spark.SparkContext.$anonfun$new$15(SparkContext.scala:526)
[2025-12-21T19:02:27.153+0000] {subprocess.py:93} INFO - 	at org.apache.spark.SparkContext.$anonfun$new$15$adapted(SparkContext.scala:526)
[2025-12-21T19:02:27.154+0000] {subprocess.py:93} INFO - 	at scala.collection.mutable.ResizableArray.foreach(ResizableArray.scala:62)
[2025-12-21T19:02:27.154+0000] {subprocess.py:93} INFO - 	at scala.collection.mutable.ResizableArray.foreach$(ResizableArray.scala:55)
[2025-12-21T19:02:27.155+0000] {subprocess.py:93} INFO - 	at scala.collection.mutable.ArrayBuffer.foreach(ArrayBuffer.scala:49)
[2025-12-21T19:02:27.155+0000] {subprocess.py:93} INFO - 	at org.apache.spark.SparkContext.<init>(SparkContext.scala:526)
[2025-12-21T19:02:27.156+0000] {subprocess.py:93} INFO - 	at org.apache.spark.api.java.JavaSparkContext.<init>(JavaSparkContext.scala:58)
[2025-12-21T19:02:27.156+0000] {subprocess.py:93} INFO - 	at java.base/jdk.internal.reflect.NativeConstructorAccessorImpl.newInstance0(Native Method)
[2025-12-21T19:02:27.157+0000] {subprocess.py:93} INFO - 	at java.base/jdk.internal.reflect.NativeConstructorAccessorImpl.newInstance(NativeConstructorAccessorImpl.java:77)
[2025-12-21T19:02:27.157+0000] {subprocess.py:93} INFO - 	at java.base/jdk.internal.reflect.DelegatingConstructorAccessorImpl.newInstance(DelegatingConstructorAccessorImpl.java:45)
[2025-12-21T19:02:27.158+0000] {subprocess.py:93} INFO - 	at java.base/java.lang.reflect.Constructor.newInstanceWithCaller(Constructor.java:500)
[2025-12-21T19:02:27.158+0000] {subprocess.py:93} INFO - 	at java.base/java.lang.reflect.Constructor.newInstance(Constructor.java:481)
[2025-12-21T19:02:27.159+0000] {subprocess.py:93} INFO - 	at py4j.reflection.MethodInvoker.invoke(MethodInvoker.java:247)
[2025-12-21T19:02:27.159+0000] {subprocess.py:93} INFO - 	at py4j.reflection.ReflectionEngine.invoke(ReflectionEngine.java:374)
[2025-12-21T19:02:27.159+0000] {subprocess.py:93} INFO - 	at py4j.Gateway.invoke(Gateway.java:238)
[2025-12-21T19:02:27.160+0000] {subprocess.py:93} INFO - 	at py4j.commands.ConstructorCommand.invokeConstructor(ConstructorCommand.java:80)
[2025-12-21T19:02:27.160+0000] {subprocess.py:93} INFO - 	at py4j.commands.ConstructorCommand.execute(ConstructorCommand.java:69)
[2025-12-21T19:02:27.161+0000] {subprocess.py:93} INFO - 	at py4j.ClientServerConnection.waitForCommands(ClientServerConnection.java:182)
[2025-12-21T19:02:27.161+0000] {subprocess.py:93} INFO - 	at py4j.ClientServerConnection.run(ClientServerConnection.java:106)
[2025-12-21T19:02:27.162+0000] {subprocess.py:93} INFO - 	at java.base/java.lang.Thread.run(Thread.java:840)
[2025-12-21T19:02:27.165+0000] {subprocess.py:93} INFO - 25/12/21 19:02:27 ERROR SparkContext: Failed to add file:/opt/spark/jars/mongodb/bson-5.1.4.jar to Spark environment
[2025-12-21T19:02:27.165+0000] {subprocess.py:93} INFO - java.io.FileNotFoundException: Jar /opt/spark/jars/mongodb/bson-5.1.4.jar not found
[2025-12-21T19:02:27.165+0000] {subprocess.py:93} INFO - 	at org.apache.spark.SparkContext.addLocalJarFile$1(SparkContext.scala:2100)
[2025-12-21T19:02:27.166+0000] {subprocess.py:93} INFO - 	at org.apache.spark.SparkContext.addJar(SparkContext.scala:2156)
[2025-12-21T19:02:27.166+0000] {subprocess.py:93} INFO - 	at org.apache.spark.SparkContext.$anonfun$new$15(SparkContext.scala:526)
[2025-12-21T19:02:27.166+0000] {subprocess.py:93} INFO - 	at org.apache.spark.SparkContext.$anonfun$new$15$adapted(SparkContext.scala:526)
[2025-12-21T19:02:27.166+0000] {subprocess.py:93} INFO - 	at scala.collection.mutable.ResizableArray.foreach(ResizableArray.scala:62)
[2025-12-21T19:02:27.166+0000] {subprocess.py:93} INFO - 	at scala.collection.mutable.ResizableArray.foreach$(ResizableArray.scala:55)
[2025-12-21T19:02:27.166+0000] {subprocess.py:93} INFO - 	at scala.collection.mutable.ArrayBuffer.foreach(ArrayBuffer.scala:49)
[2025-12-21T19:02:27.166+0000] {subprocess.py:93} INFO - 	at org.apache.spark.SparkContext.<init>(SparkContext.scala:526)
[2025-12-21T19:02:27.166+0000] {subprocess.py:93} INFO - 	at org.apache.spark.api.java.JavaSparkContext.<init>(JavaSparkContext.scala:58)
[2025-12-21T19:02:27.166+0000] {subprocess.py:93} INFO - 	at java.base/jdk.internal.reflect.NativeConstructorAccessorImpl.newInstance0(Native Method)
[2025-12-21T19:02:27.167+0000] {subprocess.py:93} INFO - 	at java.base/jdk.internal.reflect.NativeConstructorAccessorImpl.newInstance(NativeConstructorAccessorImpl.java:77)
[2025-12-21T19:02:27.167+0000] {subprocess.py:93} INFO - 	at java.base/jdk.internal.reflect.DelegatingConstructorAccessorImpl.newInstance(DelegatingConstructorAccessorImpl.java:45)
[2025-12-21T19:02:27.168+0000] {subprocess.py:93} INFO - 	at java.base/java.lang.reflect.Constructor.newInstanceWithCaller(Constructor.java:500)
[2025-12-21T19:02:27.168+0000] {subprocess.py:93} INFO - 	at java.base/java.lang.reflect.Constructor.newInstance(Constructor.java:481)
[2025-12-21T19:02:27.168+0000] {subprocess.py:93} INFO - 	at py4j.reflection.MethodInvoker.invoke(MethodInvoker.java:247)
[2025-12-21T19:02:27.169+0000] {subprocess.py:93} INFO - 	at py4j.reflection.ReflectionEngine.invoke(ReflectionEngine.java:374)
[2025-12-21T19:02:27.169+0000] {subprocess.py:93} INFO - 	at py4j.Gateway.invoke(Gateway.java:238)
[2025-12-21T19:02:27.170+0000] {subprocess.py:93} INFO - 	at py4j.commands.ConstructorCommand.invokeConstructor(ConstructorCommand.java:80)
[2025-12-21T19:02:27.170+0000] {subprocess.py:93} INFO - 	at py4j.commands.ConstructorCommand.execute(ConstructorCommand.java:69)
[2025-12-21T19:02:27.173+0000] {subprocess.py:93} INFO - 	at py4j.ClientServerConnection.waitForCommands(ClientServerConnection.java:182)
[2025-12-21T19:02:27.173+0000] {subprocess.py:93} INFO - 	at py4j.ClientServerConnection.run(ClientServerConnection.java:106)
[2025-12-21T19:02:27.174+0000] {subprocess.py:93} INFO - 	at java.base/java.lang.Thread.run(Thread.java:840)
[2025-12-21T19:02:27.174+0000] {subprocess.py:93} INFO - 25/12/21 19:02:27 ERROR SparkContext: Failed to add file:/opt/spark/jars/mongodb/mongodb-driver-core-5.1.4.jar to Spark environment
[2025-12-21T19:02:27.175+0000] {subprocess.py:93} INFO - java.io.FileNotFoundException: Jar /opt/spark/jars/mongodb/mongodb-driver-core-5.1.4.jar not found
[2025-12-21T19:02:27.175+0000] {subprocess.py:93} INFO - 	at org.apache.spark.SparkContext.addLocalJarFile$1(SparkContext.scala:2100)
[2025-12-21T19:02:27.176+0000] {subprocess.py:93} INFO - 	at org.apache.spark.SparkContext.addJar(SparkContext.scala:2156)
[2025-12-21T19:02:27.176+0000] {subprocess.py:93} INFO - 	at org.apache.spark.SparkContext.$anonfun$new$15(SparkContext.scala:526)
[2025-12-21T19:02:27.176+0000] {subprocess.py:93} INFO - 	at org.apache.spark.SparkContext.$anonfun$new$15$adapted(SparkContext.scala:526)
[2025-12-21T19:02:27.177+0000] {subprocess.py:93} INFO - 	at scala.collection.mutable.ResizableArray.foreach(ResizableArray.scala:62)
[2025-12-21T19:02:27.177+0000] {subprocess.py:93} INFO - 	at scala.collection.mutable.ResizableArray.foreach$(ResizableArray.scala:55)
[2025-12-21T19:02:27.178+0000] {subprocess.py:93} INFO - 	at scala.collection.mutable.ArrayBuffer.foreach(ArrayBuffer.scala:49)
[2025-12-21T19:02:27.178+0000] {subprocess.py:93} INFO - 	at org.apache.spark.SparkContext.<init>(SparkContext.scala:526)
[2025-12-21T19:02:27.179+0000] {subprocess.py:93} INFO - 	at org.apache.spark.api.java.JavaSparkContext.<init>(JavaSparkContext.scala:58)
[2025-12-21T19:02:27.179+0000] {subprocess.py:93} INFO - 	at java.base/jdk.internal.reflect.NativeConstructorAccessorImpl.newInstance0(Native Method)
[2025-12-21T19:02:27.179+0000] {subprocess.py:93} INFO - 	at java.base/jdk.internal.reflect.NativeConstructorAccessorImpl.newInstance(NativeConstructorAccessorImpl.java:77)
[2025-12-21T19:02:27.180+0000] {subprocess.py:93} INFO - 	at java.base/jdk.internal.reflect.DelegatingConstructorAccessorImpl.newInstance(DelegatingConstructorAccessorImpl.java:45)
[2025-12-21T19:02:27.180+0000] {subprocess.py:93} INFO - 	at java.base/java.lang.reflect.Constructor.newInstanceWithCaller(Constructor.java:500)
[2025-12-21T19:02:27.180+0000] {subprocess.py:93} INFO - 	at java.base/java.lang.reflect.Constructor.newInstance(Constructor.java:481)
[2025-12-21T19:02:27.180+0000] {subprocess.py:93} INFO - 	at py4j.reflection.MethodInvoker.invoke(MethodInvoker.java:247)
[2025-12-21T19:02:27.181+0000] {subprocess.py:93} INFO - 	at py4j.reflection.ReflectionEngine.invoke(ReflectionEngine.java:374)
[2025-12-21T19:02:27.181+0000] {subprocess.py:93} INFO - 	at py4j.Gateway.invoke(Gateway.java:238)
[2025-12-21T19:02:27.182+0000] {subprocess.py:93} INFO - 	at py4j.commands.ConstructorCommand.invokeConstructor(ConstructorCommand.java:80)
[2025-12-21T19:02:27.182+0000] {subprocess.py:93} INFO - 	at py4j.commands.ConstructorCommand.execute(ConstructorCommand.java:69)
[2025-12-21T19:02:27.182+0000] {subprocess.py:93} INFO - 	at py4j.ClientServerConnection.waitForCommands(ClientServerConnection.java:182)
[2025-12-21T19:02:27.183+0000] {subprocess.py:93} INFO - 	at py4j.ClientServerConnection.run(ClientServerConnection.java:106)
[2025-12-21T19:02:27.183+0000] {subprocess.py:93} INFO - 	at java.base/java.lang.Thread.run(Thread.java:840)
[2025-12-21T19:02:27.184+0000] {subprocess.py:93} INFO - 25/12/21 19:02:27 ERROR SparkContext: Failed to add file:/opt/spark/jars/mongodb/bson-record-codec-5.1.4.jar to Spark environment
[2025-12-21T19:02:27.184+0000] {subprocess.py:93} INFO - java.io.FileNotFoundException: Jar /opt/spark/jars/mongodb/bson-record-codec-5.1.4.jar not found
[2025-12-21T19:02:27.185+0000] {subprocess.py:93} INFO - 	at org.apache.spark.SparkContext.addLocalJarFile$1(SparkContext.scala:2100)
[2025-12-21T19:02:27.185+0000] {subprocess.py:93} INFO - 	at org.apache.spark.SparkContext.addJar(SparkContext.scala:2156)
[2025-12-21T19:02:27.185+0000] {subprocess.py:93} INFO - 	at org.apache.spark.SparkContext.$anonfun$new$15(SparkContext.scala:526)
[2025-12-21T19:02:27.186+0000] {subprocess.py:93} INFO - 	at org.apache.spark.SparkContext.$anonfun$new$15$adapted(SparkContext.scala:526)
[2025-12-21T19:02:27.186+0000] {subprocess.py:93} INFO - 	at scala.collection.mutable.ResizableArray.foreach(ResizableArray.scala:62)
[2025-12-21T19:02:27.187+0000] {subprocess.py:93} INFO - 	at scala.collection.mutable.ResizableArray.foreach$(ResizableArray.scala:55)
[2025-12-21T19:02:27.187+0000] {subprocess.py:93} INFO - 	at scala.collection.mutable.ArrayBuffer.foreach(ArrayBuffer.scala:49)
[2025-12-21T19:02:27.187+0000] {subprocess.py:93} INFO - 	at org.apache.spark.SparkContext.<init>(SparkContext.scala:526)
[2025-12-21T19:02:27.188+0000] {subprocess.py:93} INFO - 	at org.apache.spark.api.java.JavaSparkContext.<init>(JavaSparkContext.scala:58)
[2025-12-21T19:02:27.188+0000] {subprocess.py:93} INFO - 	at java.base/jdk.internal.reflect.NativeConstructorAccessorImpl.newInstance0(Native Method)
[2025-12-21T19:02:27.189+0000] {subprocess.py:93} INFO - 	at java.base/jdk.internal.reflect.NativeConstructorAccessorImpl.newInstance(NativeConstructorAccessorImpl.java:77)
[2025-12-21T19:02:27.189+0000] {subprocess.py:93} INFO - 	at java.base/jdk.internal.reflect.DelegatingConstructorAccessorImpl.newInstance(DelegatingConstructorAccessorImpl.java:45)
[2025-12-21T19:02:27.190+0000] {subprocess.py:93} INFO - 	at java.base/java.lang.reflect.Constructor.newInstanceWithCaller(Constructor.java:500)
[2025-12-21T19:02:27.190+0000] {subprocess.py:93} INFO - 	at java.base/java.lang.reflect.Constructor.newInstance(Constructor.java:481)
[2025-12-21T19:02:27.190+0000] {subprocess.py:93} INFO - 	at py4j.reflection.MethodInvoker.invoke(MethodInvoker.java:247)
[2025-12-21T19:02:27.191+0000] {subprocess.py:93} INFO - 	at py4j.reflection.ReflectionEngine.invoke(ReflectionEngine.java:374)
[2025-12-21T19:02:27.191+0000] {subprocess.py:93} INFO - 	at py4j.Gateway.invoke(Gateway.java:238)
[2025-12-21T19:02:27.192+0000] {subprocess.py:93} INFO - 	at py4j.commands.ConstructorCommand.invokeConstructor(ConstructorCommand.java:80)
[2025-12-21T19:02:27.192+0000] {subprocess.py:93} INFO - 	at py4j.commands.ConstructorCommand.execute(ConstructorCommand.java:69)
[2025-12-21T19:02:27.192+0000] {subprocess.py:93} INFO - 	at py4j.ClientServerConnection.waitForCommands(ClientServerConnection.java:182)
[2025-12-21T19:02:27.193+0000] {subprocess.py:93} INFO - 	at py4j.ClientServerConnection.run(ClientServerConnection.java:106)
[2025-12-21T19:02:27.193+0000] {subprocess.py:93} INFO - 	at java.base/java.lang.Thread.run(Thread.java:840)
[2025-12-21T19:02:27.231+0000] {subprocess.py:93} INFO - 25/12/21 19:02:27 INFO StandaloneAppClient$ClientEndpoint: Connecting to master spark://spark-master:7077...
[2025-12-21T19:02:27.268+0000] {subprocess.py:93} INFO - 25/12/21 19:02:27 INFO TransportClientFactory: Successfully created connection to spark-master/172.18.0.3:7077 after 21 ms (0 ms spent in bootstraps)
[2025-12-21T19:02:27.345+0000] {subprocess.py:93} INFO - 25/12/21 19:02:27 INFO StandaloneSchedulerBackend: Connected to Spark cluster with app ID app-20251221190227-0003
[2025-12-21T19:02:27.347+0000] {subprocess.py:93} INFO - 25/12/21 19:02:27 INFO StandaloneAppClient$ClientEndpoint: Executor added: app-20251221190227-0003/0 on worker-20251221185445-172.18.0.6-37323 (172.18.0.6:37323) with 2 core(s)
[2025-12-21T19:02:27.351+0000] {subprocess.py:93} INFO - 25/12/21 19:02:27 INFO StandaloneSchedulerBackend: Granted executor ID app-20251221190227-0003/0 on hostPort 172.18.0.6:37323 with 2 core(s), 2.0 GiB RAM
[2025-12-21T19:02:27.353+0000] {subprocess.py:93} INFO - 25/12/21 19:02:27 INFO Utils: Successfully started service 'org.apache.spark.network.netty.NettyBlockTransferService' on port 45851.
[2025-12-21T19:02:27.353+0000] {subprocess.py:93} INFO - 25/12/21 19:02:27 INFO NettyBlockTransferService: Server created on 7153b8cc9eda:45851
[2025-12-21T19:02:27.355+0000] {subprocess.py:93} INFO - 25/12/21 19:02:27 INFO BlockManager: Using org.apache.spark.storage.RandomBlockReplicationPolicy for block replication policy
[2025-12-21T19:02:27.361+0000] {subprocess.py:93} INFO - 25/12/21 19:02:27 INFO BlockManagerMaster: Registering BlockManager BlockManagerId(driver, 7153b8cc9eda, 45851, None)
[2025-12-21T19:02:27.365+0000] {subprocess.py:93} INFO - 25/12/21 19:02:27 INFO BlockManagerMasterEndpoint: Registering block manager 7153b8cc9eda:45851 with 434.4 MiB RAM, BlockManagerId(driver, 7153b8cc9eda, 45851, None)
[2025-12-21T19:02:27.368+0000] {subprocess.py:93} INFO - 25/12/21 19:02:27 INFO BlockManagerMaster: Registered BlockManager BlockManagerId(driver, 7153b8cc9eda, 45851, None)
[2025-12-21T19:02:27.371+0000] {subprocess.py:93} INFO - 25/12/21 19:02:27 INFO BlockManager: Initialized BlockManager: BlockManagerId(driver, 7153b8cc9eda, 45851, None)
[2025-12-21T19:02:27.382+0000] {subprocess.py:93} INFO - 25/12/21 19:02:27 INFO StandaloneAppClient$ClientEndpoint: Executor updated: app-20251221190227-0003/0 is now RUNNING
[2025-12-21T19:02:27.646+0000] {subprocess.py:93} INFO - 25/12/21 19:02:27 INFO StandaloneSchedulerBackend: SchedulerBackend is ready for scheduling beginning after reached minRegisteredResourcesRatio: 0.0
[2025-12-21T19:02:27.886+0000] {subprocess.py:93} INFO - 25/12/21 19:02:27 INFO SharedState: Setting hive.metastore.warehouse.dir ('null') to the value of spark.sql.warehouse.dir.
[2025-12-21T19:02:27.893+0000] {subprocess.py:93} INFO - 25/12/21 19:02:27 INFO SharedState: Warehouse path is 'file:/tmp/***tmpftazi5dr/spark-warehouse'.
[2025-12-21T19:02:29.422+0000] {subprocess.py:93} INFO - Traceback (most recent call last):
[2025-12-21T19:02:29.422+0000] {subprocess.py:93} INFO -   File "/opt/***/spark_jobs/ingestion.py", line 23, in <module>
[2025-12-21T19:02:29.426+0000] {subprocess.py:93} INFO -     df = spark.read.format("mongodb").load()
[2025-12-21T19:02:29.427+0000] {subprocess.py:93} INFO -   File "/opt/spark/python/lib/pyspark.zip/pyspark/sql/readwriter.py", line 314, in load
[2025-12-21T19:02:29.427+0000] {subprocess.py:93} INFO -   File "/opt/spark/python/lib/py4j-0.10.9.7-src.zip/py4j/java_gateway.py", line 1322, in __call__
[2025-12-21T19:02:29.427+0000] {subprocess.py:93} INFO -   File "/opt/spark/python/lib/pyspark.zip/pyspark/errors/exceptions/captured.py", line 179, in deco
[2025-12-21T19:02:29.427+0000] {subprocess.py:93} INFO -   File "/opt/spark/python/lib/py4j-0.10.9.7-src.zip/py4j/protocol.py", line 326, in get_return_value
[2025-12-21T19:02:29.427+0000] {subprocess.py:93} INFO - py4j.protocol.Py4JJavaError: An error occurred while calling o37.load.
[2025-12-21T19:02:29.427+0000] {subprocess.py:93} INFO - : org.apache.spark.SparkClassNotFoundException: [DATA_SOURCE_NOT_FOUND] Failed to find the data source: mongodb. Please find packages at `https://spark.apache.org/third-party-projects.html`.
[2025-12-21T19:02:29.427+0000] {subprocess.py:93} INFO - 	at org.apache.spark.sql.errors.QueryExecutionErrors$.dataSourceNotFoundError(QueryExecutionErrors.scala:724)
[2025-12-21T19:02:29.427+0000] {subprocess.py:93} INFO - 	at org.apache.spark.sql.execution.datasources.DataSource$.lookupDataSource(DataSource.scala:647)
[2025-12-21T19:02:29.428+0000] {subprocess.py:93} INFO - 	at org.apache.spark.sql.execution.datasources.DataSource$.lookupDataSourceV2(DataSource.scala:697)
[2025-12-21T19:02:29.428+0000] {subprocess.py:93} INFO - 	at org.apache.spark.sql.DataFrameReader.load(DataFrameReader.scala:208)
[2025-12-21T19:02:29.428+0000] {subprocess.py:93} INFO - 	at org.apache.spark.sql.DataFrameReader.load(DataFrameReader.scala:172)
[2025-12-21T19:02:29.428+0000] {subprocess.py:93} INFO - 	at java.base/jdk.internal.reflect.NativeMethodAccessorImpl.invoke0(Native Method)
[2025-12-21T19:02:29.428+0000] {subprocess.py:93} INFO - 	at java.base/jdk.internal.reflect.NativeMethodAccessorImpl.invoke(NativeMethodAccessorImpl.java:77)
[2025-12-21T19:02:29.428+0000] {subprocess.py:93} INFO - 	at java.base/jdk.internal.reflect.DelegatingMethodAccessorImpl.invoke(DelegatingMethodAccessorImpl.java:43)
[2025-12-21T19:02:29.428+0000] {subprocess.py:93} INFO - 	at java.base/java.lang.reflect.Method.invoke(Method.java:569)
[2025-12-21T19:02:29.428+0000] {subprocess.py:93} INFO - 	at py4j.reflection.MethodInvoker.invoke(MethodInvoker.java:244)
[2025-12-21T19:02:29.428+0000] {subprocess.py:93} INFO - 	at py4j.reflection.ReflectionEngine.invoke(ReflectionEngine.java:374)
[2025-12-21T19:02:29.428+0000] {subprocess.py:93} INFO - 	at py4j.Gateway.invoke(Gateway.java:282)
[2025-12-21T19:02:29.433+0000] {subprocess.py:93} INFO - 	at py4j.commands.AbstractCommand.invokeMethod(AbstractCommand.java:132)
[2025-12-21T19:02:29.433+0000] {subprocess.py:93} INFO - 	at py4j.commands.CallCommand.execute(CallCommand.java:79)
[2025-12-21T19:02:29.433+0000] {subprocess.py:93} INFO - 	at py4j.ClientServerConnection.waitForCommands(ClientServerConnection.java:182)
[2025-12-21T19:02:29.433+0000] {subprocess.py:93} INFO - 	at py4j.ClientServerConnection.run(ClientServerConnection.java:106)
[2025-12-21T19:02:29.433+0000] {subprocess.py:93} INFO - 	at java.base/java.lang.Thread.run(Thread.java:840)
[2025-12-21T19:02:29.434+0000] {subprocess.py:93} INFO - Caused by: java.lang.ClassNotFoundException: mongodb.DefaultSource
[2025-12-21T19:02:29.434+0000] {subprocess.py:93} INFO - 	at java.base/java.net.URLClassLoader.findClass(URLClassLoader.java:445)
[2025-12-21T19:02:29.434+0000] {subprocess.py:93} INFO - 	at java.base/java.lang.ClassLoader.loadClass(ClassLoader.java:592)
[2025-12-21T19:02:29.434+0000] {subprocess.py:93} INFO - 	at java.base/java.lang.ClassLoader.loadClass(ClassLoader.java:525)
[2025-12-21T19:02:29.434+0000] {subprocess.py:93} INFO - 	at org.apache.spark.sql.execution.datasources.DataSource$.$anonfun$lookupDataSource$5(DataSource.scala:633)
[2025-12-21T19:02:29.434+0000] {subprocess.py:93} INFO - 	at scala.util.Try$.apply(Try.scala:213)
[2025-12-21T19:02:29.434+0000] {subprocess.py:93} INFO - 	at org.apache.spark.sql.execution.datasources.DataSource$.$anonfun$lookupDataSource$4(DataSource.scala:633)
[2025-12-21T19:02:29.434+0000] {subprocess.py:93} INFO - 	at scala.util.Failure.orElse(Try.scala:224)
[2025-12-21T19:02:29.434+0000] {subprocess.py:93} INFO - 	at org.apache.spark.sql.execution.datasources.DataSource$.lookupDataSource(DataSource.scala:633)
[2025-12-21T19:02:29.434+0000] {subprocess.py:93} INFO - 	... 15 more
[2025-12-21T19:02:29.435+0000] {subprocess.py:93} INFO - 
[2025-12-21T19:02:29.518+0000] {subprocess.py:93} INFO - 25/12/21 19:02:29 INFO SparkContext: Invoking stop() from shutdown hook
[2025-12-21T19:02:29.518+0000] {subprocess.py:93} INFO - 25/12/21 19:02:29 INFO SparkContext: SparkContext is stopping with exitCode 0.
[2025-12-21T19:02:29.531+0000] {subprocess.py:93} INFO - 25/12/21 19:02:29 INFO SparkUI: Stopped Spark web UI at http://7153b8cc9eda:4040
[2025-12-21T19:02:29.536+0000] {subprocess.py:93} INFO - 25/12/21 19:02:29 INFO StandaloneSchedulerBackend: Shutting down all executors
[2025-12-21T19:02:29.549+0000] {subprocess.py:93} INFO - 25/12/21 19:02:29 INFO StandaloneSchedulerBackend$StandaloneDriverEndpoint: Asking each executor to shut down
[2025-12-21T19:02:29.566+0000] {subprocess.py:93} INFO - 25/12/21 19:02:29 INFO MapOutputTrackerMasterEndpoint: MapOutputTrackerMasterEndpoint stopped!
[2025-12-21T19:02:29.597+0000] {subprocess.py:93} INFO - 25/12/21 19:02:29 INFO MemoryStore: MemoryStore cleared
[2025-12-21T19:02:29.600+0000] {subprocess.py:93} INFO - 25/12/21 19:02:29 INFO BlockManager: BlockManager stopped
[2025-12-21T19:02:29.608+0000] {subprocess.py:93} INFO - 25/12/21 19:02:29 INFO BlockManagerMaster: BlockManagerMaster stopped
[2025-12-21T19:02:29.610+0000] {subprocess.py:93} INFO - 25/12/21 19:02:29 INFO OutputCommitCoordinator$OutputCommitCoordinatorEndpoint: OutputCommitCoordinator stopped!
[2025-12-21T19:02:29.630+0000] {subprocess.py:93} INFO - 25/12/21 19:02:29 INFO SparkContext: Successfully stopped SparkContext
[2025-12-21T19:02:29.631+0000] {subprocess.py:93} INFO - 25/12/21 19:02:29 INFO ShutdownHookManager: Shutdown hook called
[2025-12-21T19:02:29.631+0000] {subprocess.py:93} INFO - 25/12/21 19:02:29 INFO ShutdownHookManager: Deleting directory /tmp/spark-6e564d45-2bda-4193-8e9d-510dfb4b5665
[2025-12-21T19:02:29.644+0000] {subprocess.py:93} INFO - 25/12/21 19:02:29 INFO ShutdownHookManager: Deleting directory /tmp/spark-e7961289-59f0-4db8-8ff7-9b8bbab255ea
[2025-12-21T19:02:29.652+0000] {subprocess.py:93} INFO - 25/12/21 19:02:29 INFO ShutdownHookManager: Deleting directory /tmp/spark-6e564d45-2bda-4193-8e9d-510dfb4b5665/pyspark-2c68303e-65f7-42ce-bbe4-9b258374c7e3
[2025-12-21T19:02:29.703+0000] {subprocess.py:97} INFO - Command exited with return code 1
[2025-12-21T19:02:29.718+0000] {taskinstance.py:2699} ERROR - Task failed with exception
Traceback (most recent call last):
  File "/home/airflow/.local/lib/python3.10/site-packages/airflow/models/taskinstance.py", line 433, in _execute_task
    result = execute_callable(context=context, **execute_callable_kwargs)
  File "/home/airflow/.local/lib/python3.10/site-packages/airflow/operators/bash.py", line 212, in execute
    raise AirflowException(
airflow.exceptions.AirflowException: Bash command failed. The command returned a non-zero exit code 1.
[2025-12-21T19:02:29.721+0000] {taskinstance.py:1138} INFO - Marking task as FAILED. dag_id=pipeline_services_publics_togo, task_id=ingestion_mongodb, execution_date=20251221T185200, start_date=20251221T190223, end_date=20251221T190229
[2025-12-21T19:02:29.735+0000] {standard_task_runner.py:107} ERROR - Failed to execute job 33 for task ingestion_mongodb (Bash command failed. The command returned a non-zero exit code 1.; 641)
[2025-12-21T19:02:29.776+0000] {local_task_job_runner.py:234} INFO - Task exited with return code 1
[2025-12-21T19:02:29.861+0000] {taskinstance.py:3281} INFO - 0 downstream tasks scheduled from follow-on schedule check
