[2025-12-24T04:46:42.505+0000] {taskinstance.py:1957} INFO - Dependencies all met for dep_context=non-requeueable deps ti=<TaskInstance: pipeline_services_publics_togo.processing_spark scheduled__2025-12-23T02:00:00+00:00 [queued]>
[2025-12-24T04:46:42.518+0000] {taskinstance.py:1957} INFO - Dependencies all met for dep_context=requeueable deps ti=<TaskInstance: pipeline_services_publics_togo.processing_spark scheduled__2025-12-23T02:00:00+00:00 [queued]>
[2025-12-24T04:46:42.518+0000] {taskinstance.py:2171} INFO - Starting attempt 1 of 3
[2025-12-24T04:46:42.533+0000] {taskinstance.py:2192} INFO - Executing <Task(BashOperator): processing_spark> on 2025-12-23 02:00:00+00:00
[2025-12-24T04:46:42.541+0000] {standard_task_runner.py:60} INFO - Started process 3757 to run task
[2025-12-24T04:46:42.545+0000] {standard_task_runner.py:87} INFO - Running: ['***', 'tasks', 'run', 'pipeline_services_publics_togo', 'processing_spark', 'scheduled__2025-12-23T02:00:00+00:00', '--job-id', '49', '--raw', '--subdir', 'DAGS_FOLDER/pipeline_services_publics.py', '--cfg-path', '/tmp/tmplguj6d8x']
[2025-12-24T04:46:42.547+0000] {standard_task_runner.py:88} INFO - Job 49: Subtask processing_spark
[2025-12-24T04:46:42.640+0000] {task_command.py:423} INFO - Running <TaskInstance: pipeline_services_publics_togo.processing_spark scheduled__2025-12-23T02:00:00+00:00 [running]> on host 6717a07eada2
[2025-12-24T04:46:42.764+0000] {taskinstance.py:2481} INFO - Exporting env vars: AIRFLOW_CTX_DAG_OWNER='data-engineer' AIRFLOW_CTX_DAG_ID='pipeline_services_publics_togo' AIRFLOW_CTX_TASK_ID='processing_spark' AIRFLOW_CTX_EXECUTION_DATE='2025-12-23T02:00:00+00:00' AIRFLOW_CTX_TRY_NUMBER='1' AIRFLOW_CTX_DAG_RUN_ID='scheduled__2025-12-23T02:00:00+00:00'
[2025-12-24T04:46:42.765+0000] {subprocess.py:63} INFO - Tmp dir root location: /tmp
[2025-12-24T04:46:42.765+0000] {subprocess.py:75} INFO - Running command: ['/usr/bin/bash', '-c', '\n    /opt/spark/bin/spark-submit       --master local[*]       --jars /opt/spark-jars/postgresql-42.6.0.jar       --executor-memory 2G       --driver-memory 1G       /opt/***/spark_jobs/processing.py\n    ']
[2025-12-24T04:46:42.781+0000] {subprocess.py:86} INFO - Output:
[2025-12-24T04:46:45.417+0000] {subprocess.py:93} INFO - 25/12/24 04:46:45 WARN NativeCodeLoader: Unable to load native-hadoop library for your platform... using builtin-java classes where applicable
[2025-12-24T04:46:46.526+0000] {subprocess.py:93} INFO - 25/12/24 04:46:46 INFO SparkContext: Running Spark version 3.5.1
[2025-12-24T04:46:46.532+0000] {subprocess.py:93} INFO - 25/12/24 04:46:46 INFO SparkContext: OS info Linux, 6.8.0-90-generic, amd64
[2025-12-24T04:46:46.533+0000] {subprocess.py:93} INFO - 25/12/24 04:46:46 INFO SparkContext: Java version 17.0.17
[2025-12-24T04:46:46.574+0000] {subprocess.py:93} INFO - 25/12/24 04:46:46 INFO ResourceUtils: ==============================================================
[2025-12-24T04:46:46.575+0000] {subprocess.py:93} INFO - 25/12/24 04:46:46 INFO ResourceUtils: No custom resources configured for spark.driver.
[2025-12-24T04:46:46.576+0000] {subprocess.py:93} INFO - 25/12/24 04:46:46 INFO ResourceUtils: ==============================================================
[2025-12-24T04:46:46.577+0000] {subprocess.py:93} INFO - 25/12/24 04:46:46 INFO SparkContext: Submitted application: Processing_Demandes
[2025-12-24T04:46:46.604+0000] {subprocess.py:93} INFO - 25/12/24 04:46:46 INFO ResourceProfile: Default ResourceProfile created, executor resources: Map(cores -> name: cores, amount: 1, script: , vendor: , memory -> name: memory, amount: 1024, script: , vendor: , offHeap -> name: offHeap, amount: 0, script: , vendor: ), task resources: Map(cpus -> name: cpus, amount: 1.0)
[2025-12-24T04:46:46.616+0000] {subprocess.py:93} INFO - 25/12/24 04:46:46 INFO ResourceProfile: Limiting resource is cpu
[2025-12-24T04:46:46.618+0000] {subprocess.py:93} INFO - 25/12/24 04:46:46 INFO ResourceProfileManager: Added ResourceProfile id: 0
[2025-12-24T04:46:46.680+0000] {subprocess.py:93} INFO - 25/12/24 04:46:46 INFO SecurityManager: Changing view acls to: ***
[2025-12-24T04:46:46.681+0000] {subprocess.py:93} INFO - 25/12/24 04:46:46 INFO SecurityManager: Changing modify acls to: ***
[2025-12-24T04:46:46.681+0000] {subprocess.py:93} INFO - 25/12/24 04:46:46 INFO SecurityManager: Changing view acls groups to:
[2025-12-24T04:46:46.682+0000] {subprocess.py:93} INFO - 25/12/24 04:46:46 INFO SecurityManager: Changing modify acls groups to:
[2025-12-24T04:46:46.683+0000] {subprocess.py:93} INFO - 25/12/24 04:46:46 INFO SecurityManager: SecurityManager: authentication disabled; ui acls disabled; users with view permissions: ***; groups with view permissions: EMPTY; users with modify permissions: ***; groups with modify permissions: EMPTY
[2025-12-24T04:46:46.905+0000] {subprocess.py:93} INFO - 25/12/24 04:46:46 INFO Utils: Successfully started service 'sparkDriver' on port 38639.
[2025-12-24T04:46:46.940+0000] {subprocess.py:93} INFO - 25/12/24 04:46:46 INFO SparkEnv: Registering MapOutputTracker
[2025-12-24T04:46:46.995+0000] {subprocess.py:93} INFO - 25/12/24 04:46:46 INFO SparkEnv: Registering BlockManagerMaster
[2025-12-24T04:46:47.023+0000] {subprocess.py:93} INFO - 25/12/24 04:46:47 INFO BlockManagerMasterEndpoint: Using org.apache.spark.storage.DefaultTopologyMapper for getting topology information
[2025-12-24T04:46:47.025+0000] {subprocess.py:93} INFO - 25/12/24 04:46:47 INFO BlockManagerMasterEndpoint: BlockManagerMasterEndpoint up
[2025-12-24T04:46:47.029+0000] {subprocess.py:93} INFO - 25/12/24 04:46:47 INFO SparkEnv: Registering BlockManagerMasterHeartbeat
[2025-12-24T04:46:47.061+0000] {subprocess.py:93} INFO - 25/12/24 04:46:47 INFO DiskBlockManager: Created local directory at /tmp/blockmgr-a7988a60-af78-4c8c-a9b4-16159b54bfc5
[2025-12-24T04:46:47.082+0000] {subprocess.py:93} INFO - 25/12/24 04:46:47 INFO MemoryStore: MemoryStore started with capacity 434.4 MiB
[2025-12-24T04:46:47.101+0000] {subprocess.py:93} INFO - 25/12/24 04:46:47 INFO SparkEnv: Registering OutputCommitCoordinator
[2025-12-24T04:46:47.274+0000] {subprocess.py:93} INFO - 25/12/24 04:46:47 INFO JettyUtils: Start Jetty 0.0.0.0:4040 for SparkUI
[2025-12-24T04:46:47.451+0000] {subprocess.py:93} INFO - 25/12/24 04:46:47 INFO Utils: Successfully started service 'SparkUI' on port 4040.
[2025-12-24T04:46:47.500+0000] {subprocess.py:93} INFO - 25/12/24 04:46:47 INFO SparkContext: Added JAR file:///opt/spark-jars/postgresql-42.6.0.jar at spark://6717a07eada2:38639/jars/postgresql-42.6.0.jar with timestamp 1766551606510
[2025-12-24T04:46:47.655+0000] {subprocess.py:93} INFO - 25/12/24 04:46:47 INFO Executor: Starting executor ID driver on host 6717a07eada2
[2025-12-24T04:46:47.657+0000] {subprocess.py:93} INFO - 25/12/24 04:46:47 INFO Executor: OS info Linux, 6.8.0-90-generic, amd64
[2025-12-24T04:46:47.658+0000] {subprocess.py:93} INFO - 25/12/24 04:46:47 INFO Executor: Java version 17.0.17
[2025-12-24T04:46:47.669+0000] {subprocess.py:93} INFO - 25/12/24 04:46:47 INFO Executor: Starting executor with user classpath (userClassPathFirst = false): ''
[2025-12-24T04:46:47.672+0000] {subprocess.py:93} INFO - 25/12/24 04:46:47 INFO Executor: Created or updated repl class loader org.apache.spark.util.MutableURLClassLoader@7543b62b for default.
[2025-12-24T04:46:47.696+0000] {subprocess.py:93} INFO - 25/12/24 04:46:47 INFO Executor: Fetching spark://6717a07eada2:38639/jars/postgresql-42.6.0.jar with timestamp 1766551606510
[2025-12-24T04:46:47.771+0000] {subprocess.py:93} INFO - 25/12/24 04:46:47 INFO TransportClientFactory: Successfully created connection to 6717a07eada2/172.18.0.4:38639 after 36 ms (0 ms spent in bootstraps)
[2025-12-24T04:46:47.786+0000] {subprocess.py:93} INFO - 25/12/24 04:46:47 INFO Utils: Fetching spark://6717a07eada2:38639/jars/postgresql-42.6.0.jar to /tmp/spark-c14f52d3-f347-4df0-957a-04d2c0182aeb/userFiles-e423d6fa-12c0-4f82-b415-7aba19976313/fetchFileTemp17379904890392762110.tmp
[2025-12-24T04:46:47.853+0000] {subprocess.py:93} INFO - 25/12/24 04:46:47 INFO Executor: Adding file:/tmp/spark-c14f52d3-f347-4df0-957a-04d2c0182aeb/userFiles-e423d6fa-12c0-4f82-b415-7aba19976313/postgresql-42.6.0.jar to class loader default
[2025-12-24T04:46:47.870+0000] {subprocess.py:93} INFO - 25/12/24 04:46:47 INFO Utils: Successfully started service 'org.apache.spark.network.netty.NettyBlockTransferService' on port 36805.
[2025-12-24T04:46:47.870+0000] {subprocess.py:93} INFO - 25/12/24 04:46:47 INFO NettyBlockTransferService: Server created on 6717a07eada2:36805
[2025-12-24T04:46:47.870+0000] {subprocess.py:93} INFO - 25/12/24 04:46:47 INFO BlockManager: Using org.apache.spark.storage.RandomBlockReplicationPolicy for block replication policy
[2025-12-24T04:46:47.882+0000] {subprocess.py:93} INFO - 25/12/24 04:46:47 INFO BlockManagerMaster: Registering BlockManager BlockManagerId(driver, 6717a07eada2, 36805, None)
[2025-12-24T04:46:47.888+0000] {subprocess.py:93} INFO - 25/12/24 04:46:47 INFO BlockManagerMasterEndpoint: Registering block manager 6717a07eada2:36805 with 434.4 MiB RAM, BlockManagerId(driver, 6717a07eada2, 36805, None)
[2025-12-24T04:46:47.889+0000] {subprocess.py:93} INFO - 25/12/24 04:46:47 INFO BlockManagerMaster: Registered BlockManager BlockManagerId(driver, 6717a07eada2, 36805, None)
[2025-12-24T04:46:47.891+0000] {subprocess.py:93} INFO - 25/12/24 04:46:47 INFO BlockManager: Initialized BlockManager: BlockManagerId(driver, 6717a07eada2, 36805, None)
[2025-12-24T04:46:48.480+0000] {subprocess.py:93} INFO - 25/12/24 04:46:48 INFO SharedState: Setting hive.metastore.warehouse.dir ('null') to the value of spark.sql.warehouse.dir.
[2025-12-24T04:46:48.483+0000] {subprocess.py:93} INFO - 25/12/24 04:46:48 INFO SharedState: Warehouse path is 'file:/tmp/***tmpphvg8_n2/spark-warehouse'.
[2025-12-24T04:46:49.389+0000] {subprocess.py:93} INFO - 25/12/24 04:46:49 INFO InMemoryFileIndex: It took 65 ms to list leaf files for 1 paths.
[2025-12-24T04:46:49.968+0000] {subprocess.py:93} INFO - 25/12/24 04:46:49 INFO SparkContext: Starting job: parquet at NativeMethodAccessorImpl.java:0
[2025-12-24T04:46:50.013+0000] {subprocess.py:93} INFO - 25/12/24 04:46:50 INFO DAGScheduler: Got job 0 (parquet at NativeMethodAccessorImpl.java:0) with 1 output partitions
[2025-12-24T04:46:50.018+0000] {subprocess.py:93} INFO - 25/12/24 04:46:50 INFO DAGScheduler: Final stage: ResultStage 0 (parquet at NativeMethodAccessorImpl.java:0)
[2025-12-24T04:46:50.019+0000] {subprocess.py:93} INFO - 25/12/24 04:46:50 INFO DAGScheduler: Parents of final stage: List()
[2025-12-24T04:46:50.022+0000] {subprocess.py:93} INFO - 25/12/24 04:46:50 INFO DAGScheduler: Missing parents: List()
[2025-12-24T04:46:50.035+0000] {subprocess.py:93} INFO - 25/12/24 04:46:50 INFO DAGScheduler: Submitting ResultStage 0 (MapPartitionsRDD[1] at parquet at NativeMethodAccessorImpl.java:0), which has no missing parents
[2025-12-24T04:46:50.287+0000] {subprocess.py:93} INFO - 25/12/24 04:46:50 INFO MemoryStore: Block broadcast_0 stored as values in memory (estimated size 103.6 KiB, free 434.3 MiB)
[2025-12-24T04:46:50.391+0000] {subprocess.py:93} INFO - 25/12/24 04:46:50 INFO MemoryStore: Block broadcast_0_piece0 stored as bytes in memory (estimated size 37.4 KiB, free 434.3 MiB)
[2025-12-24T04:46:50.401+0000] {subprocess.py:93} INFO - 25/12/24 04:46:50 INFO BlockManagerInfo: Added broadcast_0_piece0 in memory on 6717a07eada2:36805 (size: 37.4 KiB, free: 434.4 MiB)
[2025-12-24T04:46:50.409+0000] {subprocess.py:93} INFO - 25/12/24 04:46:50 INFO SparkContext: Created broadcast 0 from broadcast at DAGScheduler.scala:1585
[2025-12-24T04:46:50.473+0000] {subprocess.py:93} INFO - 25/12/24 04:46:50 INFO DAGScheduler: Submitting 1 missing tasks from ResultStage 0 (MapPartitionsRDD[1] at parquet at NativeMethodAccessorImpl.java:0) (first 15 tasks are for partitions Vector(0))
[2025-12-24T04:46:50.478+0000] {subprocess.py:93} INFO - 25/12/24 04:46:50 INFO TaskSchedulerImpl: Adding task set 0.0 with 1 tasks resource profile 0
[2025-12-24T04:46:50.610+0000] {subprocess.py:93} INFO - 25/12/24 04:46:50 INFO TaskSetManager: Starting task 0.0 in stage 0.0 (TID 0) (6717a07eada2, executor driver, partition 0, PROCESS_LOCAL, 7948 bytes)
[2025-12-24T04:46:50.653+0000] {subprocess.py:93} INFO - 25/12/24 04:46:50 INFO Executor: Running task 0.0 in stage 0.0 (TID 0)
[2025-12-24T04:46:51.253+0000] {subprocess.py:93} INFO - 25/12/24 04:46:51 INFO Executor: Finished task 0.0 in stage 0.0 (TID 0). 2118 bytes result sent to driver
[2025-12-24T04:46:51.274+0000] {subprocess.py:93} INFO - 25/12/24 04:46:51 INFO TaskSetManager: Finished task 0.0 in stage 0.0 (TID 0) in 701 ms on 6717a07eada2 (executor driver) (1/1)
[2025-12-24T04:46:51.274+0000] {subprocess.py:93} INFO - 25/12/24 04:46:51 INFO TaskSchedulerImpl: Removed TaskSet 0.0, whose tasks have all completed, from pool
[2025-12-24T04:46:51.298+0000] {subprocess.py:93} INFO - 25/12/24 04:46:51 INFO DAGScheduler: ResultStage 0 (parquet at NativeMethodAccessorImpl.java:0) finished in 1.194 s
[2025-12-24T04:46:51.309+0000] {subprocess.py:93} INFO - 25/12/24 04:46:51 INFO DAGScheduler: Job 0 is finished. Cancelling potential speculative or zombie tasks for this job
[2025-12-24T04:46:51.313+0000] {subprocess.py:93} INFO - 25/12/24 04:46:51 INFO TaskSchedulerImpl: Killing all running tasks in stage 0: Stage finished
[2025-12-24T04:46:51.317+0000] {subprocess.py:93} INFO - 25/12/24 04:46:51 INFO DAGScheduler: Job 0 finished: parquet at NativeMethodAccessorImpl.java:0, took 1.347625 s
[2025-12-24T04:46:51.591+0000] {subprocess.py:93} INFO - 25/12/24 04:46:51 INFO BlockManagerInfo: Removed broadcast_0_piece0 on 6717a07eada2:36805 in memory (size: 37.4 KiB, free: 434.4 MiB)
[2025-12-24T04:46:53.059+0000] {subprocess.py:93} INFO - 25/12/24 04:46:53 INFO FileSourceStrategy: Pushed Filters:
[2025-12-24T04:46:53.063+0000] {subprocess.py:93} INFO - 25/12/24 04:46:53 INFO FileSourceStrategy: Post-Scan Filters:
[2025-12-24T04:46:53.667+0000] {subprocess.py:93} INFO - 25/12/24 04:46:53 INFO CodeGenerator: Code generated in 307.09558 ms
[2025-12-24T04:46:53.709+0000] {subprocess.py:93} INFO - 25/12/24 04:46:53 INFO MemoryStore: Block broadcast_1 stored as values in memory (estimated size 201.4 KiB, free 434.2 MiB)
[2025-12-24T04:46:53.723+0000] {subprocess.py:93} INFO - 25/12/24 04:46:53 INFO MemoryStore: Block broadcast_1_piece0 stored as bytes in memory (estimated size 35.0 KiB, free 434.2 MiB)
[2025-12-24T04:46:53.725+0000] {subprocess.py:93} INFO - 25/12/24 04:46:53 INFO BlockManagerInfo: Added broadcast_1_piece0 in memory on 6717a07eada2:36805 (size: 35.0 KiB, free: 434.4 MiB)
[2025-12-24T04:46:53.729+0000] {subprocess.py:93} INFO - 25/12/24 04:46:53 INFO SparkContext: Created broadcast 1 from count at NativeMethodAccessorImpl.java:0
[2025-12-24T04:46:53.742+0000] {subprocess.py:93} INFO - 25/12/24 04:46:53 INFO FileSourceScanExec: Planning scan with bin packing, max size: 4194304 bytes, open cost is considered as scanning 4194304 bytes.
[2025-12-24T04:46:53.813+0000] {subprocess.py:93} INFO - 25/12/24 04:46:53 INFO DAGScheduler: Registering RDD 5 (count at NativeMethodAccessorImpl.java:0) as input to shuffle 0
[2025-12-24T04:46:53.820+0000] {subprocess.py:93} INFO - 25/12/24 04:46:53 INFO DAGScheduler: Got map stage job 1 (count at NativeMethodAccessorImpl.java:0) with 1 output partitions
[2025-12-24T04:46:53.822+0000] {subprocess.py:93} INFO - 25/12/24 04:46:53 INFO DAGScheduler: Final stage: ShuffleMapStage 1 (count at NativeMethodAccessorImpl.java:0)
[2025-12-24T04:46:53.823+0000] {subprocess.py:93} INFO - 25/12/24 04:46:53 INFO DAGScheduler: Parents of final stage: List()
[2025-12-24T04:46:53.824+0000] {subprocess.py:93} INFO - 25/12/24 04:46:53 INFO DAGScheduler: Missing parents: List()
[2025-12-24T04:46:53.830+0000] {subprocess.py:93} INFO - 25/12/24 04:46:53 INFO DAGScheduler: Submitting ShuffleMapStage 1 (MapPartitionsRDD[5] at count at NativeMethodAccessorImpl.java:0), which has no missing parents
[2025-12-24T04:46:53.898+0000] {subprocess.py:93} INFO - 25/12/24 04:46:53 INFO MemoryStore: Block broadcast_2 stored as values in memory (estimated size 16.8 KiB, free 434.2 MiB)
[2025-12-24T04:46:53.902+0000] {subprocess.py:93} INFO - 25/12/24 04:46:53 INFO MemoryStore: Block broadcast_2_piece0 stored as bytes in memory (estimated size 7.7 KiB, free 434.1 MiB)
[2025-12-24T04:46:53.903+0000] {subprocess.py:93} INFO - 25/12/24 04:46:53 INFO BlockManagerInfo: Added broadcast_2_piece0 in memory on 6717a07eada2:36805 (size: 7.7 KiB, free: 434.4 MiB)
[2025-12-24T04:46:53.908+0000] {subprocess.py:93} INFO - 25/12/24 04:46:53 INFO SparkContext: Created broadcast 2 from broadcast at DAGScheduler.scala:1585
[2025-12-24T04:46:53.908+0000] {subprocess.py:93} INFO - 25/12/24 04:46:53 INFO DAGScheduler: Submitting 1 missing tasks from ShuffleMapStage 1 (MapPartitionsRDD[5] at count at NativeMethodAccessorImpl.java:0) (first 15 tasks are for partitions Vector(0))
[2025-12-24T04:46:53.910+0000] {subprocess.py:93} INFO - 25/12/24 04:46:53 INFO TaskSchedulerImpl: Adding task set 1.0 with 1 tasks resource profile 0
[2025-12-24T04:46:53.920+0000] {subprocess.py:93} INFO - 25/12/24 04:46:53 INFO TaskSetManager: Starting task 0.0 in stage 1.0 (TID 1) (6717a07eada2, executor driver, partition 0, PROCESS_LOCAL, 8444 bytes)
[2025-12-24T04:46:53.926+0000] {subprocess.py:93} INFO - 25/12/24 04:46:53 INFO Executor: Running task 0.0 in stage 1.0 (TID 1)
[2025-12-24T04:46:54.034+0000] {subprocess.py:93} INFO - 25/12/24 04:46:54 INFO CodeGenerator: Code generated in 38.132089 ms
[2025-12-24T04:46:54.051+0000] {subprocess.py:93} INFO - 25/12/24 04:46:54 INFO FileScanRDD: Reading File path: file:///opt/data/raw/demandes/part-00000-db2d40e6-570e-4716-a9b2-949049113450-c000.snappy.parquet, range: 0-249144, partition values: [empty row]
[2025-12-24T04:46:54.218+0000] {subprocess.py:93} INFO - 25/12/24 04:46:54 INFO Executor: Finished task 0.0 in stage 1.0 (TID 1). 2179 bytes result sent to driver
[2025-12-24T04:46:54.223+0000] {subprocess.py:93} INFO - 25/12/24 04:46:54 INFO TaskSetManager: Finished task 0.0 in stage 1.0 (TID 1) in 309 ms on 6717a07eada2 (executor driver) (1/1)
[2025-12-24T04:46:54.224+0000] {subprocess.py:93} INFO - 25/12/24 04:46:54 INFO TaskSchedulerImpl: Removed TaskSet 1.0, whose tasks have all completed, from pool
[2025-12-24T04:46:54.229+0000] {subprocess.py:93} INFO - 25/12/24 04:46:54 INFO DAGScheduler: ShuffleMapStage 1 (count at NativeMethodAccessorImpl.java:0) finished in 0.389 s
[2025-12-24T04:46:54.232+0000] {subprocess.py:93} INFO - 25/12/24 04:46:54 INFO DAGScheduler: looking for newly runnable stages
[2025-12-24T04:46:54.233+0000] {subprocess.py:93} INFO - 25/12/24 04:46:54 INFO DAGScheduler: running: Set()
[2025-12-24T04:46:54.234+0000] {subprocess.py:93} INFO - 25/12/24 04:46:54 INFO DAGScheduler: waiting: Set()
[2025-12-24T04:46:54.234+0000] {subprocess.py:93} INFO - 25/12/24 04:46:54 INFO DAGScheduler: failed: Set()
[2025-12-24T04:46:54.342+0000] {subprocess.py:93} INFO - 25/12/24 04:46:54 INFO CodeGenerator: Code generated in 22.767672 ms
[2025-12-24T04:46:54.377+0000] {subprocess.py:93} INFO - 25/12/24 04:46:54 INFO SparkContext: Starting job: count at NativeMethodAccessorImpl.java:0
[2025-12-24T04:46:54.380+0000] {subprocess.py:93} INFO - 25/12/24 04:46:54 INFO DAGScheduler: Got job 2 (count at NativeMethodAccessorImpl.java:0) with 1 output partitions
[2025-12-24T04:46:54.382+0000] {subprocess.py:93} INFO - 25/12/24 04:46:54 INFO DAGScheduler: Final stage: ResultStage 3 (count at NativeMethodAccessorImpl.java:0)
[2025-12-24T04:46:54.382+0000] {subprocess.py:93} INFO - 25/12/24 04:46:54 INFO DAGScheduler: Parents of final stage: List(ShuffleMapStage 2)
[2025-12-24T04:46:54.382+0000] {subprocess.py:93} INFO - 25/12/24 04:46:54 INFO DAGScheduler: Missing parents: List()
[2025-12-24T04:46:54.383+0000] {subprocess.py:93} INFO - 25/12/24 04:46:54 INFO DAGScheduler: Submitting ResultStage 3 (MapPartitionsRDD[8] at count at NativeMethodAccessorImpl.java:0), which has no missing parents
[2025-12-24T04:46:54.397+0000] {subprocess.py:93} INFO - 25/12/24 04:46:54 INFO MemoryStore: Block broadcast_3 stored as values in memory (estimated size 12.5 KiB, free 434.1 MiB)
[2025-12-24T04:46:54.437+0000] {subprocess.py:93} INFO - 25/12/24 04:46:54 INFO BlockManagerInfo: Removed broadcast_2_piece0 on 6717a07eada2:36805 in memory (size: 7.7 KiB, free: 434.4 MiB)
[2025-12-24T04:46:54.439+0000] {subprocess.py:93} INFO - 25/12/24 04:46:54 INFO MemoryStore: Block broadcast_3_piece0 stored as bytes in memory (estimated size 5.9 KiB, free 434.1 MiB)
[2025-12-24T04:46:54.439+0000] {subprocess.py:93} INFO - 25/12/24 04:46:54 INFO BlockManagerInfo: Added broadcast_3_piece0 in memory on 6717a07eada2:36805 (size: 5.9 KiB, free: 434.4 MiB)
[2025-12-24T04:46:54.446+0000] {subprocess.py:93} INFO - 25/12/24 04:46:54 INFO SparkContext: Created broadcast 3 from broadcast at DAGScheduler.scala:1585
[2025-12-24T04:46:54.450+0000] {subprocess.py:93} INFO - 25/12/24 04:46:54 INFO DAGScheduler: Submitting 1 missing tasks from ResultStage 3 (MapPartitionsRDD[8] at count at NativeMethodAccessorImpl.java:0) (first 15 tasks are for partitions Vector(0))
[2025-12-24T04:46:54.450+0000] {subprocess.py:93} INFO - 25/12/24 04:46:54 INFO TaskSchedulerImpl: Adding task set 3.0 with 1 tasks resource profile 0
[2025-12-24T04:46:54.463+0000] {subprocess.py:93} INFO - 25/12/24 04:46:54 INFO TaskSetManager: Starting task 0.0 in stage 3.0 (TID 2) (6717a07eada2, executor driver, partition 0, NODE_LOCAL, 7795 bytes)
[2025-12-24T04:46:54.464+0000] {subprocess.py:93} INFO - 25/12/24 04:46:54 INFO Executor: Running task 0.0 in stage 3.0 (TID 2)
[2025-12-24T04:46:54.528+0000] {subprocess.py:93} INFO - 25/12/24 04:46:54 INFO ShuffleBlockFetcherIterator: Getting 1 (60.0 B) non-empty blocks including 1 (60.0 B) local and 0 (0.0 B) host-local and 0 (0.0 B) push-merged-local and 0 (0.0 B) remote blocks
[2025-12-24T04:46:54.531+0000] {subprocess.py:93} INFO - 25/12/24 04:46:54 INFO ShuffleBlockFetcherIterator: Started 0 remote fetches in 11 ms
[2025-12-24T04:46:54.560+0000] {subprocess.py:93} INFO - 25/12/24 04:46:54 INFO CodeGenerator: Code generated in 24.042794 ms
[2025-12-24T04:46:54.588+0000] {subprocess.py:93} INFO - 25/12/24 04:46:54 INFO Executor: Finished task 0.0 in stage 3.0 (TID 2). 4038 bytes result sent to driver
[2025-12-24T04:46:54.596+0000] {subprocess.py:93} INFO - 25/12/24 04:46:54 INFO TaskSetManager: Finished task 0.0 in stage 3.0 (TID 2) in 137 ms on 6717a07eada2 (executor driver) (1/1)
[2025-12-24T04:46:54.596+0000] {subprocess.py:93} INFO - 25/12/24 04:46:54 INFO TaskSchedulerImpl: Removed TaskSet 3.0, whose tasks have all completed, from pool
[2025-12-24T04:46:54.604+0000] {subprocess.py:93} INFO - 25/12/24 04:46:54 INFO DAGScheduler: ResultStage 3 (count at NativeMethodAccessorImpl.java:0) finished in 0.211 s
[2025-12-24T04:46:54.606+0000] {subprocess.py:93} INFO - 25/12/24 04:46:54 INFO DAGScheduler: Job 2 is finished. Cancelling potential speculative or zombie tasks for this job
[2025-12-24T04:46:54.607+0000] {subprocess.py:93} INFO - 25/12/24 04:46:54 INFO TaskSchedulerImpl: Killing all running tasks in stage 3: Stage finished
[2025-12-24T04:46:54.613+0000] {subprocess.py:93} INFO - 25/12/24 04:46:54 INFO DAGScheduler: Job 2 finished: count at NativeMethodAccessorImpl.java:0, took 0.231390 s
[2025-12-24T04:46:54.626+0000] {subprocess.py:93} INFO - 📦 Données RAW chargées : 8829 lignes
[2025-12-24T04:46:54.627+0000] {subprocess.py:93} INFO - 
[2025-12-24T04:46:54.627+0000] {subprocess.py:93} INFO - 📋 Schéma des données RAW :
[2025-12-24T04:46:54.637+0000] {subprocess.py:93} INFO - root
[2025-12-24T04:46:54.638+0000] {subprocess.py:93} INFO -  |-- id: string (nullable = true)
[2025-12-24T04:46:54.638+0000] {subprocess.py:93} INFO -  |-- type: string (nullable = true)
[2025-12-24T04:46:54.638+0000] {subprocess.py:93} INFO -  |-- commune: string (nullable = true)
[2025-12-24T04:46:54.638+0000] {subprocess.py:93} INFO -  |-- quartier: string (nullable = true)
[2025-12-24T04:46:54.638+0000] {subprocess.py:93} INFO -  |-- date: string (nullable = true)
[2025-12-24T04:46:54.638+0000] {subprocess.py:93} INFO -  |-- latitude: double (nullable = true)
[2025-12-24T04:46:54.639+0000] {subprocess.py:93} INFO -  |-- longitude: double (nullable = true)
[2025-12-24T04:46:54.639+0000] {subprocess.py:93} INFO -  |-- statut: string (nullable = true)
[2025-12-24T04:46:54.639+0000] {subprocess.py:93} INFO -  |-- source_donnees: string (nullable = true)
[2025-12-24T04:46:54.639+0000] {subprocess.py:93} INFO -  |-- date_ingestion: timestamp (nullable = true)
[2025-12-24T04:46:54.639+0000] {subprocess.py:93} INFO - 
[2025-12-24T04:46:55.036+0000] {subprocess.py:93} INFO - 25/12/24 04:46:55 INFO FileSourceStrategy: Pushed Filters: IsNotNull(date),IsNotNull(type)
[2025-12-24T04:46:55.036+0000] {subprocess.py:93} INFO - 25/12/24 04:46:55 INFO FileSourceStrategy: Post-Scan Filters: isnotnull(date#4),isnotnull(cast(date#4 as timestamp)),isnotnull(type#1)
[2025-12-24T04:46:55.141+0000] {subprocess.py:93} INFO - 25/12/24 04:46:55 INFO CodeGenerator: Code generated in 36.24861 ms
[2025-12-24T04:46:55.162+0000] {subprocess.py:93} INFO - 25/12/24 04:46:55 INFO MemoryStore: Block broadcast_4 stored as values in memory (estimated size 201.7 KiB, free 434.0 MiB)
[2025-12-24T04:46:55.209+0000] {subprocess.py:93} INFO - 25/12/24 04:46:55 INFO BlockManagerInfo: Removed broadcast_3_piece0 on 6717a07eada2:36805 in memory (size: 5.9 KiB, free: 434.4 MiB)
[2025-12-24T04:46:55.224+0000] {subprocess.py:93} INFO - 25/12/24 04:46:55 INFO MemoryStore: Block broadcast_4_piece0 stored as bytes in memory (estimated size 35.1 KiB, free 433.9 MiB)
[2025-12-24T04:46:55.230+0000] {subprocess.py:93} INFO - 25/12/24 04:46:55 INFO BlockManagerInfo: Added broadcast_4_piece0 in memory on 6717a07eada2:36805 (size: 35.1 KiB, free: 434.3 MiB)
[2025-12-24T04:46:55.230+0000] {subprocess.py:93} INFO - 25/12/24 04:46:55 INFO SparkContext: Created broadcast 4 from count at NativeMethodAccessorImpl.java:0
[2025-12-24T04:46:55.233+0000] {subprocess.py:93} INFO - 25/12/24 04:46:55 INFO FileSourceScanExec: Planning scan with bin packing, max size: 4194304 bytes, open cost is considered as scanning 4194304 bytes.
[2025-12-24T04:46:55.248+0000] {subprocess.py:93} INFO - 25/12/24 04:46:55 INFO DAGScheduler: Registering RDD 12 (count at NativeMethodAccessorImpl.java:0) as input to shuffle 1
[2025-12-24T04:46:55.248+0000] {subprocess.py:93} INFO - 25/12/24 04:46:55 INFO DAGScheduler: Got map stage job 3 (count at NativeMethodAccessorImpl.java:0) with 1 output partitions
[2025-12-24T04:46:55.248+0000] {subprocess.py:93} INFO - 25/12/24 04:46:55 INFO DAGScheduler: Final stage: ShuffleMapStage 4 (count at NativeMethodAccessorImpl.java:0)
[2025-12-24T04:46:55.248+0000] {subprocess.py:93} INFO - 25/12/24 04:46:55 INFO DAGScheduler: Parents of final stage: List()
[2025-12-24T04:46:55.249+0000] {subprocess.py:93} INFO - 25/12/24 04:46:55 INFO DAGScheduler: Missing parents: List()
[2025-12-24T04:46:55.255+0000] {subprocess.py:93} INFO - 25/12/24 04:46:55 INFO DAGScheduler: Submitting ShuffleMapStage 4 (MapPartitionsRDD[12] at count at NativeMethodAccessorImpl.java:0), which has no missing parents
[2025-12-24T04:46:55.273+0000] {subprocess.py:93} INFO - 25/12/24 04:46:55 INFO MemoryStore: Block broadcast_5 stored as values in memory (estimated size 19.3 KiB, free 433.9 MiB)
[2025-12-24T04:46:55.283+0000] {subprocess.py:93} INFO - 25/12/24 04:46:55 INFO MemoryStore: Block broadcast_5_piece0 stored as bytes in memory (estimated size 8.5 KiB, free 433.9 MiB)
[2025-12-24T04:46:55.284+0000] {subprocess.py:93} INFO - 25/12/24 04:46:55 INFO BlockManagerInfo: Added broadcast_5_piece0 in memory on 6717a07eada2:36805 (size: 8.5 KiB, free: 434.3 MiB)
[2025-12-24T04:46:55.288+0000] {subprocess.py:93} INFO - 25/12/24 04:46:55 INFO SparkContext: Created broadcast 5 from broadcast at DAGScheduler.scala:1585
[2025-12-24T04:46:55.290+0000] {subprocess.py:93} INFO - 25/12/24 04:46:55 INFO DAGScheduler: Submitting 1 missing tasks from ShuffleMapStage 4 (MapPartitionsRDD[12] at count at NativeMethodAccessorImpl.java:0) (first 15 tasks are for partitions Vector(0))
[2025-12-24T04:46:55.290+0000] {subprocess.py:93} INFO - 25/12/24 04:46:55 INFO TaskSchedulerImpl: Adding task set 4.0 with 1 tasks resource profile 0
[2025-12-24T04:46:55.292+0000] {subprocess.py:93} INFO - 25/12/24 04:46:55 INFO TaskSetManager: Starting task 0.0 in stage 4.0 (TID 3) (6717a07eada2, executor driver, partition 0, PROCESS_LOCAL, 8444 bytes)
[2025-12-24T04:46:55.294+0000] {subprocess.py:93} INFO - 25/12/24 04:46:55 INFO Executor: Running task 0.0 in stage 4.0 (TID 3)
[2025-12-24T04:46:55.440+0000] {subprocess.py:93} INFO - 25/12/24 04:46:55 INFO CodeGenerator: Code generated in 113.337402 ms
[2025-12-24T04:46:55.452+0000] {subprocess.py:93} INFO - 25/12/24 04:46:55 INFO FileScanRDD: Reading File path: file:///opt/data/raw/demandes/part-00000-db2d40e6-570e-4716-a9b2-949049113450-c000.snappy.parquet, range: 0-249144, partition values: [empty row]
[2025-12-24T04:46:55.497+0000] {subprocess.py:93} INFO - 25/12/24 04:46:55 INFO FilterCompat: Filtering using predicate: and(noteq(date, null), noteq(type, null))
[2025-12-24T04:46:55.601+0000] {subprocess.py:93} INFO - 25/12/24 04:46:55 INFO CodecPool: Got brand-new decompressor [.snappy]
[2025-12-24T04:46:55.904+0000] {subprocess.py:93} INFO - 25/12/24 04:46:55 INFO Executor: Finished task 0.0 in stage 4.0 (TID 3). 2278 bytes result sent to driver
[2025-12-24T04:46:55.913+0000] {subprocess.py:93} INFO - 25/12/24 04:46:55 INFO TaskSetManager: Finished task 0.0 in stage 4.0 (TID 3) in 620 ms on 6717a07eada2 (executor driver) (1/1)
[2025-12-24T04:46:55.913+0000] {subprocess.py:93} INFO - 25/12/24 04:46:55 INFO TaskSchedulerImpl: Removed TaskSet 4.0, whose tasks have all completed, from pool
[2025-12-24T04:46:55.917+0000] {subprocess.py:93} INFO - 25/12/24 04:46:55 INFO DAGScheduler: ShuffleMapStage 4 (count at NativeMethodAccessorImpl.java:0) finished in 0.659 s
[2025-12-24T04:46:55.917+0000] {subprocess.py:93} INFO - 25/12/24 04:46:55 INFO DAGScheduler: looking for newly runnable stages
[2025-12-24T04:46:55.918+0000] {subprocess.py:93} INFO - 25/12/24 04:46:55 INFO DAGScheduler: running: Set()
[2025-12-24T04:46:55.918+0000] {subprocess.py:93} INFO - 25/12/24 04:46:55 INFO DAGScheduler: waiting: Set()
[2025-12-24T04:46:55.918+0000] {subprocess.py:93} INFO - 25/12/24 04:46:55 INFO DAGScheduler: failed: Set()
[2025-12-24T04:46:55.994+0000] {subprocess.py:93} INFO - 25/12/24 04:46:55 INFO SparkContext: Starting job: count at NativeMethodAccessorImpl.java:0
[2025-12-24T04:46:55.994+0000] {subprocess.py:93} INFO - 25/12/24 04:46:55 INFO DAGScheduler: Got job 4 (count at NativeMethodAccessorImpl.java:0) with 1 output partitions
[2025-12-24T04:46:55.994+0000] {subprocess.py:93} INFO - 25/12/24 04:46:55 INFO DAGScheduler: Final stage: ResultStage 6 (count at NativeMethodAccessorImpl.java:0)
[2025-12-24T04:46:55.995+0000] {subprocess.py:93} INFO - 25/12/24 04:46:55 INFO DAGScheduler: Parents of final stage: List(ShuffleMapStage 5)
[2025-12-24T04:46:55.995+0000] {subprocess.py:93} INFO - 25/12/24 04:46:55 INFO DAGScheduler: Missing parents: List()
[2025-12-24T04:46:55.995+0000] {subprocess.py:93} INFO - 25/12/24 04:46:55 INFO DAGScheduler: Submitting ResultStage 6 (MapPartitionsRDD[15] at count at NativeMethodAccessorImpl.java:0), which has no missing parents
[2025-12-24T04:46:56.003+0000] {subprocess.py:93} INFO - 25/12/24 04:46:55 INFO MemoryStore: Block broadcast_6 stored as values in memory (estimated size 12.5 KiB, free 433.9 MiB)
[2025-12-24T04:46:56.003+0000] {subprocess.py:93} INFO - 25/12/24 04:46:56 INFO MemoryStore: Block broadcast_6_piece0 stored as bytes in memory (estimated size 5.9 KiB, free 433.9 MiB)
[2025-12-24T04:46:56.005+0000] {subprocess.py:93} INFO - 25/12/24 04:46:56 INFO BlockManagerInfo: Added broadcast_6_piece0 in memory on 6717a07eada2:36805 (size: 5.9 KiB, free: 434.3 MiB)
[2025-12-24T04:46:56.010+0000] {subprocess.py:93} INFO - 25/12/24 04:46:56 INFO SparkContext: Created broadcast 6 from broadcast at DAGScheduler.scala:1585
[2025-12-24T04:46:56.011+0000] {subprocess.py:93} INFO - 25/12/24 04:46:56 INFO DAGScheduler: Submitting 1 missing tasks from ResultStage 6 (MapPartitionsRDD[15] at count at NativeMethodAccessorImpl.java:0) (first 15 tasks are for partitions Vector(0))
[2025-12-24T04:46:56.011+0000] {subprocess.py:93} INFO - 25/12/24 04:46:56 INFO TaskSchedulerImpl: Adding task set 6.0 with 1 tasks resource profile 0
[2025-12-24T04:46:56.013+0000] {subprocess.py:93} INFO - 25/12/24 04:46:56 INFO TaskSetManager: Starting task 0.0 in stage 6.0 (TID 4) (6717a07eada2, executor driver, partition 0, NODE_LOCAL, 7795 bytes)
[2025-12-24T04:46:56.014+0000] {subprocess.py:93} INFO - 25/12/24 04:46:56 INFO Executor: Running task 0.0 in stage 6.0 (TID 4)
[2025-12-24T04:46:56.031+0000] {subprocess.py:93} INFO - 25/12/24 04:46:56 INFO ShuffleBlockFetcherIterator: Getting 1 (60.0 B) non-empty blocks including 1 (60.0 B) local and 0 (0.0 B) host-local and 0 (0.0 B) push-merged-local and 0 (0.0 B) remote blocks
[2025-12-24T04:46:56.038+0000] {subprocess.py:93} INFO - 25/12/24 04:46:56 INFO ShuffleBlockFetcherIterator: Started 0 remote fetches in 4 ms
[2025-12-24T04:46:56.054+0000] {subprocess.py:93} INFO - 25/12/24 04:46:56 INFO Executor: Finished task 0.0 in stage 6.0 (TID 4). 4038 bytes result sent to driver
[2025-12-24T04:46:56.063+0000] {subprocess.py:93} INFO - 25/12/24 04:46:56 INFO BlockManagerInfo: Removed broadcast_5_piece0 on 6717a07eada2:36805 in memory (size: 8.5 KiB, free: 434.3 MiB)
[2025-12-24T04:46:56.069+0000] {subprocess.py:93} INFO - 25/12/24 04:46:56 INFO TaskSetManager: Finished task 0.0 in stage 6.0 (TID 4) in 54 ms on 6717a07eada2 (executor driver) (1/1)
[2025-12-24T04:46:56.071+0000] {subprocess.py:93} INFO - 25/12/24 04:46:56 INFO TaskSchedulerImpl: Removed TaskSet 6.0, whose tasks have all completed, from pool
[2025-12-24T04:46:56.084+0000] {subprocess.py:93} INFO - 25/12/24 04:46:56 INFO DAGScheduler: ResultStage 6 (count at NativeMethodAccessorImpl.java:0) finished in 0.079 s
[2025-12-24T04:46:56.084+0000] {subprocess.py:93} INFO - 25/12/24 04:46:56 INFO DAGScheduler: Job 4 is finished. Cancelling potential speculative or zombie tasks for this job
[2025-12-24T04:46:56.084+0000] {subprocess.py:93} INFO - 25/12/24 04:46:56 INFO TaskSchedulerImpl: Killing all running tasks in stage 6: Stage finished
[2025-12-24T04:46:56.084+0000] {subprocess.py:93} INFO - 25/12/24 04:46:56 INFO DAGScheduler: Job 4 finished: count at NativeMethodAccessorImpl.java:0, took 0.083933 s
[2025-12-24T04:46:56.093+0000] {subprocess.py:93} INFO - ✅ Données nettoyées : 5958 lignes
[2025-12-24T04:46:56.845+0000] {subprocess.py:93} INFO - 25/12/24 04:46:56 INFO FileSourceStrategy: Pushed Filters: IsNotNull(date),IsNotNull(type)
[2025-12-24T04:46:56.848+0000] {subprocess.py:93} INFO - 25/12/24 04:46:56 INFO FileSourceStrategy: Post-Scan Filters: isnotnull(date#4),isnotnull(cast(date#4 as timestamp)),isnotnull(type#1)
[2025-12-24T04:46:56.887+0000] {subprocess.py:93} INFO - 25/12/24 04:46:56 WARN SparkStringUtils: Truncated the string representation of a plan since it was too large. This behavior can be adjusted by setting 'spark.sql.debug.maxToStringFields'.
[2025-12-24T04:46:56.898+0000] {subprocess.py:93} INFO - 25/12/24 04:46:56 INFO BlockManagerInfo: Removed broadcast_4_piece0 on 6717a07eada2:36805 in memory (size: 35.1 KiB, free: 434.4 MiB)
[2025-12-24T04:46:56.914+0000] {subprocess.py:93} INFO - 25/12/24 04:46:56 INFO BlockManagerInfo: Removed broadcast_6_piece0 on 6717a07eada2:36805 in memory (size: 5.9 KiB, free: 434.4 MiB)
[2025-12-24T04:46:57.018+0000] {subprocess.py:93} INFO - 25/12/24 04:46:57 INFO BlockManagerInfo: Removed broadcast_1_piece0 on 6717a07eada2:36805 in memory (size: 35.0 KiB, free: 434.4 MiB)
[2025-12-24T04:46:57.054+0000] {subprocess.py:93} INFO - 25/12/24 04:46:57 INFO CodeGenerator: Code generated in 83.85024 ms
[2025-12-24T04:46:57.069+0000] {subprocess.py:93} INFO - 25/12/24 04:46:57 INFO MemoryStore: Block broadcast_7 stored as values in memory (estimated size 202.7 KiB, free 434.2 MiB)
[2025-12-24T04:46:57.091+0000] {subprocess.py:93} INFO - 25/12/24 04:46:57 INFO MemoryStore: Block broadcast_7_piece0 stored as bytes in memory (estimated size 35.4 KiB, free 434.2 MiB)
[2025-12-24T04:46:57.093+0000] {subprocess.py:93} INFO - 25/12/24 04:46:57 INFO BlockManagerInfo: Added broadcast_7_piece0 in memory on 6717a07eada2:36805 (size: 35.4 KiB, free: 434.4 MiB)
[2025-12-24T04:46:57.094+0000] {subprocess.py:93} INFO - 25/12/24 04:46:57 INFO SparkContext: Created broadcast 7 from jdbc at NativeMethodAccessorImpl.java:0
[2025-12-24T04:46:57.097+0000] {subprocess.py:93} INFO - 25/12/24 04:46:57 INFO FileSourceScanExec: Planning scan with bin packing, max size: 4194304 bytes, open cost is considered as scanning 4194304 bytes.
[2025-12-24T04:46:57.165+0000] {subprocess.py:93} INFO - 25/12/24 04:46:57 INFO SparkContext: Starting job: jdbc at NativeMethodAccessorImpl.java:0
[2025-12-24T04:46:57.166+0000] {subprocess.py:93} INFO - 25/12/24 04:46:57 INFO DAGScheduler: Got job 5 (jdbc at NativeMethodAccessorImpl.java:0) with 1 output partitions
[2025-12-24T04:46:57.168+0000] {subprocess.py:93} INFO - 25/12/24 04:46:57 INFO DAGScheduler: Final stage: ResultStage 7 (jdbc at NativeMethodAccessorImpl.java:0)
[2025-12-24T04:46:57.168+0000] {subprocess.py:93} INFO - 25/12/24 04:46:57 INFO DAGScheduler: Parents of final stage: List()
[2025-12-24T04:46:57.168+0000] {subprocess.py:93} INFO - 25/12/24 04:46:57 INFO DAGScheduler: Missing parents: List()
[2025-12-24T04:46:57.168+0000] {subprocess.py:93} INFO - 25/12/24 04:46:57 INFO DAGScheduler: Submitting ResultStage 7 (MapPartitionsRDD[21] at jdbc at NativeMethodAccessorImpl.java:0), which has no missing parents
[2025-12-24T04:46:57.215+0000] {subprocess.py:93} INFO - 25/12/24 04:46:57 INFO MemoryStore: Block broadcast_8 stored as values in memory (estimated size 48.0 KiB, free 434.1 MiB)
[2025-12-24T04:46:57.217+0000] {subprocess.py:93} INFO - 25/12/24 04:46:57 INFO MemoryStore: Block broadcast_8_piece0 stored as bytes in memory (estimated size 19.9 KiB, free 434.1 MiB)
[2025-12-24T04:46:57.219+0000] {subprocess.py:93} INFO - 25/12/24 04:46:57 INFO BlockManagerInfo: Added broadcast_8_piece0 in memory on 6717a07eada2:36805 (size: 19.9 KiB, free: 434.3 MiB)
[2025-12-24T04:46:57.219+0000] {subprocess.py:93} INFO - 25/12/24 04:46:57 INFO SparkContext: Created broadcast 8 from broadcast at DAGScheduler.scala:1585
[2025-12-24T04:46:57.222+0000] {subprocess.py:93} INFO - 25/12/24 04:46:57 INFO DAGScheduler: Submitting 1 missing tasks from ResultStage 7 (MapPartitionsRDD[21] at jdbc at NativeMethodAccessorImpl.java:0) (first 15 tasks are for partitions Vector(0))
[2025-12-24T04:46:57.223+0000] {subprocess.py:93} INFO - 25/12/24 04:46:57 INFO TaskSchedulerImpl: Adding task set 7.0 with 1 tasks resource profile 0
[2025-12-24T04:46:57.228+0000] {subprocess.py:93} INFO - 25/12/24 04:46:57 INFO TaskSetManager: Starting task 0.0 in stage 7.0 (TID 5) (6717a07eada2, executor driver, partition 0, PROCESS_LOCAL, 8455 bytes)
[2025-12-24T04:46:57.229+0000] {subprocess.py:93} INFO - 25/12/24 04:46:57 INFO Executor: Running task 0.0 in stage 7.0 (TID 5)
[2025-12-24T04:46:57.336+0000] {subprocess.py:93} INFO - 25/12/24 04:46:57 INFO CodeGenerator: Code generated in 67.346314 ms
[2025-12-24T04:46:58.518+0000] {subprocess.py:93} INFO - 25/12/24 04:46:58 INFO CodeGenerator: Code generated in 25.040514 ms
[2025-12-24T04:46:58.528+0000] {subprocess.py:93} INFO - 25/12/24 04:46:58 INFO FileScanRDD: Reading File path: file:///opt/data/raw/demandes/part-00000-db2d40e6-570e-4716-a9b2-949049113450-c000.snappy.parquet, range: 0-249144, partition values: [empty row]
[2025-12-24T04:46:58.541+0000] {subprocess.py:93} INFO - 25/12/24 04:46:58 INFO FilterCompat: Filtering using predicate: and(noteq(date, null), noteq(type, null))
[2025-12-24T04:46:59.074+0000] {subprocess.py:93} INFO - 25/12/24 04:46:59 INFO Executor: Finished task 0.0 in stage 7.0 (TID 5). 1856 bytes result sent to driver
[2025-12-24T04:46:59.078+0000] {subprocess.py:93} INFO - 25/12/24 04:46:59 INFO TaskSetManager: Finished task 0.0 in stage 7.0 (TID 5) in 1850 ms on 6717a07eada2 (executor driver) (1/1)
[2025-12-24T04:46:59.078+0000] {subprocess.py:93} INFO - 25/12/24 04:46:59 INFO TaskSchedulerImpl: Removed TaskSet 7.0, whose tasks have all completed, from pool
[2025-12-24T04:46:59.080+0000] {subprocess.py:93} INFO - 25/12/24 04:46:59 INFO DAGScheduler: ResultStage 7 (jdbc at NativeMethodAccessorImpl.java:0) finished in 1.908 s
[2025-12-24T04:46:59.080+0000] {subprocess.py:93} INFO - 25/12/24 04:46:59 INFO DAGScheduler: Job 5 is finished. Cancelling potential speculative or zombie tasks for this job
[2025-12-24T04:46:59.080+0000] {subprocess.py:93} INFO - 25/12/24 04:46:59 INFO TaskSchedulerImpl: Killing all running tasks in stage 7: Stage finished
[2025-12-24T04:46:59.081+0000] {subprocess.py:93} INFO - 25/12/24 04:46:59 INFO DAGScheduler: Job 5 finished: jdbc at NativeMethodAccessorImpl.java:0, took 1.915594 s
[2025-12-24T04:46:59.118+0000] {subprocess.py:93} INFO - ✅ Table demandes_cleaned alimentée
[2025-12-24T04:46:59.326+0000] {subprocess.py:93} INFO - 25/12/24 04:46:59 INFO FileSourceStrategy: Pushed Filters: IsNotNull(date),IsNotNull(type),IsNotNull(commune)
[2025-12-24T04:46:59.326+0000] {subprocess.py:93} INFO - 25/12/24 04:46:59 INFO FileSourceStrategy: Post-Scan Filters: isnotnull(date#4),isnotnull(cast(date#4 as timestamp)),isnotnull(type#1),isnotnull(commune#2)
[2025-12-24T04:46:59.471+0000] {subprocess.py:93} INFO - 25/12/24 04:46:59 INFO CodeGenerator: Code generated in 79.277804 ms
[2025-12-24T04:46:59.478+0000] {subprocess.py:93} INFO - 25/12/24 04:46:59 INFO MemoryStore: Block broadcast_9 stored as values in memory (estimated size 201.9 KiB, free 433.9 MiB)
[2025-12-24T04:46:59.486+0000] {subprocess.py:93} INFO - 25/12/24 04:46:59 INFO MemoryStore: Block broadcast_9_piece0 stored as bytes in memory (estimated size 35.2 KiB, free 433.9 MiB)
[2025-12-24T04:46:59.487+0000] {subprocess.py:93} INFO - 25/12/24 04:46:59 INFO BlockManagerInfo: Added broadcast_9_piece0 in memory on 6717a07eada2:36805 (size: 35.2 KiB, free: 434.3 MiB)
[2025-12-24T04:46:59.489+0000] {subprocess.py:93} INFO - 25/12/24 04:46:59 INFO SparkContext: Created broadcast 9 from jdbc at NativeMethodAccessorImpl.java:0
[2025-12-24T04:46:59.490+0000] {subprocess.py:93} INFO - 25/12/24 04:46:59 INFO FileSourceScanExec: Planning scan with bin packing, max size: 4194304 bytes, open cost is considered as scanning 4194304 bytes.
[2025-12-24T04:46:59.507+0000] {subprocess.py:93} INFO - 25/12/24 04:46:59 INFO DAGScheduler: Registering RDD 25 (jdbc at NativeMethodAccessorImpl.java:0) as input to shuffle 2
[2025-12-24T04:46:59.508+0000] {subprocess.py:93} INFO - 25/12/24 04:46:59 INFO DAGScheduler: Got map stage job 6 (jdbc at NativeMethodAccessorImpl.java:0) with 1 output partitions
[2025-12-24T04:46:59.508+0000] {subprocess.py:93} INFO - 25/12/24 04:46:59 INFO DAGScheduler: Final stage: ShuffleMapStage 8 (jdbc at NativeMethodAccessorImpl.java:0)
[2025-12-24T04:46:59.508+0000] {subprocess.py:93} INFO - 25/12/24 04:46:59 INFO DAGScheduler: Parents of final stage: List()
[2025-12-24T04:46:59.509+0000] {subprocess.py:93} INFO - 25/12/24 04:46:59 INFO DAGScheduler: Missing parents: List()
[2025-12-24T04:46:59.513+0000] {subprocess.py:93} INFO - 25/12/24 04:46:59 INFO DAGScheduler: Submitting ShuffleMapStage 8 (MapPartitionsRDD[25] at jdbc at NativeMethodAccessorImpl.java:0), which has no missing parents
[2025-12-24T04:46:59.514+0000] {subprocess.py:93} INFO - 25/12/24 04:46:59 INFO MemoryStore: Block broadcast_10 stored as values in memory (estimated size 54.3 KiB, free 433.8 MiB)
[2025-12-24T04:46:59.516+0000] {subprocess.py:93} INFO - 25/12/24 04:46:59 INFO MemoryStore: Block broadcast_10_piece0 stored as bytes in memory (estimated size 22.0 KiB, free 433.8 MiB)
[2025-12-24T04:46:59.518+0000] {subprocess.py:93} INFO - 25/12/24 04:46:59 INFO BlockManagerInfo: Added broadcast_10_piece0 in memory on 6717a07eada2:36805 (size: 22.0 KiB, free: 434.3 MiB)
[2025-12-24T04:46:59.520+0000] {subprocess.py:93} INFO - 25/12/24 04:46:59 INFO SparkContext: Created broadcast 10 from broadcast at DAGScheduler.scala:1585
[2025-12-24T04:46:59.521+0000] {subprocess.py:93} INFO - 25/12/24 04:46:59 INFO DAGScheduler: Submitting 1 missing tasks from ShuffleMapStage 8 (MapPartitionsRDD[25] at jdbc at NativeMethodAccessorImpl.java:0) (first 15 tasks are for partitions Vector(0))
[2025-12-24T04:46:59.521+0000] {subprocess.py:93} INFO - 25/12/24 04:46:59 INFO TaskSchedulerImpl: Adding task set 8.0 with 1 tasks resource profile 0
[2025-12-24T04:46:59.523+0000] {subprocess.py:93} INFO - 25/12/24 04:46:59 INFO TaskSetManager: Starting task 0.0 in stage 8.0 (TID 6) (6717a07eada2, executor driver, partition 0, PROCESS_LOCAL, 8444 bytes)
[2025-12-24T04:46:59.524+0000] {subprocess.py:93} INFO - 25/12/24 04:46:59 INFO Executor: Running task 0.0 in stage 8.0 (TID 6)
[2025-12-24T04:46:59.581+0000] {subprocess.py:93} INFO - 25/12/24 04:46:59 INFO CodeGenerator: Code generated in 43.514629 ms
[2025-12-24T04:46:59.597+0000] {subprocess.py:93} INFO - 25/12/24 04:46:59 INFO CodeGenerator: Code generated in 8.922466 ms
[2025-12-24T04:46:59.606+0000] {subprocess.py:93} INFO - 25/12/24 04:46:59 INFO CodeGenerator: Code generated in 5.626973 ms
[2025-12-24T04:46:59.618+0000] {subprocess.py:93} INFO - 25/12/24 04:46:59 INFO CodeGenerator: Code generated in 6.22988 ms
[2025-12-24T04:46:59.629+0000] {subprocess.py:93} INFO - 25/12/24 04:46:59 INFO CodeGenerator: Code generated in 5.978295 ms
[2025-12-24T04:46:59.635+0000] {subprocess.py:93} INFO - 25/12/24 04:46:59 INFO FileScanRDD: Reading File path: file:///opt/data/raw/demandes/part-00000-db2d40e6-570e-4716-a9b2-949049113450-c000.snappy.parquet, range: 0-249144, partition values: [empty row]
[2025-12-24T04:46:59.641+0000] {subprocess.py:93} INFO - 25/12/24 04:46:59 INFO FilterCompat: Filtering using predicate: and(and(noteq(date, null), noteq(type, null)), noteq(commune, null))
[2025-12-24T04:46:59.715+0000] {subprocess.py:93} INFO - 25/12/24 04:46:59 INFO Executor: Finished task 0.0 in stage 8.0 (TID 6). 3029 bytes result sent to driver
[2025-12-24T04:46:59.717+0000] {subprocess.py:93} INFO - 25/12/24 04:46:59 INFO TaskSetManager: Finished task 0.0 in stage 8.0 (TID 6) in 194 ms on 6717a07eada2 (executor driver) (1/1)
[2025-12-24T04:46:59.719+0000] {subprocess.py:93} INFO - 25/12/24 04:46:59 INFO TaskSchedulerImpl: Removed TaskSet 8.0, whose tasks have all completed, from pool
[2025-12-24T04:46:59.719+0000] {subprocess.py:93} INFO - 25/12/24 04:46:59 INFO DAGScheduler: ShuffleMapStage 8 (jdbc at NativeMethodAccessorImpl.java:0) finished in 0.208 s
[2025-12-24T04:46:59.719+0000] {subprocess.py:93} INFO - 25/12/24 04:46:59 INFO DAGScheduler: looking for newly runnable stages
[2025-12-24T04:46:59.720+0000] {subprocess.py:93} INFO - 25/12/24 04:46:59 INFO DAGScheduler: running: Set()
[2025-12-24T04:46:59.720+0000] {subprocess.py:93} INFO - 25/12/24 04:46:59 INFO DAGScheduler: waiting: Set()
[2025-12-24T04:46:59.720+0000] {subprocess.py:93} INFO - 25/12/24 04:46:59 INFO DAGScheduler: failed: Set()
[2025-12-24T04:46:59.731+0000] {subprocess.py:93} INFO - 25/12/24 04:46:59 INFO ShufflePartitionsUtil: For shuffle(2), advisory target size: 67108864, actual target size 1048576, minimum partition size: 1048576
[2025-12-24T04:46:59.749+0000] {subprocess.py:93} INFO - 25/12/24 04:46:59 INFO HashAggregateExec: spark.sql.codegen.aggregate.map.twolevel.enabled is set to true, but current version of codegened fast hashmap does not support this aggregate.
[2025-12-24T04:46:59.784+0000] {subprocess.py:93} INFO - 25/12/24 04:46:59 INFO CodeGenerator: Code generated in 22.147248 ms
[2025-12-24T04:46:59.837+0000] {subprocess.py:93} INFO - 25/12/24 04:46:59 INFO SparkContext: Starting job: jdbc at NativeMethodAccessorImpl.java:0
[2025-12-24T04:46:59.839+0000] {subprocess.py:93} INFO - 25/12/24 04:46:59 INFO DAGScheduler: Got job 7 (jdbc at NativeMethodAccessorImpl.java:0) with 1 output partitions
[2025-12-24T04:46:59.839+0000] {subprocess.py:93} INFO - 25/12/24 04:46:59 INFO DAGScheduler: Final stage: ResultStage 10 (jdbc at NativeMethodAccessorImpl.java:0)
[2025-12-24T04:46:59.842+0000] {subprocess.py:93} INFO - 25/12/24 04:46:59 INFO DAGScheduler: Parents of final stage: List(ShuffleMapStage 9)
[2025-12-24T04:46:59.842+0000] {subprocess.py:93} INFO - 25/12/24 04:46:59 INFO DAGScheduler: Missing parents: List()
[2025-12-24T04:46:59.843+0000] {subprocess.py:93} INFO - 25/12/24 04:46:59 INFO DAGScheduler: Submitting ResultStage 10 (MapPartitionsRDD[30] at jdbc at NativeMethodAccessorImpl.java:0), which has no missing parents
[2025-12-24T04:46:59.852+0000] {subprocess.py:93} INFO - 25/12/24 04:46:59 INFO MemoryStore: Block broadcast_11 stored as values in memory (estimated size 65.1 KiB, free 433.7 MiB)
[2025-12-24T04:46:59.854+0000] {subprocess.py:93} INFO - 25/12/24 04:46:59 INFO MemoryStore: Block broadcast_11_piece0 stored as bytes in memory (estimated size 27.8 KiB, free 433.7 MiB)
[2025-12-24T04:46:59.855+0000] {subprocess.py:93} INFO - 25/12/24 04:46:59 INFO BlockManagerInfo: Added broadcast_11_piece0 in memory on 6717a07eada2:36805 (size: 27.8 KiB, free: 434.3 MiB)
[2025-12-24T04:46:59.857+0000] {subprocess.py:93} INFO - 25/12/24 04:46:59 INFO SparkContext: Created broadcast 11 from broadcast at DAGScheduler.scala:1585
[2025-12-24T04:46:59.857+0000] {subprocess.py:93} INFO - 25/12/24 04:46:59 INFO DAGScheduler: Submitting 1 missing tasks from ResultStage 10 (MapPartitionsRDD[30] at jdbc at NativeMethodAccessorImpl.java:0) (first 15 tasks are for partitions Vector(0))
[2025-12-24T04:46:59.858+0000] {subprocess.py:93} INFO - 25/12/24 04:46:59 INFO TaskSchedulerImpl: Adding task set 10.0 with 1 tasks resource profile 0
[2025-12-24T04:46:59.860+0000] {subprocess.py:93} INFO - 25/12/24 04:46:59 INFO TaskSetManager: Starting task 0.0 in stage 10.0 (TID 7) (6717a07eada2, executor driver, partition 0, NODE_LOCAL, 7795 bytes)
[2025-12-24T04:46:59.861+0000] {subprocess.py:93} INFO - 25/12/24 04:46:59 INFO Executor: Running task 0.0 in stage 10.0 (TID 7)
[2025-12-24T04:46:59.872+0000] {subprocess.py:93} INFO - 25/12/24 04:46:59 INFO ShuffleBlockFetcherIterator: Getting 1 (9.1 KiB) non-empty blocks including 1 (9.1 KiB) local and 0 (0.0 B) host-local and 0 (0.0 B) push-merged-local and 0 (0.0 B) remote blocks
[2025-12-24T04:46:59.875+0000] {subprocess.py:93} INFO - 25/12/24 04:46:59 INFO ShuffleBlockFetcherIterator: Started 0 remote fetches in 2 ms
[2025-12-24T04:46:59.890+0000] {subprocess.py:93} INFO - 25/12/24 04:46:59 INFO CodeGenerator: Code generated in 17.233772 ms
[2025-12-24T04:46:59.904+0000] {subprocess.py:93} INFO - 25/12/24 04:46:59 INFO CodeGenerator: Code generated in 8.520176 ms
[2025-12-24T04:46:59.942+0000] {subprocess.py:93} INFO - 25/12/24 04:46:59 INFO Executor: Finished task 0.0 in stage 10.0 (TID 7). 5147 bytes result sent to driver
[2025-12-24T04:46:59.944+0000] {subprocess.py:93} INFO - 25/12/24 04:46:59 INFO TaskSetManager: Finished task 0.0 in stage 10.0 (TID 7) in 85 ms on 6717a07eada2 (executor driver) (1/1)
[2025-12-24T04:46:59.945+0000] {subprocess.py:93} INFO - 25/12/24 04:46:59 INFO TaskSchedulerImpl: Removed TaskSet 10.0, whose tasks have all completed, from pool
[2025-12-24T04:46:59.947+0000] {subprocess.py:93} INFO - 25/12/24 04:46:59 INFO DAGScheduler: ResultStage 10 (jdbc at NativeMethodAccessorImpl.java:0) finished in 0.099 s
[2025-12-24T04:46:59.948+0000] {subprocess.py:93} INFO - 25/12/24 04:46:59 INFO DAGScheduler: Job 7 is finished. Cancelling potential speculative or zombie tasks for this job
[2025-12-24T04:46:59.948+0000] {subprocess.py:93} INFO - 25/12/24 04:46:59 INFO TaskSchedulerImpl: Killing all running tasks in stage 10: Stage finished
[2025-12-24T04:46:59.949+0000] {subprocess.py:93} INFO - 25/12/24 04:46:59 INFO DAGScheduler: Job 7 finished: jdbc at NativeMethodAccessorImpl.java:0, took 0.112130 s
[2025-12-24T04:46:59.972+0000] {subprocess.py:93} INFO - ✅ Table stats_type_localisation alimentée
[2025-12-24T04:47:00.064+0000] {subprocess.py:93} INFO - 25/12/24 04:47:00 INFO FileSourceStrategy: Pushed Filters: IsNotNull(date),IsNotNull(type)
[2025-12-24T04:47:00.065+0000] {subprocess.py:93} INFO - 25/12/24 04:47:00 INFO FileSourceStrategy: Post-Scan Filters: isnotnull(date#4),isnotnull(cast(date#4 as timestamp)),isnotnull(type#1)
[2025-12-24T04:47:00.129+0000] {subprocess.py:93} INFO - 25/12/24 04:47:00 INFO CodeGenerator: Code generated in 29.316963 ms
[2025-12-24T04:47:00.136+0000] {subprocess.py:93} INFO - 25/12/24 04:47:00 INFO MemoryStore: Block broadcast_12 stored as values in memory (estimated size 201.7 KiB, free 433.5 MiB)
[2025-12-24T04:47:00.146+0000] {subprocess.py:93} INFO - 25/12/24 04:47:00 INFO MemoryStore: Block broadcast_12_piece0 stored as bytes in memory (estimated size 35.1 KiB, free 433.5 MiB)
[2025-12-24T04:47:00.146+0000] {subprocess.py:93} INFO - 25/12/24 04:47:00 INFO BlockManagerInfo: Added broadcast_12_piece0 in memory on 6717a07eada2:36805 (size: 35.1 KiB, free: 434.2 MiB)
[2025-12-24T04:47:00.147+0000] {subprocess.py:93} INFO - 25/12/24 04:47:00 INFO SparkContext: Created broadcast 12 from jdbc at NativeMethodAccessorImpl.java:0
[2025-12-24T04:47:00.148+0000] {subprocess.py:93} INFO - 25/12/24 04:47:00 INFO FileSourceScanExec: Planning scan with bin packing, max size: 4194304 bytes, open cost is considered as scanning 4194304 bytes.
[2025-12-24T04:47:00.154+0000] {subprocess.py:93} INFO - 25/12/24 04:47:00 INFO DAGScheduler: Registering RDD 34 (jdbc at NativeMethodAccessorImpl.java:0) as input to shuffle 3
[2025-12-24T04:47:00.155+0000] {subprocess.py:93} INFO - 25/12/24 04:47:00 INFO DAGScheduler: Got map stage job 8 (jdbc at NativeMethodAccessorImpl.java:0) with 1 output partitions
[2025-12-24T04:47:00.155+0000] {subprocess.py:93} INFO - 25/12/24 04:47:00 INFO DAGScheduler: Final stage: ShuffleMapStage 11 (jdbc at NativeMethodAccessorImpl.java:0)
[2025-12-24T04:47:00.155+0000] {subprocess.py:93} INFO - 25/12/24 04:47:00 INFO DAGScheduler: Parents of final stage: List()
[2025-12-24T04:47:00.155+0000] {subprocess.py:93} INFO - 25/12/24 04:47:00 INFO DAGScheduler: Missing parents: List()
[2025-12-24T04:47:00.155+0000] {subprocess.py:93} INFO - 25/12/24 04:47:00 INFO DAGScheduler: Submitting ShuffleMapStage 11 (MapPartitionsRDD[34] at jdbc at NativeMethodAccessorImpl.java:0), which has no missing parents
[2025-12-24T04:47:00.157+0000] {subprocess.py:93} INFO - 25/12/24 04:47:00 INFO MemoryStore: Block broadcast_13 stored as values in memory (estimated size 47.0 KiB, free 433.4 MiB)
[2025-12-24T04:47:00.165+0000] {subprocess.py:93} INFO - 25/12/24 04:47:00 INFO MemoryStore: Block broadcast_13_piece0 stored as bytes in memory (estimated size 20.4 KiB, free 433.4 MiB)
[2025-12-24T04:47:00.166+0000] {subprocess.py:93} INFO - 25/12/24 04:47:00 INFO BlockManagerInfo: Added broadcast_13_piece0 in memory on 6717a07eada2:36805 (size: 20.4 KiB, free: 434.2 MiB)
[2025-12-24T04:47:00.167+0000] {subprocess.py:93} INFO - 25/12/24 04:47:00 INFO BlockManagerInfo: Removed broadcast_10_piece0 on 6717a07eada2:36805 in memory (size: 22.0 KiB, free: 434.2 MiB)
[2025-12-24T04:47:00.168+0000] {subprocess.py:93} INFO - 25/12/24 04:47:00 INFO SparkContext: Created broadcast 13 from broadcast at DAGScheduler.scala:1585
[2025-12-24T04:47:00.169+0000] {subprocess.py:93} INFO - 25/12/24 04:47:00 INFO DAGScheduler: Submitting 1 missing tasks from ShuffleMapStage 11 (MapPartitionsRDD[34] at jdbc at NativeMethodAccessorImpl.java:0) (first 15 tasks are for partitions Vector(0))
[2025-12-24T04:47:00.171+0000] {subprocess.py:93} INFO - 25/12/24 04:47:00 INFO TaskSchedulerImpl: Adding task set 11.0 with 1 tasks resource profile 0
[2025-12-24T04:47:00.171+0000] {subprocess.py:93} INFO - 25/12/24 04:47:00 INFO TaskSetManager: Starting task 0.0 in stage 11.0 (TID 8) (6717a07eada2, executor driver, partition 0, PROCESS_LOCAL, 8444 bytes)
[2025-12-24T04:47:00.172+0000] {subprocess.py:93} INFO - 25/12/24 04:47:00 INFO Executor: Running task 0.0 in stage 11.0 (TID 8)
[2025-12-24T04:47:00.173+0000] {subprocess.py:93} INFO - 25/12/24 04:47:00 INFO BlockManagerInfo: Removed broadcast_9_piece0 on 6717a07eada2:36805 in memory (size: 35.2 KiB, free: 434.3 MiB)
[2025-12-24T04:47:00.179+0000] {subprocess.py:93} INFO - 25/12/24 04:47:00 INFO BlockManagerInfo: Removed broadcast_11_piece0 on 6717a07eada2:36805 in memory (size: 27.8 KiB, free: 434.3 MiB)
[2025-12-24T04:47:00.205+0000] {subprocess.py:93} INFO - 25/12/24 04:47:00 INFO CodeGenerator: Code generated in 25.762212 ms
[2025-12-24T04:47:00.214+0000] {subprocess.py:93} INFO - 25/12/24 04:47:00 INFO CodeGenerator: Code generated in 6.673668 ms
[2025-12-24T04:47:00.221+0000] {subprocess.py:93} INFO - 25/12/24 04:47:00 INFO CodeGenerator: Code generated in 4.411984 ms
[2025-12-24T04:47:00.229+0000] {subprocess.py:93} INFO - 25/12/24 04:47:00 INFO CodeGenerator: Code generated in 4.872578 ms
[2025-12-24T04:47:00.240+0000] {subprocess.py:93} INFO - 25/12/24 04:47:00 INFO CodeGenerator: Code generated in 6.214302 ms
[2025-12-24T04:47:00.241+0000] {subprocess.py:93} INFO - 25/12/24 04:47:00 INFO FileScanRDD: Reading File path: file:///opt/data/raw/demandes/part-00000-db2d40e6-570e-4716-a9b2-949049113450-c000.snappy.parquet, range: 0-249144, partition values: [empty row]
[2025-12-24T04:47:00.248+0000] {subprocess.py:93} INFO - 25/12/24 04:47:00 INFO FilterCompat: Filtering using predicate: and(noteq(date, null), noteq(type, null))
[2025-12-24T04:47:00.279+0000] {subprocess.py:93} INFO - 25/12/24 04:47:00 INFO Executor: Finished task 0.0 in stage 11.0 (TID 8). 2986 bytes result sent to driver
[2025-12-24T04:47:00.282+0000] {subprocess.py:93} INFO - 25/12/24 04:47:00 INFO TaskSetManager: Finished task 0.0 in stage 11.0 (TID 8) in 111 ms on 6717a07eada2 (executor driver) (1/1)
[2025-12-24T04:47:00.286+0000] {subprocess.py:93} INFO - 25/12/24 04:47:00 INFO DAGScheduler: ShuffleMapStage 11 (jdbc at NativeMethodAccessorImpl.java:0) finished in 0.130 s
[2025-12-24T04:47:00.286+0000] {subprocess.py:93} INFO - 25/12/24 04:47:00 INFO DAGScheduler: looking for newly runnable stages
[2025-12-24T04:47:00.286+0000] {subprocess.py:93} INFO - 25/12/24 04:47:00 INFO DAGScheduler: running: Set()
[2025-12-24T04:47:00.287+0000] {subprocess.py:93} INFO - 25/12/24 04:47:00 INFO DAGScheduler: waiting: Set()
[2025-12-24T04:47:00.288+0000] {subprocess.py:93} INFO - 25/12/24 04:47:00 INFO DAGScheduler: failed: Set()
[2025-12-24T04:47:00.288+0000] {subprocess.py:93} INFO - 25/12/24 04:47:00 INFO TaskSchedulerImpl: Removed TaskSet 11.0, whose tasks have all completed, from pool
[2025-12-24T04:47:00.299+0000] {subprocess.py:93} INFO - 25/12/24 04:47:00 INFO ShufflePartitionsUtil: For shuffle(3), advisory target size: 67108864, actual target size 1048576, minimum partition size: 1048576
[2025-12-24T04:47:00.310+0000] {subprocess.py:93} INFO - 25/12/24 04:47:00 INFO HashAggregateExec: spark.sql.codegen.aggregate.map.twolevel.enabled is set to true, but current version of codegened fast hashmap does not support this aggregate.
[2025-12-24T04:47:00.333+0000] {subprocess.py:93} INFO - 25/12/24 04:47:00 INFO CodeGenerator: Code generated in 18.677407 ms
[2025-12-24T04:47:00.358+0000] {subprocess.py:93} INFO - 25/12/24 04:47:00 INFO SparkContext: Starting job: jdbc at NativeMethodAccessorImpl.java:0
[2025-12-24T04:47:00.361+0000] {subprocess.py:93} INFO - 25/12/24 04:47:00 INFO DAGScheduler: Got job 9 (jdbc at NativeMethodAccessorImpl.java:0) with 1 output partitions
[2025-12-24T04:47:00.361+0000] {subprocess.py:93} INFO - 25/12/24 04:47:00 INFO DAGScheduler: Final stage: ResultStage 13 (jdbc at NativeMethodAccessorImpl.java:0)
[2025-12-24T04:47:00.362+0000] {subprocess.py:93} INFO - 25/12/24 04:47:00 INFO DAGScheduler: Parents of final stage: List(ShuffleMapStage 12)
[2025-12-24T04:47:00.362+0000] {subprocess.py:93} INFO - 25/12/24 04:47:00 INFO DAGScheduler: Missing parents: List()
[2025-12-24T04:47:00.363+0000] {subprocess.py:93} INFO - 25/12/24 04:47:00 INFO DAGScheduler: Submitting ResultStage 13 (MapPartitionsRDD[39] at jdbc at NativeMethodAccessorImpl.java:0), which has no missing parents
[2025-12-24T04:47:00.368+0000] {subprocess.py:93} INFO - 25/12/24 04:47:00 INFO MemoryStore: Block broadcast_14 stored as values in memory (estimated size 54.1 KiB, free 433.8 MiB)
[2025-12-24T04:47:00.370+0000] {subprocess.py:93} INFO - 25/12/24 04:47:00 INFO MemoryStore: Block broadcast_14_piece0 stored as bytes in memory (estimated size 24.2 KiB, free 433.7 MiB)
[2025-12-24T04:47:00.371+0000] {subprocess.py:93} INFO - 25/12/24 04:47:00 INFO BlockManagerInfo: Added broadcast_14_piece0 in memory on 6717a07eada2:36805 (size: 24.2 KiB, free: 434.3 MiB)
[2025-12-24T04:47:00.373+0000] {subprocess.py:93} INFO - 25/12/24 04:47:00 INFO SparkContext: Created broadcast 14 from broadcast at DAGScheduler.scala:1585
[2025-12-24T04:47:00.374+0000] {subprocess.py:93} INFO - 25/12/24 04:47:00 INFO DAGScheduler: Submitting 1 missing tasks from ResultStage 13 (MapPartitionsRDD[39] at jdbc at NativeMethodAccessorImpl.java:0) (first 15 tasks are for partitions Vector(0))
[2025-12-24T04:47:00.375+0000] {subprocess.py:93} INFO - 25/12/24 04:47:00 INFO TaskSchedulerImpl: Adding task set 13.0 with 1 tasks resource profile 0
[2025-12-24T04:47:00.376+0000] {subprocess.py:93} INFO - 25/12/24 04:47:00 INFO TaskSetManager: Starting task 0.0 in stage 13.0 (TID 9) (6717a07eada2, executor driver, partition 0, NODE_LOCAL, 7795 bytes)
[2025-12-24T04:47:00.379+0000] {subprocess.py:93} INFO - 25/12/24 04:47:00 INFO Executor: Running task 0.0 in stage 13.0 (TID 9)
[2025-12-24T04:47:00.393+0000] {subprocess.py:93} INFO - 25/12/24 04:47:00 INFO ShuffleBlockFetcherIterator: Getting 1 (1269.0 B) non-empty blocks including 1 (1269.0 B) local and 0 (0.0 B) host-local and 0 (0.0 B) push-merged-local and 0 (0.0 B) remote blocks
[2025-12-24T04:47:00.393+0000] {subprocess.py:93} INFO - 25/12/24 04:47:00 INFO ShuffleBlockFetcherIterator: Started 0 remote fetches in 1 ms
[2025-12-24T04:47:00.411+0000] {subprocess.py:93} INFO - 25/12/24 04:47:00 INFO CodeGenerator: Code generated in 18.915453 ms
[2025-12-24T04:47:00.432+0000] {subprocess.py:93} INFO - 25/12/24 04:47:00 INFO CodeGenerator: Code generated in 11.71513 ms
[2025-12-24T04:47:00.462+0000] {subprocess.py:93} INFO - 25/12/24 04:47:00 INFO Executor: Finished task 0.0 in stage 13.0 (TID 9). 5147 bytes result sent to driver
[2025-12-24T04:47:00.467+0000] {subprocess.py:93} INFO - 25/12/24 04:47:00 INFO TaskSetManager: Finished task 0.0 in stage 13.0 (TID 9) in 92 ms on 6717a07eada2 (executor driver) (1/1)
[2025-12-24T04:47:00.468+0000] {subprocess.py:93} INFO - 25/12/24 04:47:00 INFO TaskSchedulerImpl: Removed TaskSet 13.0, whose tasks have all completed, from pool
[2025-12-24T04:47:00.472+0000] {subprocess.py:93} INFO - 25/12/24 04:47:00 INFO DAGScheduler: ResultStage 13 (jdbc at NativeMethodAccessorImpl.java:0) finished in 0.105 s
[2025-12-24T04:47:00.474+0000] {subprocess.py:93} INFO - 25/12/24 04:47:00 INFO DAGScheduler: Job 9 is finished. Cancelling potential speculative or zombie tasks for this job
[2025-12-24T04:47:00.474+0000] {subprocess.py:93} INFO - 25/12/24 04:47:00 INFO TaskSchedulerImpl: Killing all running tasks in stage 13: Stage finished
[2025-12-24T04:47:00.474+0000] {subprocess.py:93} INFO - 25/12/24 04:47:00 INFO DAGScheduler: Job 9 finished: jdbc at NativeMethodAccessorImpl.java:0, took 0.111716 s
[2025-12-24T04:47:00.510+0000] {subprocess.py:93} INFO - 25/12/24 04:47:00 INFO SparkContext: SparkContext is stopping with exitCode 0.
[2025-12-24T04:47:00.511+0000] {subprocess.py:93} INFO - ✅ Table stats_temporelles alimentée
[2025-12-24T04:47:00.518+0000] {subprocess.py:93} INFO - 
[2025-12-24T04:47:00.519+0000] {subprocess.py:93} INFO - ================================================================================
[2025-12-24T04:47:00.519+0000] {subprocess.py:93} INFO - 🎉 PROCESSING TERMINÉ AVEC SUCCÈS
[2025-12-24T04:47:00.519+0000] {subprocess.py:93} INFO - ================================================================================
[2025-12-24T04:47:00.531+0000] {subprocess.py:93} INFO - 25/12/24 04:47:00 INFO SparkUI: Stopped Spark web UI at http://6717a07eada2:4040
[2025-12-24T04:47:00.559+0000] {subprocess.py:93} INFO - 25/12/24 04:47:00 INFO MapOutputTrackerMasterEndpoint: MapOutputTrackerMasterEndpoint stopped!
[2025-12-24T04:47:00.583+0000] {subprocess.py:93} INFO - 25/12/24 04:47:00 INFO MemoryStore: MemoryStore cleared
[2025-12-24T04:47:00.587+0000] {subprocess.py:93} INFO - 25/12/24 04:47:00 INFO BlockManager: BlockManager stopped
[2025-12-24T04:47:00.602+0000] {subprocess.py:93} INFO - 25/12/24 04:47:00 INFO BlockManagerMaster: BlockManagerMaster stopped
[2025-12-24T04:47:00.616+0000] {subprocess.py:93} INFO - 25/12/24 04:47:00 INFO OutputCommitCoordinator$OutputCommitCoordinatorEndpoint: OutputCommitCoordinator stopped!
[2025-12-24T04:47:00.632+0000] {subprocess.py:93} INFO - 25/12/24 04:47:00 INFO SparkContext: Successfully stopped SparkContext
[2025-12-24T04:47:00.835+0000] {subprocess.py:93} INFO - 25/12/24 04:47:00 INFO ShutdownHookManager: Shutdown hook called
[2025-12-24T04:47:00.835+0000] {subprocess.py:93} INFO - 25/12/24 04:47:00 INFO ShutdownHookManager: Deleting directory /tmp/spark-a77820b3-369f-4e77-bd45-85f98aa7fef8
[2025-12-24T04:47:00.840+0000] {subprocess.py:93} INFO - 25/12/24 04:47:00 INFO ShutdownHookManager: Deleting directory /tmp/spark-c14f52d3-f347-4df0-957a-04d2c0182aeb/pyspark-a6f351ca-5deb-46f4-90fe-a0d0729d0318
[2025-12-24T04:47:00.845+0000] {subprocess.py:93} INFO - 25/12/24 04:47:00 INFO ShutdownHookManager: Deleting directory /tmp/spark-c14f52d3-f347-4df0-957a-04d2c0182aeb
[2025-12-24T04:47:00.902+0000] {subprocess.py:97} INFO - Command exited with return code 0
[2025-12-24T04:47:00.946+0000] {taskinstance.py:1138} INFO - Marking task as SUCCESS. dag_id=pipeline_services_publics_togo, task_id=processing_spark, execution_date=20251223T020000, start_date=20251224T044642, end_date=20251224T044700
[2025-12-24T04:47:00.996+0000] {local_task_job_runner.py:234} INFO - Task exited with return code 0
[2025-12-24T04:47:01.069+0000] {taskinstance.py:3281} INFO - 1 downstream tasks scheduled from follow-on schedule check
