[2025-12-21T15:46:29.352+0000] {taskinstance.py:1957} INFO - Dependencies all met for dep_context=non-requeueable deps ti=<TaskInstance: pipeline_services_publics_togo.ingestion_mongodb manual__2025-12-21T15:46:22.304937+00:00 [queued]>
[2025-12-21T15:46:29.384+0000] {taskinstance.py:1957} INFO - Dependencies all met for dep_context=requeueable deps ti=<TaskInstance: pipeline_services_publics_togo.ingestion_mongodb manual__2025-12-21T15:46:22.304937+00:00 [queued]>
[2025-12-21T15:46:29.385+0000] {taskinstance.py:2171} INFO - Starting attempt 1 of 3
[2025-12-21T15:46:29.430+0000] {taskinstance.py:2192} INFO - Executing <Task(BashOperator): ingestion_mongodb> on 2025-12-21 15:46:22.304937+00:00
[2025-12-21T15:46:29.453+0000] {standard_task_runner.py:60} INFO - Started process 206 to run task
[2025-12-21T15:46:29.468+0000] {standard_task_runner.py:87} INFO - Running: ['***', 'tasks', 'run', 'pipeline_services_publics_togo', 'ingestion_mongodb', 'manual__2025-12-21T15:46:22.304937+00:00', '--job-id', '18', '--raw', '--subdir', 'DAGS_FOLDER/pipeline_services_publics.py', '--cfg-path', '/tmp/tmpd4x0fait']
[2025-12-21T15:46:29.477+0000] {standard_task_runner.py:88} INFO - Job 18: Subtask ingestion_mongodb
[2025-12-21T15:46:29.592+0000] {task_command.py:423} INFO - Running <TaskInstance: pipeline_services_publics_togo.ingestion_mongodb manual__2025-12-21T15:46:22.304937+00:00 [running]> on host ece4de611570
[2025-12-21T15:46:29.691+0000] {taskinstance.py:2481} INFO - Exporting env vars: AIRFLOW_CTX_DAG_OWNER='data-engineer' AIRFLOW_CTX_DAG_ID='pipeline_services_publics_togo' AIRFLOW_CTX_TASK_ID='ingestion_mongodb' AIRFLOW_CTX_EXECUTION_DATE='2025-12-21T15:46:22.304937+00:00' AIRFLOW_CTX_TRY_NUMBER='1' AIRFLOW_CTX_DAG_RUN_ID='manual__2025-12-21T15:46:22.304937+00:00'
[2025-12-21T15:46:29.692+0000] {subprocess.py:63} INFO - Tmp dir root location: /tmp
[2025-12-21T15:46:29.693+0000] {subprocess.py:75} INFO - Running command: ['/usr/bin/bash', '-c', '\n    /opt/spark/bin/spark-submit       --master spark://spark-master:7077       --packages org.mongodb.spark:mongo-spark-connector_2.12:10.2.0       --executor-memory 2G       --driver-memory 1G       /opt/***/spark_jobs/ingestion.py\n    ']
[2025-12-21T15:46:29.703+0000] {subprocess.py:86} INFO - Output:
[2025-12-21T15:46:32.078+0000] {subprocess.py:93} INFO - :: loading settings :: url = jar:file:/opt/spark/jars/ivy-2.5.1.jar!/org/apache/ivy/core/settings/ivysettings.xml
[2025-12-21T15:46:32.367+0000] {subprocess.py:93} INFO - Ivy Default Cache set to: /home/***/.ivy2/cache
[2025-12-21T15:46:32.370+0000] {subprocess.py:93} INFO - The jars for the packages stored in: /home/***/.ivy2/jars
[2025-12-21T15:46:32.388+0000] {subprocess.py:93} INFO - org.mongodb.spark#mongo-spark-connector_2.12 added as a dependency
[2025-12-21T15:46:32.389+0000] {subprocess.py:93} INFO - :: resolving dependencies :: org.apache.spark#spark-submit-parent-c3b271be-a2ce-4c31-9f39-423d5c8c9543;1.0
[2025-12-21T15:46:32.390+0000] {subprocess.py:93} INFO - 	confs: [default]
[2025-12-21T15:46:34.437+0000] {subprocess.py:93} INFO - 	found org.mongodb.spark#mongo-spark-connector_2.12;10.2.0 in central
[2025-12-21T15:46:36.933+0000] {subprocess.py:93} INFO - 	found org.mongodb#mongodb-driver-sync;4.8.2 in central
[2025-12-21T15:46:36.933+0000] {subprocess.py:93} INFO - 	[4.8.2] org.mongodb#mongodb-driver-sync;[4.8.1,4.8.99)
[2025-12-21T15:46:37.855+0000] {subprocess.py:93} INFO - 	found org.mongodb#bson;4.8.2 in central
[2025-12-21T15:46:42.132+0000] {subprocess.py:93} INFO - 	found org.mongodb#mongodb-driver-core;4.8.2 in central
[2025-12-21T15:46:42.479+0000] {subprocess.py:93} INFO - 	found org.mongodb#bson-record-codec;4.8.2 in central
[2025-12-21T15:46:43.219+0000] {subprocess.py:93} INFO - downloading https://repo1.maven.org/maven2/org/mongodb/spark/mongo-spark-connector_2.12/10.2.0/mongo-spark-connector_2.12-10.2.0.jar ...
[2025-12-21T15:46:44.173+0000] {subprocess.py:93} INFO - 	[SUCCESSFUL ] org.mongodb.spark#mongo-spark-connector_2.12;10.2.0!mongo-spark-connector_2.12.jar (1646ms)
[2025-12-21T15:46:44.752+0000] {subprocess.py:93} INFO - downloading https://repo1.maven.org/maven2/org/mongodb/mongodb-driver-sync/4.8.2/mongodb-driver-sync-4.8.2.jar ...
[2025-12-21T15:46:44.945+0000] {subprocess.py:93} INFO - 	[SUCCESSFUL ] org.mongodb#mongodb-driver-sync;4.8.2!mongodb-driver-sync.jar (768ms)
[2025-12-21T15:46:45.475+0000] {subprocess.py:93} INFO - downloading https://repo1.maven.org/maven2/org/mongodb/bson/4.8.2/bson-4.8.2.jar ...
[2025-12-21T15:46:45.774+0000] {subprocess.py:93} INFO - 	[SUCCESSFUL ] org.mongodb#bson;4.8.2!bson.jar (823ms)
[2025-12-21T15:46:46.227+0000] {subprocess.py:93} INFO - downloading https://repo1.maven.org/maven2/org/mongodb/mongodb-driver-core/4.8.2/mongodb-driver-core-4.8.2.jar ...
[2025-12-21T15:46:46.798+0000] {subprocess.py:93} INFO - 	[SUCCESSFUL ] org.mongodb#mongodb-driver-core;4.8.2!mongodb-driver-core.jar (1020ms)
[2025-12-21T15:46:47.313+0000] {subprocess.py:93} INFO - downloading https://repo1.maven.org/maven2/org/mongodb/bson-record-codec/4.8.2/bson-record-codec-4.8.2.jar ...
[2025-12-21T15:46:47.442+0000] {subprocess.py:93} INFO - 	[SUCCESSFUL ] org.mongodb#bson-record-codec;4.8.2!bson-record-codec.jar (638ms)
[2025-12-21T15:46:47.444+0000] {subprocess.py:93} INFO - :: resolution report :: resolve 10133ms :: artifacts dl 4920ms
[2025-12-21T15:46:47.445+0000] {subprocess.py:93} INFO - 	:: modules in use:
[2025-12-21T15:46:47.445+0000] {subprocess.py:93} INFO - 	org.mongodb#bson;4.8.2 from central in [default]
[2025-12-21T15:46:47.445+0000] {subprocess.py:93} INFO - 	org.mongodb#bson-record-codec;4.8.2 from central in [default]
[2025-12-21T15:46:47.446+0000] {subprocess.py:93} INFO - 	org.mongodb#mongodb-driver-core;4.8.2 from central in [default]
[2025-12-21T15:46:47.446+0000] {subprocess.py:93} INFO - 	org.mongodb#mongodb-driver-sync;4.8.2 from central in [default]
[2025-12-21T15:46:47.446+0000] {subprocess.py:93} INFO - 	org.mongodb.spark#mongo-spark-connector_2.12;10.2.0 from central in [default]
[2025-12-21T15:46:47.449+0000] {subprocess.py:93} INFO - 	---------------------------------------------------------------------
[2025-12-21T15:46:47.450+0000] {subprocess.py:93} INFO - 	|                  |            modules            ||   artifacts   |
[2025-12-21T15:46:47.450+0000] {subprocess.py:93} INFO - 	|       conf       | number| search|dwnlded|evicted|| number|dwnlded|
[2025-12-21T15:46:47.451+0000] {subprocess.py:93} INFO - 	---------------------------------------------------------------------
[2025-12-21T15:46:47.451+0000] {subprocess.py:93} INFO - 	|      default     |   5   |   5   |   5   |   0   ||   5   |   5   |
[2025-12-21T15:46:47.452+0000] {subprocess.py:93} INFO - 	---------------------------------------------------------------------
[2025-12-21T15:46:47.465+0000] {subprocess.py:93} INFO - :: retrieving :: org.apache.spark#spark-submit-parent-c3b271be-a2ce-4c31-9f39-423d5c8c9543
[2025-12-21T15:46:47.466+0000] {subprocess.py:93} INFO - 	confs: [default]
[2025-12-21T15:46:47.500+0000] {subprocess.py:93} INFO - 	5 artifacts copied, 0 already retrieved (2370kB/34ms)
[2025-12-21T15:46:47.986+0000] {subprocess.py:93} INFO - 25/12/21 15:46:47 WARN NativeCodeLoader: Unable to load native-hadoop library for your platform... using builtin-java classes where applicable
[2025-12-21T15:46:49.045+0000] {subprocess.py:93} INFO - 25/12/21 15:46:49 INFO SparkContext: Running Spark version 3.5.1
[2025-12-21T15:46:49.046+0000] {subprocess.py:93} INFO - 25/12/21 15:46:49 INFO SparkContext: OS info Linux, 6.8.0-90-generic, amd64
[2025-12-21T15:46:49.047+0000] {subprocess.py:93} INFO - 25/12/21 15:46:49 INFO SparkContext: Java version 17.0.17
[2025-12-21T15:46:49.074+0000] {subprocess.py:93} INFO - 25/12/21 15:46:49 INFO ResourceUtils: ==============================================================
[2025-12-21T15:46:49.074+0000] {subprocess.py:93} INFO - 25/12/21 15:46:49 INFO ResourceUtils: No custom resources configured for spark.driver.
[2025-12-21T15:46:49.075+0000] {subprocess.py:93} INFO - 25/12/21 15:46:49 INFO ResourceUtils: ==============================================================
[2025-12-21T15:46:49.075+0000] {subprocess.py:93} INFO - 25/12/21 15:46:49 INFO SparkContext: Submitted application: Ingestion_MongoDB_Raw
[2025-12-21T15:46:49.098+0000] {subprocess.py:93} INFO - 25/12/21 15:46:49 INFO ResourceProfile: Default ResourceProfile created, executor resources: Map(memory -> name: memory, amount: 2048, script: , vendor: , offHeap -> name: offHeap, amount: 0, script: , vendor: ), task resources: Map(cpus -> name: cpus, amount: 1.0)
[2025-12-21T15:46:49.109+0000] {subprocess.py:93} INFO - 25/12/21 15:46:49 INFO ResourceProfile: Limiting resource is cpu
[2025-12-21T15:46:49.110+0000] {subprocess.py:93} INFO - 25/12/21 15:46:49 INFO ResourceProfileManager: Added ResourceProfile id: 0
[2025-12-21T15:46:49.182+0000] {subprocess.py:93} INFO - 25/12/21 15:46:49 INFO SecurityManager: Changing view acls to: ***
[2025-12-21T15:46:49.182+0000] {subprocess.py:93} INFO - 25/12/21 15:46:49 INFO SecurityManager: Changing modify acls to: ***
[2025-12-21T15:46:49.183+0000] {subprocess.py:93} INFO - 25/12/21 15:46:49 INFO SecurityManager: Changing view acls groups to:
[2025-12-21T15:46:49.183+0000] {subprocess.py:93} INFO - 25/12/21 15:46:49 INFO SecurityManager: Changing modify acls groups to:
[2025-12-21T15:46:49.183+0000] {subprocess.py:93} INFO - 25/12/21 15:46:49 INFO SecurityManager: SecurityManager: authentication disabled; ui acls disabled; users with view permissions: ***; groups with view permissions: EMPTY; users with modify permissions: ***; groups with modify permissions: EMPTY
[2025-12-21T15:46:49.408+0000] {subprocess.py:93} INFO - 25/12/21 15:46:49 INFO Utils: Successfully started service 'sparkDriver' on port 36347.
[2025-12-21T15:46:49.435+0000] {subprocess.py:93} INFO - 25/12/21 15:46:49 INFO SparkEnv: Registering MapOutputTracker
[2025-12-21T15:46:49.470+0000] {subprocess.py:93} INFO - 25/12/21 15:46:49 INFO SparkEnv: Registering BlockManagerMaster
[2025-12-21T15:46:49.524+0000] {subprocess.py:93} INFO - 25/12/21 15:46:49 INFO BlockManagerMasterEndpoint: Using org.apache.spark.storage.DefaultTopologyMapper for getting topology information
[2025-12-21T15:46:49.524+0000] {subprocess.py:93} INFO - 25/12/21 15:46:49 INFO BlockManagerMasterEndpoint: BlockManagerMasterEndpoint up
[2025-12-21T15:46:49.530+0000] {subprocess.py:93} INFO - 25/12/21 15:46:49 INFO SparkEnv: Registering BlockManagerMasterHeartbeat
[2025-12-21T15:46:49.554+0000] {subprocess.py:93} INFO - 25/12/21 15:46:49 INFO DiskBlockManager: Created local directory at /tmp/blockmgr-7ef5ec06-5d2c-44ed-a334-ff3573055186
[2025-12-21T15:46:49.569+0000] {subprocess.py:93} INFO - 25/12/21 15:46:49 INFO MemoryStore: MemoryStore started with capacity 434.4 MiB
[2025-12-21T15:46:49.583+0000] {subprocess.py:93} INFO - 25/12/21 15:46:49 INFO SparkEnv: Registering OutputCommitCoordinator
[2025-12-21T15:46:49.714+0000] {subprocess.py:93} INFO - 25/12/21 15:46:49 INFO JettyUtils: Start Jetty 0.0.0.0:4040 for SparkUI
[2025-12-21T15:46:49.786+0000] {subprocess.py:93} INFO - 25/12/21 15:46:49 INFO Utils: Successfully started service 'SparkUI' on port 4040.
[2025-12-21T15:46:49.821+0000] {subprocess.py:93} INFO - 25/12/21 15:46:49 INFO SparkContext: Added JAR file:///home/***/.ivy2/jars/org.mongodb.spark_mongo-spark-connector_2.12-10.2.0.jar at spark://ece4de611570:36347/jars/org.mongodb.spark_mongo-spark-connector_2.12-10.2.0.jar with timestamp 1766332009036
[2025-12-21T15:46:49.826+0000] {subprocess.py:93} INFO - 25/12/21 15:46:49 INFO SparkContext: Added JAR file:///home/***/.ivy2/jars/org.mongodb_mongodb-driver-sync-4.8.2.jar at spark://ece4de611570:36347/jars/org.mongodb_mongodb-driver-sync-4.8.2.jar with timestamp 1766332009036
[2025-12-21T15:46:49.829+0000] {subprocess.py:93} INFO - 25/12/21 15:46:49 INFO SparkContext: Added JAR file:///home/***/.ivy2/jars/org.mongodb_bson-4.8.2.jar at spark://ece4de611570:36347/jars/org.mongodb_bson-4.8.2.jar with timestamp 1766332009036
[2025-12-21T15:46:49.829+0000] {subprocess.py:93} INFO - 25/12/21 15:46:49 INFO SparkContext: Added JAR file:///home/***/.ivy2/jars/org.mongodb_mongodb-driver-core-4.8.2.jar at spark://ece4de611570:36347/jars/org.mongodb_mongodb-driver-core-4.8.2.jar with timestamp 1766332009036
[2025-12-21T15:46:49.830+0000] {subprocess.py:93} INFO - 25/12/21 15:46:49 INFO SparkContext: Added JAR file:///home/***/.ivy2/jars/org.mongodb_bson-record-codec-4.8.2.jar at spark://ece4de611570:36347/jars/org.mongodb_bson-record-codec-4.8.2.jar with timestamp 1766332009036
[2025-12-21T15:46:49.830+0000] {subprocess.py:93} INFO - 25/12/21 15:46:49 INFO SparkContext: Added file file:///home/***/.ivy2/jars/org.mongodb.spark_mongo-spark-connector_2.12-10.2.0.jar at spark://ece4de611570:36347/files/org.mongodb.spark_mongo-spark-connector_2.12-10.2.0.jar with timestamp 1766332009036
[2025-12-21T15:46:49.832+0000] {subprocess.py:93} INFO - 25/12/21 15:46:49 INFO Utils: Copying /home/***/.ivy2/jars/org.mongodb.spark_mongo-spark-connector_2.12-10.2.0.jar to /tmp/spark-3db12489-f141-4863-b0c8-a5aead8d7e4f/userFiles-e103a6b8-ab9f-4708-b6e7-5e8146f1678a/org.mongodb.spark_mongo-spark-connector_2.12-10.2.0.jar
[2025-12-21T15:46:49.842+0000] {subprocess.py:93} INFO - 25/12/21 15:46:49 INFO SparkContext: Added file file:///home/***/.ivy2/jars/org.mongodb_mongodb-driver-sync-4.8.2.jar at spark://ece4de611570:36347/files/org.mongodb_mongodb-driver-sync-4.8.2.jar with timestamp 1766332009036
[2025-12-21T15:46:49.843+0000] {subprocess.py:93} INFO - 25/12/21 15:46:49 INFO Utils: Copying /home/***/.ivy2/jars/org.mongodb_mongodb-driver-sync-4.8.2.jar to /tmp/spark-3db12489-f141-4863-b0c8-a5aead8d7e4f/userFiles-e103a6b8-ab9f-4708-b6e7-5e8146f1678a/org.mongodb_mongodb-driver-sync-4.8.2.jar
[2025-12-21T15:46:49.848+0000] {subprocess.py:93} INFO - 25/12/21 15:46:49 INFO SparkContext: Added file file:///home/***/.ivy2/jars/org.mongodb_bson-4.8.2.jar at spark://ece4de611570:36347/files/org.mongodb_bson-4.8.2.jar with timestamp 1766332009036
[2025-12-21T15:46:49.849+0000] {subprocess.py:93} INFO - 25/12/21 15:46:49 INFO Utils: Copying /home/***/.ivy2/jars/org.mongodb_bson-4.8.2.jar to /tmp/spark-3db12489-f141-4863-b0c8-a5aead8d7e4f/userFiles-e103a6b8-ab9f-4708-b6e7-5e8146f1678a/org.mongodb_bson-4.8.2.jar
[2025-12-21T15:46:49.854+0000] {subprocess.py:93} INFO - 25/12/21 15:46:49 INFO SparkContext: Added file file:///home/***/.ivy2/jars/org.mongodb_mongodb-driver-core-4.8.2.jar at spark://ece4de611570:36347/files/org.mongodb_mongodb-driver-core-4.8.2.jar with timestamp 1766332009036
[2025-12-21T15:46:49.855+0000] {subprocess.py:93} INFO - 25/12/21 15:46:49 INFO Utils: Copying /home/***/.ivy2/jars/org.mongodb_mongodb-driver-core-4.8.2.jar to /tmp/spark-3db12489-f141-4863-b0c8-a5aead8d7e4f/userFiles-e103a6b8-ab9f-4708-b6e7-5e8146f1678a/org.mongodb_mongodb-driver-core-4.8.2.jar
[2025-12-21T15:46:49.861+0000] {subprocess.py:93} INFO - 25/12/21 15:46:49 INFO SparkContext: Added file file:///home/***/.ivy2/jars/org.mongodb_bson-record-codec-4.8.2.jar at spark://ece4de611570:36347/files/org.mongodb_bson-record-codec-4.8.2.jar with timestamp 1766332009036
[2025-12-21T15:46:49.862+0000] {subprocess.py:93} INFO - 25/12/21 15:46:49 INFO Utils: Copying /home/***/.ivy2/jars/org.mongodb_bson-record-codec-4.8.2.jar to /tmp/spark-3db12489-f141-4863-b0c8-a5aead8d7e4f/userFiles-e103a6b8-ab9f-4708-b6e7-5e8146f1678a/org.mongodb_bson-record-codec-4.8.2.jar
[2025-12-21T15:46:49.953+0000] {subprocess.py:93} INFO - 25/12/21 15:46:49 INFO StandaloneAppClient$ClientEndpoint: Connecting to master spark://spark-master:7077...
[2025-12-21T15:46:50.021+0000] {subprocess.py:93} INFO - 25/12/21 15:46:50 INFO TransportClientFactory: Successfully created connection to spark-master/172.18.0.3:7077 after 38 ms (0 ms spent in bootstraps)
[2025-12-21T15:46:50.266+0000] {subprocess.py:93} INFO - 25/12/21 15:46:50 INFO StandaloneSchedulerBackend: Connected to Spark cluster with app ID app-20251221154650-0000
[2025-12-21T15:46:50.275+0000] {subprocess.py:93} INFO - 25/12/21 15:46:50 INFO Utils: Successfully started service 'org.apache.spark.network.netty.NettyBlockTransferService' on port 44563.
[2025-12-21T15:46:50.275+0000] {subprocess.py:93} INFO - 25/12/21 15:46:50 INFO NettyBlockTransferService: Server created on ece4de611570:44563
[2025-12-21T15:46:50.278+0000] {subprocess.py:93} INFO - 25/12/21 15:46:50 INFO BlockManager: Using org.apache.spark.storage.RandomBlockReplicationPolicy for block replication policy
[2025-12-21T15:46:50.294+0000] {subprocess.py:93} INFO - 25/12/21 15:46:50 INFO BlockManagerMaster: Registering BlockManager BlockManagerId(driver, ece4de611570, 44563, None)
[2025-12-21T15:46:50.297+0000] {subprocess.py:93} INFO - 25/12/21 15:46:50 INFO BlockManagerMasterEndpoint: Registering block manager ece4de611570:44563 with 434.4 MiB RAM, BlockManagerId(driver, ece4de611570, 44563, None)
[2025-12-21T15:46:50.299+0000] {subprocess.py:93} INFO - 25/12/21 15:46:50 INFO BlockManagerMaster: Registered BlockManager BlockManagerId(driver, ece4de611570, 44563, None)
[2025-12-21T15:46:50.302+0000] {subprocess.py:93} INFO - 25/12/21 15:46:50 INFO BlockManager: Initialized BlockManager: BlockManagerId(driver, ece4de611570, 44563, None)
[2025-12-21T15:46:50.344+0000] {subprocess.py:93} INFO - 25/12/21 15:46:50 INFO StandaloneAppClient$ClientEndpoint: Executor added: app-20251221154650-0000/0 on worker-20251221154327-172.18.0.6-46533 (172.18.0.6:46533) with 2 core(s)
[2025-12-21T15:46:50.347+0000] {subprocess.py:93} INFO - 25/12/21 15:46:50 INFO StandaloneSchedulerBackend: Granted executor ID app-20251221154650-0000/0 on hostPort 172.18.0.6:46533 with 2 core(s), 2.0 GiB RAM
[2025-12-21T15:46:50.627+0000] {subprocess.py:93} INFO - 25/12/21 15:46:50 INFO StandaloneAppClient$ClientEndpoint: Executor updated: app-20251221154650-0000/0 is now RUNNING
[2025-12-21T15:46:50.651+0000] {subprocess.py:93} INFO - 25/12/21 15:46:50 INFO StandaloneSchedulerBackend: SchedulerBackend is ready for scheduling beginning after reached minRegisteredResourcesRatio: 0.0
[2025-12-21T15:46:51.002+0000] {subprocess.py:93} INFO - 25/12/21 15:46:51 INFO SharedState: Setting hive.metastore.warehouse.dir ('null') to the value of spark.sql.warehouse.dir.
[2025-12-21T15:46:51.003+0000] {subprocess.py:93} INFO - 25/12/21 15:46:51 INFO SharedState: Warehouse path is 'file:/tmp/***tmpgf5menoa/spark-warehouse'.
[2025-12-21T15:46:52.988+0000] {subprocess.py:93} INFO - 25/12/21 15:46:52 INFO client: MongoClient with metadata {"driver": {"name": "mongo-java-driver|sync|mongo-spark-connector|source", "version": "4.8.2|10.2.0"}, "os": {"type": "Linux", "name": "Linux", "architecture": "amd64", "version": "6.8.0-90-generic"}, "platform": "Java/Debian/17.0.17+10-Debian-1deb12u1|Scala/2.12.18/Spark/3.5.1"} created with settings MongoClientSettings{readPreference=primary, writeConcern=WriteConcern{w=null, wTimeout=null ms, journal=null}, retryWrites=true, retryReads=true, readConcern=ReadConcern{level=null}, credential=MongoCredential{mechanism=null, userName='admin', source='admin', password=<hidden>, mechanismProperties=<hidden>}, streamFactoryFactory=null, commandListeners=[], codecRegistry=ProvidersCodecRegistry{codecProviders=[ValueCodecProvider{}, BsonValueCodecProvider{}, DBRefCodecProvider{}, DBObjectCodecProvider{}, DocumentCodecProvider{}, CollectionCodecProvider{}, IterableCodecProvider{}, MapCodecProvider{}, GeoJsonCodecProvider{}, GridFSFileCodecProvider{}, Jsr310CodecProvider{}, JsonObjectCodecProvider{}, BsonCodecProvider{}, EnumCodecProvider{}, com.mongodb.Jep395RecordCodecProvider@73c109e3]}, clusterSettings={hosts=[mongodb:27017], srvServiceName=mongodb, mode=SINGLE, requiredClusterType=UNKNOWN, requiredReplicaSetName='null', serverSelector='null', clusterListeners='[]', serverSelectionTimeout='30000 ms', localThreshold='30000 ms'}, socketSettings=SocketSettings{connectTimeoutMS=10000, readTimeoutMS=0, receiveBufferSize=0, sendBufferSize=0}, heartbeatSocketSettings=SocketSettings{connectTimeoutMS=10000, readTimeoutMS=10000, receiveBufferSize=0, sendBufferSize=0}, connectionPoolSettings=ConnectionPoolSettings{maxSize=100, minSize=0, maxWaitTimeMS=120000, maxConnectionLifeTimeMS=0, maxConnectionIdleTimeMS=0, maintenanceInitialDelayMS=0, maintenanceFrequencyMS=60000, connectionPoolListeners=[], maxConnecting=2}, serverSettings=ServerSettings{heartbeatFrequencyMS=10000, minHeartbeatFrequencyMS=500, serverListeners='[]', serverMonitorListeners='[]'}, sslSettings=SslSettings{enabled=false, invalidHostNameAllowed=false, context=null}, applicationName='null', compressorList=[], uuidRepresentation=UNSPECIFIED, serverApi=null, autoEncryptionSettings=null, contextProvider=null}
[2025-12-21T15:46:52.989+0000] {subprocess.py:93} INFO - 25/12/21 15:46:52 INFO cluster: Monitor thread successfully connected to server with description ServerDescription{address=mongodb:27017, type=STANDALONE, state=CONNECTED, ok=true, minWireVersion=0, maxWireVersion=21, maxDocumentSize=16777216, logicalSessionTimeoutMinutes=30, roundTripTimeNanos=34849907}
[2025-12-21T15:46:53.334+0000] {subprocess.py:93} INFO - 25/12/21 15:46:53 INFO MongoTable: Creating MongoTable: mongo-spark-connector-10.2.0
[2025-12-21T15:46:54.335+0000] {subprocess.py:93} INFO - 25/12/21 15:46:54 INFO StandaloneSchedulerBackend$StandaloneDriverEndpoint: Registered executor NettyRpcEndpointRef(spark-client://Executor) (172.18.0.6:47580) with ID 0,  ResourceProfileId 0
[2025-12-21T15:46:54.438+0000] {subprocess.py:93} INFO - 25/12/21 15:46:54 INFO BlockManagerMasterEndpoint: Registering block manager 172.18.0.6:32937 with 1048.8 MiB RAM, BlockManagerId(0, 172.18.0.6, 32937, None)
[2025-12-21T15:46:54.691+0000] {subprocess.py:93} INFO - Traceback (most recent call last):
[2025-12-21T15:46:54.692+0000] {subprocess.py:93} INFO -   File "/opt/***/spark_jobs/ingestion.py", line 24, in <module>
[2025-12-21T15:46:54.694+0000] {subprocess.py:93} INFO -     print(f"📥 Nombre de documents MongoDB : {df.count()}")
[2025-12-21T15:46:54.695+0000] {subprocess.py:93} INFO -   File "/opt/spark/python/lib/pyspark.zip/pyspark/sql/dataframe.py", line 1238, in count
[2025-12-21T15:46:54.696+0000] {subprocess.py:93} INFO -   File "/opt/spark/python/lib/py4j-0.10.9.7-src.zip/py4j/java_gateway.py", line 1322, in __call__
[2025-12-21T15:46:54.696+0000] {subprocess.py:93} INFO -   File "/opt/spark/python/lib/pyspark.zip/pyspark/errors/exceptions/captured.py", line 179, in deco
[2025-12-21T15:46:54.696+0000] {subprocess.py:93} INFO -   File "/opt/spark/python/lib/py4j-0.10.9.7-src.zip/py4j/protocol.py", line 326, in get_return_value
[2025-12-21T15:46:54.738+0000] {subprocess.py:93} INFO - py4j.protocol.Py4JJavaError: An error occurred while calling o37.count.
[2025-12-21T15:46:54.738+0000] {subprocess.py:93} INFO - : java.lang.NoSuchMethodError: 'org.apache.spark.sql.catalyst.encoders.ExpressionEncoder org.apache.spark.sql.catalyst.encoders.RowEncoder$.apply(org.apache.spark.sql.types.StructType)'
[2025-12-21T15:46:54.738+0000] {subprocess.py:93} INFO - 	at com.mongodb.spark.sql.connector.schema.InternalRowToRowFunction.<init>(InternalRowToRowFunction.java:44)
[2025-12-21T15:46:54.738+0000] {subprocess.py:93} INFO - 	at com.mongodb.spark.sql.connector.schema.RowToBsonDocumentConverter.<init>(RowToBsonDocumentConverter.java:84)
[2025-12-21T15:46:54.739+0000] {subprocess.py:93} INFO - 	at com.mongodb.spark.sql.connector.read.MongoScanBuilder.<clinit>(MongoScanBuilder.java:72)
[2025-12-21T15:46:54.739+0000] {subprocess.py:93} INFO - 	at com.mongodb.spark.sql.connector.MongoTable.newScanBuilder(MongoTable.java:121)
[2025-12-21T15:46:54.739+0000] {subprocess.py:93} INFO - 	at org.apache.spark.sql.execution.datasources.v2.V2ScanRelationPushDown$$anonfun$createScanBuilder$1.applyOrElse(V2ScanRelationPushDown.scala:58)
[2025-12-21T15:46:54.739+0000] {subprocess.py:93} INFO - 	at org.apache.spark.sql.execution.datasources.v2.V2ScanRelationPushDown$$anonfun$createScanBuilder$1.applyOrElse(V2ScanRelationPushDown.scala:56)
[2025-12-21T15:46:54.739+0000] {subprocess.py:93} INFO - 	at org.apache.spark.sql.catalyst.trees.TreeNode.$anonfun$transformDownWithPruning$1(TreeNode.scala:461)
[2025-12-21T15:46:54.739+0000] {subprocess.py:93} INFO - 	at org.apache.spark.sql.catalyst.trees.CurrentOrigin$.withOrigin(origin.scala:76)
[2025-12-21T15:46:54.739+0000] {subprocess.py:93} INFO - 	at org.apache.spark.sql.catalyst.trees.TreeNode.transformDownWithPruning(TreeNode.scala:461)
[2025-12-21T15:46:54.739+0000] {subprocess.py:93} INFO - 	at org.apache.spark.sql.catalyst.plans.logical.LogicalPlan.org$apache$spark$sql$catalyst$plans$logical$AnalysisHelper$$super$transformDownWithPruning(LogicalPlan.scala:32)
[2025-12-21T15:46:54.739+0000] {subprocess.py:93} INFO - 	at org.apache.spark.sql.catalyst.plans.logical.AnalysisHelper.transformDownWithPruning(AnalysisHelper.scala:267)
[2025-12-21T15:46:54.740+0000] {subprocess.py:93} INFO - 	at org.apache.spark.sql.catalyst.plans.logical.AnalysisHelper.transformDownWithPruning$(AnalysisHelper.scala:263)
[2025-12-21T15:46:54.740+0000] {subprocess.py:93} INFO - 	at org.apache.spark.sql.catalyst.plans.logical.LogicalPlan.transformDownWithPruning(LogicalPlan.scala:32)
[2025-12-21T15:46:54.740+0000] {subprocess.py:93} INFO - 	at org.apache.spark.sql.catalyst.plans.logical.LogicalPlan.transformDownWithPruning(LogicalPlan.scala:32)
[2025-12-21T15:46:54.740+0000] {subprocess.py:93} INFO - 	at org.apache.spark.sql.catalyst.trees.TreeNode.$anonfun$transformDownWithPruning$3(TreeNode.scala:466)
[2025-12-21T15:46:54.740+0000] {subprocess.py:93} INFO - 	at org.apache.spark.sql.catalyst.trees.UnaryLike.mapChildren(TreeNode.scala:1215)
[2025-12-21T15:46:54.740+0000] {subprocess.py:93} INFO - 	at org.apache.spark.sql.catalyst.trees.UnaryLike.mapChildren$(TreeNode.scala:1214)
[2025-12-21T15:46:54.740+0000] {subprocess.py:93} INFO - 	at org.apache.spark.sql.catalyst.plans.logical.Project.mapChildren(basicLogicalOperators.scala:71)
[2025-12-21T15:46:54.740+0000] {subprocess.py:93} INFO - 	at org.apache.spark.sql.catalyst.trees.TreeNode.transformDownWithPruning(TreeNode.scala:466)
[2025-12-21T15:46:54.740+0000] {subprocess.py:93} INFO - 	at org.apache.spark.sql.catalyst.plans.logical.LogicalPlan.org$apache$spark$sql$catalyst$plans$logical$AnalysisHelper$$super$transformDownWithPruning(LogicalPlan.scala:32)
[2025-12-21T15:46:54.740+0000] {subprocess.py:93} INFO - 	at org.apache.spark.sql.catalyst.plans.logical.AnalysisHelper.transformDownWithPruning(AnalysisHelper.scala:267)
[2025-12-21T15:46:54.742+0000] {subprocess.py:93} INFO - 	at org.apache.spark.sql.catalyst.plans.logical.AnalysisHelper.transformDownWithPruning$(AnalysisHelper.scala:263)
[2025-12-21T15:46:54.742+0000] {subprocess.py:93} INFO - 	at org.apache.spark.sql.catalyst.plans.logical.LogicalPlan.transformDownWithPruning(LogicalPlan.scala:32)
[2025-12-21T15:46:54.745+0000] {subprocess.py:93} INFO - 	at org.apache.spark.sql.catalyst.plans.logical.LogicalPlan.transformDownWithPruning(LogicalPlan.scala:32)
[2025-12-21T15:46:54.745+0000] {subprocess.py:93} INFO - 	at org.apache.spark.sql.catalyst.trees.TreeNode.$anonfun$transformDownWithPruning$3(TreeNode.scala:466)
[2025-12-21T15:46:54.745+0000] {subprocess.py:93} INFO - 	at org.apache.spark.sql.catalyst.trees.UnaryLike.mapChildren(TreeNode.scala:1215)
[2025-12-21T15:46:54.745+0000] {subprocess.py:93} INFO - 	at org.apache.spark.sql.catalyst.trees.UnaryLike.mapChildren$(TreeNode.scala:1214)
[2025-12-21T15:46:54.745+0000] {subprocess.py:93} INFO - 	at org.apache.spark.sql.catalyst.plans.logical.Aggregate.mapChildren(basicLogicalOperators.scala:1151)
[2025-12-21T15:46:54.745+0000] {subprocess.py:93} INFO - 	at org.apache.spark.sql.catalyst.trees.TreeNode.transformDownWithPruning(TreeNode.scala:466)
[2025-12-21T15:46:54.746+0000] {subprocess.py:93} INFO - 	at org.apache.spark.sql.catalyst.plans.logical.LogicalPlan.org$apache$spark$sql$catalyst$plans$logical$AnalysisHelper$$super$transformDownWithPruning(LogicalPlan.scala:32)
[2025-12-21T15:46:54.746+0000] {subprocess.py:93} INFO - 	at org.apache.spark.sql.catalyst.plans.logical.AnalysisHelper.transformDownWithPruning(AnalysisHelper.scala:267)
[2025-12-21T15:46:54.746+0000] {subprocess.py:93} INFO - 	at org.apache.spark.sql.catalyst.plans.logical.AnalysisHelper.transformDownWithPruning$(AnalysisHelper.scala:263)
[2025-12-21T15:46:54.746+0000] {subprocess.py:93} INFO - 	at org.apache.spark.sql.catalyst.plans.logical.LogicalPlan.transformDownWithPruning(LogicalPlan.scala:32)
[2025-12-21T15:46:54.746+0000] {subprocess.py:93} INFO - 	at org.apache.spark.sql.catalyst.plans.logical.LogicalPlan.transformDownWithPruning(LogicalPlan.scala:32)
[2025-12-21T15:46:54.746+0000] {subprocess.py:93} INFO - 	at org.apache.spark.sql.catalyst.trees.TreeNode.transformDown(TreeNode.scala:437)
[2025-12-21T15:46:54.746+0000] {subprocess.py:93} INFO - 	at org.apache.spark.sql.catalyst.trees.TreeNode.transform(TreeNode.scala:405)
[2025-12-21T15:46:54.746+0000] {subprocess.py:93} INFO - 	at org.apache.spark.sql.execution.datasources.v2.V2ScanRelationPushDown$.createScanBuilder(V2ScanRelationPushDown.scala:56)
[2025-12-21T15:46:54.746+0000] {subprocess.py:93} INFO - 	at org.apache.spark.sql.execution.datasources.v2.V2ScanRelationPushDown$.$anonfun$apply$1(V2ScanRelationPushDown.scala:43)
[2025-12-21T15:46:54.746+0000] {subprocess.py:93} INFO - 	at org.apache.spark.sql.execution.datasources.v2.V2ScanRelationPushDown$.$anonfun$apply$8(V2ScanRelationPushDown.scala:52)
[2025-12-21T15:46:54.749+0000] {subprocess.py:93} INFO - 	at scala.collection.LinearSeqOptimized.foldLeft(LinearSeqOptimized.scala:126)
[2025-12-21T15:46:54.749+0000] {subprocess.py:93} INFO - 	at scala.collection.LinearSeqOptimized.foldLeft$(LinearSeqOptimized.scala:122)
[2025-12-21T15:46:54.749+0000] {subprocess.py:93} INFO - 	at scala.collection.immutable.List.foldLeft(List.scala:91)
[2025-12-21T15:46:54.749+0000] {subprocess.py:93} INFO - 	at org.apache.spark.sql.execution.datasources.v2.V2ScanRelationPushDown$.apply(V2ScanRelationPushDown.scala:51)
[2025-12-21T15:46:54.750+0000] {subprocess.py:93} INFO - 	at org.apache.spark.sql.execution.datasources.v2.V2ScanRelationPushDown$.apply(V2ScanRelationPushDown.scala:38)
[2025-12-21T15:46:54.750+0000] {subprocess.py:93} INFO - 	at org.apache.spark.sql.catalyst.rules.RuleExecutor.$anonfun$execute$2(RuleExecutor.scala:222)
[2025-12-21T15:46:54.750+0000] {subprocess.py:93} INFO - 	at scala.collection.LinearSeqOptimized.foldLeft(LinearSeqOptimized.scala:126)
[2025-12-21T15:46:54.750+0000] {subprocess.py:93} INFO - 	at scala.collection.LinearSeqOptimized.foldLeft$(LinearSeqOptimized.scala:122)
[2025-12-21T15:46:54.750+0000] {subprocess.py:93} INFO - 	at scala.collection.immutable.List.foldLeft(List.scala:91)
[2025-12-21T15:46:54.750+0000] {subprocess.py:93} INFO - 	at org.apache.spark.sql.catalyst.rules.RuleExecutor.$anonfun$execute$1(RuleExecutor.scala:219)
[2025-12-21T15:46:54.750+0000] {subprocess.py:93} INFO - 	at org.apache.spark.sql.catalyst.rules.RuleExecutor.$anonfun$execute$1$adapted(RuleExecutor.scala:211)
[2025-12-21T15:46:54.750+0000] {subprocess.py:93} INFO - 	at scala.collection.immutable.List.foreach(List.scala:431)
[2025-12-21T15:46:54.750+0000] {subprocess.py:93} INFO - 	at org.apache.spark.sql.catalyst.rules.RuleExecutor.execute(RuleExecutor.scala:211)
[2025-12-21T15:46:54.750+0000] {subprocess.py:93} INFO - 	at org.apache.spark.sql.catalyst.rules.RuleExecutor.$anonfun$executeAndTrack$1(RuleExecutor.scala:182)
[2025-12-21T15:46:54.751+0000] {subprocess.py:93} INFO - 	at org.apache.spark.sql.catalyst.QueryPlanningTracker$.withTracker(QueryPlanningTracker.scala:89)
[2025-12-21T15:46:54.751+0000] {subprocess.py:93} INFO - 	at org.apache.spark.sql.catalyst.rules.RuleExecutor.executeAndTrack(RuleExecutor.scala:182)
[2025-12-21T15:46:54.751+0000] {subprocess.py:93} INFO - 	at org.apache.spark.sql.execution.QueryExecution.$anonfun$optimizedPlan$1(QueryExecution.scala:152)
[2025-12-21T15:46:54.751+0000] {subprocess.py:93} INFO - 	at org.apache.spark.sql.catalyst.QueryPlanningTracker.measurePhase(QueryPlanningTracker.scala:138)
[2025-12-21T15:46:54.751+0000] {subprocess.py:93} INFO - 	at org.apache.spark.sql.execution.QueryExecution.$anonfun$executePhase$2(QueryExecution.scala:219)
[2025-12-21T15:46:54.751+0000] {subprocess.py:93} INFO - 	at org.apache.spark.sql.execution.QueryExecution$.withInternalError(QueryExecution.scala:546)
[2025-12-21T15:46:54.751+0000] {subprocess.py:93} INFO - 	at org.apache.spark.sql.execution.QueryExecution.$anonfun$executePhase$1(QueryExecution.scala:219)
[2025-12-21T15:46:54.751+0000] {subprocess.py:93} INFO - 	at org.apache.spark.sql.SparkSession.withActive(SparkSession.scala:900)
[2025-12-21T15:46:54.755+0000] {subprocess.py:93} INFO - 	at org.apache.spark.sql.execution.QueryExecution.executePhase(QueryExecution.scala:218)
[2025-12-21T15:46:54.755+0000] {subprocess.py:93} INFO - 	at org.apache.spark.sql.execution.QueryExecution.optimizedPlan$lzycompute(QueryExecution.scala:148)
[2025-12-21T15:46:54.755+0000] {subprocess.py:93} INFO - 	at org.apache.spark.sql.execution.QueryExecution.optimizedPlan(QueryExecution.scala:144)
[2025-12-21T15:46:54.755+0000] {subprocess.py:93} INFO - 	at org.apache.spark.sql.execution.QueryExecution.assertOptimized(QueryExecution.scala:162)
[2025-12-21T15:46:54.756+0000] {subprocess.py:93} INFO - 	at org.apache.spark.sql.execution.QueryExecution.executedPlan$lzycompute(QueryExecution.scala:182)
[2025-12-21T15:46:54.756+0000] {subprocess.py:93} INFO - 	at org.apache.spark.sql.execution.QueryExecution.executedPlan(QueryExecution.scala:179)
[2025-12-21T15:46:54.756+0000] {subprocess.py:93} INFO - 	at org.apache.spark.sql.execution.QueryExecution.simpleString(QueryExecution.scala:238)
[2025-12-21T15:46:54.756+0000] {subprocess.py:93} INFO - 	at org.apache.spark.sql.execution.QueryExecution.org$apache$spark$sql$execution$QueryExecution$$explainString(QueryExecution.scala:284)
[2025-12-21T15:46:54.756+0000] {subprocess.py:93} INFO - 	at org.apache.spark.sql.execution.QueryExecution.explainString(QueryExecution.scala:252)
[2025-12-21T15:46:54.756+0000] {subprocess.py:93} INFO - 	at org.apache.spark.sql.execution.SQLExecution$.$anonfun$withNewExecutionId$6(SQLExecution.scala:117)
[2025-12-21T15:46:54.756+0000] {subprocess.py:93} INFO - 	at org.apache.spark.sql.execution.SQLExecution$.withSQLConfPropagated(SQLExecution.scala:201)
[2025-12-21T15:46:54.756+0000] {subprocess.py:93} INFO - 	at org.apache.spark.sql.execution.SQLExecution$.$anonfun$withNewExecutionId$1(SQLExecution.scala:108)
[2025-12-21T15:46:54.756+0000] {subprocess.py:93} INFO - 	at org.apache.spark.sql.SparkSession.withActive(SparkSession.scala:900)
[2025-12-21T15:46:54.756+0000] {subprocess.py:93} INFO - 	at org.apache.spark.sql.execution.SQLExecution$.withNewExecutionId(SQLExecution.scala:66)
[2025-12-21T15:46:54.758+0000] {subprocess.py:93} INFO - 	at org.apache.spark.sql.Dataset.withAction(Dataset.scala:4320)
[2025-12-21T15:46:54.758+0000] {subprocess.py:93} INFO - 	at org.apache.spark.sql.Dataset.count(Dataset.scala:3613)
[2025-12-21T15:46:54.758+0000] {subprocess.py:93} INFO - 	at java.base/jdk.internal.reflect.NativeMethodAccessorImpl.invoke0(Native Method)
[2025-12-21T15:46:54.758+0000] {subprocess.py:93} INFO - 	at java.base/jdk.internal.reflect.NativeMethodAccessorImpl.invoke(NativeMethodAccessorImpl.java:77)
[2025-12-21T15:46:54.759+0000] {subprocess.py:93} INFO - 	at java.base/jdk.internal.reflect.DelegatingMethodAccessorImpl.invoke(DelegatingMethodAccessorImpl.java:43)
[2025-12-21T15:46:54.759+0000] {subprocess.py:93} INFO - 	at java.base/java.lang.reflect.Method.invoke(Method.java:569)
[2025-12-21T15:46:54.759+0000] {subprocess.py:93} INFO - 	at py4j.reflection.MethodInvoker.invoke(MethodInvoker.java:244)
[2025-12-21T15:46:54.760+0000] {subprocess.py:93} INFO - 	at py4j.reflection.ReflectionEngine.invoke(ReflectionEngine.java:374)
[2025-12-21T15:46:54.761+0000] {subprocess.py:93} INFO - 	at py4j.Gateway.invoke(Gateway.java:282)
[2025-12-21T15:46:54.761+0000] {subprocess.py:93} INFO - 	at py4j.commands.AbstractCommand.invokeMethod(AbstractCommand.java:132)
[2025-12-21T15:46:54.761+0000] {subprocess.py:93} INFO - 	at py4j.commands.CallCommand.execute(CallCommand.java:79)
[2025-12-21T15:46:54.761+0000] {subprocess.py:93} INFO - 	at py4j.ClientServerConnection.waitForCommands(ClientServerConnection.java:182)
[2025-12-21T15:46:54.761+0000] {subprocess.py:93} INFO - 	at py4j.ClientServerConnection.run(ClientServerConnection.java:106)
[2025-12-21T15:46:54.761+0000] {subprocess.py:93} INFO - 	at java.base/java.lang.Thread.run(Thread.java:840)
[2025-12-21T15:46:54.761+0000] {subprocess.py:93} INFO - 
[2025-12-21T15:46:54.824+0000] {subprocess.py:93} INFO - 25/12/21 15:46:54 INFO SparkContext: Invoking stop() from shutdown hook
[2025-12-21T15:46:54.825+0000] {subprocess.py:93} INFO - 25/12/21 15:46:54 INFO SparkContext: SparkContext is stopping with exitCode 0.
[2025-12-21T15:46:54.841+0000] {subprocess.py:93} INFO - 25/12/21 15:46:54 INFO SparkUI: Stopped Spark web UI at http://ece4de611570:4040
[2025-12-21T15:46:54.846+0000] {subprocess.py:93} INFO - 25/12/21 15:46:54 INFO StandaloneSchedulerBackend: Shutting down all executors
[2025-12-21T15:46:54.852+0000] {subprocess.py:93} INFO - 25/12/21 15:46:54 INFO StandaloneSchedulerBackend$StandaloneDriverEndpoint: Asking each executor to shut down
[2025-12-21T15:46:54.870+0000] {subprocess.py:93} INFO - 25/12/21 15:46:54 ERROR TransportRequestHandler: Error while invoking RpcHandler#receive() for one-way message.
[2025-12-21T15:46:54.875+0000] {subprocess.py:93} INFO - org.apache.spark.SparkException: Could not find CoarseGrainedScheduler.
[2025-12-21T15:46:54.875+0000] {subprocess.py:93} INFO - 	at org.apache.spark.rpc.netty.Dispatcher.postMessage(Dispatcher.scala:178)
[2025-12-21T15:46:54.875+0000] {subprocess.py:93} INFO - 	at org.apache.spark.rpc.netty.Dispatcher.postOneWayMessage(Dispatcher.scala:150)
[2025-12-21T15:46:54.875+0000] {subprocess.py:93} INFO - 	at org.apache.spark.rpc.netty.NettyRpcHandler.receive(NettyRpcEnv.scala:690)
[2025-12-21T15:46:54.875+0000] {subprocess.py:93} INFO - 	at org.apache.spark.network.server.TransportRequestHandler.processOneWayMessage(TransportRequestHandler.java:274)
[2025-12-21T15:46:54.881+0000] {subprocess.py:93} INFO - 	at org.apache.spark.network.server.TransportRequestHandler.handle(TransportRequestHandler.java:111)
[2025-12-21T15:46:54.884+0000] {subprocess.py:93} INFO - 	at org.apache.spark.network.server.TransportChannelHandler.channelRead0(TransportChannelHandler.java:140)
[2025-12-21T15:46:54.884+0000] {subprocess.py:93} INFO - 	at org.apache.spark.network.server.TransportChannelHandler.channelRead0(TransportChannelHandler.java:53)
[2025-12-21T15:46:54.885+0000] {subprocess.py:93} INFO - 	at io.netty.channel.SimpleChannelInboundHandler.channelRead(SimpleChannelInboundHandler.java:99)
[2025-12-21T15:46:54.885+0000] {subprocess.py:93} INFO - 	at io.netty.channel.AbstractChannelHandlerContext.invokeChannelRead(AbstractChannelHandlerContext.java:444)
[2025-12-21T15:46:54.885+0000] {subprocess.py:93} INFO - 	at io.netty.channel.AbstractChannelHandlerContext.invokeChannelRead(AbstractChannelHandlerContext.java:420)
[2025-12-21T15:46:54.885+0000] {subprocess.py:93} INFO - 	at io.netty.channel.AbstractChannelHandlerContext.fireChannelRead(AbstractChannelHandlerContext.java:412)
[2025-12-21T15:46:54.885+0000] {subprocess.py:93} INFO - 	at io.netty.handler.timeout.IdleStateHandler.channelRead(IdleStateHandler.java:286)
[2025-12-21T15:46:54.885+0000] {subprocess.py:93} INFO - 	at io.netty.channel.AbstractChannelHandlerContext.invokeChannelRead(AbstractChannelHandlerContext.java:442)
[2025-12-21T15:46:54.889+0000] {subprocess.py:93} INFO - 	at io.netty.channel.AbstractChannelHandlerContext.invokeChannelRead(AbstractChannelHandlerContext.java:420)
[2025-12-21T15:46:54.897+0000] {subprocess.py:93} INFO - 	at io.netty.channel.AbstractChannelHandlerContext.fireChannelRead(AbstractChannelHandlerContext.java:412)
[2025-12-21T15:46:54.900+0000] {subprocess.py:93} INFO - 	at io.netty.handler.codec.MessageToMessageDecoder.channelRead(MessageToMessageDecoder.java:103)
[2025-12-21T15:46:54.902+0000] {subprocess.py:93} INFO - 	at io.netty.channel.AbstractChannelHandlerContext.invokeChannelRead(AbstractChannelHandlerContext.java:444)
[2025-12-21T15:46:54.903+0000] {subprocess.py:93} INFO - 	at io.netty.channel.AbstractChannelHandlerContext.invokeChannelRead(AbstractChannelHandlerContext.java:420)
[2025-12-21T15:46:54.903+0000] {subprocess.py:93} INFO - 	at io.netty.channel.AbstractChannelHandlerContext.fireChannelRead(AbstractChannelHandlerContext.java:412)
[2025-12-21T15:46:54.904+0000] {subprocess.py:93} INFO - 	at org.apache.spark.network.util.TransportFrameDecoder.channelRead(TransportFrameDecoder.java:102)
[2025-12-21T15:46:54.905+0000] {subprocess.py:93} INFO - 	at io.netty.channel.AbstractChannelHandlerContext.invokeChannelRead(AbstractChannelHandlerContext.java:444)
[2025-12-21T15:46:54.906+0000] {subprocess.py:93} INFO - 	at io.netty.channel.AbstractChannelHandlerContext.invokeChannelRead(AbstractChannelHandlerContext.java:420)
[2025-12-21T15:46:54.907+0000] {subprocess.py:93} INFO - 	at io.netty.channel.AbstractChannelHandlerContext.fireChannelRead(AbstractChannelHandlerContext.java:412)
[2025-12-21T15:46:54.907+0000] {subprocess.py:93} INFO - 	at io.netty.channel.DefaultChannelPipeline$HeadContext.channelRead(DefaultChannelPipeline.java:1410)
[2025-12-21T15:46:54.908+0000] {subprocess.py:93} INFO - 	at io.netty.channel.AbstractChannelHandlerContext.invokeChannelRead(AbstractChannelHandlerContext.java:440)
[2025-12-21T15:46:54.909+0000] {subprocess.py:93} INFO - 	at io.netty.channel.AbstractChannelHandlerContext.invokeChannelRead(AbstractChannelHandlerContext.java:420)
[2025-12-21T15:46:54.909+0000] {subprocess.py:93} INFO - 	at io.netty.channel.DefaultChannelPipeline.fireChannelRead(DefaultChannelPipeline.java:919)
[2025-12-21T15:46:54.909+0000] {subprocess.py:93} INFO - 	at io.netty.channel.nio.AbstractNioByteChannel$NioByteUnsafe.read(AbstractNioByteChannel.java:166)
[2025-12-21T15:46:54.909+0000] {subprocess.py:93} INFO - 	at io.netty.channel.nio.NioEventLoop.processSelectedKey(NioEventLoop.java:788)
[2025-12-21T15:46:54.909+0000] {subprocess.py:93} INFO - 	at io.netty.channel.nio.NioEventLoop.processSelectedKeysOptimized(NioEventLoop.java:724)
[2025-12-21T15:46:54.909+0000] {subprocess.py:93} INFO - 	at io.netty.channel.nio.NioEventLoop.processSelectedKeys(NioEventLoop.java:650)
[2025-12-21T15:46:54.910+0000] {subprocess.py:93} INFO - 	at io.netty.channel.nio.NioEventLoop.run(NioEventLoop.java:562)
[2025-12-21T15:46:54.910+0000] {subprocess.py:93} INFO - 	at io.netty.util.concurrent.SingleThreadEventExecutor$4.run(SingleThreadEventExecutor.java:997)
[2025-12-21T15:46:54.910+0000] {subprocess.py:93} INFO - 	at io.netty.util.internal.ThreadExecutorMap$2.run(ThreadExecutorMap.java:74)
[2025-12-21T15:46:54.910+0000] {subprocess.py:93} INFO - 	at io.netty.util.concurrent.FastThreadLocalRunnable.run(FastThreadLocalRunnable.java:30)
[2025-12-21T15:46:54.913+0000] {subprocess.py:93} INFO - 	at java.base/java.lang.Thread.run(Thread.java:840)
[2025-12-21T15:46:54.914+0000] {subprocess.py:93} INFO - 25/12/21 15:46:54 INFO MapOutputTrackerMasterEndpoint: MapOutputTrackerMasterEndpoint stopped!
[2025-12-21T15:46:54.929+0000] {subprocess.py:93} INFO - 25/12/21 15:46:54 INFO MemoryStore: MemoryStore cleared
[2025-12-21T15:46:54.929+0000] {subprocess.py:93} INFO - 25/12/21 15:46:54 INFO BlockManager: BlockManager stopped
[2025-12-21T15:46:54.964+0000] {subprocess.py:93} INFO - 25/12/21 15:46:54 INFO BlockManagerMaster: BlockManagerMaster stopped
[2025-12-21T15:46:54.974+0000] {subprocess.py:93} INFO - 25/12/21 15:46:54 INFO OutputCommitCoordinator$OutputCommitCoordinatorEndpoint: OutputCommitCoordinator stopped!
[2025-12-21T15:46:54.993+0000] {subprocess.py:93} INFO - 25/12/21 15:46:54 INFO SparkContext: Successfully stopped SparkContext
[2025-12-21T15:46:54.994+0000] {subprocess.py:93} INFO - 25/12/21 15:46:54 INFO ShutdownHookManager: Shutdown hook called
[2025-12-21T15:46:54.996+0000] {subprocess.py:93} INFO - 25/12/21 15:46:54 INFO ShutdownHookManager: Deleting directory /tmp/spark-3b63c0ef-a4e9-48e9-852c-506fcaecef3b
[2025-12-21T15:46:55.000+0000] {subprocess.py:93} INFO - 25/12/21 15:46:54 INFO ShutdownHookManager: Deleting directory /tmp/spark-3db12489-f141-4863-b0c8-a5aead8d7e4f
[2025-12-21T15:46:55.006+0000] {subprocess.py:93} INFO - 25/12/21 15:46:55 INFO ShutdownHookManager: Deleting directory /tmp/spark-3db12489-f141-4863-b0c8-a5aead8d7e4f/pyspark-602f8fb1-c8eb-4393-99b2-b7d4b344f33a
[2025-12-21T15:46:55.418+0000] {subprocess.py:97} INFO - Command exited with return code 1
[2025-12-21T15:46:55.473+0000] {taskinstance.py:2699} ERROR - Task failed with exception
Traceback (most recent call last):
  File "/home/airflow/.local/lib/python3.10/site-packages/airflow/models/taskinstance.py", line 433, in _execute_task
    result = execute_callable(context=context, **execute_callable_kwargs)
  File "/home/airflow/.local/lib/python3.10/site-packages/airflow/operators/bash.py", line 212, in execute
    raise AirflowException(
airflow.exceptions.AirflowException: Bash command failed. The command returned a non-zero exit code 1.
[2025-12-21T15:46:55.487+0000] {taskinstance.py:1138} INFO - Marking task as UP_FOR_RETRY. dag_id=pipeline_services_publics_togo, task_id=ingestion_mongodb, execution_date=20251221T154622, start_date=20251221T154629, end_date=20251221T154655
[2025-12-21T15:46:55.526+0000] {standard_task_runner.py:107} ERROR - Failed to execute job 18 for task ingestion_mongodb (Bash command failed. The command returned a non-zero exit code 1.; 206)
[2025-12-21T15:46:55.576+0000] {local_task_job_runner.py:234} INFO - Task exited with return code 1
[2025-12-21T15:46:55.658+0000] {taskinstance.py:3281} INFO - 0 downstream tasks scheduled from follow-on schedule check
