[2025-12-21T15:51:56.131+0000] {taskinstance.py:1957} INFO - Dependencies all met for dep_context=non-requeueable deps ti=<TaskInstance: pipeline_services_publics_togo.ingestion_mongodb manual__2025-12-21T15:46:22.304937+00:00 [queued]>
[2025-12-21T15:51:56.146+0000] {taskinstance.py:1957} INFO - Dependencies all met for dep_context=requeueable deps ti=<TaskInstance: pipeline_services_publics_togo.ingestion_mongodb manual__2025-12-21T15:46:22.304937+00:00 [queued]>
[2025-12-21T15:51:56.147+0000] {taskinstance.py:2171} INFO - Starting attempt 2 of 3
[2025-12-21T15:51:56.163+0000] {taskinstance.py:2192} INFO - Executing <Task(BashOperator): ingestion_mongodb> on 2025-12-21 15:46:22.304937+00:00
[2025-12-21T15:51:56.168+0000] {standard_task_runner.py:60} INFO - Started process 414 to run task
[2025-12-21T15:51:56.172+0000] {standard_task_runner.py:87} INFO - Running: ['***', 'tasks', 'run', 'pipeline_services_publics_togo', 'ingestion_mongodb', 'manual__2025-12-21T15:46:22.304937+00:00', '--job-id', '19', '--raw', '--subdir', 'DAGS_FOLDER/pipeline_services_publics.py', '--cfg-path', '/tmp/tmpujyy7o2q']
[2025-12-21T15:51:56.174+0000] {standard_task_runner.py:88} INFO - Job 19: Subtask ingestion_mongodb
[2025-12-21T15:51:56.236+0000] {task_command.py:423} INFO - Running <TaskInstance: pipeline_services_publics_togo.ingestion_mongodb manual__2025-12-21T15:46:22.304937+00:00 [running]> on host ece4de611570
[2025-12-21T15:51:56.338+0000] {taskinstance.py:2481} INFO - Exporting env vars: AIRFLOW_CTX_DAG_OWNER='data-engineer' AIRFLOW_CTX_DAG_ID='pipeline_services_publics_togo' AIRFLOW_CTX_TASK_ID='ingestion_mongodb' AIRFLOW_CTX_EXECUTION_DATE='2025-12-21T15:46:22.304937+00:00' AIRFLOW_CTX_TRY_NUMBER='2' AIRFLOW_CTX_DAG_RUN_ID='manual__2025-12-21T15:46:22.304937+00:00'
[2025-12-21T15:51:56.339+0000] {subprocess.py:63} INFO - Tmp dir root location: /tmp
[2025-12-21T15:51:56.339+0000] {subprocess.py:75} INFO - Running command: ['/usr/bin/bash', '-c', '\n    /opt/spark/bin/spark-submit       --master spark://spark-master:7077       --packages org.mongodb.spark:mongo-spark-connector_2.12:10.2.0       --executor-memory 2G       --driver-memory 1G       /opt/***/spark_jobs/ingestion.py\n    ']
[2025-12-21T15:51:56.353+0000] {subprocess.py:86} INFO - Output:
[2025-12-21T15:51:58.180+0000] {subprocess.py:93} INFO - :: loading settings :: url = jar:file:/opt/spark/jars/ivy-2.5.1.jar!/org/apache/ivy/core/settings/ivysettings.xml
[2025-12-21T15:51:58.368+0000] {subprocess.py:93} INFO - Ivy Default Cache set to: /home/***/.ivy2/cache
[2025-12-21T15:51:58.369+0000] {subprocess.py:93} INFO - The jars for the packages stored in: /home/***/.ivy2/jars
[2025-12-21T15:51:58.376+0000] {subprocess.py:93} INFO - org.mongodb.spark#mongo-spark-connector_2.12 added as a dependency
[2025-12-21T15:51:58.377+0000] {subprocess.py:93} INFO - :: resolving dependencies :: org.apache.spark#spark-submit-parent-e108b777-f5a9-4f95-9684-12c7d792070a;1.0
[2025-12-21T15:51:58.378+0000] {subprocess.py:93} INFO - 	confs: [default]
[2025-12-21T15:51:58.523+0000] {subprocess.py:93} INFO - 	found org.mongodb.spark#mongo-spark-connector_2.12;10.2.0 in central
[2025-12-21T15:52:02.916+0000] {subprocess.py:93} INFO - 	found org.mongodb#mongodb-driver-sync;4.8.2 in central
[2025-12-21T15:52:02.918+0000] {subprocess.py:93} INFO - 	[4.8.2] org.mongodb#mongodb-driver-sync;[4.8.1,4.8.99)
[2025-12-21T15:52:03.020+0000] {subprocess.py:93} INFO - 	found org.mongodb#bson;4.8.2 in central
[2025-12-21T15:52:03.167+0000] {subprocess.py:93} INFO - 	found org.mongodb#mongodb-driver-core;4.8.2 in central
[2025-12-21T15:52:03.212+0000] {subprocess.py:93} INFO - 	found org.mongodb#bson-record-codec;4.8.2 in central
[2025-12-21T15:52:03.253+0000] {subprocess.py:93} INFO - :: resolution report :: resolve 4859ms :: artifacts dl 16ms
[2025-12-21T15:52:03.255+0000] {subprocess.py:93} INFO - 	:: modules in use:
[2025-12-21T15:52:03.255+0000] {subprocess.py:93} INFO - 	org.mongodb#bson;4.8.2 from central in [default]
[2025-12-21T15:52:03.256+0000] {subprocess.py:93} INFO - 	org.mongodb#bson-record-codec;4.8.2 from central in [default]
[2025-12-21T15:52:03.256+0000] {subprocess.py:93} INFO - 	org.mongodb#mongodb-driver-core;4.8.2 from central in [default]
[2025-12-21T15:52:03.256+0000] {subprocess.py:93} INFO - 	org.mongodb#mongodb-driver-sync;4.8.2 from central in [default]
[2025-12-21T15:52:03.256+0000] {subprocess.py:93} INFO - 	org.mongodb.spark#mongo-spark-connector_2.12;10.2.0 from central in [default]
[2025-12-21T15:52:03.256+0000] {subprocess.py:93} INFO - 	---------------------------------------------------------------------
[2025-12-21T15:52:03.256+0000] {subprocess.py:93} INFO - 	|                  |            modules            ||   artifacts   |
[2025-12-21T15:52:03.256+0000] {subprocess.py:93} INFO - 	|       conf       | number| search|dwnlded|evicted|| number|dwnlded|
[2025-12-21T15:52:03.256+0000] {subprocess.py:93} INFO - 	---------------------------------------------------------------------
[2025-12-21T15:52:03.256+0000] {subprocess.py:93} INFO - 	|      default     |   5   |   1   |   0   |   0   ||   5   |   0   |
[2025-12-21T15:52:03.261+0000] {subprocess.py:93} INFO - 	---------------------------------------------------------------------
[2025-12-21T15:52:03.262+0000] {subprocess.py:93} INFO - :: retrieving :: org.apache.spark#spark-submit-parent-e108b777-f5a9-4f95-9684-12c7d792070a
[2025-12-21T15:52:03.263+0000] {subprocess.py:93} INFO - 	confs: [default]
[2025-12-21T15:52:03.266+0000] {subprocess.py:93} INFO - 	0 artifacts copied, 5 already retrieved (0kB/6ms)
[2025-12-21T15:52:03.461+0000] {subprocess.py:93} INFO - 25/12/21 15:52:03 WARN NativeCodeLoader: Unable to load native-hadoop library for your platform... using builtin-java classes where applicable
[2025-12-21T15:52:04.403+0000] {subprocess.py:93} INFO - 25/12/21 15:52:04 INFO SparkContext: Running Spark version 3.5.1
[2025-12-21T15:52:04.405+0000] {subprocess.py:93} INFO - 25/12/21 15:52:04 INFO SparkContext: OS info Linux, 6.8.0-90-generic, amd64
[2025-12-21T15:52:04.406+0000] {subprocess.py:93} INFO - 25/12/21 15:52:04 INFO SparkContext: Java version 17.0.17
[2025-12-21T15:52:04.451+0000] {subprocess.py:93} INFO - 25/12/21 15:52:04 INFO ResourceUtils: ==============================================================
[2025-12-21T15:52:04.451+0000] {subprocess.py:93} INFO - 25/12/21 15:52:04 INFO ResourceUtils: No custom resources configured for spark.driver.
[2025-12-21T15:52:04.451+0000] {subprocess.py:93} INFO - 25/12/21 15:52:04 INFO ResourceUtils: ==============================================================
[2025-12-21T15:52:04.452+0000] {subprocess.py:93} INFO - 25/12/21 15:52:04 INFO SparkContext: Submitted application: Ingestion_MongoDB_Raw
[2025-12-21T15:52:04.492+0000] {subprocess.py:93} INFO - 25/12/21 15:52:04 INFO ResourceProfile: Default ResourceProfile created, executor resources: Map(memory -> name: memory, amount: 2048, script: , vendor: , offHeap -> name: offHeap, amount: 0, script: , vendor: ), task resources: Map(cpus -> name: cpus, amount: 1.0)
[2025-12-21T15:52:04.507+0000] {subprocess.py:93} INFO - 25/12/21 15:52:04 INFO ResourceProfile: Limiting resource is cpu
[2025-12-21T15:52:04.508+0000] {subprocess.py:93} INFO - 25/12/21 15:52:04 INFO ResourceProfileManager: Added ResourceProfile id: 0
[2025-12-21T15:52:04.642+0000] {subprocess.py:93} INFO - 25/12/21 15:52:04 INFO SecurityManager: Changing view acls to: ***
[2025-12-21T15:52:04.643+0000] {subprocess.py:93} INFO - 25/12/21 15:52:04 INFO SecurityManager: Changing modify acls to: ***
[2025-12-21T15:52:04.648+0000] {subprocess.py:93} INFO - 25/12/21 15:52:04 INFO SecurityManager: Changing view acls groups to:
[2025-12-21T15:52:04.649+0000] {subprocess.py:93} INFO - 25/12/21 15:52:04 INFO SecurityManager: Changing modify acls groups to:
[2025-12-21T15:52:04.651+0000] {subprocess.py:93} INFO - 25/12/21 15:52:04 INFO SecurityManager: SecurityManager: authentication disabled; ui acls disabled; users with view permissions: ***; groups with view permissions: EMPTY; users with modify permissions: ***; groups with modify permissions: EMPTY
[2025-12-21T15:52:04.880+0000] {subprocess.py:93} INFO - 25/12/21 15:52:04 INFO Utils: Successfully started service 'sparkDriver' on port 41455.
[2025-12-21T15:52:04.902+0000] {subprocess.py:93} INFO - 25/12/21 15:52:04 INFO SparkEnv: Registering MapOutputTracker
[2025-12-21T15:52:04.934+0000] {subprocess.py:93} INFO - 25/12/21 15:52:04 INFO SparkEnv: Registering BlockManagerMaster
[2025-12-21T15:52:04.951+0000] {subprocess.py:93} INFO - 25/12/21 15:52:04 INFO BlockManagerMasterEndpoint: Using org.apache.spark.storage.DefaultTopologyMapper for getting topology information
[2025-12-21T15:52:04.951+0000] {subprocess.py:93} INFO - 25/12/21 15:52:04 INFO BlockManagerMasterEndpoint: BlockManagerMasterEndpoint up
[2025-12-21T15:52:04.954+0000] {subprocess.py:93} INFO - 25/12/21 15:52:04 INFO SparkEnv: Registering BlockManagerMasterHeartbeat
[2025-12-21T15:52:04.973+0000] {subprocess.py:93} INFO - 25/12/21 15:52:04 INFO DiskBlockManager: Created local directory at /tmp/blockmgr-28ec1207-cc75-4466-b9be-c1d8d563a3ea
[2025-12-21T15:52:04.986+0000] {subprocess.py:93} INFO - 25/12/21 15:52:04 INFO MemoryStore: MemoryStore started with capacity 434.4 MiB
[2025-12-21T15:52:05.001+0000] {subprocess.py:93} INFO - 25/12/21 15:52:05 INFO SparkEnv: Registering OutputCommitCoordinator
[2025-12-21T15:52:05.111+0000] {subprocess.py:93} INFO - 25/12/21 15:52:05 INFO JettyUtils: Start Jetty 0.0.0.0:4040 for SparkUI
[2025-12-21T15:52:05.165+0000] {subprocess.py:93} INFO - 25/12/21 15:52:05 INFO Utils: Successfully started service 'SparkUI' on port 4040.
[2025-12-21T15:52:05.210+0000] {subprocess.py:93} INFO - 25/12/21 15:52:05 INFO SparkContext: Added JAR file:///home/***/.ivy2/jars/org.mongodb.spark_mongo-spark-connector_2.12-10.2.0.jar at spark://ece4de611570:41455/jars/org.mongodb.spark_mongo-spark-connector_2.12-10.2.0.jar with timestamp 1766332324394
[2025-12-21T15:52:05.211+0000] {subprocess.py:93} INFO - 25/12/21 15:52:05 INFO SparkContext: Added JAR file:///home/***/.ivy2/jars/org.mongodb_mongodb-driver-sync-4.8.2.jar at spark://ece4de611570:41455/jars/org.mongodb_mongodb-driver-sync-4.8.2.jar with timestamp 1766332324394
[2025-12-21T15:52:05.211+0000] {subprocess.py:93} INFO - 25/12/21 15:52:05 INFO SparkContext: Added JAR file:///home/***/.ivy2/jars/org.mongodb_bson-4.8.2.jar at spark://ece4de611570:41455/jars/org.mongodb_bson-4.8.2.jar with timestamp 1766332324394
[2025-12-21T15:52:05.211+0000] {subprocess.py:93} INFO - 25/12/21 15:52:05 INFO SparkContext: Added JAR file:///home/***/.ivy2/jars/org.mongodb_mongodb-driver-core-4.8.2.jar at spark://ece4de611570:41455/jars/org.mongodb_mongodb-driver-core-4.8.2.jar with timestamp 1766332324394
[2025-12-21T15:52:05.212+0000] {subprocess.py:93} INFO - 25/12/21 15:52:05 INFO SparkContext: Added JAR file:///home/***/.ivy2/jars/org.mongodb_bson-record-codec-4.8.2.jar at spark://ece4de611570:41455/jars/org.mongodb_bson-record-codec-4.8.2.jar with timestamp 1766332324394
[2025-12-21T15:52:05.215+0000] {subprocess.py:93} INFO - 25/12/21 15:52:05 INFO SparkContext: Added file file:///home/***/.ivy2/jars/org.mongodb.spark_mongo-spark-connector_2.12-10.2.0.jar at spark://ece4de611570:41455/files/org.mongodb.spark_mongo-spark-connector_2.12-10.2.0.jar with timestamp 1766332324394
[2025-12-21T15:52:05.217+0000] {subprocess.py:93} INFO - 25/12/21 15:52:05 INFO Utils: Copying /home/***/.ivy2/jars/org.mongodb.spark_mongo-spark-connector_2.12-10.2.0.jar to /tmp/spark-8c4fc7af-52cf-4caa-a45c-86177a1d0b71/userFiles-65d5eb2e-29ed-4ca4-bb60-95b1e4825de8/org.mongodb.spark_mongo-spark-connector_2.12-10.2.0.jar
[2025-12-21T15:52:05.226+0000] {subprocess.py:93} INFO - 25/12/21 15:52:05 INFO SparkContext: Added file file:///home/***/.ivy2/jars/org.mongodb_mongodb-driver-sync-4.8.2.jar at spark://ece4de611570:41455/files/org.mongodb_mongodb-driver-sync-4.8.2.jar with timestamp 1766332324394
[2025-12-21T15:52:05.227+0000] {subprocess.py:93} INFO - 25/12/21 15:52:05 INFO Utils: Copying /home/***/.ivy2/jars/org.mongodb_mongodb-driver-sync-4.8.2.jar to /tmp/spark-8c4fc7af-52cf-4caa-a45c-86177a1d0b71/userFiles-65d5eb2e-29ed-4ca4-bb60-95b1e4825de8/org.mongodb_mongodb-driver-sync-4.8.2.jar
[2025-12-21T15:52:05.232+0000] {subprocess.py:93} INFO - 25/12/21 15:52:05 INFO SparkContext: Added file file:///home/***/.ivy2/jars/org.mongodb_bson-4.8.2.jar at spark://ece4de611570:41455/files/org.mongodb_bson-4.8.2.jar with timestamp 1766332324394
[2025-12-21T15:52:05.232+0000] {subprocess.py:93} INFO - 25/12/21 15:52:05 INFO Utils: Copying /home/***/.ivy2/jars/org.mongodb_bson-4.8.2.jar to /tmp/spark-8c4fc7af-52cf-4caa-a45c-86177a1d0b71/userFiles-65d5eb2e-29ed-4ca4-bb60-95b1e4825de8/org.mongodb_bson-4.8.2.jar
[2025-12-21T15:52:05.237+0000] {subprocess.py:93} INFO - 25/12/21 15:52:05 INFO SparkContext: Added file file:///home/***/.ivy2/jars/org.mongodb_mongodb-driver-core-4.8.2.jar at spark://ece4de611570:41455/files/org.mongodb_mongodb-driver-core-4.8.2.jar with timestamp 1766332324394
[2025-12-21T15:52:05.238+0000] {subprocess.py:93} INFO - 25/12/21 15:52:05 INFO Utils: Copying /home/***/.ivy2/jars/org.mongodb_mongodb-driver-core-4.8.2.jar to /tmp/spark-8c4fc7af-52cf-4caa-a45c-86177a1d0b71/userFiles-65d5eb2e-29ed-4ca4-bb60-95b1e4825de8/org.mongodb_mongodb-driver-core-4.8.2.jar
[2025-12-21T15:52:05.245+0000] {subprocess.py:93} INFO - 25/12/21 15:52:05 INFO SparkContext: Added file file:///home/***/.ivy2/jars/org.mongodb_bson-record-codec-4.8.2.jar at spark://ece4de611570:41455/files/org.mongodb_bson-record-codec-4.8.2.jar with timestamp 1766332324394
[2025-12-21T15:52:05.245+0000] {subprocess.py:93} INFO - 25/12/21 15:52:05 INFO Utils: Copying /home/***/.ivy2/jars/org.mongodb_bson-record-codec-4.8.2.jar to /tmp/spark-8c4fc7af-52cf-4caa-a45c-86177a1d0b71/userFiles-65d5eb2e-29ed-4ca4-bb60-95b1e4825de8/org.mongodb_bson-record-codec-4.8.2.jar
[2025-12-21T15:52:05.319+0000] {subprocess.py:93} INFO - 25/12/21 15:52:05 INFO StandaloneAppClient$ClientEndpoint: Connecting to master spark://spark-master:7077...
[2025-12-21T15:52:05.360+0000] {subprocess.py:93} INFO - 25/12/21 15:52:05 INFO TransportClientFactory: Successfully created connection to spark-master/172.18.0.3:7077 after 25 ms (0 ms spent in bootstraps)
[2025-12-21T15:52:05.442+0000] {subprocess.py:93} INFO - 25/12/21 15:52:05 INFO StandaloneSchedulerBackend: Connected to Spark cluster with app ID app-20251221155205-0001
[2025-12-21T15:52:05.447+0000] {subprocess.py:93} INFO - 25/12/21 15:52:05 INFO StandaloneAppClient$ClientEndpoint: Executor added: app-20251221155205-0001/0 on worker-20251221154327-172.18.0.6-46533 (172.18.0.6:46533) with 2 core(s)
[2025-12-21T15:52:05.449+0000] {subprocess.py:93} INFO - 25/12/21 15:52:05 INFO StandaloneSchedulerBackend: Granted executor ID app-20251221155205-0001/0 on hostPort 172.18.0.6:46533 with 2 core(s), 2.0 GiB RAM
[2025-12-21T15:52:05.457+0000] {subprocess.py:93} INFO - 25/12/21 15:52:05 INFO Utils: Successfully started service 'org.apache.spark.network.netty.NettyBlockTransferService' on port 38723.
[2025-12-21T15:52:05.459+0000] {subprocess.py:93} INFO - 25/12/21 15:52:05 INFO NettyBlockTransferService: Server created on ece4de611570:38723
[2025-12-21T15:52:05.460+0000] {subprocess.py:93} INFO - 25/12/21 15:52:05 INFO BlockManager: Using org.apache.spark.storage.RandomBlockReplicationPolicy for block replication policy
[2025-12-21T15:52:05.468+0000] {subprocess.py:93} INFO - 25/12/21 15:52:05 INFO BlockManagerMaster: Registering BlockManager BlockManagerId(driver, ece4de611570, 38723, None)
[2025-12-21T15:52:05.472+0000] {subprocess.py:93} INFO - 25/12/21 15:52:05 INFO BlockManagerMasterEndpoint: Registering block manager ece4de611570:38723 with 434.4 MiB RAM, BlockManagerId(driver, ece4de611570, 38723, None)
[2025-12-21T15:52:05.475+0000] {subprocess.py:93} INFO - 25/12/21 15:52:05 INFO BlockManagerMaster: Registered BlockManager BlockManagerId(driver, ece4de611570, 38723, None)
[2025-12-21T15:52:05.477+0000] {subprocess.py:93} INFO - 25/12/21 15:52:05 INFO BlockManager: Initialized BlockManager: BlockManagerId(driver, ece4de611570, 38723, None)
[2025-12-21T15:52:05.502+0000] {subprocess.py:93} INFO - 25/12/21 15:52:05 INFO StandaloneAppClient$ClientEndpoint: Executor updated: app-20251221155205-0001/0 is now RUNNING
[2025-12-21T15:52:05.728+0000] {subprocess.py:93} INFO - 25/12/21 15:52:05 INFO StandaloneSchedulerBackend: SchedulerBackend is ready for scheduling beginning after reached minRegisteredResourcesRatio: 0.0
[2025-12-21T15:52:05.984+0000] {subprocess.py:93} INFO - 25/12/21 15:52:05 INFO SharedState: Setting hive.metastore.warehouse.dir ('null') to the value of spark.sql.warehouse.dir.
[2025-12-21T15:52:05.986+0000] {subprocess.py:93} INFO - 25/12/21 15:52:05 INFO SharedState: Warehouse path is 'file:/tmp/***tmph_afkte7/spark-warehouse'.
[2025-12-21T15:52:07.433+0000] {subprocess.py:93} INFO - 25/12/21 15:52:07 INFO client: MongoClient with metadata {"driver": {"name": "mongo-java-driver|sync|mongo-spark-connector|source", "version": "4.8.2|10.2.0"}, "os": {"type": "Linux", "name": "Linux", "architecture": "amd64", "version": "6.8.0-90-generic"}, "platform": "Java/Debian/17.0.17+10-Debian-1deb12u1|Scala/2.12.18/Spark/3.5.1"} created with settings MongoClientSettings{readPreference=primary, writeConcern=WriteConcern{w=null, wTimeout=null ms, journal=null}, retryWrites=true, retryReads=true, readConcern=ReadConcern{level=null}, credential=MongoCredential{mechanism=null, userName='admin', source='admin', password=<hidden>, mechanismProperties=<hidden>}, streamFactoryFactory=null, commandListeners=[], codecRegistry=ProvidersCodecRegistry{codecProviders=[ValueCodecProvider{}, BsonValueCodecProvider{}, DBRefCodecProvider{}, DBObjectCodecProvider{}, DocumentCodecProvider{}, CollectionCodecProvider{}, IterableCodecProvider{}, MapCodecProvider{}, GeoJsonCodecProvider{}, GridFSFileCodecProvider{}, Jsr310CodecProvider{}, JsonObjectCodecProvider{}, BsonCodecProvider{}, EnumCodecProvider{}, com.mongodb.Jep395RecordCodecProvider@6b404a9d]}, clusterSettings={hosts=[mongodb:27017], srvServiceName=mongodb, mode=SINGLE, requiredClusterType=UNKNOWN, requiredReplicaSetName='null', serverSelector='null', clusterListeners='[]', serverSelectionTimeout='30000 ms', localThreshold='30000 ms'}, socketSettings=SocketSettings{connectTimeoutMS=10000, readTimeoutMS=0, receiveBufferSize=0, sendBufferSize=0}, heartbeatSocketSettings=SocketSettings{connectTimeoutMS=10000, readTimeoutMS=10000, receiveBufferSize=0, sendBufferSize=0}, connectionPoolSettings=ConnectionPoolSettings{maxSize=100, minSize=0, maxWaitTimeMS=120000, maxConnectionLifeTimeMS=0, maxConnectionIdleTimeMS=0, maintenanceInitialDelayMS=0, maintenanceFrequencyMS=60000, connectionPoolListeners=[], maxConnecting=2}, serverSettings=ServerSettings{heartbeatFrequencyMS=10000, minHeartbeatFrequencyMS=500, serverListeners='[]', serverMonitorListeners='[]'}, sslSettings=SslSettings{enabled=false, invalidHostNameAllowed=false, context=null}, applicationName='null', compressorList=[], uuidRepresentation=UNSPECIFIED, serverApi=null, autoEncryptionSettings=null, contextProvider=null}
[2025-12-21T15:52:07.457+0000] {subprocess.py:93} INFO - 25/12/21 15:52:07 INFO cluster: Monitor thread successfully connected to server with description ServerDescription{address=mongodb:27017, type=STANDALONE, state=CONNECTED, ok=true, minWireVersion=0, maxWireVersion=21, maxDocumentSize=16777216, logicalSessionTimeoutMinutes=30, roundTripTimeNanos=47847136}
[2025-12-21T15:52:07.792+0000] {subprocess.py:93} INFO - 25/12/21 15:52:07 INFO MongoTable: Creating MongoTable: mongo-spark-connector-10.2.0
[2025-12-21T15:52:08.899+0000] {subprocess.py:93} INFO - Traceback (most recent call last):
[2025-12-21T15:52:08.901+0000] {subprocess.py:93} INFO -   File "/opt/***/spark_jobs/ingestion.py", line 24, in <module>
[2025-12-21T15:52:08.901+0000] {subprocess.py:93} INFO -     print(f"📥 Nombre de documents MongoDB : {df.count()}")
[2025-12-21T15:52:08.903+0000] {subprocess.py:93} INFO -   File "/opt/spark/python/lib/pyspark.zip/pyspark/sql/dataframe.py", line 1238, in count
[2025-12-21T15:52:08.903+0000] {subprocess.py:93} INFO -   File "/opt/spark/python/lib/py4j-0.10.9.7-src.zip/py4j/java_gateway.py", line 1322, in __call__
[2025-12-21T15:52:08.903+0000] {subprocess.py:93} INFO -   File "/opt/spark/python/lib/pyspark.zip/pyspark/errors/exceptions/captured.py", line 179, in deco
[2025-12-21T15:52:08.903+0000] {subprocess.py:93} INFO -   File "/opt/spark/python/lib/py4j-0.10.9.7-src.zip/py4j/protocol.py", line 326, in get_return_value
[2025-12-21T15:52:08.944+0000] {subprocess.py:93} INFO - py4j.protocol.Py4JJavaError: An error occurred while calling o37.count.
[2025-12-21T15:52:08.944+0000] {subprocess.py:93} INFO - : java.lang.NoSuchMethodError: 'org.apache.spark.sql.catalyst.encoders.ExpressionEncoder org.apache.spark.sql.catalyst.encoders.RowEncoder$.apply(org.apache.spark.sql.types.StructType)'
[2025-12-21T15:52:08.944+0000] {subprocess.py:93} INFO - 	at com.mongodb.spark.sql.connector.schema.InternalRowToRowFunction.<init>(InternalRowToRowFunction.java:44)
[2025-12-21T15:52:08.944+0000] {subprocess.py:93} INFO - 	at com.mongodb.spark.sql.connector.schema.RowToBsonDocumentConverter.<init>(RowToBsonDocumentConverter.java:84)
[2025-12-21T15:52:08.944+0000] {subprocess.py:93} INFO - 	at com.mongodb.spark.sql.connector.read.MongoScanBuilder.<clinit>(MongoScanBuilder.java:72)
[2025-12-21T15:52:08.944+0000] {subprocess.py:93} INFO - 	at com.mongodb.spark.sql.connector.MongoTable.newScanBuilder(MongoTable.java:121)
[2025-12-21T15:52:08.944+0000] {subprocess.py:93} INFO - 	at org.apache.spark.sql.execution.datasources.v2.V2ScanRelationPushDown$$anonfun$createScanBuilder$1.applyOrElse(V2ScanRelationPushDown.scala:58)
[2025-12-21T15:52:08.945+0000] {subprocess.py:93} INFO - 	at org.apache.spark.sql.execution.datasources.v2.V2ScanRelationPushDown$$anonfun$createScanBuilder$1.applyOrElse(V2ScanRelationPushDown.scala:56)
[2025-12-21T15:52:08.945+0000] {subprocess.py:93} INFO - 	at org.apache.spark.sql.catalyst.trees.TreeNode.$anonfun$transformDownWithPruning$1(TreeNode.scala:461)
[2025-12-21T15:52:08.945+0000] {subprocess.py:93} INFO - 	at org.apache.spark.sql.catalyst.trees.CurrentOrigin$.withOrigin(origin.scala:76)
[2025-12-21T15:52:08.945+0000] {subprocess.py:93} INFO - 	at org.apache.spark.sql.catalyst.trees.TreeNode.transformDownWithPruning(TreeNode.scala:461)
[2025-12-21T15:52:08.945+0000] {subprocess.py:93} INFO - 	at org.apache.spark.sql.catalyst.plans.logical.LogicalPlan.org$apache$spark$sql$catalyst$plans$logical$AnalysisHelper$$super$transformDownWithPruning(LogicalPlan.scala:32)
[2025-12-21T15:52:08.945+0000] {subprocess.py:93} INFO - 	at org.apache.spark.sql.catalyst.plans.logical.AnalysisHelper.transformDownWithPruning(AnalysisHelper.scala:267)
[2025-12-21T15:52:08.945+0000] {subprocess.py:93} INFO - 	at org.apache.spark.sql.catalyst.plans.logical.AnalysisHelper.transformDownWithPruning$(AnalysisHelper.scala:263)
[2025-12-21T15:52:08.945+0000] {subprocess.py:93} INFO - 	at org.apache.spark.sql.catalyst.plans.logical.LogicalPlan.transformDownWithPruning(LogicalPlan.scala:32)
[2025-12-21T15:52:08.945+0000] {subprocess.py:93} INFO - 	at org.apache.spark.sql.catalyst.plans.logical.LogicalPlan.transformDownWithPruning(LogicalPlan.scala:32)
[2025-12-21T15:52:08.946+0000] {subprocess.py:93} INFO - 	at org.apache.spark.sql.catalyst.trees.TreeNode.$anonfun$transformDownWithPruning$3(TreeNode.scala:466)
[2025-12-21T15:52:08.946+0000] {subprocess.py:93} INFO - 	at org.apache.spark.sql.catalyst.trees.UnaryLike.mapChildren(TreeNode.scala:1215)
[2025-12-21T15:52:08.946+0000] {subprocess.py:93} INFO - 	at org.apache.spark.sql.catalyst.trees.UnaryLike.mapChildren$(TreeNode.scala:1214)
[2025-12-21T15:52:08.946+0000] {subprocess.py:93} INFO - 	at org.apache.spark.sql.catalyst.plans.logical.Project.mapChildren(basicLogicalOperators.scala:71)
[2025-12-21T15:52:08.946+0000] {subprocess.py:93} INFO - 	at org.apache.spark.sql.catalyst.trees.TreeNode.transformDownWithPruning(TreeNode.scala:466)
[2025-12-21T15:52:08.946+0000] {subprocess.py:93} INFO - 	at org.apache.spark.sql.catalyst.plans.logical.LogicalPlan.org$apache$spark$sql$catalyst$plans$logical$AnalysisHelper$$super$transformDownWithPruning(LogicalPlan.scala:32)
[2025-12-21T15:52:08.946+0000] {subprocess.py:93} INFO - 	at org.apache.spark.sql.catalyst.plans.logical.AnalysisHelper.transformDownWithPruning(AnalysisHelper.scala:267)
[2025-12-21T15:52:08.946+0000] {subprocess.py:93} INFO - 	at org.apache.spark.sql.catalyst.plans.logical.AnalysisHelper.transformDownWithPruning$(AnalysisHelper.scala:263)
[2025-12-21T15:52:08.946+0000] {subprocess.py:93} INFO - 	at org.apache.spark.sql.catalyst.plans.logical.LogicalPlan.transformDownWithPruning(LogicalPlan.scala:32)
[2025-12-21T15:52:08.946+0000] {subprocess.py:93} INFO - 	at org.apache.spark.sql.catalyst.plans.logical.LogicalPlan.transformDownWithPruning(LogicalPlan.scala:32)
[2025-12-21T15:52:08.948+0000] {subprocess.py:93} INFO - 	at org.apache.spark.sql.catalyst.trees.TreeNode.$anonfun$transformDownWithPruning$3(TreeNode.scala:466)
[2025-12-21T15:52:08.948+0000] {subprocess.py:93} INFO - 	at org.apache.spark.sql.catalyst.trees.UnaryLike.mapChildren(TreeNode.scala:1215)
[2025-12-21T15:52:08.948+0000] {subprocess.py:93} INFO - 	at org.apache.spark.sql.catalyst.trees.UnaryLike.mapChildren$(TreeNode.scala:1214)
[2025-12-21T15:52:08.949+0000] {subprocess.py:93} INFO - 	at org.apache.spark.sql.catalyst.plans.logical.Aggregate.mapChildren(basicLogicalOperators.scala:1151)
[2025-12-21T15:52:08.949+0000] {subprocess.py:93} INFO - 	at org.apache.spark.sql.catalyst.trees.TreeNode.transformDownWithPruning(TreeNode.scala:466)
[2025-12-21T15:52:08.949+0000] {subprocess.py:93} INFO - 	at org.apache.spark.sql.catalyst.plans.logical.LogicalPlan.org$apache$spark$sql$catalyst$plans$logical$AnalysisHelper$$super$transformDownWithPruning(LogicalPlan.scala:32)
[2025-12-21T15:52:08.949+0000] {subprocess.py:93} INFO - 	at org.apache.spark.sql.catalyst.plans.logical.AnalysisHelper.transformDownWithPruning(AnalysisHelper.scala:267)
[2025-12-21T15:52:08.949+0000] {subprocess.py:93} INFO - 	at org.apache.spark.sql.catalyst.plans.logical.AnalysisHelper.transformDownWithPruning$(AnalysisHelper.scala:263)
[2025-12-21T15:52:08.949+0000] {subprocess.py:93} INFO - 	at org.apache.spark.sql.catalyst.plans.logical.LogicalPlan.transformDownWithPruning(LogicalPlan.scala:32)
[2025-12-21T15:52:08.949+0000] {subprocess.py:93} INFO - 	at org.apache.spark.sql.catalyst.plans.logical.LogicalPlan.transformDownWithPruning(LogicalPlan.scala:32)
[2025-12-21T15:52:08.949+0000] {subprocess.py:93} INFO - 	at org.apache.spark.sql.catalyst.trees.TreeNode.transformDown(TreeNode.scala:437)
[2025-12-21T15:52:08.949+0000] {subprocess.py:93} INFO - 	at org.apache.spark.sql.catalyst.trees.TreeNode.transform(TreeNode.scala:405)
[2025-12-21T15:52:08.950+0000] {subprocess.py:93} INFO - 	at org.apache.spark.sql.execution.datasources.v2.V2ScanRelationPushDown$.createScanBuilder(V2ScanRelationPushDown.scala:56)
[2025-12-21T15:52:08.950+0000] {subprocess.py:93} INFO - 	at org.apache.spark.sql.execution.datasources.v2.V2ScanRelationPushDown$.$anonfun$apply$1(V2ScanRelationPushDown.scala:43)
[2025-12-21T15:52:08.950+0000] {subprocess.py:93} INFO - 	at org.apache.spark.sql.execution.datasources.v2.V2ScanRelationPushDown$.$anonfun$apply$8(V2ScanRelationPushDown.scala:52)
[2025-12-21T15:52:08.950+0000] {subprocess.py:93} INFO - 	at scala.collection.LinearSeqOptimized.foldLeft(LinearSeqOptimized.scala:126)
[2025-12-21T15:52:08.950+0000] {subprocess.py:93} INFO - 	at scala.collection.LinearSeqOptimized.foldLeft$(LinearSeqOptimized.scala:122)
[2025-12-21T15:52:08.950+0000] {subprocess.py:93} INFO - 	at scala.collection.immutable.List.foldLeft(List.scala:91)
[2025-12-21T15:52:08.951+0000] {subprocess.py:93} INFO - 	at org.apache.spark.sql.execution.datasources.v2.V2ScanRelationPushDown$.apply(V2ScanRelationPushDown.scala:51)
[2025-12-21T15:52:08.951+0000] {subprocess.py:93} INFO - 	at org.apache.spark.sql.execution.datasources.v2.V2ScanRelationPushDown$.apply(V2ScanRelationPushDown.scala:38)
[2025-12-21T15:52:08.951+0000] {subprocess.py:93} INFO - 	at org.apache.spark.sql.catalyst.rules.RuleExecutor.$anonfun$execute$2(RuleExecutor.scala:222)
[2025-12-21T15:52:08.951+0000] {subprocess.py:93} INFO - 	at scala.collection.LinearSeqOptimized.foldLeft(LinearSeqOptimized.scala:126)
[2025-12-21T15:52:08.951+0000] {subprocess.py:93} INFO - 	at scala.collection.LinearSeqOptimized.foldLeft$(LinearSeqOptimized.scala:122)
[2025-12-21T15:52:08.952+0000] {subprocess.py:93} INFO - 	at scala.collection.immutable.List.foldLeft(List.scala:91)
[2025-12-21T15:52:08.953+0000] {subprocess.py:93} INFO - 	at org.apache.spark.sql.catalyst.rules.RuleExecutor.$anonfun$execute$1(RuleExecutor.scala:219)
[2025-12-21T15:52:08.953+0000] {subprocess.py:93} INFO - 	at org.apache.spark.sql.catalyst.rules.RuleExecutor.$anonfun$execute$1$adapted(RuleExecutor.scala:211)
[2025-12-21T15:52:08.953+0000] {subprocess.py:93} INFO - 	at scala.collection.immutable.List.foreach(List.scala:431)
[2025-12-21T15:52:08.953+0000] {subprocess.py:93} INFO - 	at org.apache.spark.sql.catalyst.rules.RuleExecutor.execute(RuleExecutor.scala:211)
[2025-12-21T15:52:08.953+0000] {subprocess.py:93} INFO - 	at org.apache.spark.sql.catalyst.rules.RuleExecutor.$anonfun$executeAndTrack$1(RuleExecutor.scala:182)
[2025-12-21T15:52:08.953+0000] {subprocess.py:93} INFO - 	at org.apache.spark.sql.catalyst.QueryPlanningTracker$.withTracker(QueryPlanningTracker.scala:89)
[2025-12-21T15:52:08.953+0000] {subprocess.py:93} INFO - 	at org.apache.spark.sql.catalyst.rules.RuleExecutor.executeAndTrack(RuleExecutor.scala:182)
[2025-12-21T15:52:08.953+0000] {subprocess.py:93} INFO - 	at org.apache.spark.sql.execution.QueryExecution.$anonfun$optimizedPlan$1(QueryExecution.scala:152)
[2025-12-21T15:52:08.953+0000] {subprocess.py:93} INFO - 	at org.apache.spark.sql.catalyst.QueryPlanningTracker.measurePhase(QueryPlanningTracker.scala:138)
[2025-12-21T15:52:08.954+0000] {subprocess.py:93} INFO - 	at org.apache.spark.sql.execution.QueryExecution.$anonfun$executePhase$2(QueryExecution.scala:219)
[2025-12-21T15:52:08.954+0000] {subprocess.py:93} INFO - 	at org.apache.spark.sql.execution.QueryExecution$.withInternalError(QueryExecution.scala:546)
[2025-12-21T15:52:08.954+0000] {subprocess.py:93} INFO - 	at org.apache.spark.sql.execution.QueryExecution.$anonfun$executePhase$1(QueryExecution.scala:219)
[2025-12-21T15:52:08.954+0000] {subprocess.py:93} INFO - 	at org.apache.spark.sql.SparkSession.withActive(SparkSession.scala:900)
[2025-12-21T15:52:08.954+0000] {subprocess.py:93} INFO - 	at org.apache.spark.sql.execution.QueryExecution.executePhase(QueryExecution.scala:218)
[2025-12-21T15:52:08.957+0000] {subprocess.py:93} INFO - 	at org.apache.spark.sql.execution.QueryExecution.optimizedPlan$lzycompute(QueryExecution.scala:148)
[2025-12-21T15:52:08.957+0000] {subprocess.py:93} INFO - 	at org.apache.spark.sql.execution.QueryExecution.optimizedPlan(QueryExecution.scala:144)
[2025-12-21T15:52:08.958+0000] {subprocess.py:93} INFO - 	at org.apache.spark.sql.execution.QueryExecution.assertOptimized(QueryExecution.scala:162)
[2025-12-21T15:52:08.958+0000] {subprocess.py:93} INFO - 	at org.apache.spark.sql.execution.QueryExecution.executedPlan$lzycompute(QueryExecution.scala:182)
[2025-12-21T15:52:08.958+0000] {subprocess.py:93} INFO - 	at org.apache.spark.sql.execution.QueryExecution.executedPlan(QueryExecution.scala:179)
[2025-12-21T15:52:08.958+0000] {subprocess.py:93} INFO - 	at org.apache.spark.sql.execution.QueryExecution.simpleString(QueryExecution.scala:238)
[2025-12-21T15:52:08.958+0000] {subprocess.py:93} INFO - 	at org.apache.spark.sql.execution.QueryExecution.org$apache$spark$sql$execution$QueryExecution$$explainString(QueryExecution.scala:284)
[2025-12-21T15:52:08.958+0000] {subprocess.py:93} INFO - 	at org.apache.spark.sql.execution.QueryExecution.explainString(QueryExecution.scala:252)
[2025-12-21T15:52:08.958+0000] {subprocess.py:93} INFO - 	at org.apache.spark.sql.execution.SQLExecution$.$anonfun$withNewExecutionId$6(SQLExecution.scala:117)
[2025-12-21T15:52:08.958+0000] {subprocess.py:93} INFO - 	at org.apache.spark.sql.execution.SQLExecution$.withSQLConfPropagated(SQLExecution.scala:201)
[2025-12-21T15:52:08.959+0000] {subprocess.py:93} INFO - 	at org.apache.spark.sql.execution.SQLExecution$.$anonfun$withNewExecutionId$1(SQLExecution.scala:108)
[2025-12-21T15:52:08.959+0000] {subprocess.py:93} INFO - 	at org.apache.spark.sql.SparkSession.withActive(SparkSession.scala:900)
[2025-12-21T15:52:08.959+0000] {subprocess.py:93} INFO - 	at org.apache.spark.sql.execution.SQLExecution$.withNewExecutionId(SQLExecution.scala:66)
[2025-12-21T15:52:08.959+0000] {subprocess.py:93} INFO - 	at org.apache.spark.sql.Dataset.withAction(Dataset.scala:4320)
[2025-12-21T15:52:08.959+0000] {subprocess.py:93} INFO - 	at org.apache.spark.sql.Dataset.count(Dataset.scala:3613)
[2025-12-21T15:52:08.959+0000] {subprocess.py:93} INFO - 	at java.base/jdk.internal.reflect.NativeMethodAccessorImpl.invoke0(Native Method)
[2025-12-21T15:52:08.959+0000] {subprocess.py:93} INFO - 	at java.base/jdk.internal.reflect.NativeMethodAccessorImpl.invoke(NativeMethodAccessorImpl.java:77)
[2025-12-21T15:52:08.959+0000] {subprocess.py:93} INFO - 	at java.base/jdk.internal.reflect.DelegatingMethodAccessorImpl.invoke(DelegatingMethodAccessorImpl.java:43)
[2025-12-21T15:52:08.959+0000] {subprocess.py:93} INFO - 	at java.base/java.lang.reflect.Method.invoke(Method.java:569)
[2025-12-21T15:52:08.961+0000] {subprocess.py:93} INFO - 	at py4j.reflection.MethodInvoker.invoke(MethodInvoker.java:244)
[2025-12-21T15:52:08.961+0000] {subprocess.py:93} INFO - 	at py4j.reflection.ReflectionEngine.invoke(ReflectionEngine.java:374)
[2025-12-21T15:52:08.961+0000] {subprocess.py:93} INFO - 	at py4j.Gateway.invoke(Gateway.java:282)
[2025-12-21T15:52:08.961+0000] {subprocess.py:93} INFO - 	at py4j.commands.AbstractCommand.invokeMethod(AbstractCommand.java:132)
[2025-12-21T15:52:08.962+0000] {subprocess.py:93} INFO - 	at py4j.commands.CallCommand.execute(CallCommand.java:79)
[2025-12-21T15:52:08.962+0000] {subprocess.py:93} INFO - 	at py4j.ClientServerConnection.waitForCommands(ClientServerConnection.java:182)
[2025-12-21T15:52:08.962+0000] {subprocess.py:93} INFO - 	at py4j.ClientServerConnection.run(ClientServerConnection.java:106)
[2025-12-21T15:52:08.962+0000] {subprocess.py:93} INFO - 	at java.base/java.lang.Thread.run(Thread.java:840)
[2025-12-21T15:52:08.962+0000] {subprocess.py:93} INFO - 
[2025-12-21T15:52:09.026+0000] {subprocess.py:93} INFO - 25/12/21 15:52:09 INFO SparkContext: Invoking stop() from shutdown hook
[2025-12-21T15:52:09.026+0000] {subprocess.py:93} INFO - 25/12/21 15:52:09 INFO SparkContext: SparkContext is stopping with exitCode 0.
[2025-12-21T15:52:09.038+0000] {subprocess.py:93} INFO - 25/12/21 15:52:09 INFO SparkUI: Stopped Spark web UI at http://ece4de611570:4040
[2025-12-21T15:52:09.042+0000] {subprocess.py:93} INFO - 25/12/21 15:52:09 INFO StandaloneSchedulerBackend: Shutting down all executors
[2025-12-21T15:52:09.043+0000] {subprocess.py:93} INFO - 25/12/21 15:52:09 INFO StandaloneSchedulerBackend$StandaloneDriverEndpoint: Asking each executor to shut down
[2025-12-21T15:52:09.066+0000] {subprocess.py:93} INFO - 25/12/21 15:52:09 INFO MapOutputTrackerMasterEndpoint: MapOutputTrackerMasterEndpoint stopped!
[2025-12-21T15:52:09.086+0000] {subprocess.py:93} INFO - 25/12/21 15:52:09 INFO MemoryStore: MemoryStore cleared
[2025-12-21T15:52:09.089+0000] {subprocess.py:93} INFO - 25/12/21 15:52:09 INFO BlockManager: BlockManager stopped
[2025-12-21T15:52:09.092+0000] {subprocess.py:93} INFO - 25/12/21 15:52:09 INFO BlockManagerMaster: BlockManagerMaster stopped
[2025-12-21T15:52:09.095+0000] {subprocess.py:93} INFO - 25/12/21 15:52:09 INFO OutputCommitCoordinator$OutputCommitCoordinatorEndpoint: OutputCommitCoordinator stopped!
[2025-12-21T15:52:09.110+0000] {subprocess.py:93} INFO - 25/12/21 15:52:09 INFO SparkContext: Successfully stopped SparkContext
[2025-12-21T15:52:09.110+0000] {subprocess.py:93} INFO - 25/12/21 15:52:09 INFO ShutdownHookManager: Shutdown hook called
[2025-12-21T15:52:09.110+0000] {subprocess.py:93} INFO - 25/12/21 15:52:09 INFO ShutdownHookManager: Deleting directory /tmp/spark-8c4fc7af-52cf-4caa-a45c-86177a1d0b71
[2025-12-21T15:52:09.118+0000] {subprocess.py:93} INFO - 25/12/21 15:52:09 INFO ShutdownHookManager: Deleting directory /tmp/spark-d71165c7-b941-48d1-8477-443c1045d74f
[2025-12-21T15:52:09.120+0000] {subprocess.py:93} INFO - 25/12/21 15:52:09 INFO ShutdownHookManager: Deleting directory /tmp/spark-8c4fc7af-52cf-4caa-a45c-86177a1d0b71/pyspark-e185ce98-eb36-41a7-a40b-08e5d674e965
[2025-12-21T15:52:09.530+0000] {subprocess.py:97} INFO - Command exited with return code 1
[2025-12-21T15:52:09.562+0000] {taskinstance.py:2699} ERROR - Task failed with exception
Traceback (most recent call last):
  File "/home/airflow/.local/lib/python3.10/site-packages/airflow/models/taskinstance.py", line 433, in _execute_task
    result = execute_callable(context=context, **execute_callable_kwargs)
  File "/home/airflow/.local/lib/python3.10/site-packages/airflow/operators/bash.py", line 212, in execute
    raise AirflowException(
airflow.exceptions.AirflowException: Bash command failed. The command returned a non-zero exit code 1.
[2025-12-21T15:52:09.569+0000] {taskinstance.py:1138} INFO - Marking task as UP_FOR_RETRY. dag_id=pipeline_services_publics_togo, task_id=ingestion_mongodb, execution_date=20251221T154622, start_date=20251221T155156, end_date=20251221T155209
[2025-12-21T15:52:09.593+0000] {standard_task_runner.py:107} ERROR - Failed to execute job 19 for task ingestion_mongodb (Bash command failed. The command returned a non-zero exit code 1.; 414)
[2025-12-21T15:52:09.623+0000] {local_task_job_runner.py:234} INFO - Task exited with return code 1
[2025-12-21T15:52:09.669+0000] {taskinstance.py:3281} INFO - 0 downstream tasks scheduled from follow-on schedule check
