[2025-12-24T04:46:15.613+0000] {taskinstance.py:1957} INFO - Dependencies all met for dep_context=non-requeueable deps ti=<TaskInstance: pipeline_services_publics_togo.ingestion_mongodb scheduled__2025-12-23T02:00:00+00:00 [queued]>
[2025-12-24T04:46:15.622+0000] {taskinstance.py:1957} INFO - Dependencies all met for dep_context=requeueable deps ti=<TaskInstance: pipeline_services_publics_togo.ingestion_mongodb scheduled__2025-12-23T02:00:00+00:00 [queued]>
[2025-12-24T04:46:15.623+0000] {taskinstance.py:2171} INFO - Starting attempt 1 of 3
[2025-12-24T04:46:15.637+0000] {taskinstance.py:2192} INFO - Executing <Task(BashOperator): ingestion_mongodb> on 2025-12-23 02:00:00+00:00
[2025-12-24T04:46:15.642+0000] {standard_task_runner.py:60} INFO - Started process 3505 to run task
[2025-12-24T04:46:15.645+0000] {standard_task_runner.py:87} INFO - Running: ['***', 'tasks', 'run', 'pipeline_services_publics_togo', 'ingestion_mongodb', 'scheduled__2025-12-23T02:00:00+00:00', '--job-id', '48', '--raw', '--subdir', 'DAGS_FOLDER/pipeline_services_publics.py', '--cfg-path', '/tmp/tmpk4fk_bve']
[2025-12-24T04:46:15.648+0000] {standard_task_runner.py:88} INFO - Job 48: Subtask ingestion_mongodb
[2025-12-24T04:46:15.719+0000] {task_command.py:423} INFO - Running <TaskInstance: pipeline_services_publics_togo.ingestion_mongodb scheduled__2025-12-23T02:00:00+00:00 [running]> on host 6717a07eada2
[2025-12-24T04:46:15.870+0000] {taskinstance.py:2481} INFO - Exporting env vars: AIRFLOW_CTX_DAG_OWNER='data-engineer' AIRFLOW_CTX_DAG_ID='pipeline_services_publics_togo' AIRFLOW_CTX_TASK_ID='ingestion_mongodb' AIRFLOW_CTX_EXECUTION_DATE='2025-12-23T02:00:00+00:00' AIRFLOW_CTX_TRY_NUMBER='1' AIRFLOW_CTX_DAG_RUN_ID='scheduled__2025-12-23T02:00:00+00:00'
[2025-12-24T04:46:15.871+0000] {subprocess.py:63} INFO - Tmp dir root location: /tmp
[2025-12-24T04:46:15.872+0000] {subprocess.py:75} INFO - Running command: ['/usr/bin/bash', '-c', '\n    /opt/spark/bin/spark-submit       --master local[*]       --packages org.mongodb.spark:mongo-spark-connector_2.12:10.5.0       --executor-memory 2G       --driver-memory 1G       /opt/***/spark_jobs/ingestion.py\n    ']
[2025-12-24T04:46:15.888+0000] {subprocess.py:86} INFO - Output:
[2025-12-24T04:46:17.430+0000] {subprocess.py:93} INFO - :: loading settings :: url = jar:file:/opt/spark/jars/ivy-2.5.1.jar!/org/apache/ivy/core/settings/ivysettings.xml
[2025-12-24T04:46:17.498+0000] {subprocess.py:93} INFO - Ivy Default Cache set to: /home/***/.ivy2/cache
[2025-12-24T04:46:17.499+0000] {subprocess.py:93} INFO - The jars for the packages stored in: /home/***/.ivy2/jars
[2025-12-24T04:46:17.504+0000] {subprocess.py:93} INFO - org.mongodb.spark#mongo-spark-connector_2.12 added as a dependency
[2025-12-24T04:46:17.506+0000] {subprocess.py:93} INFO - :: resolving dependencies :: org.apache.spark#spark-submit-parent-c5454d87-92cf-4417-baae-d9effc9c07da;1.0
[2025-12-24T04:46:17.507+0000] {subprocess.py:93} INFO - 	confs: [default]
[2025-12-24T04:46:17.629+0000] {subprocess.py:93} INFO - 	found org.mongodb.spark#mongo-spark-connector_2.12;10.5.0 in central
[2025-12-24T04:46:21.725+0000] {subprocess.py:93} INFO - 	found org.mongodb#mongodb-driver-sync;5.1.4 in central
[2025-12-24T04:46:21.725+0000] {subprocess.py:93} INFO - 	[5.1.4] org.mongodb#mongodb-driver-sync;[5.1.1,5.1.99)
[2025-12-24T04:46:21.744+0000] {subprocess.py:93} INFO - 	found org.mongodb#bson;5.1.4 in central
[2025-12-24T04:46:21.770+0000] {subprocess.py:93} INFO - 	found org.mongodb#mongodb-driver-core;5.1.4 in central
[2025-12-24T04:46:21.799+0000] {subprocess.py:93} INFO - 	found org.mongodb#bson-record-codec;5.1.4 in central
[2025-12-24T04:46:21.826+0000] {subprocess.py:93} INFO - :: resolution report :: resolve 4309ms :: artifacts dl 11ms
[2025-12-24T04:46:21.827+0000] {subprocess.py:93} INFO - 	:: modules in use:
[2025-12-24T04:46:21.827+0000] {subprocess.py:93} INFO - 	org.mongodb#bson;5.1.4 from central in [default]
[2025-12-24T04:46:21.827+0000] {subprocess.py:93} INFO - 	org.mongodb#bson-record-codec;5.1.4 from central in [default]
[2025-12-24T04:46:21.827+0000] {subprocess.py:93} INFO - 	org.mongodb#mongodb-driver-core;5.1.4 from central in [default]
[2025-12-24T04:46:21.827+0000] {subprocess.py:93} INFO - 	org.mongodb#mongodb-driver-sync;5.1.4 from central in [default]
[2025-12-24T04:46:21.827+0000] {subprocess.py:93} INFO - 	org.mongodb.spark#mongo-spark-connector_2.12;10.5.0 from central in [default]
[2025-12-24T04:46:21.827+0000] {subprocess.py:93} INFO - 	---------------------------------------------------------------------
[2025-12-24T04:46:21.828+0000] {subprocess.py:93} INFO - 	|                  |            modules            ||   artifacts   |
[2025-12-24T04:46:21.828+0000] {subprocess.py:93} INFO - 	|       conf       | number| search|dwnlded|evicted|| number|dwnlded|
[2025-12-24T04:46:21.828+0000] {subprocess.py:93} INFO - 	---------------------------------------------------------------------
[2025-12-24T04:46:21.830+0000] {subprocess.py:93} INFO - 	|      default     |   5   |   1   |   0   |   0   ||   5   |   0   |
[2025-12-24T04:46:21.830+0000] {subprocess.py:93} INFO - 	---------------------------------------------------------------------
[2025-12-24T04:46:21.831+0000] {subprocess.py:93} INFO - :: retrieving :: org.apache.spark#spark-submit-parent-c5454d87-92cf-4417-baae-d9effc9c07da
[2025-12-24T04:46:21.832+0000] {subprocess.py:93} INFO - 	confs: [default]
[2025-12-24T04:46:21.837+0000] {subprocess.py:93} INFO - 	0 artifacts copied, 5 already retrieved (0kB/6ms)
[2025-12-24T04:46:22.040+0000] {subprocess.py:93} INFO - 25/12/24 04:46:22 WARN NativeCodeLoader: Unable to load native-hadoop library for your platform... using builtin-java classes where applicable
[2025-12-24T04:46:23.221+0000] {subprocess.py:93} INFO - 25/12/24 04:46:23 INFO SparkContext: Running Spark version 3.5.1
[2025-12-24T04:46:23.221+0000] {subprocess.py:93} INFO - 25/12/24 04:46:23 INFO SparkContext: OS info Linux, 6.8.0-90-generic, amd64
[2025-12-24T04:46:23.221+0000] {subprocess.py:93} INFO - 25/12/24 04:46:23 INFO SparkContext: Java version 17.0.17
[2025-12-24T04:46:23.270+0000] {subprocess.py:93} INFO - 25/12/24 04:46:23 INFO ResourceUtils: ==============================================================
[2025-12-24T04:46:23.270+0000] {subprocess.py:93} INFO - 25/12/24 04:46:23 INFO ResourceUtils: No custom resources configured for spark.driver.
[2025-12-24T04:46:23.272+0000] {subprocess.py:93} INFO - 25/12/24 04:46:23 INFO ResourceUtils: ==============================================================
[2025-12-24T04:46:23.273+0000] {subprocess.py:93} INFO - 25/12/24 04:46:23 INFO SparkContext: Submitted application: Ingestion_MongoDB_Raw
[2025-12-24T04:46:23.298+0000] {subprocess.py:93} INFO - 25/12/24 04:46:23 INFO ResourceProfile: Default ResourceProfile created, executor resources: Map(cores -> name: cores, amount: 1, script: , vendor: , memory -> name: memory, amount: 1024, script: , vendor: , offHeap -> name: offHeap, amount: 0, script: , vendor: ), task resources: Map(cpus -> name: cpus, amount: 1.0)
[2025-12-24T04:46:23.309+0000] {subprocess.py:93} INFO - 25/12/24 04:46:23 INFO ResourceProfile: Limiting resource is cpu
[2025-12-24T04:46:23.311+0000] {subprocess.py:93} INFO - 25/12/24 04:46:23 INFO ResourceProfileManager: Added ResourceProfile id: 0
[2025-12-24T04:46:23.391+0000] {subprocess.py:93} INFO - 25/12/24 04:46:23 INFO SecurityManager: Changing view acls to: ***
[2025-12-24T04:46:23.394+0000] {subprocess.py:93} INFO - 25/12/24 04:46:23 INFO SecurityManager: Changing modify acls to: ***
[2025-12-24T04:46:23.394+0000] {subprocess.py:93} INFO - 25/12/24 04:46:23 INFO SecurityManager: Changing view acls groups to:
[2025-12-24T04:46:23.394+0000] {subprocess.py:93} INFO - 25/12/24 04:46:23 INFO SecurityManager: Changing modify acls groups to:
[2025-12-24T04:46:23.394+0000] {subprocess.py:93} INFO - 25/12/24 04:46:23 INFO SecurityManager: SecurityManager: authentication disabled; ui acls disabled; users with view permissions: ***; groups with view permissions: EMPTY; users with modify permissions: ***; groups with modify permissions: EMPTY
[2025-12-24T04:46:23.727+0000] {subprocess.py:93} INFO - 25/12/24 04:46:23 INFO Utils: Successfully started service 'sparkDriver' on port 35243.
[2025-12-24T04:46:23.775+0000] {subprocess.py:93} INFO - 25/12/24 04:46:23 INFO SparkEnv: Registering MapOutputTracker
[2025-12-24T04:46:23.826+0000] {subprocess.py:93} INFO - 25/12/24 04:46:23 INFO SparkEnv: Registering BlockManagerMaster
[2025-12-24T04:46:23.845+0000] {subprocess.py:93} INFO - 25/12/24 04:46:23 INFO BlockManagerMasterEndpoint: Using org.apache.spark.storage.DefaultTopologyMapper for getting topology information
[2025-12-24T04:46:23.846+0000] {subprocess.py:93} INFO - 25/12/24 04:46:23 INFO BlockManagerMasterEndpoint: BlockManagerMasterEndpoint up
[2025-12-24T04:46:23.852+0000] {subprocess.py:93} INFO - 25/12/24 04:46:23 INFO SparkEnv: Registering BlockManagerMasterHeartbeat
[2025-12-24T04:46:23.868+0000] {subprocess.py:93} INFO - 25/12/24 04:46:23 INFO DiskBlockManager: Created local directory at /tmp/blockmgr-e6862eea-6653-48a1-bb17-71ec0ab6165e
[2025-12-24T04:46:23.885+0000] {subprocess.py:93} INFO - 25/12/24 04:46:23 INFO MemoryStore: MemoryStore started with capacity 434.4 MiB
[2025-12-24T04:46:23.904+0000] {subprocess.py:93} INFO - 25/12/24 04:46:23 INFO SparkEnv: Registering OutputCommitCoordinator
[2025-12-24T04:46:24.024+0000] {subprocess.py:93} INFO - 25/12/24 04:46:24 INFO JettyUtils: Start Jetty 0.0.0.0:4040 for SparkUI
[2025-12-24T04:46:24.102+0000] {subprocess.py:93} INFO - 25/12/24 04:46:24 INFO Utils: Successfully started service 'SparkUI' on port 4040.
[2025-12-24T04:46:24.142+0000] {subprocess.py:93} INFO - 25/12/24 04:46:24 INFO SparkContext: Added JAR file:///home/***/.ivy2/jars/org.mongodb.spark_mongo-spark-connector_2.12-10.5.0.jar at spark://6717a07eada2:35243/jars/org.mongodb.spark_mongo-spark-connector_2.12-10.5.0.jar with timestamp 1766551583197
[2025-12-24T04:46:24.143+0000] {subprocess.py:93} INFO - 25/12/24 04:46:24 INFO SparkContext: Added JAR file:///home/***/.ivy2/jars/org.mongodb_mongodb-driver-sync-5.1.4.jar at spark://6717a07eada2:35243/jars/org.mongodb_mongodb-driver-sync-5.1.4.jar with timestamp 1766551583197
[2025-12-24T04:46:24.145+0000] {subprocess.py:93} INFO - 25/12/24 04:46:24 INFO SparkContext: Added JAR file:///home/***/.ivy2/jars/org.mongodb_bson-5.1.4.jar at spark://6717a07eada2:35243/jars/org.mongodb_bson-5.1.4.jar with timestamp 1766551583197
[2025-12-24T04:46:24.147+0000] {subprocess.py:93} INFO - 25/12/24 04:46:24 INFO SparkContext: Added JAR file:///home/***/.ivy2/jars/org.mongodb_mongodb-driver-core-5.1.4.jar at spark://6717a07eada2:35243/jars/org.mongodb_mongodb-driver-core-5.1.4.jar with timestamp 1766551583197
[2025-12-24T04:46:24.147+0000] {subprocess.py:93} INFO - 25/12/24 04:46:24 INFO SparkContext: Added JAR file:///home/***/.ivy2/jars/org.mongodb_bson-record-codec-5.1.4.jar at spark://6717a07eada2:35243/jars/org.mongodb_bson-record-codec-5.1.4.jar with timestamp 1766551583197
[2025-12-24T04:46:24.151+0000] {subprocess.py:93} INFO - 25/12/24 04:46:24 INFO SparkContext: Added file file:///home/***/.ivy2/jars/org.mongodb.spark_mongo-spark-connector_2.12-10.5.0.jar at file:///home/***/.ivy2/jars/org.mongodb.spark_mongo-spark-connector_2.12-10.5.0.jar with timestamp 1766551583197
[2025-12-24T04:46:24.153+0000] {subprocess.py:93} INFO - 25/12/24 04:46:24 INFO Utils: Copying /home/***/.ivy2/jars/org.mongodb.spark_mongo-spark-connector_2.12-10.5.0.jar to /tmp/spark-9fd04aa1-13dd-46eb-8269-7406b627be5e/userFiles-6bbba809-63e2-4be9-8696-b6cb89bde1aa/org.mongodb.spark_mongo-spark-connector_2.12-10.5.0.jar
[2025-12-24T04:46:24.171+0000] {subprocess.py:93} INFO - 25/12/24 04:46:24 INFO SparkContext: Added file file:///home/***/.ivy2/jars/org.mongodb_mongodb-driver-sync-5.1.4.jar at file:///home/***/.ivy2/jars/org.mongodb_mongodb-driver-sync-5.1.4.jar with timestamp 1766551583197
[2025-12-24T04:46:24.171+0000] {subprocess.py:93} INFO - 25/12/24 04:46:24 INFO Utils: Copying /home/***/.ivy2/jars/org.mongodb_mongodb-driver-sync-5.1.4.jar to /tmp/spark-9fd04aa1-13dd-46eb-8269-7406b627be5e/userFiles-6bbba809-63e2-4be9-8696-b6cb89bde1aa/org.mongodb_mongodb-driver-sync-5.1.4.jar
[2025-12-24T04:46:24.180+0000] {subprocess.py:93} INFO - 25/12/24 04:46:24 INFO SparkContext: Added file file:///home/***/.ivy2/jars/org.mongodb_bson-5.1.4.jar at file:///home/***/.ivy2/jars/org.mongodb_bson-5.1.4.jar with timestamp 1766551583197
[2025-12-24T04:46:24.185+0000] {subprocess.py:93} INFO - 25/12/24 04:46:24 INFO Utils: Copying /home/***/.ivy2/jars/org.mongodb_bson-5.1.4.jar to /tmp/spark-9fd04aa1-13dd-46eb-8269-7406b627be5e/userFiles-6bbba809-63e2-4be9-8696-b6cb89bde1aa/org.mongodb_bson-5.1.4.jar
[2025-12-24T04:46:24.192+0000] {subprocess.py:93} INFO - 25/12/24 04:46:24 INFO SparkContext: Added file file:///home/***/.ivy2/jars/org.mongodb_mongodb-driver-core-5.1.4.jar at file:///home/***/.ivy2/jars/org.mongodb_mongodb-driver-core-5.1.4.jar with timestamp 1766551583197
[2025-12-24T04:46:24.192+0000] {subprocess.py:93} INFO - 25/12/24 04:46:24 INFO Utils: Copying /home/***/.ivy2/jars/org.mongodb_mongodb-driver-core-5.1.4.jar to /tmp/spark-9fd04aa1-13dd-46eb-8269-7406b627be5e/userFiles-6bbba809-63e2-4be9-8696-b6cb89bde1aa/org.mongodb_mongodb-driver-core-5.1.4.jar
[2025-12-24T04:46:24.198+0000] {subprocess.py:93} INFO - 25/12/24 04:46:24 INFO SparkContext: Added file file:///home/***/.ivy2/jars/org.mongodb_bson-record-codec-5.1.4.jar at file:///home/***/.ivy2/jars/org.mongodb_bson-record-codec-5.1.4.jar with timestamp 1766551583197
[2025-12-24T04:46:24.198+0000] {subprocess.py:93} INFO - 25/12/24 04:46:24 INFO Utils: Copying /home/***/.ivy2/jars/org.mongodb_bson-record-codec-5.1.4.jar to /tmp/spark-9fd04aa1-13dd-46eb-8269-7406b627be5e/userFiles-6bbba809-63e2-4be9-8696-b6cb89bde1aa/org.mongodb_bson-record-codec-5.1.4.jar
[2025-12-24T04:46:24.283+0000] {subprocess.py:93} INFO - 25/12/24 04:46:24 INFO Executor: Starting executor ID driver on host 6717a07eada2
[2025-12-24T04:46:24.284+0000] {subprocess.py:93} INFO - 25/12/24 04:46:24 INFO Executor: OS info Linux, 6.8.0-90-generic, amd64
[2025-12-24T04:46:24.286+0000] {subprocess.py:93} INFO - 25/12/24 04:46:24 INFO Executor: Java version 17.0.17
[2025-12-24T04:46:24.292+0000] {subprocess.py:93} INFO - 25/12/24 04:46:24 INFO Executor: Starting executor with user classpath (userClassPathFirst = false): ''
[2025-12-24T04:46:24.294+0000] {subprocess.py:93} INFO - 25/12/24 04:46:24 INFO Executor: Created or updated repl class loader org.apache.spark.util.MutableURLClassLoader@324d2b56 for default.
[2025-12-24T04:46:24.309+0000] {subprocess.py:93} INFO - 25/12/24 04:46:24 INFO Executor: Fetching file:///home/***/.ivy2/jars/org.mongodb_bson-record-codec-5.1.4.jar with timestamp 1766551583197
[2025-12-24T04:46:24.330+0000] {subprocess.py:93} INFO - 25/12/24 04:46:24 INFO Utils: /home/***/.ivy2/jars/org.mongodb_bson-record-codec-5.1.4.jar has been previously copied to /tmp/spark-9fd04aa1-13dd-46eb-8269-7406b627be5e/userFiles-6bbba809-63e2-4be9-8696-b6cb89bde1aa/org.mongodb_bson-record-codec-5.1.4.jar
[2025-12-24T04:46:24.346+0000] {subprocess.py:93} INFO - 25/12/24 04:46:24 INFO Executor: Fetching file:///home/***/.ivy2/jars/org.mongodb_bson-5.1.4.jar with timestamp 1766551583197
[2025-12-24T04:46:24.349+0000] {subprocess.py:93} INFO - 25/12/24 04:46:24 INFO Utils: /home/***/.ivy2/jars/org.mongodb_bson-5.1.4.jar has been previously copied to /tmp/spark-9fd04aa1-13dd-46eb-8269-7406b627be5e/userFiles-6bbba809-63e2-4be9-8696-b6cb89bde1aa/org.mongodb_bson-5.1.4.jar
[2025-12-24T04:46:24.358+0000] {subprocess.py:93} INFO - 25/12/24 04:46:24 INFO Executor: Fetching file:///home/***/.ivy2/jars/org.mongodb_mongodb-driver-core-5.1.4.jar with timestamp 1766551583197
[2025-12-24T04:46:24.360+0000] {subprocess.py:93} INFO - 25/12/24 04:46:24 INFO Utils: /home/***/.ivy2/jars/org.mongodb_mongodb-driver-core-5.1.4.jar has been previously copied to /tmp/spark-9fd04aa1-13dd-46eb-8269-7406b627be5e/userFiles-6bbba809-63e2-4be9-8696-b6cb89bde1aa/org.mongodb_mongodb-driver-core-5.1.4.jar
[2025-12-24T04:46:24.370+0000] {subprocess.py:93} INFO - 25/12/24 04:46:24 INFO Executor: Fetching file:///home/***/.ivy2/jars/org.mongodb.spark_mongo-spark-connector_2.12-10.5.0.jar with timestamp 1766551583197
[2025-12-24T04:46:24.372+0000] {subprocess.py:93} INFO - 25/12/24 04:46:24 INFO Utils: /home/***/.ivy2/jars/org.mongodb.spark_mongo-spark-connector_2.12-10.5.0.jar has been previously copied to /tmp/spark-9fd04aa1-13dd-46eb-8269-7406b627be5e/userFiles-6bbba809-63e2-4be9-8696-b6cb89bde1aa/org.mongodb.spark_mongo-spark-connector_2.12-10.5.0.jar
[2025-12-24T04:46:24.372+0000] {subprocess.py:93} INFO - 25/12/24 04:46:24 INFO Executor: Fetching file:///home/***/.ivy2/jars/org.mongodb_mongodb-driver-sync-5.1.4.jar with timestamp 1766551583197
[2025-12-24T04:46:24.372+0000] {subprocess.py:93} INFO - 25/12/24 04:46:24 INFO Utils: /home/***/.ivy2/jars/org.mongodb_mongodb-driver-sync-5.1.4.jar has been previously copied to /tmp/spark-9fd04aa1-13dd-46eb-8269-7406b627be5e/userFiles-6bbba809-63e2-4be9-8696-b6cb89bde1aa/org.mongodb_mongodb-driver-sync-5.1.4.jar
[2025-12-24T04:46:24.387+0000] {subprocess.py:93} INFO - 25/12/24 04:46:24 INFO Executor: Fetching spark://6717a07eada2:35243/jars/org.mongodb_bson-5.1.4.jar with timestamp 1766551583197
[2025-12-24T04:46:24.501+0000] {subprocess.py:93} INFO - 25/12/24 04:46:24 INFO TransportClientFactory: Successfully created connection to 6717a07eada2/172.18.0.4:35243 after 94 ms (0 ms spent in bootstraps)
[2025-12-24T04:46:24.524+0000] {subprocess.py:93} INFO - 25/12/24 04:46:24 INFO Utils: Fetching spark://6717a07eada2:35243/jars/org.mongodb_bson-5.1.4.jar to /tmp/spark-9fd04aa1-13dd-46eb-8269-7406b627be5e/userFiles-6bbba809-63e2-4be9-8696-b6cb89bde1aa/fetchFileTemp6458769575258062361.tmp
[2025-12-24T04:46:24.637+0000] {subprocess.py:93} INFO - 25/12/24 04:46:24 INFO Utils: /tmp/spark-9fd04aa1-13dd-46eb-8269-7406b627be5e/userFiles-6bbba809-63e2-4be9-8696-b6cb89bde1aa/fetchFileTemp6458769575258062361.tmp has been previously copied to /tmp/spark-9fd04aa1-13dd-46eb-8269-7406b627be5e/userFiles-6bbba809-63e2-4be9-8696-b6cb89bde1aa/org.mongodb_bson-5.1.4.jar
[2025-12-24T04:46:24.647+0000] {subprocess.py:93} INFO - 25/12/24 04:46:24 INFO Executor: Adding file:/tmp/spark-9fd04aa1-13dd-46eb-8269-7406b627be5e/userFiles-6bbba809-63e2-4be9-8696-b6cb89bde1aa/org.mongodb_bson-5.1.4.jar to class loader default
[2025-12-24T04:46:24.648+0000] {subprocess.py:93} INFO - 25/12/24 04:46:24 INFO Executor: Fetching spark://6717a07eada2:35243/jars/org.mongodb_mongodb-driver-sync-5.1.4.jar with timestamp 1766551583197
[2025-12-24T04:46:24.648+0000] {subprocess.py:93} INFO - 25/12/24 04:46:24 INFO Utils: Fetching spark://6717a07eada2:35243/jars/org.mongodb_mongodb-driver-sync-5.1.4.jar to /tmp/spark-9fd04aa1-13dd-46eb-8269-7406b627be5e/userFiles-6bbba809-63e2-4be9-8696-b6cb89bde1aa/fetchFileTemp3571552894878545842.tmp
[2025-12-24T04:46:24.654+0000] {subprocess.py:93} INFO - 25/12/24 04:46:24 INFO Utils: /tmp/spark-9fd04aa1-13dd-46eb-8269-7406b627be5e/userFiles-6bbba809-63e2-4be9-8696-b6cb89bde1aa/fetchFileTemp3571552894878545842.tmp has been previously copied to /tmp/spark-9fd04aa1-13dd-46eb-8269-7406b627be5e/userFiles-6bbba809-63e2-4be9-8696-b6cb89bde1aa/org.mongodb_mongodb-driver-sync-5.1.4.jar
[2025-12-24T04:46:24.659+0000] {subprocess.py:93} INFO - 25/12/24 04:46:24 INFO Executor: Adding file:/tmp/spark-9fd04aa1-13dd-46eb-8269-7406b627be5e/userFiles-6bbba809-63e2-4be9-8696-b6cb89bde1aa/org.mongodb_mongodb-driver-sync-5.1.4.jar to class loader default
[2025-12-24T04:46:24.661+0000] {subprocess.py:93} INFO - 25/12/24 04:46:24 INFO Executor: Fetching spark://6717a07eada2:35243/jars/org.mongodb_mongodb-driver-core-5.1.4.jar with timestamp 1766551583197
[2025-12-24T04:46:24.662+0000] {subprocess.py:93} INFO - 25/12/24 04:46:24 INFO Utils: Fetching spark://6717a07eada2:35243/jars/org.mongodb_mongodb-driver-core-5.1.4.jar to /tmp/spark-9fd04aa1-13dd-46eb-8269-7406b627be5e/userFiles-6bbba809-63e2-4be9-8696-b6cb89bde1aa/fetchFileTemp8688025906358603793.tmp
[2025-12-24T04:46:24.680+0000] {subprocess.py:93} INFO - 25/12/24 04:46:24 INFO Utils: /tmp/spark-9fd04aa1-13dd-46eb-8269-7406b627be5e/userFiles-6bbba809-63e2-4be9-8696-b6cb89bde1aa/fetchFileTemp8688025906358603793.tmp has been previously copied to /tmp/spark-9fd04aa1-13dd-46eb-8269-7406b627be5e/userFiles-6bbba809-63e2-4be9-8696-b6cb89bde1aa/org.mongodb_mongodb-driver-core-5.1.4.jar
[2025-12-24T04:46:24.685+0000] {subprocess.py:93} INFO - 25/12/24 04:46:24 INFO Executor: Adding file:/tmp/spark-9fd04aa1-13dd-46eb-8269-7406b627be5e/userFiles-6bbba809-63e2-4be9-8696-b6cb89bde1aa/org.mongodb_mongodb-driver-core-5.1.4.jar to class loader default
[2025-12-24T04:46:24.686+0000] {subprocess.py:93} INFO - 25/12/24 04:46:24 INFO Executor: Fetching spark://6717a07eada2:35243/jars/org.mongodb.spark_mongo-spark-connector_2.12-10.5.0.jar with timestamp 1766551583197
[2025-12-24T04:46:24.686+0000] {subprocess.py:93} INFO - 25/12/24 04:46:24 INFO Utils: Fetching spark://6717a07eada2:35243/jars/org.mongodb.spark_mongo-spark-connector_2.12-10.5.0.jar to /tmp/spark-9fd04aa1-13dd-46eb-8269-7406b627be5e/userFiles-6bbba809-63e2-4be9-8696-b6cb89bde1aa/fetchFileTemp5013751956089786893.tmp
[2025-12-24T04:46:24.690+0000] {subprocess.py:93} INFO - 25/12/24 04:46:24 INFO Utils: /tmp/spark-9fd04aa1-13dd-46eb-8269-7406b627be5e/userFiles-6bbba809-63e2-4be9-8696-b6cb89bde1aa/fetchFileTemp5013751956089786893.tmp has been previously copied to /tmp/spark-9fd04aa1-13dd-46eb-8269-7406b627be5e/userFiles-6bbba809-63e2-4be9-8696-b6cb89bde1aa/org.mongodb.spark_mongo-spark-connector_2.12-10.5.0.jar
[2025-12-24T04:46:24.695+0000] {subprocess.py:93} INFO - 25/12/24 04:46:24 INFO Executor: Adding file:/tmp/spark-9fd04aa1-13dd-46eb-8269-7406b627be5e/userFiles-6bbba809-63e2-4be9-8696-b6cb89bde1aa/org.mongodb.spark_mongo-spark-connector_2.12-10.5.0.jar to class loader default
[2025-12-24T04:46:24.695+0000] {subprocess.py:93} INFO - 25/12/24 04:46:24 INFO Executor: Fetching spark://6717a07eada2:35243/jars/org.mongodb_bson-record-codec-5.1.4.jar with timestamp 1766551583197
[2025-12-24T04:46:24.696+0000] {subprocess.py:93} INFO - 25/12/24 04:46:24 INFO Utils: Fetching spark://6717a07eada2:35243/jars/org.mongodb_bson-record-codec-5.1.4.jar to /tmp/spark-9fd04aa1-13dd-46eb-8269-7406b627be5e/userFiles-6bbba809-63e2-4be9-8696-b6cb89bde1aa/fetchFileTemp11429734982328989802.tmp
[2025-12-24T04:46:24.698+0000] {subprocess.py:93} INFO - 25/12/24 04:46:24 INFO Utils: /tmp/spark-9fd04aa1-13dd-46eb-8269-7406b627be5e/userFiles-6bbba809-63e2-4be9-8696-b6cb89bde1aa/fetchFileTemp11429734982328989802.tmp has been previously copied to /tmp/spark-9fd04aa1-13dd-46eb-8269-7406b627be5e/userFiles-6bbba809-63e2-4be9-8696-b6cb89bde1aa/org.mongodb_bson-record-codec-5.1.4.jar
[2025-12-24T04:46:24.704+0000] {subprocess.py:93} INFO - 25/12/24 04:46:24 INFO Executor: Adding file:/tmp/spark-9fd04aa1-13dd-46eb-8269-7406b627be5e/userFiles-6bbba809-63e2-4be9-8696-b6cb89bde1aa/org.mongodb_bson-record-codec-5.1.4.jar to class loader default
[2025-12-24T04:46:24.712+0000] {subprocess.py:93} INFO - 25/12/24 04:46:24 INFO Utils: Successfully started service 'org.apache.spark.network.netty.NettyBlockTransferService' on port 40361.
[2025-12-24T04:46:24.713+0000] {subprocess.py:93} INFO - 25/12/24 04:46:24 INFO NettyBlockTransferService: Server created on 6717a07eada2:40361
[2025-12-24T04:46:24.715+0000] {subprocess.py:93} INFO - 25/12/24 04:46:24 INFO BlockManager: Using org.apache.spark.storage.RandomBlockReplicationPolicy for block replication policy
[2025-12-24T04:46:24.720+0000] {subprocess.py:93} INFO - 25/12/24 04:46:24 INFO BlockManagerMaster: Registering BlockManager BlockManagerId(driver, 6717a07eada2, 40361, None)
[2025-12-24T04:46:24.724+0000] {subprocess.py:93} INFO - 25/12/24 04:46:24 INFO BlockManagerMasterEndpoint: Registering block manager 6717a07eada2:40361 with 434.4 MiB RAM, BlockManagerId(driver, 6717a07eada2, 40361, None)
[2025-12-24T04:46:24.727+0000] {subprocess.py:93} INFO - 25/12/24 04:46:24 INFO BlockManagerMaster: Registered BlockManager BlockManagerId(driver, 6717a07eada2, 40361, None)
[2025-12-24T04:46:24.728+0000] {subprocess.py:93} INFO - 25/12/24 04:46:24 INFO BlockManager: Initialized BlockManager: BlockManagerId(driver, 6717a07eada2, 40361, None)
[2025-12-24T04:46:25.072+0000] {subprocess.py:93} INFO - 25/12/24 04:46:25 INFO SharedState: Setting hive.metastore.warehouse.dir ('null') to the value of spark.sql.warehouse.dir.
[2025-12-24T04:46:25.077+0000] {subprocess.py:93} INFO - 25/12/24 04:46:25 INFO SharedState: Warehouse path is 'file:/tmp/***tmpt1zc9k_6/spark-warehouse'.
[2025-12-24T04:46:26.128+0000] {subprocess.py:93} INFO - 25/12/24 04:46:26 INFO client: MongoClient with metadata {"driver": {"name": "mongo-java-driver|sync|mongo-spark-connector|source", "version": "5.1.4|10.5.0"}, "os": {"type": "Linux", "name": "Linux", "architecture": "amd64", "version": "6.8.0-90-generic"}, "platform": "Java/Debian/17.0.17+10-Debian-1deb12u1|Scala/2.12.18/Spark/3.5.1", "env": {"container": {"runtime": "docker"}}} created with settings MongoClientSettings{readPreference=primary, writeConcern=WriteConcern{w=null, wTimeout=null ms, journal=null}, retryWrites=true, retryReads=true, readConcern=ReadConcern{level=null}, credential=MongoCredential{mechanism=null, userName='admin', source='admin', password=<hidden>, mechanismProperties=<hidden>}, transportSettings=null, commandListeners=[], codecRegistry=ProvidersCodecRegistry{codecProviders=[ValueCodecProvider{}, BsonValueCodecProvider{}, DBRefCodecProvider{}, DBObjectCodecProvider{}, DocumentCodecProvider{}, CollectionCodecProvider{}, IterableCodecProvider{}, MapCodecProvider{}, GeoJsonCodecProvider{}, GridFSFileCodecProvider{}, Jsr310CodecProvider{}, JsonObjectCodecProvider{}, BsonCodecProvider{}, EnumCodecProvider{}, com.mongodb.client.model.mql.ExpressionCodecProvider@44039ff9, com.mongodb.Jep395RecordCodecProvider@5abb8e38, com.mongodb.KotlinCodecProvider@69ac45d]}, loggerSettings=LoggerSettings{maxDocumentLength=1000}, clusterSettings={hosts=[mongodb:27017], srvServiceName=mongodb, mode=SINGLE, requiredClusterType=UNKNOWN, requiredReplicaSetName='null', serverSelector='null', clusterListeners='[]', serverSelectionTimeout='30000 ms', localThreshold='15 ms'}, socketSettings=SocketSettings{connectTimeoutMS=10000, readTimeoutMS=0, receiveBufferSize=0, proxySettings=ProxySettings{host=null, port=null, username=null, password=null}}, heartbeatSocketSettings=SocketSettings{connectTimeoutMS=10000, readTimeoutMS=10000, receiveBufferSize=0, proxySettings=ProxySettings{host=null, port=null, username=null, password=null}}, connectionPoolSettings=ConnectionPoolSettings{maxSize=100, minSize=0, maxWaitTimeMS=120000, maxConnectionLifeTimeMS=0, maxConnectionIdleTimeMS=0, maintenanceInitialDelayMS=0, maintenanceFrequencyMS=60000, connectionPoolListeners=[], maxConnecting=2}, serverSettings=ServerSettings{heartbeatFrequencyMS=10000, minHeartbeatFrequencyMS=500, serverMonitoringMode=AUTO, serverListeners='[]', serverMonitorListeners='[]'}, sslSettings=SslSettings{enabled=false, invalidHostNameAllowed=false, context=null}, applicationName='null', compressorList=[], uuidRepresentation=UNSPECIFIED, serverApi=null, autoEncryptionSettings=null, dnsClient=null, inetAddressResolver=null, contextProvider=null}
[2025-12-24T04:46:26.152+0000] {subprocess.py:93} INFO - 25/12/24 04:46:26 INFO cluster: Monitor thread successfully connected to server with description ServerDescription{address=mongodb:27017, type=STANDALONE, state=CONNECTED, ok=true, minWireVersion=0, maxWireVersion=21, maxDocumentSize=16777216, logicalSessionTimeoutMinutes=30, roundTripTimeNanos=30944881}
[2025-12-24T04:46:26.453+0000] {subprocess.py:93} INFO - 25/12/24 04:46:26 INFO MongoTable: Creating MongoTable: mongo-spark-connector-10.5.0
[2025-12-24T04:46:27.161+0000] {subprocess.py:93} INFO - 25/12/24 04:46:27 INFO V2ScanRelationPushDown:
[2025-12-24T04:46:27.161+0000] {subprocess.py:93} INFO - Output:
[2025-12-24T04:46:27.161+0000] {subprocess.py:93} INFO - 
[2025-12-24T04:46:27.328+0000] {subprocess.py:93} INFO - 25/12/24 04:46:27 INFO Partitioner: Getting collection stats for: services_publics.demandes
[2025-12-24T04:46:27.339+0000] {subprocess.py:93} INFO - 25/12/24 04:46:27 INFO Partitioner: Fewer documents (8829) than the calculated number of documents per partition (324873.0). Returning a single partition
[2025-12-24T04:46:27.388+0000] {subprocess.py:93} INFO - 25/12/24 04:46:27 INFO Partitioner: Getting collection stats for: services_publics.demandes
[2025-12-24T04:46:27.401+0000] {subprocess.py:93} INFO - 25/12/24 04:46:27 INFO Partitioner: Fewer documents (8829) than the calculated number of documents per partition (324873.0). Returning a single partition
[2025-12-24T04:46:28.190+0000] {subprocess.py:93} INFO - 25/12/24 04:46:28 INFO CodeGenerator: Code generated in 282.362985 ms
[2025-12-24T04:46:28.279+0000] {subprocess.py:93} INFO - 25/12/24 04:46:28 INFO DAGScheduler: Registering RDD 3 (count at NativeMethodAccessorImpl.java:0) as input to shuffle 0
[2025-12-24T04:46:28.286+0000] {subprocess.py:93} INFO - 25/12/24 04:46:28 INFO DAGScheduler: Got map stage job 0 (count at NativeMethodAccessorImpl.java:0) with 1 output partitions
[2025-12-24T04:46:28.286+0000] {subprocess.py:93} INFO - 25/12/24 04:46:28 INFO DAGScheduler: Final stage: ShuffleMapStage 0 (count at NativeMethodAccessorImpl.java:0)
[2025-12-24T04:46:28.287+0000] {subprocess.py:93} INFO - 25/12/24 04:46:28 INFO DAGScheduler: Parents of final stage: List()
[2025-12-24T04:46:28.288+0000] {subprocess.py:93} INFO - 25/12/24 04:46:28 INFO DAGScheduler: Missing parents: List()
[2025-12-24T04:46:28.290+0000] {subprocess.py:93} INFO - 25/12/24 04:46:28 INFO DAGScheduler: Submitting ShuffleMapStage 0 (MapPartitionsRDD[3] at count at NativeMethodAccessorImpl.java:0), which has no missing parents
[2025-12-24T04:46:28.416+0000] {subprocess.py:93} INFO - 25/12/24 04:46:28 INFO MemoryStore: Block broadcast_0 stored as values in memory (estimated size 14.3 KiB, free 434.4 MiB)
[2025-12-24T04:46:28.453+0000] {subprocess.py:93} INFO - 25/12/24 04:46:28 INFO MemoryStore: Block broadcast_0_piece0 stored as bytes in memory (estimated size 7.0 KiB, free 434.4 MiB)
[2025-12-24T04:46:28.456+0000] {subprocess.py:93} INFO - 25/12/24 04:46:28 INFO BlockManagerInfo: Added broadcast_0_piece0 in memory on 6717a07eada2:40361 (size: 7.0 KiB, free: 434.4 MiB)
[2025-12-24T04:46:28.459+0000] {subprocess.py:93} INFO - 25/12/24 04:46:28 INFO SparkContext: Created broadcast 0 from broadcast at DAGScheduler.scala:1585
[2025-12-24T04:46:28.485+0000] {subprocess.py:93} INFO - 25/12/24 04:46:28 INFO DAGScheduler: Submitting 1 missing tasks from ShuffleMapStage 0 (MapPartitionsRDD[3] at count at NativeMethodAccessorImpl.java:0) (first 15 tasks are for partitions Vector(0))
[2025-12-24T04:46:28.487+0000] {subprocess.py:93} INFO - 25/12/24 04:46:28 INFO TaskSchedulerImpl: Adding task set 0.0 with 1 tasks resource profile 0
[2025-12-24T04:46:28.580+0000] {subprocess.py:93} INFO - 25/12/24 04:46:28 INFO TaskSetManager: Starting task 0.0 in stage 0.0 (TID 0) (6717a07eada2, executor driver, partition 0, PROCESS_LOCAL, 8871 bytes)
[2025-12-24T04:46:28.608+0000] {subprocess.py:93} INFO - 25/12/24 04:46:28 INFO Executor: Running task 0.0 in stage 0.0 (TID 0)
[2025-12-24T04:46:28.698+0000] {subprocess.py:93} INFO - 25/12/24 04:46:28 INFO CodeGenerator: Code generated in 15.803579 ms
[2025-12-24T04:46:28.753+0000] {subprocess.py:93} INFO - 25/12/24 04:46:28 INFO CodeGenerator: Code generated in 13.595724 ms
[2025-12-24T04:46:28.919+0000] {subprocess.py:93} INFO - 25/12/24 04:46:28 INFO Executor: Finished task 0.0 in stage 0.0 (TID 0). 1971 bytes result sent to driver
[2025-12-24T04:46:28.929+0000] {subprocess.py:93} INFO - 25/12/24 04:46:28 INFO TaskSetManager: Finished task 0.0 in stage 0.0 (TID 0) in 385 ms on 6717a07eada2 (executor driver) (1/1)
[2025-12-24T04:46:28.931+0000] {subprocess.py:93} INFO - 25/12/24 04:46:28 INFO TaskSchedulerImpl: Removed TaskSet 0.0, whose tasks have all completed, from pool
[2025-12-24T04:46:28.938+0000] {subprocess.py:93} INFO - 25/12/24 04:46:28 INFO DAGScheduler: ShuffleMapStage 0 (count at NativeMethodAccessorImpl.java:0) finished in 0.637 s
[2025-12-24T04:46:28.938+0000] {subprocess.py:93} INFO - 25/12/24 04:46:28 INFO DAGScheduler: looking for newly runnable stages
[2025-12-24T04:46:28.938+0000] {subprocess.py:93} INFO - 25/12/24 04:46:28 INFO DAGScheduler: running: Set()
[2025-12-24T04:46:28.938+0000] {subprocess.py:93} INFO - 25/12/24 04:46:28 INFO DAGScheduler: waiting: Set()
[2025-12-24T04:46:28.938+0000] {subprocess.py:93} INFO - 25/12/24 04:46:28 INFO DAGScheduler: failed: Set()
[2025-12-24T04:46:28.987+0000] {subprocess.py:93} INFO - 25/12/24 04:46:28 INFO CodeGenerator: Code generated in 17.962024 ms
[2025-12-24T04:46:29.023+0000] {subprocess.py:93} INFO - 25/12/24 04:46:29 INFO SparkContext: Starting job: count at NativeMethodAccessorImpl.java:0
[2025-12-24T04:46:29.028+0000] {subprocess.py:93} INFO - 25/12/24 04:46:29 INFO DAGScheduler: Got job 1 (count at NativeMethodAccessorImpl.java:0) with 1 output partitions
[2025-12-24T04:46:29.029+0000] {subprocess.py:93} INFO - 25/12/24 04:46:29 INFO DAGScheduler: Final stage: ResultStage 2 (count at NativeMethodAccessorImpl.java:0)
[2025-12-24T04:46:29.038+0000] {subprocess.py:93} INFO - 25/12/24 04:46:29 INFO DAGScheduler: Parents of final stage: List(ShuffleMapStage 1)
[2025-12-24T04:46:29.039+0000] {subprocess.py:93} INFO - 25/12/24 04:46:29 INFO DAGScheduler: Missing parents: List()
[2025-12-24T04:46:29.042+0000] {subprocess.py:93} INFO - 25/12/24 04:46:29 INFO DAGScheduler: Submitting ResultStage 2 (MapPartitionsRDD[6] at count at NativeMethodAccessorImpl.java:0), which has no missing parents
[2025-12-24T04:46:29.059+0000] {subprocess.py:93} INFO - 25/12/24 04:46:29 INFO MemoryStore: Block broadcast_1 stored as values in memory (estimated size 12.5 KiB, free 434.4 MiB)
[2025-12-24T04:46:29.070+0000] {subprocess.py:93} INFO - 25/12/24 04:46:29 INFO MemoryStore: Block broadcast_1_piece0 stored as bytes in memory (estimated size 5.9 KiB, free 434.4 MiB)
[2025-12-24T04:46:29.073+0000] {subprocess.py:93} INFO - 25/12/24 04:46:29 INFO BlockManagerInfo: Added broadcast_1_piece0 in memory on 6717a07eada2:40361 (size: 5.9 KiB, free: 434.4 MiB)
[2025-12-24T04:46:29.074+0000] {subprocess.py:93} INFO - 25/12/24 04:46:29 INFO SparkContext: Created broadcast 1 from broadcast at DAGScheduler.scala:1585
[2025-12-24T04:46:29.077+0000] {subprocess.py:93} INFO - 25/12/24 04:46:29 INFO DAGScheduler: Submitting 1 missing tasks from ResultStage 2 (MapPartitionsRDD[6] at count at NativeMethodAccessorImpl.java:0) (first 15 tasks are for partitions Vector(0))
[2025-12-24T04:46:29.079+0000] {subprocess.py:93} INFO - 25/12/24 04:46:29 INFO TaskSchedulerImpl: Adding task set 2.0 with 1 tasks resource profile 0
[2025-12-24T04:46:29.083+0000] {subprocess.py:93} INFO - 25/12/24 04:46:29 INFO TaskSetManager: Starting task 0.0 in stage 2.0 (TID 1) (6717a07eada2, executor driver, partition 0, NODE_LOCAL, 8626 bytes)
[2025-12-24T04:46:29.083+0000] {subprocess.py:93} INFO - 25/12/24 04:46:29 INFO Executor: Running task 0.0 in stage 2.0 (TID 1)
[2025-12-24T04:46:29.085+0000] {subprocess.py:93} INFO - 25/12/24 04:46:29 INFO BlockManagerInfo: Removed broadcast_0_piece0 on 6717a07eada2:40361 in memory (size: 7.0 KiB, free: 434.4 MiB)
[2025-12-24T04:46:29.128+0000] {subprocess.py:93} INFO - 25/12/24 04:46:29 INFO ShuffleBlockFetcherIterator: Getting 1 (60.0 B) non-empty blocks including 1 (60.0 B) local and 0 (0.0 B) host-local and 0 (0.0 B) push-merged-local and 0 (0.0 B) remote blocks
[2025-12-24T04:46:29.130+0000] {subprocess.py:93} INFO - 25/12/24 04:46:29 INFO ShuffleBlockFetcherIterator: Started 0 remote fetches in 8 ms
[2025-12-24T04:46:29.144+0000] {subprocess.py:93} INFO - 25/12/24 04:46:29 INFO CodeGenerator: Code generated in 9.271664 ms
[2025-12-24T04:46:29.165+0000] {subprocess.py:93} INFO - 25/12/24 04:46:29 INFO Executor: Finished task 0.0 in stage 2.0 (TID 1). 4081 bytes result sent to driver
[2025-12-24T04:46:29.173+0000] {subprocess.py:93} INFO - 25/12/24 04:46:29 INFO TaskSetManager: Finished task 0.0 in stage 2.0 (TID 1) in 92 ms on 6717a07eada2 (executor driver) (1/1)
[2025-12-24T04:46:29.174+0000] {subprocess.py:93} INFO - 25/12/24 04:46:29 INFO TaskSchedulerImpl: Removed TaskSet 2.0, whose tasks have all completed, from pool
[2025-12-24T04:46:29.174+0000] {subprocess.py:93} INFO - 25/12/24 04:46:29 INFO DAGScheduler: ResultStage 2 (count at NativeMethodAccessorImpl.java:0) finished in 0.119 s
[2025-12-24T04:46:29.174+0000] {subprocess.py:93} INFO - 25/12/24 04:46:29 INFO DAGScheduler: Job 1 is finished. Cancelling potential speculative or zombie tasks for this job
[2025-12-24T04:46:29.176+0000] {subprocess.py:93} INFO - 25/12/24 04:46:29 INFO TaskSchedulerImpl: Killing all running tasks in stage 2: Stage finished
[2025-12-24T04:46:29.177+0000] {subprocess.py:93} INFO - 25/12/24 04:46:29 INFO DAGScheduler: Job 1 finished: count at NativeMethodAccessorImpl.java:0, took 0.154339 s
[2025-12-24T04:46:29.184+0000] {subprocess.py:93} INFO - 📥 Nombre de documents MongoDB : 8829
[2025-12-24T04:46:29.184+0000] {subprocess.py:93} INFO - 
[2025-12-24T04:46:29.185+0000] {subprocess.py:93} INFO - 📋 Schéma MongoDB :
[2025-12-24T04:46:29.187+0000] {subprocess.py:93} INFO - root
[2025-12-24T04:46:29.187+0000] {subprocess.py:93} INFO -  |-- _id: string (nullable = true)
[2025-12-24T04:46:29.187+0000] {subprocess.py:93} INFO -  |-- category: string (nullable = true)
[2025-12-24T04:46:29.187+0000] {subprocess.py:93} INFO -  |-- city: string (nullable = true)
[2025-12-24T04:46:29.187+0000] {subprocess.py:93} INFO -  |-- comment: void (nullable = true)
[2025-12-24T04:46:29.187+0000] {subprocess.py:93} INFO -  |-- created: string (nullable = true)
[2025-12-24T04:46:29.187+0000] {subprocess.py:93} INFO -  |-- created_at: string (nullable = true)
[2025-12-24T04:46:29.188+0000] {subprocess.py:93} INFO -  |-- date: integer (nullable = true)
[2025-12-24T04:46:29.188+0000] {subprocess.py:93} INFO -  |-- date_creation: string (nullable = true)
[2025-12-24T04:46:29.188+0000] {subprocess.py:93} INFO -  |-- date_signalement: string (nullable = true)
[2025-12-24T04:46:29.188+0000] {subprocess.py:93} INFO -  |-- delai_traitement: integer (nullable = true)
[2025-12-24T04:46:29.188+0000] {subprocess.py:93} INFO -  |-- description: string (nullable = true)
[2025-12-24T04:46:29.188+0000] {subprocess.py:93} INFO -  |-- district: string (nullable = true)
[2025-12-24T04:46:29.188+0000] {subprocess.py:93} INFO -  |-- event: struct (nullable = true)
[2025-12-24T04:46:29.188+0000] {subprocess.py:93} INFO -  |    |-- id: string (nullable = true)
[2025-12-24T04:46:29.188+0000] {subprocess.py:93} INFO -  |    |-- timestamp: double (nullable = true)
[2025-12-24T04:46:29.188+0000] {subprocess.py:93} INFO -  |    |-- payload: struct (nullable = true)
[2025-12-24T04:46:29.189+0000] {subprocess.py:93} INFO -  |    |    |-- type: string (nullable = true)
[2025-12-24T04:46:29.189+0000] {subprocess.py:93} INFO -  |    |    |-- commune: string (nullable = true)
[2025-12-24T04:46:29.189+0000] {subprocess.py:93} INFO -  |    |    |-- quartier: string (nullable = true)
[2025-12-24T04:46:29.189+0000] {subprocess.py:93} INFO -  |-- event_date: string (nullable = true)
[2025-12-24T04:46:29.189+0000] {subprocess.py:93} INFO -  |-- geo: string (nullable = true)
[2025-12-24T04:46:29.190+0000] {subprocess.py:93} INFO -  |-- id: string (nullable = true)
[2025-12-24T04:46:29.190+0000] {subprocess.py:93} INFO -  |-- localisation: string (nullable = true)
[2025-12-24T04:46:29.190+0000] {subprocess.py:93} INFO -  |-- location: struct (nullable = true)
[2025-12-24T04:46:29.190+0000] {subprocess.py:93} INFO -  |    |-- commune: string (nullable = true)
[2025-12-24T04:46:29.190+0000] {subprocess.py:93} INFO -  |-- metadata: struct (nullable = true)
[2025-12-24T04:46:29.191+0000] {subprocess.py:93} INFO -  |    |-- source: string (nullable = true)
[2025-12-24T04:46:29.191+0000] {subprocess.py:93} INFO -  |    |-- ingestion_date: string (nullable = true)
[2025-12-24T04:46:29.191+0000] {subprocess.py:93} INFO -  |-- ref: string (nullable = true)
[2025-12-24T04:46:29.191+0000] {subprocess.py:93} INFO -  |-- request_id: string (nullable = true)
[2025-12-24T04:46:29.191+0000] {subprocess.py:93} INFO -  |-- service: string (nullable = true)
[2025-12-24T04:46:29.191+0000] {subprocess.py:93} INFO -  |-- service_type: string (nullable = true)
[2025-12-24T04:46:29.191+0000] {subprocess.py:93} INFO -  |-- state: string (nullable = true)
[2025-12-24T04:46:29.191+0000] {subprocess.py:93} INFO -  |-- status: string (nullable = true)
[2025-12-24T04:46:29.191+0000] {subprocess.py:93} INFO -  |-- statut: string (nullable = true)
[2025-12-24T04:46:29.191+0000] {subprocess.py:93} INFO -  |-- type: string (nullable = true)
[2025-12-24T04:46:29.192+0000] {subprocess.py:93} INFO -  |-- type_demande: string (nullable = true)
[2025-12-24T04:46:29.192+0000] {subprocess.py:93} INFO - 
[2025-12-24T04:46:29.735+0000] {subprocess.py:93} INFO - 
[2025-12-24T04:46:29.736+0000] {subprocess.py:93} INFO - 📄 Aperçu des données transformées (10 premières lignes) :
[2025-12-24T04:46:29.881+0000] {subprocess.py:93} INFO - 25/12/24 04:46:29 INFO V2ScanRelationPushDown:
[2025-12-24T04:46:29.881+0000] {subprocess.py:93} INFO - Output: _id#0, category#1, city#2, created#4, created_at#5, date_creation#7, date_signalement#8, district#11, event#12, event_date#13, id#15, localisation#16, location#17, ref#19, request_id#20, service#21, service_type#22, state#23, status#24, statut#25, type#26, type_demande#27
[2025-12-24T04:46:29.881+0000] {subprocess.py:93} INFO - 
[2025-12-24T04:46:29.919+0000] {subprocess.py:93} INFO - 25/12/24 04:46:29 INFO Partitioner: Getting collection stats for: services_publics.demandes
[2025-12-24T04:46:29.926+0000] {subprocess.py:93} INFO - 25/12/24 04:46:29 INFO Partitioner: Fewer documents (8829) than the calculated number of documents per partition (324873.0). Returning a single partition
[2025-12-24T04:46:29.942+0000] {subprocess.py:93} INFO - 25/12/24 04:46:29 INFO Partitioner: Getting collection stats for: services_publics.demandes
[2025-12-24T04:46:29.950+0000] {subprocess.py:93} INFO - 25/12/24 04:46:29 INFO Partitioner: Fewer documents (8829) than the calculated number of documents per partition (324873.0). Returning a single partition
[2025-12-24T04:46:29.996+0000] {subprocess.py:93} INFO - 25/12/24 04:46:29 INFO BlockManagerInfo: Removed broadcast_1_piece0 on 6717a07eada2:40361 in memory (size: 5.9 KiB, free: 434.4 MiB)
[2025-12-24T04:46:30.097+0000] {subprocess.py:93} INFO - 25/12/24 04:46:30 INFO CodeGenerator: Code generated in 55.362407 ms
[2025-12-24T04:46:30.114+0000] {subprocess.py:93} INFO - 25/12/24 04:46:30 INFO SparkContext: Starting job: showString at NativeMethodAccessorImpl.java:0
[2025-12-24T04:46:30.115+0000] {subprocess.py:93} INFO - 25/12/24 04:46:30 INFO DAGScheduler: Got job 2 (showString at NativeMethodAccessorImpl.java:0) with 1 output partitions
[2025-12-24T04:46:30.116+0000] {subprocess.py:93} INFO - 25/12/24 04:46:30 INFO DAGScheduler: Final stage: ResultStage 3 (showString at NativeMethodAccessorImpl.java:0)
[2025-12-24T04:46:30.116+0000] {subprocess.py:93} INFO - 25/12/24 04:46:30 INFO DAGScheduler: Parents of final stage: List()
[2025-12-24T04:46:30.117+0000] {subprocess.py:93} INFO - 25/12/24 04:46:30 INFO DAGScheduler: Missing parents: List()
[2025-12-24T04:46:30.117+0000] {subprocess.py:93} INFO - 25/12/24 04:46:30 INFO DAGScheduler: Submitting ResultStage 3 (MapPartitionsRDD[10] at showString at NativeMethodAccessorImpl.java:0), which has no missing parents
[2025-12-24T04:46:30.177+0000] {subprocess.py:93} INFO - 25/12/24 04:46:30 INFO MemoryStore: Block broadcast_2 stored as values in memory (estimated size 73.1 KiB, free 434.3 MiB)
[2025-12-24T04:46:30.178+0000] {subprocess.py:93} INFO - 25/12/24 04:46:30 INFO MemoryStore: Block broadcast_2_piece0 stored as bytes in memory (estimated size 20.1 KiB, free 434.3 MiB)
[2025-12-24T04:46:30.179+0000] {subprocess.py:93} INFO - 25/12/24 04:46:30 INFO BlockManagerInfo: Added broadcast_2_piece0 in memory on 6717a07eada2:40361 (size: 20.1 KiB, free: 434.4 MiB)
[2025-12-24T04:46:30.184+0000] {subprocess.py:93} INFO - 25/12/24 04:46:30 INFO SparkContext: Created broadcast 2 from broadcast at DAGScheduler.scala:1585
[2025-12-24T04:46:30.185+0000] {subprocess.py:93} INFO - 25/12/24 04:46:30 INFO DAGScheduler: Submitting 1 missing tasks from ResultStage 3 (MapPartitionsRDD[10] at showString at NativeMethodAccessorImpl.java:0) (first 15 tasks are for partitions Vector(0))
[2025-12-24T04:46:30.185+0000] {subprocess.py:93} INFO - 25/12/24 04:46:30 INFO TaskSchedulerImpl: Adding task set 3.0 with 1 tasks resource profile 0
[2025-12-24T04:46:30.193+0000] {subprocess.py:93} INFO - 25/12/24 04:46:30 INFO TaskSetManager: Starting task 0.0 in stage 3.0 (TID 2) (6717a07eada2, executor driver, partition 0, PROCESS_LOCAL, 9254 bytes)
[2025-12-24T04:46:30.193+0000] {subprocess.py:93} INFO - 25/12/24 04:46:30 INFO Executor: Running task 0.0 in stage 3.0 (TID 2)
[2025-12-24T04:46:30.281+0000] {subprocess.py:93} INFO - 25/12/24 04:46:30 INFO CodeGenerator: Code generated in 68.40869 ms
[2025-12-24T04:46:31.987+0000] {subprocess.py:93} INFO - 25/12/24 04:46:31 INFO CodeGenerator: Code generated in 291.711131 ms
[2025-12-24T04:46:32.020+0000] {subprocess.py:93} INFO - 25/12/24 04:46:32 INFO Executor: Finished task 0.0 in stage 3.0 (TID 2). 2561 bytes result sent to driver
[2025-12-24T04:46:32.025+0000] {subprocess.py:93} INFO - 25/12/24 04:46:32 INFO TaskSetManager: Finished task 0.0 in stage 3.0 (TID 2) in 1838 ms on 6717a07eada2 (executor driver) (1/1)
[2025-12-24T04:46:32.025+0000] {subprocess.py:93} INFO - 25/12/24 04:46:32 INFO TaskSchedulerImpl: Removed TaskSet 3.0, whose tasks have all completed, from pool
[2025-12-24T04:46:32.026+0000] {subprocess.py:93} INFO - 25/12/24 04:46:32 INFO DAGScheduler: ResultStage 3 (showString at NativeMethodAccessorImpl.java:0) finished in 1.910 s
[2025-12-24T04:46:32.026+0000] {subprocess.py:93} INFO - 25/12/24 04:46:32 INFO DAGScheduler: Job 2 is finished. Cancelling potential speculative or zombie tasks for this job
[2025-12-24T04:46:32.027+0000] {subprocess.py:93} INFO - 25/12/24 04:46:32 INFO TaskSchedulerImpl: Killing all running tasks in stage 3: Stage finished
[2025-12-24T04:46:32.027+0000] {subprocess.py:93} INFO - 25/12/24 04:46:32 INFO DAGScheduler: Job 2 finished: showString at NativeMethodAccessorImpl.java:0, took 1.912294 s
[2025-12-24T04:46:32.091+0000] {subprocess.py:93} INFO - 25/12/24 04:46:32 INFO CodeGenerator: Code generated in 33.274363 ms
[2025-12-24T04:46:32.122+0000] {subprocess.py:93} INFO - +--------------------------------+---------+-------+-----------+-------------------+--------+---------+--------+--------------+--------------------------+
[2025-12-24T04:46:32.122+0000] {subprocess.py:93} INFO - |id                              |type     |commune|quartier   |date               |latitude|longitude|statut  |source_donnees|date_ingestion            |
[2025-12-24T04:46:32.122+0000] {subprocess.py:93} INFO - +--------------------------------+---------+-------+-----------+-------------------+--------+---------+--------+--------------+--------------------------+
[2025-12-24T04:46:32.122+0000] {subprocess.py:93} INFO - |f81488aea3294579846ff4ba0e401903|eclairage|Lomé   |Djagblé    |2025-11-12 05:45:27|NULL    |NULL     |ouverte |mongodb       |2025-12-24 04:46:29.801178|
[2025-12-24T04:46:32.122+0000] {subprocess.py:93} INFO - |39dc7006aa8c48c5b434dd7b151efdc1|autre    |Lomé   |Akodésséwa |2025-11-18 00:00:00|NULL    |NULL     |pending |mongodb       |2025-12-24 04:46:29.801178|
[2025-12-24T04:46:32.123+0000] {subprocess.py:93} INFO - |2d30fb96cf9e49b6b6e406ad918b611d|voirie   |Lomé   |Adidogomé  |2025-10-27 05:45:27|NULL    |NULL     |ouverte |mongodb       |2025-12-24 04:46:29.801178|
[2025-12-24T04:46:32.123+0000] {subprocess.py:93} INFO - |3d187563dbbd4677af52f27526056381|dechets  |Kara   |Tchitchao  |2025-10-25 05:45:27|NULL    |NULL     |ouverte |mongodb       |2025-12-24 04:46:29.801178|
[2025-12-24T04:46:32.123+0000] {subprocess.py:93} INFO - |e2835851b8184be158234668792ed43d|eclairage|NULL   |NULL       |NULL               |NULL    |NULL     |closed  |mongodb       |2025-12-24 04:46:29.801178|
[2025-12-24T04:46:32.123+0000] {subprocess.py:93} INFO - |da663b202ee58791de774371955d587e|dechets  |NULL   |NULL       |NULL               |NULL    |NULL     |ouvert  |mongodb       |2025-12-24 04:46:29.801178|
[2025-12-24T04:46:32.123+0000] {subprocess.py:93} INFO - |75d4b23015a542bfbb1fb6dc24349207|eclairage|Kara   |Soumdina   |2025-12-12 05:45:27|NULL    |NULL     |ouverte |mongodb       |2025-12-24 04:46:29.801178|
[2025-12-24T04:46:32.123+0000] {subprocess.py:93} INFO - |8215a32333e748c7b1889a52c6ae0de4|eau      |Tsévié |Davié      |2025-11-17 00:00:00|NULL    |NULL     |open    |mongodb       |2025-12-24 04:46:29.801178|
[2025-12-24T04:46:32.123+0000] {subprocess.py:93} INFO - |41719727909e4401b1fe6312498f4fa9|autre    |Lomé   |Nyékonakpoè|2025-11-30 05:45:27|NULL    |NULL     |ouverte |mongodb       |2025-12-24 04:46:29.801178|
[2025-12-24T04:46:32.123+0000] {subprocess.py:93} INFO - |req_effa903a                    |voirie   |NULL   |NULL       |2025-12-15 00:00:00|NULL    |NULL     |en_cours|mongodb       |2025-12-24 04:46:29.801178|
[2025-12-24T04:46:32.123+0000] {subprocess.py:93} INFO - +--------------------------------+---------+-------+-----------+-------------------+--------+---------+--------+--------------+--------------------------+
[2025-12-24T04:46:32.124+0000] {subprocess.py:93} INFO - only showing top 10 rows
[2025-12-24T04:46:32.124+0000] {subprocess.py:93} INFO - 
[2025-12-24T04:46:32.124+0000] {subprocess.py:93} INFO - 
[2025-12-24T04:46:32.124+0000] {subprocess.py:93} INFO - 📊 Statistiques :
[2025-12-24T04:46:32.154+0000] {subprocess.py:93} INFO - 25/12/24 04:46:32 INFO V2ScanRelationPushDown:
[2025-12-24T04:46:32.155+0000] {subprocess.py:93} INFO - Output:
[2025-12-24T04:46:32.155+0000] {subprocess.py:93} INFO - 
[2025-12-24T04:46:32.168+0000] {subprocess.py:93} INFO - 25/12/24 04:46:32 INFO Partitioner: Getting collection stats for: services_publics.demandes
[2025-12-24T04:46:32.182+0000] {subprocess.py:93} INFO - 25/12/24 04:46:32 INFO Partitioner: Fewer documents (8829) than the calculated number of documents per partition (324873.0). Returning a single partition
[2025-12-24T04:46:32.191+0000] {subprocess.py:93} INFO - 25/12/24 04:46:32 INFO Partitioner: Getting collection stats for: services_publics.demandes
[2025-12-24T04:46:32.202+0000] {subprocess.py:93} INFO - 25/12/24 04:46:32 INFO Partitioner: Fewer documents (8829) than the calculated number of documents per partition (324873.0). Returning a single partition
[2025-12-24T04:46:32.232+0000] {subprocess.py:93} INFO - 25/12/24 04:46:32 INFO DAGScheduler: Registering RDD 14 (count at NativeMethodAccessorImpl.java:0) as input to shuffle 1
[2025-12-24T04:46:32.233+0000] {subprocess.py:93} INFO - 25/12/24 04:46:32 INFO DAGScheduler: Got map stage job 3 (count at NativeMethodAccessorImpl.java:0) with 1 output partitions
[2025-12-24T04:46:32.233+0000] {subprocess.py:93} INFO - 25/12/24 04:46:32 INFO DAGScheduler: Final stage: ShuffleMapStage 4 (count at NativeMethodAccessorImpl.java:0)
[2025-12-24T04:46:32.234+0000] {subprocess.py:93} INFO - 25/12/24 04:46:32 INFO DAGScheduler: Parents of final stage: List()
[2025-12-24T04:46:32.234+0000] {subprocess.py:93} INFO - 25/12/24 04:46:32 INFO DAGScheduler: Missing parents: List()
[2025-12-24T04:46:32.234+0000] {subprocess.py:93} INFO - 25/12/24 04:46:32 INFO DAGScheduler: Submitting ShuffleMapStage 4 (MapPartitionsRDD[14] at count at NativeMethodAccessorImpl.java:0), which has no missing parents
[2025-12-24T04:46:32.238+0000] {subprocess.py:93} INFO - 25/12/24 04:46:32 INFO MemoryStore: Block broadcast_3 stored as values in memory (estimated size 14.3 KiB, free 434.3 MiB)
[2025-12-24T04:46:32.239+0000] {subprocess.py:93} INFO - 25/12/24 04:46:32 INFO MemoryStore: Block broadcast_3_piece0 stored as bytes in memory (estimated size 7.0 KiB, free 434.3 MiB)
[2025-12-24T04:46:32.240+0000] {subprocess.py:93} INFO - 25/12/24 04:46:32 INFO BlockManagerInfo: Added broadcast_3_piece0 in memory on 6717a07eada2:40361 (size: 7.0 KiB, free: 434.4 MiB)
[2025-12-24T04:46:32.243+0000] {subprocess.py:93} INFO - 25/12/24 04:46:32 INFO SparkContext: Created broadcast 3 from broadcast at DAGScheduler.scala:1585
[2025-12-24T04:46:32.243+0000] {subprocess.py:93} INFO - 25/12/24 04:46:32 INFO DAGScheduler: Submitting 1 missing tasks from ShuffleMapStage 4 (MapPartitionsRDD[14] at count at NativeMethodAccessorImpl.java:0) (first 15 tasks are for partitions Vector(0))
[2025-12-24T04:46:32.244+0000] {subprocess.py:93} INFO - 25/12/24 04:46:32 INFO TaskSchedulerImpl: Adding task set 4.0 with 1 tasks resource profile 0
[2025-12-24T04:46:32.246+0000] {subprocess.py:93} INFO - 25/12/24 04:46:32 INFO TaskSetManager: Starting task 0.0 in stage 4.0 (TID 3) (6717a07eada2, executor driver, partition 0, PROCESS_LOCAL, 8871 bytes)
[2025-12-24T04:46:32.247+0000] {subprocess.py:93} INFO - 25/12/24 04:46:32 INFO Executor: Running task 0.0 in stage 4.0 (TID 3)
[2025-12-24T04:46:32.325+0000] {subprocess.py:93} INFO - 25/12/24 04:46:32 INFO Executor: Finished task 0.0 in stage 4.0 (TID 3). 1885 bytes result sent to driver
[2025-12-24T04:46:32.334+0000] {subprocess.py:93} INFO - 25/12/24 04:46:32 INFO TaskSetManager: Finished task 0.0 in stage 4.0 (TID 3) in 84 ms on 6717a07eada2 (executor driver) (1/1)
[2025-12-24T04:46:32.334+0000] {subprocess.py:93} INFO - 25/12/24 04:46:32 INFO TaskSchedulerImpl: Removed TaskSet 4.0, whose tasks have all completed, from pool
[2025-12-24T04:46:32.336+0000] {subprocess.py:93} INFO - 25/12/24 04:46:32 INFO DAGScheduler: ShuffleMapStage 4 (count at NativeMethodAccessorImpl.java:0) finished in 0.098 s
[2025-12-24T04:46:32.339+0000] {subprocess.py:93} INFO - 25/12/24 04:46:32 INFO DAGScheduler: looking for newly runnable stages
[2025-12-24T04:46:32.339+0000] {subprocess.py:93} INFO - 25/12/24 04:46:32 INFO DAGScheduler: running: Set()
[2025-12-24T04:46:32.340+0000] {subprocess.py:93} INFO - 25/12/24 04:46:32 INFO DAGScheduler: waiting: Set()
[2025-12-24T04:46:32.340+0000] {subprocess.py:93} INFO - 25/12/24 04:46:32 INFO DAGScheduler: failed: Set()
[2025-12-24T04:46:32.394+0000] {subprocess.py:93} INFO - 25/12/24 04:46:32 INFO SparkContext: Starting job: count at NativeMethodAccessorImpl.java:0
[2025-12-24T04:46:32.398+0000] {subprocess.py:93} INFO - 25/12/24 04:46:32 INFO DAGScheduler: Got job 4 (count at NativeMethodAccessorImpl.java:0) with 1 output partitions
[2025-12-24T04:46:32.399+0000] {subprocess.py:93} INFO - 25/12/24 04:46:32 INFO DAGScheduler: Final stage: ResultStage 6 (count at NativeMethodAccessorImpl.java:0)
[2025-12-24T04:46:32.401+0000] {subprocess.py:93} INFO - 25/12/24 04:46:32 INFO DAGScheduler: Parents of final stage: List(ShuffleMapStage 5)
[2025-12-24T04:46:32.401+0000] {subprocess.py:93} INFO - 25/12/24 04:46:32 INFO DAGScheduler: Missing parents: List()
[2025-12-24T04:46:32.402+0000] {subprocess.py:93} INFO - 25/12/24 04:46:32 INFO DAGScheduler: Submitting ResultStage 6 (MapPartitionsRDD[17] at count at NativeMethodAccessorImpl.java:0), which has no missing parents
[2025-12-24T04:46:32.402+0000] {subprocess.py:93} INFO - 25/12/24 04:46:32 INFO MemoryStore: Block broadcast_4 stored as values in memory (estimated size 12.5 KiB, free 434.3 MiB)
[2025-12-24T04:46:32.406+0000] {subprocess.py:93} INFO - 25/12/24 04:46:32 INFO MemoryStore: Block broadcast_4_piece0 stored as bytes in memory (estimated size 6.0 KiB, free 434.3 MiB)
[2025-12-24T04:46:32.408+0000] {subprocess.py:93} INFO - 25/12/24 04:46:32 INFO BlockManagerInfo: Added broadcast_4_piece0 in memory on 6717a07eada2:40361 (size: 6.0 KiB, free: 434.4 MiB)
[2025-12-24T04:46:32.408+0000] {subprocess.py:93} INFO - 25/12/24 04:46:32 INFO SparkContext: Created broadcast 4 from broadcast at DAGScheduler.scala:1585
[2025-12-24T04:46:32.408+0000] {subprocess.py:93} INFO - 25/12/24 04:46:32 INFO DAGScheduler: Submitting 1 missing tasks from ResultStage 6 (MapPartitionsRDD[17] at count at NativeMethodAccessorImpl.java:0) (first 15 tasks are for partitions Vector(0))
[2025-12-24T04:46:32.408+0000] {subprocess.py:93} INFO - 25/12/24 04:46:32 INFO TaskSchedulerImpl: Adding task set 6.0 with 1 tasks resource profile 0
[2025-12-24T04:46:32.411+0000] {subprocess.py:93} INFO - 25/12/24 04:46:32 INFO TaskSetManager: Starting task 0.0 in stage 6.0 (TID 4) (6717a07eada2, executor driver, partition 0, NODE_LOCAL, 8626 bytes)
[2025-12-24T04:46:32.413+0000] {subprocess.py:93} INFO - 25/12/24 04:46:32 INFO Executor: Running task 0.0 in stage 6.0 (TID 4)
[2025-12-24T04:46:32.426+0000] {subprocess.py:93} INFO - 25/12/24 04:46:32 INFO ShuffleBlockFetcherIterator: Getting 1 (60.0 B) non-empty blocks including 1 (60.0 B) local and 0 (0.0 B) host-local and 0 (0.0 B) push-merged-local and 0 (0.0 B) remote blocks
[2025-12-24T04:46:32.426+0000] {subprocess.py:93} INFO - 25/12/24 04:46:32 INFO ShuffleBlockFetcherIterator: Started 0 remote fetches in 0 ms
[2025-12-24T04:46:32.432+0000] {subprocess.py:93} INFO - 25/12/24 04:46:32 INFO Executor: Finished task 0.0 in stage 6.0 (TID 4). 4038 bytes result sent to driver
[2025-12-24T04:46:32.436+0000] {subprocess.py:93} INFO - 25/12/24 04:46:32 INFO TaskSetManager: Finished task 0.0 in stage 6.0 (TID 4) in 25 ms on 6717a07eada2 (executor driver) (1/1)
[2025-12-24T04:46:32.436+0000] {subprocess.py:93} INFO - 25/12/24 04:46:32 INFO TaskSchedulerImpl: Removed TaskSet 6.0, whose tasks have all completed, from pool
[2025-12-24T04:46:32.436+0000] {subprocess.py:93} INFO - 25/12/24 04:46:32 INFO DAGScheduler: ResultStage 6 (count at NativeMethodAccessorImpl.java:0) finished in 0.035 s
[2025-12-24T04:46:32.436+0000] {subprocess.py:93} INFO - 25/12/24 04:46:32 INFO DAGScheduler: Job 4 is finished. Cancelling potential speculative or zombie tasks for this job
[2025-12-24T04:46:32.436+0000] {subprocess.py:93} INFO - 25/12/24 04:46:32 INFO TaskSchedulerImpl: Killing all running tasks in stage 6: Stage finished
[2025-12-24T04:46:32.437+0000] {subprocess.py:93} INFO - 25/12/24 04:46:32 INFO DAGScheduler: Job 4 finished: count at NativeMethodAccessorImpl.java:0, took 0.041650 s
[2025-12-24T04:46:32.443+0000] {subprocess.py:93} INFO -   - Total documents : 8829
[2025-12-24T04:46:32.533+0000] {subprocess.py:93} INFO - 25/12/24 04:46:32 INFO V2ScanRelationPushDown:
[2025-12-24T04:46:32.534+0000] {subprocess.py:93} INFO - Pushing operators to MongoTable()
[2025-12-24T04:46:32.534+0000] {subprocess.py:93} INFO - Pushed Filters:
[2025-12-24T04:46:32.534+0000] {subprocess.py:93} INFO - Post-Scan Filters: isnotnull(coalesce(event#12.payload.type, type#26, type_demande#27, service#21, category#1, service_type#22))
[2025-12-24T04:46:32.534+0000] {subprocess.py:93} INFO - 
[2025-12-24T04:46:32.539+0000] {subprocess.py:93} INFO - 25/12/24 04:46:32 INFO V2ScanRelationPushDown:
[2025-12-24T04:46:32.540+0000] {subprocess.py:93} INFO - Output: category#1, event#12, service#21, service_type#22, type#26, type_demande#27
[2025-12-24T04:46:32.540+0000] {subprocess.py:93} INFO - 
[2025-12-24T04:46:32.559+0000] {subprocess.py:93} INFO - 25/12/24 04:46:32 INFO Partitioner: Getting collection stats for: services_publics.demandes
[2025-12-24T04:46:32.568+0000] {subprocess.py:93} INFO - 25/12/24 04:46:32 INFO Partitioner: Fewer documents (8829) than the calculated number of documents per partition (324873.0). Returning a single partition
[2025-12-24T04:46:32.592+0000] {subprocess.py:93} INFO - 25/12/24 04:46:32 INFO Partitioner: Getting collection stats for: services_publics.demandes
[2025-12-24T04:46:32.604+0000] {subprocess.py:93} INFO - 25/12/24 04:46:32 INFO Partitioner: Fewer documents (8829) than the calculated number of documents per partition (324873.0). Returning a single partition
[2025-12-24T04:46:32.663+0000] {subprocess.py:93} INFO - 25/12/24 04:46:32 INFO CodeGenerator: Code generated in 16.914021 ms
[2025-12-24T04:46:32.675+0000] {subprocess.py:93} INFO - 25/12/24 04:46:32 INFO DAGScheduler: Registering RDD 21 (count at NativeMethodAccessorImpl.java:0) as input to shuffle 2
[2025-12-24T04:46:32.676+0000] {subprocess.py:93} INFO - 25/12/24 04:46:32 INFO DAGScheduler: Got map stage job 5 (count at NativeMethodAccessorImpl.java:0) with 1 output partitions
[2025-12-24T04:46:32.676+0000] {subprocess.py:93} INFO - 25/12/24 04:46:32 INFO DAGScheduler: Final stage: ShuffleMapStage 7 (count at NativeMethodAccessorImpl.java:0)
[2025-12-24T04:46:32.676+0000] {subprocess.py:93} INFO - 25/12/24 04:46:32 INFO DAGScheduler: Parents of final stage: List()
[2025-12-24T04:46:32.677+0000] {subprocess.py:93} INFO - 25/12/24 04:46:32 INFO DAGScheduler: Missing parents: List()
[2025-12-24T04:46:32.679+0000] {subprocess.py:93} INFO - 25/12/24 04:46:32 INFO DAGScheduler: Submitting ShuffleMapStage 7 (MapPartitionsRDD[21] at count at NativeMethodAccessorImpl.java:0), which has no missing parents
[2025-12-24T04:46:32.687+0000] {subprocess.py:93} INFO - 25/12/24 04:46:32 INFO MemoryStore: Block broadcast_5 stored as values in memory (estimated size 42.5 KiB, free 434.2 MiB)
[2025-12-24T04:46:32.689+0000] {subprocess.py:93} INFO - 25/12/24 04:46:32 INFO MemoryStore: Block broadcast_5_piece0 stored as bytes in memory (estimated size 15.2 KiB, free 434.2 MiB)
[2025-12-24T04:46:32.691+0000] {subprocess.py:93} INFO - 25/12/24 04:46:32 INFO BlockManagerInfo: Added broadcast_5_piece0 in memory on 6717a07eada2:40361 (size: 15.2 KiB, free: 434.4 MiB)
[2025-12-24T04:46:32.694+0000] {subprocess.py:93} INFO - 25/12/24 04:46:32 INFO SparkContext: Created broadcast 5 from broadcast at DAGScheduler.scala:1585
[2025-12-24T04:46:32.694+0000] {subprocess.py:93} INFO - 25/12/24 04:46:32 INFO DAGScheduler: Submitting 1 missing tasks from ShuffleMapStage 7 (MapPartitionsRDD[21] at count at NativeMethodAccessorImpl.java:0) (first 15 tasks are for partitions Vector(0))
[2025-12-24T04:46:32.694+0000] {subprocess.py:93} INFO - 25/12/24 04:46:32 INFO TaskSchedulerImpl: Adding task set 7.0 with 1 tasks resource profile 0
[2025-12-24T04:46:32.696+0000] {subprocess.py:93} INFO - 25/12/24 04:46:32 INFO TaskSetManager: Starting task 0.0 in stage 7.0 (TID 5) (6717a07eada2, executor driver, partition 0, PROCESS_LOCAL, 9024 bytes)
[2025-12-24T04:46:32.699+0000] {subprocess.py:93} INFO - 25/12/24 04:46:32 INFO Executor: Running task 0.0 in stage 7.0 (TID 5)
[2025-12-24T04:46:32.730+0000] {subprocess.py:93} INFO - 25/12/24 04:46:32 INFO CodeGenerator: Code generated in 13.709387 ms
[2025-12-24T04:46:32.827+0000] {subprocess.py:93} INFO - 25/12/24 04:46:32 INFO CodeGenerator: Code generated in 68.594594 ms
[2025-12-24T04:46:32.992+0000] {subprocess.py:93} INFO - 25/12/24 04:46:32 INFO Executor: Finished task 0.0 in stage 7.0 (TID 5). 1941 bytes result sent to driver
[2025-12-24T04:46:32.995+0000] {subprocess.py:93} INFO - 25/12/24 04:46:32 INFO TaskSetManager: Finished task 0.0 in stage 7.0 (TID 5) in 299 ms on 6717a07eada2 (executor driver) (1/1)
[2025-12-24T04:46:32.995+0000] {subprocess.py:93} INFO - 25/12/24 04:46:32 INFO TaskSchedulerImpl: Removed TaskSet 7.0, whose tasks have all completed, from pool
[2025-12-24T04:46:33.000+0000] {subprocess.py:93} INFO - 25/12/24 04:46:32 INFO DAGScheduler: ShuffleMapStage 7 (count at NativeMethodAccessorImpl.java:0) finished in 0.319 s
[2025-12-24T04:46:33.001+0000] {subprocess.py:93} INFO - 25/12/24 04:46:32 INFO DAGScheduler: looking for newly runnable stages
[2025-12-24T04:46:33.001+0000] {subprocess.py:93} INFO - 25/12/24 04:46:32 INFO DAGScheduler: running: Set()
[2025-12-24T04:46:33.001+0000] {subprocess.py:93} INFO - 25/12/24 04:46:32 INFO DAGScheduler: waiting: Set()
[2025-12-24T04:46:33.001+0000] {subprocess.py:93} INFO - 25/12/24 04:46:32 INFO DAGScheduler: failed: Set()
[2025-12-24T04:46:33.024+0000] {subprocess.py:93} INFO - 25/12/24 04:46:33 INFO SparkContext: Starting job: count at NativeMethodAccessorImpl.java:0
[2025-12-24T04:46:33.026+0000] {subprocess.py:93} INFO - 25/12/24 04:46:33 INFO DAGScheduler: Got job 6 (count at NativeMethodAccessorImpl.java:0) with 1 output partitions
[2025-12-24T04:46:33.026+0000] {subprocess.py:93} INFO - 25/12/24 04:46:33 INFO DAGScheduler: Final stage: ResultStage 9 (count at NativeMethodAccessorImpl.java:0)
[2025-12-24T04:46:33.027+0000] {subprocess.py:93} INFO - 25/12/24 04:46:33 INFO DAGScheduler: Parents of final stage: List(ShuffleMapStage 8)
[2025-12-24T04:46:33.028+0000] {subprocess.py:93} INFO - 25/12/24 04:46:33 INFO DAGScheduler: Missing parents: List()
[2025-12-24T04:46:33.032+0000] {subprocess.py:93} INFO - 25/12/24 04:46:33 INFO DAGScheduler: Submitting ResultStage 9 (MapPartitionsRDD[24] at count at NativeMethodAccessorImpl.java:0), which has no missing parents
[2025-12-24T04:46:33.034+0000] {subprocess.py:93} INFO - 25/12/24 04:46:33 INFO MemoryStore: Block broadcast_6 stored as values in memory (estimated size 12.5 KiB, free 434.2 MiB)
[2025-12-24T04:46:33.035+0000] {subprocess.py:93} INFO - 25/12/24 04:46:33 INFO MemoryStore: Block broadcast_6_piece0 stored as bytes in memory (estimated size 5.9 KiB, free 434.2 MiB)
[2025-12-24T04:46:33.036+0000] {subprocess.py:93} INFO - 25/12/24 04:46:33 INFO BlockManagerInfo: Added broadcast_6_piece0 in memory on 6717a07eada2:40361 (size: 5.9 KiB, free: 434.3 MiB)
[2025-12-24T04:46:33.040+0000] {subprocess.py:93} INFO - 25/12/24 04:46:33 INFO SparkContext: Created broadcast 6 from broadcast at DAGScheduler.scala:1585
[2025-12-24T04:46:33.040+0000] {subprocess.py:93} INFO - 25/12/24 04:46:33 INFO DAGScheduler: Submitting 1 missing tasks from ResultStage 9 (MapPartitionsRDD[24] at count at NativeMethodAccessorImpl.java:0) (first 15 tasks are for partitions Vector(0))
[2025-12-24T04:46:33.040+0000] {subprocess.py:93} INFO - 25/12/24 04:46:33 INFO TaskSchedulerImpl: Adding task set 9.0 with 1 tasks resource profile 0
[2025-12-24T04:46:33.041+0000] {subprocess.py:93} INFO - 25/12/24 04:46:33 INFO TaskSetManager: Starting task 0.0 in stage 9.0 (TID 6) (6717a07eada2, executor driver, partition 0, NODE_LOCAL, 8626 bytes)
[2025-12-24T04:46:33.041+0000] {subprocess.py:93} INFO - 25/12/24 04:46:33 INFO Executor: Running task 0.0 in stage 9.0 (TID 6)
[2025-12-24T04:46:33.047+0000] {subprocess.py:93} INFO - 25/12/24 04:46:33 INFO ShuffleBlockFetcherIterator: Getting 1 (60.0 B) non-empty blocks including 1 (60.0 B) local and 0 (0.0 B) host-local and 0 (0.0 B) push-merged-local and 0 (0.0 B) remote blocks
[2025-12-24T04:46:33.047+0000] {subprocess.py:93} INFO - 25/12/24 04:46:33 INFO ShuffleBlockFetcherIterator: Started 0 remote fetches in 0 ms
[2025-12-24T04:46:33.056+0000] {subprocess.py:93} INFO - 25/12/24 04:46:33 INFO Executor: Finished task 0.0 in stage 9.0 (TID 6). 4038 bytes result sent to driver
[2025-12-24T04:46:33.056+0000] {subprocess.py:93} INFO - 25/12/24 04:46:33 INFO TaskSetManager: Finished task 0.0 in stage 9.0 (TID 6) in 17 ms on 6717a07eada2 (executor driver) (1/1)
[2025-12-24T04:46:33.056+0000] {subprocess.py:93} INFO - 25/12/24 04:46:33 INFO TaskSchedulerImpl: Removed TaskSet 9.0, whose tasks have all completed, from pool
[2025-12-24T04:46:33.057+0000] {subprocess.py:93} INFO - 25/12/24 04:46:33 INFO DAGScheduler: ResultStage 9 (count at NativeMethodAccessorImpl.java:0) finished in 0.026 s
[2025-12-24T04:46:33.059+0000] {subprocess.py:93} INFO - 25/12/24 04:46:33 INFO DAGScheduler: Job 6 is finished. Cancelling potential speculative or zombie tasks for this job
[2025-12-24T04:46:33.059+0000] {subprocess.py:93} INFO - 25/12/24 04:46:33 INFO TaskSchedulerImpl: Killing all running tasks in stage 9: Stage finished
[2025-12-24T04:46:33.060+0000] {subprocess.py:93} INFO - 25/12/24 04:46:33 INFO DAGScheduler: Job 6 finished: count at NativeMethodAccessorImpl.java:0, took 0.036168 s
[2025-12-24T04:46:33.062+0000] {subprocess.py:93} INFO -   - Avec type : 8829
[2025-12-24T04:46:33.129+0000] {subprocess.py:93} INFO - 25/12/24 04:46:33 INFO V2ScanRelationPushDown:
[2025-12-24T04:46:33.129+0000] {subprocess.py:93} INFO - Pushing operators to MongoTable()
[2025-12-24T04:46:33.129+0000] {subprocess.py:93} INFO - Pushed Filters:
[2025-12-24T04:46:33.129+0000] {subprocess.py:93} INFO - Post-Scan Filters: isnotnull(coalesce(event#12.payload.commune, city#2, location#17.commune, CASE WHEN CASE WHEN isnotnull(localisation#16) THEN RLIKE(localisation#16, ^[A-Za-zÀ-ÿ ]+$) END THEN CASE WHEN isnotnull(localisation#16) THEN localisation#16 END END))
[2025-12-24T04:46:33.130+0000] {subprocess.py:93} INFO - 
[2025-12-24T04:46:33.134+0000] {subprocess.py:93} INFO - 25/12/24 04:46:33 INFO V2ScanRelationPushDown:
[2025-12-24T04:46:33.134+0000] {subprocess.py:93} INFO - Output: city#2, event#12, localisation#16, location#17
[2025-12-24T04:46:33.135+0000] {subprocess.py:93} INFO - 
[2025-12-24T04:46:33.155+0000] {subprocess.py:93} INFO - 25/12/24 04:46:33 INFO Partitioner: Getting collection stats for: services_publics.demandes
[2025-12-24T04:46:33.158+0000] {subprocess.py:93} INFO - 25/12/24 04:46:33 INFO Partitioner: Fewer documents (8829) than the calculated number of documents per partition (324873.0). Returning a single partition
[2025-12-24T04:46:33.174+0000] {subprocess.py:93} INFO - 25/12/24 04:46:33 INFO Partitioner: Getting collection stats for: services_publics.demandes
[2025-12-24T04:46:33.184+0000] {subprocess.py:93} INFO - 25/12/24 04:46:33 INFO Partitioner: Fewer documents (8829) than the calculated number of documents per partition (324873.0). Returning a single partition
[2025-12-24T04:46:33.244+0000] {subprocess.py:93} INFO - 25/12/24 04:46:33 INFO CodeGenerator: Code generated in 16.101021 ms
[2025-12-24T04:46:33.257+0000] {subprocess.py:93} INFO - 25/12/24 04:46:33 INFO DAGScheduler: Registering RDD 28 (count at NativeMethodAccessorImpl.java:0) as input to shuffle 3
[2025-12-24T04:46:33.257+0000] {subprocess.py:93} INFO - 25/12/24 04:46:33 INFO DAGScheduler: Got map stage job 7 (count at NativeMethodAccessorImpl.java:0) with 1 output partitions
[2025-12-24T04:46:33.257+0000] {subprocess.py:93} INFO - 25/12/24 04:46:33 INFO DAGScheduler: Final stage: ShuffleMapStage 10 (count at NativeMethodAccessorImpl.java:0)
[2025-12-24T04:46:33.257+0000] {subprocess.py:93} INFO - 25/12/24 04:46:33 INFO DAGScheduler: Parents of final stage: List()
[2025-12-24T04:46:33.258+0000] {subprocess.py:93} INFO - 25/12/24 04:46:33 INFO DAGScheduler: Missing parents: List()
[2025-12-24T04:46:33.258+0000] {subprocess.py:93} INFO - 25/12/24 04:46:33 INFO DAGScheduler: Submitting ShuffleMapStage 10 (MapPartitionsRDD[28] at count at NativeMethodAccessorImpl.java:0), which has no missing parents
[2025-12-24T04:46:33.262+0000] {subprocess.py:93} INFO - 25/12/24 04:46:33 INFO MemoryStore: Block broadcast_7 stored as values in memory (estimated size 42.4 KiB, free 434.2 MiB)
[2025-12-24T04:46:33.265+0000] {subprocess.py:93} INFO - 25/12/24 04:46:33 INFO MemoryStore: Block broadcast_7_piece0 stored as bytes in memory (estimated size 15.8 KiB, free 434.1 MiB)
[2025-12-24T04:46:33.267+0000] {subprocess.py:93} INFO - 25/12/24 04:46:33 INFO BlockManagerInfo: Added broadcast_7_piece0 in memory on 6717a07eada2:40361 (size: 15.8 KiB, free: 434.3 MiB)
[2025-12-24T04:46:33.271+0000] {subprocess.py:93} INFO - 25/12/24 04:46:33 INFO SparkContext: Created broadcast 7 from broadcast at DAGScheduler.scala:1585
[2025-12-24T04:46:33.271+0000] {subprocess.py:93} INFO - 25/12/24 04:46:33 INFO DAGScheduler: Submitting 1 missing tasks from ShuffleMapStage 10 (MapPartitionsRDD[28] at count at NativeMethodAccessorImpl.java:0) (first 15 tasks are for partitions Vector(0))
[2025-12-24T04:46:33.271+0000] {subprocess.py:93} INFO - 25/12/24 04:46:33 INFO TaskSchedulerImpl: Adding task set 10.0 with 1 tasks resource profile 0
[2025-12-24T04:46:33.273+0000] {subprocess.py:93} INFO - 25/12/24 04:46:33 INFO TaskSetManager: Starting task 0.0 in stage 10.0 (TID 7) (6717a07eada2, executor driver, partition 0, PROCESS_LOCAL, 8993 bytes)
[2025-12-24T04:46:33.274+0000] {subprocess.py:93} INFO - 25/12/24 04:46:33 INFO Executor: Running task 0.0 in stage 10.0 (TID 7)
[2025-12-24T04:46:33.307+0000] {subprocess.py:93} INFO - 25/12/24 04:46:33 INFO CodeGenerator: Code generated in 19.239307 ms
[2025-12-24T04:46:33.482+0000] {subprocess.py:93} INFO - 25/12/24 04:46:33 INFO BlockManagerInfo: Removed broadcast_5_piece0 on 6717a07eada2:40361 in memory (size: 15.2 KiB, free: 434.3 MiB)
[2025-12-24T04:46:33.484+0000] {subprocess.py:93} INFO - 25/12/24 04:46:33 INFO CodeGenerator: Code generated in 136.790116 ms
[2025-12-24T04:46:33.495+0000] {subprocess.py:93} INFO - 25/12/24 04:46:33 INFO BlockManagerInfo: Removed broadcast_3_piece0 on 6717a07eada2:40361 in memory (size: 7.0 KiB, free: 434.4 MiB)
[2025-12-24T04:46:33.512+0000] {subprocess.py:93} INFO - 25/12/24 04:46:33 INFO BlockManagerInfo: Removed broadcast_4_piece0 on 6717a07eada2:40361 in memory (size: 6.0 KiB, free: 434.4 MiB)
[2025-12-24T04:46:33.530+0000] {subprocess.py:93} INFO - 25/12/24 04:46:33 INFO BlockManagerInfo: Removed broadcast_2_piece0 on 6717a07eada2:40361 in memory (size: 20.1 KiB, free: 434.4 MiB)
[2025-12-24T04:46:33.545+0000] {subprocess.py:93} INFO - 25/12/24 04:46:33 INFO BlockManagerInfo: Removed broadcast_6_piece0 on 6717a07eada2:40361 in memory (size: 5.9 KiB, free: 434.4 MiB)
[2025-12-24T04:46:33.603+0000] {subprocess.py:93} INFO - 25/12/24 04:46:33 INFO Executor: Finished task 0.0 in stage 10.0 (TID 7). 1984 bytes result sent to driver
[2025-12-24T04:46:33.604+0000] {subprocess.py:93} INFO - 25/12/24 04:46:33 INFO TaskSetManager: Finished task 0.0 in stage 10.0 (TID 7) in 331 ms on 6717a07eada2 (executor driver) (1/1)
[2025-12-24T04:46:33.604+0000] {subprocess.py:93} INFO - 25/12/24 04:46:33 INFO TaskSchedulerImpl: Removed TaskSet 10.0, whose tasks have all completed, from pool
[2025-12-24T04:46:33.609+0000] {subprocess.py:93} INFO - 25/12/24 04:46:33 INFO DAGScheduler: ShuffleMapStage 10 (count at NativeMethodAccessorImpl.java:0) finished in 0.352 s
[2025-12-24T04:46:33.609+0000] {subprocess.py:93} INFO - 25/12/24 04:46:33 INFO DAGScheduler: looking for newly runnable stages
[2025-12-24T04:46:33.610+0000] {subprocess.py:93} INFO - 25/12/24 04:46:33 INFO DAGScheduler: running: Set()
[2025-12-24T04:46:33.610+0000] {subprocess.py:93} INFO - 25/12/24 04:46:33 INFO DAGScheduler: waiting: Set()
[2025-12-24T04:46:33.610+0000] {subprocess.py:93} INFO - 25/12/24 04:46:33 INFO DAGScheduler: failed: Set()
[2025-12-24T04:46:33.651+0000] {subprocess.py:93} INFO - 25/12/24 04:46:33 INFO SparkContext: Starting job: count at NativeMethodAccessorImpl.java:0
[2025-12-24T04:46:33.654+0000] {subprocess.py:93} INFO - 25/12/24 04:46:33 INFO DAGScheduler: Got job 8 (count at NativeMethodAccessorImpl.java:0) with 1 output partitions
[2025-12-24T04:46:33.654+0000] {subprocess.py:93} INFO - 25/12/24 04:46:33 INFO DAGScheduler: Final stage: ResultStage 12 (count at NativeMethodAccessorImpl.java:0)
[2025-12-24T04:46:33.654+0000] {subprocess.py:93} INFO - 25/12/24 04:46:33 INFO DAGScheduler: Parents of final stage: List(ShuffleMapStage 11)
[2025-12-24T04:46:33.655+0000] {subprocess.py:93} INFO - 25/12/24 04:46:33 INFO DAGScheduler: Missing parents: List()
[2025-12-24T04:46:33.659+0000] {subprocess.py:93} INFO - 25/12/24 04:46:33 INFO DAGScheduler: Submitting ResultStage 12 (MapPartitionsRDD[31] at count at NativeMethodAccessorImpl.java:0), which has no missing parents
[2025-12-24T04:46:33.662+0000] {subprocess.py:93} INFO - 25/12/24 04:46:33 INFO MemoryStore: Block broadcast_8 stored as values in memory (estimated size 12.5 KiB, free 434.3 MiB)
[2025-12-24T04:46:33.664+0000] {subprocess.py:93} INFO - 25/12/24 04:46:33 INFO MemoryStore: Block broadcast_8_piece0 stored as bytes in memory (estimated size 5.9 KiB, free 434.3 MiB)
[2025-12-24T04:46:33.665+0000] {subprocess.py:93} INFO - 25/12/24 04:46:33 INFO BlockManagerInfo: Added broadcast_8_piece0 in memory on 6717a07eada2:40361 (size: 5.9 KiB, free: 434.4 MiB)
[2025-12-24T04:46:33.667+0000] {subprocess.py:93} INFO - 25/12/24 04:46:33 INFO SparkContext: Created broadcast 8 from broadcast at DAGScheduler.scala:1585
[2025-12-24T04:46:33.668+0000] {subprocess.py:93} INFO - 25/12/24 04:46:33 INFO DAGScheduler: Submitting 1 missing tasks from ResultStage 12 (MapPartitionsRDD[31] at count at NativeMethodAccessorImpl.java:0) (first 15 tasks are for partitions Vector(0))
[2025-12-24T04:46:33.669+0000] {subprocess.py:93} INFO - 25/12/24 04:46:33 INFO TaskSchedulerImpl: Adding task set 12.0 with 1 tasks resource profile 0
[2025-12-24T04:46:33.671+0000] {subprocess.py:93} INFO - 25/12/24 04:46:33 INFO TaskSetManager: Starting task 0.0 in stage 12.0 (TID 8) (6717a07eada2, executor driver, partition 0, NODE_LOCAL, 8626 bytes)
[2025-12-24T04:46:33.673+0000] {subprocess.py:93} INFO - 25/12/24 04:46:33 INFO Executor: Running task 0.0 in stage 12.0 (TID 8)
[2025-12-24T04:46:33.678+0000] {subprocess.py:93} INFO - 25/12/24 04:46:33 INFO ShuffleBlockFetcherIterator: Getting 1 (60.0 B) non-empty blocks including 1 (60.0 B) local and 0 (0.0 B) host-local and 0 (0.0 B) push-merged-local and 0 (0.0 B) remote blocks
[2025-12-24T04:46:33.679+0000] {subprocess.py:93} INFO - 25/12/24 04:46:33 INFO ShuffleBlockFetcherIterator: Started 0 remote fetches in 0 ms
[2025-12-24T04:46:33.681+0000] {subprocess.py:93} INFO - 25/12/24 04:46:33 INFO Executor: Finished task 0.0 in stage 12.0 (TID 8). 3995 bytes result sent to driver
[2025-12-24T04:46:33.684+0000] {subprocess.py:93} INFO - 25/12/24 04:46:33 INFO TaskSetManager: Finished task 0.0 in stage 12.0 (TID 8) in 13 ms on 6717a07eada2 (executor driver) (1/1)
[2025-12-24T04:46:33.685+0000] {subprocess.py:93} INFO - 25/12/24 04:46:33 INFO TaskSchedulerImpl: Removed TaskSet 12.0, whose tasks have all completed, from pool
[2025-12-24T04:46:33.688+0000] {subprocess.py:93} INFO - 25/12/24 04:46:33 INFO DAGScheduler: ResultStage 12 (count at NativeMethodAccessorImpl.java:0) finished in 0.027 s
[2025-12-24T04:46:33.688+0000] {subprocess.py:93} INFO - 25/12/24 04:46:33 INFO DAGScheduler: Job 8 is finished. Cancelling potential speculative or zombie tasks for this job
[2025-12-24T04:46:33.688+0000] {subprocess.py:93} INFO - 25/12/24 04:46:33 INFO TaskSchedulerImpl: Killing all running tasks in stage 12: Stage finished
[2025-12-24T04:46:33.688+0000] {subprocess.py:93} INFO - 25/12/24 04:46:33 INFO DAGScheduler: Job 8 finished: count at NativeMethodAccessorImpl.java:0, took 0.035685 s
[2025-12-24T04:46:33.697+0000] {subprocess.py:93} INFO -   - Avec commune : 4216
[2025-12-24T04:46:33.780+0000] {subprocess.py:93} INFO - 25/12/24 04:46:33 INFO V2ScanRelationPushDown:
[2025-12-24T04:46:33.781+0000] {subprocess.py:93} INFO - Output: _id#0, category#1, city#2, created#4, created_at#5, date_creation#7, date_signalement#8, district#11, event#12, event_date#13, id#15, localisation#16, location#17, ref#19, request_id#20, service#21, service_type#22, state#23, status#24, statut#25, type#26, type_demande#27
[2025-12-24T04:46:33.781+0000] {subprocess.py:93} INFO - 
[2025-12-24T04:46:33.810+0000] {subprocess.py:93} INFO - 25/12/24 04:46:33 INFO Partitioner: Getting collection stats for: services_publics.demandes
[2025-12-24T04:46:33.820+0000] {subprocess.py:93} INFO - 25/12/24 04:46:33 INFO Partitioner: Fewer documents (8829) than the calculated number of documents per partition (324873.0). Returning a single partition
[2025-12-24T04:46:33.838+0000] {subprocess.py:93} INFO - 25/12/24 04:46:33 INFO Partitioner: Getting collection stats for: services_publics.demandes
[2025-12-24T04:46:33.854+0000] {subprocess.py:93} INFO - 25/12/24 04:46:33 INFO Partitioner: Fewer documents (8829) than the calculated number of documents per partition (324873.0). Returning a single partition
[2025-12-24T04:46:33.916+0000] {subprocess.py:93} INFO - 25/12/24 04:46:33 INFO ParquetUtils: Using default output committer for Parquet: org.apache.parquet.hadoop.ParquetOutputCommitter
[2025-12-24T04:46:33.943+0000] {subprocess.py:93} INFO - 25/12/24 04:46:33 INFO FileOutputCommitter: File Output Committer Algorithm version is 1
[2025-12-24T04:46:33.944+0000] {subprocess.py:93} INFO - 25/12/24 04:46:33 INFO FileOutputCommitter: FileOutputCommitter skip cleanup _temporary folders under output directory:false, ignore cleanup failures: false
[2025-12-24T04:46:33.948+0000] {subprocess.py:93} INFO - 25/12/24 04:46:33 INFO SQLHadoopMapReduceCommitProtocol: Using user defined output committer class org.apache.parquet.hadoop.ParquetOutputCommitter
[2025-12-24T04:46:33.949+0000] {subprocess.py:93} INFO - 25/12/24 04:46:33 INFO FileOutputCommitter: File Output Committer Algorithm version is 1
[2025-12-24T04:46:33.950+0000] {subprocess.py:93} INFO - 25/12/24 04:46:33 INFO FileOutputCommitter: FileOutputCommitter skip cleanup _temporary folders under output directory:false, ignore cleanup failures: false
[2025-12-24T04:46:33.953+0000] {subprocess.py:93} INFO - 25/12/24 04:46:33 INFO SQLHadoopMapReduceCommitProtocol: Using output committer class org.apache.parquet.hadoop.ParquetOutputCommitter
[2025-12-24T04:46:34.047+0000] {subprocess.py:93} INFO - 25/12/24 04:46:34 INFO CodeGenerator: Code generated in 30.932431 ms
[2025-12-24T04:46:34.060+0000] {subprocess.py:93} INFO - 25/12/24 04:46:34 INFO SparkContext: Starting job: parquet at NativeMethodAccessorImpl.java:0
[2025-12-24T04:46:34.062+0000] {subprocess.py:93} INFO - 25/12/24 04:46:34 INFO DAGScheduler: Got job 9 (parquet at NativeMethodAccessorImpl.java:0) with 1 output partitions
[2025-12-24T04:46:34.064+0000] {subprocess.py:93} INFO - 25/12/24 04:46:34 INFO DAGScheduler: Final stage: ResultStage 13 (parquet at NativeMethodAccessorImpl.java:0)
[2025-12-24T04:46:34.064+0000] {subprocess.py:93} INFO - 25/12/24 04:46:34 INFO DAGScheduler: Parents of final stage: List()
[2025-12-24T04:46:34.064+0000] {subprocess.py:93} INFO - 25/12/24 04:46:34 INFO DAGScheduler: Missing parents: List()
[2025-12-24T04:46:34.064+0000] {subprocess.py:93} INFO - 25/12/24 04:46:34 INFO DAGScheduler: Submitting ResultStage 13 (MapPartitionsRDD[35] at parquet at NativeMethodAccessorImpl.java:0), which has no missing parents
[2025-12-24T04:46:34.140+0000] {subprocess.py:93} INFO - 25/12/24 04:46:34 INFO MemoryStore: Block broadcast_9 stored as values in memory (estimated size 280.6 KiB, free 434.1 MiB)
[2025-12-24T04:46:34.141+0000] {subprocess.py:93} INFO - 25/12/24 04:46:34 INFO MemoryStore: Block broadcast_9_piece0 stored as bytes in memory (estimated size 93.0 KiB, free 434.0 MiB)
[2025-12-24T04:46:34.141+0000] {subprocess.py:93} INFO - 25/12/24 04:46:34 INFO BlockManagerInfo: Added broadcast_9_piece0 in memory on 6717a07eada2:40361 (size: 93.0 KiB, free: 434.3 MiB)
[2025-12-24T04:46:34.143+0000] {subprocess.py:93} INFO - 25/12/24 04:46:34 INFO SparkContext: Created broadcast 9 from broadcast at DAGScheduler.scala:1585
[2025-12-24T04:46:34.145+0000] {subprocess.py:93} INFO - 25/12/24 04:46:34 INFO DAGScheduler: Submitting 1 missing tasks from ResultStage 13 (MapPartitionsRDD[35] at parquet at NativeMethodAccessorImpl.java:0) (first 15 tasks are for partitions Vector(0))
[2025-12-24T04:46:34.145+0000] {subprocess.py:93} INFO - 25/12/24 04:46:34 INFO TaskSchedulerImpl: Adding task set 13.0 with 1 tasks resource profile 0
[2025-12-24T04:46:34.150+0000] {subprocess.py:93} INFO - 25/12/24 04:46:34 INFO TaskSetManager: Starting task 0.0 in stage 13.0 (TID 9) (6717a07eada2, executor driver, partition 0, PROCESS_LOCAL, 9254 bytes)
[2025-12-24T04:46:34.150+0000] {subprocess.py:93} INFO - 25/12/24 04:46:34 INFO Executor: Running task 0.0 in stage 13.0 (TID 9)
[2025-12-24T04:46:34.260+0000] {subprocess.py:93} INFO - 25/12/24 04:46:34 INFO CodeGenerator: Code generated in 32.886111 ms
[2025-12-24T04:46:34.260+0000] {subprocess.py:93} INFO - 25/12/24 04:46:34 INFO FileOutputCommitter: File Output Committer Algorithm version is 1
[2025-12-24T04:46:34.262+0000] {subprocess.py:93} INFO - 25/12/24 04:46:34 INFO FileOutputCommitter: FileOutputCommitter skip cleanup _temporary folders under output directory:false, ignore cleanup failures: false
[2025-12-24T04:46:34.264+0000] {subprocess.py:93} INFO - 25/12/24 04:46:34 INFO SQLHadoopMapReduceCommitProtocol: Using user defined output committer class org.apache.parquet.hadoop.ParquetOutputCommitter
[2025-12-24T04:46:34.264+0000] {subprocess.py:93} INFO - 25/12/24 04:46:34 INFO FileOutputCommitter: File Output Committer Algorithm version is 1
[2025-12-24T04:46:34.264+0000] {subprocess.py:93} INFO - 25/12/24 04:46:34 INFO FileOutputCommitter: FileOutputCommitter skip cleanup _temporary folders under output directory:false, ignore cleanup failures: false
[2025-12-24T04:46:34.265+0000] {subprocess.py:93} INFO - 25/12/24 04:46:34 INFO SQLHadoopMapReduceCommitProtocol: Using output committer class org.apache.parquet.hadoop.ParquetOutputCommitter
[2025-12-24T04:46:34.272+0000] {subprocess.py:93} INFO - 25/12/24 04:46:34 INFO CodecConfig: Compression: SNAPPY
[2025-12-24T04:46:34.272+0000] {subprocess.py:93} INFO - 25/12/24 04:46:34 INFO CodecConfig: Compression: SNAPPY
[2025-12-24T04:46:34.292+0000] {subprocess.py:93} INFO - 25/12/24 04:46:34 INFO ParquetOutputFormat: ParquetRecordWriter [block size: 134217728b, row group padding size: 8388608b, validating: false]
[2025-12-24T04:46:34.324+0000] {subprocess.py:93} INFO - 25/12/24 04:46:34 INFO ParquetWriteSupport: Initialized Parquet WriteSupport with Catalyst schema:
[2025-12-24T04:46:34.324+0000] {subprocess.py:93} INFO - {
[2025-12-24T04:46:34.324+0000] {subprocess.py:93} INFO -   "type" : "struct",
[2025-12-24T04:46:34.324+0000] {subprocess.py:93} INFO -   "fields" : [ {
[2025-12-24T04:46:34.325+0000] {subprocess.py:93} INFO -     "name" : "id",
[2025-12-24T04:46:34.325+0000] {subprocess.py:93} INFO -     "type" : "string",
[2025-12-24T04:46:34.325+0000] {subprocess.py:93} INFO -     "nullable" : true,
[2025-12-24T04:46:34.325+0000] {subprocess.py:93} INFO -     "metadata" : { }
[2025-12-24T04:46:34.325+0000] {subprocess.py:93} INFO -   }, {
[2025-12-24T04:46:34.325+0000] {subprocess.py:93} INFO -     "name" : "type",
[2025-12-24T04:46:34.325+0000] {subprocess.py:93} INFO -     "type" : "string",
[2025-12-24T04:46:34.326+0000] {subprocess.py:93} INFO -     "nullable" : true,
[2025-12-24T04:46:34.326+0000] {subprocess.py:93} INFO -     "metadata" : { }
[2025-12-24T04:46:34.326+0000] {subprocess.py:93} INFO -   }, {
[2025-12-24T04:46:34.326+0000] {subprocess.py:93} INFO -     "name" : "commune",
[2025-12-24T04:46:34.326+0000] {subprocess.py:93} INFO -     "type" : "string",
[2025-12-24T04:46:34.326+0000] {subprocess.py:93} INFO -     "nullable" : true,
[2025-12-24T04:46:34.326+0000] {subprocess.py:93} INFO -     "metadata" : { }
[2025-12-24T04:46:34.326+0000] {subprocess.py:93} INFO -   }, {
[2025-12-24T04:46:34.326+0000] {subprocess.py:93} INFO -     "name" : "quartier",
[2025-12-24T04:46:34.326+0000] {subprocess.py:93} INFO -     "type" : "string",
[2025-12-24T04:46:34.327+0000] {subprocess.py:93} INFO -     "nullable" : true,
[2025-12-24T04:46:34.327+0000] {subprocess.py:93} INFO -     "metadata" : { }
[2025-12-24T04:46:34.327+0000] {subprocess.py:93} INFO -   }, {
[2025-12-24T04:46:34.329+0000] {subprocess.py:93} INFO -     "name" : "date",
[2025-12-24T04:46:34.329+0000] {subprocess.py:93} INFO -     "type" : "string",
[2025-12-24T04:46:34.329+0000] {subprocess.py:93} INFO -     "nullable" : true,
[2025-12-24T04:46:34.329+0000] {subprocess.py:93} INFO -     "metadata" : { }
[2025-12-24T04:46:34.329+0000] {subprocess.py:93} INFO -   }, {
[2025-12-24T04:46:34.330+0000] {subprocess.py:93} INFO -     "name" : "latitude",
[2025-12-24T04:46:34.330+0000] {subprocess.py:93} INFO -     "type" : "double",
[2025-12-24T04:46:34.332+0000] {subprocess.py:93} INFO -     "nullable" : true,
[2025-12-24T04:46:34.332+0000] {subprocess.py:93} INFO -     "metadata" : { }
[2025-12-24T04:46:34.332+0000] {subprocess.py:93} INFO -   }, {
[2025-12-24T04:46:34.333+0000] {subprocess.py:93} INFO -     "name" : "longitude",
[2025-12-24T04:46:34.333+0000] {subprocess.py:93} INFO -     "type" : "double",
[2025-12-24T04:46:34.333+0000] {subprocess.py:93} INFO -     "nullable" : true,
[2025-12-24T04:46:34.333+0000] {subprocess.py:93} INFO -     "metadata" : { }
[2025-12-24T04:46:34.333+0000] {subprocess.py:93} INFO -   }, {
[2025-12-24T04:46:34.333+0000] {subprocess.py:93} INFO -     "name" : "statut",
[2025-12-24T04:46:34.334+0000] {subprocess.py:93} INFO -     "type" : "string",
[2025-12-24T04:46:34.334+0000] {subprocess.py:93} INFO -     "nullable" : false,
[2025-12-24T04:46:34.334+0000] {subprocess.py:93} INFO -     "metadata" : { }
[2025-12-24T04:46:34.336+0000] {subprocess.py:93} INFO -   }, {
[2025-12-24T04:46:34.336+0000] {subprocess.py:93} INFO -     "name" : "source_donnees",
[2025-12-24T04:46:34.337+0000] {subprocess.py:93} INFO -     "type" : "string",
[2025-12-24T04:46:34.337+0000] {subprocess.py:93} INFO -     "nullable" : false,
[2025-12-24T04:46:34.337+0000] {subprocess.py:93} INFO -     "metadata" : { }
[2025-12-24T04:46:34.337+0000] {subprocess.py:93} INFO -   }, {
[2025-12-24T04:46:34.337+0000] {subprocess.py:93} INFO -     "name" : "date_ingestion",
[2025-12-24T04:46:34.337+0000] {subprocess.py:93} INFO -     "type" : "timestamp",
[2025-12-24T04:46:34.337+0000] {subprocess.py:93} INFO -     "nullable" : false,
[2025-12-24T04:46:34.337+0000] {subprocess.py:93} INFO -     "metadata" : { }
[2025-12-24T04:46:34.337+0000] {subprocess.py:93} INFO -   } ]
[2025-12-24T04:46:34.337+0000] {subprocess.py:93} INFO - }
[2025-12-24T04:46:34.338+0000] {subprocess.py:93} INFO - and corresponding Parquet message type:
[2025-12-24T04:46:34.338+0000] {subprocess.py:93} INFO - message spark_schema {
[2025-12-24T04:46:34.339+0000] {subprocess.py:93} INFO -   optional binary id (STRING);
[2025-12-24T04:46:34.339+0000] {subprocess.py:93} INFO -   optional binary type (STRING);
[2025-12-24T04:46:34.339+0000] {subprocess.py:93} INFO -   optional binary commune (STRING);
[2025-12-24T04:46:34.339+0000] {subprocess.py:93} INFO -   optional binary quartier (STRING);
[2025-12-24T04:46:34.339+0000] {subprocess.py:93} INFO -   optional binary date (STRING);
[2025-12-24T04:46:34.340+0000] {subprocess.py:93} INFO -   optional double latitude;
[2025-12-24T04:46:34.340+0000] {subprocess.py:93} INFO -   optional double longitude;
[2025-12-24T04:46:34.342+0000] {subprocess.py:93} INFO -   required binary statut (STRING);
[2025-12-24T04:46:34.342+0000] {subprocess.py:93} INFO -   required binary source_donnees (STRING);
[2025-12-24T04:46:34.342+0000] {subprocess.py:93} INFO -   required int96 date_ingestion;
[2025-12-24T04:46:34.342+0000] {subprocess.py:93} INFO - }
[2025-12-24T04:46:34.342+0000] {subprocess.py:93} INFO - 
[2025-12-24T04:46:34.343+0000] {subprocess.py:93} INFO - 
[2025-12-24T04:46:34.434+0000] {subprocess.py:93} INFO - 25/12/24 04:46:34 INFO CodecPool: Got brand-new compressor [.snappy]
[2025-12-24T04:46:36.139+0000] {subprocess.py:93} INFO - 25/12/24 04:46:36 INFO FileOutputCommitter: Saved output of task 'attempt_202512240446346913087825069769491_0013_m_000000_9' to file:/opt/data/raw/demandes/_temporary/0/task_202512240446346913087825069769491_0013_m_000000
[2025-12-24T04:46:36.140+0000] {subprocess.py:93} INFO - 25/12/24 04:46:36 INFO SparkHadoopMapRedUtil: attempt_202512240446346913087825069769491_0013_m_000000_9: Committed. Elapsed time: 1 ms.
[2025-12-24T04:46:36.149+0000] {subprocess.py:93} INFO - 25/12/24 04:46:36 INFO Executor: Finished task 0.0 in stage 13.0 (TID 9). 2527 bytes result sent to driver
[2025-12-24T04:46:36.155+0000] {subprocess.py:93} INFO - 25/12/24 04:46:36 INFO TaskSetManager: Finished task 0.0 in stage 13.0 (TID 9) in 2008 ms on 6717a07eada2 (executor driver) (1/1)
[2025-12-24T04:46:36.159+0000] {subprocess.py:93} INFO - 25/12/24 04:46:36 INFO TaskSchedulerImpl: Removed TaskSet 13.0, whose tasks have all completed, from pool
[2025-12-24T04:46:36.160+0000] {subprocess.py:93} INFO - 25/12/24 04:46:36 INFO DAGScheduler: ResultStage 13 (parquet at NativeMethodAccessorImpl.java:0) finished in 2.091 s
[2025-12-24T04:46:36.166+0000] {subprocess.py:93} INFO - 25/12/24 04:46:36 INFO DAGScheduler: Job 9 is finished. Cancelling potential speculative or zombie tasks for this job
[2025-12-24T04:46:36.166+0000] {subprocess.py:93} INFO - 25/12/24 04:46:36 INFO TaskSchedulerImpl: Killing all running tasks in stage 13: Stage finished
[2025-12-24T04:46:36.171+0000] {subprocess.py:93} INFO - 25/12/24 04:46:36 INFO DAGScheduler: Job 9 finished: parquet at NativeMethodAccessorImpl.java:0, took 2.107002 s
[2025-12-24T04:46:36.172+0000] {subprocess.py:93} INFO - 25/12/24 04:46:36 INFO FileFormatWriter: Start to commit write Job 10a48ce6-1ee7-4d97-9e64-a5cafcb8361c.
[2025-12-24T04:46:36.211+0000] {subprocess.py:93} INFO - 25/12/24 04:46:36 INFO FileFormatWriter: Write Job 10a48ce6-1ee7-4d97-9e64-a5cafcb8361c committed. Elapsed time: 33 ms.
[2025-12-24T04:46:36.220+0000] {subprocess.py:93} INFO - 25/12/24 04:46:36 INFO FileFormatWriter: Finished processing stats for write job 10a48ce6-1ee7-4d97-9e64-a5cafcb8361c.
[2025-12-24T04:46:36.226+0000] {subprocess.py:93} INFO - 
[2025-12-24T04:46:36.227+0000] {subprocess.py:93} INFO - ✅ Ingestion MongoDB → RAW terminée
[2025-12-24T04:46:36.227+0000] {subprocess.py:93} INFO - ✅ 8829 lignes écrites dans /opt/data/raw/demandes
[2025-12-24T04:46:36.231+0000] {subprocess.py:93} INFO - 25/12/24 04:46:36 INFO SparkContext: SparkContext is stopping with exitCode 0.
[2025-12-24T04:46:36.250+0000] {subprocess.py:93} INFO - 25/12/24 04:46:36 INFO SparkUI: Stopped Spark web UI at http://6717a07eada2:4040
[2025-12-24T04:46:36.278+0000] {subprocess.py:93} INFO - 25/12/24 04:46:36 INFO MapOutputTrackerMasterEndpoint: MapOutputTrackerMasterEndpoint stopped!
[2025-12-24T04:46:36.381+0000] {subprocess.py:93} INFO - 25/12/24 04:46:36 INFO MemoryStore: MemoryStore cleared
[2025-12-24T04:46:36.381+0000] {subprocess.py:93} INFO - 25/12/24 04:46:36 INFO BlockManager: BlockManager stopped
[2025-12-24T04:46:36.386+0000] {subprocess.py:93} INFO - 25/12/24 04:46:36 INFO BlockManagerMaster: BlockManagerMaster stopped
[2025-12-24T04:46:36.394+0000] {subprocess.py:93} INFO - 25/12/24 04:46:36 INFO OutputCommitCoordinator$OutputCommitCoordinatorEndpoint: OutputCommitCoordinator stopped!
[2025-12-24T04:46:36.412+0000] {subprocess.py:93} INFO - 25/12/24 04:46:36 INFO SparkContext: Successfully stopped SparkContext
[2025-12-24T04:46:41.236+0000] {subprocess.py:93} INFO - 25/12/24 04:46:41 INFO ShutdownHookManager: Shutdown hook called
[2025-12-24T04:46:41.236+0000] {subprocess.py:93} INFO - 25/12/24 04:46:41 INFO ShutdownHookManager: Deleting directory /tmp/spark-dd0ed128-9eed-4c69-9dbe-5d5df71d2cc2
[2025-12-24T04:46:41.243+0000] {subprocess.py:93} INFO - 25/12/24 04:46:41 INFO ShutdownHookManager: Deleting directory /tmp/spark-9fd04aa1-13dd-46eb-8269-7406b627be5e/pyspark-35b06042-4f7a-494c-ae26-b153d578d8ec
[2025-12-24T04:46:41.251+0000] {subprocess.py:93} INFO - 25/12/24 04:46:41 INFO ShutdownHookManager: Deleting directory /tmp/spark-9fd04aa1-13dd-46eb-8269-7406b627be5e
[2025-12-24T04:46:41.348+0000] {subprocess.py:97} INFO - Command exited with return code 0
[2025-12-24T04:46:41.385+0000] {taskinstance.py:1138} INFO - Marking task as SUCCESS. dag_id=pipeline_services_publics_togo, task_id=ingestion_mongodb, execution_date=20251223T020000, start_date=20251224T044615, end_date=20251224T044641
[2025-12-24T04:46:41.415+0000] {local_task_job_runner.py:234} INFO - Task exited with return code 0
[2025-12-24T04:46:41.444+0000] {taskinstance.py:3281} INFO - 1 downstream tasks scheduled from follow-on schedule check
