[2025-12-21T10:46:17.089+0000] {taskinstance.py:1957} INFO - Dependencies all met for dep_context=non-requeueable deps ti=<TaskInstance: pipeline_services_publics_togo.ingestion_mongodb manual__2025-12-21T10:41:08.906951+00:00 [queued]>
[2025-12-21T10:46:17.114+0000] {taskinstance.py:1957} INFO - Dependencies all met for dep_context=requeueable deps ti=<TaskInstance: pipeline_services_publics_togo.ingestion_mongodb manual__2025-12-21T10:41:08.906951+00:00 [queued]>
[2025-12-21T10:46:17.115+0000] {taskinstance.py:2171} INFO - Starting attempt 2 of 3
[2025-12-21T10:46:17.160+0000] {taskinstance.py:2192} INFO - Executing <Task(SparkSubmitOperator): ingestion_mongodb> on 2025-12-21 10:41:08.906951+00:00
[2025-12-21T10:46:17.172+0000] {standard_task_runner.py:60} INFO - Started process 250 to run task
[2025-12-21T10:46:17.182+0000] {standard_task_runner.py:87} INFO - Running: ['***', 'tasks', 'run', 'pipeline_services_publics_togo', 'ingestion_mongodb', 'manual__2025-12-21T10:41:08.906951+00:00', '--job-id', '25', '--raw', '--subdir', 'DAGS_FOLDER/pipeline_services_publics.py', '--cfg-path', '/tmp/tmp7g2gyo09']
[2025-12-21T10:46:17.189+0000] {standard_task_runner.py:88} INFO - Job 25: Subtask ingestion_mongodb
[2025-12-21T10:46:17.367+0000] {task_command.py:423} INFO - Running <TaskInstance: pipeline_services_publics_togo.ingestion_mongodb manual__2025-12-21T10:41:08.906951+00:00 [running]> on host a405a14f27e6
[2025-12-21T10:46:17.638+0000] {taskinstance.py:2481} INFO - Exporting env vars: AIRFLOW_CTX_DAG_OWNER='data-engineer' AIRFLOW_CTX_DAG_ID='pipeline_services_publics_togo' AIRFLOW_CTX_TASK_ID='ingestion_mongodb' AIRFLOW_CTX_EXECUTION_DATE='2025-12-21T10:41:08.906951+00:00' AIRFLOW_CTX_TRY_NUMBER='2' AIRFLOW_CTX_DAG_RUN_ID='manual__2025-12-21T10:41:08.906951+00:00'
[2025-12-21T10:46:17.641+0000] {connection.py:473} ERROR - Unable to retrieve connection from secrets backend (EnvironmentVariablesBackend). Checking subsequent secrets backend.
Traceback (most recent call last):
  File "/home/airflow/.local/lib/python3.10/site-packages/airflow/models/connection.py", line 468, in get_connection_from_secrets
    conn = secrets_backend.get_connection(conn_id=conn_id)
  File "/home/airflow/.local/lib/python3.10/site-packages/airflow/secrets/base_secrets.py", line 96, in get_connection
    value = self.get_conn_value(conn_id=conn_id)
  File "/home/airflow/.local/lib/python3.10/site-packages/airflow/secrets/environment_variables.py", line 51, in get_conn_value
    return os.environ.get(CONN_ENV_PREFIX + conn_id.upper())
AttributeError: 'NoneType' object has no attribute 'upper'
[2025-12-21T10:46:17.680+0000] {spark_submit.py:273} INFO - Could not load connection string None, defaulting to yarn
[2025-12-21T10:46:17.682+0000] {spark_submit.py:403} INFO - Spark-Submit cmd: spark-submit --master yarn --conf spark.master=local[*] --packages org.mongodb.spark:mongo-spark-connector_2.12:10.2.0 --executor-memory 2G --driver-memory 1G --name arrow-spark /opt/***/spark_jobs/ingestion.py
[2025-12-21T10:46:17.834+0000] {spark_submit.py:579} INFO - JAVA_HOME is not set
[2025-12-21T10:46:17.877+0000] {taskinstance.py:2699} ERROR - Task failed with exception
Traceback (most recent call last):
  File "/home/airflow/.local/lib/python3.10/site-packages/airflow/models/taskinstance.py", line 433, in _execute_task
    result = execute_callable(context=context, **execute_callable_kwargs)
  File "/home/airflow/.local/lib/python3.10/site-packages/airflow/providers/apache/spark/operators/spark_submit.py", line 174, in execute
    self._hook.submit(self.application)
  File "/home/airflow/.local/lib/python3.10/site-packages/airflow/providers/apache/spark/hooks/spark_submit.py", line 505, in submit
    raise AirflowException(
airflow.exceptions.AirflowException: Cannot execute: spark-submit --master yarn --conf spark.master=local[*] --packages org.mongodb.spark:mongo-spark-connector_2.12:10.2.0 --executor-memory 2G --driver-memory 1G --name arrow-spark /opt/***/spark_jobs/ingestion.py. Error code is: 1.
[2025-12-21T10:46:17.887+0000] {taskinstance.py:1138} INFO - Marking task as UP_FOR_RETRY. dag_id=pipeline_services_publics_togo, task_id=ingestion_mongodb, execution_date=20251221T104108, start_date=20251221T104617, end_date=20251221T104617
[2025-12-21T10:46:17.932+0000] {standard_task_runner.py:107} ERROR - Failed to execute job 25 for task ingestion_mongodb (Cannot execute: spark-submit --master yarn --conf spark.master=local[*] --packages org.mongodb.spark:mongo-spark-connector_2.12:10.2.0 --executor-memory 2G --driver-memory 1G --name arrow-spark /opt/***/spark_jobs/ingestion.py. Error code is: 1.; 250)
[2025-12-21T10:46:17.958+0000] {local_task_job_runner.py:234} INFO - Task exited with return code 1
[2025-12-21T10:46:17.997+0000] {taskinstance.py:3281} INFO - 0 downstream tasks scheduled from follow-on schedule check
