[2025-12-21T19:20:14.030+0000] {taskinstance.py:1957} INFO - Dependencies all met for dep_context=non-requeueable deps ti=<TaskInstance: pipeline_services_publics_togo.ingestion_mongodb manual__2025-12-21T19:14:41.824505+00:00 [queued]>
[2025-12-21T19:20:14.042+0000] {taskinstance.py:1957} INFO - Dependencies all met for dep_context=requeueable deps ti=<TaskInstance: pipeline_services_publics_togo.ingestion_mongodb manual__2025-12-21T19:14:41.824505+00:00 [queued]>
[2025-12-21T19:20:14.042+0000] {taskinstance.py:2171} INFO - Starting attempt 2 of 3
[2025-12-21T19:20:14.059+0000] {taskinstance.py:2192} INFO - Executing <Task(BashOperator): ingestion_mongodb> on 2025-12-21 19:14:41.824505+00:00
[2025-12-21T19:20:14.068+0000] {standard_task_runner.py:60} INFO - Started process 427 to run task
[2025-12-21T19:20:14.074+0000] {standard_task_runner.py:87} INFO - Running: ['***', 'tasks', 'run', 'pipeline_services_publics_togo', 'ingestion_mongodb', 'manual__2025-12-21T19:14:41.824505+00:00', '--job-id', '11', '--raw', '--subdir', 'DAGS_FOLDER/pipeline_services_publics.py', '--cfg-path', '/tmp/tmpss5emj9f']
[2025-12-21T19:20:14.077+0000] {standard_task_runner.py:88} INFO - Job 11: Subtask ingestion_mongodb
[2025-12-21T19:20:14.147+0000] {task_command.py:423} INFO - Running <TaskInstance: pipeline_services_publics_togo.ingestion_mongodb manual__2025-12-21T19:14:41.824505+00:00 [running]> on host 8a1c1bf9c649
[2025-12-21T19:20:14.242+0000] {taskinstance.py:2481} INFO - Exporting env vars: AIRFLOW_CTX_DAG_OWNER='data-engineer' AIRFLOW_CTX_DAG_ID='pipeline_services_publics_togo' AIRFLOW_CTX_TASK_ID='ingestion_mongodb' AIRFLOW_CTX_EXECUTION_DATE='2025-12-21T19:14:41.824505+00:00' AIRFLOW_CTX_TRY_NUMBER='2' AIRFLOW_CTX_DAG_RUN_ID='manual__2025-12-21T19:14:41.824505+00:00'
[2025-12-21T19:20:14.243+0000] {subprocess.py:63} INFO - Tmp dir root location: /tmp
[2025-12-21T19:20:14.244+0000] {subprocess.py:75} INFO - Running command: ['/usr/bin/bash', '-c', '\n    /opt/spark/bin/spark-submit       --master spark://spark-master:7077       --packages org.mongodb.spark:mongo-spark-connector_2.12:10.2.1       --executor-memory 2G       --driver-memory 1G       /opt/***/spark_jobs/ingestion.py\n    ']
[2025-12-21T19:20:14.263+0000] {subprocess.py:86} INFO - Output:
[2025-12-21T19:20:16.169+0000] {subprocess.py:93} INFO - :: loading settings :: url = jar:file:/opt/spark/jars/ivy-2.5.1.jar!/org/apache/ivy/core/settings/ivysettings.xml
[2025-12-21T19:20:16.235+0000] {subprocess.py:93} INFO - Ivy Default Cache set to: /home/***/.ivy2/cache
[2025-12-21T19:20:16.236+0000] {subprocess.py:93} INFO - The jars for the packages stored in: /home/***/.ivy2/jars
[2025-12-21T19:20:16.240+0000] {subprocess.py:93} INFO - org.mongodb.spark#mongo-spark-connector_2.12 added as a dependency
[2025-12-21T19:20:16.241+0000] {subprocess.py:93} INFO - :: resolving dependencies :: org.apache.spark#spark-submit-parent-90b1fe7e-cf4b-4af8-84ad-e18b780d3845;1.0
[2025-12-21T19:20:16.241+0000] {subprocess.py:93} INFO - 	confs: [default]
[2025-12-21T19:20:16.337+0000] {subprocess.py:93} INFO - 	found org.mongodb.spark#mongo-spark-connector_2.12;10.2.1 in central
[2025-12-21T19:20:20.281+0000] {subprocess.py:93} INFO - 	found org.mongodb#mongodb-driver-sync;4.8.2 in central
[2025-12-21T19:20:20.282+0000] {subprocess.py:93} INFO - 	[4.8.2] org.mongodb#mongodb-driver-sync;[4.8.1,4.8.99)
[2025-12-21T19:20:20.343+0000] {subprocess.py:93} INFO - 	found org.mongodb#bson;4.8.2 in central
[2025-12-21T19:20:20.474+0000] {subprocess.py:93} INFO - 	found org.mongodb#mongodb-driver-core;4.8.2 in central
[2025-12-21T19:20:20.546+0000] {subprocess.py:93} INFO - 	found org.mongodb#bson-record-codec;4.8.2 in central
[2025-12-21T19:20:20.586+0000] {subprocess.py:93} INFO - :: resolution report :: resolve 4327ms :: artifacts dl 15ms
[2025-12-21T19:20:20.586+0000] {subprocess.py:93} INFO - 	:: modules in use:
[2025-12-21T19:20:20.587+0000] {subprocess.py:93} INFO - 	org.mongodb#bson;4.8.2 from central in [default]
[2025-12-21T19:20:20.587+0000] {subprocess.py:93} INFO - 	org.mongodb#bson-record-codec;4.8.2 from central in [default]
[2025-12-21T19:20:20.587+0000] {subprocess.py:93} INFO - 	org.mongodb#mongodb-driver-core;4.8.2 from central in [default]
[2025-12-21T19:20:20.587+0000] {subprocess.py:93} INFO - 	org.mongodb#mongodb-driver-sync;4.8.2 from central in [default]
[2025-12-21T19:20:20.587+0000] {subprocess.py:93} INFO - 	org.mongodb.spark#mongo-spark-connector_2.12;10.2.1 from central in [default]
[2025-12-21T19:20:20.587+0000] {subprocess.py:93} INFO - 	---------------------------------------------------------------------
[2025-12-21T19:20:20.588+0000] {subprocess.py:93} INFO - 	|                  |            modules            ||   artifacts   |
[2025-12-21T19:20:20.588+0000] {subprocess.py:93} INFO - 	|       conf       | number| search|dwnlded|evicted|| number|dwnlded|
[2025-12-21T19:20:20.588+0000] {subprocess.py:93} INFO - 	---------------------------------------------------------------------
[2025-12-21T19:20:20.588+0000] {subprocess.py:93} INFO - 	|      default     |   5   |   1   |   0   |   0   ||   5   |   0   |
[2025-12-21T19:20:20.588+0000] {subprocess.py:93} INFO - 	---------------------------------------------------------------------
[2025-12-21T19:20:20.599+0000] {subprocess.py:93} INFO - :: retrieving :: org.apache.spark#spark-submit-parent-90b1fe7e-cf4b-4af8-84ad-e18b780d3845
[2025-12-21T19:20:20.599+0000] {subprocess.py:93} INFO - 	confs: [default]
[2025-12-21T19:20:20.618+0000] {subprocess.py:93} INFO - 	5 artifacts copied, 0 already retrieved (2370kB/20ms)
[2025-12-21T19:20:20.904+0000] {subprocess.py:93} INFO - 25/12/21 19:20:20 WARN NativeCodeLoader: Unable to load native-hadoop library for your platform... using builtin-java classes where applicable
[2025-12-21T19:20:22.149+0000] {subprocess.py:93} INFO - 25/12/21 19:20:22 INFO SparkContext: Running Spark version 3.5.1
[2025-12-21T19:20:22.151+0000] {subprocess.py:93} INFO - 25/12/21 19:20:22 INFO SparkContext: OS info Linux, 6.8.0-90-generic, amd64
[2025-12-21T19:20:22.151+0000] {subprocess.py:93} INFO - 25/12/21 19:20:22 INFO SparkContext: Java version 17.0.17
[2025-12-21T19:20:22.185+0000] {subprocess.py:93} INFO - 25/12/21 19:20:22 INFO ResourceUtils: ==============================================================
[2025-12-21T19:20:22.186+0000] {subprocess.py:93} INFO - 25/12/21 19:20:22 INFO ResourceUtils: No custom resources configured for spark.driver.
[2025-12-21T19:20:22.187+0000] {subprocess.py:93} INFO - 25/12/21 19:20:22 INFO ResourceUtils: ==============================================================
[2025-12-21T19:20:22.187+0000] {subprocess.py:93} INFO - 25/12/21 19:20:22 INFO SparkContext: Submitted application: Ingestion_MongoDB_Raw
[2025-12-21T19:20:22.243+0000] {subprocess.py:93} INFO - 25/12/21 19:20:22 INFO ResourceProfile: Default ResourceProfile created, executor resources: Map(memory -> name: memory, amount: 2048, script: , vendor: , offHeap -> name: offHeap, amount: 0, script: , vendor: ), task resources: Map(cpus -> name: cpus, amount: 1.0)
[2025-12-21T19:20:22.258+0000] {subprocess.py:93} INFO - 25/12/21 19:20:22 INFO ResourceProfile: Limiting resource is cpu
[2025-12-21T19:20:22.261+0000] {subprocess.py:93} INFO - 25/12/21 19:20:22 INFO ResourceProfileManager: Added ResourceProfile id: 0
[2025-12-21T19:20:22.369+0000] {subprocess.py:93} INFO - 25/12/21 19:20:22 INFO SecurityManager: Changing view acls to: ***
[2025-12-21T19:20:22.370+0000] {subprocess.py:93} INFO - 25/12/21 19:20:22 INFO SecurityManager: Changing modify acls to: ***
[2025-12-21T19:20:22.371+0000] {subprocess.py:93} INFO - 25/12/21 19:20:22 INFO SecurityManager: Changing view acls groups to:
[2025-12-21T19:20:22.373+0000] {subprocess.py:93} INFO - 25/12/21 19:20:22 INFO SecurityManager: Changing modify acls groups to:
[2025-12-21T19:20:22.373+0000] {subprocess.py:93} INFO - 25/12/21 19:20:22 INFO SecurityManager: SecurityManager: authentication disabled; ui acls disabled; users with view permissions: ***; groups with view permissions: EMPTY; users with modify permissions: ***; groups with modify permissions: EMPTY
[2025-12-21T19:20:22.609+0000] {subprocess.py:93} INFO - 25/12/21 19:20:22 INFO Utils: Successfully started service 'sparkDriver' on port 38359.
[2025-12-21T19:20:22.640+0000] {subprocess.py:93} INFO - 25/12/21 19:20:22 INFO SparkEnv: Registering MapOutputTracker
[2025-12-21T19:20:22.673+0000] {subprocess.py:93} INFO - 25/12/21 19:20:22 INFO SparkEnv: Registering BlockManagerMaster
[2025-12-21T19:20:22.691+0000] {subprocess.py:93} INFO - 25/12/21 19:20:22 INFO BlockManagerMasterEndpoint: Using org.apache.spark.storage.DefaultTopologyMapper for getting topology information
[2025-12-21T19:20:22.693+0000] {subprocess.py:93} INFO - 25/12/21 19:20:22 INFO BlockManagerMasterEndpoint: BlockManagerMasterEndpoint up
[2025-12-21T19:20:22.696+0000] {subprocess.py:93} INFO - 25/12/21 19:20:22 INFO SparkEnv: Registering BlockManagerMasterHeartbeat
[2025-12-21T19:20:22.731+0000] {subprocess.py:93} INFO - 25/12/21 19:20:22 INFO DiskBlockManager: Created local directory at /tmp/blockmgr-dd5fe57f-db75-40b5-b391-f7a4d95e786e
[2025-12-21T19:20:22.746+0000] {subprocess.py:93} INFO - 25/12/21 19:20:22 INFO MemoryStore: MemoryStore started with capacity 434.4 MiB
[2025-12-21T19:20:22.759+0000] {subprocess.py:93} INFO - 25/12/21 19:20:22 INFO SparkEnv: Registering OutputCommitCoordinator
[2025-12-21T19:20:22.888+0000] {subprocess.py:93} INFO - 25/12/21 19:20:22 INFO JettyUtils: Start Jetty 0.0.0.0:4040 for SparkUI
[2025-12-21T19:20:22.994+0000] {subprocess.py:93} INFO - 25/12/21 19:20:22 INFO Utils: Successfully started service 'SparkUI' on port 4040.
[2025-12-21T19:20:23.075+0000] {subprocess.py:93} INFO - 25/12/21 19:20:23 INFO SparkContext: Added JAR file:///home/***/.ivy2/jars/org.mongodb.spark_mongo-spark-connector_2.12-10.2.1.jar at spark://8a1c1bf9c649:38359/jars/org.mongodb.spark_mongo-spark-connector_2.12-10.2.1.jar with timestamp 1766344822142
[2025-12-21T19:20:23.075+0000] {subprocess.py:93} INFO - 25/12/21 19:20:23 INFO SparkContext: Added JAR file:///home/***/.ivy2/jars/org.mongodb_mongodb-driver-sync-4.8.2.jar at spark://8a1c1bf9c649:38359/jars/org.mongodb_mongodb-driver-sync-4.8.2.jar with timestamp 1766344822142
[2025-12-21T19:20:23.076+0000] {subprocess.py:93} INFO - 25/12/21 19:20:23 INFO SparkContext: Added JAR file:///home/***/.ivy2/jars/org.mongodb_bson-4.8.2.jar at spark://8a1c1bf9c649:38359/jars/org.mongodb_bson-4.8.2.jar with timestamp 1766344822142
[2025-12-21T19:20:23.077+0000] {subprocess.py:93} INFO - 25/12/21 19:20:23 INFO SparkContext: Added JAR file:///home/***/.ivy2/jars/org.mongodb_mongodb-driver-core-4.8.2.jar at spark://8a1c1bf9c649:38359/jars/org.mongodb_mongodb-driver-core-4.8.2.jar with timestamp 1766344822142
[2025-12-21T19:20:23.080+0000] {subprocess.py:93} INFO - 25/12/21 19:20:23 INFO SparkContext: Added JAR file:///home/***/.ivy2/jars/org.mongodb_bson-record-codec-4.8.2.jar at spark://8a1c1bf9c649:38359/jars/org.mongodb_bson-record-codec-4.8.2.jar with timestamp 1766344822142
[2025-12-21T19:20:23.085+0000] {subprocess.py:93} INFO - 25/12/21 19:20:23 INFO SparkContext: Added file file:///home/***/.ivy2/jars/org.mongodb.spark_mongo-spark-connector_2.12-10.2.1.jar at spark://8a1c1bf9c649:38359/files/org.mongodb.spark_mongo-spark-connector_2.12-10.2.1.jar with timestamp 1766344822142
[2025-12-21T19:20:23.087+0000] {subprocess.py:93} INFO - 25/12/21 19:20:23 INFO Utils: Copying /home/***/.ivy2/jars/org.mongodb.spark_mongo-spark-connector_2.12-10.2.1.jar to /tmp/spark-dcf1ace2-eec2-4567-be79-0ad7e8e900f0/userFiles-201738ad-cfc2-46a0-b781-f939127fadb2/org.mongodb.spark_mongo-spark-connector_2.12-10.2.1.jar
[2025-12-21T19:20:23.106+0000] {subprocess.py:93} INFO - 25/12/21 19:20:23 INFO SparkContext: Added file file:///home/***/.ivy2/jars/org.mongodb_mongodb-driver-sync-4.8.2.jar at spark://8a1c1bf9c649:38359/files/org.mongodb_mongodb-driver-sync-4.8.2.jar with timestamp 1766344822142
[2025-12-21T19:20:23.108+0000] {subprocess.py:93} INFO - 25/12/21 19:20:23 INFO Utils: Copying /home/***/.ivy2/jars/org.mongodb_mongodb-driver-sync-4.8.2.jar to /tmp/spark-dcf1ace2-eec2-4567-be79-0ad7e8e900f0/userFiles-201738ad-cfc2-46a0-b781-f939127fadb2/org.mongodb_mongodb-driver-sync-4.8.2.jar
[2025-12-21T19:20:23.115+0000] {subprocess.py:93} INFO - 25/12/21 19:20:23 INFO SparkContext: Added file file:///home/***/.ivy2/jars/org.mongodb_bson-4.8.2.jar at spark://8a1c1bf9c649:38359/files/org.mongodb_bson-4.8.2.jar with timestamp 1766344822142
[2025-12-21T19:20:23.115+0000] {subprocess.py:93} INFO - 25/12/21 19:20:23 INFO Utils: Copying /home/***/.ivy2/jars/org.mongodb_bson-4.8.2.jar to /tmp/spark-dcf1ace2-eec2-4567-be79-0ad7e8e900f0/userFiles-201738ad-cfc2-46a0-b781-f939127fadb2/org.mongodb_bson-4.8.2.jar
[2025-12-21T19:20:23.125+0000] {subprocess.py:93} INFO - 25/12/21 19:20:23 INFO SparkContext: Added file file:///home/***/.ivy2/jars/org.mongodb_mongodb-driver-core-4.8.2.jar at spark://8a1c1bf9c649:38359/files/org.mongodb_mongodb-driver-core-4.8.2.jar with timestamp 1766344822142
[2025-12-21T19:20:23.125+0000] {subprocess.py:93} INFO - 25/12/21 19:20:23 INFO Utils: Copying /home/***/.ivy2/jars/org.mongodb_mongodb-driver-core-4.8.2.jar to /tmp/spark-dcf1ace2-eec2-4567-be79-0ad7e8e900f0/userFiles-201738ad-cfc2-46a0-b781-f939127fadb2/org.mongodb_mongodb-driver-core-4.8.2.jar
[2025-12-21T19:20:23.132+0000] {subprocess.py:93} INFO - 25/12/21 19:20:23 INFO SparkContext: Added file file:///home/***/.ivy2/jars/org.mongodb_bson-record-codec-4.8.2.jar at spark://8a1c1bf9c649:38359/files/org.mongodb_bson-record-codec-4.8.2.jar with timestamp 1766344822142
[2025-12-21T19:20:23.132+0000] {subprocess.py:93} INFO - 25/12/21 19:20:23 INFO Utils: Copying /home/***/.ivy2/jars/org.mongodb_bson-record-codec-4.8.2.jar to /tmp/spark-dcf1ace2-eec2-4567-be79-0ad7e8e900f0/userFiles-201738ad-cfc2-46a0-b781-f939127fadb2/org.mongodb_bson-record-codec-4.8.2.jar
[2025-12-21T19:20:23.240+0000] {subprocess.py:93} INFO - 25/12/21 19:20:23 INFO StandaloneAppClient$ClientEndpoint: Connecting to master spark://spark-master:7077...
[2025-12-21T19:20:23.318+0000] {subprocess.py:93} INFO - 25/12/21 19:20:23 INFO TransportClientFactory: Successfully created connection to spark-master/172.18.0.4:7077 after 48 ms (0 ms spent in bootstraps)
[2025-12-21T19:20:23.509+0000] {subprocess.py:93} INFO - 25/12/21 19:20:23 INFO StandaloneSchedulerBackend: Connected to Spark cluster with app ID app-20251221192023-0001
[2025-12-21T19:20:23.521+0000] {subprocess.py:93} INFO - 25/12/21 19:20:23 INFO Utils: Successfully started service 'org.apache.spark.network.netty.NettyBlockTransferService' on port 46805.
[2025-12-21T19:20:23.522+0000] {subprocess.py:93} INFO - 25/12/21 19:20:23 INFO NettyBlockTransferService: Server created on 8a1c1bf9c649:46805
[2025-12-21T19:20:23.522+0000] {subprocess.py:93} INFO - 25/12/21 19:20:23 INFO BlockManager: Using org.apache.spark.storage.RandomBlockReplicationPolicy for block replication policy
[2025-12-21T19:20:23.528+0000] {subprocess.py:93} INFO - 25/12/21 19:20:23 INFO BlockManagerMaster: Registering BlockManager BlockManagerId(driver, 8a1c1bf9c649, 46805, None)
[2025-12-21T19:20:23.535+0000] {subprocess.py:93} INFO - 25/12/21 19:20:23 INFO BlockManagerMasterEndpoint: Registering block manager 8a1c1bf9c649:46805 with 434.4 MiB RAM, BlockManagerId(driver, 8a1c1bf9c649, 46805, None)
[2025-12-21T19:20:23.538+0000] {subprocess.py:93} INFO - 25/12/21 19:20:23 INFO BlockManagerMaster: Registered BlockManager BlockManagerId(driver, 8a1c1bf9c649, 46805, None)
[2025-12-21T19:20:23.541+0000] {subprocess.py:93} INFO - 25/12/21 19:20:23 INFO BlockManager: Initialized BlockManager: BlockManagerId(driver, 8a1c1bf9c649, 46805, None)
[2025-12-21T19:20:23.927+0000] {subprocess.py:93} INFO - 25/12/21 19:20:23 INFO StandaloneSchedulerBackend: SchedulerBackend is ready for scheduling beginning after reached minRegisteredResourcesRatio: 0.0
[2025-12-21T19:20:24.343+0000] {subprocess.py:93} INFO - 25/12/21 19:20:24 INFO SharedState: Setting hive.metastore.warehouse.dir ('null') to the value of spark.sql.warehouse.dir.
[2025-12-21T19:20:24.347+0000] {subprocess.py:93} INFO - 25/12/21 19:20:24 INFO SharedState: Warehouse path is 'file:/tmp/***tmp97pu85or/spark-warehouse'.
[2025-12-21T19:20:26.409+0000] {subprocess.py:93} INFO - 25/12/21 19:20:26 INFO client: MongoClient with metadata {"driver": {"name": "mongo-java-driver|sync|mongo-spark-connector|source", "version": "4.8.2|10.2.1"}, "os": {"type": "Linux", "name": "Linux", "architecture": "amd64", "version": "6.8.0-90-generic"}, "platform": "Java/Debian/17.0.17+10-Debian-1deb12u1|Scala/2.12.18/Spark/3.5.1"} created with settings MongoClientSettings{readPreference=primary, writeConcern=WriteConcern{w=null, wTimeout=null ms, journal=null}, retryWrites=true, retryReads=true, readConcern=ReadConcern{level=null}, credential=MongoCredential{mechanism=null, userName='admin', source='admin', password=<hidden>, mechanismProperties=<hidden>}, streamFactoryFactory=null, commandListeners=[], codecRegistry=ProvidersCodecRegistry{codecProviders=[ValueCodecProvider{}, BsonValueCodecProvider{}, DBRefCodecProvider{}, DBObjectCodecProvider{}, DocumentCodecProvider{}, CollectionCodecProvider{}, IterableCodecProvider{}, MapCodecProvider{}, GeoJsonCodecProvider{}, GridFSFileCodecProvider{}, Jsr310CodecProvider{}, JsonObjectCodecProvider{}, BsonCodecProvider{}, EnumCodecProvider{}, com.mongodb.Jep395RecordCodecProvider@7c620cb0]}, clusterSettings={hosts=[mongodb:27017], srvServiceName=mongodb, mode=SINGLE, requiredClusterType=UNKNOWN, requiredReplicaSetName='null', serverSelector='null', clusterListeners='[]', serverSelectionTimeout='30000 ms', localThreshold='30000 ms'}, socketSettings=SocketSettings{connectTimeoutMS=10000, readTimeoutMS=0, receiveBufferSize=0, sendBufferSize=0}, heartbeatSocketSettings=SocketSettings{connectTimeoutMS=10000, readTimeoutMS=10000, receiveBufferSize=0, sendBufferSize=0}, connectionPoolSettings=ConnectionPoolSettings{maxSize=100, minSize=0, maxWaitTimeMS=120000, maxConnectionLifeTimeMS=0, maxConnectionIdleTimeMS=0, maintenanceInitialDelayMS=0, maintenanceFrequencyMS=60000, connectionPoolListeners=[], maxConnecting=2}, serverSettings=ServerSettings{heartbeatFrequencyMS=10000, minHeartbeatFrequencyMS=500, serverListeners='[]', serverMonitorListeners='[]'}, sslSettings=SslSettings{enabled=false, invalidHostNameAllowed=false, context=null}, applicationName='null', compressorList=[], uuidRepresentation=UNSPECIFIED, serverApi=null, autoEncryptionSettings=null, contextProvider=null}
[2025-12-21T19:20:26.420+0000] {subprocess.py:93} INFO - 25/12/21 19:20:26 INFO cluster: Monitor thread successfully connected to server with description ServerDescription{address=mongodb:27017, type=STANDALONE, state=CONNECTED, ok=true, minWireVersion=0, maxWireVersion=21, maxDocumentSize=16777216, logicalSessionTimeoutMinutes=30, roundTripTimeNanos=44928551}
[2025-12-21T19:20:26.873+0000] {subprocess.py:93} INFO - 25/12/21 19:20:26 INFO MongoTable: Creating MongoTable: mongo-spark-connector-10.2.1
[2025-12-21T19:20:28.605+0000] {subprocess.py:93} INFO - Traceback (most recent call last):
[2025-12-21T19:20:28.605+0000] {subprocess.py:93} INFO -   File "/opt/***/spark_jobs/ingestion.py", line 25, in <module>
[2025-12-21T19:20:28.605+0000] {subprocess.py:93} INFO -     print(f"📥 Nombre de documents MongoDB : {df.count()}")
[2025-12-21T19:20:28.605+0000] {subprocess.py:93} INFO -   File "/opt/spark/python/lib/pyspark.zip/pyspark/sql/dataframe.py", line 1238, in count
[2025-12-21T19:20:28.608+0000] {subprocess.py:93} INFO -   File "/opt/spark/python/lib/py4j-0.10.9.7-src.zip/py4j/java_gateway.py", line 1322, in __call__
[2025-12-21T19:20:28.608+0000] {subprocess.py:93} INFO -   File "/opt/spark/python/lib/pyspark.zip/pyspark/errors/exceptions/captured.py", line 179, in deco
[2025-12-21T19:20:28.608+0000] {subprocess.py:93} INFO -   File "/opt/spark/python/lib/py4j-0.10.9.7-src.zip/py4j/protocol.py", line 326, in get_return_value
[2025-12-21T19:20:28.651+0000] {subprocess.py:93} INFO - py4j.protocol.Py4JJavaError: An error occurred while calling o39.count.
[2025-12-21T19:20:28.652+0000] {subprocess.py:93} INFO - : java.lang.NoSuchMethodError: 'org.apache.spark.sql.catalyst.encoders.ExpressionEncoder org.apache.spark.sql.catalyst.encoders.RowEncoder$.apply(org.apache.spark.sql.types.StructType)'
[2025-12-21T19:20:28.652+0000] {subprocess.py:93} INFO - 	at com.mongodb.spark.sql.connector.schema.InternalRowToRowFunction.<init>(InternalRowToRowFunction.java:44)
[2025-12-21T19:20:28.652+0000] {subprocess.py:93} INFO - 	at com.mongodb.spark.sql.connector.schema.RowToBsonDocumentConverter.<init>(RowToBsonDocumentConverter.java:84)
[2025-12-21T19:20:28.653+0000] {subprocess.py:93} INFO - 	at com.mongodb.spark.sql.connector.read.MongoScanBuilder.<clinit>(MongoScanBuilder.java:72)
[2025-12-21T19:20:28.653+0000] {subprocess.py:93} INFO - 	at com.mongodb.spark.sql.connector.MongoTable.newScanBuilder(MongoTable.java:121)
[2025-12-21T19:20:28.654+0000] {subprocess.py:93} INFO - 	at org.apache.spark.sql.execution.datasources.v2.V2ScanRelationPushDown$$anonfun$createScanBuilder$1.applyOrElse(V2ScanRelationPushDown.scala:58)
[2025-12-21T19:20:28.654+0000] {subprocess.py:93} INFO - 	at org.apache.spark.sql.execution.datasources.v2.V2ScanRelationPushDown$$anonfun$createScanBuilder$1.applyOrElse(V2ScanRelationPushDown.scala:56)
[2025-12-21T19:20:28.655+0000] {subprocess.py:93} INFO - 	at org.apache.spark.sql.catalyst.trees.TreeNode.$anonfun$transformDownWithPruning$1(TreeNode.scala:461)
[2025-12-21T19:20:28.655+0000] {subprocess.py:93} INFO - 	at org.apache.spark.sql.catalyst.trees.CurrentOrigin$.withOrigin(origin.scala:76)
[2025-12-21T19:20:28.655+0000] {subprocess.py:93} INFO - 	at org.apache.spark.sql.catalyst.trees.TreeNode.transformDownWithPruning(TreeNode.scala:461)
[2025-12-21T19:20:28.657+0000] {subprocess.py:93} INFO - 	at org.apache.spark.sql.catalyst.plans.logical.LogicalPlan.org$apache$spark$sql$catalyst$plans$logical$AnalysisHelper$$super$transformDownWithPruning(LogicalPlan.scala:32)
[2025-12-21T19:20:28.657+0000] {subprocess.py:93} INFO - 	at org.apache.spark.sql.catalyst.plans.logical.AnalysisHelper.transformDownWithPruning(AnalysisHelper.scala:267)
[2025-12-21T19:20:28.658+0000] {subprocess.py:93} INFO - 	at org.apache.spark.sql.catalyst.plans.logical.AnalysisHelper.transformDownWithPruning$(AnalysisHelper.scala:263)
[2025-12-21T19:20:28.658+0000] {subprocess.py:93} INFO - 	at org.apache.spark.sql.catalyst.plans.logical.LogicalPlan.transformDownWithPruning(LogicalPlan.scala:32)
[2025-12-21T19:20:28.658+0000] {subprocess.py:93} INFO - 	at org.apache.spark.sql.catalyst.plans.logical.LogicalPlan.transformDownWithPruning(LogicalPlan.scala:32)
[2025-12-21T19:20:28.659+0000] {subprocess.py:93} INFO - 	at org.apache.spark.sql.catalyst.trees.TreeNode.$anonfun$transformDownWithPruning$3(TreeNode.scala:466)
[2025-12-21T19:20:28.660+0000] {subprocess.py:93} INFO - 	at org.apache.spark.sql.catalyst.trees.UnaryLike.mapChildren(TreeNode.scala:1215)
[2025-12-21T19:20:28.660+0000] {subprocess.py:93} INFO - 	at org.apache.spark.sql.catalyst.trees.UnaryLike.mapChildren$(TreeNode.scala:1214)
[2025-12-21T19:20:28.660+0000] {subprocess.py:93} INFO - 	at org.apache.spark.sql.catalyst.plans.logical.Project.mapChildren(basicLogicalOperators.scala:71)
[2025-12-21T19:20:28.660+0000] {subprocess.py:93} INFO - 	at org.apache.spark.sql.catalyst.trees.TreeNode.transformDownWithPruning(TreeNode.scala:466)
[2025-12-21T19:20:28.660+0000] {subprocess.py:93} INFO - 	at org.apache.spark.sql.catalyst.plans.logical.LogicalPlan.org$apache$spark$sql$catalyst$plans$logical$AnalysisHelper$$super$transformDownWithPruning(LogicalPlan.scala:32)
[2025-12-21T19:20:28.660+0000] {subprocess.py:93} INFO - 	at org.apache.spark.sql.catalyst.plans.logical.AnalysisHelper.transformDownWithPruning(AnalysisHelper.scala:267)
[2025-12-21T19:20:28.660+0000] {subprocess.py:93} INFO - 	at org.apache.spark.sql.catalyst.plans.logical.AnalysisHelper.transformDownWithPruning$(AnalysisHelper.scala:263)
[2025-12-21T19:20:28.660+0000] {subprocess.py:93} INFO - 	at org.apache.spark.sql.catalyst.plans.logical.LogicalPlan.transformDownWithPruning(LogicalPlan.scala:32)
[2025-12-21T19:20:28.663+0000] {subprocess.py:93} INFO - 	at org.apache.spark.sql.catalyst.plans.logical.LogicalPlan.transformDownWithPruning(LogicalPlan.scala:32)
[2025-12-21T19:20:28.663+0000] {subprocess.py:93} INFO - 	at org.apache.spark.sql.catalyst.trees.TreeNode.$anonfun$transformDownWithPruning$3(TreeNode.scala:466)
[2025-12-21T19:20:28.664+0000] {subprocess.py:93} INFO - 	at org.apache.spark.sql.catalyst.trees.UnaryLike.mapChildren(TreeNode.scala:1215)
[2025-12-21T19:20:28.664+0000] {subprocess.py:93} INFO - 	at org.apache.spark.sql.catalyst.trees.UnaryLike.mapChildren$(TreeNode.scala:1214)
[2025-12-21T19:20:28.665+0000] {subprocess.py:93} INFO - 	at org.apache.spark.sql.catalyst.plans.logical.Aggregate.mapChildren(basicLogicalOperators.scala:1151)
[2025-12-21T19:20:28.665+0000] {subprocess.py:93} INFO - 	at org.apache.spark.sql.catalyst.trees.TreeNode.transformDownWithPruning(TreeNode.scala:466)
[2025-12-21T19:20:28.666+0000] {subprocess.py:93} INFO - 	at org.apache.spark.sql.catalyst.plans.logical.LogicalPlan.org$apache$spark$sql$catalyst$plans$logical$AnalysisHelper$$super$transformDownWithPruning(LogicalPlan.scala:32)
[2025-12-21T19:20:28.666+0000] {subprocess.py:93} INFO - 	at org.apache.spark.sql.catalyst.plans.logical.AnalysisHelper.transformDownWithPruning(AnalysisHelper.scala:267)
[2025-12-21T19:20:28.666+0000] {subprocess.py:93} INFO - 	at org.apache.spark.sql.catalyst.plans.logical.AnalysisHelper.transformDownWithPruning$(AnalysisHelper.scala:263)
[2025-12-21T19:20:28.667+0000] {subprocess.py:93} INFO - 	at org.apache.spark.sql.catalyst.plans.logical.LogicalPlan.transformDownWithPruning(LogicalPlan.scala:32)
[2025-12-21T19:20:28.667+0000] {subprocess.py:93} INFO - 	at org.apache.spark.sql.catalyst.plans.logical.LogicalPlan.transformDownWithPruning(LogicalPlan.scala:32)
[2025-12-21T19:20:28.668+0000] {subprocess.py:93} INFO - 	at org.apache.spark.sql.catalyst.trees.TreeNode.transformDown(TreeNode.scala:437)
[2025-12-21T19:20:28.668+0000] {subprocess.py:93} INFO - 	at org.apache.spark.sql.catalyst.trees.TreeNode.transform(TreeNode.scala:405)
[2025-12-21T19:20:28.668+0000] {subprocess.py:93} INFO - 	at org.apache.spark.sql.execution.datasources.v2.V2ScanRelationPushDown$.createScanBuilder(V2ScanRelationPushDown.scala:56)
[2025-12-21T19:20:28.669+0000] {subprocess.py:93} INFO - 	at org.apache.spark.sql.execution.datasources.v2.V2ScanRelationPushDown$.$anonfun$apply$1(V2ScanRelationPushDown.scala:43)
[2025-12-21T19:20:28.669+0000] {subprocess.py:93} INFO - 	at org.apache.spark.sql.execution.datasources.v2.V2ScanRelationPushDown$.$anonfun$apply$8(V2ScanRelationPushDown.scala:52)
[2025-12-21T19:20:28.670+0000] {subprocess.py:93} INFO - 	at scala.collection.LinearSeqOptimized.foldLeft(LinearSeqOptimized.scala:126)
[2025-12-21T19:20:28.670+0000] {subprocess.py:93} INFO - 	at scala.collection.LinearSeqOptimized.foldLeft$(LinearSeqOptimized.scala:122)
[2025-12-21T19:20:28.671+0000] {subprocess.py:93} INFO - 	at scala.collection.immutable.List.foldLeft(List.scala:91)
[2025-12-21T19:20:28.672+0000] {subprocess.py:93} INFO - 	at org.apache.spark.sql.execution.datasources.v2.V2ScanRelationPushDown$.apply(V2ScanRelationPushDown.scala:51)
[2025-12-21T19:20:28.673+0000] {subprocess.py:93} INFO - 	at org.apache.spark.sql.execution.datasources.v2.V2ScanRelationPushDown$.apply(V2ScanRelationPushDown.scala:38)
[2025-12-21T19:20:28.673+0000] {subprocess.py:93} INFO - 	at org.apache.spark.sql.catalyst.rules.RuleExecutor.$anonfun$execute$2(RuleExecutor.scala:222)
[2025-12-21T19:20:28.674+0000] {subprocess.py:93} INFO - 	at scala.collection.LinearSeqOptimized.foldLeft(LinearSeqOptimized.scala:126)
[2025-12-21T19:20:28.674+0000] {subprocess.py:93} INFO - 	at scala.collection.LinearSeqOptimized.foldLeft$(LinearSeqOptimized.scala:122)
[2025-12-21T19:20:28.674+0000] {subprocess.py:93} INFO - 	at scala.collection.immutable.List.foldLeft(List.scala:91)
[2025-12-21T19:20:28.675+0000] {subprocess.py:93} INFO - 	at org.apache.spark.sql.catalyst.rules.RuleExecutor.$anonfun$execute$1(RuleExecutor.scala:219)
[2025-12-21T19:20:28.675+0000] {subprocess.py:93} INFO - 	at org.apache.spark.sql.catalyst.rules.RuleExecutor.$anonfun$execute$1$adapted(RuleExecutor.scala:211)
[2025-12-21T19:20:28.676+0000] {subprocess.py:93} INFO - 	at scala.collection.immutable.List.foreach(List.scala:431)
[2025-12-21T19:20:28.677+0000] {subprocess.py:93} INFO - 	at org.apache.spark.sql.catalyst.rules.RuleExecutor.execute(RuleExecutor.scala:211)
[2025-12-21T19:20:28.678+0000] {subprocess.py:93} INFO - 	at org.apache.spark.sql.catalyst.rules.RuleExecutor.$anonfun$executeAndTrack$1(RuleExecutor.scala:182)
[2025-12-21T19:20:28.679+0000] {subprocess.py:93} INFO - 	at org.apache.spark.sql.catalyst.QueryPlanningTracker$.withTracker(QueryPlanningTracker.scala:89)
[2025-12-21T19:20:28.679+0000] {subprocess.py:93} INFO - 	at org.apache.spark.sql.catalyst.rules.RuleExecutor.executeAndTrack(RuleExecutor.scala:182)
[2025-12-21T19:20:28.679+0000] {subprocess.py:93} INFO - 	at org.apache.spark.sql.execution.QueryExecution.$anonfun$optimizedPlan$1(QueryExecution.scala:152)
[2025-12-21T19:20:28.680+0000] {subprocess.py:93} INFO - 	at org.apache.spark.sql.catalyst.QueryPlanningTracker.measurePhase(QueryPlanningTracker.scala:138)
[2025-12-21T19:20:28.680+0000] {subprocess.py:93} INFO - 	at org.apache.spark.sql.execution.QueryExecution.$anonfun$executePhase$2(QueryExecution.scala:219)
[2025-12-21T19:20:28.680+0000] {subprocess.py:93} INFO - 	at org.apache.spark.sql.execution.QueryExecution$.withInternalError(QueryExecution.scala:546)
[2025-12-21T19:20:28.680+0000] {subprocess.py:93} INFO - 	at org.apache.spark.sql.execution.QueryExecution.$anonfun$executePhase$1(QueryExecution.scala:219)
[2025-12-21T19:20:28.680+0000] {subprocess.py:93} INFO - 	at org.apache.spark.sql.SparkSession.withActive(SparkSession.scala:900)
[2025-12-21T19:20:28.680+0000] {subprocess.py:93} INFO - 	at org.apache.spark.sql.execution.QueryExecution.executePhase(QueryExecution.scala:218)
[2025-12-21T19:20:28.680+0000] {subprocess.py:93} INFO - 	at org.apache.spark.sql.execution.QueryExecution.optimizedPlan$lzycompute(QueryExecution.scala:148)
[2025-12-21T19:20:28.680+0000] {subprocess.py:93} INFO - 	at org.apache.spark.sql.execution.QueryExecution.optimizedPlan(QueryExecution.scala:144)
[2025-12-21T19:20:28.680+0000] {subprocess.py:93} INFO - 	at org.apache.spark.sql.execution.QueryExecution.assertOptimized(QueryExecution.scala:162)
[2025-12-21T19:20:28.680+0000] {subprocess.py:93} INFO - 	at org.apache.spark.sql.execution.QueryExecution.executedPlan$lzycompute(QueryExecution.scala:182)
[2025-12-21T19:20:28.681+0000] {subprocess.py:93} INFO - 	at org.apache.spark.sql.execution.QueryExecution.executedPlan(QueryExecution.scala:179)
[2025-12-21T19:20:28.682+0000] {subprocess.py:93} INFO - 	at org.apache.spark.sql.execution.QueryExecution.simpleString(QueryExecution.scala:238)
[2025-12-21T19:20:28.682+0000] {subprocess.py:93} INFO - 	at org.apache.spark.sql.execution.QueryExecution.org$apache$spark$sql$execution$QueryExecution$$explainString(QueryExecution.scala:284)
[2025-12-21T19:20:28.682+0000] {subprocess.py:93} INFO - 	at org.apache.spark.sql.execution.QueryExecution.explainString(QueryExecution.scala:252)
[2025-12-21T19:20:28.683+0000] {subprocess.py:93} INFO - 	at org.apache.spark.sql.execution.SQLExecution$.$anonfun$withNewExecutionId$6(SQLExecution.scala:117)
[2025-12-21T19:20:28.683+0000] {subprocess.py:93} INFO - 	at org.apache.spark.sql.execution.SQLExecution$.withSQLConfPropagated(SQLExecution.scala:201)
[2025-12-21T19:20:28.684+0000] {subprocess.py:93} INFO - 	at org.apache.spark.sql.execution.SQLExecution$.$anonfun$withNewExecutionId$1(SQLExecution.scala:108)
[2025-12-21T19:20:28.684+0000] {subprocess.py:93} INFO - 	at org.apache.spark.sql.SparkSession.withActive(SparkSession.scala:900)
[2025-12-21T19:20:28.685+0000] {subprocess.py:93} INFO - 	at org.apache.spark.sql.execution.SQLExecution$.withNewExecutionId(SQLExecution.scala:66)
[2025-12-21T19:20:28.685+0000] {subprocess.py:93} INFO - 	at org.apache.spark.sql.Dataset.withAction(Dataset.scala:4320)
[2025-12-21T19:20:28.685+0000] {subprocess.py:93} INFO - 	at org.apache.spark.sql.Dataset.count(Dataset.scala:3613)
[2025-12-21T19:20:28.686+0000] {subprocess.py:93} INFO - 	at java.base/jdk.internal.reflect.NativeMethodAccessorImpl.invoke0(Native Method)
[2025-12-21T19:20:28.686+0000] {subprocess.py:93} INFO - 	at java.base/jdk.internal.reflect.NativeMethodAccessorImpl.invoke(NativeMethodAccessorImpl.java:77)
[2025-12-21T19:20:28.687+0000] {subprocess.py:93} INFO - 	at java.base/jdk.internal.reflect.DelegatingMethodAccessorImpl.invoke(DelegatingMethodAccessorImpl.java:43)
[2025-12-21T19:20:28.687+0000] {subprocess.py:93} INFO - 	at java.base/java.lang.reflect.Method.invoke(Method.java:569)
[2025-12-21T19:20:28.688+0000] {subprocess.py:93} INFO - 	at py4j.reflection.MethodInvoker.invoke(MethodInvoker.java:244)
[2025-12-21T19:20:28.688+0000] {subprocess.py:93} INFO - 	at py4j.reflection.ReflectionEngine.invoke(ReflectionEngine.java:374)
[2025-12-21T19:20:28.689+0000] {subprocess.py:93} INFO - 	at py4j.Gateway.invoke(Gateway.java:282)
[2025-12-21T19:20:28.689+0000] {subprocess.py:93} INFO - 	at py4j.commands.AbstractCommand.invokeMethod(AbstractCommand.java:132)
[2025-12-21T19:20:28.690+0000] {subprocess.py:93} INFO - 	at py4j.commands.CallCommand.execute(CallCommand.java:79)
[2025-12-21T19:20:28.690+0000] {subprocess.py:93} INFO - 	at py4j.ClientServerConnection.waitForCommands(ClientServerConnection.java:182)
[2025-12-21T19:20:28.691+0000] {subprocess.py:93} INFO - 	at py4j.ClientServerConnection.run(ClientServerConnection.java:106)
[2025-12-21T19:20:28.691+0000] {subprocess.py:93} INFO - 	at java.base/java.lang.Thread.run(Thread.java:840)
[2025-12-21T19:20:28.692+0000] {subprocess.py:93} INFO - 
[2025-12-21T19:20:28.730+0000] {subprocess.py:93} INFO - 25/12/21 19:20:28 INFO SparkContext: Invoking stop() from shutdown hook
[2025-12-21T19:20:28.731+0000] {subprocess.py:93} INFO - 25/12/21 19:20:28 INFO SparkContext: SparkContext is stopping with exitCode 0.
[2025-12-21T19:20:28.751+0000] {subprocess.py:93} INFO - 25/12/21 19:20:28 INFO SparkUI: Stopped Spark web UI at http://8a1c1bf9c649:4040
[2025-12-21T19:20:28.758+0000] {subprocess.py:93} INFO - 25/12/21 19:20:28 INFO StandaloneSchedulerBackend: Shutting down all executors
[2025-12-21T19:20:28.764+0000] {subprocess.py:93} INFO - 25/12/21 19:20:28 INFO StandaloneSchedulerBackend$StandaloneDriverEndpoint: Asking each executor to shut down
[2025-12-21T19:20:28.794+0000] {subprocess.py:93} INFO - 25/12/21 19:20:28 INFO MapOutputTrackerMasterEndpoint: MapOutputTrackerMasterEndpoint stopped!
[2025-12-21T19:20:28.841+0000] {subprocess.py:93} INFO - 25/12/21 19:20:28 INFO MemoryStore: MemoryStore cleared
[2025-12-21T19:20:28.841+0000] {subprocess.py:93} INFO - 25/12/21 19:20:28 INFO BlockManager: BlockManager stopped
[2025-12-21T19:20:28.858+0000] {subprocess.py:93} INFO - 25/12/21 19:20:28 INFO BlockManagerMaster: BlockManagerMaster stopped
[2025-12-21T19:20:28.863+0000] {subprocess.py:93} INFO - 25/12/21 19:20:28 INFO OutputCommitCoordinator$OutputCommitCoordinatorEndpoint: OutputCommitCoordinator stopped!
[2025-12-21T19:20:28.894+0000] {subprocess.py:93} INFO - 25/12/21 19:20:28 INFO SparkContext: Successfully stopped SparkContext
[2025-12-21T19:20:28.895+0000] {subprocess.py:93} INFO - 25/12/21 19:20:28 INFO ShutdownHookManager: Shutdown hook called
[2025-12-21T19:20:28.896+0000] {subprocess.py:93} INFO - 25/12/21 19:20:28 INFO ShutdownHookManager: Deleting directory /tmp/spark-dcf1ace2-eec2-4567-be79-0ad7e8e900f0
[2025-12-21T19:20:28.901+0000] {subprocess.py:93} INFO - 25/12/21 19:20:28 INFO ShutdownHookManager: Deleting directory /tmp/spark-dcf1ace2-eec2-4567-be79-0ad7e8e900f0/pyspark-24caf220-78a3-4682-9af3-391fdfa48c07
[2025-12-21T19:20:28.906+0000] {subprocess.py:93} INFO - 25/12/21 19:20:28 INFO ShutdownHookManager: Deleting directory /tmp/spark-093d9ad9-d17a-48af-83b9-5f59d7ff0fd2
[2025-12-21T19:20:29.326+0000] {subprocess.py:97} INFO - Command exited with return code 1
[2025-12-21T19:20:29.404+0000] {taskinstance.py:2699} ERROR - Task failed with exception
Traceback (most recent call last):
  File "/home/airflow/.local/lib/python3.10/site-packages/airflow/models/taskinstance.py", line 433, in _execute_task
    result = execute_callable(context=context, **execute_callable_kwargs)
  File "/home/airflow/.local/lib/python3.10/site-packages/airflow/operators/bash.py", line 212, in execute
    raise AirflowException(
airflow.exceptions.AirflowException: Bash command failed. The command returned a non-zero exit code 1.
[2025-12-21T19:20:29.415+0000] {taskinstance.py:1138} INFO - Marking task as UP_FOR_RETRY. dag_id=pipeline_services_publics_togo, task_id=ingestion_mongodb, execution_date=20251221T191441, start_date=20251221T192014, end_date=20251221T192029
[2025-12-21T19:20:29.455+0000] {standard_task_runner.py:107} ERROR - Failed to execute job 11 for task ingestion_mongodb (Bash command failed. The command returned a non-zero exit code 1.; 427)
[2025-12-21T19:20:29.502+0000] {local_task_job_runner.py:234} INFO - Task exited with return code 1
[2025-12-21T19:20:29.579+0000] {taskinstance.py:3281} INFO - 0 downstream tasks scheduled from follow-on schedule check
