[2025-12-22T04:31:45.818+0000] {taskinstance.py:1957} INFO - Dependencies all met for dep_context=non-requeueable deps ti=<TaskInstance: pipeline_services_publics_togo.ingestion_mongodb scheduled__2025-12-21T02:00:00+00:00 [queued]>
[2025-12-22T04:31:45.839+0000] {taskinstance.py:1957} INFO - Dependencies all met for dep_context=requeueable deps ti=<TaskInstance: pipeline_services_publics_togo.ingestion_mongodb scheduled__2025-12-21T02:00:00+00:00 [queued]>
[2025-12-22T04:31:45.840+0000] {taskinstance.py:2171} INFO - Starting attempt 2 of 3
[2025-12-22T04:31:45.857+0000] {taskinstance.py:2192} INFO - Executing <Task(BashOperator): ingestion_mongodb> on 2025-12-21 02:00:00+00:00
[2025-12-22T04:31:45.862+0000] {standard_task_runner.py:60} INFO - Started process 353 to run task
[2025-12-22T04:31:45.869+0000] {standard_task_runner.py:87} INFO - Running: ['***', 'tasks', 'run', 'pipeline_services_publics_togo', 'ingestion_mongodb', 'scheduled__2025-12-21T02:00:00+00:00', '--job-id', '11', '--raw', '--subdir', 'DAGS_FOLDER/pipeline_services_publics.py', '--cfg-path', '/tmp/tmpa2rhwp78']
[2025-12-22T04:31:45.874+0000] {standard_task_runner.py:88} INFO - Job 11: Subtask ingestion_mongodb
[2025-12-22T04:31:45.938+0000] {task_command.py:423} INFO - Running <TaskInstance: pipeline_services_publics_togo.ingestion_mongodb scheduled__2025-12-21T02:00:00+00:00 [running]> on host a8d3d1908909
[2025-12-22T04:31:46.029+0000] {taskinstance.py:2481} INFO - Exporting env vars: AIRFLOW_CTX_DAG_OWNER='data-engineer' AIRFLOW_CTX_DAG_ID='pipeline_services_publics_togo' AIRFLOW_CTX_TASK_ID='ingestion_mongodb' AIRFLOW_CTX_EXECUTION_DATE='2025-12-21T02:00:00+00:00' AIRFLOW_CTX_TRY_NUMBER='2' AIRFLOW_CTX_DAG_RUN_ID='scheduled__2025-12-21T02:00:00+00:00'
[2025-12-22T04:31:46.030+0000] {subprocess.py:63} INFO - Tmp dir root location: /tmp
[2025-12-22T04:31:46.030+0000] {subprocess.py:75} INFO - Running command: ['/usr/bin/bash', '-c', '\n    /opt/spark/bin/spark-submit       --master spark://spark-master:7077       --packages org.mongodb.spark:mongo-spark-connector_2.12:10.5.0       --executor-memory 2G       --driver-memory 1G       /opt/***/spark_jobs/ingestion.py\n    ']
[2025-12-22T04:31:46.040+0000] {subprocess.py:86} INFO - Output:
[2025-12-22T04:31:47.957+0000] {subprocess.py:93} INFO - :: loading settings :: url = jar:file:/opt/spark/jars/ivy-2.5.1.jar!/org/apache/ivy/core/settings/ivysettings.xml
[2025-12-22T04:31:48.043+0000] {subprocess.py:93} INFO - Ivy Default Cache set to: /home/***/.ivy2/cache
[2025-12-22T04:31:48.044+0000] {subprocess.py:93} INFO - The jars for the packages stored in: /home/***/.ivy2/jars
[2025-12-22T04:31:48.050+0000] {subprocess.py:93} INFO - org.mongodb.spark#mongo-spark-connector_2.12 added as a dependency
[2025-12-22T04:31:48.053+0000] {subprocess.py:93} INFO - :: resolving dependencies :: org.apache.spark#spark-submit-parent-ce3ce130-e763-487e-b7e2-f393ea083208;1.0
[2025-12-22T04:31:48.053+0000] {subprocess.py:93} INFO - 	confs: [default]
[2025-12-22T04:31:48.423+0000] {subprocess.py:93} INFO - You probably access the destination server through a proxy server that is not well configured.
[2025-12-22T04:31:48.424+0000] {subprocess.py:93} INFO - You probably access the destination server through a proxy server that is not well configured.
[2025-12-22T04:31:48.429+0000] {subprocess.py:93} INFO - You probably access the destination server through a proxy server that is not well configured.
[2025-12-22T04:31:48.431+0000] {subprocess.py:93} INFO - You probably access the destination server through a proxy server that is not well configured.
[2025-12-22T04:31:48.474+0000] {subprocess.py:93} INFO - :: resolution report :: resolve 419ms :: artifacts dl 4ms
[2025-12-22T04:31:48.474+0000] {subprocess.py:93} INFO - 	:: modules in use:
[2025-12-22T04:31:48.474+0000] {subprocess.py:93} INFO - 	---------------------------------------------------------------------
[2025-12-22T04:31:48.474+0000] {subprocess.py:93} INFO - 	|                  |            modules            ||   artifacts   |
[2025-12-22T04:31:48.475+0000] {subprocess.py:93} INFO - 	|       conf       | number| search|dwnlded|evicted|| number|dwnlded|
[2025-12-22T04:31:48.475+0000] {subprocess.py:93} INFO - 	---------------------------------------------------------------------
[2025-12-22T04:31:48.475+0000] {subprocess.py:93} INFO - 	|      default     |   1   |   0   |   0   |   0   ||   0   |   0   |
[2025-12-22T04:31:48.475+0000] {subprocess.py:93} INFO - 	---------------------------------------------------------------------
[2025-12-22T04:31:48.475+0000] {subprocess.py:93} INFO - 
[2025-12-22T04:31:48.475+0000] {subprocess.py:93} INFO - :: problems summary ::
[2025-12-22T04:31:48.475+0000] {subprocess.py:93} INFO - :::: WARNINGS
[2025-12-22T04:31:48.475+0000] {subprocess.py:93} INFO - 	Host repo1.maven.org not found. url=https://repo1.maven.org/maven2/org/mongodb/spark/mongo-spark-connector_2.12/10.5.0/mongo-spark-connector_2.12-10.5.0.pom
[2025-12-22T04:31:48.475+0000] {subprocess.py:93} INFO - 
[2025-12-22T04:31:48.476+0000] {subprocess.py:93} INFO - 	Host repo1.maven.org not found. url=https://repo1.maven.org/maven2/org/mongodb/spark/mongo-spark-connector_2.12/10.5.0/mongo-spark-connector_2.12-10.5.0.jar
[2025-12-22T04:31:48.476+0000] {subprocess.py:93} INFO - 
[2025-12-22T04:31:48.476+0000] {subprocess.py:93} INFO - 	Host repos.spark-packages.org not found. url=https://repos.spark-packages.org/org/mongodb/spark/mongo-spark-connector_2.12/10.5.0/mongo-spark-connector_2.12-10.5.0.pom
[2025-12-22T04:31:48.476+0000] {subprocess.py:93} INFO - 
[2025-12-22T04:31:48.476+0000] {subprocess.py:93} INFO - 	Host repos.spark-packages.org not found. url=https://repos.spark-packages.org/org/mongodb/spark/mongo-spark-connector_2.12/10.5.0/mongo-spark-connector_2.12-10.5.0.jar
[2025-12-22T04:31:48.476+0000] {subprocess.py:93} INFO - 
[2025-12-22T04:31:48.476+0000] {subprocess.py:93} INFO - 		module not found: org.mongodb.spark#mongo-spark-connector_2.12;10.5.0
[2025-12-22T04:31:48.476+0000] {subprocess.py:93} INFO - 
[2025-12-22T04:31:48.476+0000] {subprocess.py:93} INFO - 	==== local-m2-cache: tried
[2025-12-22T04:31:48.476+0000] {subprocess.py:93} INFO - 
[2025-12-22T04:31:48.481+0000] {subprocess.py:93} INFO - 	  file:/home/***/.m2/repository/org/mongodb/spark/mongo-spark-connector_2.12/10.5.0/mongo-spark-connector_2.12-10.5.0.pom
[2025-12-22T04:31:48.482+0000] {subprocess.py:93} INFO - 
[2025-12-22T04:31:48.482+0000] {subprocess.py:93} INFO - 	  -- artifact org.mongodb.spark#mongo-spark-connector_2.12;10.5.0!mongo-spark-connector_2.12.jar:
[2025-12-22T04:31:48.482+0000] {subprocess.py:93} INFO - 
[2025-12-22T04:31:48.482+0000] {subprocess.py:93} INFO - 	  file:/home/***/.m2/repository/org/mongodb/spark/mongo-spark-connector_2.12/10.5.0/mongo-spark-connector_2.12-10.5.0.jar
[2025-12-22T04:31:48.482+0000] {subprocess.py:93} INFO - 
[2025-12-22T04:31:48.482+0000] {subprocess.py:93} INFO - 	==== local-ivy-cache: tried
[2025-12-22T04:31:48.482+0000] {subprocess.py:93} INFO - 
[2025-12-22T04:31:48.482+0000] {subprocess.py:93} INFO - 	  /home/***/.ivy2/local/org.mongodb.spark/mongo-spark-connector_2.12/10.5.0/ivys/ivy.xml
[2025-12-22T04:31:48.483+0000] {subprocess.py:93} INFO - 
[2025-12-22T04:31:48.483+0000] {subprocess.py:93} INFO - 	  -- artifact org.mongodb.spark#mongo-spark-connector_2.12;10.5.0!mongo-spark-connector_2.12.jar:
[2025-12-22T04:31:48.483+0000] {subprocess.py:93} INFO - 
[2025-12-22T04:31:48.483+0000] {subprocess.py:93} INFO - 	  /home/***/.ivy2/local/org.mongodb.spark/mongo-spark-connector_2.12/10.5.0/jars/mongo-spark-connector_2.12.jar
[2025-12-22T04:31:48.483+0000] {subprocess.py:93} INFO - 
[2025-12-22T04:31:48.483+0000] {subprocess.py:93} INFO - 	==== central: tried
[2025-12-22T04:31:48.483+0000] {subprocess.py:93} INFO - 
[2025-12-22T04:31:48.483+0000] {subprocess.py:93} INFO - 	  https://repo1.maven.org/maven2/org/mongodb/spark/mongo-spark-connector_2.12/10.5.0/mongo-spark-connector_2.12-10.5.0.pom
[2025-12-22T04:31:48.483+0000] {subprocess.py:93} INFO - 
[2025-12-22T04:31:48.484+0000] {subprocess.py:93} INFO - 	  -- artifact org.mongodb.spark#mongo-spark-connector_2.12;10.5.0!mongo-spark-connector_2.12.jar:
[2025-12-22T04:31:48.484+0000] {subprocess.py:93} INFO - 
[2025-12-22T04:31:48.485+0000] {subprocess.py:93} INFO - 	  https://repo1.maven.org/maven2/org/mongodb/spark/mongo-spark-connector_2.12/10.5.0/mongo-spark-connector_2.12-10.5.0.jar
[2025-12-22T04:31:48.485+0000] {subprocess.py:93} INFO - 
[2025-12-22T04:31:48.485+0000] {subprocess.py:93} INFO - 	==== spark-packages: tried
[2025-12-22T04:31:48.485+0000] {subprocess.py:93} INFO - 
[2025-12-22T04:31:48.485+0000] {subprocess.py:93} INFO - 	  https://repos.spark-packages.org/org/mongodb/spark/mongo-spark-connector_2.12/10.5.0/mongo-spark-connector_2.12-10.5.0.pom
[2025-12-22T04:31:48.485+0000] {subprocess.py:93} INFO - 
[2025-12-22T04:31:48.485+0000] {subprocess.py:93} INFO - 	  -- artifact org.mongodb.spark#mongo-spark-connector_2.12;10.5.0!mongo-spark-connector_2.12.jar:
[2025-12-22T04:31:48.485+0000] {subprocess.py:93} INFO - 
[2025-12-22T04:31:48.485+0000] {subprocess.py:93} INFO - 	  https://repos.spark-packages.org/org/mongodb/spark/mongo-spark-connector_2.12/10.5.0/mongo-spark-connector_2.12-10.5.0.jar
[2025-12-22T04:31:48.485+0000] {subprocess.py:93} INFO - 
[2025-12-22T04:31:48.486+0000] {subprocess.py:93} INFO - 		::::::::::::::::::::::::::::::::::::::::::::::
[2025-12-22T04:31:48.486+0000] {subprocess.py:93} INFO - 
[2025-12-22T04:31:48.486+0000] {subprocess.py:93} INFO - 		::          UNRESOLVED DEPENDENCIES         ::
[2025-12-22T04:31:48.486+0000] {subprocess.py:93} INFO - 
[2025-12-22T04:31:48.486+0000] {subprocess.py:93} INFO - 		::::::::::::::::::::::::::::::::::::::::::::::
[2025-12-22T04:31:48.486+0000] {subprocess.py:93} INFO - 
[2025-12-22T04:31:48.486+0000] {subprocess.py:93} INFO - 		:: org.mongodb.spark#mongo-spark-connector_2.12;10.5.0: not found
[2025-12-22T04:31:48.486+0000] {subprocess.py:93} INFO - 
[2025-12-22T04:31:48.486+0000] {subprocess.py:93} INFO - 		::::::::::::::::::::::::::::::::::::::::::::::
[2025-12-22T04:31:48.486+0000] {subprocess.py:93} INFO - 
[2025-12-22T04:31:48.487+0000] {subprocess.py:93} INFO - 
[2025-12-22T04:31:48.487+0000] {subprocess.py:93} INFO - 
[2025-12-22T04:31:48.487+0000] {subprocess.py:93} INFO - :: USE VERBOSE OR DEBUG MESSAGE LEVEL FOR MORE DETAILS
[2025-12-22T04:31:48.487+0000] {subprocess.py:93} INFO - Exception in thread "main" java.lang.RuntimeException: [unresolved dependency: org.mongodb.spark#mongo-spark-connector_2.12;10.5.0: not found]
[2025-12-22T04:31:48.487+0000] {subprocess.py:93} INFO - 	at org.apache.spark.deploy.SparkSubmitUtils$.resolveMavenCoordinates(SparkSubmit.scala:1608)
[2025-12-22T04:31:48.487+0000] {subprocess.py:93} INFO - 	at org.apache.spark.util.DependencyUtils$.resolveMavenDependencies(DependencyUtils.scala:185)
[2025-12-22T04:31:48.487+0000] {subprocess.py:93} INFO - 	at org.apache.spark.deploy.SparkSubmit.prepareSubmitEnvironment(SparkSubmit.scala:334)
[2025-12-22T04:31:48.487+0000] {subprocess.py:93} INFO - 	at org.apache.spark.deploy.SparkSubmit.org$apache$spark$deploy$SparkSubmit$$runMain(SparkSubmit.scala:964)
[2025-12-22T04:31:48.487+0000] {subprocess.py:93} INFO - 	at org.apache.spark.deploy.SparkSubmit.doRunMain$1(SparkSubmit.scala:194)
[2025-12-22T04:31:48.487+0000] {subprocess.py:93} INFO - 	at org.apache.spark.deploy.SparkSubmit.submit(SparkSubmit.scala:217)
[2025-12-22T04:31:48.488+0000] {subprocess.py:93} INFO - 	at org.apache.spark.deploy.SparkSubmit.doSubmit(SparkSubmit.scala:91)
[2025-12-22T04:31:48.488+0000] {subprocess.py:93} INFO - 	at org.apache.spark.deploy.SparkSubmit$$anon$2.doSubmit(SparkSubmit.scala:1120)
[2025-12-22T04:31:48.488+0000] {subprocess.py:93} INFO - 	at org.apache.spark.deploy.SparkSubmit$.main(SparkSubmit.scala:1129)
[2025-12-22T04:31:48.488+0000] {subprocess.py:93} INFO - 	at org.apache.spark.deploy.SparkSubmit.main(SparkSubmit.scala)
[2025-12-22T04:31:48.506+0000] {subprocess.py:97} INFO - Command exited with return code 1
[2025-12-22T04:31:48.523+0000] {taskinstance.py:2699} ERROR - Task failed with exception
Traceback (most recent call last):
  File "/home/airflow/.local/lib/python3.10/site-packages/airflow/models/taskinstance.py", line 433, in _execute_task
    result = execute_callable(context=context, **execute_callable_kwargs)
  File "/home/airflow/.local/lib/python3.10/site-packages/airflow/operators/bash.py", line 212, in execute
    raise AirflowException(
airflow.exceptions.AirflowException: Bash command failed. The command returned a non-zero exit code 1.
[2025-12-22T04:31:48.527+0000] {taskinstance.py:1138} INFO - Marking task as UP_FOR_RETRY. dag_id=pipeline_services_publics_togo, task_id=ingestion_mongodb, execution_date=20251221T020000, start_date=20251222T043145, end_date=20251222T043148
[2025-12-22T04:31:48.541+0000] {standard_task_runner.py:107} ERROR - Failed to execute job 11 for task ingestion_mongodb (Bash command failed. The command returned a non-zero exit code 1.; 353)
[2025-12-22T04:31:48.579+0000] {local_task_job_runner.py:234} INFO - Task exited with return code 1
[2025-12-22T04:31:48.609+0000] {taskinstance.py:3281} INFO - 0 downstream tasks scheduled from follow-on schedule check
[2025-12-22T05:28:18.630+0000] {taskinstance.py:1957} INFO - Dependencies all met for dep_context=non-requeueable deps ti=<TaskInstance: pipeline_services_publics_togo.ingestion_mongodb scheduled__2025-12-21T02:00:00+00:00 [queued]>
[2025-12-22T05:28:18.644+0000] {taskinstance.py:1957} INFO - Dependencies all met for dep_context=requeueable deps ti=<TaskInstance: pipeline_services_publics_togo.ingestion_mongodb scheduled__2025-12-21T02:00:00+00:00 [queued]>
[2025-12-22T05:28:18.644+0000] {taskinstance.py:2171} INFO - Starting attempt 2 of 3
[2025-12-22T05:28:18.658+0000] {taskinstance.py:2192} INFO - Executing <Task(BashOperator): ingestion_mongodb> on 2025-12-21 02:00:00+00:00
[2025-12-22T05:28:18.666+0000] {standard_task_runner.py:60} INFO - Started process 822 to run task
[2025-12-22T05:28:18.669+0000] {standard_task_runner.py:87} INFO - Running: ['***', 'tasks', 'run', 'pipeline_services_publics_togo', 'ingestion_mongodb', 'scheduled__2025-12-21T02:00:00+00:00', '--job-id', '21', '--raw', '--subdir', 'DAGS_FOLDER/pipeline_services_publics.py', '--cfg-path', '/tmp/tmpprctr9m3']
[2025-12-22T05:28:18.671+0000] {standard_task_runner.py:88} INFO - Job 21: Subtask ingestion_mongodb
[2025-12-22T05:28:18.735+0000] {task_command.py:423} INFO - Running <TaskInstance: pipeline_services_publics_togo.ingestion_mongodb scheduled__2025-12-21T02:00:00+00:00 [running]> on host 8760ad6ea1f0
[2025-12-22T05:28:18.831+0000] {taskinstance.py:2481} INFO - Exporting env vars: AIRFLOW_CTX_DAG_OWNER='data-engineer' AIRFLOW_CTX_DAG_ID='pipeline_services_publics_togo' AIRFLOW_CTX_TASK_ID='ingestion_mongodb' AIRFLOW_CTX_EXECUTION_DATE='2025-12-21T02:00:00+00:00' AIRFLOW_CTX_TRY_NUMBER='2' AIRFLOW_CTX_DAG_RUN_ID='scheduled__2025-12-21T02:00:00+00:00'
[2025-12-22T05:28:18.833+0000] {subprocess.py:63} INFO - Tmp dir root location: /tmp
[2025-12-22T05:28:18.835+0000] {subprocess.py:75} INFO - Running command: ['/usr/bin/bash', '-c', '\n    /opt/spark/bin/spark-submit       --master spark://spark-master:7077       --packages org.mongodb.spark:mongo-spark-connector_2.12:10.5.0       --executor-memory 2G       --driver-memory 1G       /opt/***/spark_jobs/ingestion.py\n    ']
[2025-12-22T05:28:18.846+0000] {subprocess.py:86} INFO - Output:
[2025-12-22T05:28:22.610+0000] {subprocess.py:93} INFO - :: loading settings :: url = jar:file:/opt/spark/jars/ivy-2.5.1.jar!/org/apache/ivy/core/settings/ivysettings.xml
[2025-12-22T05:28:22.818+0000] {subprocess.py:93} INFO - Ivy Default Cache set to: /home/***/.ivy2/cache
[2025-12-22T05:28:22.818+0000] {subprocess.py:93} INFO - The jars for the packages stored in: /home/***/.ivy2/jars
[2025-12-22T05:28:22.840+0000] {subprocess.py:93} INFO - org.mongodb.spark#mongo-spark-connector_2.12 added as a dependency
[2025-12-22T05:28:22.853+0000] {subprocess.py:93} INFO - :: resolving dependencies :: org.apache.spark#spark-submit-parent-470b8b67-0dbc-412c-ac65-7571804a6c95;1.0
[2025-12-22T05:28:22.853+0000] {subprocess.py:93} INFO - 	confs: [default]
[2025-12-22T05:28:23.134+0000] {subprocess.py:93} INFO - 	found org.mongodb.spark#mongo-spark-connector_2.12;10.5.0 in central
[2025-12-22T05:28:25.215+0000] {subprocess.py:93} INFO - 	found org.mongodb#mongodb-driver-sync;5.1.4 in central
[2025-12-22T05:28:25.215+0000] {subprocess.py:93} INFO - 	[5.1.4] org.mongodb#mongodb-driver-sync;[5.1.1,5.1.99)
[2025-12-22T05:28:25.330+0000] {subprocess.py:93} INFO - 	found org.mongodb#bson;5.1.4 in central
[2025-12-22T05:28:25.416+0000] {subprocess.py:93} INFO - 	found org.mongodb#mongodb-driver-core;5.1.4 in central
[2025-12-22T05:28:25.441+0000] {subprocess.py:93} INFO - 	found org.mongodb#bson-record-codec;5.1.4 in central
[2025-12-22T05:28:25.498+0000] {subprocess.py:93} INFO - :: resolution report :: resolve 2628ms :: artifacts dl 25ms
[2025-12-22T05:28:25.498+0000] {subprocess.py:93} INFO - 	:: modules in use:
[2025-12-22T05:28:25.498+0000] {subprocess.py:93} INFO - 	org.mongodb#bson;5.1.4 from central in [default]
[2025-12-22T05:28:25.498+0000] {subprocess.py:93} INFO - 	org.mongodb#bson-record-codec;5.1.4 from central in [default]
[2025-12-22T05:28:25.501+0000] {subprocess.py:93} INFO - 	org.mongodb#mongodb-driver-core;5.1.4 from central in [default]
[2025-12-22T05:28:25.501+0000] {subprocess.py:93} INFO - 	org.mongodb#mongodb-driver-sync;5.1.4 from central in [default]
[2025-12-22T05:28:25.501+0000] {subprocess.py:93} INFO - 	org.mongodb.spark#mongo-spark-connector_2.12;10.5.0 from central in [default]
[2025-12-22T05:28:25.501+0000] {subprocess.py:93} INFO - 	---------------------------------------------------------------------
[2025-12-22T05:28:25.501+0000] {subprocess.py:93} INFO - 	|                  |            modules            ||   artifacts   |
[2025-12-22T05:28:25.501+0000] {subprocess.py:93} INFO - 	|       conf       | number| search|dwnlded|evicted|| number|dwnlded|
[2025-12-22T05:28:25.501+0000] {subprocess.py:93} INFO - 	---------------------------------------------------------------------
[2025-12-22T05:28:25.501+0000] {subprocess.py:93} INFO - 	|      default     |   5   |   1   |   0   |   0   ||   5   |   0   |
[2025-12-22T05:28:25.502+0000] {subprocess.py:93} INFO - 	---------------------------------------------------------------------
[2025-12-22T05:28:25.516+0000] {subprocess.py:93} INFO - :: retrieving :: org.apache.spark#spark-submit-parent-470b8b67-0dbc-412c-ac65-7571804a6c95
[2025-12-22T05:28:25.516+0000] {subprocess.py:93} INFO - 	confs: [default]
[2025-12-22T05:28:25.547+0000] {subprocess.py:93} INFO - 	0 artifacts copied, 5 already retrieved (0kB/24ms)
[2025-12-22T05:28:26.355+0000] {subprocess.py:93} INFO - 25/12/22 05:28:26 WARN NativeCodeLoader: Unable to load native-hadoop library for your platform... using builtin-java classes where applicable
[2025-12-22T05:28:27.970+0000] {subprocess.py:93} INFO - 25/12/22 05:28:27 INFO SparkContext: Running Spark version 3.5.1
[2025-12-22T05:28:27.973+0000] {subprocess.py:93} INFO - 25/12/22 05:28:27 INFO SparkContext: OS info Linux, 6.8.0-90-generic, amd64
[2025-12-22T05:28:27.977+0000] {subprocess.py:93} INFO - 25/12/22 05:28:27 INFO SparkContext: Java version 17.0.17
[2025-12-22T05:28:28.006+0000] {subprocess.py:93} INFO - 25/12/22 05:28:28 INFO ResourceUtils: ==============================================================
[2025-12-22T05:28:28.009+0000] {subprocess.py:93} INFO - 25/12/22 05:28:28 INFO ResourceUtils: No custom resources configured for spark.driver.
[2025-12-22T05:28:28.009+0000] {subprocess.py:93} INFO - 25/12/22 05:28:28 INFO ResourceUtils: ==============================================================
[2025-12-22T05:28:28.013+0000] {subprocess.py:93} INFO - 25/12/22 05:28:28 INFO SparkContext: Submitted application: Ingestion_MongoDB_Raw
[2025-12-22T05:28:28.044+0000] {subprocess.py:93} INFO - 25/12/22 05:28:28 INFO ResourceProfile: Default ResourceProfile created, executor resources: Map(memory -> name: memory, amount: 2048, script: , vendor: , offHeap -> name: offHeap, amount: 0, script: , vendor: ), task resources: Map(cpus -> name: cpus, amount: 1.0)
[2025-12-22T05:28:28.053+0000] {subprocess.py:93} INFO - 25/12/22 05:28:28 INFO ResourceProfile: Limiting resource is cpu
[2025-12-22T05:28:28.054+0000] {subprocess.py:93} INFO - 25/12/22 05:28:28 INFO ResourceProfileManager: Added ResourceProfile id: 0
[2025-12-22T05:28:28.210+0000] {subprocess.py:93} INFO - 25/12/22 05:28:28 INFO SecurityManager: Changing view acls to: ***
[2025-12-22T05:28:28.212+0000] {subprocess.py:93} INFO - 25/12/22 05:28:28 INFO SecurityManager: Changing modify acls to: ***
[2025-12-22T05:28:28.217+0000] {subprocess.py:93} INFO - 25/12/22 05:28:28 INFO SecurityManager: Changing view acls groups to:
[2025-12-22T05:28:28.217+0000] {subprocess.py:93} INFO - 25/12/22 05:28:28 INFO SecurityManager: Changing modify acls groups to:
[2025-12-22T05:28:28.218+0000] {subprocess.py:93} INFO - 25/12/22 05:28:28 INFO SecurityManager: SecurityManager: authentication disabled; ui acls disabled; users with view permissions: ***; groups with view permissions: EMPTY; users with modify permissions: ***; groups with modify permissions: EMPTY
[2025-12-22T05:28:28.547+0000] {subprocess.py:93} INFO - 25/12/22 05:28:28 ERROR SparkContext: Error initializing SparkContext.
[2025-12-22T05:28:28.547+0000] {subprocess.py:93} INFO - java.nio.channels.UnresolvedAddressException
[2025-12-22T05:28:28.548+0000] {subprocess.py:93} INFO - 	at java.base/sun.nio.ch.Net.checkAddress(Net.java:149)
[2025-12-22T05:28:28.548+0000] {subprocess.py:93} INFO - 	at java.base/sun.nio.ch.Net.checkAddress(Net.java:157)
[2025-12-22T05:28:28.548+0000] {subprocess.py:93} INFO - 	at java.base/sun.nio.ch.ServerSocketChannelImpl.netBind(ServerSocketChannelImpl.java:330)
[2025-12-22T05:28:28.548+0000] {subprocess.py:93} INFO - 	at java.base/sun.nio.ch.ServerSocketChannelImpl.bind(ServerSocketChannelImpl.java:294)
[2025-12-22T05:28:28.548+0000] {subprocess.py:93} INFO - 	at io.netty.channel.socket.nio.NioServerSocketChannel.doBind(NioServerSocketChannel.java:141)
[2025-12-22T05:28:28.548+0000] {subprocess.py:93} INFO - 	at io.netty.channel.AbstractChannel$AbstractUnsafe.bind(AbstractChannel.java:562)
[2025-12-22T05:28:28.549+0000] {subprocess.py:93} INFO - 	at io.netty.channel.DefaultChannelPipeline$HeadContext.bind(DefaultChannelPipeline.java:1334)
[2025-12-22T05:28:28.549+0000] {subprocess.py:93} INFO - 	at io.netty.channel.AbstractChannelHandlerContext.invokeBind(AbstractChannelHandlerContext.java:600)
[2025-12-22T05:28:28.549+0000] {subprocess.py:93} INFO - 	at io.netty.channel.AbstractChannelHandlerContext.bind(AbstractChannelHandlerContext.java:579)
[2025-12-22T05:28:28.549+0000] {subprocess.py:93} INFO - 	at io.netty.channel.DefaultChannelPipeline.bind(DefaultChannelPipeline.java:973)
[2025-12-22T05:28:28.549+0000] {subprocess.py:93} INFO - 	at io.netty.channel.AbstractChannel.bind(AbstractChannel.java:260)
[2025-12-22T05:28:28.549+0000] {subprocess.py:93} INFO - 	at io.netty.bootstrap.AbstractBootstrap$2.run(AbstractBootstrap.java:356)
[2025-12-22T05:28:28.549+0000] {subprocess.py:93} INFO - 	at io.netty.util.concurrent.AbstractEventExecutor.runTask(AbstractEventExecutor.java:174)
[2025-12-22T05:28:28.549+0000] {subprocess.py:93} INFO - 	at io.netty.util.concurrent.AbstractEventExecutor.safeExecute(AbstractEventExecutor.java:167)
[2025-12-22T05:28:28.553+0000] {subprocess.py:93} INFO - 	at io.netty.util.concurrent.SingleThreadEventExecutor.runAllTasks(SingleThreadEventExecutor.java:470)
[2025-12-22T05:28:28.553+0000] {subprocess.py:93} INFO - 	at io.netty.channel.nio.NioEventLoop.run(NioEventLoop.java:569)
[2025-12-22T05:28:28.553+0000] {subprocess.py:93} INFO - 	at io.netty.util.concurrent.SingleThreadEventExecutor$4.run(SingleThreadEventExecutor.java:997)
[2025-12-22T05:28:28.553+0000] {subprocess.py:93} INFO - 	at io.netty.util.internal.ThreadExecutorMap$2.run(ThreadExecutorMap.java:74)
[2025-12-22T05:28:28.556+0000] {subprocess.py:93} INFO - 	at io.netty.util.concurrent.FastThreadLocalRunnable.run(FastThreadLocalRunnable.java:30)
[2025-12-22T05:28:28.556+0000] {subprocess.py:93} INFO - 	at java.base/java.lang.Thread.run(Thread.java:840)
[2025-12-22T05:28:28.556+0000] {subprocess.py:93} INFO - 25/12/22 05:28:28 INFO SparkContext: SparkContext is stopping with exitCode 0.
[2025-12-22T05:28:28.592+0000] {subprocess.py:93} INFO - 25/12/22 05:28:28 INFO SparkContext: Successfully stopped SparkContext
[2025-12-22T05:28:28.594+0000] {subprocess.py:93} INFO - Traceback (most recent call last):
[2025-12-22T05:28:28.595+0000] {subprocess.py:93} INFO -   File "/opt/***/spark_jobs/ingestion.py", line 21, in <module>
[2025-12-22T05:28:28.595+0000] {subprocess.py:93} INFO -     .getOrCreate()
[2025-12-22T05:28:28.595+0000] {subprocess.py:93} INFO -   File "/opt/spark/python/lib/pyspark.zip/pyspark/sql/session.py", line 497, in getOrCreate
[2025-12-22T05:28:28.595+0000] {subprocess.py:93} INFO -   File "/opt/spark/python/lib/pyspark.zip/pyspark/context.py", line 515, in getOrCreate
[2025-12-22T05:28:28.595+0000] {subprocess.py:93} INFO -   File "/opt/spark/python/lib/pyspark.zip/pyspark/context.py", line 203, in __init__
[2025-12-22T05:28:28.596+0000] {subprocess.py:93} INFO -   File "/opt/spark/python/lib/pyspark.zip/pyspark/context.py", line 296, in _do_init
[2025-12-22T05:28:28.596+0000] {subprocess.py:93} INFO -   File "/opt/spark/python/lib/pyspark.zip/pyspark/context.py", line 421, in _initialize_context
[2025-12-22T05:28:28.596+0000] {subprocess.py:93} INFO -   File "/opt/spark/python/lib/py4j-0.10.9.7-src.zip/py4j/java_gateway.py", line 1587, in __call__
[2025-12-22T05:28:28.596+0000] {subprocess.py:93} INFO -   File "/opt/spark/python/lib/py4j-0.10.9.7-src.zip/py4j/protocol.py", line 326, in get_return_value
[2025-12-22T05:28:28.597+0000] {subprocess.py:93} INFO - py4j.protocol.Py4JJavaError: An error occurred while calling None.org.apache.spark.api.java.JavaSparkContext.
[2025-12-22T05:28:28.597+0000] {subprocess.py:93} INFO - : java.nio.channels.UnresolvedAddressException
[2025-12-22T05:28:28.597+0000] {subprocess.py:93} INFO - 	at java.base/sun.nio.ch.Net.checkAddress(Net.java:149)
[2025-12-22T05:28:28.597+0000] {subprocess.py:93} INFO - 	at java.base/sun.nio.ch.Net.checkAddress(Net.java:157)
[2025-12-22T05:28:28.597+0000] {subprocess.py:93} INFO - 	at java.base/sun.nio.ch.ServerSocketChannelImpl.netBind(ServerSocketChannelImpl.java:330)
[2025-12-22T05:28:28.597+0000] {subprocess.py:93} INFO - 	at java.base/sun.nio.ch.ServerSocketChannelImpl.bind(ServerSocketChannelImpl.java:294)
[2025-12-22T05:28:28.599+0000] {subprocess.py:93} INFO - 	at io.netty.channel.socket.nio.NioServerSocketChannel.doBind(NioServerSocketChannel.java:141)
[2025-12-22T05:28:28.599+0000] {subprocess.py:93} INFO - 	at io.netty.channel.AbstractChannel$AbstractUnsafe.bind(AbstractChannel.java:562)
[2025-12-22T05:28:28.600+0000] {subprocess.py:93} INFO - 	at io.netty.channel.DefaultChannelPipeline$HeadContext.bind(DefaultChannelPipeline.java:1334)
[2025-12-22T05:28:28.600+0000] {subprocess.py:93} INFO - 	at io.netty.channel.AbstractChannelHandlerContext.invokeBind(AbstractChannelHandlerContext.java:600)
[2025-12-22T05:28:28.600+0000] {subprocess.py:93} INFO - 	at io.netty.channel.AbstractChannelHandlerContext.bind(AbstractChannelHandlerContext.java:579)
[2025-12-22T05:28:28.600+0000] {subprocess.py:93} INFO - 	at io.netty.channel.DefaultChannelPipeline.bind(DefaultChannelPipeline.java:973)
[2025-12-22T05:28:28.600+0000] {subprocess.py:93} INFO - 	at io.netty.channel.AbstractChannel.bind(AbstractChannel.java:260)
[2025-12-22T05:28:28.600+0000] {subprocess.py:93} INFO - 	at io.netty.bootstrap.AbstractBootstrap$2.run(AbstractBootstrap.java:356)
[2025-12-22T05:28:28.600+0000] {subprocess.py:93} INFO - 	at io.netty.util.concurrent.AbstractEventExecutor.runTask(AbstractEventExecutor.java:174)
[2025-12-22T05:28:28.603+0000] {subprocess.py:93} INFO - 	at io.netty.util.concurrent.AbstractEventExecutor.safeExecute(AbstractEventExecutor.java:167)
[2025-12-22T05:28:28.603+0000] {subprocess.py:93} INFO - 	at io.netty.util.concurrent.SingleThreadEventExecutor.runAllTasks(SingleThreadEventExecutor.java:470)
[2025-12-22T05:28:28.603+0000] {subprocess.py:93} INFO - 	at io.netty.channel.nio.NioEventLoop.run(NioEventLoop.java:569)
[2025-12-22T05:28:28.603+0000] {subprocess.py:93} INFO - 	at io.netty.util.concurrent.SingleThreadEventExecutor$4.run(SingleThreadEventExecutor.java:997)
[2025-12-22T05:28:28.603+0000] {subprocess.py:93} INFO - 	at io.netty.util.internal.ThreadExecutorMap$2.run(ThreadExecutorMap.java:74)
[2025-12-22T05:28:28.604+0000] {subprocess.py:93} INFO - 	at io.netty.util.concurrent.FastThreadLocalRunnable.run(FastThreadLocalRunnable.java:30)
[2025-12-22T05:28:28.604+0000] {subprocess.py:93} INFO - 	at java.base/java.lang.Thread.run(Thread.java:840)
[2025-12-22T05:28:28.604+0000] {subprocess.py:93} INFO - 
[2025-12-22T05:28:28.701+0000] {subprocess.py:93} INFO - 25/12/22 05:28:28 INFO ShutdownHookManager: Shutdown hook called
[2025-12-22T05:28:28.701+0000] {subprocess.py:93} INFO - 25/12/22 05:28:28 INFO ShutdownHookManager: Deleting directory /tmp/spark-746083ab-eecd-4aa0-ae7a-7dd56854a62c
[2025-12-22T05:28:28.798+0000] {subprocess.py:97} INFO - Command exited with return code 1
[2025-12-22T05:28:28.831+0000] {taskinstance.py:2699} ERROR - Task failed with exception
Traceback (most recent call last):
  File "/home/airflow/.local/lib/python3.10/site-packages/airflow/models/taskinstance.py", line 433, in _execute_task
    result = execute_callable(context=context, **execute_callable_kwargs)
  File "/home/airflow/.local/lib/python3.10/site-packages/airflow/operators/bash.py", line 212, in execute
    raise AirflowException(
airflow.exceptions.AirflowException: Bash command failed. The command returned a non-zero exit code 1.
[2025-12-22T05:28:28.849+0000] {taskinstance.py:1138} INFO - Marking task as UP_FOR_RETRY. dag_id=pipeline_services_publics_togo, task_id=ingestion_mongodb, execution_date=20251221T020000, start_date=20251222T052818, end_date=20251222T052828
[2025-12-22T05:28:28.872+0000] {standard_task_runner.py:107} ERROR - Failed to execute job 21 for task ingestion_mongodb (Bash command failed. The command returned a non-zero exit code 1.; 822)
[2025-12-22T05:28:28.903+0000] {local_task_job_runner.py:234} INFO - Task exited with return code 1
[2025-12-22T05:28:28.931+0000] {taskinstance.py:3281} INFO - 0 downstream tasks scheduled from follow-on schedule check
[2025-12-22T06:16:38.699+0000] {taskinstance.py:1957} INFO - Dependencies all met for dep_context=non-requeueable deps ti=<TaskInstance: pipeline_services_publics_togo.ingestion_mongodb scheduled__2025-12-21T02:00:00+00:00 [queued]>
[2025-12-22T06:16:38.735+0000] {taskinstance.py:1957} INFO - Dependencies all met for dep_context=requeueable deps ti=<TaskInstance: pipeline_services_publics_togo.ingestion_mongodb scheduled__2025-12-21T02:00:00+00:00 [queued]>
[2025-12-22T06:16:38.736+0000] {taskinstance.py:2171} INFO - Starting attempt 2 of 3
[2025-12-22T06:16:38.779+0000] {taskinstance.py:2192} INFO - Executing <Task(BashOperator): ingestion_mongodb> on 2025-12-21 02:00:00+00:00
[2025-12-22T06:16:38.793+0000] {standard_task_runner.py:60} INFO - Started process 492 to run task
[2025-12-22T06:16:38.803+0000] {standard_task_runner.py:87} INFO - Running: ['***', 'tasks', 'run', 'pipeline_services_publics_togo', 'ingestion_mongodb', 'scheduled__2025-12-21T02:00:00+00:00', '--job-id', '10', '--raw', '--subdir', 'DAGS_FOLDER/pipeline_services_publics.py', '--cfg-path', '/tmp/tmpwrd83qfa']
[2025-12-22T06:16:38.811+0000] {standard_task_runner.py:88} INFO - Job 10: Subtask ingestion_mongodb
[2025-12-22T06:16:38.996+0000] {task_command.py:423} INFO - Running <TaskInstance: pipeline_services_publics_togo.ingestion_mongodb scheduled__2025-12-21T02:00:00+00:00 [running]> on host 8280e970b9f5
[2025-12-22T06:16:39.269+0000] {taskinstance.py:2481} INFO - Exporting env vars: AIRFLOW_CTX_DAG_OWNER='data-engineer' AIRFLOW_CTX_DAG_ID='pipeline_services_publics_togo' AIRFLOW_CTX_TASK_ID='ingestion_mongodb' AIRFLOW_CTX_EXECUTION_DATE='2025-12-21T02:00:00+00:00' AIRFLOW_CTX_TRY_NUMBER='2' AIRFLOW_CTX_DAG_RUN_ID='scheduled__2025-12-21T02:00:00+00:00'
[2025-12-22T06:16:39.273+0000] {subprocess.py:63} INFO - Tmp dir root location: /tmp
[2025-12-22T06:16:39.276+0000] {subprocess.py:75} INFO - Running command: ['/usr/bin/bash', '-c', '\n    /opt/spark/bin/spark-submit       --master spark://spark-master:7077       --packages org.mongodb.spark:mongo-spark-connector_2.12:10.5.0       --executor-memory 2G       --driver-memory 1G       /opt/***/spark_jobs/ingestion.py\n    ']
[2025-12-22T06:16:39.306+0000] {subprocess.py:86} INFO - Output:
[2025-12-22T06:16:41.243+0000] {subprocess.py:93} INFO - :: loading settings :: url = jar:file:/opt/spark/jars/ivy-2.5.1.jar!/org/apache/ivy/core/settings/ivysettings.xml
[2025-12-22T06:16:41.306+0000] {subprocess.py:93} INFO - Ivy Default Cache set to: /home/***/.ivy2/cache
[2025-12-22T06:16:41.307+0000] {subprocess.py:93} INFO - The jars for the packages stored in: /home/***/.ivy2/jars
[2025-12-22T06:16:41.313+0000] {subprocess.py:93} INFO - org.mongodb.spark#mongo-spark-connector_2.12 added as a dependency
[2025-12-22T06:16:41.313+0000] {subprocess.py:93} INFO - :: resolving dependencies :: org.apache.spark#spark-submit-parent-7096095f-7bf5-4340-883f-8c278d6ca15d;1.0
[2025-12-22T06:16:41.313+0000] {subprocess.py:93} INFO - 	confs: [default]
[2025-12-22T06:16:41.408+0000] {subprocess.py:93} INFO - 	found org.mongodb.spark#mongo-spark-connector_2.12;10.5.0 in central
[2025-12-22T06:16:44.364+0000] {subprocess.py:93} INFO - 	found org.mongodb#mongodb-driver-sync;5.1.4 in central
[2025-12-22T06:16:44.365+0000] {subprocess.py:93} INFO - 	[5.1.4] org.mongodb#mongodb-driver-sync;[5.1.1,5.1.99)
[2025-12-22T06:16:44.507+0000] {subprocess.py:93} INFO - 	found org.mongodb#bson;5.1.4 in central
[2025-12-22T06:16:44.560+0000] {subprocess.py:93} INFO - 	found org.mongodb#mongodb-driver-core;5.1.4 in central
[2025-12-22T06:16:44.589+0000] {subprocess.py:93} INFO - 	found org.mongodb#bson-record-codec;5.1.4 in central
[2025-12-22T06:16:44.616+0000] {subprocess.py:93} INFO - :: resolution report :: resolve 3294ms :: artifacts dl 9ms
[2025-12-22T06:16:44.616+0000] {subprocess.py:93} INFO - 	:: modules in use:
[2025-12-22T06:16:44.616+0000] {subprocess.py:93} INFO - 	org.mongodb#bson;5.1.4 from central in [default]
[2025-12-22T06:16:44.616+0000] {subprocess.py:93} INFO - 	org.mongodb#bson-record-codec;5.1.4 from central in [default]
[2025-12-22T06:16:44.616+0000] {subprocess.py:93} INFO - 	org.mongodb#mongodb-driver-core;5.1.4 from central in [default]
[2025-12-22T06:16:44.616+0000] {subprocess.py:93} INFO - 	org.mongodb#mongodb-driver-sync;5.1.4 from central in [default]
[2025-12-22T06:16:44.616+0000] {subprocess.py:93} INFO - 	org.mongodb.spark#mongo-spark-connector_2.12;10.5.0 from central in [default]
[2025-12-22T06:16:44.616+0000] {subprocess.py:93} INFO - 	---------------------------------------------------------------------
[2025-12-22T06:16:44.617+0000] {subprocess.py:93} INFO - 	|                  |            modules            ||   artifacts   |
[2025-12-22T06:16:44.617+0000] {subprocess.py:93} INFO - 	|       conf       | number| search|dwnlded|evicted|| number|dwnlded|
[2025-12-22T06:16:44.617+0000] {subprocess.py:93} INFO - 	---------------------------------------------------------------------
[2025-12-22T06:16:44.617+0000] {subprocess.py:93} INFO - 	|      default     |   5   |   1   |   0   |   0   ||   5   |   0   |
[2025-12-22T06:16:44.617+0000] {subprocess.py:93} INFO - 	---------------------------------------------------------------------
[2025-12-22T06:16:44.623+0000] {subprocess.py:93} INFO - :: retrieving :: org.apache.spark#spark-submit-parent-7096095f-7bf5-4340-883f-8c278d6ca15d
[2025-12-22T06:16:44.623+0000] {subprocess.py:93} INFO - 	confs: [default]
[2025-12-22T06:16:44.628+0000] {subprocess.py:93} INFO - 	0 artifacts copied, 5 already retrieved (0kB/6ms)
[2025-12-22T06:16:44.823+0000] {subprocess.py:93} INFO - 25/12/22 06:16:44 WARN NativeCodeLoader: Unable to load native-hadoop library for your platform... using builtin-java classes where applicable
[2025-12-22T06:16:45.752+0000] {subprocess.py:93} INFO - 25/12/22 06:16:45 INFO SparkContext: Running Spark version 3.5.1
[2025-12-22T06:16:45.753+0000] {subprocess.py:93} INFO - 25/12/22 06:16:45 INFO SparkContext: OS info Linux, 6.8.0-90-generic, amd64
[2025-12-22T06:16:45.753+0000] {subprocess.py:93} INFO - 25/12/22 06:16:45 INFO SparkContext: Java version 17.0.17
[2025-12-22T06:16:45.785+0000] {subprocess.py:93} INFO - 25/12/22 06:16:45 INFO ResourceUtils: ==============================================================
[2025-12-22T06:16:45.788+0000] {subprocess.py:93} INFO - 25/12/22 06:16:45 INFO ResourceUtils: No custom resources configured for spark.driver.
[2025-12-22T06:16:45.789+0000] {subprocess.py:93} INFO - 25/12/22 06:16:45 INFO ResourceUtils: ==============================================================
[2025-12-22T06:16:45.789+0000] {subprocess.py:93} INFO - 25/12/22 06:16:45 INFO SparkContext: Submitted application: Ingestion_MongoDB_Raw
[2025-12-22T06:16:45.815+0000] {subprocess.py:93} INFO - 25/12/22 06:16:45 INFO ResourceProfile: Default ResourceProfile created, executor resources: Map(memory -> name: memory, amount: 2048, script: , vendor: , offHeap -> name: offHeap, amount: 0, script: , vendor: ), task resources: Map(cpus -> name: cpus, amount: 1.0)
[2025-12-22T06:16:45.825+0000] {subprocess.py:93} INFO - 25/12/22 06:16:45 INFO ResourceProfile: Limiting resource is cpu
[2025-12-22T06:16:45.825+0000] {subprocess.py:93} INFO - 25/12/22 06:16:45 INFO ResourceProfileManager: Added ResourceProfile id: 0
[2025-12-22T06:16:45.881+0000] {subprocess.py:93} INFO - 25/12/22 06:16:45 INFO SecurityManager: Changing view acls to: ***
[2025-12-22T06:16:45.882+0000] {subprocess.py:93} INFO - 25/12/22 06:16:45 INFO SecurityManager: Changing modify acls to: ***
[2025-12-22T06:16:45.883+0000] {subprocess.py:93} INFO - 25/12/22 06:16:45 INFO SecurityManager: Changing view acls groups to:
[2025-12-22T06:16:45.883+0000] {subprocess.py:93} INFO - 25/12/22 06:16:45 INFO SecurityManager: Changing modify acls groups to:
[2025-12-22T06:16:45.884+0000] {subprocess.py:93} INFO - 25/12/22 06:16:45 INFO SecurityManager: SecurityManager: authentication disabled; ui acls disabled; users with view permissions: ***; groups with view permissions: EMPTY; users with modify permissions: ***; groups with modify permissions: EMPTY
[2025-12-22T06:16:46.075+0000] {subprocess.py:93} INFO - 25/12/22 06:16:46 INFO Utils: Successfully started service 'sparkDriver' on port 35169.
[2025-12-22T06:16:46.097+0000] {subprocess.py:93} INFO - 25/12/22 06:16:46 INFO SparkEnv: Registering MapOutputTracker
[2025-12-22T06:16:46.127+0000] {subprocess.py:93} INFO - 25/12/22 06:16:46 INFO SparkEnv: Registering BlockManagerMaster
[2025-12-22T06:16:46.143+0000] {subprocess.py:93} INFO - 25/12/22 06:16:46 INFO BlockManagerMasterEndpoint: Using org.apache.spark.storage.DefaultTopologyMapper for getting topology information
[2025-12-22T06:16:46.144+0000] {subprocess.py:93} INFO - 25/12/22 06:16:46 INFO BlockManagerMasterEndpoint: BlockManagerMasterEndpoint up
[2025-12-22T06:16:46.146+0000] {subprocess.py:93} INFO - 25/12/22 06:16:46 INFO SparkEnv: Registering BlockManagerMasterHeartbeat
[2025-12-22T06:16:46.164+0000] {subprocess.py:93} INFO - 25/12/22 06:16:46 INFO DiskBlockManager: Created local directory at /tmp/blockmgr-5737ae63-8d84-469b-a880-3b517cbc0d28
[2025-12-22T06:16:46.175+0000] {subprocess.py:93} INFO - 25/12/22 06:16:46 INFO MemoryStore: MemoryStore started with capacity 434.4 MiB
[2025-12-22T06:16:46.187+0000] {subprocess.py:93} INFO - 25/12/22 06:16:46 INFO SparkEnv: Registering OutputCommitCoordinator
[2025-12-22T06:16:46.293+0000] {subprocess.py:93} INFO - 25/12/22 06:16:46 INFO JettyUtils: Start Jetty 0.0.0.0:4040 for SparkUI
[2025-12-22T06:16:46.351+0000] {subprocess.py:93} INFO - 25/12/22 06:16:46 INFO Utils: Successfully started service 'SparkUI' on port 4040.
[2025-12-22T06:16:46.384+0000] {subprocess.py:93} INFO - 25/12/22 06:16:46 INFO SparkContext: Added JAR file:///home/***/.ivy2/jars/org.mongodb.spark_mongo-spark-connector_2.12-10.5.0.jar at spark://8280e970b9f5:35169/jars/org.mongodb.spark_mongo-spark-connector_2.12-10.5.0.jar with timestamp 1766384205746
[2025-12-22T06:16:46.384+0000] {subprocess.py:93} INFO - 25/12/22 06:16:46 INFO SparkContext: Added JAR file:///home/***/.ivy2/jars/org.mongodb_mongodb-driver-sync-5.1.4.jar at spark://8280e970b9f5:35169/jars/org.mongodb_mongodb-driver-sync-5.1.4.jar with timestamp 1766384205746
[2025-12-22T06:16:46.384+0000] {subprocess.py:93} INFO - 25/12/22 06:16:46 INFO SparkContext: Added JAR file:///home/***/.ivy2/jars/org.mongodb_bson-5.1.4.jar at spark://8280e970b9f5:35169/jars/org.mongodb_bson-5.1.4.jar with timestamp 1766384205746
[2025-12-22T06:16:46.384+0000] {subprocess.py:93} INFO - 25/12/22 06:16:46 INFO SparkContext: Added JAR file:///home/***/.ivy2/jars/org.mongodb_mongodb-driver-core-5.1.4.jar at spark://8280e970b9f5:35169/jars/org.mongodb_mongodb-driver-core-5.1.4.jar with timestamp 1766384205746
[2025-12-22T06:16:46.384+0000] {subprocess.py:93} INFO - 25/12/22 06:16:46 INFO SparkContext: Added JAR file:///home/***/.ivy2/jars/org.mongodb_bson-record-codec-5.1.4.jar at spark://8280e970b9f5:35169/jars/org.mongodb_bson-record-codec-5.1.4.jar with timestamp 1766384205746
[2025-12-22T06:16:46.387+0000] {subprocess.py:93} INFO - 25/12/22 06:16:46 INFO SparkContext: Added file file:///home/***/.ivy2/jars/org.mongodb.spark_mongo-spark-connector_2.12-10.5.0.jar at spark://8280e970b9f5:35169/files/org.mongodb.spark_mongo-spark-connector_2.12-10.5.0.jar with timestamp 1766384205746
[2025-12-22T06:16:46.389+0000] {subprocess.py:93} INFO - 25/12/22 06:16:46 INFO Utils: Copying /home/***/.ivy2/jars/org.mongodb.spark_mongo-spark-connector_2.12-10.5.0.jar to /tmp/spark-a4c672b8-033c-44ad-8b94-e36b39a22472/userFiles-8728e483-2f1d-4158-ab2d-5f8d40f01ec6/org.mongodb.spark_mongo-spark-connector_2.12-10.5.0.jar
[2025-12-22T06:16:46.398+0000] {subprocess.py:93} INFO - 25/12/22 06:16:46 INFO SparkContext: Added file file:///home/***/.ivy2/jars/org.mongodb_mongodb-driver-sync-5.1.4.jar at spark://8280e970b9f5:35169/files/org.mongodb_mongodb-driver-sync-5.1.4.jar with timestamp 1766384205746
[2025-12-22T06:16:46.398+0000] {subprocess.py:93} INFO - 25/12/22 06:16:46 INFO Utils: Copying /home/***/.ivy2/jars/org.mongodb_mongodb-driver-sync-5.1.4.jar to /tmp/spark-a4c672b8-033c-44ad-8b94-e36b39a22472/userFiles-8728e483-2f1d-4158-ab2d-5f8d40f01ec6/org.mongodb_mongodb-driver-sync-5.1.4.jar
[2025-12-22T06:16:46.404+0000] {subprocess.py:93} INFO - 25/12/22 06:16:46 INFO SparkContext: Added file file:///home/***/.ivy2/jars/org.mongodb_bson-5.1.4.jar at spark://8280e970b9f5:35169/files/org.mongodb_bson-5.1.4.jar with timestamp 1766384205746
[2025-12-22T06:16:46.404+0000] {subprocess.py:93} INFO - 25/12/22 06:16:46 INFO Utils: Copying /home/***/.ivy2/jars/org.mongodb_bson-5.1.4.jar to /tmp/spark-a4c672b8-033c-44ad-8b94-e36b39a22472/userFiles-8728e483-2f1d-4158-ab2d-5f8d40f01ec6/org.mongodb_bson-5.1.4.jar
[2025-12-22T06:16:46.412+0000] {subprocess.py:93} INFO - 25/12/22 06:16:46 INFO SparkContext: Added file file:///home/***/.ivy2/jars/org.mongodb_mongodb-driver-core-5.1.4.jar at spark://8280e970b9f5:35169/files/org.mongodb_mongodb-driver-core-5.1.4.jar with timestamp 1766384205746
[2025-12-22T06:16:46.412+0000] {subprocess.py:93} INFO - 25/12/22 06:16:46 INFO Utils: Copying /home/***/.ivy2/jars/org.mongodb_mongodb-driver-core-5.1.4.jar to /tmp/spark-a4c672b8-033c-44ad-8b94-e36b39a22472/userFiles-8728e483-2f1d-4158-ab2d-5f8d40f01ec6/org.mongodb_mongodb-driver-core-5.1.4.jar
[2025-12-22T06:16:46.418+0000] {subprocess.py:93} INFO - 25/12/22 06:16:46 INFO SparkContext: Added file file:///home/***/.ivy2/jars/org.mongodb_bson-record-codec-5.1.4.jar at spark://8280e970b9f5:35169/files/org.mongodb_bson-record-codec-5.1.4.jar with timestamp 1766384205746
[2025-12-22T06:16:46.418+0000] {subprocess.py:93} INFO - 25/12/22 06:16:46 INFO Utils: Copying /home/***/.ivy2/jars/org.mongodb_bson-record-codec-5.1.4.jar to /tmp/spark-a4c672b8-033c-44ad-8b94-e36b39a22472/userFiles-8728e483-2f1d-4158-ab2d-5f8d40f01ec6/org.mongodb_bson-record-codec-5.1.4.jar
[2025-12-22T06:16:46.515+0000] {subprocess.py:93} INFO - 25/12/22 06:16:46 INFO StandaloneAppClient$ClientEndpoint: Connecting to master spark://spark-master:7077...
[2025-12-22T06:16:46.795+0000] {subprocess.py:93} INFO - 25/12/22 06:16:46 WARN StandaloneAppClient$ClientEndpoint: Failed to connect to master spark-master:7077
[2025-12-22T06:16:46.796+0000] {subprocess.py:93} INFO - org.apache.spark.SparkException: Exception thrown in awaitResult:
[2025-12-22T06:16:46.797+0000] {subprocess.py:93} INFO - 	at org.apache.spark.util.SparkThreadUtils$.awaitResult(SparkThreadUtils.scala:56)
[2025-12-22T06:16:46.798+0000] {subprocess.py:93} INFO - 	at org.apache.spark.util.ThreadUtils$.awaitResult(ThreadUtils.scala:310)
[2025-12-22T06:16:46.798+0000] {subprocess.py:93} INFO - 	at org.apache.spark.rpc.RpcTimeout.awaitResult(RpcTimeout.scala:75)
[2025-12-22T06:16:46.798+0000] {subprocess.py:93} INFO - 	at org.apache.spark.rpc.RpcEnv.setupEndpointRefByURI(RpcEnv.scala:102)
[2025-12-22T06:16:46.799+0000] {subprocess.py:93} INFO - 	at org.apache.spark.rpc.RpcEnv.setupEndpointRef(RpcEnv.scala:110)
[2025-12-22T06:16:46.799+0000] {subprocess.py:93} INFO - 	at org.apache.spark.deploy.client.StandaloneAppClient$ClientEndpoint$$anon$1.run(StandaloneAppClient.scala:108)
[2025-12-22T06:16:46.799+0000] {subprocess.py:93} INFO - 	at java.base/java.util.concurrent.Executors$RunnableAdapter.call(Executors.java:539)
[2025-12-22T06:16:46.800+0000] {subprocess.py:93} INFO - 	at java.base/java.util.concurrent.FutureTask.run(FutureTask.java:264)
[2025-12-22T06:16:46.800+0000] {subprocess.py:93} INFO - 	at java.base/java.util.concurrent.ThreadPoolExecutor.runWorker(ThreadPoolExecutor.java:1136)
[2025-12-22T06:16:46.800+0000] {subprocess.py:93} INFO - 	at java.base/java.util.concurrent.ThreadPoolExecutor$Worker.run(ThreadPoolExecutor.java:635)
[2025-12-22T06:16:46.800+0000] {subprocess.py:93} INFO - 	at java.base/java.lang.Thread.run(Thread.java:840)
[2025-12-22T06:16:46.801+0000] {subprocess.py:93} INFO - Caused by: java.io.IOException: Failed to connect to spark-master/<unresolved>:7077
[2025-12-22T06:16:46.801+0000] {subprocess.py:93} INFO - 	at org.apache.spark.network.client.TransportClientFactory.createClient(TransportClientFactory.java:294)
[2025-12-22T06:16:46.801+0000] {subprocess.py:93} INFO - 	at org.apache.spark.network.client.TransportClientFactory.createClient(TransportClientFactory.java:214)
[2025-12-22T06:16:46.802+0000] {subprocess.py:93} INFO - 	at org.apache.spark.network.client.TransportClientFactory.createClient(TransportClientFactory.java:226)
[2025-12-22T06:16:46.802+0000] {subprocess.py:93} INFO - 	at org.apache.spark.rpc.netty.NettyRpcEnv.createClient(NettyRpcEnv.scala:204)
[2025-12-22T06:16:46.802+0000] {subprocess.py:93} INFO - 	at org.apache.spark.rpc.netty.Outbox$$anon$1.call(Outbox.scala:202)
[2025-12-22T06:16:46.803+0000] {subprocess.py:93} INFO - 	at org.apache.spark.rpc.netty.Outbox$$anon$1.call(Outbox.scala:198)
[2025-12-22T06:16:46.803+0000] {subprocess.py:93} INFO - 	... 4 more
[2025-12-22T06:16:46.804+0000] {subprocess.py:93} INFO - Caused by: java.net.UnknownHostException: spark-master
[2025-12-22T06:16:46.804+0000] {subprocess.py:93} INFO - 	at java.base/java.net.InetAddress$CachedAddresses.get(InetAddress.java:801)
[2025-12-22T06:16:46.805+0000] {subprocess.py:93} INFO - 	at java.base/java.net.InetAddress.getAllByName0(InetAddress.java:1533)
[2025-12-22T06:16:46.805+0000] {subprocess.py:93} INFO - 	at java.base/java.net.InetAddress.getAllByName(InetAddress.java:1385)
[2025-12-22T06:16:46.806+0000] {subprocess.py:93} INFO - 	at java.base/java.net.InetAddress.getAllByName(InetAddress.java:1306)
[2025-12-22T06:16:46.806+0000] {subprocess.py:93} INFO - 	at java.base/java.net.InetAddress.getByName(InetAddress.java:1256)
[2025-12-22T06:16:46.806+0000] {subprocess.py:93} INFO - 	at io.netty.util.internal.SocketUtils$8.run(SocketUtils.java:156)
[2025-12-22T06:16:46.806+0000] {subprocess.py:93} INFO - 	at io.netty.util.internal.SocketUtils$8.run(SocketUtils.java:153)
[2025-12-22T06:16:46.807+0000] {subprocess.py:93} INFO - 	at java.base/java.security.AccessController.doPrivileged(AccessController.java:569)
[2025-12-22T06:16:46.807+0000] {subprocess.py:93} INFO - 	at io.netty.util.internal.SocketUtils.addressByName(SocketUtils.java:153)
[2025-12-22T06:16:46.807+0000] {subprocess.py:93} INFO - 	at io.netty.resolver.DefaultNameResolver.doResolve(DefaultNameResolver.java:41)
[2025-12-22T06:16:46.808+0000] {subprocess.py:93} INFO - 	at io.netty.resolver.SimpleNameResolver.resolve(SimpleNameResolver.java:61)
[2025-12-22T06:16:46.808+0000] {subprocess.py:93} INFO - 	at io.netty.resolver.SimpleNameResolver.resolve(SimpleNameResolver.java:53)
[2025-12-22T06:16:46.808+0000] {subprocess.py:93} INFO - 	at io.netty.resolver.InetSocketAddressResolver.doResolve(InetSocketAddressResolver.java:55)
[2025-12-22T06:16:46.809+0000] {subprocess.py:93} INFO - 	at io.netty.resolver.InetSocketAddressResolver.doResolve(InetSocketAddressResolver.java:31)
[2025-12-22T06:16:46.809+0000] {subprocess.py:93} INFO - 	at io.netty.resolver.AbstractAddressResolver.resolve(AbstractAddressResolver.java:106)
[2025-12-22T06:16:46.809+0000] {subprocess.py:93} INFO - 	at io.netty.bootstrap.Bootstrap.doResolveAndConnect0(Bootstrap.java:220)
[2025-12-22T06:16:46.810+0000] {subprocess.py:93} INFO - 	at io.netty.bootstrap.Bootstrap.access$000(Bootstrap.java:46)
[2025-12-22T06:16:46.810+0000] {subprocess.py:93} INFO - 	at io.netty.bootstrap.Bootstrap$1.operationComplete(Bootstrap.java:189)
[2025-12-22T06:16:46.810+0000] {subprocess.py:93} INFO - 	at io.netty.bootstrap.Bootstrap$1.operationComplete(Bootstrap.java:175)
[2025-12-22T06:16:46.811+0000] {subprocess.py:93} INFO - 	at io.netty.util.concurrent.DefaultPromise.notifyListener0(DefaultPromise.java:590)
[2025-12-22T06:16:46.811+0000] {subprocess.py:93} INFO - 	at io.netty.util.concurrent.DefaultPromise.notifyListenersNow(DefaultPromise.java:557)
[2025-12-22T06:16:46.812+0000] {subprocess.py:93} INFO - 	at io.netty.util.concurrent.DefaultPromise.notifyListeners(DefaultPromise.java:492)
[2025-12-22T06:16:46.812+0000] {subprocess.py:93} INFO - 	at io.netty.util.concurrent.DefaultPromise.setValue0(DefaultPromise.java:636)
[2025-12-22T06:16:46.813+0000] {subprocess.py:93} INFO - 	at io.netty.util.concurrent.DefaultPromise.setSuccess0(DefaultPromise.java:625)
[2025-12-22T06:16:46.813+0000] {subprocess.py:93} INFO - 	at io.netty.util.concurrent.DefaultPromise.trySuccess(DefaultPromise.java:105)
[2025-12-22T06:16:46.813+0000] {subprocess.py:93} INFO - 	at io.netty.channel.DefaultChannelPromise.trySuccess(DefaultChannelPromise.java:84)
[2025-12-22T06:16:46.814+0000] {subprocess.py:93} INFO - 	at io.netty.channel.AbstractChannel$AbstractUnsafe.safeSetSuccess(AbstractChannel.java:990)
[2025-12-22T06:16:46.814+0000] {subprocess.py:93} INFO - 	at io.netty.channel.AbstractChannel$AbstractUnsafe.register0(AbstractChannel.java:516)
[2025-12-22T06:16:46.814+0000] {subprocess.py:93} INFO - 	at io.netty.channel.AbstractChannel$AbstractUnsafe.access$200(AbstractChannel.java:429)
[2025-12-22T06:16:46.815+0000] {subprocess.py:93} INFO - 	at io.netty.channel.AbstractChannel$AbstractUnsafe$1.run(AbstractChannel.java:486)
[2025-12-22T06:16:46.815+0000] {subprocess.py:93} INFO - 	at io.netty.util.concurrent.AbstractEventExecutor.runTask(AbstractEventExecutor.java:174)
[2025-12-22T06:16:46.815+0000] {subprocess.py:93} INFO - 	at io.netty.util.concurrent.AbstractEventExecutor.safeExecute(AbstractEventExecutor.java:167)
[2025-12-22T06:16:46.816+0000] {subprocess.py:93} INFO - 	at io.netty.util.concurrent.SingleThreadEventExecutor.runAllTasks(SingleThreadEventExecutor.java:470)
[2025-12-22T06:16:46.816+0000] {subprocess.py:93} INFO - 	at io.netty.channel.nio.NioEventLoop.run(NioEventLoop.java:569)
[2025-12-22T06:16:46.816+0000] {subprocess.py:93} INFO - 	at io.netty.util.concurrent.SingleThreadEventExecutor$4.run(SingleThreadEventExecutor.java:997)
[2025-12-22T06:16:46.817+0000] {subprocess.py:93} INFO - 	at io.netty.util.internal.ThreadExecutorMap$2.run(ThreadExecutorMap.java:74)
[2025-12-22T06:16:46.817+0000] {subprocess.py:93} INFO - 	at io.netty.util.concurrent.FastThreadLocalRunnable.run(FastThreadLocalRunnable.java:30)
[2025-12-22T06:16:46.817+0000] {subprocess.py:93} INFO - 	... 1 more
[2025-12-22T06:17:06.517+0000] {subprocess.py:93} INFO - 25/12/22 06:17:06 INFO StandaloneAppClient$ClientEndpoint: Connecting to master spark://spark-master:7077...
[2025-12-22T06:17:06.559+0000] {subprocess.py:93} INFO - 25/12/22 06:17:06 WARN StandaloneAppClient$ClientEndpoint: Failed to connect to master spark-master:7077
[2025-12-22T06:17:06.559+0000] {subprocess.py:93} INFO - org.apache.spark.SparkException: Exception thrown in awaitResult:
[2025-12-22T06:17:06.560+0000] {subprocess.py:93} INFO - 	at org.apache.spark.util.SparkThreadUtils$.awaitResult(SparkThreadUtils.scala:56)
[2025-12-22T06:17:06.560+0000] {subprocess.py:93} INFO - 	at org.apache.spark.util.ThreadUtils$.awaitResult(ThreadUtils.scala:310)
[2025-12-22T06:17:06.561+0000] {subprocess.py:93} INFO - 	at org.apache.spark.rpc.RpcTimeout.awaitResult(RpcTimeout.scala:75)
[2025-12-22T06:17:06.561+0000] {subprocess.py:93} INFO - 	at org.apache.spark.rpc.RpcEnv.setupEndpointRefByURI(RpcEnv.scala:102)
[2025-12-22T06:17:06.561+0000] {subprocess.py:93} INFO - 	at org.apache.spark.rpc.RpcEnv.setupEndpointRef(RpcEnv.scala:110)
[2025-12-22T06:17:06.562+0000] {subprocess.py:93} INFO - 	at org.apache.spark.deploy.client.StandaloneAppClient$ClientEndpoint$$anon$1.run(StandaloneAppClient.scala:108)
[2025-12-22T06:17:06.562+0000] {subprocess.py:93} INFO - 	at java.base/java.util.concurrent.Executors$RunnableAdapter.call(Executors.java:539)
[2025-12-22T06:17:06.563+0000] {subprocess.py:93} INFO - 	at java.base/java.util.concurrent.FutureTask.run(FutureTask.java:264)
[2025-12-22T06:17:06.563+0000] {subprocess.py:93} INFO - 	at java.base/java.util.concurrent.ThreadPoolExecutor.runWorker(ThreadPoolExecutor.java:1136)
[2025-12-22T06:17:06.563+0000] {subprocess.py:93} INFO - 	at java.base/java.util.concurrent.ThreadPoolExecutor$Worker.run(ThreadPoolExecutor.java:635)
[2025-12-22T06:17:06.564+0000] {subprocess.py:93} INFO - 	at java.base/java.lang.Thread.run(Thread.java:840)
[2025-12-22T06:17:06.564+0000] {subprocess.py:93} INFO - Caused by: java.io.IOException: Failed to connect to spark-master/<unresolved>:7077
[2025-12-22T06:17:06.565+0000] {subprocess.py:93} INFO - 	at org.apache.spark.network.client.TransportClientFactory.createClient(TransportClientFactory.java:294)
[2025-12-22T06:17:06.565+0000] {subprocess.py:93} INFO - 	at org.apache.spark.network.client.TransportClientFactory.createClient(TransportClientFactory.java:214)
[2025-12-22T06:17:06.565+0000] {subprocess.py:93} INFO - 	at org.apache.spark.network.client.TransportClientFactory.createClient(TransportClientFactory.java:226)
[2025-12-22T06:17:06.566+0000] {subprocess.py:93} INFO - 	at org.apache.spark.rpc.netty.NettyRpcEnv.createClient(NettyRpcEnv.scala:204)
[2025-12-22T06:17:06.566+0000] {subprocess.py:93} INFO - 	at org.apache.spark.rpc.netty.Outbox$$anon$1.call(Outbox.scala:202)
[2025-12-22T06:17:06.566+0000] {subprocess.py:93} INFO - 	at org.apache.spark.rpc.netty.Outbox$$anon$1.call(Outbox.scala:198)
[2025-12-22T06:17:06.567+0000] {subprocess.py:93} INFO - 	... 4 more
[2025-12-22T06:17:06.567+0000] {subprocess.py:93} INFO - Caused by: java.net.UnknownHostException: spark-master
[2025-12-22T06:17:06.568+0000] {subprocess.py:93} INFO - 	at java.base/java.net.InetAddress$CachedAddresses.get(InetAddress.java:801)
[2025-12-22T06:17:06.568+0000] {subprocess.py:93} INFO - 	at java.base/java.net.InetAddress.getAllByName0(InetAddress.java:1533)
[2025-12-22T06:17:06.568+0000] {subprocess.py:93} INFO - 	at java.base/java.net.InetAddress.getAllByName(InetAddress.java:1385)
[2025-12-22T06:17:06.569+0000] {subprocess.py:93} INFO - 	at java.base/java.net.InetAddress.getAllByName(InetAddress.java:1306)
[2025-12-22T06:17:06.569+0000] {subprocess.py:93} INFO - 	at java.base/java.net.InetAddress.getByName(InetAddress.java:1256)
[2025-12-22T06:17:06.569+0000] {subprocess.py:93} INFO - 	at io.netty.util.internal.SocketUtils$8.run(SocketUtils.java:156)
[2025-12-22T06:17:06.570+0000] {subprocess.py:93} INFO - 	at io.netty.util.internal.SocketUtils$8.run(SocketUtils.java:153)
[2025-12-22T06:17:06.570+0000] {subprocess.py:93} INFO - 	at java.base/java.security.AccessController.doPrivileged(AccessController.java:569)
[2025-12-22T06:17:06.570+0000] {subprocess.py:93} INFO - 	at io.netty.util.internal.SocketUtils.addressByName(SocketUtils.java:153)
[2025-12-22T06:17:06.571+0000] {subprocess.py:93} INFO - 	at io.netty.resolver.DefaultNameResolver.doResolve(DefaultNameResolver.java:41)
[2025-12-22T06:17:06.571+0000] {subprocess.py:93} INFO - 	at io.netty.resolver.SimpleNameResolver.resolve(SimpleNameResolver.java:61)
[2025-12-22T06:17:06.572+0000] {subprocess.py:93} INFO - 	at io.netty.resolver.SimpleNameResolver.resolve(SimpleNameResolver.java:53)
[2025-12-22T06:17:06.572+0000] {subprocess.py:93} INFO - 	at io.netty.resolver.InetSocketAddressResolver.doResolve(InetSocketAddressResolver.java:55)
[2025-12-22T06:17:06.572+0000] {subprocess.py:93} INFO - 	at io.netty.resolver.InetSocketAddressResolver.doResolve(InetSocketAddressResolver.java:31)
[2025-12-22T06:17:06.573+0000] {subprocess.py:93} INFO - 	at io.netty.resolver.AbstractAddressResolver.resolve(AbstractAddressResolver.java:106)
[2025-12-22T06:17:06.573+0000] {subprocess.py:93} INFO - 	at io.netty.bootstrap.Bootstrap.doResolveAndConnect0(Bootstrap.java:220)
[2025-12-22T06:17:06.573+0000] {subprocess.py:93} INFO - 	at io.netty.bootstrap.Bootstrap.access$000(Bootstrap.java:46)
[2025-12-22T06:17:06.574+0000] {subprocess.py:93} INFO - 	at io.netty.bootstrap.Bootstrap$1.operationComplete(Bootstrap.java:189)
[2025-12-22T06:17:06.574+0000] {subprocess.py:93} INFO - 	at io.netty.bootstrap.Bootstrap$1.operationComplete(Bootstrap.java:175)
[2025-12-22T06:17:06.575+0000] {subprocess.py:93} INFO - 	at io.netty.util.concurrent.DefaultPromise.notifyListener0(DefaultPromise.java:590)
[2025-12-22T06:17:06.575+0000] {subprocess.py:93} INFO - 	at io.netty.util.concurrent.DefaultPromise.notifyListenersNow(DefaultPromise.java:557)
[2025-12-22T06:17:06.575+0000] {subprocess.py:93} INFO - 	at io.netty.util.concurrent.DefaultPromise.notifyListeners(DefaultPromise.java:492)
[2025-12-22T06:17:06.576+0000] {subprocess.py:93} INFO - 	at io.netty.util.concurrent.DefaultPromise.setValue0(DefaultPromise.java:636)
[2025-12-22T06:17:06.576+0000] {subprocess.py:93} INFO - 	at io.netty.util.concurrent.DefaultPromise.setSuccess0(DefaultPromise.java:625)
[2025-12-22T06:17:06.576+0000] {subprocess.py:93} INFO - 	at io.netty.util.concurrent.DefaultPromise.trySuccess(DefaultPromise.java:105)
[2025-12-22T06:17:06.577+0000] {subprocess.py:93} INFO - 	at io.netty.channel.DefaultChannelPromise.trySuccess(DefaultChannelPromise.java:84)
[2025-12-22T06:17:06.577+0000] {subprocess.py:93} INFO - 	at io.netty.channel.AbstractChannel$AbstractUnsafe.safeSetSuccess(AbstractChannel.java:990)
[2025-12-22T06:17:06.578+0000] {subprocess.py:93} INFO - 	at io.netty.channel.AbstractChannel$AbstractUnsafe.register0(AbstractChannel.java:516)
[2025-12-22T06:17:06.578+0000] {subprocess.py:93} INFO - 	at io.netty.channel.AbstractChannel$AbstractUnsafe.access$200(AbstractChannel.java:429)
[2025-12-22T06:17:06.578+0000] {subprocess.py:93} INFO - 	at io.netty.channel.AbstractChannel$AbstractUnsafe$1.run(AbstractChannel.java:486)
[2025-12-22T06:17:06.579+0000] {subprocess.py:93} INFO - 	at io.netty.util.concurrent.AbstractEventExecutor.runTask(AbstractEventExecutor.java:174)
[2025-12-22T06:17:06.579+0000] {subprocess.py:93} INFO - 	at io.netty.util.concurrent.AbstractEventExecutor.safeExecute(AbstractEventExecutor.java:167)
[2025-12-22T06:17:06.579+0000] {subprocess.py:93} INFO - 	at io.netty.util.concurrent.SingleThreadEventExecutor.runAllTasks(SingleThreadEventExecutor.java:470)
[2025-12-22T06:17:06.580+0000] {subprocess.py:93} INFO - 	at io.netty.channel.nio.NioEventLoop.run(NioEventLoop.java:569)
[2025-12-22T06:17:06.580+0000] {subprocess.py:93} INFO - 	at io.netty.util.concurrent.SingleThreadEventExecutor$4.run(SingleThreadEventExecutor.java:997)
[2025-12-22T06:17:06.580+0000] {subprocess.py:93} INFO - 	at io.netty.util.internal.ThreadExecutorMap$2.run(ThreadExecutorMap.java:74)
[2025-12-22T06:17:06.581+0000] {subprocess.py:93} INFO - 	at io.netty.util.concurrent.FastThreadLocalRunnable.run(FastThreadLocalRunnable.java:30)
[2025-12-22T06:17:06.581+0000] {subprocess.py:93} INFO - 	... 1 more
[2025-12-22T06:17:26.517+0000] {subprocess.py:93} INFO - 25/12/22 06:17:26 INFO StandaloneAppClient$ClientEndpoint: Connecting to master spark://spark-master:7077...
[2025-12-22T06:17:26.549+0000] {subprocess.py:93} INFO - 25/12/22 06:17:26 WARN StandaloneAppClient$ClientEndpoint: Failed to connect to master spark-master:7077
[2025-12-22T06:17:26.549+0000] {subprocess.py:93} INFO - org.apache.spark.SparkException: Exception thrown in awaitResult:
[2025-12-22T06:17:26.550+0000] {subprocess.py:93} INFO - 	at org.apache.spark.util.SparkThreadUtils$.awaitResult(SparkThreadUtils.scala:56)
[2025-12-22T06:17:26.550+0000] {subprocess.py:93} INFO - 	at org.apache.spark.util.ThreadUtils$.awaitResult(ThreadUtils.scala:310)
[2025-12-22T06:17:26.551+0000] {subprocess.py:93} INFO - 	at org.apache.spark.rpc.RpcTimeout.awaitResult(RpcTimeout.scala:75)
[2025-12-22T06:17:26.551+0000] {subprocess.py:93} INFO - 	at org.apache.spark.rpc.RpcEnv.setupEndpointRefByURI(RpcEnv.scala:102)
[2025-12-22T06:17:26.551+0000] {subprocess.py:93} INFO - 	at org.apache.spark.rpc.RpcEnv.setupEndpointRef(RpcEnv.scala:110)
[2025-12-22T06:17:26.552+0000] {subprocess.py:93} INFO - 	at org.apache.spark.deploy.client.StandaloneAppClient$ClientEndpoint$$anon$1.run(StandaloneAppClient.scala:108)
[2025-12-22T06:17:26.552+0000] {subprocess.py:93} INFO - 	at java.base/java.util.concurrent.Executors$RunnableAdapter.call(Executors.java:539)
[2025-12-22T06:17:26.553+0000] {subprocess.py:93} INFO - 	at java.base/java.util.concurrent.FutureTask.run(FutureTask.java:264)
[2025-12-22T06:17:26.553+0000] {subprocess.py:93} INFO - 	at java.base/java.util.concurrent.ThreadPoolExecutor.runWorker(ThreadPoolExecutor.java:1136)
[2025-12-22T06:17:26.553+0000] {subprocess.py:93} INFO - 	at java.base/java.util.concurrent.ThreadPoolExecutor$Worker.run(ThreadPoolExecutor.java:635)
[2025-12-22T06:17:26.554+0000] {subprocess.py:93} INFO - 	at java.base/java.lang.Thread.run(Thread.java:840)
[2025-12-22T06:17:26.554+0000] {subprocess.py:93} INFO - Caused by: java.io.IOException: Failed to connect to spark-master/<unresolved>:7077
[2025-12-22T06:17:26.555+0000] {subprocess.py:93} INFO - 	at org.apache.spark.network.client.TransportClientFactory.createClient(TransportClientFactory.java:294)
[2025-12-22T06:17:26.555+0000] {subprocess.py:93} INFO - 	at org.apache.spark.network.client.TransportClientFactory.createClient(TransportClientFactory.java:214)
[2025-12-22T06:17:26.555+0000] {subprocess.py:93} INFO - 	at org.apache.spark.network.client.TransportClientFactory.createClient(TransportClientFactory.java:226)
[2025-12-22T06:17:26.556+0000] {subprocess.py:93} INFO - 	at org.apache.spark.rpc.netty.NettyRpcEnv.createClient(NettyRpcEnv.scala:204)
[2025-12-22T06:17:26.556+0000] {subprocess.py:93} INFO - 	at org.apache.spark.rpc.netty.Outbox$$anon$1.call(Outbox.scala:202)
[2025-12-22T06:17:26.556+0000] {subprocess.py:93} INFO - 	at org.apache.spark.rpc.netty.Outbox$$anon$1.call(Outbox.scala:198)
[2025-12-22T06:17:26.557+0000] {subprocess.py:93} INFO - 	... 4 more
[2025-12-22T06:17:26.557+0000] {subprocess.py:93} INFO - Caused by: java.net.UnknownHostException: spark-master
[2025-12-22T06:17:26.558+0000] {subprocess.py:93} INFO - 	at java.base/java.net.InetAddress$CachedAddresses.get(InetAddress.java:801)
[2025-12-22T06:17:26.558+0000] {subprocess.py:93} INFO - 	at java.base/java.net.InetAddress.getAllByName0(InetAddress.java:1533)
[2025-12-22T06:17:26.558+0000] {subprocess.py:93} INFO - 	at java.base/java.net.InetAddress.getAllByName(InetAddress.java:1385)
[2025-12-22T06:17:26.559+0000] {subprocess.py:93} INFO - 	at java.base/java.net.InetAddress.getAllByName(InetAddress.java:1306)
[2025-12-22T06:17:26.559+0000] {subprocess.py:93} INFO - 	at java.base/java.net.InetAddress.getByName(InetAddress.java:1256)
[2025-12-22T06:17:26.559+0000] {subprocess.py:93} INFO - 	at io.netty.util.internal.SocketUtils$8.run(SocketUtils.java:156)
[2025-12-22T06:17:26.560+0000] {subprocess.py:93} INFO - 	at io.netty.util.internal.SocketUtils$8.run(SocketUtils.java:153)
[2025-12-22T06:17:26.560+0000] {subprocess.py:93} INFO - 	at java.base/java.security.AccessController.doPrivileged(AccessController.java:569)
[2025-12-22T06:17:26.560+0000] {subprocess.py:93} INFO - 	at io.netty.util.internal.SocketUtils.addressByName(SocketUtils.java:153)
[2025-12-22T06:17:26.561+0000] {subprocess.py:93} INFO - 	at io.netty.resolver.DefaultNameResolver.doResolve(DefaultNameResolver.java:41)
[2025-12-22T06:17:26.561+0000] {subprocess.py:93} INFO - 	at io.netty.resolver.SimpleNameResolver.resolve(SimpleNameResolver.java:61)
[2025-12-22T06:17:26.562+0000] {subprocess.py:93} INFO - 	at io.netty.resolver.SimpleNameResolver.resolve(SimpleNameResolver.java:53)
[2025-12-22T06:17:26.562+0000] {subprocess.py:93} INFO - 	at io.netty.resolver.InetSocketAddressResolver.doResolve(InetSocketAddressResolver.java:55)
[2025-12-22T06:17:26.562+0000] {subprocess.py:93} INFO - 	at io.netty.resolver.InetSocketAddressResolver.doResolve(InetSocketAddressResolver.java:31)
[2025-12-22T06:17:26.563+0000] {subprocess.py:93} INFO - 	at io.netty.resolver.AbstractAddressResolver.resolve(AbstractAddressResolver.java:106)
[2025-12-22T06:17:26.563+0000] {subprocess.py:93} INFO - 	at io.netty.bootstrap.Bootstrap.doResolveAndConnect0(Bootstrap.java:220)
[2025-12-22T06:17:26.563+0000] {subprocess.py:93} INFO - 	at io.netty.bootstrap.Bootstrap.access$000(Bootstrap.java:46)
[2025-12-22T06:17:26.564+0000] {subprocess.py:93} INFO - 	at io.netty.bootstrap.Bootstrap$1.operationComplete(Bootstrap.java:189)
[2025-12-22T06:17:26.564+0000] {subprocess.py:93} INFO - 	at io.netty.bootstrap.Bootstrap$1.operationComplete(Bootstrap.java:175)
[2025-12-22T06:17:26.565+0000] {subprocess.py:93} INFO - 	at io.netty.util.concurrent.DefaultPromise.notifyListener0(DefaultPromise.java:590)
[2025-12-22T06:17:26.565+0000] {subprocess.py:93} INFO - 	at io.netty.util.concurrent.DefaultPromise.notifyListenersNow(DefaultPromise.java:557)
[2025-12-22T06:17:26.565+0000] {subprocess.py:93} INFO - 	at io.netty.util.concurrent.DefaultPromise.notifyListeners(DefaultPromise.java:492)
[2025-12-22T06:17:26.566+0000] {subprocess.py:93} INFO - 	at io.netty.util.concurrent.DefaultPromise.setValue0(DefaultPromise.java:636)
[2025-12-22T06:17:26.566+0000] {subprocess.py:93} INFO - 	at io.netty.util.concurrent.DefaultPromise.setSuccess0(DefaultPromise.java:625)
[2025-12-22T06:17:26.566+0000] {subprocess.py:93} INFO - 	at io.netty.util.concurrent.DefaultPromise.trySuccess(DefaultPromise.java:105)
[2025-12-22T06:17:26.567+0000] {subprocess.py:93} INFO - 	at io.netty.channel.DefaultChannelPromise.trySuccess(DefaultChannelPromise.java:84)
[2025-12-22T06:17:26.567+0000] {subprocess.py:93} INFO - 	at io.netty.channel.AbstractChannel$AbstractUnsafe.safeSetSuccess(AbstractChannel.java:990)
[2025-12-22T06:17:26.568+0000] {subprocess.py:93} INFO - 	at io.netty.channel.AbstractChannel$AbstractUnsafe.register0(AbstractChannel.java:516)
[2025-12-22T06:17:26.568+0000] {subprocess.py:93} INFO - 	at io.netty.channel.AbstractChannel$AbstractUnsafe.access$200(AbstractChannel.java:429)
[2025-12-22T06:17:26.568+0000] {subprocess.py:93} INFO - 	at io.netty.channel.AbstractChannel$AbstractUnsafe$1.run(AbstractChannel.java:486)
[2025-12-22T06:17:26.569+0000] {subprocess.py:93} INFO - 	at io.netty.util.concurrent.AbstractEventExecutor.runTask(AbstractEventExecutor.java:174)
[2025-12-22T06:17:26.569+0000] {subprocess.py:93} INFO - 	at io.netty.util.concurrent.AbstractEventExecutor.safeExecute(AbstractEventExecutor.java:167)
[2025-12-22T06:17:26.569+0000] {subprocess.py:93} INFO - 	at io.netty.util.concurrent.SingleThreadEventExecutor.runAllTasks(SingleThreadEventExecutor.java:470)
[2025-12-22T06:17:26.570+0000] {subprocess.py:93} INFO - 	at io.netty.channel.nio.NioEventLoop.run(NioEventLoop.java:569)
[2025-12-22T06:17:26.570+0000] {subprocess.py:93} INFO - 	at io.netty.util.concurrent.SingleThreadEventExecutor$4.run(SingleThreadEventExecutor.java:997)
[2025-12-22T06:17:26.570+0000] {subprocess.py:93} INFO - 	at io.netty.util.internal.ThreadExecutorMap$2.run(ThreadExecutorMap.java:74)
[2025-12-22T06:17:26.571+0000] {subprocess.py:93} INFO - 	at io.netty.util.concurrent.FastThreadLocalRunnable.run(FastThreadLocalRunnable.java:30)
[2025-12-22T06:17:26.571+0000] {subprocess.py:93} INFO - 	... 1 more
[2025-12-22T06:17:46.520+0000] {subprocess.py:93} INFO - 25/12/22 06:17:46 WARN StandaloneSchedulerBackend: Application ID is not initialized yet.
[2025-12-22T06:17:46.522+0000] {subprocess.py:93} INFO - 25/12/22 06:17:46 ERROR StandaloneSchedulerBackend: Application has been killed. Reason: All masters are unresponsive! Giving up.
[2025-12-22T06:17:46.552+0000] {subprocess.py:93} INFO - 25/12/22 06:17:46 INFO Utils: Successfully started service 'org.apache.spark.network.netty.NettyBlockTransferService' on port 35081.
[2025-12-22T06:17:46.553+0000] {subprocess.py:93} INFO - 25/12/22 06:17:46 INFO NettyBlockTransferService: Server created on 8280e970b9f5:35081
[2025-12-22T06:17:46.561+0000] {subprocess.py:93} INFO - 25/12/22 06:17:46 INFO BlockManager: Using org.apache.spark.storage.RandomBlockReplicationPolicy for block replication policy
[2025-12-22T06:17:46.594+0000] {subprocess.py:93} INFO - 25/12/22 06:17:46 INFO BlockManagerMaster: Registering BlockManager BlockManagerId(driver, 8280e970b9f5, 35081, None)
[2025-12-22T06:17:46.613+0000] {subprocess.py:93} INFO - 25/12/22 06:17:46 INFO BlockManagerMasterEndpoint: Registering block manager 8280e970b9f5:35081 with 434.4 MiB RAM, BlockManagerId(driver, 8280e970b9f5, 35081, None)
[2025-12-22T06:17:46.622+0000] {subprocess.py:93} INFO - 25/12/22 06:17:46 INFO BlockManagerMaster: Registered BlockManager BlockManagerId(driver, 8280e970b9f5, 35081, None)
[2025-12-22T06:17:46.632+0000] {subprocess.py:93} INFO - 25/12/22 06:17:46 INFO BlockManager: Initialized BlockManager: BlockManagerId(driver, 8280e970b9f5, 35081, None)
[2025-12-22T06:17:47.078+0000] {subprocess.py:93} INFO - 25/12/22 06:17:47 INFO StandaloneSchedulerBackend: SchedulerBackend is ready for scheduling beginning after reached minRegisteredResourcesRatio: 0.0
[2025-12-22T06:17:47.276+0000] {subprocess.py:93} INFO - 25/12/22 06:17:47 INFO SharedState: Setting hive.metastore.warehouse.dir ('null') to the value of spark.sql.warehouse.dir.
[2025-12-22T06:17:47.278+0000] {subprocess.py:93} INFO - 25/12/22 06:17:47 INFO SharedState: Warehouse path is 'file:/tmp/***tmp8s6i43_w/spark-warehouse'.
[2025-12-22T06:17:47.333+0000] {subprocess.py:93} INFO - 25/12/22 06:17:47 INFO SparkContext: SparkContext is stopping with exitCode 0.
[2025-12-22T06:17:47.355+0000] {subprocess.py:93} INFO - 25/12/22 06:17:47 INFO SparkUI: Stopped Spark web UI at http://8280e970b9f5:4040
[2025-12-22T06:17:47.363+0000] {subprocess.py:93} INFO - 25/12/22 06:17:47 INFO StandaloneSchedulerBackend: Shutting down all executors
[2025-12-22T06:17:47.366+0000] {subprocess.py:93} INFO - 25/12/22 06:17:47 INFO StandaloneSchedulerBackend$StandaloneDriverEndpoint: Asking each executor to shut down
[2025-12-22T06:17:47.374+0000] {subprocess.py:93} INFO - 25/12/22 06:17:47 WARN StandaloneAppClient$ClientEndpoint: Drop UnregisterApplication(null) because has not yet connected to master
[2025-12-22T06:17:47.389+0000] {subprocess.py:93} INFO - 25/12/22 06:17:47 INFO MapOutputTrackerMasterEndpoint: MapOutputTrackerMasterEndpoint stopped!
[2025-12-22T06:17:47.408+0000] {subprocess.py:93} INFO - 25/12/22 06:17:47 INFO MemoryStore: MemoryStore cleared
[2025-12-22T06:17:47.408+0000] {subprocess.py:93} INFO - 25/12/22 06:17:47 INFO BlockManager: BlockManager stopped
[2025-12-22T06:17:47.417+0000] {subprocess.py:93} INFO - 25/12/22 06:17:47 INFO BlockManagerMaster: BlockManagerMaster stopped
[2025-12-22T06:17:47.418+0000] {subprocess.py:93} INFO - 25/12/22 06:17:47 INFO OutputCommitCoordinator$OutputCommitCoordinatorEndpoint: OutputCommitCoordinator stopped!
[2025-12-22T06:17:47.461+0000] {subprocess.py:93} INFO - 25/12/22 06:17:47 INFO SparkContext: Successfully stopped SparkContext
[2025-12-22T06:17:48.519+0000] {subprocess.py:93} INFO - 25/12/22 06:17:48 INFO client: MongoClient with metadata {"driver": {"name": "mongo-java-driver|sync|mongo-spark-connector|source", "version": "5.1.4|10.5.0"}, "os": {"type": "Linux", "name": "Linux", "architecture": "amd64", "version": "6.8.0-90-generic"}, "platform": "Java/Debian/17.0.17+10-Debian-1deb12u1|Scala/2.12.18/Spark/3.5.1", "env": {"container": {"runtime": "docker"}}} created with settings MongoClientSettings{readPreference=primary, writeConcern=WriteConcern{w=null, wTimeout=null ms, journal=null}, retryWrites=true, retryReads=true, readConcern=ReadConcern{level=null}, credential=MongoCredential{mechanism=null, userName='admin', source='admin', password=<hidden>, mechanismProperties=<hidden>}, transportSettings=null, commandListeners=[], codecRegistry=ProvidersCodecRegistry{codecProviders=[ValueCodecProvider{}, BsonValueCodecProvider{}, DBRefCodecProvider{}, DBObjectCodecProvider{}, DocumentCodecProvider{}, CollectionCodecProvider{}, IterableCodecProvider{}, MapCodecProvider{}, GeoJsonCodecProvider{}, GridFSFileCodecProvider{}, Jsr310CodecProvider{}, JsonObjectCodecProvider{}, BsonCodecProvider{}, EnumCodecProvider{}, com.mongodb.client.model.mql.ExpressionCodecProvider@1fd20642, com.mongodb.Jep395RecordCodecProvider@3af24877, com.mongodb.KotlinCodecProvider@4510f354]}, loggerSettings=LoggerSettings{maxDocumentLength=1000}, clusterSettings={hosts=[mongodb:27017], srvServiceName=mongodb, mode=SINGLE, requiredClusterType=UNKNOWN, requiredReplicaSetName='null', serverSelector='null', clusterListeners='[]', serverSelectionTimeout='30000 ms', localThreshold='15 ms'}, socketSettings=SocketSettings{connectTimeoutMS=10000, readTimeoutMS=0, receiveBufferSize=0, proxySettings=ProxySettings{host=null, port=null, username=null, password=null}}, heartbeatSocketSettings=SocketSettings{connectTimeoutMS=10000, readTimeoutMS=10000, receiveBufferSize=0, proxySettings=ProxySettings{host=null, port=null, username=null, password=null}}, connectionPoolSettings=ConnectionPoolSettings{maxSize=100, minSize=0, maxWaitTimeMS=120000, maxConnectionLifeTimeMS=0, maxConnectionIdleTimeMS=0, maintenanceInitialDelayMS=0, maintenanceFrequencyMS=60000, connectionPoolListeners=[], maxConnecting=2}, serverSettings=ServerSettings{heartbeatFrequencyMS=10000, minHeartbeatFrequencyMS=500, serverMonitoringMode=AUTO, serverListeners='[]', serverMonitorListeners='[]'}, sslSettings=SslSettings{enabled=false, invalidHostNameAllowed=false, context=null}, applicationName='null', compressorList=[], uuidRepresentation=UNSPECIFIED, serverApi=null, autoEncryptionSettings=null, dnsClient=null, inetAddressResolver=null, contextProvider=null}
[2025-12-22T06:17:48.528+0000] {subprocess.py:93} INFO - 25/12/22 06:17:48 INFO cluster: Monitor thread successfully connected to server with description ServerDescription{address=mongodb:27017, type=STANDALONE, state=CONNECTED, ok=true, minWireVersion=0, maxWireVersion=21, maxDocumentSize=16777216, logicalSessionTimeoutMinutes=30, roundTripTimeNanos=16102410}
[2025-12-22T06:17:48.819+0000] {subprocess.py:93} INFO - 25/12/22 06:17:48 INFO MongoTable: Creating MongoTable: mongo-spark-connector-10.5.0
[2025-12-22T06:17:49.716+0000] {subprocess.py:93} INFO - 25/12/22 06:17:49 INFO V2ScanRelationPushDown:
[2025-12-22T06:17:49.717+0000] {subprocess.py:93} INFO - Output:
[2025-12-22T06:17:49.717+0000] {subprocess.py:93} INFO - 
[2025-12-22T06:17:49.871+0000] {subprocess.py:93} INFO - 25/12/22 06:17:49 INFO Partitioner: Getting collection stats for: services_publics.demandes
[2025-12-22T06:17:49.883+0000] {subprocess.py:93} INFO - 25/12/22 06:17:49 INFO Partitioner: Fewer documents (8829) than the calculated number of documents per partition (324873.0). Returning a single partition
[2025-12-22T06:17:49.924+0000] {subprocess.py:93} INFO - 25/12/22 06:17:49 INFO Partitioner: Getting collection stats for: services_publics.demandes
[2025-12-22T06:17:49.932+0000] {subprocess.py:93} INFO - 25/12/22 06:17:49 INFO Partitioner: Fewer documents (8829) than the calculated number of documents per partition (324873.0). Returning a single partition
[2025-12-22T06:17:50.070+0000] {subprocess.py:93} INFO - Traceback (most recent call last):
[2025-12-22T06:17:50.070+0000] {subprocess.py:93} INFO -   File "/opt/***/spark_jobs/ingestion.py", line 24, in <module>
[2025-12-22T06:17:50.070+0000] {subprocess.py:93} INFO -     print(f" Nombre de documents MongoDB : {df.count()}")
[2025-12-22T06:17:50.070+0000] {subprocess.py:93} INFO -   File "/opt/spark/python/lib/pyspark.zip/pyspark/sql/dataframe.py", line 1238, in count
[2025-12-22T06:17:50.070+0000] {subprocess.py:93} INFO -   File "/opt/spark/python/lib/py4j-0.10.9.7-src.zip/py4j/java_gateway.py", line 1322, in __call__
[2025-12-22T06:17:50.070+0000] {subprocess.py:93} INFO -   File "/opt/spark/python/lib/pyspark.zip/pyspark/errors/exceptions/captured.py", line 179, in deco
[2025-12-22T06:17:50.070+0000] {subprocess.py:93} INFO -   File "/opt/spark/python/lib/py4j-0.10.9.7-src.zip/py4j/protocol.py", line 326, in get_return_value
[2025-12-22T06:17:50.072+0000] {subprocess.py:93} INFO - py4j.protocol.Py4JJavaError: An error occurred while calling o39.count.
[2025-12-22T06:17:50.072+0000] {subprocess.py:93} INFO - : java.lang.IllegalStateException: Cannot call methods on a stopped SparkContext.
[2025-12-22T06:17:50.072+0000] {subprocess.py:93} INFO - This stopped SparkContext was created at:
[2025-12-22T06:17:50.073+0000] {subprocess.py:93} INFO - 
[2025-12-22T06:17:50.073+0000] {subprocess.py:93} INFO - org.apache.spark.api.java.JavaSparkContext.<init>(JavaSparkContext.scala:58)
[2025-12-22T06:17:50.073+0000] {subprocess.py:93} INFO - java.base/jdk.internal.reflect.NativeConstructorAccessorImpl.newInstance0(Native Method)
[2025-12-22T06:17:50.073+0000] {subprocess.py:93} INFO - java.base/jdk.internal.reflect.NativeConstructorAccessorImpl.newInstance(NativeConstructorAccessorImpl.java:77)
[2025-12-22T06:17:50.073+0000] {subprocess.py:93} INFO - java.base/jdk.internal.reflect.DelegatingConstructorAccessorImpl.newInstance(DelegatingConstructorAccessorImpl.java:45)
[2025-12-22T06:17:50.073+0000] {subprocess.py:93} INFO - java.base/java.lang.reflect.Constructor.newInstanceWithCaller(Constructor.java:500)
[2025-12-22T06:17:50.073+0000] {subprocess.py:93} INFO - java.base/java.lang.reflect.Constructor.newInstance(Constructor.java:481)
[2025-12-22T06:17:50.073+0000] {subprocess.py:93} INFO - py4j.reflection.MethodInvoker.invoke(MethodInvoker.java:247)
[2025-12-22T06:17:50.073+0000] {subprocess.py:93} INFO - py4j.reflection.ReflectionEngine.invoke(ReflectionEngine.java:374)
[2025-12-22T06:17:50.074+0000] {subprocess.py:93} INFO - py4j.Gateway.invoke(Gateway.java:238)
[2025-12-22T06:17:50.074+0000] {subprocess.py:93} INFO - py4j.commands.ConstructorCommand.invokeConstructor(ConstructorCommand.java:80)
[2025-12-22T06:17:50.074+0000] {subprocess.py:93} INFO - py4j.commands.ConstructorCommand.execute(ConstructorCommand.java:69)
[2025-12-22T06:17:50.074+0000] {subprocess.py:93} INFO - py4j.ClientServerConnection.waitForCommands(ClientServerConnection.java:182)
[2025-12-22T06:17:50.074+0000] {subprocess.py:93} INFO - py4j.ClientServerConnection.run(ClientServerConnection.java:106)
[2025-12-22T06:17:50.074+0000] {subprocess.py:93} INFO - java.base/java.lang.Thread.run(Thread.java:840)
[2025-12-22T06:17:50.074+0000] {subprocess.py:93} INFO - 
[2025-12-22T06:17:50.074+0000] {subprocess.py:93} INFO - The currently active SparkContext was created at:
[2025-12-22T06:17:50.076+0000] {subprocess.py:93} INFO - 
[2025-12-22T06:17:50.076+0000] {subprocess.py:93} INFO - (No active SparkContext.)
[2025-12-22T06:17:50.076+0000] {subprocess.py:93} INFO - 
[2025-12-22T06:17:50.076+0000] {subprocess.py:93} INFO - 	at org.apache.spark.SparkContext.assertNotStopped(SparkContext.scala:122)
[2025-12-22T06:17:50.077+0000] {subprocess.py:93} INFO - 	at org.apache.spark.SparkContext.defaultParallelism(SparkContext.scala:2707)
[2025-12-22T06:17:50.077+0000] {subprocess.py:93} INFO - 	at org.apache.spark.sql.execution.adaptive.CoalesceShufflePartitions.$anonfun$apply$1(CoalesceShufflePartitions.scala:61)
[2025-12-22T06:17:50.077+0000] {subprocess.py:93} INFO - 	at scala.runtime.java8.JFunction0$mcI$sp.apply(JFunction0$mcI$sp.java:23)
[2025-12-22T06:17:50.077+0000] {subprocess.py:93} INFO - 	at scala.Option.getOrElse(Option.scala:189)
[2025-12-22T06:17:50.077+0000] {subprocess.py:93} INFO - 	at org.apache.spark.sql.execution.adaptive.CoalesceShufflePartitions.apply(CoalesceShufflePartitions.scala:58)
[2025-12-22T06:17:50.078+0000] {subprocess.py:93} INFO - 	at org.apache.spark.sql.execution.adaptive.CoalesceShufflePartitions.apply(CoalesceShufflePartitions.scala:34)
[2025-12-22T06:17:50.078+0000] {subprocess.py:93} INFO - 	at org.apache.spark.sql.execution.adaptive.AdaptiveSparkPlanExec.$anonfun$optimizeQueryStage$2(AdaptiveSparkPlanExec.scala:169)
[2025-12-22T06:17:50.079+0000] {subprocess.py:93} INFO - 	at scala.collection.LinearSeqOptimized.foldLeft(LinearSeqOptimized.scala:126)
[2025-12-22T06:17:50.079+0000] {subprocess.py:93} INFO - 	at scala.collection.LinearSeqOptimized.foldLeft$(LinearSeqOptimized.scala:122)
[2025-12-22T06:17:50.079+0000] {subprocess.py:93} INFO - 	at scala.collection.immutable.List.foldLeft(List.scala:91)
[2025-12-22T06:17:50.079+0000] {subprocess.py:93} INFO - 	at org.apache.spark.sql.execution.adaptive.AdaptiveSparkPlanExec.optimizeQueryStage(AdaptiveSparkPlanExec.scala:168)
[2025-12-22T06:17:50.079+0000] {subprocess.py:93} INFO - 	at org.apache.spark.sql.execution.adaptive.AdaptiveSparkPlanExec.newQueryStage(AdaptiveSparkPlanExec.scala:588)
[2025-12-22T06:17:50.079+0000] {subprocess.py:93} INFO - 	at org.apache.spark.sql.execution.adaptive.AdaptiveSparkPlanExec.createQueryStages(AdaptiveSparkPlanExec.scala:538)
[2025-12-22T06:17:50.080+0000] {subprocess.py:93} INFO - 	at org.apache.spark.sql.execution.adaptive.AdaptiveSparkPlanExec.$anonfun$createQueryStages$2(AdaptiveSparkPlanExec.scala:577)
[2025-12-22T06:17:50.080+0000] {subprocess.py:93} INFO - 	at scala.collection.TraversableLike.$anonfun$map$1(TraversableLike.scala:286)
[2025-12-22T06:17:50.080+0000] {subprocess.py:93} INFO - 	at scala.collection.Iterator.foreach(Iterator.scala:943)
[2025-12-22T06:17:50.080+0000] {subprocess.py:93} INFO - 	at scala.collection.Iterator.foreach$(Iterator.scala:943)
[2025-12-22T06:17:50.080+0000] {subprocess.py:93} INFO - 	at scala.collection.AbstractIterator.foreach(Iterator.scala:1431)
[2025-12-22T06:17:50.081+0000] {subprocess.py:93} INFO - 	at scala.collection.IterableLike.foreach(IterableLike.scala:74)
[2025-12-22T06:17:50.082+0000] {subprocess.py:93} INFO - 	at scala.collection.IterableLike.foreach$(IterableLike.scala:73)
[2025-12-22T06:17:50.082+0000] {subprocess.py:93} INFO - 	at scala.collection.AbstractIterable.foreach(Iterable.scala:56)
[2025-12-22T06:17:50.082+0000] {subprocess.py:93} INFO - 	at scala.collection.TraversableLike.map(TraversableLike.scala:286)
[2025-12-22T06:17:50.082+0000] {subprocess.py:93} INFO - 	at scala.collection.TraversableLike.map$(TraversableLike.scala:279)
[2025-12-22T06:17:50.082+0000] {subprocess.py:93} INFO - 	at scala.collection.AbstractTraversable.map(Traversable.scala:108)
[2025-12-22T06:17:50.082+0000] {subprocess.py:93} INFO - 	at org.apache.spark.sql.execution.adaptive.AdaptiveSparkPlanExec.createQueryStages(AdaptiveSparkPlanExec.scala:577)
[2025-12-22T06:17:50.082+0000] {subprocess.py:93} INFO - 	at org.apache.spark.sql.execution.adaptive.AdaptiveSparkPlanExec.$anonfun$getFinalPhysicalPlan$1(AdaptiveSparkPlanExec.scala:277)
[2025-12-22T06:17:50.082+0000] {subprocess.py:93} INFO - 	at org.apache.spark.sql.SparkSession.withActive(SparkSession.scala:900)
[2025-12-22T06:17:50.082+0000] {subprocess.py:93} INFO - 	at org.apache.spark.sql.execution.adaptive.AdaptiveSparkPlanExec.getFinalPhysicalPlan(AdaptiveSparkPlanExec.scala:272)
[2025-12-22T06:17:50.082+0000] {subprocess.py:93} INFO - 	at org.apache.spark.sql.execution.adaptive.AdaptiveSparkPlanExec.withFinalPlanUpdate(AdaptiveSparkPlanExec.scala:417)
[2025-12-22T06:17:50.083+0000] {subprocess.py:93} INFO - 	at org.apache.spark.sql.execution.adaptive.AdaptiveSparkPlanExec.executeCollect(AdaptiveSparkPlanExec.scala:390)
[2025-12-22T06:17:50.083+0000] {subprocess.py:93} INFO - 	at org.apache.spark.sql.Dataset.$anonfun$count$1(Dataset.scala:3614)
[2025-12-22T06:17:50.083+0000] {subprocess.py:93} INFO - 	at org.apache.spark.sql.Dataset.$anonfun$count$1$adapted(Dataset.scala:3613)
[2025-12-22T06:17:50.083+0000] {subprocess.py:93} INFO - 	at org.apache.spark.sql.Dataset.$anonfun$withAction$2(Dataset.scala:4322)
[2025-12-22T06:17:50.083+0000] {subprocess.py:93} INFO - 	at org.apache.spark.sql.execution.QueryExecution$.withInternalError(QueryExecution.scala:546)
[2025-12-22T06:17:50.083+0000] {subprocess.py:93} INFO - 	at org.apache.spark.sql.Dataset.$anonfun$withAction$1(Dataset.scala:4320)
[2025-12-22T06:17:50.083+0000] {subprocess.py:93} INFO - 	at org.apache.spark.sql.execution.SQLExecution$.$anonfun$withNewExecutionId$6(SQLExecution.scala:125)
[2025-12-22T06:17:50.083+0000] {subprocess.py:93} INFO - 	at org.apache.spark.sql.execution.SQLExecution$.withSQLConfPropagated(SQLExecution.scala:201)
[2025-12-22T06:17:50.083+0000] {subprocess.py:93} INFO - 	at org.apache.spark.sql.execution.SQLExecution$.$anonfun$withNewExecutionId$1(SQLExecution.scala:108)
[2025-12-22T06:17:50.083+0000] {subprocess.py:93} INFO - 	at org.apache.spark.sql.SparkSession.withActive(SparkSession.scala:900)
[2025-12-22T06:17:50.084+0000] {subprocess.py:93} INFO - 	at org.apache.spark.sql.execution.SQLExecution$.withNewExecutionId(SQLExecution.scala:66)
[2025-12-22T06:17:50.085+0000] {subprocess.py:93} INFO - 	at org.apache.spark.sql.Dataset.withAction(Dataset.scala:4320)
[2025-12-22T06:17:50.085+0000] {subprocess.py:93} INFO - 	at org.apache.spark.sql.Dataset.count(Dataset.scala:3613)
[2025-12-22T06:17:50.085+0000] {subprocess.py:93} INFO - 	at java.base/jdk.internal.reflect.NativeMethodAccessorImpl.invoke0(Native Method)
[2025-12-22T06:17:50.086+0000] {subprocess.py:93} INFO - 	at java.base/jdk.internal.reflect.NativeMethodAccessorImpl.invoke(NativeMethodAccessorImpl.java:77)
[2025-12-22T06:17:50.086+0000] {subprocess.py:93} INFO - 	at java.base/jdk.internal.reflect.DelegatingMethodAccessorImpl.invoke(DelegatingMethodAccessorImpl.java:43)
[2025-12-22T06:17:50.087+0000] {subprocess.py:93} INFO - 	at java.base/java.lang.reflect.Method.invoke(Method.java:569)
[2025-12-22T06:17:50.087+0000] {subprocess.py:93} INFO - 	at py4j.reflection.MethodInvoker.invoke(MethodInvoker.java:244)
[2025-12-22T06:17:50.087+0000] {subprocess.py:93} INFO - 	at py4j.reflection.ReflectionEngine.invoke(ReflectionEngine.java:374)
[2025-12-22T06:17:50.087+0000] {subprocess.py:93} INFO - 	at py4j.Gateway.invoke(Gateway.java:282)
[2025-12-22T06:17:50.087+0000] {subprocess.py:93} INFO - 	at py4j.commands.AbstractCommand.invokeMethod(AbstractCommand.java:132)
[2025-12-22T06:17:50.087+0000] {subprocess.py:93} INFO - 	at py4j.commands.CallCommand.execute(CallCommand.java:79)
[2025-12-22T06:17:50.088+0000] {subprocess.py:93} INFO - 	at py4j.ClientServerConnection.waitForCommands(ClientServerConnection.java:182)
[2025-12-22T06:17:50.088+0000] {subprocess.py:93} INFO - 	at py4j.ClientServerConnection.run(ClientServerConnection.java:106)
[2025-12-22T06:17:50.089+0000] {subprocess.py:93} INFO - 	at java.base/java.lang.Thread.run(Thread.java:840)
[2025-12-22T06:17:50.089+0000] {subprocess.py:93} INFO - 
[2025-12-22T06:17:50.131+0000] {subprocess.py:93} INFO - 25/12/22 06:17:50 INFO ShutdownHookManager: Shutdown hook called
[2025-12-22T06:17:50.134+0000] {subprocess.py:93} INFO - 25/12/22 06:17:50 INFO ShutdownHookManager: Deleting directory /tmp/spark-c56cf2c5-a137-4e2a-89f1-2cfe8a2fc50d
[2025-12-22T06:17:50.138+0000] {subprocess.py:93} INFO - 25/12/22 06:17:50 INFO ShutdownHookManager: Deleting directory /tmp/spark-a4c672b8-033c-44ad-8b94-e36b39a22472/pyspark-7af077a6-b6ba-4156-86a4-76de35208afb
[2025-12-22T06:17:50.143+0000] {subprocess.py:93} INFO - 25/12/22 06:17:50 INFO ShutdownHookManager: Deleting directory /tmp/spark-a4c672b8-033c-44ad-8b94-e36b39a22472
[2025-12-22T06:17:50.515+0000] {subprocess.py:97} INFO - Command exited with return code 1
[2025-12-22T06:17:50.556+0000] {taskinstance.py:2699} ERROR - Task failed with exception
Traceback (most recent call last):
  File "/home/airflow/.local/lib/python3.10/site-packages/airflow/models/taskinstance.py", line 433, in _execute_task
    result = execute_callable(context=context, **execute_callable_kwargs)
  File "/home/airflow/.local/lib/python3.10/site-packages/airflow/operators/bash.py", line 212, in execute
    raise AirflowException(
airflow.exceptions.AirflowException: Bash command failed. The command returned a non-zero exit code 1.
[2025-12-22T06:17:50.561+0000] {taskinstance.py:1138} INFO - Marking task as UP_FOR_RETRY. dag_id=pipeline_services_publics_togo, task_id=ingestion_mongodb, execution_date=20251221T020000, start_date=20251222T061638, end_date=20251222T061750
[2025-12-22T06:17:50.580+0000] {standard_task_runner.py:107} ERROR - Failed to execute job 10 for task ingestion_mongodb (Bash command failed. The command returned a non-zero exit code 1.; 492)
[2025-12-22T06:17:50.592+0000] {local_task_job_runner.py:234} INFO - Task exited with return code 1
[2025-12-22T06:17:50.625+0000] {taskinstance.py:3281} INFO - 0 downstream tasks scheduled from follow-on schedule check
