[2025-12-22T04:26:38.028+0000] {taskinstance.py:1957} INFO - Dependencies all met for dep_context=non-requeueable deps ti=<TaskInstance: pipeline_services_publics_togo.check_mongodb scheduled__2025-12-21T02:00:00+00:00 [queued]>
[2025-12-22T04:26:38.036+0000] {taskinstance.py:1957} INFO - Dependencies all met for dep_context=requeueable deps ti=<TaskInstance: pipeline_services_publics_togo.check_mongodb scheduled__2025-12-21T02:00:00+00:00 [queued]>
[2025-12-22T04:26:38.036+0000] {taskinstance.py:2171} INFO - Starting attempt 1 of 3
[2025-12-22T04:26:38.048+0000] {taskinstance.py:2192} INFO - Executing <Task(PythonOperator): check_mongodb> on 2025-12-21 02:00:00+00:00
[2025-12-22T04:26:38.055+0000] {standard_task_runner.py:60} INFO - Started process 191 to run task
[2025-12-22T04:26:38.060+0000] {standard_task_runner.py:87} INFO - Running: ['***', 'tasks', 'run', 'pipeline_services_publics_togo', 'check_mongodb', 'scheduled__2025-12-21T02:00:00+00:00', '--job-id', '5', '--raw', '--subdir', 'DAGS_FOLDER/pipeline_services_publics.py', '--cfg-path', '/tmp/tmp9cwp6cjn']
[2025-12-22T04:26:38.063+0000] {standard_task_runner.py:88} INFO - Job 5: Subtask check_mongodb
[2025-12-22T04:26:38.127+0000] {task_command.py:423} INFO - Running <TaskInstance: pipeline_services_publics_togo.check_mongodb scheduled__2025-12-21T02:00:00+00:00 [running]> on host a8d3d1908909
[2025-12-22T04:26:38.220+0000] {taskinstance.py:2481} INFO - Exporting env vars: AIRFLOW_CTX_DAG_OWNER='data-engineer' AIRFLOW_CTX_DAG_ID='pipeline_services_publics_togo' AIRFLOW_CTX_TASK_ID='check_mongodb' AIRFLOW_CTX_EXECUTION_DATE='2025-12-21T02:00:00+00:00' AIRFLOW_CTX_TRY_NUMBER='1' AIRFLOW_CTX_DAG_RUN_ID='scheduled__2025-12-21T02:00:00+00:00'
[2025-12-22T04:26:38.334+0000] {logging_mixin.py:188} INFO - ✓ MongoDB OK (8829 documents)
[2025-12-22T04:26:38.335+0000] {python.py:201} INFO - Done. Returned value was: None
[2025-12-22T04:26:38.349+0000] {taskinstance.py:1138} INFO - Marking task as SUCCESS. dag_id=pipeline_services_publics_togo, task_id=check_mongodb, execution_date=20251221T020000, start_date=20251222T042638, end_date=20251222T042638
[2025-12-22T04:26:38.397+0000] {local_task_job_runner.py:234} INFO - Task exited with return code 0
[2025-12-22T04:26:38.431+0000] {taskinstance.py:3281} INFO - 1 downstream tasks scheduled from follow-on schedule check
[2025-12-22T05:21:58.062+0000] {taskinstance.py:1957} INFO - Dependencies all met for dep_context=non-requeueable deps ti=<TaskInstance: pipeline_services_publics_togo.check_mongodb scheduled__2025-12-21T02:00:00+00:00 [queued]>
[2025-12-22T05:21:58.072+0000] {taskinstance.py:1957} INFO - Dependencies all met for dep_context=requeueable deps ti=<TaskInstance: pipeline_services_publics_togo.check_mongodb scheduled__2025-12-21T02:00:00+00:00 [queued]>
[2025-12-22T05:21:58.073+0000] {taskinstance.py:2171} INFO - Starting attempt 1 of 3
[2025-12-22T05:21:58.087+0000] {taskinstance.py:2192} INFO - Executing <Task(PythonOperator): check_mongodb> on 2025-12-21 02:00:00+00:00
[2025-12-22T05:21:58.095+0000] {standard_task_runner.py:60} INFO - Started process 266 to run task
[2025-12-22T05:21:58.099+0000] {standard_task_runner.py:87} INFO - Running: ['***', 'tasks', 'run', 'pipeline_services_publics_togo', 'check_mongodb', 'scheduled__2025-12-21T02:00:00+00:00', '--job-id', '13', '--raw', '--subdir', 'DAGS_FOLDER/pipeline_services_publics.py', '--cfg-path', '/tmp/tmp9y23vp6l']
[2025-12-22T05:21:58.101+0000] {standard_task_runner.py:88} INFO - Job 13: Subtask check_mongodb
[2025-12-22T05:21:58.177+0000] {task_command.py:423} INFO - Running <TaskInstance: pipeline_services_publics_togo.check_mongodb scheduled__2025-12-21T02:00:00+00:00 [running]> on host 8760ad6ea1f0
[2025-12-22T05:21:58.296+0000] {taskinstance.py:2481} INFO - Exporting env vars: AIRFLOW_CTX_DAG_OWNER='data-engineer' AIRFLOW_CTX_DAG_ID='pipeline_services_publics_togo' AIRFLOW_CTX_TASK_ID='check_mongodb' AIRFLOW_CTX_EXECUTION_DATE='2025-12-21T02:00:00+00:00' AIRFLOW_CTX_TRY_NUMBER='1' AIRFLOW_CTX_DAG_RUN_ID='scheduled__2025-12-21T02:00:00+00:00'
[2025-12-22T05:21:58.464+0000] {logging_mixin.py:188} INFO - ✓ MongoDB OK (8829 documents)
[2025-12-22T05:21:58.465+0000] {python.py:201} INFO - Done. Returned value was: None
[2025-12-22T05:21:58.479+0000] {taskinstance.py:1138} INFO - Marking task as SUCCESS. dag_id=pipeline_services_publics_togo, task_id=check_mongodb, execution_date=20251221T020000, start_date=20251222T052158, end_date=20251222T052158
[2025-12-22T05:21:58.520+0000] {local_task_job_runner.py:234} INFO - Task exited with return code 0
[2025-12-22T05:21:58.560+0000] {taskinstance.py:3281} INFO - 1 downstream tasks scheduled from follow-on schedule check
[2025-12-22T06:11:26.843+0000] {taskinstance.py:1957} INFO - Dependencies all met for dep_context=non-requeueable deps ti=<TaskInstance: pipeline_services_publics_togo.check_mongodb scheduled__2025-12-21T02:00:00+00:00 [queued]>
[2025-12-22T06:11:26.852+0000] {taskinstance.py:1957} INFO - Dependencies all met for dep_context=requeueable deps ti=<TaskInstance: pipeline_services_publics_togo.check_mongodb scheduled__2025-12-21T02:00:00+00:00 [queued]>
[2025-12-22T06:11:26.852+0000] {taskinstance.py:2171} INFO - Starting attempt 1 of 3
[2025-12-22T06:11:26.863+0000] {taskinstance.py:2192} INFO - Executing <Task(PythonOperator): check_mongodb> on 2025-12-21 02:00:00+00:00
[2025-12-22T06:11:26.868+0000] {standard_task_runner.py:60} INFO - Started process 200 to run task
[2025-12-22T06:11:26.872+0000] {standard_task_runner.py:87} INFO - Running: ['***', 'tasks', 'run', 'pipeline_services_publics_togo', 'check_mongodb', 'scheduled__2025-12-21T02:00:00+00:00', '--job-id', '4', '--raw', '--subdir', 'DAGS_FOLDER/pipeline_services_publics.py', '--cfg-path', '/tmp/tmp09u3c44u']
[2025-12-22T06:11:26.875+0000] {standard_task_runner.py:88} INFO - Job 4: Subtask check_mongodb
[2025-12-22T06:11:26.937+0000] {task_command.py:423} INFO - Running <TaskInstance: pipeline_services_publics_togo.check_mongodb scheduled__2025-12-21T02:00:00+00:00 [running]> on host 8280e970b9f5
[2025-12-22T06:11:27.038+0000] {taskinstance.py:2481} INFO - Exporting env vars: AIRFLOW_CTX_DAG_OWNER='data-engineer' AIRFLOW_CTX_DAG_ID='pipeline_services_publics_togo' AIRFLOW_CTX_TASK_ID='check_mongodb' AIRFLOW_CTX_EXECUTION_DATE='2025-12-21T02:00:00+00:00' AIRFLOW_CTX_TRY_NUMBER='1' AIRFLOW_CTX_DAG_RUN_ID='scheduled__2025-12-21T02:00:00+00:00'
[2025-12-22T06:11:27.155+0000] {logging_mixin.py:188} INFO - ✓ MongoDB OK (8829 documents)
[2025-12-22T06:11:27.156+0000] {python.py:201} INFO - Done. Returned value was: None
[2025-12-22T06:11:27.170+0000] {taskinstance.py:1138} INFO - Marking task as SUCCESS. dag_id=pipeline_services_publics_togo, task_id=check_mongodb, execution_date=20251221T020000, start_date=20251222T061126, end_date=20251222T061127
[2025-12-22T06:11:27.207+0000] {local_task_job_runner.py:234} INFO - Task exited with return code 0
[2025-12-22T06:11:27.239+0000] {taskinstance.py:3281} INFO - 1 downstream tasks scheduled from follow-on schedule check
