[2025-12-21T05:27:34.441+0000] {taskinstance.py:1957} INFO - Dependencies all met for dep_context=non-requeueable deps ti=<TaskInstance: pipeline_services_publics_togo.check_mongodb manual__2025-12-21T05:22:30.968344+00:00 [queued]>
[2025-12-21T05:27:34.449+0000] {taskinstance.py:1957} INFO - Dependencies all met for dep_context=requeueable deps ti=<TaskInstance: pipeline_services_publics_togo.check_mongodb manual__2025-12-21T05:22:30.968344+00:00 [queued]>
[2025-12-21T05:27:34.450+0000] {taskinstance.py:2171} INFO - Starting attempt 2 of 3
[2025-12-21T05:27:34.463+0000] {taskinstance.py:2192} INFO - Executing <Task(PythonOperator): check_mongodb> on 2025-12-21 05:22:30.968344+00:00
[2025-12-21T05:27:34.468+0000] {standard_task_runner.py:60} INFO - Started process 251 to run task
[2025-12-21T05:27:34.475+0000] {standard_task_runner.py:87} INFO - Running: ['***', 'tasks', 'run', 'pipeline_services_publics_togo', 'check_mongodb', 'manual__2025-12-21T05:22:30.968344+00:00', '--job-id', '5', '--raw', '--subdir', 'DAGS_FOLDER/pipeline_services_publics.py', '--cfg-path', '/tmp/tmpb1s74rso']
[2025-12-21T05:27:34.477+0000] {standard_task_runner.py:88} INFO - Job 5: Subtask check_mongodb
[2025-12-21T05:27:34.549+0000] {task_command.py:423} INFO - Running <TaskInstance: pipeline_services_publics_togo.check_mongodb manual__2025-12-21T05:22:30.968344+00:00 [running]> on host f5045d3efd9a
[2025-12-21T05:27:34.668+0000] {taskinstance.py:2481} INFO - Exporting env vars: AIRFLOW_CTX_DAG_OWNER='data-engineer' AIRFLOW_CTX_DAG_ID='pipeline_services_publics_togo' AIRFLOW_CTX_TASK_ID='check_mongodb' AIRFLOW_CTX_EXECUTION_DATE='2025-12-21T05:22:30.968344+00:00' AIRFLOW_CTX_TRY_NUMBER='2' AIRFLOW_CTX_DAG_RUN_ID='manual__2025-12-21T05:22:30.968344+00:00'
[2025-12-21T05:27:34.801+0000] {taskinstance.py:2699} ERROR - Task failed with exception
Traceback (most recent call last):
  File "/home/airflow/.local/lib/python3.10/site-packages/airflow/models/taskinstance.py", line 433, in _execute_task
    result = execute_callable(context=context, **execute_callable_kwargs)
  File "/home/airflow/.local/lib/python3.10/site-packages/airflow/operators/python.py", line 199, in execute
    return_value = self.execute_callable()
  File "/home/airflow/.local/lib/python3.10/site-packages/airflow/operators/python.py", line 216, in execute_callable
    return self.python_callable(*self.op_args, **self.op_kwargs)
  File "/opt/airflow/dags/pipeline_services_publics.py", line 51, in check_mongodb_connection
    raise ValueError("La collection MongoDB est vide")
ValueError: La collection MongoDB est vide
[2025-12-21T05:27:34.815+0000] {taskinstance.py:1138} INFO - Marking task as UP_FOR_RETRY. dag_id=pipeline_services_publics_togo, task_id=check_mongodb, execution_date=20251221T052230, start_date=20251221T052734, end_date=20251221T052734
[2025-12-21T05:27:34.833+0000] {standard_task_runner.py:107} ERROR - Failed to execute job 5 for task check_mongodb (La collection MongoDB est vide; 251)
[2025-12-21T05:27:34.849+0000] {local_task_job_runner.py:234} INFO - Task exited with return code 1
[2025-12-21T05:27:34.885+0000] {taskinstance.py:3281} INFO - 0 downstream tasks scheduled from follow-on schedule check
