[2025-12-22T01:33:25.238+0000] {taskinstance.py:1957} INFO - Dependencies all met for dep_context=non-requeueable deps ti=<TaskInstance: pipeline_services_publics_togo.ingestion_mongodb manual__2025-12-22T01:33:18.086255+00:00 [queued]>
[2025-12-22T01:33:25.251+0000] {taskinstance.py:1957} INFO - Dependencies all met for dep_context=requeueable deps ti=<TaskInstance: pipeline_services_publics_togo.ingestion_mongodb manual__2025-12-22T01:33:18.086255+00:00 [queued]>
[2025-12-22T01:33:25.252+0000] {taskinstance.py:2171} INFO - Starting attempt 1 of 3
[2025-12-22T01:33:25.267+0000] {taskinstance.py:2192} INFO - Executing <Task(BashOperator): ingestion_mongodb> on 2025-12-22 01:33:18.086255+00:00
[2025-12-22T01:33:25.273+0000] {standard_task_runner.py:60} INFO - Started process 467 to run task
[2025-12-22T01:33:25.277+0000] {standard_task_runner.py:87} INFO - Running: ['***', 'tasks', 'run', 'pipeline_services_publics_togo', 'ingestion_mongodb', 'manual__2025-12-22T01:33:18.086255+00:00', '--job-id', '12', '--raw', '--subdir', 'DAGS_FOLDER/pipeline_services_publics.py', '--cfg-path', '/tmp/tmppcozkv39']
[2025-12-22T01:33:25.279+0000] {standard_task_runner.py:88} INFO - Job 12: Subtask ingestion_mongodb
[2025-12-22T01:33:25.342+0000] {task_command.py:423} INFO - Running <TaskInstance: pipeline_services_publics_togo.ingestion_mongodb manual__2025-12-22T01:33:18.086255+00:00 [running]> on host 59d264760d7a
[2025-12-22T01:33:25.469+0000] {taskinstance.py:2481} INFO - Exporting env vars: AIRFLOW_CTX_DAG_OWNER='data-engineer' AIRFLOW_CTX_DAG_ID='pipeline_services_publics_togo' AIRFLOW_CTX_TASK_ID='ingestion_mongodb' AIRFLOW_CTX_EXECUTION_DATE='2025-12-22T01:33:18.086255+00:00' AIRFLOW_CTX_TRY_NUMBER='1' AIRFLOW_CTX_DAG_RUN_ID='manual__2025-12-22T01:33:18.086255+00:00'
[2025-12-22T01:33:25.471+0000] {subprocess.py:63} INFO - Tmp dir root location: /tmp
[2025-12-22T01:33:25.472+0000] {subprocess.py:75} INFO - Running command: ['/usr/bin/bash', '-c', '\n    /opt/spark/bin/spark-submit       --master spark://spark-master:7077       --packages org.mongodb.spark:mongo-spark-connector_2.12:10.5.0       --executor-memory 2G       --driver-memory 1G       /opt/***/spark_jobs/ingestion.py\n    ']
[2025-12-22T01:33:25.489+0000] {subprocess.py:86} INFO - Output:
[2025-12-22T01:33:28.119+0000] {subprocess.py:93} INFO - :: loading settings :: url = jar:file:/opt/spark/jars/ivy-2.5.1.jar!/org/apache/ivy/core/settings/ivysettings.xml
[2025-12-22T01:33:28.350+0000] {subprocess.py:93} INFO - Ivy Default Cache set to: /home/***/.ivy2/cache
[2025-12-22T01:33:28.351+0000] {subprocess.py:93} INFO - The jars for the packages stored in: /home/***/.ivy2/jars
[2025-12-22T01:33:28.359+0000] {subprocess.py:93} INFO - org.mongodb.spark#mongo-spark-connector_2.12 added as a dependency
[2025-12-22T01:33:28.362+0000] {subprocess.py:93} INFO - :: resolving dependencies :: org.apache.spark#spark-submit-parent-50f5fa18-552c-4b5d-ab8f-c91728837663;1.0
[2025-12-22T01:33:28.362+0000] {subprocess.py:93} INFO - 	confs: [default]
[2025-12-22T01:33:28.543+0000] {subprocess.py:93} INFO - 	found org.mongodb.spark#mongo-spark-connector_2.12;10.5.0 in central
[2025-12-22T01:33:30.758+0000] {subprocess.py:93} INFO - 	found org.mongodb#mongodb-driver-sync;5.1.4 in central
[2025-12-22T01:33:30.759+0000] {subprocess.py:93} INFO - 	[5.1.4] org.mongodb#mongodb-driver-sync;[5.1.1,5.1.99)
[2025-12-22T01:33:30.873+0000] {subprocess.py:93} INFO - 	found org.mongodb#bson;5.1.4 in central
[2025-12-22T01:33:30.972+0000] {subprocess.py:93} INFO - 	found org.mongodb#mongodb-driver-core;5.1.4 in central
[2025-12-22T01:33:31.022+0000] {subprocess.py:93} INFO - 	found org.mongodb#bson-record-codec;5.1.4 in central
[2025-12-22T01:33:31.062+0000] {subprocess.py:93} INFO - :: resolution report :: resolve 2686ms :: artifacts dl 15ms
[2025-12-22T01:33:31.062+0000] {subprocess.py:93} INFO - 	:: modules in use:
[2025-12-22T01:33:31.063+0000] {subprocess.py:93} INFO - 	org.mongodb#bson;5.1.4 from central in [default]
[2025-12-22T01:33:31.064+0000] {subprocess.py:93} INFO - 	org.mongodb#bson-record-codec;5.1.4 from central in [default]
[2025-12-22T01:33:31.066+0000] {subprocess.py:93} INFO - 	org.mongodb#mongodb-driver-core;5.1.4 from central in [default]
[2025-12-22T01:33:31.066+0000] {subprocess.py:93} INFO - 	org.mongodb#mongodb-driver-sync;5.1.4 from central in [default]
[2025-12-22T01:33:31.067+0000] {subprocess.py:93} INFO - 	org.mongodb.spark#mongo-spark-connector_2.12;10.5.0 from central in [default]
[2025-12-22T01:33:31.068+0000] {subprocess.py:93} INFO - 	---------------------------------------------------------------------
[2025-12-22T01:33:31.068+0000] {subprocess.py:93} INFO - 	|                  |            modules            ||   artifacts   |
[2025-12-22T01:33:31.068+0000] {subprocess.py:93} INFO - 	|       conf       | number| search|dwnlded|evicted|| number|dwnlded|
[2025-12-22T01:33:31.069+0000] {subprocess.py:93} INFO - 	---------------------------------------------------------------------
[2025-12-22T01:33:31.069+0000] {subprocess.py:93} INFO - 	|      default     |   5   |   1   |   0   |   0   ||   5   |   0   |
[2025-12-22T01:33:31.069+0000] {subprocess.py:93} INFO - 	---------------------------------------------------------------------
[2025-12-22T01:33:31.073+0000] {subprocess.py:93} INFO - :: retrieving :: org.apache.spark#spark-submit-parent-50f5fa18-552c-4b5d-ab8f-c91728837663
[2025-12-22T01:33:31.074+0000] {subprocess.py:93} INFO - 	confs: [default]
[2025-12-22T01:33:31.084+0000] {subprocess.py:93} INFO - 	0 artifacts copied, 5 already retrieved (0kB/9ms)
[2025-12-22T01:33:31.412+0000] {subprocess.py:93} INFO - 25/12/22 01:33:31 WARN NativeCodeLoader: Unable to load native-hadoop library for your platform... using builtin-java classes where applicable
[2025-12-22T01:33:32.392+0000] {subprocess.py:93} INFO - 25/12/22 01:33:32 INFO SparkContext: Running Spark version 3.5.1
[2025-12-22T01:33:32.395+0000] {subprocess.py:93} INFO - 25/12/22 01:33:32 INFO SparkContext: OS info Linux, 6.8.0-90-generic, amd64
[2025-12-22T01:33:32.395+0000] {subprocess.py:93} INFO - 25/12/22 01:33:32 INFO SparkContext: Java version 17.0.17
[2025-12-22T01:33:32.416+0000] {subprocess.py:93} INFO - 25/12/22 01:33:32 INFO ResourceUtils: ==============================================================
[2025-12-22T01:33:32.416+0000] {subprocess.py:93} INFO - 25/12/22 01:33:32 INFO ResourceUtils: No custom resources configured for spark.driver.
[2025-12-22T01:33:32.417+0000] {subprocess.py:93} INFO - 25/12/22 01:33:32 INFO ResourceUtils: ==============================================================
[2025-12-22T01:33:32.417+0000] {subprocess.py:93} INFO - 25/12/22 01:33:32 INFO SparkContext: Submitted application: Ingestion_MongoDB_Raw
[2025-12-22T01:33:32.439+0000] {subprocess.py:93} INFO - 25/12/22 01:33:32 INFO ResourceProfile: Default ResourceProfile created, executor resources: Map(memory -> name: memory, amount: 2048, script: , vendor: , offHeap -> name: offHeap, amount: 0, script: , vendor: ), task resources: Map(cpus -> name: cpus, amount: 1.0)
[2025-12-22T01:33:32.449+0000] {subprocess.py:93} INFO - 25/12/22 01:33:32 INFO ResourceProfile: Limiting resource is cpu
[2025-12-22T01:33:32.449+0000] {subprocess.py:93} INFO - 25/12/22 01:33:32 INFO ResourceProfileManager: Added ResourceProfile id: 0
[2025-12-22T01:33:32.542+0000] {subprocess.py:93} INFO - 25/12/22 01:33:32 INFO SecurityManager: Changing view acls to: ***
[2025-12-22T01:33:32.543+0000] {subprocess.py:93} INFO - 25/12/22 01:33:32 INFO SecurityManager: Changing modify acls to: ***
[2025-12-22T01:33:32.544+0000] {subprocess.py:93} INFO - 25/12/22 01:33:32 INFO SecurityManager: Changing view acls groups to:
[2025-12-22T01:33:32.544+0000] {subprocess.py:93} INFO - 25/12/22 01:33:32 INFO SecurityManager: Changing modify acls groups to:
[2025-12-22T01:33:32.545+0000] {subprocess.py:93} INFO - 25/12/22 01:33:32 INFO SecurityManager: SecurityManager: authentication disabled; ui acls disabled; users with view permissions: ***; groups with view permissions: EMPTY; users with modify permissions: ***; groups with modify permissions: EMPTY
[2025-12-22T01:33:32.880+0000] {subprocess.py:93} INFO - 25/12/22 01:33:32 INFO Utils: Successfully started service 'sparkDriver' on port 38931.
[2025-12-22T01:33:32.910+0000] {subprocess.py:93} INFO - 25/12/22 01:33:32 INFO SparkEnv: Registering MapOutputTracker
[2025-12-22T01:33:32.943+0000] {subprocess.py:93} INFO - 25/12/22 01:33:32 INFO SparkEnv: Registering BlockManagerMaster
[2025-12-22T01:33:32.961+0000] {subprocess.py:93} INFO - 25/12/22 01:33:32 INFO BlockManagerMasterEndpoint: Using org.apache.spark.storage.DefaultTopologyMapper for getting topology information
[2025-12-22T01:33:32.962+0000] {subprocess.py:93} INFO - 25/12/22 01:33:32 INFO BlockManagerMasterEndpoint: BlockManagerMasterEndpoint up
[2025-12-22T01:33:32.965+0000] {subprocess.py:93} INFO - 25/12/22 01:33:32 INFO SparkEnv: Registering BlockManagerMasterHeartbeat
[2025-12-22T01:33:32.984+0000] {subprocess.py:93} INFO - 25/12/22 01:33:32 INFO DiskBlockManager: Created local directory at /tmp/blockmgr-cbca9da9-47f0-4b5c-8fb1-11a4a3aa1437
[2025-12-22T01:33:32.997+0000] {subprocess.py:93} INFO - 25/12/22 01:33:32 INFO MemoryStore: MemoryStore started with capacity 434.4 MiB
[2025-12-22T01:33:33.012+0000] {subprocess.py:93} INFO - 25/12/22 01:33:33 INFO SparkEnv: Registering OutputCommitCoordinator
[2025-12-22T01:33:33.145+0000] {subprocess.py:93} INFO - 25/12/22 01:33:33 INFO JettyUtils: Start Jetty 0.0.0.0:4040 for SparkUI
[2025-12-22T01:33:33.216+0000] {subprocess.py:93} INFO - 25/12/22 01:33:33 INFO Utils: Successfully started service 'SparkUI' on port 4040.
[2025-12-22T01:33:33.250+0000] {subprocess.py:93} INFO - 25/12/22 01:33:33 INFO SparkContext: Added JAR file:///home/***/.ivy2/jars/org.mongodb.spark_mongo-spark-connector_2.12-10.5.0.jar at spark://59d264760d7a:38931/jars/org.mongodb.spark_mongo-spark-connector_2.12-10.5.0.jar with timestamp 1766367212385
[2025-12-22T01:33:33.251+0000] {subprocess.py:93} INFO - 25/12/22 01:33:33 INFO SparkContext: Added JAR file:///home/***/.ivy2/jars/org.mongodb_mongodb-driver-sync-5.1.4.jar at spark://59d264760d7a:38931/jars/org.mongodb_mongodb-driver-sync-5.1.4.jar with timestamp 1766367212385
[2025-12-22T01:33:33.251+0000] {subprocess.py:93} INFO - 25/12/22 01:33:33 INFO SparkContext: Added JAR file:///home/***/.ivy2/jars/org.mongodb_bson-5.1.4.jar at spark://59d264760d7a:38931/jars/org.mongodb_bson-5.1.4.jar with timestamp 1766367212385
[2025-12-22T01:33:33.251+0000] {subprocess.py:93} INFO - 25/12/22 01:33:33 INFO SparkContext: Added JAR file:///home/***/.ivy2/jars/org.mongodb_mongodb-driver-core-5.1.4.jar at spark://59d264760d7a:38931/jars/org.mongodb_mongodb-driver-core-5.1.4.jar with timestamp 1766367212385
[2025-12-22T01:33:33.251+0000] {subprocess.py:93} INFO - 25/12/22 01:33:33 INFO SparkContext: Added JAR file:///home/***/.ivy2/jars/org.mongodb_bson-record-codec-5.1.4.jar at spark://59d264760d7a:38931/jars/org.mongodb_bson-record-codec-5.1.4.jar with timestamp 1766367212385
[2025-12-22T01:33:33.264+0000] {subprocess.py:93} INFO - 25/12/22 01:33:33 INFO SparkContext: Added file file:///home/***/.ivy2/jars/org.mongodb.spark_mongo-spark-connector_2.12-10.5.0.jar at spark://59d264760d7a:38931/files/org.mongodb.spark_mongo-spark-connector_2.12-10.5.0.jar with timestamp 1766367212385
[2025-12-22T01:33:33.265+0000] {subprocess.py:93} INFO - 25/12/22 01:33:33 INFO Utils: Copying /home/***/.ivy2/jars/org.mongodb.spark_mongo-spark-connector_2.12-10.5.0.jar to /tmp/spark-3e7b348a-7b7e-4366-a32f-d278610907cb/userFiles-3101d2f3-8e58-4af9-a7bd-5dd8c39dd70c/org.mongodb.spark_mongo-spark-connector_2.12-10.5.0.jar
[2025-12-22T01:33:33.275+0000] {subprocess.py:93} INFO - 25/12/22 01:33:33 INFO SparkContext: Added file file:///home/***/.ivy2/jars/org.mongodb_mongodb-driver-sync-5.1.4.jar at spark://59d264760d7a:38931/files/org.mongodb_mongodb-driver-sync-5.1.4.jar with timestamp 1766367212385
[2025-12-22T01:33:33.276+0000] {subprocess.py:93} INFO - 25/12/22 01:33:33 INFO Utils: Copying /home/***/.ivy2/jars/org.mongodb_mongodb-driver-sync-5.1.4.jar to /tmp/spark-3e7b348a-7b7e-4366-a32f-d278610907cb/userFiles-3101d2f3-8e58-4af9-a7bd-5dd8c39dd70c/org.mongodb_mongodb-driver-sync-5.1.4.jar
[2025-12-22T01:33:33.281+0000] {subprocess.py:93} INFO - 25/12/22 01:33:33 INFO SparkContext: Added file file:///home/***/.ivy2/jars/org.mongodb_bson-5.1.4.jar at spark://59d264760d7a:38931/files/org.mongodb_bson-5.1.4.jar with timestamp 1766367212385
[2025-12-22T01:33:33.282+0000] {subprocess.py:93} INFO - 25/12/22 01:33:33 INFO Utils: Copying /home/***/.ivy2/jars/org.mongodb_bson-5.1.4.jar to /tmp/spark-3e7b348a-7b7e-4366-a32f-d278610907cb/userFiles-3101d2f3-8e58-4af9-a7bd-5dd8c39dd70c/org.mongodb_bson-5.1.4.jar
[2025-12-22T01:33:33.288+0000] {subprocess.py:93} INFO - 25/12/22 01:33:33 INFO SparkContext: Added file file:///home/***/.ivy2/jars/org.mongodb_mongodb-driver-core-5.1.4.jar at spark://59d264760d7a:38931/files/org.mongodb_mongodb-driver-core-5.1.4.jar with timestamp 1766367212385
[2025-12-22T01:33:33.288+0000] {subprocess.py:93} INFO - 25/12/22 01:33:33 INFO Utils: Copying /home/***/.ivy2/jars/org.mongodb_mongodb-driver-core-5.1.4.jar to /tmp/spark-3e7b348a-7b7e-4366-a32f-d278610907cb/userFiles-3101d2f3-8e58-4af9-a7bd-5dd8c39dd70c/org.mongodb_mongodb-driver-core-5.1.4.jar
[2025-12-22T01:33:33.296+0000] {subprocess.py:93} INFO - 25/12/22 01:33:33 INFO SparkContext: Added file file:///home/***/.ivy2/jars/org.mongodb_bson-record-codec-5.1.4.jar at spark://59d264760d7a:38931/files/org.mongodb_bson-record-codec-5.1.4.jar with timestamp 1766367212385
[2025-12-22T01:33:33.296+0000] {subprocess.py:93} INFO - 25/12/22 01:33:33 INFO Utils: Copying /home/***/.ivy2/jars/org.mongodb_bson-record-codec-5.1.4.jar to /tmp/spark-3e7b348a-7b7e-4366-a32f-d278610907cb/userFiles-3101d2f3-8e58-4af9-a7bd-5dd8c39dd70c/org.mongodb_bson-record-codec-5.1.4.jar
[2025-12-22T01:33:33.443+0000] {subprocess.py:93} INFO - 25/12/22 01:33:33 INFO StandaloneAppClient$ClientEndpoint: Connecting to master spark://spark-master:7077...
[2025-12-22T01:33:33.551+0000] {subprocess.py:93} INFO - 25/12/22 01:33:33 INFO TransportClientFactory: Successfully created connection to spark-master/172.18.0.2:7077 after 65 ms (0 ms spent in bootstraps)
[2025-12-22T01:33:33.803+0000] {subprocess.py:93} INFO - 25/12/22 01:33:33 INFO StandaloneSchedulerBackend: Connected to Spark cluster with app ID app-20251222013333-0001
[2025-12-22T01:33:33.816+0000] {subprocess.py:93} INFO - 25/12/22 01:33:33 INFO StandaloneAppClient$ClientEndpoint: Executor added: app-20251222013333-0001/0 on worker-20251222013210-172.18.0.3-40807 (172.18.0.3:40807) with 2 core(s)
[2025-12-22T01:33:33.819+0000] {subprocess.py:93} INFO - 25/12/22 01:33:33 INFO StandaloneSchedulerBackend: Granted executor ID app-20251222013333-0001/0 on hostPort 172.18.0.3:40807 with 2 core(s), 2.0 GiB RAM
[2025-12-22T01:33:33.830+0000] {subprocess.py:93} INFO - 25/12/22 01:33:33 INFO Utils: Successfully started service 'org.apache.spark.network.netty.NettyBlockTransferService' on port 37289.
[2025-12-22T01:33:33.830+0000] {subprocess.py:93} INFO - 25/12/22 01:33:33 INFO NettyBlockTransferService: Server created on 59d264760d7a:37289
[2025-12-22T01:33:33.833+0000] {subprocess.py:93} INFO - 25/12/22 01:33:33 INFO BlockManager: Using org.apache.spark.storage.RandomBlockReplicationPolicy for block replication policy
[2025-12-22T01:33:33.847+0000] {subprocess.py:93} INFO - 25/12/22 01:33:33 INFO BlockManagerMaster: Registering BlockManager BlockManagerId(driver, 59d264760d7a, 37289, None)
[2025-12-22T01:33:33.855+0000] {subprocess.py:93} INFO - 25/12/22 01:33:33 INFO BlockManagerMasterEndpoint: Registering block manager 59d264760d7a:37289 with 434.4 MiB RAM, BlockManagerId(driver, 59d264760d7a, 37289, None)
[2025-12-22T01:33:33.861+0000] {subprocess.py:93} INFO - 25/12/22 01:33:33 INFO BlockManagerMaster: Registered BlockManager BlockManagerId(driver, 59d264760d7a, 37289, None)
[2025-12-22T01:33:33.862+0000] {subprocess.py:93} INFO - 25/12/22 01:33:33 INFO BlockManager: Initialized BlockManager: BlockManagerId(driver, 59d264760d7a, 37289, None)
[2025-12-22T01:33:33.871+0000] {subprocess.py:93} INFO - 25/12/22 01:33:33 INFO StandaloneAppClient$ClientEndpoint: Executor updated: app-20251222013333-0001/0 is now RUNNING
[2025-12-22T01:33:34.131+0000] {subprocess.py:93} INFO - 25/12/22 01:33:34 INFO StandaloneSchedulerBackend: SchedulerBackend is ready for scheduling beginning after reached minRegisteredResourcesRatio: 0.0
[2025-12-22T01:33:34.475+0000] {subprocess.py:93} INFO - 25/12/22 01:33:34 INFO SharedState: Setting hive.metastore.warehouse.dir ('null') to the value of spark.sql.warehouse.dir.
[2025-12-22T01:33:34.479+0000] {subprocess.py:93} INFO - 25/12/22 01:33:34 INFO SharedState: Warehouse path is 'file:/tmp/***tmpqxxdyeny/spark-warehouse'.
[2025-12-22T01:33:36.257+0000] {subprocess.py:93} INFO - 25/12/22 01:33:36 INFO client: MongoClient with metadata {"driver": {"name": "mongo-java-driver|sync|mongo-spark-connector|source", "version": "5.1.4|10.5.0"}, "os": {"type": "Linux", "name": "Linux", "architecture": "amd64", "version": "6.8.0-90-generic"}, "platform": "Java/Debian/17.0.17+10-Debian-1deb12u1|Scala/2.12.18/Spark/3.5.1", "env": {"container": {"runtime": "docker"}}} created with settings MongoClientSettings{readPreference=primary, writeConcern=WriteConcern{w=null, wTimeout=null ms, journal=null}, retryWrites=true, retryReads=true, readConcern=ReadConcern{level=null}, credential=MongoCredential{mechanism=null, userName='admin', source='admin', password=<hidden>, mechanismProperties=<hidden>}, transportSettings=null, commandListeners=[], codecRegistry=ProvidersCodecRegistry{codecProviders=[ValueCodecProvider{}, BsonValueCodecProvider{}, DBRefCodecProvider{}, DBObjectCodecProvider{}, DocumentCodecProvider{}, CollectionCodecProvider{}, IterableCodecProvider{}, MapCodecProvider{}, GeoJsonCodecProvider{}, GridFSFileCodecProvider{}, Jsr310CodecProvider{}, JsonObjectCodecProvider{}, BsonCodecProvider{}, EnumCodecProvider{}, com.mongodb.client.model.mql.ExpressionCodecProvider@5fc06f13, com.mongodb.Jep395RecordCodecProvider@6e304872, com.mongodb.KotlinCodecProvider@12891129]}, loggerSettings=LoggerSettings{maxDocumentLength=1000}, clusterSettings={hosts=[mongodb:27017], srvServiceName=mongodb, mode=SINGLE, requiredClusterType=UNKNOWN, requiredReplicaSetName='null', serverSelector='null', clusterListeners='[]', serverSelectionTimeout='30000 ms', localThreshold='15 ms'}, socketSettings=SocketSettings{connectTimeoutMS=10000, readTimeoutMS=0, receiveBufferSize=0, proxySettings=ProxySettings{host=null, port=null, username=null, password=null}}, heartbeatSocketSettings=SocketSettings{connectTimeoutMS=10000, readTimeoutMS=10000, receiveBufferSize=0, proxySettings=ProxySettings{host=null, port=null, username=null, password=null}}, connectionPoolSettings=ConnectionPoolSettings{maxSize=100, minSize=0, maxWaitTimeMS=120000, maxConnectionLifeTimeMS=0, maxConnectionIdleTimeMS=0, maintenanceInitialDelayMS=0, maintenanceFrequencyMS=60000, connectionPoolListeners=[], maxConnecting=2}, serverSettings=ServerSettings{heartbeatFrequencyMS=10000, minHeartbeatFrequencyMS=500, serverMonitoringMode=AUTO, serverListeners='[]', serverMonitorListeners='[]'}, sslSettings=SslSettings{enabled=false, invalidHostNameAllowed=false, context=null}, applicationName='null', compressorList=[], uuidRepresentation=UNSPECIFIED, serverApi=null, autoEncryptionSettings=null, dnsClient=null, inetAddressResolver=null, contextProvider=null}
[2025-12-22T01:33:36.277+0000] {subprocess.py:93} INFO - 25/12/22 01:33:36 INFO cluster: Monitor thread successfully connected to server with description ServerDescription{address=mongodb:27017, type=STANDALONE, state=CONNECTED, ok=true, minWireVersion=0, maxWireVersion=21, maxDocumentSize=16777216, logicalSessionTimeoutMinutes=30, roundTripTimeNanos=28656524}
[2025-12-22T01:33:36.616+0000] {subprocess.py:93} INFO - 25/12/22 01:33:36 INFO MongoTable: Creating MongoTable: mongo-spark-connector-10.5.0
[2025-12-22T01:33:37.899+0000] {subprocess.py:93} INFO - 25/12/22 01:33:37 INFO V2ScanRelationPushDown:
[2025-12-22T01:33:37.901+0000] {subprocess.py:93} INFO - Output:
[2025-12-22T01:33:37.901+0000] {subprocess.py:93} INFO - 
[2025-12-22T01:33:38.122+0000] {subprocess.py:93} INFO - 25/12/22 01:33:38 INFO Partitioner: Getting collection stats for: services_publics.demandes
[2025-12-22T01:33:38.134+0000] {subprocess.py:93} INFO - 25/12/22 01:33:38 INFO Partitioner: Fewer documents (8829) than the calculated number of documents per partition (324873.0). Returning a single partition
[2025-12-22T01:33:38.183+0000] {subprocess.py:93} INFO - 25/12/22 01:33:38 INFO Partitioner: Getting collection stats for: services_publics.demandes
[2025-12-22T01:33:38.193+0000] {subprocess.py:93} INFO - 25/12/22 01:33:38 INFO Partitioner: Fewer documents (8829) than the calculated number of documents per partition (324873.0). Returning a single partition
[2025-12-22T01:33:38.413+0000] {subprocess.py:93} INFO - 25/12/22 01:33:38 INFO StandaloneSchedulerBackend$StandaloneDriverEndpoint: Registered executor NettyRpcEndpointRef(spark-client://Executor) (172.18.0.3:37122) with ID 0,  ResourceProfileId 0
[2025-12-22T01:33:38.494+0000] {subprocess.py:93} INFO - 25/12/22 01:33:38 INFO BlockManagerMasterEndpoint: Registering block manager 172.18.0.3:33443 with 1048.8 MiB RAM, BlockManagerId(0, 172.18.0.3, 33443, None)
[2025-12-22T01:33:38.787+0000] {subprocess.py:93} INFO - 25/12/22 01:33:38 INFO CodeGenerator: Code generated in 179.850685 ms
[2025-12-22T01:33:38.863+0000] {subprocess.py:93} INFO - 25/12/22 01:33:38 INFO DAGScheduler: Registering RDD 3 (count at NativeMethodAccessorImpl.java:0) as input to shuffle 0
[2025-12-22T01:33:38.872+0000] {subprocess.py:93} INFO - 25/12/22 01:33:38 INFO DAGScheduler: Got map stage job 0 (count at NativeMethodAccessorImpl.java:0) with 1 output partitions
[2025-12-22T01:33:38.873+0000] {subprocess.py:93} INFO - 25/12/22 01:33:38 INFO DAGScheduler: Final stage: ShuffleMapStage 0 (count at NativeMethodAccessorImpl.java:0)
[2025-12-22T01:33:38.874+0000] {subprocess.py:93} INFO - 25/12/22 01:33:38 INFO DAGScheduler: Parents of final stage: List()
[2025-12-22T01:33:38.877+0000] {subprocess.py:93} INFO - 25/12/22 01:33:38 INFO DAGScheduler: Missing parents: List()
[2025-12-22T01:33:38.879+0000] {subprocess.py:93} INFO - 25/12/22 01:33:38 INFO DAGScheduler: Submitting ShuffleMapStage 0 (MapPartitionsRDD[3] at count at NativeMethodAccessorImpl.java:0), which has no missing parents
[2025-12-22T01:33:38.979+0000] {subprocess.py:93} INFO - 25/12/22 01:33:38 INFO MemoryStore: Block broadcast_0 stored as values in memory (estimated size 14.3 KiB, free 434.4 MiB)
[2025-12-22T01:33:39.005+0000] {subprocess.py:93} INFO - 25/12/22 01:33:39 INFO MemoryStore: Block broadcast_0_piece0 stored as bytes in memory (estimated size 7.0 KiB, free 434.4 MiB)
[2025-12-22T01:33:39.007+0000] {subprocess.py:93} INFO - 25/12/22 01:33:39 INFO BlockManagerInfo: Added broadcast_0_piece0 in memory on 59d264760d7a:37289 (size: 7.0 KiB, free: 434.4 MiB)
[2025-12-22T01:33:39.010+0000] {subprocess.py:93} INFO - 25/12/22 01:33:39 INFO SparkContext: Created broadcast 0 from broadcast at DAGScheduler.scala:1585
[2025-12-22T01:33:39.022+0000] {subprocess.py:93} INFO - 25/12/22 01:33:39 INFO DAGScheduler: Submitting 1 missing tasks from ShuffleMapStage 0 (MapPartitionsRDD[3] at count at NativeMethodAccessorImpl.java:0) (first 15 tasks are for partitions Vector(0))
[2025-12-22T01:33:39.024+0000] {subprocess.py:93} INFO - 25/12/22 01:33:39 INFO TaskSchedulerImpl: Adding task set 0.0 with 1 tasks resource profile 0
[2025-12-22T01:33:39.056+0000] {subprocess.py:93} INFO - 25/12/22 01:33:39 INFO TaskSetManager: Starting task 0.0 in stage 0.0 (TID 0) (172.18.0.3, executor 0, partition 0, PROCESS_LOCAL, 8880 bytes)
[2025-12-22T01:33:39.292+0000] {subprocess.py:93} INFO - 25/12/22 01:33:39 INFO BlockManagerInfo: Added broadcast_0_piece0 in memory on 172.18.0.3:33443 (size: 7.0 KiB, free: 1048.8 MiB)
[2025-12-22T01:33:40.718+0000] {subprocess.py:93} INFO - 25/12/22 01:33:40 INFO TaskSetManager: Finished task 0.0 in stage 0.0 (TID 0) in 1678 ms on 172.18.0.3 (executor 0) (1/1)
[2025-12-22T01:33:40.722+0000] {subprocess.py:93} INFO - 25/12/22 01:33:40 INFO TaskSchedulerImpl: Removed TaskSet 0.0, whose tasks have all completed, from pool
[2025-12-22T01:33:40.736+0000] {subprocess.py:93} INFO - 25/12/22 01:33:40 INFO DAGScheduler: ShuffleMapStage 0 (count at NativeMethodAccessorImpl.java:0) finished in 1.838 s
[2025-12-22T01:33:40.736+0000] {subprocess.py:93} INFO - 25/12/22 01:33:40 INFO DAGScheduler: looking for newly runnable stages
[2025-12-22T01:33:40.736+0000] {subprocess.py:93} INFO - 25/12/22 01:33:40 INFO DAGScheduler: running: Set()
[2025-12-22T01:33:40.736+0000] {subprocess.py:93} INFO - 25/12/22 01:33:40 INFO DAGScheduler: waiting: Set()
[2025-12-22T01:33:40.736+0000] {subprocess.py:93} INFO - 25/12/22 01:33:40 INFO DAGScheduler: failed: Set()
[2025-12-22T01:33:40.777+0000] {subprocess.py:93} INFO - 25/12/22 01:33:40 INFO CodeGenerator: Code generated in 14.152114 ms
[2025-12-22T01:33:40.814+0000] {subprocess.py:93} INFO - 25/12/22 01:33:40 INFO SparkContext: Starting job: count at NativeMethodAccessorImpl.java:0
[2025-12-22T01:33:40.817+0000] {subprocess.py:93} INFO - 25/12/22 01:33:40 INFO DAGScheduler: Got job 1 (count at NativeMethodAccessorImpl.java:0) with 1 output partitions
[2025-12-22T01:33:40.819+0000] {subprocess.py:93} INFO - 25/12/22 01:33:40 INFO DAGScheduler: Final stage: ResultStage 2 (count at NativeMethodAccessorImpl.java:0)
[2025-12-22T01:33:40.820+0000] {subprocess.py:93} INFO - 25/12/22 01:33:40 INFO DAGScheduler: Parents of final stage: List(ShuffleMapStage 1)
[2025-12-22T01:33:40.820+0000] {subprocess.py:93} INFO - 25/12/22 01:33:40 INFO DAGScheduler: Missing parents: List()
[2025-12-22T01:33:40.821+0000] {subprocess.py:93} INFO - 25/12/22 01:33:40 INFO DAGScheduler: Submitting ResultStage 2 (MapPartitionsRDD[6] at count at NativeMethodAccessorImpl.java:0), which has no missing parents
[2025-12-22T01:33:40.829+0000] {subprocess.py:93} INFO - 25/12/22 01:33:40 INFO MemoryStore: Block broadcast_1 stored as values in memory (estimated size 12.5 KiB, free 434.4 MiB)
[2025-12-22T01:33:40.843+0000] {subprocess.py:93} INFO - 25/12/22 01:33:40 INFO MemoryStore: Block broadcast_1_piece0 stored as bytes in memory (estimated size 5.9 KiB, free 434.4 MiB)
[2025-12-22T01:33:40.844+0000] {subprocess.py:93} INFO - 25/12/22 01:33:40 INFO BlockManagerInfo: Added broadcast_1_piece0 in memory on 59d264760d7a:37289 (size: 5.9 KiB, free: 434.4 MiB)
[2025-12-22T01:33:40.846+0000] {subprocess.py:93} INFO - 25/12/22 01:33:40 INFO SparkContext: Created broadcast 1 from broadcast at DAGScheduler.scala:1585
[2025-12-22T01:33:40.848+0000] {subprocess.py:93} INFO - 25/12/22 01:33:40 INFO DAGScheduler: Submitting 1 missing tasks from ResultStage 2 (MapPartitionsRDD[6] at count at NativeMethodAccessorImpl.java:0) (first 15 tasks are for partitions Vector(0))
[2025-12-22T01:33:40.849+0000] {subprocess.py:93} INFO - 25/12/22 01:33:40 INFO TaskSchedulerImpl: Adding task set 2.0 with 1 tasks resource profile 0
[2025-12-22T01:33:40.864+0000] {subprocess.py:93} INFO - 25/12/22 01:33:40 INFO TaskSetManager: Starting task 0.0 in stage 2.0 (TID 1) (172.18.0.3, executor 0, partition 0, NODE_LOCAL, 8635 bytes)
[2025-12-22T01:33:40.885+0000] {subprocess.py:93} INFO - 25/12/22 01:33:40 INFO BlockManagerInfo: Removed broadcast_0_piece0 on 59d264760d7a:37289 in memory (size: 7.0 KiB, free: 434.4 MiB)
[2025-12-22T01:33:40.909+0000] {subprocess.py:93} INFO - 25/12/22 01:33:40 INFO BlockManagerInfo: Removed broadcast_0_piece0 on 172.18.0.3:33443 in memory (size: 7.0 KiB, free: 1048.8 MiB)
[2025-12-22T01:33:40.917+0000] {subprocess.py:93} INFO - 25/12/22 01:33:40 INFO BlockManagerInfo: Added broadcast_1_piece0 in memory on 172.18.0.3:33443 (size: 5.9 KiB, free: 1048.8 MiB)
[2025-12-22T01:33:41.009+0000] {subprocess.py:93} INFO - 25/12/22 01:33:41 INFO MapOutputTrackerMasterEndpoint: Asked to send map output locations for shuffle 0 to 172.18.0.3:37122
[2025-12-22T01:33:41.139+0000] {subprocess.py:93} INFO - 25/12/22 01:33:41 INFO TaskSetManager: Finished task 0.0 in stage 2.0 (TID 1) in 283 ms on 172.18.0.3 (executor 0) (1/1)
[2025-12-22T01:33:41.139+0000] {subprocess.py:93} INFO - 25/12/22 01:33:41 INFO TaskSchedulerImpl: Removed TaskSet 2.0, whose tasks have all completed, from pool
[2025-12-22T01:33:41.141+0000] {subprocess.py:93} INFO - 25/12/22 01:33:41 INFO DAGScheduler: ResultStage 2 (count at NativeMethodAccessorImpl.java:0) finished in 0.315 s
[2025-12-22T01:33:41.143+0000] {subprocess.py:93} INFO - 25/12/22 01:33:41 INFO DAGScheduler: Job 1 is finished. Cancelling potential speculative or zombie tasks for this job
[2025-12-22T01:33:41.144+0000] {subprocess.py:93} INFO - 25/12/22 01:33:41 INFO TaskSchedulerImpl: Killing all running tasks in stage 2: Stage finished
[2025-12-22T01:33:41.145+0000] {subprocess.py:93} INFO - 25/12/22 01:33:41 INFO DAGScheduler: Job 1 finished: count at NativeMethodAccessorImpl.java:0, took 0.331895 s
[2025-12-22T01:33:41.152+0000] {subprocess.py:93} INFO - 📥 Nombre de documents MongoDB : 8829
[2025-12-22T01:33:41.153+0000] {subprocess.py:93} INFO - 
[2025-12-22T01:33:41.153+0000] {subprocess.py:93} INFO - 📋 Schéma MongoDB :
[2025-12-22T01:33:41.155+0000] {subprocess.py:93} INFO - root
[2025-12-22T01:33:41.155+0000] {subprocess.py:93} INFO -  |-- _id: string (nullable = true)
[2025-12-22T01:33:41.155+0000] {subprocess.py:93} INFO -  |-- category: string (nullable = true)
[2025-12-22T01:33:41.155+0000] {subprocess.py:93} INFO -  |-- city: string (nullable = true)
[2025-12-22T01:33:41.155+0000] {subprocess.py:93} INFO -  |-- comment: void (nullable = true)
[2025-12-22T01:33:41.155+0000] {subprocess.py:93} INFO -  |-- created: string (nullable = true)
[2025-12-22T01:33:41.155+0000] {subprocess.py:93} INFO -  |-- created_at: string (nullable = true)
[2025-12-22T01:33:41.156+0000] {subprocess.py:93} INFO -  |-- date: integer (nullable = true)
[2025-12-22T01:33:41.156+0000] {subprocess.py:93} INFO -  |-- date_creation: string (nullable = true)
[2025-12-22T01:33:41.156+0000] {subprocess.py:93} INFO -  |-- date_signalement: string (nullable = true)
[2025-12-22T01:33:41.156+0000] {subprocess.py:93} INFO -  |-- delai_traitement: integer (nullable = true)
[2025-12-22T01:33:41.156+0000] {subprocess.py:93} INFO -  |-- description: string (nullable = true)
[2025-12-22T01:33:41.156+0000] {subprocess.py:93} INFO -  |-- district: string (nullable = true)
[2025-12-22T01:33:41.156+0000] {subprocess.py:93} INFO -  |-- event: struct (nullable = true)
[2025-12-22T01:33:41.156+0000] {subprocess.py:93} INFO -  |    |-- id: string (nullable = true)
[2025-12-22T01:33:41.156+0000] {subprocess.py:93} INFO -  |    |-- timestamp: double (nullable = true)
[2025-12-22T01:33:41.156+0000] {subprocess.py:93} INFO -  |    |-- payload: struct (nullable = true)
[2025-12-22T01:33:41.157+0000] {subprocess.py:93} INFO -  |    |    |-- type: string (nullable = true)
[2025-12-22T01:33:41.157+0000] {subprocess.py:93} INFO -  |    |    |-- commune: string (nullable = true)
[2025-12-22T01:33:41.157+0000] {subprocess.py:93} INFO -  |    |    |-- quartier: string (nullable = true)
[2025-12-22T01:33:41.157+0000] {subprocess.py:93} INFO -  |-- event_date: string (nullable = true)
[2025-12-22T01:33:41.157+0000] {subprocess.py:93} INFO -  |-- geo: string (nullable = true)
[2025-12-22T01:33:41.157+0000] {subprocess.py:93} INFO -  |-- id: string (nullable = true)
[2025-12-22T01:33:41.157+0000] {subprocess.py:93} INFO -  |-- localisation: string (nullable = true)
[2025-12-22T01:33:41.157+0000] {subprocess.py:93} INFO -  |-- location: struct (nullable = true)
[2025-12-22T01:33:41.157+0000] {subprocess.py:93} INFO -  |    |-- commune: string (nullable = true)
[2025-12-22T01:33:41.157+0000] {subprocess.py:93} INFO -  |-- metadata: struct (nullable = true)
[2025-12-22T01:33:41.158+0000] {subprocess.py:93} INFO -  |    |-- source: string (nullable = true)
[2025-12-22T01:33:41.158+0000] {subprocess.py:93} INFO -  |    |-- ingestion_date: string (nullable = true)
[2025-12-22T01:33:41.158+0000] {subprocess.py:93} INFO -  |-- ref: string (nullable = true)
[2025-12-22T01:33:41.158+0000] {subprocess.py:93} INFO -  |-- request_id: string (nullable = true)
[2025-12-22T01:33:41.158+0000] {subprocess.py:93} INFO -  |-- service: string (nullable = true)
[2025-12-22T01:33:41.158+0000] {subprocess.py:93} INFO -  |-- service_type: string (nullable = true)
[2025-12-22T01:33:41.158+0000] {subprocess.py:93} INFO -  |-- state: string (nullable = true)
[2025-12-22T01:33:41.158+0000] {subprocess.py:93} INFO -  |-- status: string (nullable = true)
[2025-12-22T01:33:41.158+0000] {subprocess.py:93} INFO -  |-- statut: string (nullable = true)
[2025-12-22T01:33:41.158+0000] {subprocess.py:93} INFO -  |-- type: string (nullable = true)
[2025-12-22T01:33:41.159+0000] {subprocess.py:93} INFO -  |-- type_demande: string (nullable = true)
[2025-12-22T01:33:41.159+0000] {subprocess.py:93} INFO - 
[2025-12-22T01:33:41.653+0000] {subprocess.py:93} INFO - 
[2025-12-22T01:33:41.653+0000] {subprocess.py:93} INFO - 📄 Aperçu des données transformées (10 premières lignes) :
[2025-12-22T01:33:41.766+0000] {subprocess.py:93} INFO - 25/12/22 01:33:41 INFO V2ScanRelationPushDown:
[2025-12-22T01:33:41.768+0000] {subprocess.py:93} INFO - Output: _id#0, category#1, city#2, created#4, created_at#5, date_creation#7, date_signalement#8, district#11, event#12, event_date#13, id#15, localisation#16, location#17, ref#19, request_id#20, service#21, service_type#22, state#23, status#24, statut#25, type#26, type_demande#27
[2025-12-22T01:33:41.768+0000] {subprocess.py:93} INFO - 
[2025-12-22T01:33:41.816+0000] {subprocess.py:93} INFO - 25/12/22 01:33:41 INFO Partitioner: Getting collection stats for: services_publics.demandes
[2025-12-22T01:33:41.824+0000] {subprocess.py:93} INFO - 25/12/22 01:33:41 INFO Partitioner: Fewer documents (8829) than the calculated number of documents per partition (324873.0). Returning a single partition
[2025-12-22T01:33:41.866+0000] {subprocess.py:93} INFO - 25/12/22 01:33:41 INFO Partitioner: Getting collection stats for: services_publics.demandes
[2025-12-22T01:33:41.867+0000] {subprocess.py:93} INFO - 25/12/22 01:33:41 INFO BlockManagerInfo: Removed broadcast_1_piece0 on 59d264760d7a:37289 in memory (size: 5.9 KiB, free: 434.4 MiB)
[2025-12-22T01:33:41.873+0000] {subprocess.py:93} INFO - 25/12/22 01:33:41 INFO BlockManagerInfo: Removed broadcast_1_piece0 on 172.18.0.3:33443 in memory (size: 5.9 KiB, free: 1048.8 MiB)
[2025-12-22T01:33:41.875+0000] {subprocess.py:93} INFO - 25/12/22 01:33:41 INFO Partitioner: Fewer documents (8829) than the calculated number of documents per partition (324873.0). Returning a single partition
[2025-12-22T01:33:42.063+0000] {subprocess.py:93} INFO - 25/12/22 01:33:42 INFO CodeGenerator: Code generated in 100.879289 ms
[2025-12-22T01:33:42.081+0000] {subprocess.py:93} INFO - 25/12/22 01:33:42 INFO SparkContext: Starting job: showString at NativeMethodAccessorImpl.java:0
[2025-12-22T01:33:42.082+0000] {subprocess.py:93} INFO - 25/12/22 01:33:42 INFO DAGScheduler: Got job 2 (showString at NativeMethodAccessorImpl.java:0) with 1 output partitions
[2025-12-22T01:33:42.082+0000] {subprocess.py:93} INFO - 25/12/22 01:33:42 INFO DAGScheduler: Final stage: ResultStage 3 (showString at NativeMethodAccessorImpl.java:0)
[2025-12-22T01:33:42.082+0000] {subprocess.py:93} INFO - 25/12/22 01:33:42 INFO DAGScheduler: Parents of final stage: List()
[2025-12-22T01:33:42.082+0000] {subprocess.py:93} INFO - 25/12/22 01:33:42 INFO DAGScheduler: Missing parents: List()
[2025-12-22T01:33:42.086+0000] {subprocess.py:93} INFO - 25/12/22 01:33:42 INFO DAGScheduler: Submitting ResultStage 3 (MapPartitionsRDD[10] at showString at NativeMethodAccessorImpl.java:0), which has no missing parents
[2025-12-22T01:33:42.118+0000] {subprocess.py:93} INFO - 25/12/22 01:33:42 INFO MemoryStore: Block broadcast_2 stored as values in memory (estimated size 73.1 KiB, free 434.3 MiB)
[2025-12-22T01:33:42.129+0000] {subprocess.py:93} INFO - 25/12/22 01:33:42 INFO MemoryStore: Block broadcast_2_piece0 stored as bytes in memory (estimated size 20.1 KiB, free 434.3 MiB)
[2025-12-22T01:33:42.132+0000] {subprocess.py:93} INFO - 25/12/22 01:33:42 INFO BlockManagerInfo: Added broadcast_2_piece0 in memory on 59d264760d7a:37289 (size: 20.1 KiB, free: 434.4 MiB)
[2025-12-22T01:33:42.132+0000] {subprocess.py:93} INFO - 25/12/22 01:33:42 INFO SparkContext: Created broadcast 2 from broadcast at DAGScheduler.scala:1585
[2025-12-22T01:33:42.133+0000] {subprocess.py:93} INFO - 25/12/22 01:33:42 INFO DAGScheduler: Submitting 1 missing tasks from ResultStage 3 (MapPartitionsRDD[10] at showString at NativeMethodAccessorImpl.java:0) (first 15 tasks are for partitions Vector(0))
[2025-12-22T01:33:42.134+0000] {subprocess.py:93} INFO - 25/12/22 01:33:42 INFO TaskSchedulerImpl: Adding task set 3.0 with 1 tasks resource profile 0
[2025-12-22T01:33:42.137+0000] {subprocess.py:93} INFO - 25/12/22 01:33:42 INFO TaskSetManager: Starting task 0.0 in stage 3.0 (TID 2) (172.18.0.3, executor 0, partition 0, PROCESS_LOCAL, 9263 bytes)
[2025-12-22T01:33:42.173+0000] {subprocess.py:93} INFO - 25/12/22 01:33:42 INFO BlockManagerInfo: Added broadcast_2_piece0 in memory on 172.18.0.3:33443 (size: 20.1 KiB, free: 1048.8 MiB)
[2025-12-22T01:33:43.713+0000] {subprocess.py:93} INFO - 25/12/22 01:33:43 INFO TaskSetManager: Finished task 0.0 in stage 3.0 (TID 2) in 1576 ms on 172.18.0.3 (executor 0) (1/1)
[2025-12-22T01:33:43.713+0000] {subprocess.py:93} INFO - 25/12/22 01:33:43 INFO DAGScheduler: ResultStage 3 (showString at NativeMethodAccessorImpl.java:0) finished in 1.629 s
[2025-12-22T01:33:43.714+0000] {subprocess.py:93} INFO - 25/12/22 01:33:43 INFO DAGScheduler: Job 2 is finished. Cancelling potential speculative or zombie tasks for this job
[2025-12-22T01:33:43.715+0000] {subprocess.py:93} INFO - 25/12/22 01:33:43 INFO TaskSchedulerImpl: Removed TaskSet 3.0, whose tasks have all completed, from pool
[2025-12-22T01:33:43.716+0000] {subprocess.py:93} INFO - 25/12/22 01:33:43 INFO TaskSchedulerImpl: Killing all running tasks in stage 3: Stage finished
[2025-12-22T01:33:43.716+0000] {subprocess.py:93} INFO - 25/12/22 01:33:43 INFO DAGScheduler: Job 2 finished: showString at NativeMethodAccessorImpl.java:0, took 1.634967 s
[2025-12-22T01:33:44.340+0000] {subprocess.py:93} INFO - 25/12/22 01:33:44 INFO BlockManagerInfo: Removed broadcast_2_piece0 on 59d264760d7a:37289 in memory (size: 20.1 KiB, free: 434.4 MiB)
[2025-12-22T01:33:44.348+0000] {subprocess.py:93} INFO - 25/12/22 01:33:44 INFO BlockManagerInfo: Removed broadcast_2_piece0 on 172.18.0.3:33443 in memory (size: 20.1 KiB, free: 1048.8 MiB)
[2025-12-22T01:33:44.528+0000] {subprocess.py:93} INFO - 25/12/22 01:33:44 INFO CodeGenerator: Code generated in 18.35317 ms
[2025-12-22T01:33:44.537+0000] {subprocess.py:93} INFO - +--------------------------------+---------+-------+-----------+-------------------+--------+---------+--------+--------------+--------------------------+
[2025-12-22T01:33:44.539+0000] {subprocess.py:93} INFO - |id                              |type     |commune|quartier   |date               |latitude|longitude|statut  |source_donnees|date_ingestion            |
[2025-12-22T01:33:44.539+0000] {subprocess.py:93} INFO - +--------------------------------+---------+-------+-----------+-------------------+--------+---------+--------+--------------+--------------------------+
[2025-12-22T01:33:44.540+0000] {subprocess.py:93} INFO - |f81488aea3294579846ff4ba0e401903|eclairage|Lomé   |Djagblé    |2025-11-12 05:45:27|NULL    |NULL     |ouverte |mongodb       |2025-12-22 01:33:41.688133|
[2025-12-22T01:33:44.541+0000] {subprocess.py:93} INFO - |39dc7006aa8c48c5b434dd7b151efdc1|autre    |Lomé   |Akodésséwa |2025-11-18 00:00:00|NULL    |NULL     |pending |mongodb       |2025-12-22 01:33:41.688133|
[2025-12-22T01:33:44.541+0000] {subprocess.py:93} INFO - |2d30fb96cf9e49b6b6e406ad918b611d|voirie   |Lomé   |Adidogomé  |2025-10-27 05:45:27|NULL    |NULL     |ouverte |mongodb       |2025-12-22 01:33:41.688133|
[2025-12-22T01:33:44.541+0000] {subprocess.py:93} INFO - |3d187563dbbd4677af52f27526056381|dechets  |Kara   |Tchitchao  |2025-10-25 05:45:27|NULL    |NULL     |ouverte |mongodb       |2025-12-22 01:33:41.688133|
[2025-12-22T01:33:44.542+0000] {subprocess.py:93} INFO - |e2835851b8184be158234668792ed43d|eclairage|NULL   |NULL       |NULL               |NULL    |NULL     |closed  |mongodb       |2025-12-22 01:33:41.688133|
[2025-12-22T01:33:44.543+0000] {subprocess.py:93} INFO - |da663b202ee58791de774371955d587e|dechets  |NULL   |NULL       |NULL               |NULL    |NULL     |ouvert  |mongodb       |2025-12-22 01:33:41.688133|
[2025-12-22T01:33:44.543+0000] {subprocess.py:93} INFO - |75d4b23015a542bfbb1fb6dc24349207|eclairage|Kara   |Soumdina   |2025-12-12 05:45:27|NULL    |NULL     |ouverte |mongodb       |2025-12-22 01:33:41.688133|
[2025-12-22T01:33:44.543+0000] {subprocess.py:93} INFO - |8215a32333e748c7b1889a52c6ae0de4|eau      |Tsévié |Davié      |2025-11-17 00:00:00|NULL    |NULL     |open    |mongodb       |2025-12-22 01:33:41.688133|
[2025-12-22T01:33:44.543+0000] {subprocess.py:93} INFO - |41719727909e4401b1fe6312498f4fa9|autre    |Lomé   |Nyékonakpoè|2025-11-30 05:45:27|NULL    |NULL     |ouverte |mongodb       |2025-12-22 01:33:41.688133|
[2025-12-22T01:33:44.543+0000] {subprocess.py:93} INFO - |req_effa903a                    |voirie   |NULL   |NULL       |2025-12-15 00:00:00|NULL    |NULL     |en_cours|mongodb       |2025-12-22 01:33:41.688133|
[2025-12-22T01:33:44.547+0000] {subprocess.py:93} INFO - +--------------------------------+---------+-------+-----------+-------------------+--------+---------+--------+--------------+--------------------------+
[2025-12-22T01:33:44.547+0000] {subprocess.py:93} INFO - only showing top 10 rows
[2025-12-22T01:33:44.547+0000] {subprocess.py:93} INFO - 
[2025-12-22T01:33:44.547+0000] {subprocess.py:93} INFO - 
[2025-12-22T01:33:44.547+0000] {subprocess.py:93} INFO - 📊 Statistiques :
[2025-12-22T01:33:44.558+0000] {subprocess.py:93} INFO - 25/12/22 01:33:44 INFO V2ScanRelationPushDown:
[2025-12-22T01:33:44.558+0000] {subprocess.py:93} INFO - Output:
[2025-12-22T01:33:44.558+0000] {subprocess.py:93} INFO - 
[2025-12-22T01:33:44.563+0000] {subprocess.py:93} INFO - 25/12/22 01:33:44 INFO Partitioner: Getting collection stats for: services_publics.demandes
[2025-12-22T01:33:44.571+0000] {subprocess.py:93} INFO - 25/12/22 01:33:44 INFO Partitioner: Fewer documents (8829) than the calculated number of documents per partition (324873.0). Returning a single partition
[2025-12-22T01:33:44.575+0000] {subprocess.py:93} INFO - 25/12/22 01:33:44 INFO Partitioner: Getting collection stats for: services_publics.demandes
[2025-12-22T01:33:44.584+0000] {subprocess.py:93} INFO - 25/12/22 01:33:44 INFO Partitioner: Fewer documents (8829) than the calculated number of documents per partition (324873.0). Returning a single partition
[2025-12-22T01:33:44.604+0000] {subprocess.py:93} INFO - 25/12/22 01:33:44 INFO DAGScheduler: Registering RDD 14 (count at NativeMethodAccessorImpl.java:0) as input to shuffle 1
[2025-12-22T01:33:44.604+0000] {subprocess.py:93} INFO - 25/12/22 01:33:44 INFO DAGScheduler: Got map stage job 3 (count at NativeMethodAccessorImpl.java:0) with 1 output partitions
[2025-12-22T01:33:44.604+0000] {subprocess.py:93} INFO - 25/12/22 01:33:44 INFO DAGScheduler: Final stage: ShuffleMapStage 4 (count at NativeMethodAccessorImpl.java:0)
[2025-12-22T01:33:44.604+0000] {subprocess.py:93} INFO - 25/12/22 01:33:44 INFO DAGScheduler: Parents of final stage: List()
[2025-12-22T01:33:44.605+0000] {subprocess.py:93} INFO - 25/12/22 01:33:44 INFO DAGScheduler: Missing parents: List()
[2025-12-22T01:33:44.606+0000] {subprocess.py:93} INFO - 25/12/22 01:33:44 INFO DAGScheduler: Submitting ShuffleMapStage 4 (MapPartitionsRDD[14] at count at NativeMethodAccessorImpl.java:0), which has no missing parents
[2025-12-22T01:33:44.607+0000] {subprocess.py:93} INFO - 25/12/22 01:33:44 INFO MemoryStore: Block broadcast_3 stored as values in memory (estimated size 14.3 KiB, free 434.4 MiB)
[2025-12-22T01:33:44.612+0000] {subprocess.py:93} INFO - 25/12/22 01:33:44 INFO MemoryStore: Block broadcast_3_piece0 stored as bytes in memory (estimated size 7.0 KiB, free 434.4 MiB)
[2025-12-22T01:33:44.612+0000] {subprocess.py:93} INFO - 25/12/22 01:33:44 INFO BlockManagerInfo: Added broadcast_3_piece0 in memory on 59d264760d7a:37289 (size: 7.0 KiB, free: 434.4 MiB)
[2025-12-22T01:33:44.615+0000] {subprocess.py:93} INFO - 25/12/22 01:33:44 INFO SparkContext: Created broadcast 3 from broadcast at DAGScheduler.scala:1585
[2025-12-22T01:33:44.615+0000] {subprocess.py:93} INFO - 25/12/22 01:33:44 INFO DAGScheduler: Submitting 1 missing tasks from ShuffleMapStage 4 (MapPartitionsRDD[14] at count at NativeMethodAccessorImpl.java:0) (first 15 tasks are for partitions Vector(0))
[2025-12-22T01:33:44.616+0000] {subprocess.py:93} INFO - 25/12/22 01:33:44 INFO TaskSchedulerImpl: Adding task set 4.0 with 1 tasks resource profile 0
[2025-12-22T01:33:44.616+0000] {subprocess.py:93} INFO - 25/12/22 01:33:44 INFO TaskSetManager: Starting task 0.0 in stage 4.0 (TID 3) (172.18.0.3, executor 0, partition 0, PROCESS_LOCAL, 8880 bytes)
[2025-12-22T01:33:44.643+0000] {subprocess.py:93} INFO - 25/12/22 01:33:44 INFO BlockManagerInfo: Added broadcast_3_piece0 in memory on 172.18.0.3:33443 (size: 7.0 KiB, free: 1048.8 MiB)
[2025-12-22T01:33:44.735+0000] {subprocess.py:93} INFO - 25/12/22 01:33:44 INFO TaskSetManager: Finished task 0.0 in stage 4.0 (TID 3) in 120 ms on 172.18.0.3 (executor 0) (1/1)
[2025-12-22T01:33:44.735+0000] {subprocess.py:93} INFO - 25/12/22 01:33:44 INFO TaskSchedulerImpl: Removed TaskSet 4.0, whose tasks have all completed, from pool
[2025-12-22T01:33:44.739+0000] {subprocess.py:93} INFO - 25/12/22 01:33:44 INFO DAGScheduler: ShuffleMapStage 4 (count at NativeMethodAccessorImpl.java:0) finished in 0.134 s
[2025-12-22T01:33:44.741+0000] {subprocess.py:93} INFO - 25/12/22 01:33:44 INFO DAGScheduler: looking for newly runnable stages
[2025-12-22T01:33:44.741+0000] {subprocess.py:93} INFO - 25/12/22 01:33:44 INFO DAGScheduler: running: Set()
[2025-12-22T01:33:44.742+0000] {subprocess.py:93} INFO - 25/12/22 01:33:44 INFO DAGScheduler: waiting: Set()
[2025-12-22T01:33:44.742+0000] {subprocess.py:93} INFO - 25/12/22 01:33:44 INFO DAGScheduler: failed: Set()
[2025-12-22T01:33:44.759+0000] {subprocess.py:93} INFO - 25/12/22 01:33:44 INFO SparkContext: Starting job: count at NativeMethodAccessorImpl.java:0
[2025-12-22T01:33:44.760+0000] {subprocess.py:93} INFO - 25/12/22 01:33:44 INFO DAGScheduler: Got job 4 (count at NativeMethodAccessorImpl.java:0) with 1 output partitions
[2025-12-22T01:33:44.763+0000] {subprocess.py:93} INFO - 25/12/22 01:33:44 INFO DAGScheduler: Final stage: ResultStage 6 (count at NativeMethodAccessorImpl.java:0)
[2025-12-22T01:33:44.763+0000] {subprocess.py:93} INFO - 25/12/22 01:33:44 INFO DAGScheduler: Parents of final stage: List(ShuffleMapStage 5)
[2025-12-22T01:33:44.763+0000] {subprocess.py:93} INFO - 25/12/22 01:33:44 INFO DAGScheduler: Missing parents: List()
[2025-12-22T01:33:44.763+0000] {subprocess.py:93} INFO - 25/12/22 01:33:44 INFO DAGScheduler: Submitting ResultStage 6 (MapPartitionsRDD[17] at count at NativeMethodAccessorImpl.java:0), which has no missing parents
[2025-12-22T01:33:44.765+0000] {subprocess.py:93} INFO - 25/12/22 01:33:44 INFO MemoryStore: Block broadcast_4 stored as values in memory (estimated size 12.5 KiB, free 434.4 MiB)
[2025-12-22T01:33:44.765+0000] {subprocess.py:93} INFO - 25/12/22 01:33:44 INFO MemoryStore: Block broadcast_4_piece0 stored as bytes in memory (estimated size 6.0 KiB, free 434.4 MiB)
[2025-12-22T01:33:44.766+0000] {subprocess.py:93} INFO - 25/12/22 01:33:44 INFO BlockManagerInfo: Added broadcast_4_piece0 in memory on 59d264760d7a:37289 (size: 6.0 KiB, free: 434.4 MiB)
[2025-12-22T01:33:44.766+0000] {subprocess.py:93} INFO - 25/12/22 01:33:44 INFO SparkContext: Created broadcast 4 from broadcast at DAGScheduler.scala:1585
[2025-12-22T01:33:44.767+0000] {subprocess.py:93} INFO - 25/12/22 01:33:44 INFO DAGScheduler: Submitting 1 missing tasks from ResultStage 6 (MapPartitionsRDD[17] at count at NativeMethodAccessorImpl.java:0) (first 15 tasks are for partitions Vector(0))
[2025-12-22T01:33:44.768+0000] {subprocess.py:93} INFO - 25/12/22 01:33:44 INFO TaskSchedulerImpl: Adding task set 6.0 with 1 tasks resource profile 0
[2025-12-22T01:33:44.769+0000] {subprocess.py:93} INFO - 25/12/22 01:33:44 INFO TaskSetManager: Starting task 0.0 in stage 6.0 (TID 4) (172.18.0.3, executor 0, partition 0, NODE_LOCAL, 8635 bytes)
[2025-12-22T01:33:44.789+0000] {subprocess.py:93} INFO - 25/12/22 01:33:44 INFO BlockManagerInfo: Added broadcast_4_piece0 in memory on 172.18.0.3:33443 (size: 6.0 KiB, free: 1048.8 MiB)
[2025-12-22T01:33:44.797+0000] {subprocess.py:93} INFO - 25/12/22 01:33:44 INFO MapOutputTrackerMasterEndpoint: Asked to send map output locations for shuffle 1 to 172.18.0.3:37122
[2025-12-22T01:33:44.809+0000] {subprocess.py:93} INFO - 25/12/22 01:33:44 INFO TaskSetManager: Finished task 0.0 in stage 6.0 (TID 4) in 40 ms on 172.18.0.3 (executor 0) (1/1)
[2025-12-22T01:33:44.811+0000] {subprocess.py:93} INFO - 25/12/22 01:33:44 INFO TaskSchedulerImpl: Removed TaskSet 6.0, whose tasks have all completed, from pool
[2025-12-22T01:33:44.812+0000] {subprocess.py:93} INFO - 25/12/22 01:33:44 INFO DAGScheduler: ResultStage 6 (count at NativeMethodAccessorImpl.java:0) finished in 0.049 s
[2025-12-22T01:33:44.812+0000] {subprocess.py:93} INFO - 25/12/22 01:33:44 INFO DAGScheduler: Job 4 is finished. Cancelling potential speculative or zombie tasks for this job
[2025-12-22T01:33:44.812+0000] {subprocess.py:93} INFO - 25/12/22 01:33:44 INFO TaskSchedulerImpl: Killing all running tasks in stage 6: Stage finished
[2025-12-22T01:33:44.814+0000] {subprocess.py:93} INFO - 25/12/22 01:33:44 INFO DAGScheduler: Job 4 finished: count at NativeMethodAccessorImpl.java:0, took 0.053480 s
[2025-12-22T01:33:44.817+0000] {subprocess.py:93} INFO -   - Total documents : 8829
[2025-12-22T01:33:44.868+0000] {subprocess.py:93} INFO - 25/12/22 01:33:44 INFO V2ScanRelationPushDown:
[2025-12-22T01:33:44.869+0000] {subprocess.py:93} INFO - Pushing operators to MongoTable()
[2025-12-22T01:33:44.870+0000] {subprocess.py:93} INFO - Pushed Filters:
[2025-12-22T01:33:44.870+0000] {subprocess.py:93} INFO - Post-Scan Filters: isnotnull(coalesce(event#12.payload.type, type#26, type_demande#27, service#21, category#1, service_type#22))
[2025-12-22T01:33:44.871+0000] {subprocess.py:93} INFO - 
[2025-12-22T01:33:44.873+0000] {subprocess.py:93} INFO - 25/12/22 01:33:44 INFO V2ScanRelationPushDown:
[2025-12-22T01:33:44.874+0000] {subprocess.py:93} INFO - Output: category#1, event#12, service#21, service_type#22, type#26, type_demande#27
[2025-12-22T01:33:44.874+0000] {subprocess.py:93} INFO - 
[2025-12-22T01:33:44.887+0000] {subprocess.py:93} INFO - 25/12/22 01:33:44 INFO Partitioner: Getting collection stats for: services_publics.demandes
[2025-12-22T01:33:44.894+0000] {subprocess.py:93} INFO - 25/12/22 01:33:44 INFO Partitioner: Fewer documents (8829) than the calculated number of documents per partition (324873.0). Returning a single partition
[2025-12-22T01:33:44.907+0000] {subprocess.py:93} INFO - 25/12/22 01:33:44 INFO Partitioner: Getting collection stats for: services_publics.demandes
[2025-12-22T01:33:44.914+0000] {subprocess.py:93} INFO - 25/12/22 01:33:44 INFO Partitioner: Fewer documents (8829) than the calculated number of documents per partition (324873.0). Returning a single partition
[2025-12-22T01:33:44.955+0000] {subprocess.py:93} INFO - 25/12/22 01:33:44 INFO CodeGenerator: Code generated in 13.322637 ms
[2025-12-22T01:33:44.961+0000] {subprocess.py:93} INFO - 25/12/22 01:33:44 INFO DAGScheduler: Registering RDD 21 (count at NativeMethodAccessorImpl.java:0) as input to shuffle 2
[2025-12-22T01:33:44.962+0000] {subprocess.py:93} INFO - 25/12/22 01:33:44 INFO DAGScheduler: Got map stage job 5 (count at NativeMethodAccessorImpl.java:0) with 1 output partitions
[2025-12-22T01:33:44.963+0000] {subprocess.py:93} INFO - 25/12/22 01:33:44 INFO DAGScheduler: Final stage: ShuffleMapStage 7 (count at NativeMethodAccessorImpl.java:0)
[2025-12-22T01:33:44.964+0000] {subprocess.py:93} INFO - 25/12/22 01:33:44 INFO DAGScheduler: Parents of final stage: List()
[2025-12-22T01:33:44.964+0000] {subprocess.py:93} INFO - 25/12/22 01:33:44 INFO DAGScheduler: Missing parents: List()
[2025-12-22T01:33:44.967+0000] {subprocess.py:93} INFO - 25/12/22 01:33:44 INFO DAGScheduler: Submitting ShuffleMapStage 7 (MapPartitionsRDD[21] at count at NativeMethodAccessorImpl.java:0), which has no missing parents
[2025-12-22T01:33:44.969+0000] {subprocess.py:93} INFO - 25/12/22 01:33:44 INFO MemoryStore: Block broadcast_5 stored as values in memory (estimated size 42.5 KiB, free 434.3 MiB)
[2025-12-22T01:33:44.970+0000] {subprocess.py:93} INFO - 25/12/22 01:33:44 INFO MemoryStore: Block broadcast_5_piece0 stored as bytes in memory (estimated size 15.2 KiB, free 434.3 MiB)
[2025-12-22T01:33:44.970+0000] {subprocess.py:93} INFO - 25/12/22 01:33:44 INFO BlockManagerInfo: Added broadcast_5_piece0 in memory on 59d264760d7a:37289 (size: 15.2 KiB, free: 434.4 MiB)
[2025-12-22T01:33:44.971+0000] {subprocess.py:93} INFO - 25/12/22 01:33:44 INFO SparkContext: Created broadcast 5 from broadcast at DAGScheduler.scala:1585
[2025-12-22T01:33:44.971+0000] {subprocess.py:93} INFO - 25/12/22 01:33:44 INFO DAGScheduler: Submitting 1 missing tasks from ShuffleMapStage 7 (MapPartitionsRDD[21] at count at NativeMethodAccessorImpl.java:0) (first 15 tasks are for partitions Vector(0))
[2025-12-22T01:33:44.972+0000] {subprocess.py:93} INFO - 25/12/22 01:33:44 INFO TaskSchedulerImpl: Adding task set 7.0 with 1 tasks resource profile 0
[2025-12-22T01:33:44.973+0000] {subprocess.py:93} INFO - 25/12/22 01:33:44 INFO TaskSetManager: Starting task 0.0 in stage 7.0 (TID 5) (172.18.0.3, executor 0, partition 0, PROCESS_LOCAL, 9033 bytes)
[2025-12-22T01:33:44.996+0000] {subprocess.py:93} INFO - 25/12/22 01:33:44 INFO BlockManagerInfo: Added broadcast_5_piece0 in memory on 172.18.0.3:33443 (size: 15.2 KiB, free: 1048.8 MiB)
[2025-12-22T01:33:45.226+0000] {subprocess.py:93} INFO - 25/12/22 01:33:45 INFO TaskSetManager: Finished task 0.0 in stage 7.0 (TID 5) in 254 ms on 172.18.0.3 (executor 0) (1/1)
[2025-12-22T01:33:45.227+0000] {subprocess.py:93} INFO - 25/12/22 01:33:45 INFO TaskSchedulerImpl: Removed TaskSet 7.0, whose tasks have all completed, from pool
[2025-12-22T01:33:45.230+0000] {subprocess.py:93} INFO - 25/12/22 01:33:45 INFO DAGScheduler: ShuffleMapStage 7 (count at NativeMethodAccessorImpl.java:0) finished in 0.262 s
[2025-12-22T01:33:45.230+0000] {subprocess.py:93} INFO - 25/12/22 01:33:45 INFO DAGScheduler: looking for newly runnable stages
[2025-12-22T01:33:45.231+0000] {subprocess.py:93} INFO - 25/12/22 01:33:45 INFO DAGScheduler: running: Set()
[2025-12-22T01:33:45.231+0000] {subprocess.py:93} INFO - 25/12/22 01:33:45 INFO DAGScheduler: waiting: Set()
[2025-12-22T01:33:45.234+0000] {subprocess.py:93} INFO - 25/12/22 01:33:45 INFO DAGScheduler: failed: Set()
[2025-12-22T01:33:45.251+0000] {subprocess.py:93} INFO - 25/12/22 01:33:45 INFO SparkContext: Starting job: count at NativeMethodAccessorImpl.java:0
[2025-12-22T01:33:45.252+0000] {subprocess.py:93} INFO - 25/12/22 01:33:45 INFO DAGScheduler: Got job 6 (count at NativeMethodAccessorImpl.java:0) with 1 output partitions
[2025-12-22T01:33:45.252+0000] {subprocess.py:93} INFO - 25/12/22 01:33:45 INFO DAGScheduler: Final stage: ResultStage 9 (count at NativeMethodAccessorImpl.java:0)
[2025-12-22T01:33:45.252+0000] {subprocess.py:93} INFO - 25/12/22 01:33:45 INFO DAGScheduler: Parents of final stage: List(ShuffleMapStage 8)
[2025-12-22T01:33:45.253+0000] {subprocess.py:93} INFO - 25/12/22 01:33:45 INFO DAGScheduler: Missing parents: List()
[2025-12-22T01:33:45.253+0000] {subprocess.py:93} INFO - 25/12/22 01:33:45 INFO DAGScheduler: Submitting ResultStage 9 (MapPartitionsRDD[24] at count at NativeMethodAccessorImpl.java:0), which has no missing parents
[2025-12-22T01:33:45.255+0000] {subprocess.py:93} INFO - 25/12/22 01:33:45 INFO MemoryStore: Block broadcast_6 stored as values in memory (estimated size 12.5 KiB, free 434.3 MiB)
[2025-12-22T01:33:45.257+0000] {subprocess.py:93} INFO - 25/12/22 01:33:45 INFO MemoryStore: Block broadcast_6_piece0 stored as bytes in memory (estimated size 5.9 KiB, free 434.3 MiB)
[2025-12-22T01:33:45.258+0000] {subprocess.py:93} INFO - 25/12/22 01:33:45 INFO BlockManagerInfo: Added broadcast_6_piece0 in memory on 59d264760d7a:37289 (size: 5.9 KiB, free: 434.4 MiB)
[2025-12-22T01:33:45.260+0000] {subprocess.py:93} INFO - 25/12/22 01:33:45 INFO SparkContext: Created broadcast 6 from broadcast at DAGScheduler.scala:1585
[2025-12-22T01:33:45.260+0000] {subprocess.py:93} INFO - 25/12/22 01:33:45 INFO DAGScheduler: Submitting 1 missing tasks from ResultStage 9 (MapPartitionsRDD[24] at count at NativeMethodAccessorImpl.java:0) (first 15 tasks are for partitions Vector(0))
[2025-12-22T01:33:45.260+0000] {subprocess.py:93} INFO - 25/12/22 01:33:45 INFO TaskSchedulerImpl: Adding task set 9.0 with 1 tasks resource profile 0
[2025-12-22T01:33:45.261+0000] {subprocess.py:93} INFO - 25/12/22 01:33:45 INFO TaskSetManager: Starting task 0.0 in stage 9.0 (TID 6) (172.18.0.3, executor 0, partition 0, NODE_LOCAL, 8635 bytes)
[2025-12-22T01:33:45.278+0000] {subprocess.py:93} INFO - 25/12/22 01:33:45 INFO BlockManagerInfo: Added broadcast_6_piece0 in memory on 172.18.0.3:33443 (size: 5.9 KiB, free: 1048.8 MiB)
[2025-12-22T01:33:45.284+0000] {subprocess.py:93} INFO - 25/12/22 01:33:45 INFO MapOutputTrackerMasterEndpoint: Asked to send map output locations for shuffle 2 to 172.18.0.3:37122
[2025-12-22T01:33:45.297+0000] {subprocess.py:93} INFO - 25/12/22 01:33:45 INFO TaskSetManager: Finished task 0.0 in stage 9.0 (TID 6) in 37 ms on 172.18.0.3 (executor 0) (1/1)
[2025-12-22T01:33:45.298+0000] {subprocess.py:93} INFO - 25/12/22 01:33:45 INFO TaskSchedulerImpl: Removed TaskSet 9.0, whose tasks have all completed, from pool
[2025-12-22T01:33:45.300+0000] {subprocess.py:93} INFO - 25/12/22 01:33:45 INFO DAGScheduler: ResultStage 9 (count at NativeMethodAccessorImpl.java:0) finished in 0.044 s
[2025-12-22T01:33:45.300+0000] {subprocess.py:93} INFO - 25/12/22 01:33:45 INFO DAGScheduler: Job 6 is finished. Cancelling potential speculative or zombie tasks for this job
[2025-12-22T01:33:45.301+0000] {subprocess.py:93} INFO - 25/12/22 01:33:45 INFO TaskSchedulerImpl: Killing all running tasks in stage 9: Stage finished
[2025-12-22T01:33:45.301+0000] {subprocess.py:93} INFO - 25/12/22 01:33:45 INFO DAGScheduler: Job 6 finished: count at NativeMethodAccessorImpl.java:0, took 0.049975 s
[2025-12-22T01:33:45.302+0000] {subprocess.py:93} INFO -   - Avec type : 8829
[2025-12-22T01:33:45.338+0000] {subprocess.py:93} INFO - 25/12/22 01:33:45 INFO BlockManagerInfo: Removed broadcast_3_piece0 on 59d264760d7a:37289 in memory (size: 7.0 KiB, free: 434.4 MiB)
[2025-12-22T01:33:45.341+0000] {subprocess.py:93} INFO - 25/12/22 01:33:45 INFO BlockManagerInfo: Removed broadcast_3_piece0 on 172.18.0.3:33443 in memory (size: 7.0 KiB, free: 1048.8 MiB)
[2025-12-22T01:33:45.368+0000] {subprocess.py:93} INFO - 25/12/22 01:33:45 INFO BlockManagerInfo: Removed broadcast_6_piece0 on 59d264760d7a:37289 in memory (size: 5.9 KiB, free: 434.4 MiB)
[2025-12-22T01:33:45.374+0000] {subprocess.py:93} INFO - 25/12/22 01:33:45 INFO V2ScanRelationPushDown:
[2025-12-22T01:33:45.374+0000] {subprocess.py:93} INFO - Pushing operators to MongoTable()
[2025-12-22T01:33:45.375+0000] {subprocess.py:93} INFO - Pushed Filters:
[2025-12-22T01:33:45.377+0000] {subprocess.py:93} INFO - Post-Scan Filters: isnotnull(coalesce(event#12.payload.commune, city#2, location#17.commune, CASE WHEN CASE WHEN isnotnull(localisation#16) THEN RLIKE(localisation#16, ^[A-Za-zÀ-ÿ ]+$) END THEN CASE WHEN isnotnull(localisation#16) THEN localisation#16 END END))
[2025-12-22T01:33:45.378+0000] {subprocess.py:93} INFO - 
[2025-12-22T01:33:45.379+0000] {subprocess.py:93} INFO - 25/12/22 01:33:45 INFO V2ScanRelationPushDown:
[2025-12-22T01:33:45.379+0000] {subprocess.py:93} INFO - Output: city#2, event#12, localisation#16, location#17
[2025-12-22T01:33:45.380+0000] {subprocess.py:93} INFO - 
[2025-12-22T01:33:45.380+0000] {subprocess.py:93} INFO - 25/12/22 01:33:45 INFO BlockManagerInfo: Removed broadcast_6_piece0 on 172.18.0.3:33443 in memory (size: 5.9 KiB, free: 1048.8 MiB)
[2025-12-22T01:33:45.393+0000] {subprocess.py:93} INFO - 25/12/22 01:33:45 INFO Partitioner: Getting collection stats for: services_publics.demandes
[2025-12-22T01:33:45.394+0000] {subprocess.py:93} INFO - 25/12/22 01:33:45 INFO BlockManagerInfo: Removed broadcast_5_piece0 on 59d264760d7a:37289 in memory (size: 15.2 KiB, free: 434.4 MiB)
[2025-12-22T01:33:45.401+0000] {subprocess.py:93} INFO - 25/12/22 01:33:45 INFO BlockManagerInfo: Removed broadcast_5_piece0 on 172.18.0.3:33443 in memory (size: 15.2 KiB, free: 1048.8 MiB)
[2025-12-22T01:33:45.402+0000] {subprocess.py:93} INFO - 25/12/22 01:33:45 INFO Partitioner: Fewer documents (8829) than the calculated number of documents per partition (324873.0). Returning a single partition
[2025-12-22T01:33:45.415+0000] {subprocess.py:93} INFO - 25/12/22 01:33:45 INFO Partitioner: Getting collection stats for: services_publics.demandes
[2025-12-22T01:33:45.423+0000] {subprocess.py:93} INFO - 25/12/22 01:33:45 INFO Partitioner: Fewer documents (8829) than the calculated number of documents per partition (324873.0). Returning a single partition
[2025-12-22T01:33:45.425+0000] {subprocess.py:93} INFO - 25/12/22 01:33:45 INFO BlockManagerInfo: Removed broadcast_4_piece0 on 59d264760d7a:37289 in memory (size: 6.0 KiB, free: 434.4 MiB)
[2025-12-22T01:33:45.434+0000] {subprocess.py:93} INFO - 25/12/22 01:33:45 INFO BlockManagerInfo: Removed broadcast_4_piece0 on 172.18.0.3:33443 in memory (size: 6.0 KiB, free: 1048.8 MiB)
[2025-12-22T01:33:45.478+0000] {subprocess.py:93} INFO - 25/12/22 01:33:45 INFO CodeGenerator: Code generated in 18.996043 ms
[2025-12-22T01:33:45.483+0000] {subprocess.py:93} INFO - 25/12/22 01:33:45 INFO DAGScheduler: Registering RDD 28 (count at NativeMethodAccessorImpl.java:0) as input to shuffle 3
[2025-12-22T01:33:45.483+0000] {subprocess.py:93} INFO - 25/12/22 01:33:45 INFO DAGScheduler: Got map stage job 7 (count at NativeMethodAccessorImpl.java:0) with 1 output partitions
[2025-12-22T01:33:45.486+0000] {subprocess.py:93} INFO - 25/12/22 01:33:45 INFO DAGScheduler: Final stage: ShuffleMapStage 10 (count at NativeMethodAccessorImpl.java:0)
[2025-12-22T01:33:45.487+0000] {subprocess.py:93} INFO - 25/12/22 01:33:45 INFO DAGScheduler: Parents of final stage: List()
[2025-12-22T01:33:45.487+0000] {subprocess.py:93} INFO - 25/12/22 01:33:45 INFO DAGScheduler: Missing parents: List()
[2025-12-22T01:33:45.488+0000] {subprocess.py:93} INFO - 25/12/22 01:33:45 INFO DAGScheduler: Submitting ShuffleMapStage 10 (MapPartitionsRDD[28] at count at NativeMethodAccessorImpl.java:0), which has no missing parents
[2025-12-22T01:33:45.489+0000] {subprocess.py:93} INFO - 25/12/22 01:33:45 INFO MemoryStore: Block broadcast_7 stored as values in memory (estimated size 42.4 KiB, free 434.4 MiB)
[2025-12-22T01:33:45.491+0000] {subprocess.py:93} INFO - 25/12/22 01:33:45 INFO MemoryStore: Block broadcast_7_piece0 stored as bytes in memory (estimated size 15.8 KiB, free 434.3 MiB)
[2025-12-22T01:33:45.492+0000] {subprocess.py:93} INFO - 25/12/22 01:33:45 INFO BlockManagerInfo: Added broadcast_7_piece0 in memory on 59d264760d7a:37289 (size: 15.8 KiB, free: 434.4 MiB)
[2025-12-22T01:33:45.493+0000] {subprocess.py:93} INFO - 25/12/22 01:33:45 INFO SparkContext: Created broadcast 7 from broadcast at DAGScheduler.scala:1585
[2025-12-22T01:33:45.493+0000] {subprocess.py:93} INFO - 25/12/22 01:33:45 INFO DAGScheduler: Submitting 1 missing tasks from ShuffleMapStage 10 (MapPartitionsRDD[28] at count at NativeMethodAccessorImpl.java:0) (first 15 tasks are for partitions Vector(0))
[2025-12-22T01:33:45.494+0000] {subprocess.py:93} INFO - 25/12/22 01:33:45 INFO TaskSchedulerImpl: Adding task set 10.0 with 1 tasks resource profile 0
[2025-12-22T01:33:45.495+0000] {subprocess.py:93} INFO - 25/12/22 01:33:45 INFO TaskSetManager: Starting task 0.0 in stage 10.0 (TID 7) (172.18.0.3, executor 0, partition 0, PROCESS_LOCAL, 9002 bytes)
[2025-12-22T01:33:45.517+0000] {subprocess.py:93} INFO - 25/12/22 01:33:45 INFO BlockManagerInfo: Added broadcast_7_piece0 in memory on 172.18.0.3:33443 (size: 15.8 KiB, free: 1048.8 MiB)
[2025-12-22T01:33:45.770+0000] {subprocess.py:93} INFO - 25/12/22 01:33:45 INFO TaskSetManager: Finished task 0.0 in stage 10.0 (TID 7) in 275 ms on 172.18.0.3 (executor 0) (1/1)
[2025-12-22T01:33:45.771+0000] {subprocess.py:93} INFO - 25/12/22 01:33:45 INFO TaskSchedulerImpl: Removed TaskSet 10.0, whose tasks have all completed, from pool
[2025-12-22T01:33:45.772+0000] {subprocess.py:93} INFO - 25/12/22 01:33:45 INFO DAGScheduler: ShuffleMapStage 10 (count at NativeMethodAccessorImpl.java:0) finished in 0.286 s
[2025-12-22T01:33:45.773+0000] {subprocess.py:93} INFO - 25/12/22 01:33:45 INFO DAGScheduler: looking for newly runnable stages
[2025-12-22T01:33:45.773+0000] {subprocess.py:93} INFO - 25/12/22 01:33:45 INFO DAGScheduler: running: Set()
[2025-12-22T01:33:45.774+0000] {subprocess.py:93} INFO - 25/12/22 01:33:45 INFO DAGScheduler: waiting: Set()
[2025-12-22T01:33:45.774+0000] {subprocess.py:93} INFO - 25/12/22 01:33:45 INFO DAGScheduler: failed: Set()
[2025-12-22T01:33:45.794+0000] {subprocess.py:93} INFO - 25/12/22 01:33:45 INFO SparkContext: Starting job: count at NativeMethodAccessorImpl.java:0
[2025-12-22T01:33:45.799+0000] {subprocess.py:93} INFO - 25/12/22 01:33:45 INFO DAGScheduler: Got job 8 (count at NativeMethodAccessorImpl.java:0) with 1 output partitions
[2025-12-22T01:33:45.799+0000] {subprocess.py:93} INFO - 25/12/22 01:33:45 INFO DAGScheduler: Final stage: ResultStage 12 (count at NativeMethodAccessorImpl.java:0)
[2025-12-22T01:33:45.800+0000] {subprocess.py:93} INFO - 25/12/22 01:33:45 INFO DAGScheduler: Parents of final stage: List(ShuffleMapStage 11)
[2025-12-22T01:33:45.800+0000] {subprocess.py:93} INFO - 25/12/22 01:33:45 INFO DAGScheduler: Missing parents: List()
[2025-12-22T01:33:45.800+0000] {subprocess.py:93} INFO - 25/12/22 01:33:45 INFO DAGScheduler: Submitting ResultStage 12 (MapPartitionsRDD[31] at count at NativeMethodAccessorImpl.java:0), which has no missing parents
[2025-12-22T01:33:45.802+0000] {subprocess.py:93} INFO - 25/12/22 01:33:45 INFO MemoryStore: Block broadcast_8 stored as values in memory (estimated size 12.5 KiB, free 434.3 MiB)
[2025-12-22T01:33:45.803+0000] {subprocess.py:93} INFO - 25/12/22 01:33:45 INFO MemoryStore: Block broadcast_8_piece0 stored as bytes in memory (estimated size 5.9 KiB, free 434.3 MiB)
[2025-12-22T01:33:45.804+0000] {subprocess.py:93} INFO - 25/12/22 01:33:45 INFO BlockManagerInfo: Added broadcast_8_piece0 in memory on 59d264760d7a:37289 (size: 5.9 KiB, free: 434.4 MiB)
[2025-12-22T01:33:45.805+0000] {subprocess.py:93} INFO - 25/12/22 01:33:45 INFO SparkContext: Created broadcast 8 from broadcast at DAGScheduler.scala:1585
[2025-12-22T01:33:45.806+0000] {subprocess.py:93} INFO - 25/12/22 01:33:45 INFO DAGScheduler: Submitting 1 missing tasks from ResultStage 12 (MapPartitionsRDD[31] at count at NativeMethodAccessorImpl.java:0) (first 15 tasks are for partitions Vector(0))
[2025-12-22T01:33:45.806+0000] {subprocess.py:93} INFO - 25/12/22 01:33:45 INFO TaskSchedulerImpl: Adding task set 12.0 with 1 tasks resource profile 0
[2025-12-22T01:33:45.808+0000] {subprocess.py:93} INFO - 25/12/22 01:33:45 INFO TaskSetManager: Starting task 0.0 in stage 12.0 (TID 8) (172.18.0.3, executor 0, partition 0, NODE_LOCAL, 8635 bytes)
[2025-12-22T01:33:45.823+0000] {subprocess.py:93} INFO - 25/12/22 01:33:45 INFO BlockManagerInfo: Added broadcast_8_piece0 in memory on 172.18.0.3:33443 (size: 5.9 KiB, free: 1048.8 MiB)
[2025-12-22T01:33:45.829+0000] {subprocess.py:93} INFO - 25/12/22 01:33:45 INFO MapOutputTrackerMasterEndpoint: Asked to send map output locations for shuffle 3 to 172.18.0.3:37122
[2025-12-22T01:33:45.840+0000] {subprocess.py:93} INFO - 25/12/22 01:33:45 INFO TaskSetManager: Finished task 0.0 in stage 12.0 (TID 8) in 32 ms on 172.18.0.3 (executor 0) (1/1)
[2025-12-22T01:33:45.842+0000] {subprocess.py:93} INFO - 25/12/22 01:33:45 INFO TaskSchedulerImpl: Removed TaskSet 12.0, whose tasks have all completed, from pool
[2025-12-22T01:33:45.843+0000] {subprocess.py:93} INFO - 25/12/22 01:33:45 INFO DAGScheduler: ResultStage 12 (count at NativeMethodAccessorImpl.java:0) finished in 0.044 s
[2025-12-22T01:33:45.843+0000] {subprocess.py:93} INFO - 25/12/22 01:33:45 INFO DAGScheduler: Job 8 is finished. Cancelling potential speculative or zombie tasks for this job
[2025-12-22T01:33:45.845+0000] {subprocess.py:93} INFO - 25/12/22 01:33:45 INFO TaskSchedulerImpl: Killing all running tasks in stage 12: Stage finished
[2025-12-22T01:33:45.848+0000] {subprocess.py:93} INFO - 25/12/22 01:33:45 INFO DAGScheduler: Job 8 finished: count at NativeMethodAccessorImpl.java:0, took 0.050331 s
[2025-12-22T01:33:45.849+0000] {subprocess.py:93} INFO -   - Avec commune : 4216
[2025-12-22T01:33:45.919+0000] {subprocess.py:93} INFO - 25/12/22 01:33:45 INFO V2ScanRelationPushDown:
[2025-12-22T01:33:45.919+0000] {subprocess.py:93} INFO - Output: _id#0, category#1, city#2, created#4, created_at#5, date_creation#7, date_signalement#8, district#11, event#12, event_date#13, id#15, localisation#16, location#17, ref#19, request_id#20, service#21, service_type#22, state#23, status#24, statut#25, type#26, type_demande#27
[2025-12-22T01:33:45.921+0000] {subprocess.py:93} INFO - 
[2025-12-22T01:33:45.943+0000] {subprocess.py:93} INFO - 25/12/22 01:33:45 INFO Partitioner: Getting collection stats for: services_publics.demandes
[2025-12-22T01:33:45.952+0000] {subprocess.py:93} INFO - 25/12/22 01:33:45 INFO Partitioner: Fewer documents (8829) than the calculated number of documents per partition (324873.0). Returning a single partition
[2025-12-22T01:33:45.968+0000] {subprocess.py:93} INFO - 25/12/22 01:33:45 INFO Partitioner: Getting collection stats for: services_publics.demandes
[2025-12-22T01:33:45.975+0000] {subprocess.py:93} INFO - 25/12/22 01:33:45 INFO Partitioner: Fewer documents (8829) than the calculated number of documents per partition (324873.0). Returning a single partition
[2025-12-22T01:33:45.995+0000] {subprocess.py:93} INFO - 25/12/22 01:33:45 WARN FileUtil: Failed to delete file or dir [/opt/data/raw/demandes/_temporary/0/task_202512220132553818123911820960291_0013_m_000000/.part-00000-361ffd08-92e7-4433-8653-4131726cfe20-c000.snappy.parquet.crc]: it still exists.
[2025-12-22T01:33:45.996+0000] {subprocess.py:93} INFO - 25/12/22 01:33:45 WARN FileUtil: Failed to delete file or dir [/opt/data/raw/demandes/_temporary/0/task_202512220132553818123911820960291_0013_m_000000/part-00000-361ffd08-92e7-4433-8653-4131726cfe20-c000.snappy.parquet]: it still exists.
[2025-12-22T01:33:46.114+0000] {subprocess.py:93} INFO - Traceback (most recent call last):
[2025-12-22T01:33:46.115+0000] {subprocess.py:93} INFO -   File "/opt/***/spark_jobs/ingestion.py", line 151, in <module>
[2025-12-22T01:33:46.115+0000] {subprocess.py:93} INFO -     .parquet(output_path)
[2025-12-22T01:33:46.115+0000] {subprocess.py:93} INFO -   File "/opt/spark/python/lib/pyspark.zip/pyspark/sql/readwriter.py", line 1721, in parquet
[2025-12-22T01:33:46.115+0000] {subprocess.py:93} INFO -   File "/opt/spark/python/lib/py4j-0.10.9.7-src.zip/py4j/java_gateway.py", line 1322, in __call__
[2025-12-22T01:33:46.115+0000] {subprocess.py:93} INFO -   File "/opt/spark/python/lib/pyspark.zip/pyspark/errors/exceptions/captured.py", line 179, in deco
[2025-12-22T01:33:46.115+0000] {subprocess.py:93} INFO -   File "/opt/spark/python/lib/py4j-0.10.9.7-src.zip/py4j/protocol.py", line 326, in get_return_value
[2025-12-22T01:33:46.115+0000] {subprocess.py:93} INFO - py4j.protocol.Py4JJavaError: An error occurred while calling o144.parquet.
[2025-12-22T01:33:46.115+0000] {subprocess.py:93} INFO - : org.apache.spark.SparkException: Unable to clear output directory file:/opt/data/raw/demandes prior to writing to it.
[2025-12-22T01:33:46.116+0000] {subprocess.py:93} INFO - 	at org.apache.spark.sql.errors.QueryExecutionErrors$.cannotClearOutputDirectoryError(QueryExecutionErrors.scala:794)
[2025-12-22T01:33:46.116+0000] {subprocess.py:93} INFO - 	at org.apache.spark.sql.execution.datasources.InsertIntoHadoopFsRelationCommand.deleteMatchingPartitions(InsertIntoHadoopFsRelationCommand.scala:239)
[2025-12-22T01:33:46.116+0000] {subprocess.py:93} INFO - 	at org.apache.spark.sql.execution.datasources.InsertIntoHadoopFsRelationCommand.run(InsertIntoHadoopFsRelationCommand.scala:131)
[2025-12-22T01:33:46.116+0000] {subprocess.py:93} INFO - 	at org.apache.spark.sql.execution.command.DataWritingCommandExec.sideEffectResult$lzycompute(commands.scala:113)
[2025-12-22T01:33:46.116+0000] {subprocess.py:93} INFO - 	at org.apache.spark.sql.execution.command.DataWritingCommandExec.sideEffectResult(commands.scala:111)
[2025-12-22T01:33:46.116+0000] {subprocess.py:93} INFO - 	at org.apache.spark.sql.execution.command.DataWritingCommandExec.executeCollect(commands.scala:125)
[2025-12-22T01:33:46.116+0000] {subprocess.py:93} INFO - 	at org.apache.spark.sql.execution.QueryExecution$$anonfun$eagerlyExecuteCommands$1.$anonfun$applyOrElse$1(QueryExecution.scala:107)
[2025-12-22T01:33:46.118+0000] {subprocess.py:93} INFO - 	at org.apache.spark.sql.execution.SQLExecution$.$anonfun$withNewExecutionId$6(SQLExecution.scala:125)
[2025-12-22T01:33:46.118+0000] {subprocess.py:93} INFO - 	at org.apache.spark.sql.execution.SQLExecution$.withSQLConfPropagated(SQLExecution.scala:201)
[2025-12-22T01:33:46.119+0000] {subprocess.py:93} INFO - 	at org.apache.spark.sql.execution.SQLExecution$.$anonfun$withNewExecutionId$1(SQLExecution.scala:108)
[2025-12-22T01:33:46.119+0000] {subprocess.py:93} INFO - 	at org.apache.spark.sql.SparkSession.withActive(SparkSession.scala:900)
[2025-12-22T01:33:46.120+0000] {subprocess.py:93} INFO - 	at org.apache.spark.sql.execution.SQLExecution$.withNewExecutionId(SQLExecution.scala:66)
[2025-12-22T01:33:46.120+0000] {subprocess.py:93} INFO - 	at org.apache.spark.sql.execution.QueryExecution$$anonfun$eagerlyExecuteCommands$1.applyOrElse(QueryExecution.scala:107)
[2025-12-22T01:33:46.120+0000] {subprocess.py:93} INFO - 	at org.apache.spark.sql.execution.QueryExecution$$anonfun$eagerlyExecuteCommands$1.applyOrElse(QueryExecution.scala:98)
[2025-12-22T01:33:46.121+0000] {subprocess.py:93} INFO - 	at org.apache.spark.sql.catalyst.trees.TreeNode.$anonfun$transformDownWithPruning$1(TreeNode.scala:461)
[2025-12-22T01:33:46.121+0000] {subprocess.py:93} INFO - 	at org.apache.spark.sql.catalyst.trees.CurrentOrigin$.withOrigin(origin.scala:76)
[2025-12-22T01:33:46.122+0000] {subprocess.py:93} INFO - 	at org.apache.spark.sql.catalyst.trees.TreeNode.transformDownWithPruning(TreeNode.scala:461)
[2025-12-22T01:33:46.122+0000] {subprocess.py:93} INFO - 	at org.apache.spark.sql.catalyst.plans.logical.LogicalPlan.org$apache$spark$sql$catalyst$plans$logical$AnalysisHelper$$super$transformDownWithPruning(LogicalPlan.scala:32)
[2025-12-22T01:33:46.123+0000] {subprocess.py:93} INFO - 	at org.apache.spark.sql.catalyst.plans.logical.AnalysisHelper.transformDownWithPruning(AnalysisHelper.scala:267)
[2025-12-22T01:33:46.123+0000] {subprocess.py:93} INFO - 	at org.apache.spark.sql.catalyst.plans.logical.AnalysisHelper.transformDownWithPruning$(AnalysisHelper.scala:263)
[2025-12-22T01:33:46.124+0000] {subprocess.py:93} INFO - 	at org.apache.spark.sql.catalyst.plans.logical.LogicalPlan.transformDownWithPruning(LogicalPlan.scala:32)
[2025-12-22T01:33:46.124+0000] {subprocess.py:93} INFO - 	at org.apache.spark.sql.catalyst.plans.logical.LogicalPlan.transformDownWithPruning(LogicalPlan.scala:32)
[2025-12-22T01:33:46.124+0000] {subprocess.py:93} INFO - 	at org.apache.spark.sql.catalyst.trees.TreeNode.transformDown(TreeNode.scala:437)
[2025-12-22T01:33:46.125+0000] {subprocess.py:93} INFO - 	at org.apache.spark.sql.execution.QueryExecution.eagerlyExecuteCommands(QueryExecution.scala:98)
[2025-12-22T01:33:46.125+0000] {subprocess.py:93} INFO - 	at org.apache.spark.sql.execution.QueryExecution.commandExecuted$lzycompute(QueryExecution.scala:85)
[2025-12-22T01:33:46.126+0000] {subprocess.py:93} INFO - 	at org.apache.spark.sql.execution.QueryExecution.commandExecuted(QueryExecution.scala:83)
[2025-12-22T01:33:46.126+0000] {subprocess.py:93} INFO - 	at org.apache.spark.sql.execution.QueryExecution.assertCommandExecuted(QueryExecution.scala:142)
[2025-12-22T01:33:46.126+0000] {subprocess.py:93} INFO - 	at org.apache.spark.sql.DataFrameWriter.runCommand(DataFrameWriter.scala:859)
[2025-12-22T01:33:46.127+0000] {subprocess.py:93} INFO - 	at org.apache.spark.sql.DataFrameWriter.saveToV1Source(DataFrameWriter.scala:388)
[2025-12-22T01:33:46.127+0000] {subprocess.py:93} INFO - 	at org.apache.spark.sql.DataFrameWriter.saveInternal(DataFrameWriter.scala:361)
[2025-12-22T01:33:46.128+0000] {subprocess.py:93} INFO - 	at org.apache.spark.sql.DataFrameWriter.save(DataFrameWriter.scala:240)
[2025-12-22T01:33:46.128+0000] {subprocess.py:93} INFO - 	at org.apache.spark.sql.DataFrameWriter.parquet(DataFrameWriter.scala:792)
[2025-12-22T01:33:46.128+0000] {subprocess.py:93} INFO - 	at java.base/jdk.internal.reflect.NativeMethodAccessorImpl.invoke0(Native Method)
[2025-12-22T01:33:46.129+0000] {subprocess.py:93} INFO - 	at java.base/jdk.internal.reflect.NativeMethodAccessorImpl.invoke(NativeMethodAccessorImpl.java:77)
[2025-12-22T01:33:46.129+0000] {subprocess.py:93} INFO - 	at java.base/jdk.internal.reflect.DelegatingMethodAccessorImpl.invoke(DelegatingMethodAccessorImpl.java:43)
[2025-12-22T01:33:46.130+0000] {subprocess.py:93} INFO - 	at java.base/java.lang.reflect.Method.invoke(Method.java:569)
[2025-12-22T01:33:46.130+0000] {subprocess.py:93} INFO - 	at py4j.reflection.MethodInvoker.invoke(MethodInvoker.java:244)
[2025-12-22T01:33:46.130+0000] {subprocess.py:93} INFO - 	at py4j.reflection.ReflectionEngine.invoke(ReflectionEngine.java:374)
[2025-12-22T01:33:46.130+0000] {subprocess.py:93} INFO - 	at py4j.Gateway.invoke(Gateway.java:282)
[2025-12-22T01:33:46.130+0000] {subprocess.py:93} INFO - 	at py4j.commands.AbstractCommand.invokeMethod(AbstractCommand.java:132)
[2025-12-22T01:33:46.130+0000] {subprocess.py:93} INFO - 	at py4j.commands.CallCommand.execute(CallCommand.java:79)
[2025-12-22T01:33:46.130+0000] {subprocess.py:93} INFO - 	at py4j.ClientServerConnection.waitForCommands(ClientServerConnection.java:182)
[2025-12-22T01:33:46.130+0000] {subprocess.py:93} INFO - 	at py4j.ClientServerConnection.run(ClientServerConnection.java:106)
[2025-12-22T01:33:46.132+0000] {subprocess.py:93} INFO - 	at java.base/java.lang.Thread.run(Thread.java:840)
[2025-12-22T01:33:46.132+0000] {subprocess.py:93} INFO - 
[2025-12-22T01:33:46.165+0000] {subprocess.py:93} INFO - 25/12/22 01:33:46 INFO SparkContext: Invoking stop() from shutdown hook
[2025-12-22T01:33:46.165+0000] {subprocess.py:93} INFO - 25/12/22 01:33:46 INFO SparkContext: SparkContext is stopping with exitCode 0.
[2025-12-22T01:33:46.177+0000] {subprocess.py:93} INFO - 25/12/22 01:33:46 INFO SparkUI: Stopped Spark web UI at http://59d264760d7a:4040
[2025-12-22T01:33:46.183+0000] {subprocess.py:93} INFO - 25/12/22 01:33:46 INFO StandaloneSchedulerBackend: Shutting down all executors
[2025-12-22T01:33:46.186+0000] {subprocess.py:93} INFO - 25/12/22 01:33:46 INFO StandaloneSchedulerBackend$StandaloneDriverEndpoint: Asking each executor to shut down
[2025-12-22T01:33:46.205+0000] {subprocess.py:93} INFO - 25/12/22 01:33:46 INFO MapOutputTrackerMasterEndpoint: MapOutputTrackerMasterEndpoint stopped!
[2025-12-22T01:33:46.219+0000] {subprocess.py:93} INFO - 25/12/22 01:33:46 INFO MemoryStore: MemoryStore cleared
[2025-12-22T01:33:46.219+0000] {subprocess.py:93} INFO - 25/12/22 01:33:46 INFO BlockManager: BlockManager stopped
[2025-12-22T01:33:46.228+0000] {subprocess.py:93} INFO - 25/12/22 01:33:46 INFO BlockManagerMaster: BlockManagerMaster stopped
[2025-12-22T01:33:46.230+0000] {subprocess.py:93} INFO - 25/12/22 01:33:46 INFO OutputCommitCoordinator$OutputCommitCoordinatorEndpoint: OutputCommitCoordinator stopped!
[2025-12-22T01:33:46.244+0000] {subprocess.py:93} INFO - 25/12/22 01:33:46 INFO SparkContext: Successfully stopped SparkContext
[2025-12-22T01:33:46.244+0000] {subprocess.py:93} INFO - 25/12/22 01:33:46 INFO ShutdownHookManager: Shutdown hook called
[2025-12-22T01:33:46.245+0000] {subprocess.py:93} INFO - 25/12/22 01:33:46 INFO ShutdownHookManager: Deleting directory /tmp/spark-dc78bfa6-8c4d-449d-b52c-27ee55a40cd4
[2025-12-22T01:33:46.249+0000] {subprocess.py:93} INFO - 25/12/22 01:33:46 INFO ShutdownHookManager: Deleting directory /tmp/spark-3e7b348a-7b7e-4366-a32f-d278610907cb
[2025-12-22T01:33:46.254+0000] {subprocess.py:93} INFO - 25/12/22 01:33:46 INFO ShutdownHookManager: Deleting directory /tmp/spark-3e7b348a-7b7e-4366-a32f-d278610907cb/pyspark-a2fa716b-60f6-4fe8-9f6f-4c50043b8c2f
[2025-12-22T01:33:46.406+0000] {subprocess.py:97} INFO - Command exited with return code 1
[2025-12-22T01:33:46.451+0000] {taskinstance.py:2699} ERROR - Task failed with exception
Traceback (most recent call last):
  File "/home/airflow/.local/lib/python3.10/site-packages/airflow/models/taskinstance.py", line 433, in _execute_task
    result = execute_callable(context=context, **execute_callable_kwargs)
  File "/home/airflow/.local/lib/python3.10/site-packages/airflow/operators/bash.py", line 212, in execute
    raise AirflowException(
airflow.exceptions.AirflowException: Bash command failed. The command returned a non-zero exit code 1.
[2025-12-22T01:33:46.460+0000] {taskinstance.py:1138} INFO - Marking task as UP_FOR_RETRY. dag_id=pipeline_services_publics_togo, task_id=ingestion_mongodb, execution_date=20251222T013318, start_date=20251222T013325, end_date=20251222T013346
[2025-12-22T01:33:46.498+0000] {standard_task_runner.py:107} ERROR - Failed to execute job 12 for task ingestion_mongodb (Bash command failed. The command returned a non-zero exit code 1.; 467)
[2025-12-22T01:33:46.552+0000] {local_task_job_runner.py:234} INFO - Task exited with return code 1
[2025-12-22T01:33:46.638+0000] {taskinstance.py:3281} INFO - 0 downstream tasks scheduled from follow-on schedule check
