[2025-12-23T17:20:26.643+0000] {taskinstance.py:1957} INFO - Dependencies all met for dep_context=non-requeueable deps ti=<TaskInstance: pipeline_services_publics_togo.processing_spark manual__2025-12-23T17:19:51.635017+00:00 [queued]>
[2025-12-23T17:20:26.672+0000] {taskinstance.py:1957} INFO - Dependencies all met for dep_context=requeueable deps ti=<TaskInstance: pipeline_services_publics_togo.processing_spark manual__2025-12-23T17:19:51.635017+00:00 [queued]>
[2025-12-23T17:20:26.673+0000] {taskinstance.py:2171} INFO - Starting attempt 1 of 3
[2025-12-23T17:20:26.710+0000] {taskinstance.py:2192} INFO - Executing <Task(BashOperator): processing_spark> on 2025-12-23 17:19:51.635017+00:00
[2025-12-23T17:20:26.724+0000] {standard_task_runner.py:60} INFO - Started process 3229 to run task
[2025-12-23T17:20:26.735+0000] {standard_task_runner.py:87} INFO - Running: ['***', 'tasks', 'run', 'pipeline_services_publics_togo', 'processing_spark', 'manual__2025-12-23T17:19:51.635017+00:00', '--job-id', '42', '--raw', '--subdir', 'DAGS_FOLDER/pipeline_services_publics.py', '--cfg-path', '/tmp/tmpne_61br2']
[2025-12-23T17:20:26.745+0000] {standard_task_runner.py:88} INFO - Job 42: Subtask processing_spark
[2025-12-23T17:20:26.942+0000] {task_command.py:423} INFO - Running <TaskInstance: pipeline_services_publics_togo.processing_spark manual__2025-12-23T17:19:51.635017+00:00 [running]> on host 6717a07eada2
[2025-12-23T17:20:27.050+0000] {taskinstance.py:2481} INFO - Exporting env vars: AIRFLOW_CTX_DAG_OWNER='data-engineer' AIRFLOW_CTX_DAG_ID='pipeline_services_publics_togo' AIRFLOW_CTX_TASK_ID='processing_spark' AIRFLOW_CTX_EXECUTION_DATE='2025-12-23T17:19:51.635017+00:00' AIRFLOW_CTX_TRY_NUMBER='1' AIRFLOW_CTX_DAG_RUN_ID='manual__2025-12-23T17:19:51.635017+00:00'
[2025-12-23T17:20:27.052+0000] {subprocess.py:63} INFO - Tmp dir root location: /tmp
[2025-12-23T17:20:27.053+0000] {subprocess.py:75} INFO - Running command: ['/usr/bin/bash', '-c', '\n    /opt/spark/bin/spark-submit       --master local[*]       --jars /opt/spark-jars/postgresql-42.6.0.jar       --executor-memory 2G       --driver-memory 1G       /opt/***/spark_jobs/processing.py\n    ']
[2025-12-23T17:20:27.066+0000] {subprocess.py:86} INFO - Output:
[2025-12-23T17:20:28.834+0000] {subprocess.py:93} INFO - 25/12/23 17:20:28 WARN NativeCodeLoader: Unable to load native-hadoop library for your platform... using builtin-java classes where applicable
[2025-12-23T17:20:29.831+0000] {subprocess.py:93} INFO - 25/12/23 17:20:29 INFO SparkContext: Running Spark version 3.5.1
[2025-12-23T17:20:29.831+0000] {subprocess.py:93} INFO - 25/12/23 17:20:29 INFO SparkContext: OS info Linux, 6.8.0-90-generic, amd64
[2025-12-23T17:20:29.832+0000] {subprocess.py:93} INFO - 25/12/23 17:20:29 INFO SparkContext: Java version 17.0.17
[2025-12-23T17:20:29.860+0000] {subprocess.py:93} INFO - 25/12/23 17:20:29 INFO ResourceUtils: ==============================================================
[2025-12-23T17:20:29.861+0000] {subprocess.py:93} INFO - 25/12/23 17:20:29 INFO ResourceUtils: No custom resources configured for spark.driver.
[2025-12-23T17:20:29.861+0000] {subprocess.py:93} INFO - 25/12/23 17:20:29 INFO ResourceUtils: ==============================================================
[2025-12-23T17:20:29.862+0000] {subprocess.py:93} INFO - 25/12/23 17:20:29 INFO SparkContext: Submitted application: Processing_Demandes
[2025-12-23T17:20:29.884+0000] {subprocess.py:93} INFO - 25/12/23 17:20:29 INFO ResourceProfile: Default ResourceProfile created, executor resources: Map(cores -> name: cores, amount: 1, script: , vendor: , memory -> name: memory, amount: 1024, script: , vendor: , offHeap -> name: offHeap, amount: 0, script: , vendor: ), task resources: Map(cpus -> name: cpus, amount: 1.0)
[2025-12-23T17:20:29.893+0000] {subprocess.py:93} INFO - 25/12/23 17:20:29 INFO ResourceProfile: Limiting resource is cpu
[2025-12-23T17:20:29.894+0000] {subprocess.py:93} INFO - 25/12/23 17:20:29 INFO ResourceProfileManager: Added ResourceProfile id: 0
[2025-12-23T17:20:29.961+0000] {subprocess.py:93} INFO - 25/12/23 17:20:29 INFO SecurityManager: Changing view acls to: ***
[2025-12-23T17:20:29.964+0000] {subprocess.py:93} INFO - 25/12/23 17:20:29 INFO SecurityManager: Changing modify acls to: ***
[2025-12-23T17:20:29.967+0000] {subprocess.py:93} INFO - 25/12/23 17:20:29 INFO SecurityManager: Changing view acls groups to:
[2025-12-23T17:20:29.968+0000] {subprocess.py:93} INFO - 25/12/23 17:20:29 INFO SecurityManager: Changing modify acls groups to:
[2025-12-23T17:20:29.969+0000] {subprocess.py:93} INFO - 25/12/23 17:20:29 INFO SecurityManager: SecurityManager: authentication disabled; ui acls disabled; users with view permissions: ***; groups with view permissions: EMPTY; users with modify permissions: ***; groups with modify permissions: EMPTY
[2025-12-23T17:20:30.174+0000] {subprocess.py:93} INFO - 25/12/23 17:20:30 INFO Utils: Successfully started service 'sparkDriver' on port 33445.
[2025-12-23T17:20:30.197+0000] {subprocess.py:93} INFO - 25/12/23 17:20:30 INFO SparkEnv: Registering MapOutputTracker
[2025-12-23T17:20:30.250+0000] {subprocess.py:93} INFO - 25/12/23 17:20:30 INFO SparkEnv: Registering BlockManagerMaster
[2025-12-23T17:20:30.310+0000] {subprocess.py:93} INFO - 25/12/23 17:20:30 INFO BlockManagerMasterEndpoint: Using org.apache.spark.storage.DefaultTopologyMapper for getting topology information
[2025-12-23T17:20:30.312+0000] {subprocess.py:93} INFO - 25/12/23 17:20:30 INFO BlockManagerMasterEndpoint: BlockManagerMasterEndpoint up
[2025-12-23T17:20:30.325+0000] {subprocess.py:93} INFO - 25/12/23 17:20:30 INFO SparkEnv: Registering BlockManagerMasterHeartbeat
[2025-12-23T17:20:30.382+0000] {subprocess.py:93} INFO - 25/12/23 17:20:30 INFO DiskBlockManager: Created local directory at /tmp/blockmgr-c5f21059-18c6-40d0-92df-85e261826319
[2025-12-23T17:20:30.424+0000] {subprocess.py:93} INFO - 25/12/23 17:20:30 INFO MemoryStore: MemoryStore started with capacity 434.4 MiB
[2025-12-23T17:20:30.468+0000] {subprocess.py:93} INFO - 25/12/23 17:20:30 INFO SparkEnv: Registering OutputCommitCoordinator
[2025-12-23T17:20:30.598+0000] {subprocess.py:93} INFO - 25/12/23 17:20:30 INFO JettyUtils: Start Jetty 0.0.0.0:4040 for SparkUI
[2025-12-23T17:20:30.670+0000] {subprocess.py:93} INFO - 25/12/23 17:20:30 INFO Utils: Successfully started service 'SparkUI' on port 4040.
[2025-12-23T17:20:30.712+0000] {subprocess.py:93} INFO - 25/12/23 17:20:30 INFO SparkContext: Added JAR file:///opt/spark-jars/postgresql-42.6.0.jar at spark://6717a07eada2:33445/jars/postgresql-42.6.0.jar with timestamp 1766510429824
[2025-12-23T17:20:30.771+0000] {subprocess.py:93} INFO - 25/12/23 17:20:30 INFO Executor: Starting executor ID driver on host 6717a07eada2
[2025-12-23T17:20:30.771+0000] {subprocess.py:93} INFO - 25/12/23 17:20:30 INFO Executor: OS info Linux, 6.8.0-90-generic, amd64
[2025-12-23T17:20:30.772+0000] {subprocess.py:93} INFO - 25/12/23 17:20:30 INFO Executor: Java version 17.0.17
[2025-12-23T17:20:30.777+0000] {subprocess.py:93} INFO - 25/12/23 17:20:30 INFO Executor: Starting executor with user classpath (userClassPathFirst = false): ''
[2025-12-23T17:20:30.778+0000] {subprocess.py:93} INFO - 25/12/23 17:20:30 INFO Executor: Created or updated repl class loader org.apache.spark.util.MutableURLClassLoader@1efefe for default.
[2025-12-23T17:20:30.788+0000] {subprocess.py:93} INFO - 25/12/23 17:20:30 INFO Executor: Fetching spark://6717a07eada2:33445/jars/postgresql-42.6.0.jar with timestamp 1766510429824
[2025-12-23T17:20:30.831+0000] {subprocess.py:93} INFO - 25/12/23 17:20:30 INFO TransportClientFactory: Successfully created connection to 6717a07eada2/172.18.0.4:33445 after 21 ms (0 ms spent in bootstraps)
[2025-12-23T17:20:30.835+0000] {subprocess.py:93} INFO - 25/12/23 17:20:30 INFO Utils: Fetching spark://6717a07eada2:33445/jars/postgresql-42.6.0.jar to /tmp/spark-4afa50a8-47d4-48d8-b405-f07e59abad3f/userFiles-30dc5a9c-544f-4626-b823-195a683d1f56/fetchFileTemp3476209247383389769.tmp
[2025-12-23T17:20:30.870+0000] {subprocess.py:93} INFO - 25/12/23 17:20:30 INFO Executor: Adding file:/tmp/spark-4afa50a8-47d4-48d8-b405-f07e59abad3f/userFiles-30dc5a9c-544f-4626-b823-195a683d1f56/postgresql-42.6.0.jar to class loader default
[2025-12-23T17:20:30.881+0000] {subprocess.py:93} INFO - 25/12/23 17:20:30 INFO Utils: Successfully started service 'org.apache.spark.network.netty.NettyBlockTransferService' on port 44735.
[2025-12-23T17:20:30.882+0000] {subprocess.py:93} INFO - 25/12/23 17:20:30 INFO NettyBlockTransferService: Server created on 6717a07eada2:44735
[2025-12-23T17:20:30.884+0000] {subprocess.py:93} INFO - 25/12/23 17:20:30 INFO BlockManager: Using org.apache.spark.storage.RandomBlockReplicationPolicy for block replication policy
[2025-12-23T17:20:30.896+0000] {subprocess.py:93} INFO - 25/12/23 17:20:30 INFO BlockManagerMaster: Registering BlockManager BlockManagerId(driver, 6717a07eada2, 44735, None)
[2025-12-23T17:20:30.903+0000] {subprocess.py:93} INFO - 25/12/23 17:20:30 INFO BlockManagerMasterEndpoint: Registering block manager 6717a07eada2:44735 with 434.4 MiB RAM, BlockManagerId(driver, 6717a07eada2, 44735, None)
[2025-12-23T17:20:30.907+0000] {subprocess.py:93} INFO - 25/12/23 17:20:30 INFO BlockManagerMaster: Registered BlockManager BlockManagerId(driver, 6717a07eada2, 44735, None)
[2025-12-23T17:20:30.910+0000] {subprocess.py:93} INFO - 25/12/23 17:20:30 INFO BlockManager: Initialized BlockManager: BlockManagerId(driver, 6717a07eada2, 44735, None)
[2025-12-23T17:20:31.580+0000] {subprocess.py:93} INFO - 25/12/23 17:20:31 INFO SharedState: Setting hive.metastore.warehouse.dir ('null') to the value of spark.sql.warehouse.dir.
[2025-12-23T17:20:31.581+0000] {subprocess.py:93} INFO - 25/12/23 17:20:31 INFO SharedState: Warehouse path is 'file:/tmp/***tmpfmnxrjfl/spark-warehouse'.
[2025-12-23T17:20:32.541+0000] {subprocess.py:93} INFO - 25/12/23 17:20:32 INFO InMemoryFileIndex: It took 65 ms to list leaf files for 1 paths.
[2025-12-23T17:20:33.038+0000] {subprocess.py:93} INFO - 25/12/23 17:20:33 INFO SparkContext: Starting job: parquet at NativeMethodAccessorImpl.java:0
[2025-12-23T17:20:33.057+0000] {subprocess.py:93} INFO - 25/12/23 17:20:33 INFO DAGScheduler: Got job 0 (parquet at NativeMethodAccessorImpl.java:0) with 1 output partitions
[2025-12-23T17:20:33.058+0000] {subprocess.py:93} INFO - 25/12/23 17:20:33 INFO DAGScheduler: Final stage: ResultStage 0 (parquet at NativeMethodAccessorImpl.java:0)
[2025-12-23T17:20:33.059+0000] {subprocess.py:93} INFO - 25/12/23 17:20:33 INFO DAGScheduler: Parents of final stage: List()
[2025-12-23T17:20:33.060+0000] {subprocess.py:93} INFO - 25/12/23 17:20:33 INFO DAGScheduler: Missing parents: List()
[2025-12-23T17:20:33.066+0000] {subprocess.py:93} INFO - 25/12/23 17:20:33 INFO DAGScheduler: Submitting ResultStage 0 (MapPartitionsRDD[1] at parquet at NativeMethodAccessorImpl.java:0), which has no missing parents
[2025-12-23T17:20:33.159+0000] {subprocess.py:93} INFO - 25/12/23 17:20:33 INFO MemoryStore: Block broadcast_0 stored as values in memory (estimated size 103.6 KiB, free 434.3 MiB)
[2025-12-23T17:20:33.192+0000] {subprocess.py:93} INFO - 25/12/23 17:20:33 INFO MemoryStore: Block broadcast_0_piece0 stored as bytes in memory (estimated size 37.4 KiB, free 434.3 MiB)
[2025-12-23T17:20:33.194+0000] {subprocess.py:93} INFO - 25/12/23 17:20:33 INFO BlockManagerInfo: Added broadcast_0_piece0 in memory on 6717a07eada2:44735 (size: 37.4 KiB, free: 434.4 MiB)
[2025-12-23T17:20:33.199+0000] {subprocess.py:93} INFO - 25/12/23 17:20:33 INFO SparkContext: Created broadcast 0 from broadcast at DAGScheduler.scala:1585
[2025-12-23T17:20:33.214+0000] {subprocess.py:93} INFO - 25/12/23 17:20:33 INFO DAGScheduler: Submitting 1 missing tasks from ResultStage 0 (MapPartitionsRDD[1] at parquet at NativeMethodAccessorImpl.java:0) (first 15 tasks are for partitions Vector(0))
[2025-12-23T17:20:33.215+0000] {subprocess.py:93} INFO - 25/12/23 17:20:33 INFO TaskSchedulerImpl: Adding task set 0.0 with 1 tasks resource profile 0
[2025-12-23T17:20:33.268+0000] {subprocess.py:93} INFO - 25/12/23 17:20:33 INFO TaskSetManager: Starting task 0.0 in stage 0.0 (TID 0) (6717a07eada2, executor driver, partition 0, PROCESS_LOCAL, 7948 bytes)
[2025-12-23T17:20:33.280+0000] {subprocess.py:93} INFO - 25/12/23 17:20:33 INFO Executor: Running task 0.0 in stage 0.0 (TID 0)
[2025-12-23T17:20:33.587+0000] {subprocess.py:93} INFO - 25/12/23 17:20:33 INFO Executor: Finished task 0.0 in stage 0.0 (TID 0). 2161 bytes result sent to driver
[2025-12-23T17:20:33.600+0000] {subprocess.py:93} INFO - 25/12/23 17:20:33 INFO TaskSetManager: Finished task 0.0 in stage 0.0 (TID 0) in 354 ms on 6717a07eada2 (executor driver) (1/1)
[2025-12-23T17:20:33.602+0000] {subprocess.py:93} INFO - 25/12/23 17:20:33 INFO TaskSchedulerImpl: Removed TaskSet 0.0, whose tasks have all completed, from pool
[2025-12-23T17:20:33.613+0000] {subprocess.py:93} INFO - 25/12/23 17:20:33 INFO DAGScheduler: ResultStage 0 (parquet at NativeMethodAccessorImpl.java:0) finished in 0.531 s
[2025-12-23T17:20:33.623+0000] {subprocess.py:93} INFO - 25/12/23 17:20:33 INFO DAGScheduler: Job 0 is finished. Cancelling potential speculative or zombie tasks for this job
[2025-12-23T17:20:33.625+0000] {subprocess.py:93} INFO - 25/12/23 17:20:33 INFO TaskSchedulerImpl: Killing all running tasks in stage 0: Stage finished
[2025-12-23T17:20:33.631+0000] {subprocess.py:93} INFO - 25/12/23 17:20:33 INFO DAGScheduler: Job 0 finished: parquet at NativeMethodAccessorImpl.java:0, took 0.591067 s
[2025-12-23T17:20:34.259+0000] {subprocess.py:93} INFO - 25/12/23 17:20:34 INFO BlockManagerInfo: Removed broadcast_0_piece0 on 6717a07eada2:44735 in memory (size: 37.4 KiB, free: 434.4 MiB)
[2025-12-23T17:20:34.989+0000] {subprocess.py:93} INFO - 25/12/23 17:20:34 INFO FileSourceStrategy: Pushed Filters:
[2025-12-23T17:20:34.992+0000] {subprocess.py:93} INFO - 25/12/23 17:20:34 INFO FileSourceStrategy: Post-Scan Filters:
[2025-12-23T17:20:35.339+0000] {subprocess.py:93} INFO - 25/12/23 17:20:35 INFO CodeGenerator: Code generated in 159.656715 ms
[2025-12-23T17:20:35.361+0000] {subprocess.py:93} INFO - 25/12/23 17:20:35 INFO MemoryStore: Block broadcast_1 stored as values in memory (estimated size 201.4 KiB, free 434.2 MiB)
[2025-12-23T17:20:35.379+0000] {subprocess.py:93} INFO - 25/12/23 17:20:35 INFO MemoryStore: Block broadcast_1_piece0 stored as bytes in memory (estimated size 34.9 KiB, free 434.2 MiB)
[2025-12-23T17:20:35.382+0000] {subprocess.py:93} INFO - 25/12/23 17:20:35 INFO BlockManagerInfo: Added broadcast_1_piece0 in memory on 6717a07eada2:44735 (size: 34.9 KiB, free: 434.4 MiB)
[2025-12-23T17:20:35.385+0000] {subprocess.py:93} INFO - 25/12/23 17:20:35 INFO SparkContext: Created broadcast 1 from count at NativeMethodAccessorImpl.java:0
[2025-12-23T17:20:35.395+0000] {subprocess.py:93} INFO - 25/12/23 17:20:35 INFO FileSourceScanExec: Planning scan with bin packing, max size: 4194304 bytes, open cost is considered as scanning 4194304 bytes.
[2025-12-23T17:20:35.448+0000] {subprocess.py:93} INFO - 25/12/23 17:20:35 INFO DAGScheduler: Registering RDD 5 (count at NativeMethodAccessorImpl.java:0) as input to shuffle 0
[2025-12-23T17:20:35.452+0000] {subprocess.py:93} INFO - 25/12/23 17:20:35 INFO DAGScheduler: Got map stage job 1 (count at NativeMethodAccessorImpl.java:0) with 1 output partitions
[2025-12-23T17:20:35.453+0000] {subprocess.py:93} INFO - 25/12/23 17:20:35 INFO DAGScheduler: Final stage: ShuffleMapStage 1 (count at NativeMethodAccessorImpl.java:0)
[2025-12-23T17:20:35.453+0000] {subprocess.py:93} INFO - 25/12/23 17:20:35 INFO DAGScheduler: Parents of final stage: List()
[2025-12-23T17:20:35.454+0000] {subprocess.py:93} INFO - 25/12/23 17:20:35 INFO DAGScheduler: Missing parents: List()
[2025-12-23T17:20:35.454+0000] {subprocess.py:93} INFO - 25/12/23 17:20:35 INFO DAGScheduler: Submitting ShuffleMapStage 1 (MapPartitionsRDD[5] at count at NativeMethodAccessorImpl.java:0), which has no missing parents
[2025-12-23T17:20:35.489+0000] {subprocess.py:93} INFO - 25/12/23 17:20:35 INFO MemoryStore: Block broadcast_2 stored as values in memory (estimated size 16.8 KiB, free 434.2 MiB)
[2025-12-23T17:20:35.498+0000] {subprocess.py:93} INFO - 25/12/23 17:20:35 INFO MemoryStore: Block broadcast_2_piece0 stored as bytes in memory (estimated size 7.7 KiB, free 434.1 MiB)
[2025-12-23T17:20:35.498+0000] {subprocess.py:93} INFO - 25/12/23 17:20:35 INFO BlockManagerInfo: Added broadcast_2_piece0 in memory on 6717a07eada2:44735 (size: 7.7 KiB, free: 434.4 MiB)
[2025-12-23T17:20:35.499+0000] {subprocess.py:93} INFO - 25/12/23 17:20:35 INFO SparkContext: Created broadcast 2 from broadcast at DAGScheduler.scala:1585
[2025-12-23T17:20:35.501+0000] {subprocess.py:93} INFO - 25/12/23 17:20:35 INFO DAGScheduler: Submitting 1 missing tasks from ShuffleMapStage 1 (MapPartitionsRDD[5] at count at NativeMethodAccessorImpl.java:0) (first 15 tasks are for partitions Vector(0))
[2025-12-23T17:20:35.501+0000] {subprocess.py:93} INFO - 25/12/23 17:20:35 INFO TaskSchedulerImpl: Adding task set 1.0 with 1 tasks resource profile 0
[2025-12-23T17:20:35.511+0000] {subprocess.py:93} INFO - 25/12/23 17:20:35 INFO TaskSetManager: Starting task 0.0 in stage 1.0 (TID 1) (6717a07eada2, executor driver, partition 0, PROCESS_LOCAL, 8444 bytes)
[2025-12-23T17:20:35.511+0000] {subprocess.py:93} INFO - 25/12/23 17:20:35 INFO Executor: Running task 0.0 in stage 1.0 (TID 1)
[2025-12-23T17:20:35.584+0000] {subprocess.py:93} INFO - 25/12/23 17:20:35 INFO CodeGenerator: Code generated in 18.543265 ms
[2025-12-23T17:20:35.594+0000] {subprocess.py:93} INFO - 25/12/23 17:20:35 INFO FileScanRDD: Reading File path: file:///opt/data/raw/demandes/part-00000-09d55258-3757-401d-9d3d-8cd111500061-c000.snappy.parquet, range: 0-249144, partition values: [empty row]
[2025-12-23T17:20:35.696+0000] {subprocess.py:93} INFO - 25/12/23 17:20:35 INFO Executor: Finished task 0.0 in stage 1.0 (TID 1). 2222 bytes result sent to driver
[2025-12-23T17:20:35.701+0000] {subprocess.py:93} INFO - 25/12/23 17:20:35 INFO TaskSetManager: Finished task 0.0 in stage 1.0 (TID 1) in 197 ms on 6717a07eada2 (executor driver) (1/1)
[2025-12-23T17:20:35.701+0000] {subprocess.py:93} INFO - 25/12/23 17:20:35 INFO TaskSchedulerImpl: Removed TaskSet 1.0, whose tasks have all completed, from pool
[2025-12-23T17:20:35.703+0000] {subprocess.py:93} INFO - 25/12/23 17:20:35 INFO DAGScheduler: ShuffleMapStage 1 (count at NativeMethodAccessorImpl.java:0) finished in 0.244 s
[2025-12-23T17:20:35.704+0000] {subprocess.py:93} INFO - 25/12/23 17:20:35 INFO DAGScheduler: looking for newly runnable stages
[2025-12-23T17:20:35.704+0000] {subprocess.py:93} INFO - 25/12/23 17:20:35 INFO DAGScheduler: running: Set()
[2025-12-23T17:20:35.705+0000] {subprocess.py:93} INFO - 25/12/23 17:20:35 INFO DAGScheduler: waiting: Set()
[2025-12-23T17:20:35.705+0000] {subprocess.py:93} INFO - 25/12/23 17:20:35 INFO DAGScheduler: failed: Set()
[2025-12-23T17:20:35.757+0000] {subprocess.py:93} INFO - 25/12/23 17:20:35 INFO CodeGenerator: Code generated in 9.939849 ms
[2025-12-23T17:20:35.777+0000] {subprocess.py:93} INFO - 25/12/23 17:20:35 INFO SparkContext: Starting job: count at NativeMethodAccessorImpl.java:0
[2025-12-23T17:20:35.779+0000] {subprocess.py:93} INFO - 25/12/23 17:20:35 INFO DAGScheduler: Got job 2 (count at NativeMethodAccessorImpl.java:0) with 1 output partitions
[2025-12-23T17:20:35.779+0000] {subprocess.py:93} INFO - 25/12/23 17:20:35 INFO DAGScheduler: Final stage: ResultStage 3 (count at NativeMethodAccessorImpl.java:0)
[2025-12-23T17:20:35.780+0000] {subprocess.py:93} INFO - 25/12/23 17:20:35 INFO DAGScheduler: Parents of final stage: List(ShuffleMapStage 2)
[2025-12-23T17:20:35.781+0000] {subprocess.py:93} INFO - 25/12/23 17:20:35 INFO DAGScheduler: Missing parents: List()
[2025-12-23T17:20:35.782+0000] {subprocess.py:93} INFO - 25/12/23 17:20:35 INFO DAGScheduler: Submitting ResultStage 3 (MapPartitionsRDD[8] at count at NativeMethodAccessorImpl.java:0), which has no missing parents
[2025-12-23T17:20:35.788+0000] {subprocess.py:93} INFO - 25/12/23 17:20:35 INFO MemoryStore: Block broadcast_3 stored as values in memory (estimated size 12.5 KiB, free 434.1 MiB)
[2025-12-23T17:20:35.794+0000] {subprocess.py:93} INFO - 25/12/23 17:20:35 INFO MemoryStore: Block broadcast_3_piece0 stored as bytes in memory (estimated size 5.9 KiB, free 434.1 MiB)
[2025-12-23T17:20:35.794+0000] {subprocess.py:93} INFO - 25/12/23 17:20:35 INFO BlockManagerInfo: Added broadcast_3_piece0 in memory on 6717a07eada2:44735 (size: 5.9 KiB, free: 434.4 MiB)
[2025-12-23T17:20:35.795+0000] {subprocess.py:93} INFO - 25/12/23 17:20:35 INFO SparkContext: Created broadcast 3 from broadcast at DAGScheduler.scala:1585
[2025-12-23T17:20:35.796+0000] {subprocess.py:93} INFO - 25/12/23 17:20:35 INFO DAGScheduler: Submitting 1 missing tasks from ResultStage 3 (MapPartitionsRDD[8] at count at NativeMethodAccessorImpl.java:0) (first 15 tasks are for partitions Vector(0))
[2025-12-23T17:20:35.796+0000] {subprocess.py:93} INFO - 25/12/23 17:20:35 INFO TaskSchedulerImpl: Adding task set 3.0 with 1 tasks resource profile 0
[2025-12-23T17:20:35.799+0000] {subprocess.py:93} INFO - 25/12/23 17:20:35 INFO BlockManagerInfo: Removed broadcast_2_piece0 on 6717a07eada2:44735 in memory (size: 7.7 KiB, free: 434.4 MiB)
[2025-12-23T17:20:35.802+0000] {subprocess.py:93} INFO - 25/12/23 17:20:35 INFO TaskSetManager: Starting task 0.0 in stage 3.0 (TID 2) (6717a07eada2, executor driver, partition 0, NODE_LOCAL, 7795 bytes)
[2025-12-23T17:20:35.803+0000] {subprocess.py:93} INFO - 25/12/23 17:20:35 INFO Executor: Running task 0.0 in stage 3.0 (TID 2)
[2025-12-23T17:20:35.841+0000] {subprocess.py:93} INFO - 25/12/23 17:20:35 INFO ShuffleBlockFetcherIterator: Getting 1 (60.0 B) non-empty blocks including 1 (60.0 B) local and 0 (0.0 B) host-local and 0 (0.0 B) push-merged-local and 0 (0.0 B) remote blocks
[2025-12-23T17:20:35.845+0000] {subprocess.py:93} INFO - 25/12/23 17:20:35 INFO ShuffleBlockFetcherIterator: Started 0 remote fetches in 15 ms
[2025-12-23T17:20:35.867+0000] {subprocess.py:93} INFO - 25/12/23 17:20:35 INFO CodeGenerator: Code generated in 15.351781 ms
[2025-12-23T17:20:35.891+0000] {subprocess.py:93} INFO - 25/12/23 17:20:35 INFO Executor: Finished task 0.0 in stage 3.0 (TID 2). 4081 bytes result sent to driver
[2025-12-23T17:20:35.895+0000] {subprocess.py:93} INFO - 25/12/23 17:20:35 INFO TaskSetManager: Finished task 0.0 in stage 3.0 (TID 2) in 94 ms on 6717a07eada2 (executor driver) (1/1)
[2025-12-23T17:20:35.896+0000] {subprocess.py:93} INFO - 25/12/23 17:20:35 INFO TaskSchedulerImpl: Removed TaskSet 3.0, whose tasks have all completed, from pool
[2025-12-23T17:20:35.897+0000] {subprocess.py:93} INFO - 25/12/23 17:20:35 INFO DAGScheduler: ResultStage 3 (count at NativeMethodAccessorImpl.java:0) finished in 0.109 s
[2025-12-23T17:20:35.897+0000] {subprocess.py:93} INFO - 25/12/23 17:20:35 INFO DAGScheduler: Job 2 is finished. Cancelling potential speculative or zombie tasks for this job
[2025-12-23T17:20:35.897+0000] {subprocess.py:93} INFO - 25/12/23 17:20:35 INFO TaskSchedulerImpl: Killing all running tasks in stage 3: Stage finished
[2025-12-23T17:20:35.906+0000] {subprocess.py:93} INFO - 25/12/23 17:20:35 INFO DAGScheduler: Job 2 finished: count at NativeMethodAccessorImpl.java:0, took 0.122078 s
[2025-12-23T17:20:35.910+0000] {subprocess.py:93} INFO - 📦 Données RAW chargées : 8829 lignes
[2025-12-23T17:20:35.911+0000] {subprocess.py:93} INFO - 
[2025-12-23T17:20:35.911+0000] {subprocess.py:93} INFO - 📋 Schéma des données RAW :
[2025-12-23T17:20:35.914+0000] {subprocess.py:93} INFO - root
[2025-12-23T17:20:35.914+0000] {subprocess.py:93} INFO -  |-- id: string (nullable = true)
[2025-12-23T17:20:35.914+0000] {subprocess.py:93} INFO -  |-- type: string (nullable = true)
[2025-12-23T17:20:35.914+0000] {subprocess.py:93} INFO -  |-- commune: string (nullable = true)
[2025-12-23T17:20:35.914+0000] {subprocess.py:93} INFO -  |-- quartier: string (nullable = true)
[2025-12-23T17:20:35.914+0000] {subprocess.py:93} INFO -  |-- date: string (nullable = true)
[2025-12-23T17:20:35.915+0000] {subprocess.py:93} INFO -  |-- latitude: double (nullable = true)
[2025-12-23T17:20:35.915+0000] {subprocess.py:93} INFO -  |-- longitude: double (nullable = true)
[2025-12-23T17:20:35.915+0000] {subprocess.py:93} INFO -  |-- statut: string (nullable = true)
[2025-12-23T17:20:35.915+0000] {subprocess.py:93} INFO -  |-- source_donnees: string (nullable = true)
[2025-12-23T17:20:35.915+0000] {subprocess.py:93} INFO -  |-- date_ingestion: timestamp (nullable = true)
[2025-12-23T17:20:35.915+0000] {subprocess.py:93} INFO - 
[2025-12-23T17:20:36.173+0000] {subprocess.py:93} INFO - 25/12/23 17:20:36 INFO FileSourceStrategy: Pushed Filters: IsNotNull(date),IsNotNull(type)
[2025-12-23T17:20:36.173+0000] {subprocess.py:93} INFO - 25/12/23 17:20:36 INFO FileSourceStrategy: Post-Scan Filters: isnotnull(date#4),isnotnull(cast(date#4 as timestamp)),isnotnull(type#1)
[2025-12-23T17:20:36.235+0000] {subprocess.py:93} INFO - 25/12/23 17:20:36 INFO CodeGenerator: Code generated in 24.034297 ms
[2025-12-23T17:20:36.245+0000] {subprocess.py:93} INFO - 25/12/23 17:20:36 INFO MemoryStore: Block broadcast_4 stored as values in memory (estimated size 201.7 KiB, free 434.0 MiB)
[2025-12-23T17:20:36.265+0000] {subprocess.py:93} INFO - 25/12/23 17:20:36 INFO BlockManagerInfo: Removed broadcast_3_piece0 on 6717a07eada2:44735 in memory (size: 5.9 KiB, free: 434.4 MiB)
[2025-12-23T17:20:36.266+0000] {subprocess.py:93} INFO - 25/12/23 17:20:36 INFO MemoryStore: Block broadcast_4_piece0 stored as bytes in memory (estimated size 35.1 KiB, free 433.9 MiB)
[2025-12-23T17:20:36.267+0000] {subprocess.py:93} INFO - 25/12/23 17:20:36 INFO BlockManagerInfo: Added broadcast_4_piece0 in memory on 6717a07eada2:44735 (size: 35.1 KiB, free: 434.3 MiB)
[2025-12-23T17:20:36.269+0000] {subprocess.py:93} INFO - 25/12/23 17:20:36 INFO SparkContext: Created broadcast 4 from count at NativeMethodAccessorImpl.java:0
[2025-12-23T17:20:36.276+0000] {subprocess.py:93} INFO - 25/12/23 17:20:36 INFO FileSourceScanExec: Planning scan with bin packing, max size: 4194304 bytes, open cost is considered as scanning 4194304 bytes.
[2025-12-23T17:20:36.286+0000] {subprocess.py:93} INFO - 25/12/23 17:20:36 INFO DAGScheduler: Registering RDD 12 (count at NativeMethodAccessorImpl.java:0) as input to shuffle 1
[2025-12-23T17:20:36.288+0000] {subprocess.py:93} INFO - 25/12/23 17:20:36 INFO DAGScheduler: Got map stage job 3 (count at NativeMethodAccessorImpl.java:0) with 1 output partitions
[2025-12-23T17:20:36.288+0000] {subprocess.py:93} INFO - 25/12/23 17:20:36 INFO DAGScheduler: Final stage: ShuffleMapStage 4 (count at NativeMethodAccessorImpl.java:0)
[2025-12-23T17:20:36.289+0000] {subprocess.py:93} INFO - 25/12/23 17:20:36 INFO DAGScheduler: Parents of final stage: List()
[2025-12-23T17:20:36.291+0000] {subprocess.py:93} INFO - 25/12/23 17:20:36 INFO DAGScheduler: Missing parents: List()
[2025-12-23T17:20:36.295+0000] {subprocess.py:93} INFO - 25/12/23 17:20:36 INFO DAGScheduler: Submitting ShuffleMapStage 4 (MapPartitionsRDD[12] at count at NativeMethodAccessorImpl.java:0), which has no missing parents
[2025-12-23T17:20:36.307+0000] {subprocess.py:93} INFO - 25/12/23 17:20:36 INFO MemoryStore: Block broadcast_5 stored as values in memory (estimated size 19.3 KiB, free 433.9 MiB)
[2025-12-23T17:20:36.311+0000] {subprocess.py:93} INFO - 25/12/23 17:20:36 INFO MemoryStore: Block broadcast_5_piece0 stored as bytes in memory (estimated size 8.5 KiB, free 433.9 MiB)
[2025-12-23T17:20:36.312+0000] {subprocess.py:93} INFO - 25/12/23 17:20:36 INFO BlockManagerInfo: Added broadcast_5_piece0 in memory on 6717a07eada2:44735 (size: 8.5 KiB, free: 434.3 MiB)
[2025-12-23T17:20:36.313+0000] {subprocess.py:93} INFO - 25/12/23 17:20:36 INFO SparkContext: Created broadcast 5 from broadcast at DAGScheduler.scala:1585
[2025-12-23T17:20:36.314+0000] {subprocess.py:93} INFO - 25/12/23 17:20:36 INFO DAGScheduler: Submitting 1 missing tasks from ShuffleMapStage 4 (MapPartitionsRDD[12] at count at NativeMethodAccessorImpl.java:0) (first 15 tasks are for partitions Vector(0))
[2025-12-23T17:20:36.315+0000] {subprocess.py:93} INFO - 25/12/23 17:20:36 INFO TaskSchedulerImpl: Adding task set 4.0 with 1 tasks resource profile 0
[2025-12-23T17:20:36.318+0000] {subprocess.py:93} INFO - 25/12/23 17:20:36 INFO TaskSetManager: Starting task 0.0 in stage 4.0 (TID 3) (6717a07eada2, executor driver, partition 0, PROCESS_LOCAL, 8444 bytes)
[2025-12-23T17:20:36.319+0000] {subprocess.py:93} INFO - 25/12/23 17:20:36 INFO Executor: Running task 0.0 in stage 4.0 (TID 3)
[2025-12-23T17:20:36.354+0000] {subprocess.py:93} INFO - 25/12/23 17:20:36 INFO CodeGenerator: Code generated in 29.796437 ms
[2025-12-23T17:20:36.356+0000] {subprocess.py:93} INFO - 25/12/23 17:20:36 INFO FileScanRDD: Reading File path: file:///opt/data/raw/demandes/part-00000-09d55258-3757-401d-9d3d-8cd111500061-c000.snappy.parquet, range: 0-249144, partition values: [empty row]
[2025-12-23T17:20:36.373+0000] {subprocess.py:93} INFO - 25/12/23 17:20:36 INFO FilterCompat: Filtering using predicate: and(noteq(date, null), noteq(type, null))
[2025-12-23T17:20:36.433+0000] {subprocess.py:93} INFO - 25/12/23 17:20:36 INFO CodecPool: Got brand-new decompressor [.snappy]
[2025-12-23T17:20:36.615+0000] {subprocess.py:93} INFO - 25/12/23 17:20:36 INFO Executor: Finished task 0.0 in stage 4.0 (TID 3). 2278 bytes result sent to driver
[2025-12-23T17:20:36.617+0000] {subprocess.py:93} INFO - 25/12/23 17:20:36 INFO TaskSetManager: Finished task 0.0 in stage 4.0 (TID 3) in 301 ms on 6717a07eada2 (executor driver) (1/1)
[2025-12-23T17:20:36.617+0000] {subprocess.py:93} INFO - 25/12/23 17:20:36 INFO TaskSchedulerImpl: Removed TaskSet 4.0, whose tasks have all completed, from pool
[2025-12-23T17:20:36.620+0000] {subprocess.py:93} INFO - 25/12/23 17:20:36 INFO DAGScheduler: ShuffleMapStage 4 (count at NativeMethodAccessorImpl.java:0) finished in 0.324 s
[2025-12-23T17:20:36.621+0000] {subprocess.py:93} INFO - 25/12/23 17:20:36 INFO DAGScheduler: looking for newly runnable stages
[2025-12-23T17:20:36.621+0000] {subprocess.py:93} INFO - 25/12/23 17:20:36 INFO DAGScheduler: running: Set()
[2025-12-23T17:20:36.622+0000] {subprocess.py:93} INFO - 25/12/23 17:20:36 INFO DAGScheduler: waiting: Set()
[2025-12-23T17:20:36.622+0000] {subprocess.py:93} INFO - 25/12/23 17:20:36 INFO DAGScheduler: failed: Set()
[2025-12-23T17:20:36.656+0000] {subprocess.py:93} INFO - 25/12/23 17:20:36 INFO SparkContext: Starting job: count at NativeMethodAccessorImpl.java:0
[2025-12-23T17:20:36.661+0000] {subprocess.py:93} INFO - 25/12/23 17:20:36 INFO DAGScheduler: Got job 4 (count at NativeMethodAccessorImpl.java:0) with 1 output partitions
[2025-12-23T17:20:36.661+0000] {subprocess.py:93} INFO - 25/12/23 17:20:36 INFO DAGScheduler: Final stage: ResultStage 6 (count at NativeMethodAccessorImpl.java:0)
[2025-12-23T17:20:36.661+0000] {subprocess.py:93} INFO - 25/12/23 17:20:36 INFO DAGScheduler: Parents of final stage: List(ShuffleMapStage 5)
[2025-12-23T17:20:36.662+0000] {subprocess.py:93} INFO - 25/12/23 17:20:36 INFO DAGScheduler: Missing parents: List()
[2025-12-23T17:20:36.663+0000] {subprocess.py:93} INFO - 25/12/23 17:20:36 INFO DAGScheduler: Submitting ResultStage 6 (MapPartitionsRDD[15] at count at NativeMethodAccessorImpl.java:0), which has no missing parents
[2025-12-23T17:20:36.666+0000] {subprocess.py:93} INFO - 25/12/23 17:20:36 INFO MemoryStore: Block broadcast_6 stored as values in memory (estimated size 12.5 KiB, free 433.9 MiB)
[2025-12-23T17:20:36.674+0000] {subprocess.py:93} INFO - 25/12/23 17:20:36 INFO MemoryStore: Block broadcast_6_piece0 stored as bytes in memory (estimated size 5.9 KiB, free 433.9 MiB)
[2025-12-23T17:20:36.675+0000] {subprocess.py:93} INFO - 25/12/23 17:20:36 INFO BlockManagerInfo: Added broadcast_6_piece0 in memory on 6717a07eada2:44735 (size: 5.9 KiB, free: 434.3 MiB)
[2025-12-23T17:20:36.675+0000] {subprocess.py:93} INFO - 25/12/23 17:20:36 INFO SparkContext: Created broadcast 6 from broadcast at DAGScheduler.scala:1585
[2025-12-23T17:20:36.675+0000] {subprocess.py:93} INFO - 25/12/23 17:20:36 INFO DAGScheduler: Submitting 1 missing tasks from ResultStage 6 (MapPartitionsRDD[15] at count at NativeMethodAccessorImpl.java:0) (first 15 tasks are for partitions Vector(0))
[2025-12-23T17:20:36.676+0000] {subprocess.py:93} INFO - 25/12/23 17:20:36 INFO TaskSchedulerImpl: Adding task set 6.0 with 1 tasks resource profile 0
[2025-12-23T17:20:36.677+0000] {subprocess.py:93} INFO - 25/12/23 17:20:36 INFO TaskSetManager: Starting task 0.0 in stage 6.0 (TID 4) (6717a07eada2, executor driver, partition 0, NODE_LOCAL, 7795 bytes)
[2025-12-23T17:20:36.678+0000] {subprocess.py:93} INFO - 25/12/23 17:20:36 INFO Executor: Running task 0.0 in stage 6.0 (TID 4)
[2025-12-23T17:20:36.688+0000] {subprocess.py:93} INFO - 25/12/23 17:20:36 INFO ShuffleBlockFetcherIterator: Getting 1 (60.0 B) non-empty blocks including 1 (60.0 B) local and 0 (0.0 B) host-local and 0 (0.0 B) push-merged-local and 0 (0.0 B) remote blocks
[2025-12-23T17:20:36.688+0000] {subprocess.py:93} INFO - 25/12/23 17:20:36 INFO ShuffleBlockFetcherIterator: Started 0 remote fetches in 0 ms
[2025-12-23T17:20:36.692+0000] {subprocess.py:93} INFO - 25/12/23 17:20:36 INFO Executor: Finished task 0.0 in stage 6.0 (TID 4). 3995 bytes result sent to driver
[2025-12-23T17:20:36.695+0000] {subprocess.py:93} INFO - 25/12/23 17:20:36 INFO TaskSetManager: Finished task 0.0 in stage 6.0 (TID 4) in 18 ms on 6717a07eada2 (executor driver) (1/1)
[2025-12-23T17:20:36.697+0000] {subprocess.py:93} INFO - 25/12/23 17:20:36 INFO TaskSchedulerImpl: Removed TaskSet 6.0, whose tasks have all completed, from pool
[2025-12-23T17:20:36.697+0000] {subprocess.py:93} INFO - 25/12/23 17:20:36 INFO DAGScheduler: ResultStage 6 (count at NativeMethodAccessorImpl.java:0) finished in 0.032 s
[2025-12-23T17:20:36.699+0000] {subprocess.py:93} INFO - 25/12/23 17:20:36 INFO DAGScheduler: Job 4 is finished. Cancelling potential speculative or zombie tasks for this job
[2025-12-23T17:20:36.699+0000] {subprocess.py:93} INFO - 25/12/23 17:20:36 INFO TaskSchedulerImpl: Killing all running tasks in stage 6: Stage finished
[2025-12-23T17:20:36.701+0000] {subprocess.py:93} INFO - 25/12/23 17:20:36 INFO DAGScheduler: Job 4 finished: count at NativeMethodAccessorImpl.java:0, took 0.044207 s
[2025-12-23T17:20:36.708+0000] {subprocess.py:93} INFO - ✅ Données nettoyées : 5958 lignes
[2025-12-23T17:20:37.081+0000] {subprocess.py:93} INFO - 25/12/23 17:20:37 INFO FileSourceStrategy: Pushed Filters: IsNotNull(date),IsNotNull(type)
[2025-12-23T17:20:37.081+0000] {subprocess.py:93} INFO - 25/12/23 17:20:37 INFO FileSourceStrategy: Post-Scan Filters: isnotnull(date#4),isnotnull(cast(date#4 as timestamp)),isnotnull(type#1)
[2025-12-23T17:20:37.095+0000] {subprocess.py:93} INFO - 25/12/23 17:20:37 WARN SparkStringUtils: Truncated the string representation of a plan since it was too large. This behavior can be adjusted by setting 'spark.sql.debug.maxToStringFields'.
[2025-12-23T17:20:37.168+0000] {subprocess.py:93} INFO - 25/12/23 17:20:37 INFO CodeGenerator: Code generated in 37.768649 ms
[2025-12-23T17:20:37.173+0000] {subprocess.py:93} INFO - 25/12/23 17:20:37 INFO MemoryStore: Block broadcast_7 stored as values in memory (estimated size 202.7 KiB, free 433.7 MiB)
[2025-12-23T17:20:37.198+0000] {subprocess.py:93} INFO - 25/12/23 17:20:37 INFO MemoryStore: Block broadcast_7_piece0 stored as bytes in memory (estimated size 35.4 KiB, free 433.7 MiB)
[2025-12-23T17:20:37.200+0000] {subprocess.py:93} INFO - 25/12/23 17:20:37 INFO BlockManagerInfo: Added broadcast_7_piece0 in memory on 6717a07eada2:44735 (size: 35.4 KiB, free: 434.3 MiB)
[2025-12-23T17:20:37.201+0000] {subprocess.py:93} INFO - 25/12/23 17:20:37 INFO SparkContext: Created broadcast 7 from jdbc at NativeMethodAccessorImpl.java:0
[2025-12-23T17:20:37.204+0000] {subprocess.py:93} INFO - 25/12/23 17:20:37 INFO BlockManagerInfo: Removed broadcast_5_piece0 on 6717a07eada2:44735 in memory (size: 8.5 KiB, free: 434.3 MiB)
[2025-12-23T17:20:37.205+0000] {subprocess.py:93} INFO - 25/12/23 17:20:37 INFO FileSourceScanExec: Planning scan with bin packing, max size: 4194304 bytes, open cost is considered as scanning 4194304 bytes.
[2025-12-23T17:20:37.224+0000] {subprocess.py:93} INFO - 25/12/23 17:20:37 INFO BlockManagerInfo: Removed broadcast_4_piece0 on 6717a07eada2:44735 in memory (size: 35.1 KiB, free: 434.3 MiB)
[2025-12-23T17:20:37.250+0000] {subprocess.py:93} INFO - 25/12/23 17:20:37 INFO BlockManagerInfo: Removed broadcast_6_piece0 on 6717a07eada2:44735 in memory (size: 5.9 KiB, free: 434.3 MiB)
[2025-12-23T17:20:37.298+0000] {subprocess.py:93} INFO - 25/12/23 17:20:37 INFO SparkContext: Starting job: jdbc at NativeMethodAccessorImpl.java:0
[2025-12-23T17:20:37.298+0000] {subprocess.py:93} INFO - 25/12/23 17:20:37 INFO DAGScheduler: Got job 5 (jdbc at NativeMethodAccessorImpl.java:0) with 1 output partitions
[2025-12-23T17:20:37.299+0000] {subprocess.py:93} INFO - 25/12/23 17:20:37 INFO DAGScheduler: Final stage: ResultStage 7 (jdbc at NativeMethodAccessorImpl.java:0)
[2025-12-23T17:20:37.299+0000] {subprocess.py:93} INFO - 25/12/23 17:20:37 INFO DAGScheduler: Parents of final stage: List()
[2025-12-23T17:20:37.303+0000] {subprocess.py:93} INFO - 25/12/23 17:20:37 INFO DAGScheduler: Missing parents: List()
[2025-12-23T17:20:37.303+0000] {subprocess.py:93} INFO - 25/12/23 17:20:37 INFO DAGScheduler: Submitting ResultStage 7 (MapPartitionsRDD[21] at jdbc at NativeMethodAccessorImpl.java:0), which has no missing parents
[2025-12-23T17:20:37.333+0000] {subprocess.py:93} INFO - 25/12/23 17:20:37 INFO MemoryStore: Block broadcast_8 stored as values in memory (estimated size 48.0 KiB, free 433.9 MiB)
[2025-12-23T17:20:37.344+0000] {subprocess.py:93} INFO - 25/12/23 17:20:37 INFO MemoryStore: Block broadcast_8_piece0 stored as bytes in memory (estimated size 19.9 KiB, free 433.9 MiB)
[2025-12-23T17:20:37.345+0000] {subprocess.py:93} INFO - 25/12/23 17:20:37 INFO BlockManagerInfo: Added broadcast_8_piece0 in memory on 6717a07eada2:44735 (size: 19.9 KiB, free: 434.3 MiB)
[2025-12-23T17:20:37.346+0000] {subprocess.py:93} INFO - 25/12/23 17:20:37 INFO SparkContext: Created broadcast 8 from broadcast at DAGScheduler.scala:1585
[2025-12-23T17:20:37.347+0000] {subprocess.py:93} INFO - 25/12/23 17:20:37 INFO DAGScheduler: Submitting 1 missing tasks from ResultStage 7 (MapPartitionsRDD[21] at jdbc at NativeMethodAccessorImpl.java:0) (first 15 tasks are for partitions Vector(0))
[2025-12-23T17:20:37.347+0000] {subprocess.py:93} INFO - 25/12/23 17:20:37 INFO TaskSchedulerImpl: Adding task set 7.0 with 1 tasks resource profile 0
[2025-12-23T17:20:37.349+0000] {subprocess.py:93} INFO - 25/12/23 17:20:37 INFO TaskSetManager: Starting task 0.0 in stage 7.0 (TID 5) (6717a07eada2, executor driver, partition 0, PROCESS_LOCAL, 8455 bytes)
[2025-12-23T17:20:37.351+0000] {subprocess.py:93} INFO - 25/12/23 17:20:37 INFO Executor: Running task 0.0 in stage 7.0 (TID 5)
[2025-12-23T17:20:37.413+0000] {subprocess.py:93} INFO - 25/12/23 17:20:37 INFO BlockManagerInfo: Removed broadcast_1_piece0 on 6717a07eada2:44735 in memory (size: 34.9 KiB, free: 434.3 MiB)
[2025-12-23T17:20:37.456+0000] {subprocess.py:93} INFO - 25/12/23 17:20:37 INFO CodeGenerator: Code generated in 52.569809 ms
[2025-12-23T17:20:38.266+0000] {subprocess.py:93} INFO - 25/12/23 17:20:38 INFO CodeGenerator: Code generated in 27.43007 ms
[2025-12-23T17:20:38.270+0000] {subprocess.py:93} INFO - 25/12/23 17:20:38 INFO FileScanRDD: Reading File path: file:///opt/data/raw/demandes/part-00000-09d55258-3757-401d-9d3d-8cd111500061-c000.snappy.parquet, range: 0-249144, partition values: [empty row]
[2025-12-23T17:20:38.277+0000] {subprocess.py:93} INFO - 25/12/23 17:20:38 INFO FilterCompat: Filtering using predicate: and(noteq(date, null), noteq(type, null))
[2025-12-23T17:20:38.715+0000] {subprocess.py:93} INFO - 25/12/23 17:20:38 INFO Executor: Finished task 0.0 in stage 7.0 (TID 5). 1856 bytes result sent to driver
[2025-12-23T17:20:38.715+0000] {subprocess.py:93} INFO - 25/12/23 17:20:38 INFO TaskSetManager: Finished task 0.0 in stage 7.0 (TID 5) in 1367 ms on 6717a07eada2 (executor driver) (1/1)
[2025-12-23T17:20:38.716+0000] {subprocess.py:93} INFO - 25/12/23 17:20:38 INFO DAGScheduler: ResultStage 7 (jdbc at NativeMethodAccessorImpl.java:0) finished in 1.415 s
[2025-12-23T17:20:38.718+0000] {subprocess.py:93} INFO - 25/12/23 17:20:38 INFO DAGScheduler: Job 5 is finished. Cancelling potential speculative or zombie tasks for this job
[2025-12-23T17:20:38.718+0000] {subprocess.py:93} INFO - 25/12/23 17:20:38 INFO TaskSchedulerImpl: Removed TaskSet 7.0, whose tasks have all completed, from pool
[2025-12-23T17:20:38.718+0000] {subprocess.py:93} INFO - 25/12/23 17:20:38 INFO TaskSchedulerImpl: Killing all running tasks in stage 7: Stage finished
[2025-12-23T17:20:38.718+0000] {subprocess.py:93} INFO - 25/12/23 17:20:38 INFO DAGScheduler: Job 5 finished: jdbc at NativeMethodAccessorImpl.java:0, took 1.419973 s
[2025-12-23T17:20:38.746+0000] {subprocess.py:93} INFO - ✅ Table demandes_cleaned alimentée
[2025-12-23T17:20:38.941+0000] {subprocess.py:93} INFO - 25/12/23 17:20:38 INFO FileSourceStrategy: Pushed Filters: IsNotNull(date),IsNotNull(type),IsNotNull(commune)
[2025-12-23T17:20:38.941+0000] {subprocess.py:93} INFO - 25/12/23 17:20:38 INFO FileSourceStrategy: Post-Scan Filters: isnotnull(date#4),isnotnull(cast(date#4 as timestamp)),isnotnull(type#1),isnotnull(commune#2)
[2025-12-23T17:20:38.979+0000] {subprocess.py:93} INFO - 25/12/23 17:20:38 INFO BlockManagerInfo: Removed broadcast_7_piece0 on 6717a07eada2:44735 in memory (size: 35.4 KiB, free: 434.4 MiB)
[2025-12-23T17:20:38.985+0000] {subprocess.py:93} INFO - 25/12/23 17:20:38 INFO BlockManagerInfo: Removed broadcast_8_piece0 on 6717a07eada2:44735 in memory (size: 19.9 KiB, free: 434.4 MiB)
[2025-12-23T17:20:39.060+0000] {subprocess.py:93} INFO - 25/12/23 17:20:39 INFO CodeGenerator: Code generated in 52.531662 ms
[2025-12-23T17:20:39.064+0000] {subprocess.py:93} INFO - 25/12/23 17:20:39 INFO MemoryStore: Block broadcast_9 stored as values in memory (estimated size 201.9 KiB, free 434.2 MiB)
[2025-12-23T17:20:39.071+0000] {subprocess.py:93} INFO - 25/12/23 17:20:39 INFO MemoryStore: Block broadcast_9_piece0 stored as bytes in memory (estimated size 35.2 KiB, free 434.2 MiB)
[2025-12-23T17:20:39.072+0000] {subprocess.py:93} INFO - 25/12/23 17:20:39 INFO BlockManagerInfo: Added broadcast_9_piece0 in memory on 6717a07eada2:44735 (size: 35.2 KiB, free: 434.4 MiB)
[2025-12-23T17:20:39.073+0000] {subprocess.py:93} INFO - 25/12/23 17:20:39 INFO SparkContext: Created broadcast 9 from jdbc at NativeMethodAccessorImpl.java:0
[2025-12-23T17:20:39.073+0000] {subprocess.py:93} INFO - 25/12/23 17:20:39 INFO FileSourceScanExec: Planning scan with bin packing, max size: 4194304 bytes, open cost is considered as scanning 4194304 bytes.
[2025-12-23T17:20:39.098+0000] {subprocess.py:93} INFO - 25/12/23 17:20:39 INFO DAGScheduler: Registering RDD 25 (jdbc at NativeMethodAccessorImpl.java:0) as input to shuffle 2
[2025-12-23T17:20:39.098+0000] {subprocess.py:93} INFO - 25/12/23 17:20:39 INFO DAGScheduler: Got map stage job 6 (jdbc at NativeMethodAccessorImpl.java:0) with 1 output partitions
[2025-12-23T17:20:39.098+0000] {subprocess.py:93} INFO - 25/12/23 17:20:39 INFO DAGScheduler: Final stage: ShuffleMapStage 8 (jdbc at NativeMethodAccessorImpl.java:0)
[2025-12-23T17:20:39.098+0000] {subprocess.py:93} INFO - 25/12/23 17:20:39 INFO DAGScheduler: Parents of final stage: List()
[2025-12-23T17:20:39.098+0000] {subprocess.py:93} INFO - 25/12/23 17:20:39 INFO DAGScheduler: Missing parents: List()
[2025-12-23T17:20:39.098+0000] {subprocess.py:93} INFO - 25/12/23 17:20:39 INFO DAGScheduler: Submitting ShuffleMapStage 8 (MapPartitionsRDD[25] at jdbc at NativeMethodAccessorImpl.java:0), which has no missing parents
[2025-12-23T17:20:39.111+0000] {subprocess.py:93} INFO - 25/12/23 17:20:39 INFO MemoryStore: Block broadcast_10 stored as values in memory (estimated size 54.3 KiB, free 434.1 MiB)
[2025-12-23T17:20:39.113+0000] {subprocess.py:93} INFO - 25/12/23 17:20:39 INFO MemoryStore: Block broadcast_10_piece0 stored as bytes in memory (estimated size 22.0 KiB, free 434.1 MiB)
[2025-12-23T17:20:39.114+0000] {subprocess.py:93} INFO - 25/12/23 17:20:39 INFO BlockManagerInfo: Added broadcast_10_piece0 in memory on 6717a07eada2:44735 (size: 22.0 KiB, free: 434.3 MiB)
[2025-12-23T17:20:39.116+0000] {subprocess.py:93} INFO - 25/12/23 17:20:39 INFO SparkContext: Created broadcast 10 from broadcast at DAGScheduler.scala:1585
[2025-12-23T17:20:39.116+0000] {subprocess.py:93} INFO - 25/12/23 17:20:39 INFO DAGScheduler: Submitting 1 missing tasks from ShuffleMapStage 8 (MapPartitionsRDD[25] at jdbc at NativeMethodAccessorImpl.java:0) (first 15 tasks are for partitions Vector(0))
[2025-12-23T17:20:39.117+0000] {subprocess.py:93} INFO - 25/12/23 17:20:39 INFO TaskSchedulerImpl: Adding task set 8.0 with 1 tasks resource profile 0
[2025-12-23T17:20:39.121+0000] {subprocess.py:93} INFO - 25/12/23 17:20:39 INFO TaskSetManager: Starting task 0.0 in stage 8.0 (TID 6) (6717a07eada2, executor driver, partition 0, PROCESS_LOCAL, 8444 bytes)
[2025-12-23T17:20:39.121+0000] {subprocess.py:93} INFO - 25/12/23 17:20:39 INFO Executor: Running task 0.0 in stage 8.0 (TID 6)
[2025-12-23T17:20:39.172+0000] {subprocess.py:93} INFO - 25/12/23 17:20:39 INFO CodeGenerator: Code generated in 43.887991 ms
[2025-12-23T17:20:39.187+0000] {subprocess.py:93} INFO - 25/12/23 17:20:39 INFO CodeGenerator: Code generated in 7.741917 ms
[2025-12-23T17:20:39.195+0000] {subprocess.py:93} INFO - 25/12/23 17:20:39 INFO CodeGenerator: Code generated in 4.643875 ms
[2025-12-23T17:20:39.217+0000] {subprocess.py:93} INFO - 25/12/23 17:20:39 INFO CodeGenerator: Code generated in 5.457889 ms
[2025-12-23T17:20:39.227+0000] {subprocess.py:93} INFO - 25/12/23 17:20:39 INFO CodeGenerator: Code generated in 5.312415 ms
[2025-12-23T17:20:39.232+0000] {subprocess.py:93} INFO - 25/12/23 17:20:39 INFO FileScanRDD: Reading File path: file:///opt/data/raw/demandes/part-00000-09d55258-3757-401d-9d3d-8cd111500061-c000.snappy.parquet, range: 0-249144, partition values: [empty row]
[2025-12-23T17:20:39.237+0000] {subprocess.py:93} INFO - 25/12/23 17:20:39 INFO FilterCompat: Filtering using predicate: and(and(noteq(date, null), noteq(type, null)), noteq(commune, null))
[2025-12-23T17:20:39.290+0000] {subprocess.py:93} INFO - 25/12/23 17:20:39 INFO Executor: Finished task 0.0 in stage 8.0 (TID 6). 3029 bytes result sent to driver
[2025-12-23T17:20:39.292+0000] {subprocess.py:93} INFO - 25/12/23 17:20:39 INFO TaskSetManager: Finished task 0.0 in stage 8.0 (TID 6) in 173 ms on 6717a07eada2 (executor driver) (1/1)
[2025-12-23T17:20:39.293+0000] {subprocess.py:93} INFO - 25/12/23 17:20:39 INFO TaskSchedulerImpl: Removed TaskSet 8.0, whose tasks have all completed, from pool
[2025-12-23T17:20:39.293+0000] {subprocess.py:93} INFO - 25/12/23 17:20:39 INFO DAGScheduler: ShuffleMapStage 8 (jdbc at NativeMethodAccessorImpl.java:0) finished in 0.191 s
[2025-12-23T17:20:39.294+0000] {subprocess.py:93} INFO - 25/12/23 17:20:39 INFO DAGScheduler: looking for newly runnable stages
[2025-12-23T17:20:39.294+0000] {subprocess.py:93} INFO - 25/12/23 17:20:39 INFO DAGScheduler: running: Set()
[2025-12-23T17:20:39.294+0000] {subprocess.py:93} INFO - 25/12/23 17:20:39 INFO DAGScheduler: waiting: Set()
[2025-12-23T17:20:39.294+0000] {subprocess.py:93} INFO - 25/12/23 17:20:39 INFO DAGScheduler: failed: Set()
[2025-12-23T17:20:39.306+0000] {subprocess.py:93} INFO - 25/12/23 17:20:39 INFO ShufflePartitionsUtil: For shuffle(2), advisory target size: 67108864, actual target size 1048576, minimum partition size: 1048576
[2025-12-23T17:20:39.323+0000] {subprocess.py:93} INFO - 25/12/23 17:20:39 INFO HashAggregateExec: spark.sql.codegen.aggregate.map.twolevel.enabled is set to true, but current version of codegened fast hashmap does not support this aggregate.
[2025-12-23T17:20:39.355+0000] {subprocess.py:93} INFO - 25/12/23 17:20:39 INFO CodeGenerator: Code generated in 18.041734 ms
[2025-12-23T17:20:39.385+0000] {subprocess.py:93} INFO - 25/12/23 17:20:39 INFO SparkContext: Starting job: jdbc at NativeMethodAccessorImpl.java:0
[2025-12-23T17:20:39.387+0000] {subprocess.py:93} INFO - 25/12/23 17:20:39 INFO DAGScheduler: Got job 7 (jdbc at NativeMethodAccessorImpl.java:0) with 1 output partitions
[2025-12-23T17:20:39.388+0000] {subprocess.py:93} INFO - 25/12/23 17:20:39 INFO DAGScheduler: Final stage: ResultStage 10 (jdbc at NativeMethodAccessorImpl.java:0)
[2025-12-23T17:20:39.389+0000] {subprocess.py:93} INFO - 25/12/23 17:20:39 INFO DAGScheduler: Parents of final stage: List(ShuffleMapStage 9)
[2025-12-23T17:20:39.390+0000] {subprocess.py:93} INFO - 25/12/23 17:20:39 INFO DAGScheduler: Missing parents: List()
[2025-12-23T17:20:39.391+0000] {subprocess.py:93} INFO - 25/12/23 17:20:39 INFO DAGScheduler: Submitting ResultStage 10 (MapPartitionsRDD[30] at jdbc at NativeMethodAccessorImpl.java:0), which has no missing parents
[2025-12-23T17:20:39.398+0000] {subprocess.py:93} INFO - 25/12/23 17:20:39 INFO MemoryStore: Block broadcast_11 stored as values in memory (estimated size 65.1 KiB, free 434.0 MiB)
[2025-12-23T17:20:39.404+0000] {subprocess.py:93} INFO - 25/12/23 17:20:39 INFO MemoryStore: Block broadcast_11_piece0 stored as bytes in memory (estimated size 27.8 KiB, free 434.0 MiB)
[2025-12-23T17:20:39.406+0000] {subprocess.py:93} INFO - 25/12/23 17:20:39 INFO BlockManagerInfo: Added broadcast_11_piece0 in memory on 6717a07eada2:44735 (size: 27.8 KiB, free: 434.3 MiB)
[2025-12-23T17:20:39.407+0000] {subprocess.py:93} INFO - 25/12/23 17:20:39 INFO SparkContext: Created broadcast 11 from broadcast at DAGScheduler.scala:1585
[2025-12-23T17:20:39.407+0000] {subprocess.py:93} INFO - 25/12/23 17:20:39 INFO DAGScheduler: Submitting 1 missing tasks from ResultStage 10 (MapPartitionsRDD[30] at jdbc at NativeMethodAccessorImpl.java:0) (first 15 tasks are for partitions Vector(0))
[2025-12-23T17:20:39.407+0000] {subprocess.py:93} INFO - 25/12/23 17:20:39 INFO TaskSchedulerImpl: Adding task set 10.0 with 1 tasks resource profile 0
[2025-12-23T17:20:39.407+0000] {subprocess.py:93} INFO - 25/12/23 17:20:39 INFO TaskSetManager: Starting task 0.0 in stage 10.0 (TID 7) (6717a07eada2, executor driver, partition 0, NODE_LOCAL, 7795 bytes)
[2025-12-23T17:20:39.408+0000] {subprocess.py:93} INFO - 25/12/23 17:20:39 INFO BlockManagerInfo: Removed broadcast_10_piece0 on 6717a07eada2:44735 in memory (size: 22.0 KiB, free: 434.3 MiB)
[2025-12-23T17:20:39.409+0000] {subprocess.py:93} INFO - 25/12/23 17:20:39 INFO Executor: Running task 0.0 in stage 10.0 (TID 7)
[2025-12-23T17:20:39.418+0000] {subprocess.py:93} INFO - 25/12/23 17:20:39 INFO ShuffleBlockFetcherIterator: Getting 1 (9.1 KiB) non-empty blocks including 1 (9.1 KiB) local and 0 (0.0 B) host-local and 0 (0.0 B) push-merged-local and 0 (0.0 B) remote blocks
[2025-12-23T17:20:39.419+0000] {subprocess.py:93} INFO - 25/12/23 17:20:39 INFO ShuffleBlockFetcherIterator: Started 0 remote fetches in 1 ms
[2025-12-23T17:20:39.435+0000] {subprocess.py:93} INFO - 25/12/23 17:20:39 INFO CodeGenerator: Code generated in 16.519727 ms
[2025-12-23T17:20:39.447+0000] {subprocess.py:93} INFO - 25/12/23 17:20:39 INFO CodeGenerator: Code generated in 7.555141 ms
[2025-12-23T17:20:39.487+0000] {subprocess.py:93} INFO - 25/12/23 17:20:39 INFO Executor: Finished task 0.0 in stage 10.0 (TID 7). 5233 bytes result sent to driver
[2025-12-23T17:20:39.489+0000] {subprocess.py:93} INFO - 25/12/23 17:20:39 INFO TaskSetManager: Finished task 0.0 in stage 10.0 (TID 7) in 81 ms on 6717a07eada2 (executor driver) (1/1)
[2025-12-23T17:20:39.490+0000] {subprocess.py:93} INFO - 25/12/23 17:20:39 INFO TaskSchedulerImpl: Removed TaskSet 10.0, whose tasks have all completed, from pool
[2025-12-23T17:20:39.491+0000] {subprocess.py:93} INFO - 25/12/23 17:20:39 INFO DAGScheduler: ResultStage 10 (jdbc at NativeMethodAccessorImpl.java:0) finished in 0.095 s
[2025-12-23T17:20:39.492+0000] {subprocess.py:93} INFO - 25/12/23 17:20:39 INFO DAGScheduler: Job 7 is finished. Cancelling potential speculative or zombie tasks for this job
[2025-12-23T17:20:39.492+0000] {subprocess.py:93} INFO - 25/12/23 17:20:39 INFO TaskSchedulerImpl: Killing all running tasks in stage 10: Stage finished
[2025-12-23T17:20:39.495+0000] {subprocess.py:93} INFO - 25/12/23 17:20:39 INFO DAGScheduler: Job 7 finished: jdbc at NativeMethodAccessorImpl.java:0, took 0.105922 s
[2025-12-23T17:20:39.510+0000] {subprocess.py:93} INFO - ✅ Table stats_type_localisation alimentée
[2025-12-23T17:20:39.588+0000] {subprocess.py:93} INFO - 25/12/23 17:20:39 INFO FileSourceStrategy: Pushed Filters: IsNotNull(date),IsNotNull(type)
[2025-12-23T17:20:39.588+0000] {subprocess.py:93} INFO - 25/12/23 17:20:39 INFO FileSourceStrategy: Post-Scan Filters: isnotnull(date#4),isnotnull(cast(date#4 as timestamp)),isnotnull(type#1)
[2025-12-23T17:20:39.635+0000] {subprocess.py:93} INFO - 25/12/23 17:20:39 INFO CodeGenerator: Code generated in 23.804246 ms
[2025-12-23T17:20:39.638+0000] {subprocess.py:93} INFO - 25/12/23 17:20:39 INFO MemoryStore: Block broadcast_12 stored as values in memory (estimated size 201.7 KiB, free 433.9 MiB)
[2025-12-23T17:20:39.648+0000] {subprocess.py:93} INFO - 25/12/23 17:20:39 INFO BlockManagerInfo: Removed broadcast_11_piece0 on 6717a07eada2:44735 in memory (size: 27.8 KiB, free: 434.4 MiB)
[2025-12-23T17:20:39.650+0000] {subprocess.py:93} INFO - 25/12/23 17:20:39 INFO MemoryStore: Block broadcast_12_piece0 stored as bytes in memory (estimated size 35.1 KiB, free 433.9 MiB)
[2025-12-23T17:20:39.651+0000] {subprocess.py:93} INFO - 25/12/23 17:20:39 INFO BlockManagerInfo: Added broadcast_12_piece0 in memory on 6717a07eada2:44735 (size: 35.1 KiB, free: 434.3 MiB)
[2025-12-23T17:20:39.654+0000] {subprocess.py:93} INFO - 25/12/23 17:20:39 INFO SparkContext: Created broadcast 12 from jdbc at NativeMethodAccessorImpl.java:0
[2025-12-23T17:20:39.655+0000] {subprocess.py:93} INFO - 25/12/23 17:20:39 INFO FileSourceScanExec: Planning scan with bin packing, max size: 4194304 bytes, open cost is considered as scanning 4194304 bytes.
[2025-12-23T17:20:39.662+0000] {subprocess.py:93} INFO - 25/12/23 17:20:39 INFO DAGScheduler: Registering RDD 34 (jdbc at NativeMethodAccessorImpl.java:0) as input to shuffle 3
[2025-12-23T17:20:39.662+0000] {subprocess.py:93} INFO - 25/12/23 17:20:39 INFO DAGScheduler: Got map stage job 8 (jdbc at NativeMethodAccessorImpl.java:0) with 1 output partitions
[2025-12-23T17:20:39.663+0000] {subprocess.py:93} INFO - 25/12/23 17:20:39 INFO DAGScheduler: Final stage: ShuffleMapStage 11 (jdbc at NativeMethodAccessorImpl.java:0)
[2025-12-23T17:20:39.663+0000] {subprocess.py:93} INFO - 25/12/23 17:20:39 INFO DAGScheduler: Parents of final stage: List()
[2025-12-23T17:20:39.663+0000] {subprocess.py:93} INFO - 25/12/23 17:20:39 INFO DAGScheduler: Missing parents: List()
[2025-12-23T17:20:39.663+0000] {subprocess.py:93} INFO - 25/12/23 17:20:39 INFO DAGScheduler: Submitting ShuffleMapStage 11 (MapPartitionsRDD[34] at jdbc at NativeMethodAccessorImpl.java:0), which has no missing parents
[2025-12-23T17:20:39.664+0000] {subprocess.py:93} INFO - 25/12/23 17:20:39 INFO MemoryStore: Block broadcast_13 stored as values in memory (estimated size 47.0 KiB, free 433.9 MiB)
[2025-12-23T17:20:39.669+0000] {subprocess.py:93} INFO - 25/12/23 17:20:39 INFO MemoryStore: Block broadcast_13_piece0 stored as bytes in memory (estimated size 20.4 KiB, free 433.9 MiB)
[2025-12-23T17:20:39.670+0000] {subprocess.py:93} INFO - 25/12/23 17:20:39 INFO BlockManagerInfo: Added broadcast_13_piece0 in memory on 6717a07eada2:44735 (size: 20.4 KiB, free: 434.3 MiB)
[2025-12-23T17:20:39.671+0000] {subprocess.py:93} INFO - 25/12/23 17:20:39 INFO SparkContext: Created broadcast 13 from broadcast at DAGScheduler.scala:1585
[2025-12-23T17:20:39.672+0000] {subprocess.py:93} INFO - 25/12/23 17:20:39 INFO DAGScheduler: Submitting 1 missing tasks from ShuffleMapStage 11 (MapPartitionsRDD[34] at jdbc at NativeMethodAccessorImpl.java:0) (first 15 tasks are for partitions Vector(0))
[2025-12-23T17:20:39.672+0000] {subprocess.py:93} INFO - 25/12/23 17:20:39 INFO TaskSchedulerImpl: Adding task set 11.0 with 1 tasks resource profile 0
[2025-12-23T17:20:39.673+0000] {subprocess.py:93} INFO - 25/12/23 17:20:39 INFO TaskSetManager: Starting task 0.0 in stage 11.0 (TID 8) (6717a07eada2, executor driver, partition 0, PROCESS_LOCAL, 8444 bytes)
[2025-12-23T17:20:39.673+0000] {subprocess.py:93} INFO - 25/12/23 17:20:39 INFO Executor: Running task 0.0 in stage 11.0 (TID 8)
[2025-12-23T17:20:39.706+0000] {subprocess.py:93} INFO - 25/12/23 17:20:39 INFO CodeGenerator: Code generated in 26.022136 ms
[2025-12-23T17:20:39.716+0000] {subprocess.py:93} INFO - 25/12/23 17:20:39 INFO CodeGenerator: Code generated in 7.906479 ms
[2025-12-23T17:20:39.724+0000] {subprocess.py:93} INFO - 25/12/23 17:20:39 INFO CodeGenerator: Code generated in 4.877118 ms
[2025-12-23T17:20:39.732+0000] {subprocess.py:93} INFO - 25/12/23 17:20:39 INFO CodeGenerator: Code generated in 4.55074 ms
[2025-12-23T17:20:39.742+0000] {subprocess.py:93} INFO - 25/12/23 17:20:39 INFO CodeGenerator: Code generated in 6.786384 ms
[2025-12-23T17:20:39.745+0000] {subprocess.py:93} INFO - 25/12/23 17:20:39 INFO FileScanRDD: Reading File path: file:///opt/data/raw/demandes/part-00000-09d55258-3757-401d-9d3d-8cd111500061-c000.snappy.parquet, range: 0-249144, partition values: [empty row]
[2025-12-23T17:20:39.751+0000] {subprocess.py:93} INFO - 25/12/23 17:20:39 INFO FilterCompat: Filtering using predicate: and(noteq(date, null), noteq(type, null))
[2025-12-23T17:20:39.787+0000] {subprocess.py:93} INFO - 25/12/23 17:20:39 INFO Executor: Finished task 0.0 in stage 11.0 (TID 8). 2986 bytes result sent to driver
[2025-12-23T17:20:39.788+0000] {subprocess.py:93} INFO - 25/12/23 17:20:39 INFO TaskSetManager: Finished task 0.0 in stage 11.0 (TID 8) in 115 ms on 6717a07eada2 (executor driver) (1/1)
[2025-12-23T17:20:39.788+0000] {subprocess.py:93} INFO - 25/12/23 17:20:39 INFO TaskSchedulerImpl: Removed TaskSet 11.0, whose tasks have all completed, from pool
[2025-12-23T17:20:39.789+0000] {subprocess.py:93} INFO - 25/12/23 17:20:39 INFO DAGScheduler: ShuffleMapStage 11 (jdbc at NativeMethodAccessorImpl.java:0) finished in 0.127 s
[2025-12-23T17:20:39.789+0000] {subprocess.py:93} INFO - 25/12/23 17:20:39 INFO DAGScheduler: looking for newly runnable stages
[2025-12-23T17:20:39.790+0000] {subprocess.py:93} INFO - 25/12/23 17:20:39 INFO DAGScheduler: running: Set()
[2025-12-23T17:20:39.790+0000] {subprocess.py:93} INFO - 25/12/23 17:20:39 INFO DAGScheduler: waiting: Set()
[2025-12-23T17:20:39.791+0000] {subprocess.py:93} INFO - 25/12/23 17:20:39 INFO DAGScheduler: failed: Set()
[2025-12-23T17:20:39.793+0000] {subprocess.py:93} INFO - 25/12/23 17:20:39 INFO ShufflePartitionsUtil: For shuffle(3), advisory target size: 67108864, actual target size 1048576, minimum partition size: 1048576
[2025-12-23T17:20:39.803+0000] {subprocess.py:93} INFO - 25/12/23 17:20:39 INFO HashAggregateExec: spark.sql.codegen.aggregate.map.twolevel.enabled is set to true, but current version of codegened fast hashmap does not support this aggregate.
[2025-12-23T17:20:39.815+0000] {subprocess.py:93} INFO - 25/12/23 17:20:39 INFO CodeGenerator: Code generated in 11.801985 ms
[2025-12-23T17:20:39.835+0000] {subprocess.py:93} INFO - 25/12/23 17:20:39 INFO SparkContext: Starting job: jdbc at NativeMethodAccessorImpl.java:0
[2025-12-23T17:20:39.840+0000] {subprocess.py:93} INFO - 25/12/23 17:20:39 INFO DAGScheduler: Got job 9 (jdbc at NativeMethodAccessorImpl.java:0) with 1 output partitions
[2025-12-23T17:20:39.841+0000] {subprocess.py:93} INFO - 25/12/23 17:20:39 INFO DAGScheduler: Final stage: ResultStage 13 (jdbc at NativeMethodAccessorImpl.java:0)
[2025-12-23T17:20:39.841+0000] {subprocess.py:93} INFO - 25/12/23 17:20:39 INFO DAGScheduler: Parents of final stage: List(ShuffleMapStage 12)
[2025-12-23T17:20:39.841+0000] {subprocess.py:93} INFO - 25/12/23 17:20:39 INFO DAGScheduler: Missing parents: List()
[2025-12-23T17:20:39.841+0000] {subprocess.py:93} INFO - 25/12/23 17:20:39 INFO DAGScheduler: Submitting ResultStage 13 (MapPartitionsRDD[39] at jdbc at NativeMethodAccessorImpl.java:0), which has no missing parents
[2025-12-23T17:20:39.846+0000] {subprocess.py:93} INFO - 25/12/23 17:20:39 INFO MemoryStore: Block broadcast_14 stored as values in memory (estimated size 54.1 KiB, free 433.8 MiB)
[2025-12-23T17:20:39.847+0000] {subprocess.py:93} INFO - 25/12/23 17:20:39 INFO MemoryStore: Block broadcast_14_piece0 stored as bytes in memory (estimated size 24.2 KiB, free 433.8 MiB)
[2025-12-23T17:20:39.847+0000] {subprocess.py:93} INFO - 25/12/23 17:20:39 INFO BlockManagerInfo: Added broadcast_14_piece0 in memory on 6717a07eada2:44735 (size: 24.2 KiB, free: 434.3 MiB)
[2025-12-23T17:20:39.848+0000] {subprocess.py:93} INFO - 25/12/23 17:20:39 INFO SparkContext: Created broadcast 14 from broadcast at DAGScheduler.scala:1585
[2025-12-23T17:20:39.848+0000] {subprocess.py:93} INFO - 25/12/23 17:20:39 INFO DAGScheduler: Submitting 1 missing tasks from ResultStage 13 (MapPartitionsRDD[39] at jdbc at NativeMethodAccessorImpl.java:0) (first 15 tasks are for partitions Vector(0))
[2025-12-23T17:20:39.849+0000] {subprocess.py:93} INFO - 25/12/23 17:20:39 INFO TaskSchedulerImpl: Adding task set 13.0 with 1 tasks resource profile 0
[2025-12-23T17:20:39.850+0000] {subprocess.py:93} INFO - 25/12/23 17:20:39 INFO TaskSetManager: Starting task 0.0 in stage 13.0 (TID 9) (6717a07eada2, executor driver, partition 0, NODE_LOCAL, 7795 bytes)
[2025-12-23T17:20:39.851+0000] {subprocess.py:93} INFO - 25/12/23 17:20:39 INFO Executor: Running task 0.0 in stage 13.0 (TID 9)
[2025-12-23T17:20:39.858+0000] {subprocess.py:93} INFO - 25/12/23 17:20:39 INFO ShuffleBlockFetcherIterator: Getting 1 (1269.0 B) non-empty blocks including 1 (1269.0 B) local and 0 (0.0 B) host-local and 0 (0.0 B) push-merged-local and 0 (0.0 B) remote blocks
[2025-12-23T17:20:39.858+0000] {subprocess.py:93} INFO - 25/12/23 17:20:39 INFO ShuffleBlockFetcherIterator: Started 0 remote fetches in 0 ms
[2025-12-23T17:20:39.869+0000] {subprocess.py:93} INFO - 25/12/23 17:20:39 INFO CodeGenerator: Code generated in 10.576891 ms
[2025-12-23T17:20:39.878+0000] {subprocess.py:93} INFO - 25/12/23 17:20:39 INFO CodeGenerator: Code generated in 6.066658 ms
[2025-12-23T17:20:39.909+0000] {subprocess.py:93} INFO - 25/12/23 17:20:39 INFO Executor: Finished task 0.0 in stage 13.0 (TID 9). 5233 bytes result sent to driver
[2025-12-23T17:20:39.910+0000] {subprocess.py:93} INFO - 25/12/23 17:20:39 INFO TaskSetManager: Finished task 0.0 in stage 13.0 (TID 9) in 60 ms on 6717a07eada2 (executor driver) (1/1)
[2025-12-23T17:20:39.911+0000] {subprocess.py:93} INFO - 25/12/23 17:20:39 INFO BlockManagerInfo: Removed broadcast_13_piece0 on 6717a07eada2:44735 in memory (size: 20.4 KiB, free: 434.3 MiB)
[2025-12-23T17:20:39.911+0000] {subprocess.py:93} INFO - 25/12/23 17:20:39 INFO DAGScheduler: ResultStage 13 (jdbc at NativeMethodAccessorImpl.java:0) finished in 0.067 s
[2025-12-23T17:20:39.911+0000] {subprocess.py:93} INFO - 25/12/23 17:20:39 INFO DAGScheduler: Job 9 is finished. Cancelling potential speculative or zombie tasks for this job
[2025-12-23T17:20:39.912+0000] {subprocess.py:93} INFO - 25/12/23 17:20:39 INFO TaskSchedulerImpl: Removed TaskSet 13.0, whose tasks have all completed, from pool
[2025-12-23T17:20:39.912+0000] {subprocess.py:93} INFO - 25/12/23 17:20:39 INFO TaskSchedulerImpl: Killing all running tasks in stage 13: Stage finished
[2025-12-23T17:20:39.912+0000] {subprocess.py:93} INFO - 25/12/23 17:20:39 INFO DAGScheduler: Job 9 finished: jdbc at NativeMethodAccessorImpl.java:0, took 0.076569 s
[2025-12-23T17:20:39.935+0000] {subprocess.py:93} INFO - ✅ Table stats_temporelles alimentée
[2025-12-23T17:20:39.936+0000] {subprocess.py:93} INFO - 
[2025-12-23T17:20:39.936+0000] {subprocess.py:93} INFO - ================================================================================
[2025-12-23T17:20:39.937+0000] {subprocess.py:93} INFO - 🎉 PROCESSING TERMINÉ AVEC SUCCÈS
[2025-12-23T17:20:39.937+0000] {subprocess.py:93} INFO - ================================================================================
[2025-12-23T17:20:39.937+0000] {subprocess.py:93} INFO - 25/12/23 17:20:39 INFO SparkContext: SparkContext is stopping with exitCode 0.
[2025-12-23T17:20:39.946+0000] {subprocess.py:93} INFO - 25/12/23 17:20:39 INFO SparkUI: Stopped Spark web UI at http://6717a07eada2:4040
[2025-12-23T17:20:39.965+0000] {subprocess.py:93} INFO - 25/12/23 17:20:39 INFO MapOutputTrackerMasterEndpoint: MapOutputTrackerMasterEndpoint stopped!
[2025-12-23T17:20:39.982+0000] {subprocess.py:93} INFO - 25/12/23 17:20:39 INFO MemoryStore: MemoryStore cleared
[2025-12-23T17:20:39.984+0000] {subprocess.py:93} INFO - 25/12/23 17:20:39 INFO BlockManager: BlockManager stopped
[2025-12-23T17:20:39.991+0000] {subprocess.py:93} INFO - 25/12/23 17:20:39 INFO BlockManagerMaster: BlockManagerMaster stopped
[2025-12-23T17:20:39.995+0000] {subprocess.py:93} INFO - 25/12/23 17:20:39 INFO OutputCommitCoordinator$OutputCommitCoordinatorEndpoint: OutputCommitCoordinator stopped!
[2025-12-23T17:20:40.012+0000] {subprocess.py:93} INFO - 25/12/23 17:20:40 INFO SparkContext: Successfully stopped SparkContext
[2025-12-23T17:20:40.525+0000] {subprocess.py:93} INFO - 25/12/23 17:20:40 INFO ShutdownHookManager: Shutdown hook called
[2025-12-23T17:20:40.526+0000] {subprocess.py:93} INFO - 25/12/23 17:20:40 INFO ShutdownHookManager: Deleting directory /tmp/spark-4afa50a8-47d4-48d8-b405-f07e59abad3f/pyspark-90353e76-d82f-49a7-a35c-a53cb56c9045
[2025-12-23T17:20:40.539+0000] {subprocess.py:93} INFO - 25/12/23 17:20:40 INFO ShutdownHookManager: Deleting directory /tmp/spark-1f962bb7-8260-4208-8164-33c4d54f4556
[2025-12-23T17:20:40.552+0000] {subprocess.py:93} INFO - 25/12/23 17:20:40 INFO ShutdownHookManager: Deleting directory /tmp/spark-4afa50a8-47d4-48d8-b405-f07e59abad3f
[2025-12-23T17:20:40.713+0000] {subprocess.py:97} INFO - Command exited with return code 0
[2025-12-23T17:20:40.820+0000] {taskinstance.py:1138} INFO - Marking task as SUCCESS. dag_id=pipeline_services_publics_togo, task_id=processing_spark, execution_date=20251223T171951, start_date=20251223T172026, end_date=20251223T172040
[2025-12-23T17:20:40.840+0000] {local_task_job_runner.py:234} INFO - Task exited with return code 0
[2025-12-23T17:20:40.868+0000] {taskinstance.py:3281} INFO - 1 downstream tasks scheduled from follow-on schedule check
