[2025-12-21T06:42:05.752+0000] {taskinstance.py:1957} INFO - Dependencies all met for dep_context=non-requeueable deps ti=<TaskInstance: pipeline_services_publics_togo.check_mongodb manual__2025-12-21T06:31:59.949988+00:00 [queued]>
[2025-12-21T06:42:05.766+0000] {taskinstance.py:1957} INFO - Dependencies all met for dep_context=requeueable deps ti=<TaskInstance: pipeline_services_publics_togo.check_mongodb manual__2025-12-21T06:31:59.949988+00:00 [queued]>
[2025-12-21T06:42:05.766+0000] {taskinstance.py:2171} INFO - Starting attempt 3 of 3
[2025-12-21T06:42:05.786+0000] {taskinstance.py:2192} INFO - Executing <Task(PythonOperator): check_mongodb> on 2025-12-21 06:31:59.949988+00:00
[2025-12-21T06:42:05.793+0000] {standard_task_runner.py:60} INFO - Started process 296 to run task
[2025-12-21T06:42:05.802+0000] {standard_task_runner.py:87} INFO - Running: ['***', 'tasks', 'run', 'pipeline_services_publics_togo', 'check_mongodb', 'manual__2025-12-21T06:31:59.949988+00:00', '--job-id', '6', '--raw', '--subdir', 'DAGS_FOLDER/pipeline_services_publics.py', '--cfg-path', '/tmp/tmpixfthsrp']
[2025-12-21T06:42:05.807+0000] {standard_task_runner.py:88} INFO - Job 6: Subtask check_mongodb
[2025-12-21T06:42:05.943+0000] {task_command.py:423} INFO - Running <TaskInstance: pipeline_services_publics_togo.check_mongodb manual__2025-12-21T06:31:59.949988+00:00 [running]> on host 202d668464c4
[2025-12-21T06:42:06.101+0000] {taskinstance.py:2481} INFO - Exporting env vars: AIRFLOW_CTX_DAG_OWNER='data-engineer' AIRFLOW_CTX_DAG_ID='pipeline_services_publics_togo' AIRFLOW_CTX_TASK_ID='check_mongodb' AIRFLOW_CTX_EXECUTION_DATE='2025-12-21T06:31:59.949988+00:00' AIRFLOW_CTX_TRY_NUMBER='3' AIRFLOW_CTX_DAG_RUN_ID='manual__2025-12-21T06:31:59.949988+00:00'
[2025-12-21T06:42:06.276+0000] {taskinstance.py:2699} ERROR - Task failed with exception
Traceback (most recent call last):
  File "/home/airflow/.local/lib/python3.10/site-packages/airflow/models/taskinstance.py", line 433, in _execute_task
    result = execute_callable(context=context, **execute_callable_kwargs)
  File "/home/airflow/.local/lib/python3.10/site-packages/airflow/operators/python.py", line 199, in execute
    return_value = self.execute_callable()
  File "/home/airflow/.local/lib/python3.10/site-packages/airflow/operators/python.py", line 216, in execute_callable
    return self.python_callable(*self.op_args, **self.op_kwargs)
  File "/opt/airflow/dags/pipeline_services_publics.py", line 51, in check_mongodb_connection
    raise ValueError("La collection MongoDB est vide")
ValueError: La collection MongoDB est vide
[2025-12-21T06:42:06.291+0000] {taskinstance.py:1138} INFO - Marking task as FAILED. dag_id=pipeline_services_publics_togo, task_id=check_mongodb, execution_date=20251221T063159, start_date=20251221T064205, end_date=20251221T064206
[2025-12-21T06:42:06.303+0000] {standard_task_runner.py:107} ERROR - Failed to execute job 6 for task check_mongodb (La collection MongoDB est vide; 296)
[2025-12-21T06:42:06.337+0000] {local_task_job_runner.py:234} INFO - Task exited with return code 1
[2025-12-21T06:42:06.393+0000] {taskinstance.py:3281} INFO - 0 downstream tasks scheduled from follow-on schedule check
