[2025-12-21T16:49:03.608+0000] {taskinstance.py:1957} INFO - Dependencies all met for dep_context=non-requeueable deps ti=<TaskInstance: pipeline_services_publics_togo.ingestion_mongodb manual__2025-12-21T16:43:17.936934+00:00 [queued]>
[2025-12-21T16:49:03.617+0000] {taskinstance.py:1957} INFO - Dependencies all met for dep_context=requeueable deps ti=<TaskInstance: pipeline_services_publics_togo.ingestion_mongodb manual__2025-12-21T16:43:17.936934+00:00 [queued]>
[2025-12-21T16:49:03.618+0000] {taskinstance.py:2171} INFO - Starting attempt 2 of 3
[2025-12-21T16:49:03.630+0000] {taskinstance.py:2192} INFO - Executing <Task(BashOperator): ingestion_mongodb> on 2025-12-21 16:43:17.936934+00:00
[2025-12-21T16:49:03.636+0000] {standard_task_runner.py:60} INFO - Started process 416 to run task
[2025-12-21T16:49:03.640+0000] {standard_task_runner.py:87} INFO - Running: ['***', 'tasks', 'run', 'pipeline_services_publics_togo', 'ingestion_mongodb', 'manual__2025-12-21T16:43:17.936934+00:00', '--job-id', '26', '--raw', '--subdir', 'DAGS_FOLDER/pipeline_services_publics.py', '--cfg-path', '/tmp/tmpa0rd2r50']
[2025-12-21T16:49:03.642+0000] {standard_task_runner.py:88} INFO - Job 26: Subtask ingestion_mongodb
[2025-12-21T16:49:03.703+0000] {task_command.py:423} INFO - Running <TaskInstance: pipeline_services_publics_togo.ingestion_mongodb manual__2025-12-21T16:43:17.936934+00:00 [running]> on host 4a81c59a6e43
[2025-12-21T16:49:03.918+0000] {taskinstance.py:2481} INFO - Exporting env vars: AIRFLOW_CTX_DAG_OWNER='data-engineer' AIRFLOW_CTX_DAG_ID='pipeline_services_publics_togo' AIRFLOW_CTX_TASK_ID='ingestion_mongodb' AIRFLOW_CTX_EXECUTION_DATE='2025-12-21T16:43:17.936934+00:00' AIRFLOW_CTX_TRY_NUMBER='2' AIRFLOW_CTX_DAG_RUN_ID='manual__2025-12-21T16:43:17.936934+00:00'
[2025-12-21T16:49:03.921+0000] {subprocess.py:63} INFO - Tmp dir root location: /tmp
[2025-12-21T16:49:03.922+0000] {subprocess.py:75} INFO - Running command: ['/usr/bin/bash', '-c', '\n    /opt/spark/bin/spark-submit       --master spark://spark-master:7077       --packages org.mongodb.spark:mongo-spark-connector_2.12:10.5.0       --executor-memory 2G       --driver-memory 1G       /opt/***/spark_jobs/ingestion.py\n    ']
[2025-12-21T16:49:03.952+0000] {subprocess.py:86} INFO - Output:
[2025-12-21T16:49:05.944+0000] {subprocess.py:93} INFO - :: loading settings :: url = jar:file:/opt/spark/jars/ivy-2.5.1.jar!/org/apache/ivy/core/settings/ivysettings.xml
[2025-12-21T16:49:06.053+0000] {subprocess.py:93} INFO - Ivy Default Cache set to: /home/***/.ivy2/cache
[2025-12-21T16:49:06.055+0000] {subprocess.py:93} INFO - The jars for the packages stored in: /home/***/.ivy2/jars
[2025-12-21T16:49:06.065+0000] {subprocess.py:93} INFO - org.mongodb.spark#mongo-spark-connector_2.12 added as a dependency
[2025-12-21T16:49:06.066+0000] {subprocess.py:93} INFO - :: resolving dependencies :: org.apache.spark#spark-submit-parent-72d659c8-15a7-4050-b966-0831ceffed7b;1.0
[2025-12-21T16:49:06.067+0000] {subprocess.py:93} INFO - 	confs: [default]
[2025-12-21T16:49:06.291+0000] {subprocess.py:93} INFO - 	found org.mongodb.spark#mongo-spark-connector_2.12;10.5.0 in central
[2025-12-21T16:49:08.655+0000] {subprocess.py:93} INFO - 	found org.mongodb#mongodb-driver-sync;5.1.4 in central
[2025-12-21T16:49:08.656+0000] {subprocess.py:93} INFO - 	[5.1.4] org.mongodb#mongodb-driver-sync;[5.1.1,5.1.99)
[2025-12-21T16:49:08.794+0000] {subprocess.py:93} INFO - 	found org.mongodb#bson;5.1.4 in central
[2025-12-21T16:49:08.881+0000] {subprocess.py:93} INFO - 	found org.mongodb#mongodb-driver-core;5.1.4 in central
[2025-12-21T16:49:08.915+0000] {subprocess.py:93} INFO - 	found org.mongodb#bson-record-codec;5.1.4 in central
[2025-12-21T16:49:08.953+0000] {subprocess.py:93} INFO - :: resolution report :: resolve 2871ms :: artifacts dl 18ms
[2025-12-21T16:49:08.954+0000] {subprocess.py:93} INFO - 	:: modules in use:
[2025-12-21T16:49:08.954+0000] {subprocess.py:93} INFO - 	org.mongodb#bson;5.1.4 from central in [default]
[2025-12-21T16:49:08.954+0000] {subprocess.py:93} INFO - 	org.mongodb#bson-record-codec;5.1.4 from central in [default]
[2025-12-21T16:49:08.955+0000] {subprocess.py:93} INFO - 	org.mongodb#mongodb-driver-core;5.1.4 from central in [default]
[2025-12-21T16:49:08.955+0000] {subprocess.py:93} INFO - 	org.mongodb#mongodb-driver-sync;5.1.4 from central in [default]
[2025-12-21T16:49:08.955+0000] {subprocess.py:93} INFO - 	org.mongodb.spark#mongo-spark-connector_2.12;10.5.0 from central in [default]
[2025-12-21T16:49:08.957+0000] {subprocess.py:93} INFO - 	---------------------------------------------------------------------
[2025-12-21T16:49:08.957+0000] {subprocess.py:93} INFO - 	|                  |            modules            ||   artifacts   |
[2025-12-21T16:49:08.957+0000] {subprocess.py:93} INFO - 	|       conf       | number| search|dwnlded|evicted|| number|dwnlded|
[2025-12-21T16:49:08.957+0000] {subprocess.py:93} INFO - 	---------------------------------------------------------------------
[2025-12-21T16:49:08.957+0000] {subprocess.py:93} INFO - 	|      default     |   5   |   1   |   0   |   0   ||   5   |   0   |
[2025-12-21T16:49:08.957+0000] {subprocess.py:93} INFO - 	---------------------------------------------------------------------
[2025-12-21T16:49:08.961+0000] {subprocess.py:93} INFO - :: retrieving :: org.apache.spark#spark-submit-parent-72d659c8-15a7-4050-b966-0831ceffed7b
[2025-12-21T16:49:08.962+0000] {subprocess.py:93} INFO - 	confs: [default]
[2025-12-21T16:49:08.969+0000] {subprocess.py:93} INFO - 	0 artifacts copied, 5 already retrieved (0kB/6ms)
[2025-12-21T16:49:09.158+0000] {subprocess.py:93} INFO - 25/12/21 16:49:09 WARN NativeCodeLoader: Unable to load native-hadoop library for your platform... using builtin-java classes where applicable
[2025-12-21T16:49:10.344+0000] {subprocess.py:93} INFO - 25/12/21 16:49:10 INFO SparkContext: Running Spark version 3.5.1
[2025-12-21T16:49:10.345+0000] {subprocess.py:93} INFO - 25/12/21 16:49:10 INFO SparkContext: OS info Linux, 6.8.0-90-generic, amd64
[2025-12-21T16:49:10.348+0000] {subprocess.py:93} INFO - 25/12/21 16:49:10 INFO SparkContext: Java version 17.0.17
[2025-12-21T16:49:10.402+0000] {subprocess.py:93} INFO - 25/12/21 16:49:10 INFO ResourceUtils: ==============================================================
[2025-12-21T16:49:10.403+0000] {subprocess.py:93} INFO - 25/12/21 16:49:10 INFO ResourceUtils: No custom resources configured for spark.driver.
[2025-12-21T16:49:10.405+0000] {subprocess.py:93} INFO - 25/12/21 16:49:10 INFO ResourceUtils: ==============================================================
[2025-12-21T16:49:10.405+0000] {subprocess.py:93} INFO - 25/12/21 16:49:10 INFO SparkContext: Submitted application: Ingestion_MongoDB_Raw
[2025-12-21T16:49:10.434+0000] {subprocess.py:93} INFO - 25/12/21 16:49:10 INFO ResourceProfile: Default ResourceProfile created, executor resources: Map(memory -> name: memory, amount: 2048, script: , vendor: , offHeap -> name: offHeap, amount: 0, script: , vendor: ), task resources: Map(cpus -> name: cpus, amount: 1.0)
[2025-12-21T16:49:10.444+0000] {subprocess.py:93} INFO - 25/12/21 16:49:10 INFO ResourceProfile: Limiting resource is cpu
[2025-12-21T16:49:10.444+0000] {subprocess.py:93} INFO - 25/12/21 16:49:10 INFO ResourceProfileManager: Added ResourceProfile id: 0
[2025-12-21T16:49:10.494+0000] {subprocess.py:93} INFO - 25/12/21 16:49:10 INFO SecurityManager: Changing view acls to: ***
[2025-12-21T16:49:10.494+0000] {subprocess.py:93} INFO - 25/12/21 16:49:10 INFO SecurityManager: Changing modify acls to: ***
[2025-12-21T16:49:10.495+0000] {subprocess.py:93} INFO - 25/12/21 16:49:10 INFO SecurityManager: Changing view acls groups to:
[2025-12-21T16:49:10.495+0000] {subprocess.py:93} INFO - 25/12/21 16:49:10 INFO SecurityManager: Changing modify acls groups to:
[2025-12-21T16:49:10.496+0000] {subprocess.py:93} INFO - 25/12/21 16:49:10 INFO SecurityManager: SecurityManager: authentication disabled; ui acls disabled; users with view permissions: ***; groups with view permissions: EMPTY; users with modify permissions: ***; groups with modify permissions: EMPTY
[2025-12-21T16:49:10.726+0000] {subprocess.py:93} INFO - 25/12/21 16:49:10 INFO Utils: Successfully started service 'sparkDriver' on port 44385.
[2025-12-21T16:49:10.758+0000] {subprocess.py:93} INFO - 25/12/21 16:49:10 INFO SparkEnv: Registering MapOutputTracker
[2025-12-21T16:49:10.795+0000] {subprocess.py:93} INFO - 25/12/21 16:49:10 INFO SparkEnv: Registering BlockManagerMaster
[2025-12-21T16:49:10.815+0000] {subprocess.py:93} INFO - 25/12/21 16:49:10 INFO BlockManagerMasterEndpoint: Using org.apache.spark.storage.DefaultTopologyMapper for getting topology information
[2025-12-21T16:49:10.815+0000] {subprocess.py:93} INFO - 25/12/21 16:49:10 INFO BlockManagerMasterEndpoint: BlockManagerMasterEndpoint up
[2025-12-21T16:49:10.818+0000] {subprocess.py:93} INFO - 25/12/21 16:49:10 INFO SparkEnv: Registering BlockManagerMasterHeartbeat
[2025-12-21T16:49:10.839+0000] {subprocess.py:93} INFO - 25/12/21 16:49:10 INFO DiskBlockManager: Created local directory at /tmp/blockmgr-4bc0ea4b-c62c-47f8-9189-d87158dd90bb
[2025-12-21T16:49:10.854+0000] {subprocess.py:93} INFO - 25/12/21 16:49:10 INFO MemoryStore: MemoryStore started with capacity 434.4 MiB
[2025-12-21T16:49:10.870+0000] {subprocess.py:93} INFO - 25/12/21 16:49:10 INFO SparkEnv: Registering OutputCommitCoordinator
[2025-12-21T16:49:11.024+0000] {subprocess.py:93} INFO - 25/12/21 16:49:11 INFO JettyUtils: Start Jetty 0.0.0.0:4040 for SparkUI
[2025-12-21T16:49:11.112+0000] {subprocess.py:93} INFO - 25/12/21 16:49:11 INFO Utils: Successfully started service 'SparkUI' on port 4040.
[2025-12-21T16:49:11.151+0000] {subprocess.py:93} INFO - 25/12/21 16:49:11 INFO SparkContext: Added JAR file:///home/***/.ivy2/jars/org.mongodb.spark_mongo-spark-connector_2.12-10.5.0.jar at spark://4a81c59a6e43:44385/jars/org.mongodb.spark_mongo-spark-connector_2.12-10.5.0.jar with timestamp 1766335750318
[2025-12-21T16:49:11.154+0000] {subprocess.py:93} INFO - 25/12/21 16:49:11 INFO SparkContext: Added JAR file:///home/***/.ivy2/jars/org.mongodb_mongodb-driver-sync-5.1.4.jar at spark://4a81c59a6e43:44385/jars/org.mongodb_mongodb-driver-sync-5.1.4.jar with timestamp 1766335750318
[2025-12-21T16:49:11.154+0000] {subprocess.py:93} INFO - 25/12/21 16:49:11 INFO SparkContext: Added JAR file:///home/***/.ivy2/jars/org.mongodb_bson-5.1.4.jar at spark://4a81c59a6e43:44385/jars/org.mongodb_bson-5.1.4.jar with timestamp 1766335750318
[2025-12-21T16:49:11.154+0000] {subprocess.py:93} INFO - 25/12/21 16:49:11 INFO SparkContext: Added JAR file:///home/***/.ivy2/jars/org.mongodb_mongodb-driver-core-5.1.4.jar at spark://4a81c59a6e43:44385/jars/org.mongodb_mongodb-driver-core-5.1.4.jar with timestamp 1766335750318
[2025-12-21T16:49:11.154+0000] {subprocess.py:93} INFO - 25/12/21 16:49:11 INFO SparkContext: Added JAR file:///home/***/.ivy2/jars/org.mongodb_bson-record-codec-5.1.4.jar at spark://4a81c59a6e43:44385/jars/org.mongodb_bson-record-codec-5.1.4.jar with timestamp 1766335750318
[2025-12-21T16:49:11.161+0000] {subprocess.py:93} INFO - 25/12/21 16:49:11 INFO SparkContext: Added file file:///home/***/.ivy2/jars/org.mongodb.spark_mongo-spark-connector_2.12-10.5.0.jar at spark://4a81c59a6e43:44385/files/org.mongodb.spark_mongo-spark-connector_2.12-10.5.0.jar with timestamp 1766335750318
[2025-12-21T16:49:11.164+0000] {subprocess.py:93} INFO - 25/12/21 16:49:11 INFO Utils: Copying /home/***/.ivy2/jars/org.mongodb.spark_mongo-spark-connector_2.12-10.5.0.jar to /tmp/spark-32892abc-60b1-4329-9e01-9c26d977f26c/userFiles-0a098395-892d-46b6-aa7a-5fafca41d72c/org.mongodb.spark_mongo-spark-connector_2.12-10.5.0.jar
[2025-12-21T16:49:11.183+0000] {subprocess.py:93} INFO - 25/12/21 16:49:11 INFO SparkContext: Added file file:///home/***/.ivy2/jars/org.mongodb_mongodb-driver-sync-5.1.4.jar at spark://4a81c59a6e43:44385/files/org.mongodb_mongodb-driver-sync-5.1.4.jar with timestamp 1766335750318
[2025-12-21T16:49:11.184+0000] {subprocess.py:93} INFO - 25/12/21 16:49:11 INFO Utils: Copying /home/***/.ivy2/jars/org.mongodb_mongodb-driver-sync-5.1.4.jar to /tmp/spark-32892abc-60b1-4329-9e01-9c26d977f26c/userFiles-0a098395-892d-46b6-aa7a-5fafca41d72c/org.mongodb_mongodb-driver-sync-5.1.4.jar
[2025-12-21T16:49:11.193+0000] {subprocess.py:93} INFO - 25/12/21 16:49:11 INFO SparkContext: Added file file:///home/***/.ivy2/jars/org.mongodb_bson-5.1.4.jar at spark://4a81c59a6e43:44385/files/org.mongodb_bson-5.1.4.jar with timestamp 1766335750318
[2025-12-21T16:49:11.194+0000] {subprocess.py:93} INFO - 25/12/21 16:49:11 INFO Utils: Copying /home/***/.ivy2/jars/org.mongodb_bson-5.1.4.jar to /tmp/spark-32892abc-60b1-4329-9e01-9c26d977f26c/userFiles-0a098395-892d-46b6-aa7a-5fafca41d72c/org.mongodb_bson-5.1.4.jar
[2025-12-21T16:49:11.201+0000] {subprocess.py:93} INFO - 25/12/21 16:49:11 INFO SparkContext: Added file file:///home/***/.ivy2/jars/org.mongodb_mongodb-driver-core-5.1.4.jar at spark://4a81c59a6e43:44385/files/org.mongodb_mongodb-driver-core-5.1.4.jar with timestamp 1766335750318
[2025-12-21T16:49:11.202+0000] {subprocess.py:93} INFO - 25/12/21 16:49:11 INFO Utils: Copying /home/***/.ivy2/jars/org.mongodb_mongodb-driver-core-5.1.4.jar to /tmp/spark-32892abc-60b1-4329-9e01-9c26d977f26c/userFiles-0a098395-892d-46b6-aa7a-5fafca41d72c/org.mongodb_mongodb-driver-core-5.1.4.jar
[2025-12-21T16:49:11.208+0000] {subprocess.py:93} INFO - 25/12/21 16:49:11 INFO SparkContext: Added file file:///home/***/.ivy2/jars/org.mongodb_bson-record-codec-5.1.4.jar at spark://4a81c59a6e43:44385/files/org.mongodb_bson-record-codec-5.1.4.jar with timestamp 1766335750318
[2025-12-21T16:49:11.209+0000] {subprocess.py:93} INFO - 25/12/21 16:49:11 INFO Utils: Copying /home/***/.ivy2/jars/org.mongodb_bson-record-codec-5.1.4.jar to /tmp/spark-32892abc-60b1-4329-9e01-9c26d977f26c/userFiles-0a098395-892d-46b6-aa7a-5fafca41d72c/org.mongodb_bson-record-codec-5.1.4.jar
[2025-12-21T16:49:11.300+0000] {subprocess.py:93} INFO - 25/12/21 16:49:11 INFO StandaloneAppClient$ClientEndpoint: Connecting to master spark://spark-master:7077...
[2025-12-21T16:49:11.347+0000] {subprocess.py:93} INFO - 25/12/21 16:49:11 INFO TransportClientFactory: Successfully created connection to spark-master/172.18.0.2:7077 after 29 ms (0 ms spent in bootstraps)
[2025-12-21T16:49:11.439+0000] {subprocess.py:93} INFO - 25/12/21 16:49:11 INFO StandaloneSchedulerBackend: Connected to Spark cluster with app ID app-20251221164911-0001
[2025-12-21T16:49:11.444+0000] {subprocess.py:93} INFO - 25/12/21 16:49:11 INFO StandaloneAppClient$ClientEndpoint: Executor added: app-20251221164911-0001/0 on worker-20251221164216-172.18.0.5-41713 (172.18.0.5:41713) with 2 core(s)
[2025-12-21T16:49:11.445+0000] {subprocess.py:93} INFO - 25/12/21 16:49:11 INFO StandaloneSchedulerBackend: Granted executor ID app-20251221164911-0001/0 on hostPort 172.18.0.5:41713 with 2 core(s), 2.0 GiB RAM
[2025-12-21T16:49:11.468+0000] {subprocess.py:93} INFO - 25/12/21 16:49:11 INFO Utils: Successfully started service 'org.apache.spark.network.netty.NettyBlockTransferService' on port 37439.
[2025-12-21T16:49:11.469+0000] {subprocess.py:93} INFO - 25/12/21 16:49:11 INFO NettyBlockTransferService: Server created on 4a81c59a6e43:37439
[2025-12-21T16:49:11.479+0000] {subprocess.py:93} INFO - 25/12/21 16:49:11 INFO BlockManager: Using org.apache.spark.storage.RandomBlockReplicationPolicy for block replication policy
[2025-12-21T16:49:11.505+0000] {subprocess.py:93} INFO - 25/12/21 16:49:11 INFO BlockManagerMaster: Registering BlockManager BlockManagerId(driver, 4a81c59a6e43, 37439, None)
[2025-12-21T16:49:11.515+0000] {subprocess.py:93} INFO - 25/12/21 16:49:11 INFO BlockManagerMasterEndpoint: Registering block manager 4a81c59a6e43:37439 with 434.4 MiB RAM, BlockManagerId(driver, 4a81c59a6e43, 37439, None)
[2025-12-21T16:49:11.529+0000] {subprocess.py:93} INFO - 25/12/21 16:49:11 INFO BlockManagerMaster: Registered BlockManager BlockManagerId(driver, 4a81c59a6e43, 37439, None)
[2025-12-21T16:49:11.534+0000] {subprocess.py:93} INFO - 25/12/21 16:49:11 INFO StandaloneAppClient$ClientEndpoint: Executor updated: app-20251221164911-0001/0 is now RUNNING
[2025-12-21T16:49:11.536+0000] {subprocess.py:93} INFO - 25/12/21 16:49:11 INFO BlockManager: Initialized BlockManager: BlockManagerId(driver, 4a81c59a6e43, 37439, None)
[2025-12-21T16:49:11.894+0000] {subprocess.py:93} INFO - 25/12/21 16:49:11 INFO StandaloneSchedulerBackend: SchedulerBackend is ready for scheduling beginning after reached minRegisteredResourcesRatio: 0.0
[2025-12-21T16:49:12.179+0000] {subprocess.py:93} INFO - 25/12/21 16:49:12 INFO SharedState: Setting hive.metastore.warehouse.dir ('null') to the value of spark.sql.warehouse.dir.
[2025-12-21T16:49:12.186+0000] {subprocess.py:93} INFO - 25/12/21 16:49:12 INFO SharedState: Warehouse path is 'file:/tmp/***tmpm4j1h09y/spark-warehouse'.
[2025-12-21T16:49:13.820+0000] {subprocess.py:93} INFO - 25/12/21 16:49:13 INFO client: MongoClient with metadata {"driver": {"name": "mongo-java-driver|sync|mongo-spark-connector|source", "version": "5.1.4|10.5.0"}, "os": {"type": "Linux", "name": "Linux", "architecture": "amd64", "version": "6.8.0-90-generic"}, "platform": "Java/Debian/17.0.17+10-Debian-1deb12u1|Scala/2.12.18/Spark/3.5.1", "env": {"container": {"runtime": "docker"}}} created with settings MongoClientSettings{readPreference=primary, writeConcern=WriteConcern{w=null, wTimeout=null ms, journal=null}, retryWrites=true, retryReads=true, readConcern=ReadConcern{level=null}, credential=MongoCredential{mechanism=null, userName='admin', source='admin', password=<hidden>, mechanismProperties=<hidden>}, transportSettings=null, commandListeners=[], codecRegistry=ProvidersCodecRegistry{codecProviders=[ValueCodecProvider{}, BsonValueCodecProvider{}, DBRefCodecProvider{}, DBObjectCodecProvider{}, DocumentCodecProvider{}, CollectionCodecProvider{}, IterableCodecProvider{}, MapCodecProvider{}, GeoJsonCodecProvider{}, GridFSFileCodecProvider{}, Jsr310CodecProvider{}, JsonObjectCodecProvider{}, BsonCodecProvider{}, EnumCodecProvider{}, com.mongodb.client.model.mql.ExpressionCodecProvider@29159308, com.mongodb.Jep395RecordCodecProvider@5af914d4, com.mongodb.KotlinCodecProvider@7a9902e3]}, loggerSettings=LoggerSettings{maxDocumentLength=1000}, clusterSettings={hosts=[mongodb:27017], srvServiceName=mongodb, mode=SINGLE, requiredClusterType=UNKNOWN, requiredReplicaSetName='null', serverSelector='null', clusterListeners='[]', serverSelectionTimeout='30000 ms', localThreshold='15 ms'}, socketSettings=SocketSettings{connectTimeoutMS=10000, readTimeoutMS=0, receiveBufferSize=0, proxySettings=ProxySettings{host=null, port=null, username=null, password=null}}, heartbeatSocketSettings=SocketSettings{connectTimeoutMS=10000, readTimeoutMS=10000, receiveBufferSize=0, proxySettings=ProxySettings{host=null, port=null, username=null, password=null}}, connectionPoolSettings=ConnectionPoolSettings{maxSize=100, minSize=0, maxWaitTimeMS=120000, maxConnectionLifeTimeMS=0, maxConnectionIdleTimeMS=0, maintenanceInitialDelayMS=0, maintenanceFrequencyMS=60000, connectionPoolListeners=[], maxConnecting=2}, serverSettings=ServerSettings{heartbeatFrequencyMS=10000, minHeartbeatFrequencyMS=500, serverMonitoringMode=AUTO, serverListeners='[]', serverMonitorListeners='[]'}, sslSettings=SslSettings{enabled=false, invalidHostNameAllowed=false, context=null}, applicationName='null', compressorList=[], uuidRepresentation=UNSPECIFIED, serverApi=null, autoEncryptionSettings=null, dnsClient=null, inetAddressResolver=null, contextProvider=null}
[2025-12-21T16:49:13.872+0000] {subprocess.py:93} INFO - 25/12/21 16:49:13 INFO cluster: Monitor thread successfully connected to server with description ServerDescription{address=mongodb:27017, type=STANDALONE, state=CONNECTED, ok=true, minWireVersion=0, maxWireVersion=21, maxDocumentSize=16777216, logicalSessionTimeoutMinutes=30, roundTripTimeNanos=45040709}
[2025-12-21T16:49:14.345+0000] {subprocess.py:93} INFO - 25/12/21 16:49:14 INFO MongoTable: Creating MongoTable: mongo-spark-connector-10.5.0
[2025-12-21T16:49:15.511+0000] {subprocess.py:93} INFO - 25/12/21 16:49:15 INFO V2ScanRelationPushDown:
[2025-12-21T16:49:15.512+0000] {subprocess.py:93} INFO - Output:
[2025-12-21T16:49:15.512+0000] {subprocess.py:93} INFO - 
[2025-12-21T16:49:15.721+0000] {subprocess.py:93} INFO - 25/12/21 16:49:15 INFO Partitioner: Getting collection stats for: services_publics.demandes
[2025-12-21T16:49:15.737+0000] {subprocess.py:93} INFO - 25/12/21 16:49:15 INFO Partitioner: Fewer documents (2717) than the calculated number of documents per partition (367816.0). Returning a single partition
[2025-12-21T16:49:15.833+0000] {subprocess.py:93} INFO - 25/12/21 16:49:15 INFO StandaloneSchedulerBackend$StandaloneDriverEndpoint: Registered executor NettyRpcEndpointRef(spark-client://Executor) (172.18.0.5:50928) with ID 0,  ResourceProfileId 0
[2025-12-21T16:49:15.834+0000] {subprocess.py:93} INFO - 25/12/21 16:49:15 INFO Partitioner: Getting collection stats for: services_publics.demandes
[2025-12-21T16:49:15.842+0000] {subprocess.py:93} INFO - 25/12/21 16:49:15 INFO Partitioner: Fewer documents (2717) than the calculated number of documents per partition (367816.0). Returning a single partition
[2025-12-21T16:49:15.930+0000] {subprocess.py:93} INFO - 25/12/21 16:49:15 INFO BlockManagerMasterEndpoint: Registering block manager 172.18.0.5:35817 with 1048.8 MiB RAM, BlockManagerId(0, 172.18.0.5, 35817, None)
[2025-12-21T16:49:16.424+0000] {subprocess.py:93} INFO - 25/12/21 16:49:16 INFO CodeGenerator: Code generated in 154.568792 ms
[2025-12-21T16:49:16.514+0000] {subprocess.py:93} INFO - 25/12/21 16:49:16 INFO DAGScheduler: Registering RDD 3 (count at NativeMethodAccessorImpl.java:0) as input to shuffle 0
[2025-12-21T16:49:16.523+0000] {subprocess.py:93} INFO - 25/12/21 16:49:16 INFO DAGScheduler: Got map stage job 0 (count at NativeMethodAccessorImpl.java:0) with 1 output partitions
[2025-12-21T16:49:16.524+0000] {subprocess.py:93} INFO - 25/12/21 16:49:16 INFO DAGScheduler: Final stage: ShuffleMapStage 0 (count at NativeMethodAccessorImpl.java:0)
[2025-12-21T16:49:16.525+0000] {subprocess.py:93} INFO - 25/12/21 16:49:16 INFO DAGScheduler: Parents of final stage: List()
[2025-12-21T16:49:16.526+0000] {subprocess.py:93} INFO - 25/12/21 16:49:16 INFO DAGScheduler: Missing parents: List()
[2025-12-21T16:49:16.529+0000] {subprocess.py:93} INFO - 25/12/21 16:49:16 INFO DAGScheduler: Submitting ShuffleMapStage 0 (MapPartitionsRDD[3] at count at NativeMethodAccessorImpl.java:0), which has no missing parents
[2025-12-21T16:49:16.659+0000] {subprocess.py:93} INFO - 25/12/21 16:49:16 INFO MemoryStore: Block broadcast_0 stored as values in memory (estimated size 14.3 KiB, free 434.4 MiB)
[2025-12-21T16:49:16.690+0000] {subprocess.py:93} INFO - 25/12/21 16:49:16 INFO MemoryStore: Block broadcast_0_piece0 stored as bytes in memory (estimated size 7.0 KiB, free 434.4 MiB)
[2025-12-21T16:49:16.692+0000] {subprocess.py:93} INFO - 25/12/21 16:49:16 INFO BlockManagerInfo: Added broadcast_0_piece0 in memory on 4a81c59a6e43:37439 (size: 7.0 KiB, free: 434.4 MiB)
[2025-12-21T16:49:16.695+0000] {subprocess.py:93} INFO - 25/12/21 16:49:16 INFO SparkContext: Created broadcast 0 from broadcast at DAGScheduler.scala:1585
[2025-12-21T16:49:16.710+0000] {subprocess.py:93} INFO - 25/12/21 16:49:16 INFO DAGScheduler: Submitting 1 missing tasks from ShuffleMapStage 0 (MapPartitionsRDD[3] at count at NativeMethodAccessorImpl.java:0) (first 15 tasks are for partitions Vector(0))
[2025-12-21T16:49:16.710+0000] {subprocess.py:93} INFO - 25/12/21 16:49:16 INFO TaskSchedulerImpl: Adding task set 0.0 with 1 tasks resource profile 0
[2025-12-21T16:49:16.745+0000] {subprocess.py:93} INFO - 25/12/21 16:49:16 INFO TaskSetManager: Starting task 0.0 in stage 0.0 (TID 0) (172.18.0.5, executor 0, partition 0, PROCESS_LOCAL, 8880 bytes)
[2025-12-21T16:49:16.951+0000] {subprocess.py:93} INFO - 25/12/21 16:49:16 INFO BlockManagerInfo: Added broadcast_0_piece0 in memory on 172.18.0.5:35817 (size: 7.0 KiB, free: 1048.8 MiB)
[2025-12-21T16:49:18.436+0000] {subprocess.py:93} INFO - 25/12/21 16:49:18 INFO TaskSetManager: Finished task 0.0 in stage 0.0 (TID 0) in 1706 ms on 172.18.0.5 (executor 0) (1/1)
[2025-12-21T16:49:18.441+0000] {subprocess.py:93} INFO - 25/12/21 16:49:18 INFO TaskSchedulerImpl: Removed TaskSet 0.0, whose tasks have all completed, from pool
[2025-12-21T16:49:18.455+0000] {subprocess.py:93} INFO - 25/12/21 16:49:18 INFO DAGScheduler: ShuffleMapStage 0 (count at NativeMethodAccessorImpl.java:0) finished in 1.912 s
[2025-12-21T16:49:18.458+0000] {subprocess.py:93} INFO - 25/12/21 16:49:18 INFO DAGScheduler: looking for newly runnable stages
[2025-12-21T16:49:18.459+0000] {subprocess.py:93} INFO - 25/12/21 16:49:18 INFO DAGScheduler: running: Set()
[2025-12-21T16:49:18.459+0000] {subprocess.py:93} INFO - 25/12/21 16:49:18 INFO DAGScheduler: waiting: Set()
[2025-12-21T16:49:18.463+0000] {subprocess.py:93} INFO - 25/12/21 16:49:18 INFO DAGScheduler: failed: Set()
[2025-12-21T16:49:18.527+0000] {subprocess.py:93} INFO - 25/12/21 16:49:18 INFO CodeGenerator: Code generated in 14.070012 ms
[2025-12-21T16:49:18.564+0000] {subprocess.py:93} INFO - 25/12/21 16:49:18 INFO SparkContext: Starting job: count at NativeMethodAccessorImpl.java:0
[2025-12-21T16:49:18.569+0000] {subprocess.py:93} INFO - 25/12/21 16:49:18 INFO DAGScheduler: Got job 1 (count at NativeMethodAccessorImpl.java:0) with 1 output partitions
[2025-12-21T16:49:18.569+0000] {subprocess.py:93} INFO - 25/12/21 16:49:18 INFO DAGScheduler: Final stage: ResultStage 2 (count at NativeMethodAccessorImpl.java:0)
[2025-12-21T16:49:18.569+0000] {subprocess.py:93} INFO - 25/12/21 16:49:18 INFO DAGScheduler: Parents of final stage: List(ShuffleMapStage 1)
[2025-12-21T16:49:18.571+0000] {subprocess.py:93} INFO - 25/12/21 16:49:18 INFO DAGScheduler: Missing parents: List()
[2025-12-21T16:49:18.577+0000] {subprocess.py:93} INFO - 25/12/21 16:49:18 INFO DAGScheduler: Submitting ResultStage 2 (MapPartitionsRDD[6] at count at NativeMethodAccessorImpl.java:0), which has no missing parents
[2025-12-21T16:49:18.598+0000] {subprocess.py:93} INFO - 25/12/21 16:49:18 INFO MemoryStore: Block broadcast_1 stored as values in memory (estimated size 12.5 KiB, free 434.4 MiB)
[2025-12-21T16:49:18.602+0000] {subprocess.py:93} INFO - 25/12/21 16:49:18 INFO MemoryStore: Block broadcast_1_piece0 stored as bytes in memory (estimated size 5.9 KiB, free 434.4 MiB)
[2025-12-21T16:49:18.603+0000] {subprocess.py:93} INFO - 25/12/21 16:49:18 INFO BlockManagerInfo: Added broadcast_1_piece0 in memory on 4a81c59a6e43:37439 (size: 5.9 KiB, free: 434.4 MiB)
[2025-12-21T16:49:18.605+0000] {subprocess.py:93} INFO - 25/12/21 16:49:18 INFO SparkContext: Created broadcast 1 from broadcast at DAGScheduler.scala:1585
[2025-12-21T16:49:18.608+0000] {subprocess.py:93} INFO - 25/12/21 16:49:18 INFO DAGScheduler: Submitting 1 missing tasks from ResultStage 2 (MapPartitionsRDD[6] at count at NativeMethodAccessorImpl.java:0) (first 15 tasks are for partitions Vector(0))
[2025-12-21T16:49:18.608+0000] {subprocess.py:93} INFO - 25/12/21 16:49:18 INFO TaskSchedulerImpl: Adding task set 2.0 with 1 tasks resource profile 0
[2025-12-21T16:49:18.619+0000] {subprocess.py:93} INFO - 25/12/21 16:49:18 INFO TaskSetManager: Starting task 0.0 in stage 2.0 (TID 1) (172.18.0.5, executor 0, partition 0, NODE_LOCAL, 8635 bytes)
[2025-12-21T16:49:18.641+0000] {subprocess.py:93} INFO - 25/12/21 16:49:18 INFO BlockManagerInfo: Removed broadcast_0_piece0 on 4a81c59a6e43:37439 in memory (size: 7.0 KiB, free: 434.4 MiB)
[2025-12-21T16:49:18.656+0000] {subprocess.py:93} INFO - 25/12/21 16:49:18 INFO BlockManagerInfo: Removed broadcast_0_piece0 on 172.18.0.5:35817 in memory (size: 7.0 KiB, free: 1048.8 MiB)
[2025-12-21T16:49:18.686+0000] {subprocess.py:93} INFO - 25/12/21 16:49:18 INFO BlockManagerInfo: Added broadcast_1_piece0 in memory on 172.18.0.5:35817 (size: 5.9 KiB, free: 1048.8 MiB)
[2025-12-21T16:49:18.774+0000] {subprocess.py:93} INFO - 25/12/21 16:49:18 INFO MapOutputTrackerMasterEndpoint: Asked to send map output locations for shuffle 0 to 172.18.0.5:50928
[2025-12-21T16:49:18.882+0000] {subprocess.py:93} INFO - 25/12/21 16:49:18 INFO TaskSetManager: Finished task 0.0 in stage 2.0 (TID 1) in 268 ms on 172.18.0.5 (executor 0) (1/1)
[2025-12-21T16:49:18.885+0000] {subprocess.py:93} INFO - 25/12/21 16:49:18 INFO TaskSchedulerImpl: Removed TaskSet 2.0, whose tasks have all completed, from pool
[2025-12-21T16:49:18.885+0000] {subprocess.py:93} INFO - 25/12/21 16:49:18 INFO DAGScheduler: ResultStage 2 (count at NativeMethodAccessorImpl.java:0) finished in 0.299 s
[2025-12-21T16:49:18.886+0000] {subprocess.py:93} INFO - 25/12/21 16:49:18 INFO DAGScheduler: Job 1 is finished. Cancelling potential speculative or zombie tasks for this job
[2025-12-21T16:49:18.889+0000] {subprocess.py:93} INFO - 25/12/21 16:49:18 INFO TaskSchedulerImpl: Killing all running tasks in stage 2: Stage finished
[2025-12-21T16:49:18.891+0000] {subprocess.py:93} INFO - 25/12/21 16:49:18 INFO DAGScheduler: Job 1 finished: count at NativeMethodAccessorImpl.java:0, took 0.325675 s
[2025-12-21T16:49:18.897+0000] {subprocess.py:93} INFO - 📥 Nombre de documents MongoDB : 2717
[2025-12-21T16:49:19.098+0000] {subprocess.py:93} INFO - Traceback (most recent call last):
[2025-12-21T16:49:19.099+0000] {subprocess.py:93} INFO -   File "/opt/***/spark_jobs/ingestion.py", line 29, in <module>
[2025-12-21T16:49:19.099+0000] {subprocess.py:93} INFO -     .withColumn(
[2025-12-21T16:49:19.099+0000] {subprocess.py:93} INFO -   File "/opt/spark/python/lib/pyspark.zip/pyspark/sql/dataframe.py", line 5174, in withColumn
[2025-12-21T16:49:19.099+0000] {subprocess.py:93} INFO -   File "/opt/spark/python/lib/py4j-0.10.9.7-src.zip/py4j/java_gateway.py", line 1322, in __call__
[2025-12-21T16:49:19.100+0000] {subprocess.py:93} INFO -   File "/opt/spark/python/lib/pyspark.zip/pyspark/errors/exceptions/captured.py", line 185, in deco
[2025-12-21T16:49:19.106+0000] {subprocess.py:93} INFO - pyspark.errors.exceptions.captured.AnalysisException: [UNRESOLVED_COLUMN.WITH_SUGGESTION] A column or function parameter with name `event`.`id` cannot be resolved. Did you mean one of the following? [`_id`, `event_date`, `statut`, `comment`, `service`].;
[2025-12-21T16:49:19.107+0000] {subprocess.py:93} INFO - 'Project [_id#0, comment#1, date_creation#2, delai_traitement#3, description#4, event_date#5, localisation#6, location#7, service#8, statut#9, type_demande#10, coalesce('event.id, 'request_id) AS id#41]
[2025-12-21T16:49:19.108+0000] {subprocess.py:93} INFO - +- RelationV2[_id#0, comment#1, date_creation#2, delai_traitement#3, description#4, event_date#5, localisation#6, location#7, service#8, statut#9, type_demande#10]  MongoTable()
[2025-12-21T16:49:19.108+0000] {subprocess.py:93} INFO - 
[2025-12-21T16:49:19.159+0000] {subprocess.py:93} INFO - 25/12/21 16:49:19 INFO SparkContext: Invoking stop() from shutdown hook
[2025-12-21T16:49:19.159+0000] {subprocess.py:93} INFO - 25/12/21 16:49:19 INFO SparkContext: SparkContext is stopping with exitCode 0.
[2025-12-21T16:49:19.170+0000] {subprocess.py:93} INFO - 25/12/21 16:49:19 INFO SparkUI: Stopped Spark web UI at http://4a81c59a6e43:4040
[2025-12-21T16:49:19.172+0000] {subprocess.py:93} INFO - 25/12/21 16:49:19 INFO StandaloneSchedulerBackend: Shutting down all executors
[2025-12-21T16:49:19.173+0000] {subprocess.py:93} INFO - 25/12/21 16:49:19 INFO StandaloneSchedulerBackend$StandaloneDriverEndpoint: Asking each executor to shut down
[2025-12-21T16:49:19.194+0000] {subprocess.py:93} INFO - 25/12/21 16:49:19 INFO MapOutputTrackerMasterEndpoint: MapOutputTrackerMasterEndpoint stopped!
[2025-12-21T16:49:19.213+0000] {subprocess.py:93} INFO - 25/12/21 16:49:19 INFO MemoryStore: MemoryStore cleared
[2025-12-21T16:49:19.214+0000] {subprocess.py:93} INFO - 25/12/21 16:49:19 INFO BlockManager: BlockManager stopped
[2025-12-21T16:49:19.222+0000] {subprocess.py:93} INFO - 25/12/21 16:49:19 INFO BlockManagerMaster: BlockManagerMaster stopped
[2025-12-21T16:49:19.223+0000] {subprocess.py:93} INFO - 25/12/21 16:49:19 INFO OutputCommitCoordinator$OutputCommitCoordinatorEndpoint: OutputCommitCoordinator stopped!
[2025-12-21T16:49:19.240+0000] {subprocess.py:93} INFO - 25/12/21 16:49:19 INFO SparkContext: Successfully stopped SparkContext
[2025-12-21T16:49:19.241+0000] {subprocess.py:93} INFO - 25/12/21 16:49:19 INFO ShutdownHookManager: Shutdown hook called
[2025-12-21T16:49:19.241+0000] {subprocess.py:93} INFO - 25/12/21 16:49:19 INFO ShutdownHookManager: Deleting directory /tmp/spark-5039a96b-9e7a-4063-ab5f-2399694b66b9
[2025-12-21T16:49:19.246+0000] {subprocess.py:93} INFO - 25/12/21 16:49:19 INFO ShutdownHookManager: Deleting directory /tmp/spark-32892abc-60b1-4329-9e01-9c26d977f26c/pyspark-183d3eae-366b-43f5-9c5c-92ac0394c7e9
[2025-12-21T16:49:19.252+0000] {subprocess.py:93} INFO - 25/12/21 16:49:19 INFO ShutdownHookManager: Deleting directory /tmp/spark-32892abc-60b1-4329-9e01-9c26d977f26c
[2025-12-21T16:49:19.696+0000] {subprocess.py:97} INFO - Command exited with return code 1
[2025-12-21T16:49:19.749+0000] {taskinstance.py:2699} ERROR - Task failed with exception
Traceback (most recent call last):
  File "/home/airflow/.local/lib/python3.10/site-packages/airflow/models/taskinstance.py", line 433, in _execute_task
    result = execute_callable(context=context, **execute_callable_kwargs)
  File "/home/airflow/.local/lib/python3.10/site-packages/airflow/operators/bash.py", line 212, in execute
    raise AirflowException(
airflow.exceptions.AirflowException: Bash command failed. The command returned a non-zero exit code 1.
[2025-12-21T16:49:19.760+0000] {taskinstance.py:1138} INFO - Marking task as UP_FOR_RETRY. dag_id=pipeline_services_publics_togo, task_id=ingestion_mongodb, execution_date=20251221T164317, start_date=20251221T164903, end_date=20251221T164919
[2025-12-21T16:49:19.802+0000] {standard_task_runner.py:107} ERROR - Failed to execute job 26 for task ingestion_mongodb (Bash command failed. The command returned a non-zero exit code 1.; 416)
[2025-12-21T16:49:19.835+0000] {local_task_job_runner.py:234} INFO - Task exited with return code 1
[2025-12-21T16:49:19.918+0000] {taskinstance.py:3281} INFO - 0 downstream tasks scheduled from follow-on schedule check
