[2025-12-21T16:54:21.394+0000] {taskinstance.py:1957} INFO - Dependencies all met for dep_context=non-requeueable deps ti=<TaskInstance: pipeline_services_publics_togo.ingestion_mongodb manual__2025-12-21T16:43:17.936934+00:00 [queued]>
[2025-12-21T16:54:21.424+0000] {taskinstance.py:1957} INFO - Dependencies all met for dep_context=requeueable deps ti=<TaskInstance: pipeline_services_publics_togo.ingestion_mongodb manual__2025-12-21T16:43:17.936934+00:00 [queued]>
[2025-12-21T16:54:21.425+0000] {taskinstance.py:2171} INFO - Starting attempt 3 of 3
[2025-12-21T16:54:21.496+0000] {taskinstance.py:2192} INFO - Executing <Task(BashOperator): ingestion_mongodb> on 2025-12-21 16:43:17.936934+00:00
[2025-12-21T16:54:21.512+0000] {standard_task_runner.py:60} INFO - Started process 630 to run task
[2025-12-21T16:54:21.522+0000] {standard_task_runner.py:87} INFO - Running: ['***', 'tasks', 'run', 'pipeline_services_publics_togo', 'ingestion_mongodb', 'manual__2025-12-21T16:43:17.936934+00:00', '--job-id', '27', '--raw', '--subdir', 'DAGS_FOLDER/pipeline_services_publics.py', '--cfg-path', '/tmp/tmpxqof0at8']
[2025-12-21T16:54:21.530+0000] {standard_task_runner.py:88} INFO - Job 27: Subtask ingestion_mongodb
[2025-12-21T16:54:21.626+0000] {task_command.py:423} INFO - Running <TaskInstance: pipeline_services_publics_togo.ingestion_mongodb manual__2025-12-21T16:43:17.936934+00:00 [running]> on host 4a81c59a6e43
[2025-12-21T16:54:21.723+0000] {taskinstance.py:2481} INFO - Exporting env vars: AIRFLOW_CTX_DAG_OWNER='data-engineer' AIRFLOW_CTX_DAG_ID='pipeline_services_publics_togo' AIRFLOW_CTX_TASK_ID='ingestion_mongodb' AIRFLOW_CTX_EXECUTION_DATE='2025-12-21T16:43:17.936934+00:00' AIRFLOW_CTX_TRY_NUMBER='3' AIRFLOW_CTX_DAG_RUN_ID='manual__2025-12-21T16:43:17.936934+00:00'
[2025-12-21T16:54:21.724+0000] {subprocess.py:63} INFO - Tmp dir root location: /tmp
[2025-12-21T16:54:21.725+0000] {subprocess.py:75} INFO - Running command: ['/usr/bin/bash', '-c', '\n    /opt/spark/bin/spark-submit       --master spark://spark-master:7077       --packages org.mongodb.spark:mongo-spark-connector_2.12:10.5.0       --executor-memory 2G       --driver-memory 1G       /opt/***/spark_jobs/ingestion.py\n    ']
[2025-12-21T16:54:21.736+0000] {subprocess.py:86} INFO - Output:
[2025-12-21T16:54:23.157+0000] {subprocess.py:93} INFO - :: loading settings :: url = jar:file:/opt/spark/jars/ivy-2.5.1.jar!/org/apache/ivy/core/settings/ivysettings.xml
[2025-12-21T16:54:23.218+0000] {subprocess.py:93} INFO - Ivy Default Cache set to: /home/***/.ivy2/cache
[2025-12-21T16:54:23.219+0000] {subprocess.py:93} INFO - The jars for the packages stored in: /home/***/.ivy2/jars
[2025-12-21T16:54:23.223+0000] {subprocess.py:93} INFO - org.mongodb.spark#mongo-spark-connector_2.12 added as a dependency
[2025-12-21T16:54:23.225+0000] {subprocess.py:93} INFO - :: resolving dependencies :: org.apache.spark#spark-submit-parent-13af90ca-0aba-46f4-8bc0-cc14db570c58;1.0
[2025-12-21T16:54:23.226+0000] {subprocess.py:93} INFO - 	confs: [default]
[2025-12-21T16:54:23.319+0000] {subprocess.py:93} INFO - 	found org.mongodb.spark#mongo-spark-connector_2.12;10.5.0 in central
[2025-12-21T16:54:25.148+0000] {subprocess.py:93} INFO - 	found org.mongodb#mongodb-driver-sync;5.1.4 in central
[2025-12-21T16:54:25.149+0000] {subprocess.py:93} INFO - 	[5.1.4] org.mongodb#mongodb-driver-sync;[5.1.1,5.1.99)
[2025-12-21T16:54:25.274+0000] {subprocess.py:93} INFO - 	found org.mongodb#bson;5.1.4 in central
[2025-12-21T16:54:25.380+0000] {subprocess.py:93} INFO - 	found org.mongodb#mongodb-driver-core;5.1.4 in central
[2025-12-21T16:54:25.421+0000] {subprocess.py:93} INFO - 	found org.mongodb#bson-record-codec;5.1.4 in central
[2025-12-21T16:54:25.458+0000] {subprocess.py:93} INFO - :: resolution report :: resolve 2217ms :: artifacts dl 15ms
[2025-12-21T16:54:25.458+0000] {subprocess.py:93} INFO - 	:: modules in use:
[2025-12-21T16:54:25.458+0000] {subprocess.py:93} INFO - 	org.mongodb#bson;5.1.4 from central in [default]
[2025-12-21T16:54:25.458+0000] {subprocess.py:93} INFO - 	org.mongodb#bson-record-codec;5.1.4 from central in [default]
[2025-12-21T16:54:25.459+0000] {subprocess.py:93} INFO - 	org.mongodb#mongodb-driver-core;5.1.4 from central in [default]
[2025-12-21T16:54:25.459+0000] {subprocess.py:93} INFO - 	org.mongodb#mongodb-driver-sync;5.1.4 from central in [default]
[2025-12-21T16:54:25.460+0000] {subprocess.py:93} INFO - 	org.mongodb.spark#mongo-spark-connector_2.12;10.5.0 from central in [default]
[2025-12-21T16:54:25.460+0000] {subprocess.py:93} INFO - 	---------------------------------------------------------------------
[2025-12-21T16:54:25.460+0000] {subprocess.py:93} INFO - 	|                  |            modules            ||   artifacts   |
[2025-12-21T16:54:25.460+0000] {subprocess.py:93} INFO - 	|       conf       | number| search|dwnlded|evicted|| number|dwnlded|
[2025-12-21T16:54:25.460+0000] {subprocess.py:93} INFO - 	---------------------------------------------------------------------
[2025-12-21T16:54:25.460+0000] {subprocess.py:93} INFO - 	|      default     |   5   |   1   |   0   |   0   ||   5   |   0   |
[2025-12-21T16:54:25.460+0000] {subprocess.py:93} INFO - 	---------------------------------------------------------------------
[2025-12-21T16:54:25.462+0000] {subprocess.py:93} INFO - :: retrieving :: org.apache.spark#spark-submit-parent-13af90ca-0aba-46f4-8bc0-cc14db570c58
[2025-12-21T16:54:25.466+0000] {subprocess.py:93} INFO - 	confs: [default]
[2025-12-21T16:54:25.466+0000] {subprocess.py:93} INFO - 	0 artifacts copied, 5 already retrieved (0kB/6ms)
[2025-12-21T16:54:25.709+0000] {subprocess.py:93} INFO - 25/12/21 16:54:25 WARN NativeCodeLoader: Unable to load native-hadoop library for your platform... using builtin-java classes where applicable
[2025-12-21T16:54:26.696+0000] {subprocess.py:93} INFO - 25/12/21 16:54:26 INFO SparkContext: Running Spark version 3.5.1
[2025-12-21T16:54:26.701+0000] {subprocess.py:93} INFO - 25/12/21 16:54:26 INFO SparkContext: OS info Linux, 6.8.0-90-generic, amd64
[2025-12-21T16:54:26.701+0000] {subprocess.py:93} INFO - 25/12/21 16:54:26 INFO SparkContext: Java version 17.0.17
[2025-12-21T16:54:26.752+0000] {subprocess.py:93} INFO - 25/12/21 16:54:26 INFO ResourceUtils: ==============================================================
[2025-12-21T16:54:26.753+0000] {subprocess.py:93} INFO - 25/12/21 16:54:26 INFO ResourceUtils: No custom resources configured for spark.driver.
[2025-12-21T16:54:26.753+0000] {subprocess.py:93} INFO - 25/12/21 16:54:26 INFO ResourceUtils: ==============================================================
[2025-12-21T16:54:26.756+0000] {subprocess.py:93} INFO - 25/12/21 16:54:26 INFO SparkContext: Submitted application: Ingestion_MongoDB_Raw
[2025-12-21T16:54:26.789+0000] {subprocess.py:93} INFO - 25/12/21 16:54:26 INFO ResourceProfile: Default ResourceProfile created, executor resources: Map(memory -> name: memory, amount: 2048, script: , vendor: , offHeap -> name: offHeap, amount: 0, script: , vendor: ), task resources: Map(cpus -> name: cpus, amount: 1.0)
[2025-12-21T16:54:26.802+0000] {subprocess.py:93} INFO - 25/12/21 16:54:26 INFO ResourceProfile: Limiting resource is cpu
[2025-12-21T16:54:26.806+0000] {subprocess.py:93} INFO - 25/12/21 16:54:26 INFO ResourceProfileManager: Added ResourceProfile id: 0
[2025-12-21T16:54:26.874+0000] {subprocess.py:93} INFO - 25/12/21 16:54:26 INFO SecurityManager: Changing view acls to: ***
[2025-12-21T16:54:26.875+0000] {subprocess.py:93} INFO - 25/12/21 16:54:26 INFO SecurityManager: Changing modify acls to: ***
[2025-12-21T16:54:26.875+0000] {subprocess.py:93} INFO - 25/12/21 16:54:26 INFO SecurityManager: Changing view acls groups to:
[2025-12-21T16:54:26.876+0000] {subprocess.py:93} INFO - 25/12/21 16:54:26 INFO SecurityManager: Changing modify acls groups to:
[2025-12-21T16:54:26.876+0000] {subprocess.py:93} INFO - 25/12/21 16:54:26 INFO SecurityManager: SecurityManager: authentication disabled; ui acls disabled; users with view permissions: ***; groups with view permissions: EMPTY; users with modify permissions: ***; groups with modify permissions: EMPTY
[2025-12-21T16:54:27.069+0000] {subprocess.py:93} INFO - 25/12/21 16:54:27 INFO Utils: Successfully started service 'sparkDriver' on port 40185.
[2025-12-21T16:54:27.092+0000] {subprocess.py:93} INFO - 25/12/21 16:54:27 INFO SparkEnv: Registering MapOutputTracker
[2025-12-21T16:54:27.123+0000] {subprocess.py:93} INFO - 25/12/21 16:54:27 INFO SparkEnv: Registering BlockManagerMaster
[2025-12-21T16:54:27.140+0000] {subprocess.py:93} INFO - 25/12/21 16:54:27 INFO BlockManagerMasterEndpoint: Using org.apache.spark.storage.DefaultTopologyMapper for getting topology information
[2025-12-21T16:54:27.141+0000] {subprocess.py:93} INFO - 25/12/21 16:54:27 INFO BlockManagerMasterEndpoint: BlockManagerMasterEndpoint up
[2025-12-21T16:54:27.144+0000] {subprocess.py:93} INFO - 25/12/21 16:54:27 INFO SparkEnv: Registering BlockManagerMasterHeartbeat
[2025-12-21T16:54:27.164+0000] {subprocess.py:93} INFO - 25/12/21 16:54:27 INFO DiskBlockManager: Created local directory at /tmp/blockmgr-0f269daf-c750-4670-a566-74d4ae0cca12
[2025-12-21T16:54:27.177+0000] {subprocess.py:93} INFO - 25/12/21 16:54:27 INFO MemoryStore: MemoryStore started with capacity 434.4 MiB
[2025-12-21T16:54:27.192+0000] {subprocess.py:93} INFO - 25/12/21 16:54:27 INFO SparkEnv: Registering OutputCommitCoordinator
[2025-12-21T16:54:27.305+0000] {subprocess.py:93} INFO - 25/12/21 16:54:27 INFO JettyUtils: Start Jetty 0.0.0.0:4040 for SparkUI
[2025-12-21T16:54:27.362+0000] {subprocess.py:93} INFO - 25/12/21 16:54:27 INFO Utils: Successfully started service 'SparkUI' on port 4040.
[2025-12-21T16:54:27.394+0000] {subprocess.py:93} INFO - 25/12/21 16:54:27 INFO SparkContext: Added JAR file:///home/***/.ivy2/jars/org.mongodb.spark_mongo-spark-connector_2.12-10.5.0.jar at spark://4a81c59a6e43:40185/jars/org.mongodb.spark_mongo-spark-connector_2.12-10.5.0.jar with timestamp 1766336066685
[2025-12-21T16:54:27.395+0000] {subprocess.py:93} INFO - 25/12/21 16:54:27 INFO SparkContext: Added JAR file:///home/***/.ivy2/jars/org.mongodb_mongodb-driver-sync-5.1.4.jar at spark://4a81c59a6e43:40185/jars/org.mongodb_mongodb-driver-sync-5.1.4.jar with timestamp 1766336066685
[2025-12-21T16:54:27.395+0000] {subprocess.py:93} INFO - 25/12/21 16:54:27 INFO SparkContext: Added JAR file:///home/***/.ivy2/jars/org.mongodb_bson-5.1.4.jar at spark://4a81c59a6e43:40185/jars/org.mongodb_bson-5.1.4.jar with timestamp 1766336066685
[2025-12-21T16:54:27.395+0000] {subprocess.py:93} INFO - 25/12/21 16:54:27 INFO SparkContext: Added JAR file:///home/***/.ivy2/jars/org.mongodb_mongodb-driver-core-5.1.4.jar at spark://4a81c59a6e43:40185/jars/org.mongodb_mongodb-driver-core-5.1.4.jar with timestamp 1766336066685
[2025-12-21T16:54:27.395+0000] {subprocess.py:93} INFO - 25/12/21 16:54:27 INFO SparkContext: Added JAR file:///home/***/.ivy2/jars/org.mongodb_bson-record-codec-5.1.4.jar at spark://4a81c59a6e43:40185/jars/org.mongodb_bson-record-codec-5.1.4.jar with timestamp 1766336066685
[2025-12-21T16:54:27.398+0000] {subprocess.py:93} INFO - 25/12/21 16:54:27 INFO SparkContext: Added file file:///home/***/.ivy2/jars/org.mongodb.spark_mongo-spark-connector_2.12-10.5.0.jar at spark://4a81c59a6e43:40185/files/org.mongodb.spark_mongo-spark-connector_2.12-10.5.0.jar with timestamp 1766336066685
[2025-12-21T16:54:27.399+0000] {subprocess.py:93} INFO - 25/12/21 16:54:27 INFO Utils: Copying /home/***/.ivy2/jars/org.mongodb.spark_mongo-spark-connector_2.12-10.5.0.jar to /tmp/spark-35f36b36-f13c-4537-842d-501adbf544c2/userFiles-5116bc58-dcbe-4ed3-af2d-1b4dc840bb06/org.mongodb.spark_mongo-spark-connector_2.12-10.5.0.jar
[2025-12-21T16:54:27.408+0000] {subprocess.py:93} INFO - 25/12/21 16:54:27 INFO SparkContext: Added file file:///home/***/.ivy2/jars/org.mongodb_mongodb-driver-sync-5.1.4.jar at spark://4a81c59a6e43:40185/files/org.mongodb_mongodb-driver-sync-5.1.4.jar with timestamp 1766336066685
[2025-12-21T16:54:27.409+0000] {subprocess.py:93} INFO - 25/12/21 16:54:27 INFO Utils: Copying /home/***/.ivy2/jars/org.mongodb_mongodb-driver-sync-5.1.4.jar to /tmp/spark-35f36b36-f13c-4537-842d-501adbf544c2/userFiles-5116bc58-dcbe-4ed3-af2d-1b4dc840bb06/org.mongodb_mongodb-driver-sync-5.1.4.jar
[2025-12-21T16:54:27.413+0000] {subprocess.py:93} INFO - 25/12/21 16:54:27 INFO SparkContext: Added file file:///home/***/.ivy2/jars/org.mongodb_bson-5.1.4.jar at spark://4a81c59a6e43:40185/files/org.mongodb_bson-5.1.4.jar with timestamp 1766336066685
[2025-12-21T16:54:27.414+0000] {subprocess.py:93} INFO - 25/12/21 16:54:27 INFO Utils: Copying /home/***/.ivy2/jars/org.mongodb_bson-5.1.4.jar to /tmp/spark-35f36b36-f13c-4537-842d-501adbf544c2/userFiles-5116bc58-dcbe-4ed3-af2d-1b4dc840bb06/org.mongodb_bson-5.1.4.jar
[2025-12-21T16:54:27.419+0000] {subprocess.py:93} INFO - 25/12/21 16:54:27 INFO SparkContext: Added file file:///home/***/.ivy2/jars/org.mongodb_mongodb-driver-core-5.1.4.jar at spark://4a81c59a6e43:40185/files/org.mongodb_mongodb-driver-core-5.1.4.jar with timestamp 1766336066685
[2025-12-21T16:54:27.420+0000] {subprocess.py:93} INFO - 25/12/21 16:54:27 INFO Utils: Copying /home/***/.ivy2/jars/org.mongodb_mongodb-driver-core-5.1.4.jar to /tmp/spark-35f36b36-f13c-4537-842d-501adbf544c2/userFiles-5116bc58-dcbe-4ed3-af2d-1b4dc840bb06/org.mongodb_mongodb-driver-core-5.1.4.jar
[2025-12-21T16:54:27.428+0000] {subprocess.py:93} INFO - 25/12/21 16:54:27 INFO SparkContext: Added file file:///home/***/.ivy2/jars/org.mongodb_bson-record-codec-5.1.4.jar at spark://4a81c59a6e43:40185/files/org.mongodb_bson-record-codec-5.1.4.jar with timestamp 1766336066685
[2025-12-21T16:54:27.428+0000] {subprocess.py:93} INFO - 25/12/21 16:54:27 INFO Utils: Copying /home/***/.ivy2/jars/org.mongodb_bson-record-codec-5.1.4.jar to /tmp/spark-35f36b36-f13c-4537-842d-501adbf544c2/userFiles-5116bc58-dcbe-4ed3-af2d-1b4dc840bb06/org.mongodb_bson-record-codec-5.1.4.jar
[2025-12-21T16:54:27.511+0000] {subprocess.py:93} INFO - 25/12/21 16:54:27 INFO StandaloneAppClient$ClientEndpoint: Connecting to master spark://spark-master:7077...
[2025-12-21T16:54:27.552+0000] {subprocess.py:93} INFO - 25/12/21 16:54:27 INFO TransportClientFactory: Successfully created connection to spark-master/172.18.0.2:7077 after 22 ms (0 ms spent in bootstraps)
[2025-12-21T16:54:27.649+0000] {subprocess.py:93} INFO - 25/12/21 16:54:27 INFO StandaloneSchedulerBackend: Connected to Spark cluster with app ID app-20251221165427-0002
[2025-12-21T16:54:27.654+0000] {subprocess.py:93} INFO - 25/12/21 16:54:27 INFO StandaloneAppClient$ClientEndpoint: Executor added: app-20251221165427-0002/0 on worker-20251221164216-172.18.0.5-41713 (172.18.0.5:41713) with 2 core(s)
[2025-12-21T16:54:27.659+0000] {subprocess.py:93} INFO - 25/12/21 16:54:27 INFO Utils: Successfully started service 'org.apache.spark.network.netty.NettyBlockTransferService' on port 40599.
[2025-12-21T16:54:27.659+0000] {subprocess.py:93} INFO - 25/12/21 16:54:27 INFO NettyBlockTransferService: Server created on 4a81c59a6e43:40599
[2025-12-21T16:54:27.660+0000] {subprocess.py:93} INFO - 25/12/21 16:54:27 INFO BlockManager: Using org.apache.spark.storage.RandomBlockReplicationPolicy for block replication policy
[2025-12-21T16:54:27.662+0000] {subprocess.py:93} INFO - 25/12/21 16:54:27 INFO StandaloneSchedulerBackend: Granted executor ID app-20251221165427-0002/0 on hostPort 172.18.0.5:41713 with 2 core(s), 2.0 GiB RAM
[2025-12-21T16:54:27.669+0000] {subprocess.py:93} INFO - 25/12/21 16:54:27 INFO BlockManagerMaster: Registering BlockManager BlockManagerId(driver, 4a81c59a6e43, 40599, None)
[2025-12-21T16:54:27.673+0000] {subprocess.py:93} INFO - 25/12/21 16:54:27 INFO BlockManagerMasterEndpoint: Registering block manager 4a81c59a6e43:40599 with 434.4 MiB RAM, BlockManagerId(driver, 4a81c59a6e43, 40599, None)
[2025-12-21T16:54:27.677+0000] {subprocess.py:93} INFO - 25/12/21 16:54:27 INFO BlockManagerMaster: Registered BlockManager BlockManagerId(driver, 4a81c59a6e43, 40599, None)
[2025-12-21T16:54:27.677+0000] {subprocess.py:93} INFO - 25/12/21 16:54:27 INFO BlockManager: Initialized BlockManager: BlockManagerId(driver, 4a81c59a6e43, 40599, None)
[2025-12-21T16:54:27.732+0000] {subprocess.py:93} INFO - 25/12/21 16:54:27 INFO StandaloneAppClient$ClientEndpoint: Executor updated: app-20251221165427-0002/0 is now RUNNING
[2025-12-21T16:54:28.033+0000] {subprocess.py:93} INFO - 25/12/21 16:54:28 INFO StandaloneSchedulerBackend: SchedulerBackend is ready for scheduling beginning after reached minRegisteredResourcesRatio: 0.0
[2025-12-21T16:54:28.281+0000] {subprocess.py:93} INFO - 25/12/21 16:54:28 INFO SharedState: Setting hive.metastore.warehouse.dir ('null') to the value of spark.sql.warehouse.dir.
[2025-12-21T16:54:28.284+0000] {subprocess.py:93} INFO - 25/12/21 16:54:28 INFO SharedState: Warehouse path is 'file:/tmp/***tmpv3fny_ww/spark-warehouse'.
[2025-12-21T16:54:29.847+0000] {subprocess.py:93} INFO - 25/12/21 16:54:29 INFO client: MongoClient with metadata {"driver": {"name": "mongo-java-driver|sync|mongo-spark-connector|source", "version": "5.1.4|10.5.0"}, "os": {"type": "Linux", "name": "Linux", "architecture": "amd64", "version": "6.8.0-90-generic"}, "platform": "Java/Debian/17.0.17+10-Debian-1deb12u1|Scala/2.12.18/Spark/3.5.1", "env": {"container": {"runtime": "docker"}}} created with settings MongoClientSettings{readPreference=primary, writeConcern=WriteConcern{w=null, wTimeout=null ms, journal=null}, retryWrites=true, retryReads=true, readConcern=ReadConcern{level=null}, credential=MongoCredential{mechanism=null, userName='admin', source='admin', password=<hidden>, mechanismProperties=<hidden>}, transportSettings=null, commandListeners=[], codecRegistry=ProvidersCodecRegistry{codecProviders=[ValueCodecProvider{}, BsonValueCodecProvider{}, DBRefCodecProvider{}, DBObjectCodecProvider{}, DocumentCodecProvider{}, CollectionCodecProvider{}, IterableCodecProvider{}, MapCodecProvider{}, GeoJsonCodecProvider{}, GridFSFileCodecProvider{}, Jsr310CodecProvider{}, JsonObjectCodecProvider{}, BsonCodecProvider{}, EnumCodecProvider{}, com.mongodb.client.model.mql.ExpressionCodecProvider@29a5bd3e, com.mongodb.Jep395RecordCodecProvider@314b2386, com.mongodb.KotlinCodecProvider@3f406d9f]}, loggerSettings=LoggerSettings{maxDocumentLength=1000}, clusterSettings={hosts=[mongodb:27017], srvServiceName=mongodb, mode=SINGLE, requiredClusterType=UNKNOWN, requiredReplicaSetName='null', serverSelector='null', clusterListeners='[]', serverSelectionTimeout='30000 ms', localThreshold='15 ms'}, socketSettings=SocketSettings{connectTimeoutMS=10000, readTimeoutMS=0, receiveBufferSize=0, proxySettings=ProxySettings{host=null, port=null, username=null, password=null}}, heartbeatSocketSettings=SocketSettings{connectTimeoutMS=10000, readTimeoutMS=10000, receiveBufferSize=0, proxySettings=ProxySettings{host=null, port=null, username=null, password=null}}, connectionPoolSettings=ConnectionPoolSettings{maxSize=100, minSize=0, maxWaitTimeMS=120000, maxConnectionLifeTimeMS=0, maxConnectionIdleTimeMS=0, maintenanceInitialDelayMS=0, maintenanceFrequencyMS=60000, connectionPoolListeners=[], maxConnecting=2}, serverSettings=ServerSettings{heartbeatFrequencyMS=10000, minHeartbeatFrequencyMS=500, serverMonitoringMode=AUTO, serverListeners='[]', serverMonitorListeners='[]'}, sslSettings=SslSettings{enabled=false, invalidHostNameAllowed=false, context=null}, applicationName='null', compressorList=[], uuidRepresentation=UNSPECIFIED, serverApi=null, autoEncryptionSettings=null, dnsClient=null, inetAddressResolver=null, contextProvider=null}
[2025-12-21T16:54:29.879+0000] {subprocess.py:93} INFO - 25/12/21 16:54:29 INFO cluster: Monitor thread successfully connected to server with description ServerDescription{address=mongodb:27017, type=STANDALONE, state=CONNECTED, ok=true, minWireVersion=0, maxWireVersion=21, maxDocumentSize=16777216, logicalSessionTimeoutMinutes=30, roundTripTimeNanos=36082317}
[2025-12-21T16:54:29.916+0000] {subprocess.py:93} INFO - 25/12/21 16:54:29 INFO cluster: Waiting for server to become available for operation with ID 3. Remaining time: 30000 ms. Selector: ReadPreferenceServerSelector{readPreference=primary}, topology description: {type=UNKNOWN, servers=[{address=mongodb:27017, type=UNKNOWN, state=CONNECTING}].
[2025-12-21T16:54:30.328+0000] {subprocess.py:93} INFO - 25/12/21 16:54:30 INFO MongoTable: Creating MongoTable: mongo-spark-connector-10.5.0
[2025-12-21T16:54:31.396+0000] {subprocess.py:93} INFO - 25/12/21 16:54:31 INFO V2ScanRelationPushDown:
[2025-12-21T16:54:31.406+0000] {subprocess.py:93} INFO - Output:
[2025-12-21T16:54:31.406+0000] {subprocess.py:93} INFO - 
[2025-12-21T16:54:31.641+0000] {subprocess.py:93} INFO - 25/12/21 16:54:31 INFO Partitioner: Getting collection stats for: services_publics.demandes
[2025-12-21T16:54:31.656+0000] {subprocess.py:93} INFO - 25/12/21 16:54:31 INFO Partitioner: Fewer documents (2717) than the calculated number of documents per partition (367816.0). Returning a single partition
[2025-12-21T16:54:31.714+0000] {subprocess.py:93} INFO - 25/12/21 16:54:31 INFO StandaloneSchedulerBackend$StandaloneDriverEndpoint: Registered executor NettyRpcEndpointRef(spark-client://Executor) (172.18.0.5:55020) with ID 0,  ResourceProfileId 0
[2025-12-21T16:54:31.723+0000] {subprocess.py:93} INFO - 25/12/21 16:54:31 INFO Partitioner: Getting collection stats for: services_publics.demandes
[2025-12-21T16:54:31.737+0000] {subprocess.py:93} INFO - 25/12/21 16:54:31 INFO Partitioner: Fewer documents (2717) than the calculated number of documents per partition (367816.0). Returning a single partition
[2025-12-21T16:54:31.862+0000] {subprocess.py:93} INFO - 25/12/21 16:54:31 INFO BlockManagerMasterEndpoint: Registering block manager 172.18.0.5:44571 with 1048.8 MiB RAM, BlockManagerId(0, 172.18.0.5, 44571, None)
[2025-12-21T16:54:32.654+0000] {subprocess.py:93} INFO - 25/12/21 16:54:32 INFO CodeGenerator: Code generated in 224.638462 ms
[2025-12-21T16:54:32.755+0000] {subprocess.py:93} INFO - 25/12/21 16:54:32 INFO DAGScheduler: Registering RDD 3 (count at NativeMethodAccessorImpl.java:0) as input to shuffle 0
[2025-12-21T16:54:32.764+0000] {subprocess.py:93} INFO - 25/12/21 16:54:32 INFO DAGScheduler: Got map stage job 0 (count at NativeMethodAccessorImpl.java:0) with 1 output partitions
[2025-12-21T16:54:32.767+0000] {subprocess.py:93} INFO - 25/12/21 16:54:32 INFO DAGScheduler: Final stage: ShuffleMapStage 0 (count at NativeMethodAccessorImpl.java:0)
[2025-12-21T16:54:32.767+0000] {subprocess.py:93} INFO - 25/12/21 16:54:32 INFO DAGScheduler: Parents of final stage: List()
[2025-12-21T16:54:32.771+0000] {subprocess.py:93} INFO - 25/12/21 16:54:32 INFO DAGScheduler: Missing parents: List()
[2025-12-21T16:54:32.778+0000] {subprocess.py:93} INFO - 25/12/21 16:54:32 INFO DAGScheduler: Submitting ShuffleMapStage 0 (MapPartitionsRDD[3] at count at NativeMethodAccessorImpl.java:0), which has no missing parents
[2025-12-21T16:54:32.915+0000] {subprocess.py:93} INFO - 25/12/21 16:54:32 INFO MemoryStore: Block broadcast_0 stored as values in memory (estimated size 14.3 KiB, free 434.4 MiB)
[2025-12-21T16:54:32.967+0000] {subprocess.py:93} INFO - 25/12/21 16:54:32 INFO MemoryStore: Block broadcast_0_piece0 stored as bytes in memory (estimated size 7.0 KiB, free 434.4 MiB)
[2025-12-21T16:54:32.972+0000] {subprocess.py:93} INFO - 25/12/21 16:54:32 INFO BlockManagerInfo: Added broadcast_0_piece0 in memory on 4a81c59a6e43:40599 (size: 7.0 KiB, free: 434.4 MiB)
[2025-12-21T16:54:32.981+0000] {subprocess.py:93} INFO - 25/12/21 16:54:32 INFO SparkContext: Created broadcast 0 from broadcast at DAGScheduler.scala:1585
[2025-12-21T16:54:32.999+0000] {subprocess.py:93} INFO - 25/12/21 16:54:32 INFO DAGScheduler: Submitting 1 missing tasks from ShuffleMapStage 0 (MapPartitionsRDD[3] at count at NativeMethodAccessorImpl.java:0) (first 15 tasks are for partitions Vector(0))
[2025-12-21T16:54:33.003+0000] {subprocess.py:93} INFO - 25/12/21 16:54:33 INFO TaskSchedulerImpl: Adding task set 0.0 with 1 tasks resource profile 0
[2025-12-21T16:54:33.036+0000] {subprocess.py:93} INFO - 25/12/21 16:54:33 INFO TaskSetManager: Starting task 0.0 in stage 0.0 (TID 0) (172.18.0.5, executor 0, partition 0, PROCESS_LOCAL, 8880 bytes)
[2025-12-21T16:54:33.293+0000] {subprocess.py:93} INFO - 25/12/21 16:54:33 INFO BlockManagerInfo: Added broadcast_0_piece0 in memory on 172.18.0.5:44571 (size: 7.0 KiB, free: 1048.8 MiB)
[2025-12-21T16:54:34.533+0000] {subprocess.py:93} INFO - 25/12/21 16:54:34 INFO TaskSetManager: Finished task 0.0 in stage 0.0 (TID 0) in 1513 ms on 172.18.0.5 (executor 0) (1/1)
[2025-12-21T16:54:34.533+0000] {subprocess.py:93} INFO - 25/12/21 16:54:34 INFO TaskSchedulerImpl: Removed TaskSet 0.0, whose tasks have all completed, from pool
[2025-12-21T16:54:34.549+0000] {subprocess.py:93} INFO - 25/12/21 16:54:34 INFO DAGScheduler: ShuffleMapStage 0 (count at NativeMethodAccessorImpl.java:0) finished in 1.755 s
[2025-12-21T16:54:34.550+0000] {subprocess.py:93} INFO - 25/12/21 16:54:34 INFO DAGScheduler: looking for newly runnable stages
[2025-12-21T16:54:34.551+0000] {subprocess.py:93} INFO - 25/12/21 16:54:34 INFO DAGScheduler: running: Set()
[2025-12-21T16:54:34.551+0000] {subprocess.py:93} INFO - 25/12/21 16:54:34 INFO DAGScheduler: waiting: Set()
[2025-12-21T16:54:34.554+0000] {subprocess.py:93} INFO - 25/12/21 16:54:34 INFO DAGScheduler: failed: Set()
[2025-12-21T16:54:34.603+0000] {subprocess.py:93} INFO - 25/12/21 16:54:34 INFO CodeGenerator: Code generated in 17.554235 ms
[2025-12-21T16:54:34.640+0000] {subprocess.py:93} INFO - 25/12/21 16:54:34 INFO SparkContext: Starting job: count at NativeMethodAccessorImpl.java:0
[2025-12-21T16:54:34.642+0000] {subprocess.py:93} INFO - 25/12/21 16:54:34 INFO DAGScheduler: Got job 1 (count at NativeMethodAccessorImpl.java:0) with 1 output partitions
[2025-12-21T16:54:34.642+0000] {subprocess.py:93} INFO - 25/12/21 16:54:34 INFO DAGScheduler: Final stage: ResultStage 2 (count at NativeMethodAccessorImpl.java:0)
[2025-12-21T16:54:34.642+0000] {subprocess.py:93} INFO - 25/12/21 16:54:34 INFO DAGScheduler: Parents of final stage: List(ShuffleMapStage 1)
[2025-12-21T16:54:34.643+0000] {subprocess.py:93} INFO - 25/12/21 16:54:34 INFO DAGScheduler: Missing parents: List()
[2025-12-21T16:54:34.644+0000] {subprocess.py:93} INFO - 25/12/21 16:54:34 INFO DAGScheduler: Submitting ResultStage 2 (MapPartitionsRDD[6] at count at NativeMethodAccessorImpl.java:0), which has no missing parents
[2025-12-21T16:54:34.655+0000] {subprocess.py:93} INFO - 25/12/21 16:54:34 INFO MemoryStore: Block broadcast_1 stored as values in memory (estimated size 12.5 KiB, free 434.4 MiB)
[2025-12-21T16:54:34.657+0000] {subprocess.py:93} INFO - 25/12/21 16:54:34 INFO MemoryStore: Block broadcast_1_piece0 stored as bytes in memory (estimated size 5.9 KiB, free 434.4 MiB)
[2025-12-21T16:54:34.657+0000] {subprocess.py:93} INFO - 25/12/21 16:54:34 INFO BlockManagerInfo: Added broadcast_1_piece0 in memory on 4a81c59a6e43:40599 (size: 5.9 KiB, free: 434.4 MiB)
[2025-12-21T16:54:34.658+0000] {subprocess.py:93} INFO - 25/12/21 16:54:34 INFO SparkContext: Created broadcast 1 from broadcast at DAGScheduler.scala:1585
[2025-12-21T16:54:34.660+0000] {subprocess.py:93} INFO - 25/12/21 16:54:34 INFO DAGScheduler: Submitting 1 missing tasks from ResultStage 2 (MapPartitionsRDD[6] at count at NativeMethodAccessorImpl.java:0) (first 15 tasks are for partitions Vector(0))
[2025-12-21T16:54:34.661+0000] {subprocess.py:93} INFO - 25/12/21 16:54:34 INFO TaskSchedulerImpl: Adding task set 2.0 with 1 tasks resource profile 0
[2025-12-21T16:54:34.668+0000] {subprocess.py:93} INFO - 25/12/21 16:54:34 INFO TaskSetManager: Starting task 0.0 in stage 2.0 (TID 1) (172.18.0.5, executor 0, partition 0, NODE_LOCAL, 8635 bytes)
[2025-12-21T16:54:34.700+0000] {subprocess.py:93} INFO - 25/12/21 16:54:34 INFO BlockManagerInfo: Added broadcast_1_piece0 in memory on 172.18.0.5:44571 (size: 5.9 KiB, free: 1048.8 MiB)
[2025-12-21T16:54:34.768+0000] {subprocess.py:93} INFO - 25/12/21 16:54:34 INFO MapOutputTrackerMasterEndpoint: Asked to send map output locations for shuffle 0 to 172.18.0.5:55020
[2025-12-21T16:54:34.867+0000] {subprocess.py:93} INFO - 25/12/21 16:54:34 INFO TaskSetManager: Finished task 0.0 in stage 2.0 (TID 1) in 203 ms on 172.18.0.5 (executor 0) (1/1)
[2025-12-21T16:54:34.867+0000] {subprocess.py:93} INFO - 25/12/21 16:54:34 INFO TaskSchedulerImpl: Removed TaskSet 2.0, whose tasks have all completed, from pool
[2025-12-21T16:54:34.869+0000] {subprocess.py:93} INFO - 25/12/21 16:54:34 INFO DAGScheduler: ResultStage 2 (count at NativeMethodAccessorImpl.java:0) finished in 0.218 s
[2025-12-21T16:54:34.871+0000] {subprocess.py:93} INFO - 25/12/21 16:54:34 INFO DAGScheduler: Job 1 is finished. Cancelling potential speculative or zombie tasks for this job
[2025-12-21T16:54:34.871+0000] {subprocess.py:93} INFO - 25/12/21 16:54:34 INFO TaskSchedulerImpl: Killing all running tasks in stage 2: Stage finished
[2025-12-21T16:54:34.873+0000] {subprocess.py:93} INFO - 25/12/21 16:54:34 INFO DAGScheduler: Job 1 finished: count at NativeMethodAccessorImpl.java:0, took 0.233395 s
[2025-12-21T16:54:34.879+0000] {subprocess.py:93} INFO - 📥 Nombre de documents MongoDB : 2717
[2025-12-21T16:54:35.111+0000] {subprocess.py:93} INFO - Traceback (most recent call last):
[2025-12-21T16:54:35.112+0000] {subprocess.py:93} INFO -   File "/opt/***/spark_jobs/ingestion.py", line 29, in <module>
[2025-12-21T16:54:35.112+0000] {subprocess.py:93} INFO -     .withColumn(
[2025-12-21T16:54:35.112+0000] {subprocess.py:93} INFO -   File "/opt/spark/python/lib/pyspark.zip/pyspark/sql/dataframe.py", line 5174, in withColumn
[2025-12-21T16:54:35.113+0000] {subprocess.py:93} INFO -   File "/opt/spark/python/lib/py4j-0.10.9.7-src.zip/py4j/java_gateway.py", line 1322, in __call__
[2025-12-21T16:54:35.113+0000] {subprocess.py:93} INFO -   File "/opt/spark/python/lib/pyspark.zip/pyspark/errors/exceptions/captured.py", line 185, in deco
[2025-12-21T16:54:35.121+0000] {subprocess.py:93} INFO - pyspark.errors.exceptions.captured.AnalysisException: [UNRESOLVED_COLUMN.WITH_SUGGESTION] A column or function parameter with name `event`.`id` cannot be resolved. Did you mean one of the following? [`_id`, `event_date`, `statut`, `comment`, `service`].;
[2025-12-21T16:54:35.121+0000] {subprocess.py:93} INFO - 'Project [_id#0, comment#1, date_creation#2, delai_traitement#3, description#4, event_date#5, localisation#6, location#7, service#8, statut#9, type_demande#10, coalesce('event.id, 'request_id) AS id#41]
[2025-12-21T16:54:35.122+0000] {subprocess.py:93} INFO - +- RelationV2[_id#0, comment#1, date_creation#2, delai_traitement#3, description#4, event_date#5, localisation#6, location#7, service#8, statut#9, type_demande#10]  MongoTable()
[2025-12-21T16:54:35.122+0000] {subprocess.py:93} INFO - 
[2025-12-21T16:54:35.183+0000] {subprocess.py:93} INFO - 25/12/21 16:54:35 INFO SparkContext: Invoking stop() from shutdown hook
[2025-12-21T16:54:35.184+0000] {subprocess.py:93} INFO - 25/12/21 16:54:35 INFO SparkContext: SparkContext is stopping with exitCode 0.
[2025-12-21T16:54:35.195+0000] {subprocess.py:93} INFO - 25/12/21 16:54:35 INFO SparkUI: Stopped Spark web UI at http://4a81c59a6e43:4040
[2025-12-21T16:54:35.199+0000] {subprocess.py:93} INFO - 25/12/21 16:54:35 INFO StandaloneSchedulerBackend: Shutting down all executors
[2025-12-21T16:54:35.200+0000] {subprocess.py:93} INFO - 25/12/21 16:54:35 INFO StandaloneSchedulerBackend$StandaloneDriverEndpoint: Asking each executor to shut down
[2025-12-21T16:54:35.236+0000] {subprocess.py:93} INFO - 25/12/21 16:54:35 INFO MapOutputTrackerMasterEndpoint: MapOutputTrackerMasterEndpoint stopped!
[2025-12-21T16:54:35.264+0000] {subprocess.py:93} INFO - 25/12/21 16:54:35 INFO MemoryStore: MemoryStore cleared
[2025-12-21T16:54:35.272+0000] {subprocess.py:93} INFO - 25/12/21 16:54:35 INFO BlockManager: BlockManager stopped
[2025-12-21T16:54:35.285+0000] {subprocess.py:93} INFO - 25/12/21 16:54:35 INFO BlockManagerMaster: BlockManagerMaster stopped
[2025-12-21T16:54:35.288+0000] {subprocess.py:93} INFO - 25/12/21 16:54:35 INFO OutputCommitCoordinator$OutputCommitCoordinatorEndpoint: OutputCommitCoordinator stopped!
[2025-12-21T16:54:35.309+0000] {subprocess.py:93} INFO - 25/12/21 16:54:35 INFO SparkContext: Successfully stopped SparkContext
[2025-12-21T16:54:35.310+0000] {subprocess.py:93} INFO - 25/12/21 16:54:35 INFO ShutdownHookManager: Shutdown hook called
[2025-12-21T16:54:35.311+0000] {subprocess.py:93} INFO - 25/12/21 16:54:35 INFO ShutdownHookManager: Deleting directory /tmp/spark-35f36b36-f13c-4537-842d-501adbf544c2/pyspark-0427aa2a-8579-447f-8efe-24fb048206e1
[2025-12-21T16:54:35.318+0000] {subprocess.py:93} INFO - 25/12/21 16:54:35 INFO ShutdownHookManager: Deleting directory /tmp/spark-35f36b36-f13c-4537-842d-501adbf544c2
[2025-12-21T16:54:35.326+0000] {subprocess.py:93} INFO - 25/12/21 16:54:35 INFO ShutdownHookManager: Deleting directory /tmp/spark-80f30e1d-1dbb-445b-9278-2994e6113716
[2025-12-21T16:54:35.761+0000] {subprocess.py:97} INFO - Command exited with return code 1
[2025-12-21T16:54:35.820+0000] {taskinstance.py:2699} ERROR - Task failed with exception
Traceback (most recent call last):
  File "/home/airflow/.local/lib/python3.10/site-packages/airflow/models/taskinstance.py", line 433, in _execute_task
    result = execute_callable(context=context, **execute_callable_kwargs)
  File "/home/airflow/.local/lib/python3.10/site-packages/airflow/operators/bash.py", line 212, in execute
    raise AirflowException(
airflow.exceptions.AirflowException: Bash command failed. The command returned a non-zero exit code 1.
[2025-12-21T16:54:35.837+0000] {taskinstance.py:1138} INFO - Marking task as FAILED. dag_id=pipeline_services_publics_togo, task_id=ingestion_mongodb, execution_date=20251221T164317, start_date=20251221T165421, end_date=20251221T165435
[2025-12-21T16:54:35.876+0000] {standard_task_runner.py:107} ERROR - Failed to execute job 27 for task ingestion_mongodb (Bash command failed. The command returned a non-zero exit code 1.; 630)
[2025-12-21T16:54:35.918+0000] {local_task_job_runner.py:234} INFO - Task exited with return code 1
[2025-12-21T16:54:36.000+0000] {taskinstance.py:3281} INFO - 0 downstream tasks scheduled from follow-on schedule check
