[2025-12-21T16:43:26.292+0000] {taskinstance.py:1957} INFO - Dependencies all met for dep_context=non-requeueable deps ti=<TaskInstance: pipeline_services_publics_togo.ingestion_mongodb manual__2025-12-21T16:43:17.936934+00:00 [queued]>
[2025-12-21T16:43:26.304+0000] {taskinstance.py:1957} INFO - Dependencies all met for dep_context=requeueable deps ti=<TaskInstance: pipeline_services_publics_togo.ingestion_mongodb manual__2025-12-21T16:43:17.936934+00:00 [queued]>
[2025-12-21T16:43:26.304+0000] {taskinstance.py:2171} INFO - Starting attempt 1 of 3
[2025-12-21T16:43:26.322+0000] {taskinstance.py:2192} INFO - Executing <Task(BashOperator): ingestion_mongodb> on 2025-12-21 16:43:17.936934+00:00
[2025-12-21T16:43:26.330+0000] {standard_task_runner.py:60} INFO - Started process 186 to run task
[2025-12-21T16:43:26.334+0000] {standard_task_runner.py:87} INFO - Running: ['***', 'tasks', 'run', 'pipeline_services_publics_togo', 'ingestion_mongodb', 'manual__2025-12-21T16:43:17.936934+00:00', '--job-id', '25', '--raw', '--subdir', 'DAGS_FOLDER/pipeline_services_publics.py', '--cfg-path', '/tmp/tmpuzyive2i']
[2025-12-21T16:43:26.338+0000] {standard_task_runner.py:88} INFO - Job 25: Subtask ingestion_mongodb
[2025-12-21T16:43:26.427+0000] {task_command.py:423} INFO - Running <TaskInstance: pipeline_services_publics_togo.ingestion_mongodb manual__2025-12-21T16:43:17.936934+00:00 [running]> on host 4a81c59a6e43
[2025-12-21T16:43:26.525+0000] {taskinstance.py:2481} INFO - Exporting env vars: AIRFLOW_CTX_DAG_OWNER='data-engineer' AIRFLOW_CTX_DAG_ID='pipeline_services_publics_togo' AIRFLOW_CTX_TASK_ID='ingestion_mongodb' AIRFLOW_CTX_EXECUTION_DATE='2025-12-21T16:43:17.936934+00:00' AIRFLOW_CTX_TRY_NUMBER='1' AIRFLOW_CTX_DAG_RUN_ID='manual__2025-12-21T16:43:17.936934+00:00'
[2025-12-21T16:43:26.526+0000] {subprocess.py:63} INFO - Tmp dir root location: /tmp
[2025-12-21T16:43:26.528+0000] {subprocess.py:75} INFO - Running command: ['/usr/bin/bash', '-c', '\n    /opt/spark/bin/spark-submit       --master spark://spark-master:7077       --packages org.mongodb.spark:mongo-spark-connector_2.12:10.5.0       --executor-memory 2G       --driver-memory 1G       /opt/***/spark_jobs/ingestion.py\n    ']
[2025-12-21T16:43:26.540+0000] {subprocess.py:86} INFO - Output:
[2025-12-21T16:43:29.530+0000] {subprocess.py:93} INFO - :: loading settings :: url = jar:file:/opt/spark/jars/ivy-2.5.1.jar!/org/apache/ivy/core/settings/ivysettings.xml
[2025-12-21T16:43:29.673+0000] {subprocess.py:93} INFO - Ivy Default Cache set to: /home/***/.ivy2/cache
[2025-12-21T16:43:29.674+0000] {subprocess.py:93} INFO - The jars for the packages stored in: /home/***/.ivy2/jars
[2025-12-21T16:43:29.682+0000] {subprocess.py:93} INFO - org.mongodb.spark#mongo-spark-connector_2.12 added as a dependency
[2025-12-21T16:43:29.686+0000] {subprocess.py:93} INFO - :: resolving dependencies :: org.apache.spark#spark-submit-parent-d12aa5f5-e410-4558-a38d-dca649a9e30c;1.0
[2025-12-21T16:43:29.687+0000] {subprocess.py:93} INFO - 	confs: [default]
[2025-12-21T16:43:31.779+0000] {subprocess.py:93} INFO - 	found org.mongodb.spark#mongo-spark-connector_2.12;10.5.0 in central
[2025-12-21T16:43:34.181+0000] {subprocess.py:93} INFO - 	found org.mongodb#mongodb-driver-sync;5.1.4 in central
[2025-12-21T16:43:34.185+0000] {subprocess.py:93} INFO - 	[5.1.4] org.mongodb#mongodb-driver-sync;[5.1.1,5.1.99)
[2025-12-21T16:43:35.124+0000] {subprocess.py:93} INFO - 	found org.mongodb#bson;5.1.4 in central
[2025-12-21T16:43:39.304+0000] {subprocess.py:93} INFO - 	found org.mongodb#mongodb-driver-core;5.1.4 in central
[2025-12-21T16:43:40.181+0000] {subprocess.py:93} INFO - 	found org.mongodb#bson-record-codec;5.1.4 in central
[2025-12-21T16:43:41.578+0000] {subprocess.py:93} INFO - downloading https://repo1.maven.org/maven2/org/mongodb/spark/mongo-spark-connector_2.12/10.5.0/mongo-spark-connector_2.12-10.5.0.jar ...
[2025-12-21T16:43:42.479+0000] {subprocess.py:93} INFO - 	[SUCCESSFUL ] org.mongodb.spark#mongo-spark-connector_2.12;10.5.0!mongo-spark-connector_2.12.jar (2243ms)
[2025-12-21T16:43:42.899+0000] {subprocess.py:93} INFO - downloading https://repo1.maven.org/maven2/org/mongodb/mongodb-driver-sync/5.1.4/mongodb-driver-sync-5.1.4.jar ...
[2025-12-21T16:43:43.095+0000] {subprocess.py:93} INFO - 	[SUCCESSFUL ] org.mongodb#mongodb-driver-sync;5.1.4!mongodb-driver-sync.jar (609ms)
[2025-12-21T16:43:43.236+0000] {subprocess.py:93} INFO - downloading https://repo1.maven.org/maven2/org/mongodb/bson/5.1.4/bson-5.1.4.jar ...
[2025-12-21T16:43:43.799+0000] {subprocess.py:93} INFO - 	[SUCCESSFUL ] org.mongodb#bson;5.1.4!bson.jar (684ms)
[2025-12-21T16:43:43.954+0000] {subprocess.py:93} INFO - downloading https://repo1.maven.org/maven2/org/mongodb/mongodb-driver-core/5.1.4/mongodb-driver-core-5.1.4.jar ...
[2025-12-21T16:43:44.789+0000] {subprocess.py:93} INFO - 	[SUCCESSFUL ] org.mongodb#mongodb-driver-core;5.1.4!mongodb-driver-core.jar (987ms)
[2025-12-21T16:43:44.946+0000] {subprocess.py:93} INFO - downloading https://repo1.maven.org/maven2/org/mongodb/bson-record-codec/5.1.4/bson-record-codec-5.1.4.jar ...
[2025-12-21T16:43:45.073+0000] {subprocess.py:93} INFO - 	[SUCCESSFUL ] org.mongodb#bson-record-codec;5.1.4!bson-record-codec.jar (278ms)
[2025-12-21T16:43:45.077+0000] {subprocess.py:93} INFO - :: resolution report :: resolve 10541ms :: artifacts dl 4850ms
[2025-12-21T16:43:45.077+0000] {subprocess.py:93} INFO - 	:: modules in use:
[2025-12-21T16:43:45.078+0000] {subprocess.py:93} INFO - 	org.mongodb#bson;5.1.4 from central in [default]
[2025-12-21T16:43:45.078+0000] {subprocess.py:93} INFO - 	org.mongodb#bson-record-codec;5.1.4 from central in [default]
[2025-12-21T16:43:45.079+0000] {subprocess.py:93} INFO - 	org.mongodb#mongodb-driver-core;5.1.4 from central in [default]
[2025-12-21T16:43:45.079+0000] {subprocess.py:93} INFO - 	org.mongodb#mongodb-driver-sync;5.1.4 from central in [default]
[2025-12-21T16:43:45.079+0000] {subprocess.py:93} INFO - 	org.mongodb.spark#mongo-spark-connector_2.12;10.5.0 from central in [default]
[2025-12-21T16:43:45.082+0000] {subprocess.py:93} INFO - 	---------------------------------------------------------------------
[2025-12-21T16:43:45.082+0000] {subprocess.py:93} INFO - 	|                  |            modules            ||   artifacts   |
[2025-12-21T16:43:45.083+0000] {subprocess.py:93} INFO - 	|       conf       | number| search|dwnlded|evicted|| number|dwnlded|
[2025-12-21T16:43:45.083+0000] {subprocess.py:93} INFO - 	---------------------------------------------------------------------
[2025-12-21T16:43:45.083+0000] {subprocess.py:93} INFO - 	|      default     |   5   |   5   |   5   |   0   ||   5   |   5   |
[2025-12-21T16:43:45.084+0000] {subprocess.py:93} INFO - 	---------------------------------------------------------------------
[2025-12-21T16:43:45.101+0000] {subprocess.py:93} INFO - :: retrieving :: org.apache.spark#spark-submit-parent-d12aa5f5-e410-4558-a38d-dca649a9e30c
[2025-12-21T16:43:45.105+0000] {subprocess.py:93} INFO - 	confs: [default]
[2025-12-21T16:43:45.148+0000] {subprocess.py:93} INFO - 	5 artifacts copied, 0 already retrieved (2525kB/48ms)
[2025-12-21T16:43:45.398+0000] {subprocess.py:93} INFO - 25/12/21 16:43:45 WARN NativeCodeLoader: Unable to load native-hadoop library for your platform... using builtin-java classes where applicable
[2025-12-21T16:43:46.553+0000] {subprocess.py:93} INFO - 25/12/21 16:43:46 INFO SparkContext: Running Spark version 3.5.1
[2025-12-21T16:43:46.554+0000] {subprocess.py:93} INFO - 25/12/21 16:43:46 INFO SparkContext: OS info Linux, 6.8.0-90-generic, amd64
[2025-12-21T16:43:46.556+0000] {subprocess.py:93} INFO - 25/12/21 16:43:46 INFO SparkContext: Java version 17.0.17
[2025-12-21T16:43:46.579+0000] {subprocess.py:93} INFO - 25/12/21 16:43:46 INFO ResourceUtils: ==============================================================
[2025-12-21T16:43:46.580+0000] {subprocess.py:93} INFO - 25/12/21 16:43:46 INFO ResourceUtils: No custom resources configured for spark.driver.
[2025-12-21T16:43:46.580+0000] {subprocess.py:93} INFO - 25/12/21 16:43:46 INFO ResourceUtils: ==============================================================
[2025-12-21T16:43:46.580+0000] {subprocess.py:93} INFO - 25/12/21 16:43:46 INFO SparkContext: Submitted application: Ingestion_MongoDB_Raw
[2025-12-21T16:43:46.601+0000] {subprocess.py:93} INFO - 25/12/21 16:43:46 INFO ResourceProfile: Default ResourceProfile created, executor resources: Map(memory -> name: memory, amount: 2048, script: , vendor: , offHeap -> name: offHeap, amount: 0, script: , vendor: ), task resources: Map(cpus -> name: cpus, amount: 1.0)
[2025-12-21T16:43:46.609+0000] {subprocess.py:93} INFO - 25/12/21 16:43:46 INFO ResourceProfile: Limiting resource is cpu
[2025-12-21T16:43:46.610+0000] {subprocess.py:93} INFO - 25/12/21 16:43:46 INFO ResourceProfileManager: Added ResourceProfile id: 0
[2025-12-21T16:43:46.689+0000] {subprocess.py:93} INFO - 25/12/21 16:43:46 INFO SecurityManager: Changing view acls to: ***
[2025-12-21T16:43:46.690+0000] {subprocess.py:93} INFO - 25/12/21 16:43:46 INFO SecurityManager: Changing modify acls to: ***
[2025-12-21T16:43:46.693+0000] {subprocess.py:93} INFO - 25/12/21 16:43:46 INFO SecurityManager: Changing view acls groups to:
[2025-12-21T16:43:46.694+0000] {subprocess.py:93} INFO - 25/12/21 16:43:46 INFO SecurityManager: Changing modify acls groups to:
[2025-12-21T16:43:46.694+0000] {subprocess.py:93} INFO - 25/12/21 16:43:46 INFO SecurityManager: SecurityManager: authentication disabled; ui acls disabled; users with view permissions: ***; groups with view permissions: EMPTY; users with modify permissions: ***; groups with modify permissions: EMPTY
[2025-12-21T16:43:46.902+0000] {subprocess.py:93} INFO - 25/12/21 16:43:46 INFO Utils: Successfully started service 'sparkDriver' on port 37255.
[2025-12-21T16:43:46.939+0000] {subprocess.py:93} INFO - 25/12/21 16:43:46 INFO SparkEnv: Registering MapOutputTracker
[2025-12-21T16:43:46.976+0000] {subprocess.py:93} INFO - 25/12/21 16:43:46 INFO SparkEnv: Registering BlockManagerMaster
[2025-12-21T16:43:46.994+0000] {subprocess.py:93} INFO - 25/12/21 16:43:46 INFO BlockManagerMasterEndpoint: Using org.apache.spark.storage.DefaultTopologyMapper for getting topology information
[2025-12-21T16:43:46.994+0000] {subprocess.py:93} INFO - 25/12/21 16:43:46 INFO BlockManagerMasterEndpoint: BlockManagerMasterEndpoint up
[2025-12-21T16:43:46.997+0000] {subprocess.py:93} INFO - 25/12/21 16:43:46 INFO SparkEnv: Registering BlockManagerMasterHeartbeat
[2025-12-21T16:43:47.020+0000] {subprocess.py:93} INFO - 25/12/21 16:43:47 INFO DiskBlockManager: Created local directory at /tmp/blockmgr-4d65f536-bf0b-475f-9d35-43e64ad4d9de
[2025-12-21T16:43:47.034+0000] {subprocess.py:93} INFO - 25/12/21 16:43:47 INFO MemoryStore: MemoryStore started with capacity 434.4 MiB
[2025-12-21T16:43:47.048+0000] {subprocess.py:93} INFO - 25/12/21 16:43:47 INFO SparkEnv: Registering OutputCommitCoordinator
[2025-12-21T16:43:47.175+0000] {subprocess.py:93} INFO - 25/12/21 16:43:47 INFO JettyUtils: Start Jetty 0.0.0.0:4040 for SparkUI
[2025-12-21T16:43:47.244+0000] {subprocess.py:93} INFO - 25/12/21 16:43:47 INFO Utils: Successfully started service 'SparkUI' on port 4040.
[2025-12-21T16:43:47.296+0000] {subprocess.py:93} INFO - 25/12/21 16:43:47 INFO SparkContext: Added JAR file:///home/***/.ivy2/jars/org.mongodb.spark_mongo-spark-connector_2.12-10.5.0.jar at spark://4a81c59a6e43:37255/jars/org.mongodb.spark_mongo-spark-connector_2.12-10.5.0.jar with timestamp 1766335426546
[2025-12-21T16:43:47.300+0000] {subprocess.py:93} INFO - 25/12/21 16:43:47 INFO SparkContext: Added JAR file:///home/***/.ivy2/jars/org.mongodb_mongodb-driver-sync-5.1.4.jar at spark://4a81c59a6e43:37255/jars/org.mongodb_mongodb-driver-sync-5.1.4.jar with timestamp 1766335426546
[2025-12-21T16:43:47.301+0000] {subprocess.py:93} INFO - 25/12/21 16:43:47 INFO SparkContext: Added JAR file:///home/***/.ivy2/jars/org.mongodb_bson-5.1.4.jar at spark://4a81c59a6e43:37255/jars/org.mongodb_bson-5.1.4.jar with timestamp 1766335426546
[2025-12-21T16:43:47.302+0000] {subprocess.py:93} INFO - 25/12/21 16:43:47 INFO SparkContext: Added JAR file:///home/***/.ivy2/jars/org.mongodb_mongodb-driver-core-5.1.4.jar at spark://4a81c59a6e43:37255/jars/org.mongodb_mongodb-driver-core-5.1.4.jar with timestamp 1766335426546
[2025-12-21T16:43:47.303+0000] {subprocess.py:93} INFO - 25/12/21 16:43:47 INFO SparkContext: Added JAR file:///home/***/.ivy2/jars/org.mongodb_bson-record-codec-5.1.4.jar at spark://4a81c59a6e43:37255/jars/org.mongodb_bson-record-codec-5.1.4.jar with timestamp 1766335426546
[2025-12-21T16:43:47.305+0000] {subprocess.py:93} INFO - 25/12/21 16:43:47 INFO SparkContext: Added file file:///home/***/.ivy2/jars/org.mongodb.spark_mongo-spark-connector_2.12-10.5.0.jar at spark://4a81c59a6e43:37255/files/org.mongodb.spark_mongo-spark-connector_2.12-10.5.0.jar with timestamp 1766335426546
[2025-12-21T16:43:47.305+0000] {subprocess.py:93} INFO - 25/12/21 16:43:47 INFO Utils: Copying /home/***/.ivy2/jars/org.mongodb.spark_mongo-spark-connector_2.12-10.5.0.jar to /tmp/spark-8cc8c3f7-cd84-4d58-8436-3a013b552cba/userFiles-fb2667dd-e80a-47d2-9258-75cf68a817e2/org.mongodb.spark_mongo-spark-connector_2.12-10.5.0.jar
[2025-12-21T16:43:47.320+0000] {subprocess.py:93} INFO - 25/12/21 16:43:47 INFO SparkContext: Added file file:///home/***/.ivy2/jars/org.mongodb_mongodb-driver-sync-5.1.4.jar at spark://4a81c59a6e43:37255/files/org.mongodb_mongodb-driver-sync-5.1.4.jar with timestamp 1766335426546
[2025-12-21T16:43:47.320+0000] {subprocess.py:93} INFO - 25/12/21 16:43:47 INFO Utils: Copying /home/***/.ivy2/jars/org.mongodb_mongodb-driver-sync-5.1.4.jar to /tmp/spark-8cc8c3f7-cd84-4d58-8436-3a013b552cba/userFiles-fb2667dd-e80a-47d2-9258-75cf68a817e2/org.mongodb_mongodb-driver-sync-5.1.4.jar
[2025-12-21T16:43:47.328+0000] {subprocess.py:93} INFO - 25/12/21 16:43:47 INFO SparkContext: Added file file:///home/***/.ivy2/jars/org.mongodb_bson-5.1.4.jar at spark://4a81c59a6e43:37255/files/org.mongodb_bson-5.1.4.jar with timestamp 1766335426546
[2025-12-21T16:43:47.329+0000] {subprocess.py:93} INFO - 25/12/21 16:43:47 INFO Utils: Copying /home/***/.ivy2/jars/org.mongodb_bson-5.1.4.jar to /tmp/spark-8cc8c3f7-cd84-4d58-8436-3a013b552cba/userFiles-fb2667dd-e80a-47d2-9258-75cf68a817e2/org.mongodb_bson-5.1.4.jar
[2025-12-21T16:43:47.336+0000] {subprocess.py:93} INFO - 25/12/21 16:43:47 INFO SparkContext: Added file file:///home/***/.ivy2/jars/org.mongodb_mongodb-driver-core-5.1.4.jar at spark://4a81c59a6e43:37255/files/org.mongodb_mongodb-driver-core-5.1.4.jar with timestamp 1766335426546
[2025-12-21T16:43:47.336+0000] {subprocess.py:93} INFO - 25/12/21 16:43:47 INFO Utils: Copying /home/***/.ivy2/jars/org.mongodb_mongodb-driver-core-5.1.4.jar to /tmp/spark-8cc8c3f7-cd84-4d58-8436-3a013b552cba/userFiles-fb2667dd-e80a-47d2-9258-75cf68a817e2/org.mongodb_mongodb-driver-core-5.1.4.jar
[2025-12-21T16:43:47.346+0000] {subprocess.py:93} INFO - 25/12/21 16:43:47 INFO SparkContext: Added file file:///home/***/.ivy2/jars/org.mongodb_bson-record-codec-5.1.4.jar at spark://4a81c59a6e43:37255/files/org.mongodb_bson-record-codec-5.1.4.jar with timestamp 1766335426546
[2025-12-21T16:43:47.346+0000] {subprocess.py:93} INFO - 25/12/21 16:43:47 INFO Utils: Copying /home/***/.ivy2/jars/org.mongodb_bson-record-codec-5.1.4.jar to /tmp/spark-8cc8c3f7-cd84-4d58-8436-3a013b552cba/userFiles-fb2667dd-e80a-47d2-9258-75cf68a817e2/org.mongodb_bson-record-codec-5.1.4.jar
[2025-12-21T16:43:47.454+0000] {subprocess.py:93} INFO - 25/12/21 16:43:47 INFO StandaloneAppClient$ClientEndpoint: Connecting to master spark://spark-master:7077...
[2025-12-21T16:43:47.494+0000] {subprocess.py:93} INFO - 25/12/21 16:43:47 INFO TransportClientFactory: Successfully created connection to spark-master/172.18.0.2:7077 after 25 ms (0 ms spent in bootstraps)
[2025-12-21T16:43:47.660+0000] {subprocess.py:93} INFO - 25/12/21 16:43:47 INFO StandaloneSchedulerBackend: Connected to Spark cluster with app ID app-20251221164347-0000
[2025-12-21T16:43:47.673+0000] {subprocess.py:93} INFO - 25/12/21 16:43:47 INFO Utils: Successfully started service 'org.apache.spark.network.netty.NettyBlockTransferService' on port 32855.
[2025-12-21T16:43:47.674+0000] {subprocess.py:93} INFO - 25/12/21 16:43:47 INFO NettyBlockTransferService: Server created on 4a81c59a6e43:32855
[2025-12-21T16:43:47.676+0000] {subprocess.py:93} INFO - 25/12/21 16:43:47 INFO BlockManager: Using org.apache.spark.storage.RandomBlockReplicationPolicy for block replication policy
[2025-12-21T16:43:47.687+0000] {subprocess.py:93} INFO - 25/12/21 16:43:47 INFO BlockManagerMaster: Registering BlockManager BlockManagerId(driver, 4a81c59a6e43, 32855, None)
[2025-12-21T16:43:47.693+0000] {subprocess.py:93} INFO - 25/12/21 16:43:47 INFO BlockManagerMasterEndpoint: Registering block manager 4a81c59a6e43:32855 with 434.4 MiB RAM, BlockManagerId(driver, 4a81c59a6e43, 32855, None)
[2025-12-21T16:43:47.694+0000] {subprocess.py:93} INFO - 25/12/21 16:43:47 INFO BlockManagerMaster: Registered BlockManager BlockManagerId(driver, 4a81c59a6e43, 32855, None)
[2025-12-21T16:43:47.698+0000] {subprocess.py:93} INFO - 25/12/21 16:43:47 INFO BlockManager: Initialized BlockManager: BlockManagerId(driver, 4a81c59a6e43, 32855, None)
[2025-12-21T16:43:47.731+0000] {subprocess.py:93} INFO - 25/12/21 16:43:47 INFO StandaloneAppClient$ClientEndpoint: Executor added: app-20251221164347-0000/0 on worker-20251221164216-172.18.0.5-41713 (172.18.0.5:41713) with 2 core(s)
[2025-12-21T16:43:47.731+0000] {subprocess.py:93} INFO - 25/12/21 16:43:47 INFO StandaloneSchedulerBackend: Granted executor ID app-20251221164347-0000/0 on hostPort 172.18.0.5:41713 with 2 core(s), 2.0 GiB RAM
[2025-12-21T16:43:48.007+0000] {subprocess.py:93} INFO - 25/12/21 16:43:48 INFO StandaloneAppClient$ClientEndpoint: Executor updated: app-20251221164347-0000/0 is now RUNNING
[2025-12-21T16:43:48.109+0000] {subprocess.py:93} INFO - 25/12/21 16:43:48 INFO StandaloneSchedulerBackend: SchedulerBackend is ready for scheduling beginning after reached minRegisteredResourcesRatio: 0.0
[2025-12-21T16:43:48.434+0000] {subprocess.py:93} INFO - 25/12/21 16:43:48 INFO SharedState: Setting hive.metastore.warehouse.dir ('null') to the value of spark.sql.warehouse.dir.
[2025-12-21T16:43:48.442+0000] {subprocess.py:93} INFO - 25/12/21 16:43:48 INFO SharedState: Warehouse path is 'file:/tmp/***tmpp7b96brb/spark-warehouse'.
[2025-12-21T16:43:50.405+0000] {subprocess.py:93} INFO - 25/12/21 16:43:50 INFO client: MongoClient with metadata {"driver": {"name": "mongo-java-driver|sync|mongo-spark-connector|source", "version": "5.1.4|10.5.0"}, "os": {"type": "Linux", "name": "Linux", "architecture": "amd64", "version": "6.8.0-90-generic"}, "platform": "Java/Debian/17.0.17+10-Debian-1deb12u1|Scala/2.12.18/Spark/3.5.1", "env": {"container": {"runtime": "docker"}}} created with settings MongoClientSettings{readPreference=primary, writeConcern=WriteConcern{w=null, wTimeout=null ms, journal=null}, retryWrites=true, retryReads=true, readConcern=ReadConcern{level=null}, credential=MongoCredential{mechanism=null, userName='admin', source='admin', password=<hidden>, mechanismProperties=<hidden>}, transportSettings=null, commandListeners=[], codecRegistry=ProvidersCodecRegistry{codecProviders=[ValueCodecProvider{}, BsonValueCodecProvider{}, DBRefCodecProvider{}, DBObjectCodecProvider{}, DocumentCodecProvider{}, CollectionCodecProvider{}, IterableCodecProvider{}, MapCodecProvider{}, GeoJsonCodecProvider{}, GridFSFileCodecProvider{}, Jsr310CodecProvider{}, JsonObjectCodecProvider{}, BsonCodecProvider{}, EnumCodecProvider{}, com.mongodb.client.model.mql.ExpressionCodecProvider@587ba0db, com.mongodb.Jep395RecordCodecProvider@71cd2650, com.mongodb.KotlinCodecProvider@705a0bf]}, loggerSettings=LoggerSettings{maxDocumentLength=1000}, clusterSettings={hosts=[mongodb:27017], srvServiceName=mongodb, mode=SINGLE, requiredClusterType=UNKNOWN, requiredReplicaSetName='null', serverSelector='null', clusterListeners='[]', serverSelectionTimeout='30000 ms', localThreshold='15 ms'}, socketSettings=SocketSettings{connectTimeoutMS=10000, readTimeoutMS=0, receiveBufferSize=0, proxySettings=ProxySettings{host=null, port=null, username=null, password=null}}, heartbeatSocketSettings=SocketSettings{connectTimeoutMS=10000, readTimeoutMS=10000, receiveBufferSize=0, proxySettings=ProxySettings{host=null, port=null, username=null, password=null}}, connectionPoolSettings=ConnectionPoolSettings{maxSize=100, minSize=0, maxWaitTimeMS=120000, maxConnectionLifeTimeMS=0, maxConnectionIdleTimeMS=0, maintenanceInitialDelayMS=0, maintenanceFrequencyMS=60000, connectionPoolListeners=[], maxConnecting=2}, serverSettings=ServerSettings{heartbeatFrequencyMS=10000, minHeartbeatFrequencyMS=500, serverMonitoringMode=AUTO, serverListeners='[]', serverMonitorListeners='[]'}, sslSettings=SslSettings{enabled=false, invalidHostNameAllowed=false, context=null}, applicationName='null', compressorList=[], uuidRepresentation=UNSPECIFIED, serverApi=null, autoEncryptionSettings=null, dnsClient=null, inetAddressResolver=null, contextProvider=null}
[2025-12-21T16:43:50.474+0000] {subprocess.py:93} INFO - 25/12/21 16:43:50 INFO cluster: Monitor thread successfully connected to server with description ServerDescription{address=mongodb:27017, type=STANDALONE, state=CONNECTED, ok=true, minWireVersion=0, maxWireVersion=21, maxDocumentSize=16777216, logicalSessionTimeoutMinutes=30, roundTripTimeNanos=88145867}
[2025-12-21T16:43:51.430+0000] {subprocess.py:93} INFO - 25/12/21 16:43:51 INFO MongoTable: Creating MongoTable: mongo-spark-connector-10.5.0
[2025-12-21T16:43:54.009+0000] {subprocess.py:93} INFO - 25/12/21 16:43:54 INFO StandaloneSchedulerBackend$StandaloneDriverEndpoint: Registered executor NettyRpcEndpointRef(spark-client://Executor) (172.18.0.5:33566) with ID 0,  ResourceProfileId 0
[2025-12-21T16:43:54.319+0000] {subprocess.py:93} INFO - 25/12/21 16:43:54 INFO V2ScanRelationPushDown:
[2025-12-21T16:43:54.321+0000] {subprocess.py:93} INFO - Output:
[2025-12-21T16:43:54.322+0000] {subprocess.py:93} INFO - 
[2025-12-21T16:43:54.403+0000] {subprocess.py:93} INFO - 25/12/21 16:43:54 INFO BlockManagerMasterEndpoint: Registering block manager 172.18.0.5:35903 with 1048.8 MiB RAM, BlockManagerId(0, 172.18.0.5, 35903, None)
[2025-12-21T16:43:54.937+0000] {subprocess.py:93} INFO - 25/12/21 16:43:54 INFO Partitioner: Getting collection stats for: services_publics.demandes
[2025-12-21T16:43:54.975+0000] {subprocess.py:93} INFO - 25/12/21 16:43:54 INFO Partitioner: Fewer documents (2717) than the calculated number of documents per partition (367816.0). Returning a single partition
[2025-12-21T16:43:55.095+0000] {subprocess.py:93} INFO - 25/12/21 16:43:55 INFO Partitioner: Getting collection stats for: services_publics.demandes
[2025-12-21T16:43:55.113+0000] {subprocess.py:93} INFO - 25/12/21 16:43:55 INFO Partitioner: Fewer documents (2717) than the calculated number of documents per partition (367816.0). Returning a single partition
[2025-12-21T16:43:56.245+0000] {subprocess.py:93} INFO - 25/12/21 16:43:56 INFO CodeGenerator: Code generated in 326.916971 ms
[2025-12-21T16:43:56.442+0000] {subprocess.py:93} INFO - 25/12/21 16:43:56 INFO DAGScheduler: Registering RDD 3 (count at NativeMethodAccessorImpl.java:0) as input to shuffle 0
[2025-12-21T16:43:56.460+0000] {subprocess.py:93} INFO - 25/12/21 16:43:56 INFO DAGScheduler: Got map stage job 0 (count at NativeMethodAccessorImpl.java:0) with 1 output partitions
[2025-12-21T16:43:56.461+0000] {subprocess.py:93} INFO - 25/12/21 16:43:56 INFO DAGScheduler: Final stage: ShuffleMapStage 0 (count at NativeMethodAccessorImpl.java:0)
[2025-12-21T16:43:56.462+0000] {subprocess.py:93} INFO - 25/12/21 16:43:56 INFO DAGScheduler: Parents of final stage: List()
[2025-12-21T16:43:56.463+0000] {subprocess.py:93} INFO - 25/12/21 16:43:56 INFO DAGScheduler: Missing parents: List()
[2025-12-21T16:43:56.469+0000] {subprocess.py:93} INFO - 25/12/21 16:43:56 INFO DAGScheduler: Submitting ShuffleMapStage 0 (MapPartitionsRDD[3] at count at NativeMethodAccessorImpl.java:0), which has no missing parents
[2025-12-21T16:43:56.712+0000] {subprocess.py:93} INFO - 25/12/21 16:43:56 INFO MemoryStore: Block broadcast_0 stored as values in memory (estimated size 14.3 KiB, free 434.4 MiB)
[2025-12-21T16:43:56.779+0000] {subprocess.py:93} INFO - 25/12/21 16:43:56 INFO MemoryStore: Block broadcast_0_piece0 stored as bytes in memory (estimated size 7.0 KiB, free 434.4 MiB)
[2025-12-21T16:43:56.783+0000] {subprocess.py:93} INFO - 25/12/21 16:43:56 INFO BlockManagerInfo: Added broadcast_0_piece0 in memory on 4a81c59a6e43:32855 (size: 7.0 KiB, free: 434.4 MiB)
[2025-12-21T16:43:56.790+0000] {subprocess.py:93} INFO - 25/12/21 16:43:56 INFO SparkContext: Created broadcast 0 from broadcast at DAGScheduler.scala:1585
[2025-12-21T16:43:56.817+0000] {subprocess.py:93} INFO - 25/12/21 16:43:56 INFO DAGScheduler: Submitting 1 missing tasks from ShuffleMapStage 0 (MapPartitionsRDD[3] at count at NativeMethodAccessorImpl.java:0) (first 15 tasks are for partitions Vector(0))
[2025-12-21T16:43:56.819+0000] {subprocess.py:93} INFO - 25/12/21 16:43:56 INFO TaskSchedulerImpl: Adding task set 0.0 with 1 tasks resource profile 0
[2025-12-21T16:43:56.894+0000] {subprocess.py:93} INFO - 25/12/21 16:43:56 INFO TaskSetManager: Starting task 0.0 in stage 0.0 (TID 0) (172.18.0.5, executor 0, partition 0, PROCESS_LOCAL, 8880 bytes)
[2025-12-21T16:43:57.383+0000] {subprocess.py:93} INFO - 25/12/21 16:43:57 INFO BlockManagerInfo: Added broadcast_0_piece0 in memory on 172.18.0.5:35903 (size: 7.0 KiB, free: 1048.8 MiB)
[2025-12-21T16:44:00.436+0000] {subprocess.py:93} INFO - 25/12/21 16:44:00 INFO TaskSetManager: Finished task 0.0 in stage 0.0 (TID 0) in 3571 ms on 172.18.0.5 (executor 0) (1/1)
[2025-12-21T16:44:00.440+0000] {subprocess.py:93} INFO - 25/12/21 16:44:00 INFO TaskSchedulerImpl: Removed TaskSet 0.0, whose tasks have all completed, from pool
[2025-12-21T16:44:00.480+0000] {subprocess.py:93} INFO - 25/12/21 16:44:00 INFO DAGScheduler: ShuffleMapStage 0 (count at NativeMethodAccessorImpl.java:0) finished in 3.980 s
[2025-12-21T16:44:00.492+0000] {subprocess.py:93} INFO - 25/12/21 16:44:00 INFO DAGScheduler: looking for newly runnable stages
[2025-12-21T16:44:00.493+0000] {subprocess.py:93} INFO - 25/12/21 16:44:00 INFO DAGScheduler: running: Set()
[2025-12-21T16:44:00.494+0000] {subprocess.py:93} INFO - 25/12/21 16:44:00 INFO DAGScheduler: waiting: Set()
[2025-12-21T16:44:00.495+0000] {subprocess.py:93} INFO - 25/12/21 16:44:00 INFO DAGScheduler: failed: Set()
[2025-12-21T16:44:00.717+0000] {subprocess.py:93} INFO - 25/12/21 16:44:00 INFO CodeGenerator: Code generated in 37.020388 ms
[2025-12-21T16:44:00.789+0000] {subprocess.py:93} INFO - 25/12/21 16:44:00 INFO SparkContext: Starting job: count at NativeMethodAccessorImpl.java:0
[2025-12-21T16:44:00.800+0000] {subprocess.py:93} INFO - 25/12/21 16:44:00 INFO DAGScheduler: Got job 1 (count at NativeMethodAccessorImpl.java:0) with 1 output partitions
[2025-12-21T16:44:00.801+0000] {subprocess.py:93} INFO - 25/12/21 16:44:00 INFO DAGScheduler: Final stage: ResultStage 2 (count at NativeMethodAccessorImpl.java:0)
[2025-12-21T16:44:00.802+0000] {subprocess.py:93} INFO - 25/12/21 16:44:00 INFO DAGScheduler: Parents of final stage: List(ShuffleMapStage 1)
[2025-12-21T16:44:00.805+0000] {subprocess.py:93} INFO - 25/12/21 16:44:00 INFO DAGScheduler: Missing parents: List()
[2025-12-21T16:44:00.813+0000] {subprocess.py:93} INFO - 25/12/21 16:44:00 INFO DAGScheduler: Submitting ResultStage 2 (MapPartitionsRDD[6] at count at NativeMethodAccessorImpl.java:0), which has no missing parents
[2025-12-21T16:44:00.837+0000] {subprocess.py:93} INFO - 25/12/21 16:44:00 INFO MemoryStore: Block broadcast_1 stored as values in memory (estimated size 12.5 KiB, free 434.4 MiB)
[2025-12-21T16:44:00.866+0000] {subprocess.py:93} INFO - 25/12/21 16:44:00 INFO MemoryStore: Block broadcast_1_piece0 stored as bytes in memory (estimated size 5.9 KiB, free 434.4 MiB)
[2025-12-21T16:44:00.899+0000] {subprocess.py:93} INFO - 25/12/21 16:44:00 INFO BlockManagerInfo: Added broadcast_1_piece0 in memory on 4a81c59a6e43:32855 (size: 5.9 KiB, free: 434.4 MiB)
[2025-12-21T16:44:00.911+0000] {subprocess.py:93} INFO - 25/12/21 16:44:00 INFO SparkContext: Created broadcast 1 from broadcast at DAGScheduler.scala:1585
[2025-12-21T16:44:00.913+0000] {subprocess.py:93} INFO - 25/12/21 16:44:00 INFO DAGScheduler: Submitting 1 missing tasks from ResultStage 2 (MapPartitionsRDD[6] at count at NativeMethodAccessorImpl.java:0) (first 15 tasks are for partitions Vector(0))
[2025-12-21T16:44:00.914+0000] {subprocess.py:93} INFO - 25/12/21 16:44:00 INFO TaskSchedulerImpl: Adding task set 2.0 with 1 tasks resource profile 0
[2025-12-21T16:44:00.930+0000] {subprocess.py:93} INFO - 25/12/21 16:44:00 INFO BlockManagerInfo: Removed broadcast_0_piece0 on 4a81c59a6e43:32855 in memory (size: 7.0 KiB, free: 434.4 MiB)
[2025-12-21T16:44:00.943+0000] {subprocess.py:93} INFO - 25/12/21 16:44:00 INFO BlockManagerInfo: Removed broadcast_0_piece0 on 172.18.0.5:35903 in memory (size: 7.0 KiB, free: 1048.8 MiB)
[2025-12-21T16:44:00.943+0000] {subprocess.py:93} INFO - 25/12/21 16:44:00 INFO TaskSetManager: Starting task 0.0 in stage 2.0 (TID 1) (172.18.0.5, executor 0, partition 0, NODE_LOCAL, 8635 bytes)
[2025-12-21T16:44:01.026+0000] {subprocess.py:93} INFO - 25/12/21 16:44:01 INFO BlockManagerInfo: Added broadcast_1_piece0 in memory on 172.18.0.5:35903 (size: 5.9 KiB, free: 1048.8 MiB)
[2025-12-21T16:44:01.195+0000] {subprocess.py:93} INFO - 25/12/21 16:44:01 INFO MapOutputTrackerMasterEndpoint: Asked to send map output locations for shuffle 0 to 172.18.0.5:33566
[2025-12-21T16:44:01.467+0000] {subprocess.py:93} INFO - 25/12/21 16:44:01 INFO TaskSetManager: Finished task 0.0 in stage 2.0 (TID 1) in 530 ms on 172.18.0.5 (executor 0) (1/1)
[2025-12-21T16:44:01.468+0000] {subprocess.py:93} INFO - 25/12/21 16:44:01 INFO TaskSchedulerImpl: Removed TaskSet 2.0, whose tasks have all completed, from pool
[2025-12-21T16:44:01.471+0000] {subprocess.py:93} INFO - 25/12/21 16:44:01 INFO DAGScheduler: ResultStage 2 (count at NativeMethodAccessorImpl.java:0) finished in 0.639 s
[2025-12-21T16:44:01.473+0000] {subprocess.py:93} INFO - 25/12/21 16:44:01 INFO DAGScheduler: Job 1 is finished. Cancelling potential speculative or zombie tasks for this job
[2025-12-21T16:44:01.473+0000] {subprocess.py:93} INFO - 25/12/21 16:44:01 INFO TaskSchedulerImpl: Killing all running tasks in stage 2: Stage finished
[2025-12-21T16:44:01.476+0000] {subprocess.py:93} INFO - 25/12/21 16:44:01 INFO DAGScheduler: Job 1 finished: count at NativeMethodAccessorImpl.java:0, took 0.686320 s
[2025-12-21T16:44:01.492+0000] {subprocess.py:93} INFO - 📥 Nombre de documents MongoDB : 2717
[2025-12-21T16:44:01.845+0000] {subprocess.py:93} INFO - Traceback (most recent call last):
[2025-12-21T16:44:01.847+0000] {subprocess.py:93} INFO -   File "/opt/***/spark_jobs/ingestion.py", line 29, in <module>
[2025-12-21T16:44:01.848+0000] {subprocess.py:93} INFO -     .withColumn(
[2025-12-21T16:44:01.848+0000] {subprocess.py:93} INFO -   File "/opt/spark/python/lib/pyspark.zip/pyspark/sql/dataframe.py", line 5174, in withColumn
[2025-12-21T16:44:01.848+0000] {subprocess.py:93} INFO -   File "/opt/spark/python/lib/py4j-0.10.9.7-src.zip/py4j/java_gateway.py", line 1322, in __call__
[2025-12-21T16:44:01.848+0000] {subprocess.py:93} INFO -   File "/opt/spark/python/lib/pyspark.zip/pyspark/errors/exceptions/captured.py", line 185, in deco
[2025-12-21T16:44:01.858+0000] {subprocess.py:93} INFO - pyspark.errors.exceptions.captured.AnalysisException: [UNRESOLVED_COLUMN.WITH_SUGGESTION] A column or function parameter with name `event`.`id` cannot be resolved. Did you mean one of the following? [`_id`, `event_date`, `statut`, `comment`, `service`].;
[2025-12-21T16:44:01.862+0000] {subprocess.py:93} INFO - 'Project [_id#0, comment#1, date_creation#2, delai_traitement#3, description#4, event_date#5, localisation#6, location#7, service#8, statut#9, type_demande#10, coalesce('event.id, 'request_id) AS id#41]
[2025-12-21T16:44:01.863+0000] {subprocess.py:93} INFO - +- RelationV2[_id#0, comment#1, date_creation#2, delai_traitement#3, description#4, event_date#5, localisation#6, location#7, service#8, statut#9, type_demande#10]  MongoTable()
[2025-12-21T16:44:01.864+0000] {subprocess.py:93} INFO - 
[2025-12-21T16:44:01.960+0000] {subprocess.py:93} INFO - 25/12/21 16:44:01 INFO SparkContext: Invoking stop() from shutdown hook
[2025-12-21T16:44:01.962+0000] {subprocess.py:93} INFO - 25/12/21 16:44:01 INFO SparkContext: SparkContext is stopping with exitCode 0.
[2025-12-21T16:44:01.977+0000] {subprocess.py:93} INFO - 25/12/21 16:44:01 INFO SparkUI: Stopped Spark web UI at http://4a81c59a6e43:4040
[2025-12-21T16:44:01.984+0000] {subprocess.py:93} INFO - 25/12/21 16:44:01 INFO StandaloneSchedulerBackend: Shutting down all executors
[2025-12-21T16:44:01.985+0000] {subprocess.py:93} INFO - 25/12/21 16:44:01 INFO StandaloneSchedulerBackend$StandaloneDriverEndpoint: Asking each executor to shut down
[2025-12-21T16:44:02.030+0000] {subprocess.py:93} INFO - 25/12/21 16:44:02 INFO MapOutputTrackerMasterEndpoint: MapOutputTrackerMasterEndpoint stopped!
[2025-12-21T16:44:02.106+0000] {subprocess.py:93} INFO - 25/12/21 16:44:02 INFO MemoryStore: MemoryStore cleared
[2025-12-21T16:44:02.113+0000] {subprocess.py:93} INFO - 25/12/21 16:44:02 INFO BlockManager: BlockManager stopped
[2025-12-21T16:44:02.133+0000] {subprocess.py:93} INFO - 25/12/21 16:44:02 INFO BlockManagerMaster: BlockManagerMaster stopped
[2025-12-21T16:44:02.142+0000] {subprocess.py:93} INFO - 25/12/21 16:44:02 INFO OutputCommitCoordinator$OutputCommitCoordinatorEndpoint: OutputCommitCoordinator stopped!
[2025-12-21T16:44:02.188+0000] {subprocess.py:93} INFO - 25/12/21 16:44:02 INFO SparkContext: Successfully stopped SparkContext
[2025-12-21T16:44:02.190+0000] {subprocess.py:93} INFO - 25/12/21 16:44:02 INFO ShutdownHookManager: Shutdown hook called
[2025-12-21T16:44:02.198+0000] {subprocess.py:93} INFO - 25/12/21 16:44:02 INFO ShutdownHookManager: Deleting directory /tmp/spark-8cc8c3f7-cd84-4d58-8436-3a013b552cba
[2025-12-21T16:44:02.214+0000] {subprocess.py:93} INFO - 25/12/21 16:44:02 INFO ShutdownHookManager: Deleting directory /tmp/spark-8cc8c3f7-cd84-4d58-8436-3a013b552cba/pyspark-0eab0db1-3f7d-4c09-9e62-687e7043bb99
[2025-12-21T16:44:02.227+0000] {subprocess.py:93} INFO - 25/12/21 16:44:02 INFO ShutdownHookManager: Deleting directory /tmp/spark-0d1d43c0-f4f0-462a-b137-02b89e4ccb25
[2025-12-21T16:44:02.343+0000] {subprocess.py:97} INFO - Command exited with return code 1
[2025-12-21T16:44:02.380+0000] {taskinstance.py:2699} ERROR - Task failed with exception
Traceback (most recent call last):
  File "/home/airflow/.local/lib/python3.10/site-packages/airflow/models/taskinstance.py", line 433, in _execute_task
    result = execute_callable(context=context, **execute_callable_kwargs)
  File "/home/airflow/.local/lib/python3.10/site-packages/airflow/operators/bash.py", line 212, in execute
    raise AirflowException(
airflow.exceptions.AirflowException: Bash command failed. The command returned a non-zero exit code 1.
[2025-12-21T16:44:02.390+0000] {taskinstance.py:1138} INFO - Marking task as UP_FOR_RETRY. dag_id=pipeline_services_publics_togo, task_id=ingestion_mongodb, execution_date=20251221T164317, start_date=20251221T164326, end_date=20251221T164402
[2025-12-21T16:44:02.426+0000] {standard_task_runner.py:107} ERROR - Failed to execute job 25 for task ingestion_mongodb (Bash command failed. The command returned a non-zero exit code 1.; 186)
[2025-12-21T16:44:02.460+0000] {local_task_job_runner.py:234} INFO - Task exited with return code 1
[2025-12-21T16:44:02.542+0000] {taskinstance.py:3281} INFO - 0 downstream tasks scheduled from follow-on schedule check
