[2025-12-21T17:32:26.229+0000] {taskinstance.py:1957} INFO - Dependencies all met for dep_context=non-requeueable deps ti=<TaskInstance: pipeline_services_publics_togo.load_data_to_mongo manual__2025-12-21T17:32:25.062436+00:00 [queued]>
[2025-12-21T17:32:26.248+0000] {taskinstance.py:1957} INFO - Dependencies all met for dep_context=requeueable deps ti=<TaskInstance: pipeline_services_publics_togo.load_data_to_mongo manual__2025-12-21T17:32:25.062436+00:00 [queued]>
[2025-12-21T17:32:26.248+0000] {taskinstance.py:2171} INFO - Starting attempt 1 of 3
[2025-12-21T17:32:26.272+0000] {taskinstance.py:2192} INFO - Executing <Task(BashOperator): load_data_to_mongo> on 2025-12-21 17:32:25.062436+00:00
[2025-12-21T17:32:26.277+0000] {standard_task_runner.py:60} INFO - Started process 165 to run task
[2025-12-21T17:32:26.281+0000] {standard_task_runner.py:87} INFO - Running: ['***', 'tasks', 'run', 'pipeline_services_publics_togo', 'load_data_to_mongo', 'manual__2025-12-21T17:32:25.062436+00:00', '--job-id', '60', '--raw', '--subdir', 'DAGS_FOLDER/pipeline_services_publics.py', '--cfg-path', '/tmp/tmpn0w0hd9r']
[2025-12-21T17:32:26.284+0000] {standard_task_runner.py:88} INFO - Job 60: Subtask load_data_to_mongo
[2025-12-21T17:32:26.347+0000] {task_command.py:423} INFO - Running <TaskInstance: pipeline_services_publics_togo.load_data_to_mongo manual__2025-12-21T17:32:25.062436+00:00 [running]> on host 4a81c59a6e43
[2025-12-21T17:32:26.453+0000] {taskinstance.py:2481} INFO - Exporting env vars: AIRFLOW_CTX_DAG_OWNER='data-engineer' AIRFLOW_CTX_DAG_ID='pipeline_services_publics_togo' AIRFLOW_CTX_TASK_ID='load_data_to_mongo' AIRFLOW_CTX_EXECUTION_DATE='2025-12-21T17:32:25.062436+00:00' AIRFLOW_CTX_TRY_NUMBER='1' AIRFLOW_CTX_DAG_RUN_ID='manual__2025-12-21T17:32:25.062436+00:00'
[2025-12-21T17:32:26.455+0000] {subprocess.py:63} INFO - Tmp dir root location: /tmp
[2025-12-21T17:32:26.456+0000] {subprocess.py:75} INFO - Running command: ['/usr/bin/bash', '-c', '\n    python /opt/***/scripts/load_data_to_mongo.py     /opt/***/data/demandes_services_publics_togo.json\n    ']
[2025-12-21T17:32:26.471+0000] {subprocess.py:86} INFO - Output:
[2025-12-21T17:32:27.385+0000] {subprocess.py:93} INFO - 
[2025-12-21T17:32:27.386+0000] {subprocess.py:93} INFO - Fichier source: /opt/***/data/demandes_services_publics_togo.json
[2025-12-21T17:32:27.386+0000] {subprocess.py:93} INFO - ================================================================================
[2025-12-21T17:32:27.386+0000] {subprocess.py:93} INFO - CHARGEMENT DES DONNÉES DANS MONGODB
[2025-12-21T17:32:27.386+0000] {subprocess.py:93} INFO - ================================================================================
[2025-12-21T17:32:27.386+0000] {subprocess.py:93} INFO - 
[2025-12-21T17:32:27.386+0000] {subprocess.py:93} INFO - [1/3] Connexion à MongoDB...
[2025-12-21T17:32:27.386+0000] {subprocess.py:93} INFO - ✓ Connexion établie
[2025-12-21T17:32:27.386+0000] {subprocess.py:93} INFO - 
[2025-12-21T17:32:27.387+0000] {subprocess.py:93} INFO - [2/3] Lecture du fichier: /opt/***/data/demandes_services_publics_togo.json
[2025-12-21T17:32:27.387+0000] {subprocess.py:93} INFO - ✓ 10000 documents lus
[2025-12-21T17:32:27.387+0000] {subprocess.py:93} INFO - 
[2025-12-21T17:32:27.387+0000] {subprocess.py:93} INFO - [3/3] Upsert des documents dans MongoDB...
[2025-12-21T17:32:27.387+0000] {subprocess.py:93} INFO - ✓ Chargement terminé
[2025-12-21T17:32:27.387+0000] {subprocess.py:93} INFO -   - Insertés   : 0
[2025-12-21T17:32:27.387+0000] {subprocess.py:93} INFO -   - Modifiés   : 190
[2025-12-21T17:32:27.387+0000] {subprocess.py:93} INFO -   - Matchés    : 10000
[2025-12-21T17:32:27.387+0000] {subprocess.py:93} INFO - 
[2025-12-21T17:32:27.387+0000] {subprocess.py:93} INFO - ✓ Total documents en base: 8829
[2025-12-21T17:32:27.881+0000] {subprocess.py:97} INFO - Command exited with return code 0
[2025-12-21T17:32:27.989+0000] {taskinstance.py:1138} INFO - Marking task as SUCCESS. dag_id=pipeline_services_publics_togo, task_id=load_data_to_mongo, execution_date=20251221T173225, start_date=20251221T173226, end_date=20251221T173227
[2025-12-21T17:32:28.065+0000] {local_task_job_runner.py:234} INFO - Task exited with return code 0
[2025-12-21T17:32:28.174+0000] {taskinstance.py:3281} INFO - 1 downstream tasks scheduled from follow-on schedule check
