[2025-12-22T00:34:53.944+0000] {taskinstance.py:1957} INFO - Dependencies all met for dep_context=non-requeueable deps ti=<TaskInstance: pipeline_services_publics_togo.load_data_to_mongo manual__2025-12-22T00:24:36.780119+00:00 [queued]>
[2025-12-22T00:34:53.972+0000] {taskinstance.py:1957} INFO - Dependencies all met for dep_context=requeueable deps ti=<TaskInstance: pipeline_services_publics_togo.load_data_to_mongo manual__2025-12-22T00:24:36.780119+00:00 [queued]>
[2025-12-22T00:34:53.973+0000] {taskinstance.py:2171} INFO - Starting attempt 3 of 3
[2025-12-22T00:34:54.017+0000] {taskinstance.py:2192} INFO - Executing <Task(BashOperator): load_data_to_mongo> on 2025-12-22 00:24:36.780119+00:00
[2025-12-22T00:34:54.029+0000] {standard_task_runner.py:60} INFO - Started process 302 to run task
[2025-12-22T00:34:54.047+0000] {standard_task_runner.py:87} INFO - Running: ['***', 'tasks', 'run', 'pipeline_services_publics_togo', 'load_data_to_mongo', 'manual__2025-12-22T00:24:36.780119+00:00', '--job-id', '4', '--raw', '--subdir', 'DAGS_FOLDER/pipeline_services_publics.py', '--cfg-path', '/tmp/tmpehyjw5xn']
[2025-12-22T00:34:54.054+0000] {standard_task_runner.py:88} INFO - Job 4: Subtask load_data_to_mongo
[2025-12-22T00:34:54.235+0000] {task_command.py:423} INFO - Running <TaskInstance: pipeline_services_publics_togo.load_data_to_mongo manual__2025-12-22T00:24:36.780119+00:00 [running]> on host 6d720e9cb0a5
[2025-12-22T00:34:54.506+0000] {taskinstance.py:2481} INFO - Exporting env vars: AIRFLOW_CTX_DAG_OWNER='data-engineer' AIRFLOW_CTX_DAG_ID='pipeline_services_publics_togo' AIRFLOW_CTX_TASK_ID='load_data_to_mongo' AIRFLOW_CTX_EXECUTION_DATE='2025-12-22T00:24:36.780119+00:00' AIRFLOW_CTX_TRY_NUMBER='3' AIRFLOW_CTX_DAG_RUN_ID='manual__2025-12-22T00:24:36.780119+00:00'
[2025-12-22T00:34:54.510+0000] {subprocess.py:63} INFO - Tmp dir root location: /tmp
[2025-12-22T00:34:54.517+0000] {subprocess.py:75} INFO - Running command: ['/usr/bin/bash', '-c', '\n    python /opt/***/scripts/load_data_to_mongo.py     /opt/***/data/demandes_services_publics_togo.json\n    ']
[2025-12-22T00:34:54.544+0000] {subprocess.py:86} INFO - Output:
[2025-12-22T00:35:00.592+0000] {subprocess.py:93} INFO - Traceback (most recent call last):
[2025-12-22T00:35:00.593+0000] {subprocess.py:93} INFO -   File "/opt/***/scripts/load_data_to_mongo.py", line 38, in load_data_to_mongodb
[2025-12-22T00:35:00.593+0000] {subprocess.py:93} INFO -     client.admin.command("ping")
[2025-12-22T00:35:00.594+0000] {subprocess.py:93} INFO -   File "/home/***/.local/lib/python3.10/site-packages/pymongo/_csot.py", line 107, in csot_wrapper
[2025-12-22T00:35:00.594+0000] {subprocess.py:93} INFO -     return func(self, *args, **kwargs)
[2025-12-22T00:35:00.595+0000] {subprocess.py:93} INFO -   File "/home/***/.local/lib/python3.10/site-packages/pymongo/database.py", line 890, in command
[2025-12-22T00:35:00.595+0000] {subprocess.py:93} INFO -     with self.__client._conn_for_reads(read_preference, session) as (
[2025-12-22T00:35:00.595+0000] {subprocess.py:93} INFO -   File "/home/***/.local/lib/python3.10/site-packages/pymongo/mongo_client.py", line 1346, in _conn_for_reads
[2025-12-22T00:35:00.596+0000] {subprocess.py:93} INFO -     server = self._select_server(read_preference, session)
[2025-12-22T00:35:00.596+0000] {subprocess.py:93} INFO -   File "/home/***/.local/lib/python3.10/site-packages/pymongo/mongo_client.py", line 1303, in _select_server
[2025-12-22T00:35:00.597+0000] {subprocess.py:93} INFO -     server = topology.select_server(server_selector)
[2025-12-22T00:35:00.597+0000] {subprocess.py:93} INFO -   File "/home/***/.local/lib/python3.10/site-packages/pymongo/topology.py", line 302, in select_server
[2025-12-22T00:35:00.597+0000] {subprocess.py:93} INFO -     server = self._select_server(selector, server_selection_timeout, address)
[2025-12-22T00:35:00.598+0000] {subprocess.py:93} INFO -   File "/home/***/.local/lib/python3.10/site-packages/pymongo/topology.py", line 286, in _select_server
[2025-12-22T00:35:00.598+0000] {subprocess.py:93} INFO -     servers = self.select_servers(selector, server_selection_timeout, address)
[2025-12-22T00:35:00.599+0000] {subprocess.py:93} INFO -   File "/home/***/.local/lib/python3.10/site-packages/pymongo/topology.py", line 237, in select_servers
[2025-12-22T00:35:00.599+0000] {subprocess.py:93} INFO -     server_descriptions = self._select_servers_loop(selector, server_timeout, address)
[2025-12-22T00:35:00.599+0000] {subprocess.py:93} INFO -   File "/home/***/.local/lib/python3.10/site-packages/pymongo/topology.py", line 259, in _select_servers_loop
[2025-12-22T00:35:00.600+0000] {subprocess.py:93} INFO -     raise ServerSelectionTimeoutError(
[2025-12-22T00:35:00.600+0000] {subprocess.py:93} INFO - pymongo.errors.ServerSelectionTimeoutError: mongodb:27017: [Errno -2] Name or service not known (configured timeouts: socketTimeoutMS: 20000.0ms, connectTimeoutMS: 20000.0ms), Timeout: 5.0s, Topology Description: <TopologyDescription id: 6948922ffa8fe8a5da3eb7a6, topology_type: Unknown, servers: [<ServerDescription ('mongodb', 27017) server_type: Unknown, rtt: None, error=AutoReconnect('mongodb:27017: [Errno -2] Name or service not known (configured timeouts: socketTimeoutMS: 20000.0ms, connectTimeoutMS: 20000.0ms)')>]>
[2025-12-22T00:35:00.601+0000] {subprocess.py:93} INFO - 
[2025-12-22T00:35:00.601+0000] {subprocess.py:93} INFO - Fichier source: /opt/***/data/demandes_services_publics_togo.json
[2025-12-22T00:35:00.601+0000] {subprocess.py:93} INFO - ================================================================================
[2025-12-22T00:35:00.602+0000] {subprocess.py:93} INFO - CHARGEMENT DES DONNÉES DANS MONGODB
[2025-12-22T00:35:00.602+0000] {subprocess.py:93} INFO - ================================================================================
[2025-12-22T00:35:00.602+0000] {subprocess.py:93} INFO - 
[2025-12-22T00:35:00.603+0000] {subprocess.py:93} INFO - [1/3] Connexion à MongoDB...
[2025-12-22T00:35:00.603+0000] {subprocess.py:93} INFO - 
[2025-12-22T00:35:00.604+0000] {subprocess.py:93} INFO - ❌ ERREUR: mongodb:27017: [Errno -2] Name or service not known (configured timeouts: socketTimeoutMS: 20000.0ms, connectTimeoutMS: 20000.0ms), Timeout: 5.0s, Topology Description: <TopologyDescription id: 6948922ffa8fe8a5da3eb7a6, topology_type: Unknown, servers: [<ServerDescription ('mongodb', 27017) server_type: Unknown, rtt: None, error=AutoReconnect('mongodb:27017: [Errno -2] Name or service not known (configured timeouts: socketTimeoutMS: 20000.0ms, connectTimeoutMS: 20000.0ms)')>]>
[2025-12-22T00:35:00.853+0000] {subprocess.py:97} INFO - Command exited with return code 1
[2025-12-22T00:35:00.901+0000] {taskinstance.py:2699} ERROR - Task failed with exception
Traceback (most recent call last):
  File "/home/airflow/.local/lib/python3.10/site-packages/airflow/models/taskinstance.py", line 433, in _execute_task
    result = execute_callable(context=context, **execute_callable_kwargs)
  File "/home/airflow/.local/lib/python3.10/site-packages/airflow/operators/bash.py", line 212, in execute
    raise AirflowException(
airflow.exceptions.AirflowException: Bash command failed. The command returned a non-zero exit code 1.
[2025-12-22T00:35:00.912+0000] {taskinstance.py:1138} INFO - Marking task as FAILED. dag_id=pipeline_services_publics_togo, task_id=load_data_to_mongo, execution_date=20251222T002436, start_date=20251222T003453, end_date=20251222T003500
[2025-12-22T00:35:00.952+0000] {standard_task_runner.py:107} ERROR - Failed to execute job 4 for task load_data_to_mongo (Bash command failed. The command returned a non-zero exit code 1.; 302)
[2025-12-22T00:35:00.997+0000] {local_task_job_runner.py:234} INFO - Task exited with return code 1
[2025-12-22T00:35:01.097+0000] {taskinstance.py:3281} INFO - 0 downstream tasks scheduled from follow-on schedule check
