[2025-12-21T15:07:28.988+0000] {taskinstance.py:1957} INFO - Dependencies all met for dep_context=non-requeueable deps ti=<TaskInstance: pipeline_services_publics_togo.load_data_to_mongo manual__2025-12-21T15:07:27.921744+00:00 [queued]>
[2025-12-21T15:07:28.996+0000] {taskinstance.py:1957} INFO - Dependencies all met for dep_context=requeueable deps ti=<TaskInstance: pipeline_services_publics_togo.load_data_to_mongo manual__2025-12-21T15:07:27.921744+00:00 [queued]>
[2025-12-21T15:07:28.997+0000] {taskinstance.py:2171} INFO - Starting attempt 1 of 3
[2025-12-21T15:07:29.014+0000] {taskinstance.py:2192} INFO - Executing <Task(BashOperator): load_data_to_mongo> on 2025-12-21 15:07:27.921744+00:00
[2025-12-21T15:07:29.019+0000] {standard_task_runner.py:60} INFO - Started process 170 to run task
[2025-12-21T15:07:29.030+0000] {standard_task_runner.py:87} INFO - Running: ['***', 'tasks', 'run', 'pipeline_services_publics_togo', 'load_data_to_mongo', 'manual__2025-12-21T15:07:27.921744+00:00', '--job-id', '3', '--raw', '--subdir', 'DAGS_FOLDER/pipeline_services_publics.py', '--cfg-path', '/tmp/tmp59qg42cf']
[2025-12-21T15:07:29.037+0000] {standard_task_runner.py:88} INFO - Job 3: Subtask load_data_to_mongo
[2025-12-21T15:07:29.160+0000] {task_command.py:423} INFO - Running <TaskInstance: pipeline_services_publics_togo.load_data_to_mongo manual__2025-12-21T15:07:27.921744+00:00 [running]> on host 30a6224e97bc
[2025-12-21T15:07:29.279+0000] {taskinstance.py:2481} INFO - Exporting env vars: AIRFLOW_CTX_DAG_OWNER='data-engineer' AIRFLOW_CTX_DAG_ID='pipeline_services_publics_togo' AIRFLOW_CTX_TASK_ID='load_data_to_mongo' AIRFLOW_CTX_EXECUTION_DATE='2025-12-21T15:07:27.921744+00:00' AIRFLOW_CTX_TRY_NUMBER='1' AIRFLOW_CTX_DAG_RUN_ID='manual__2025-12-21T15:07:27.921744+00:00'
[2025-12-21T15:07:29.281+0000] {subprocess.py:63} INFO - Tmp dir root location: /tmp
[2025-12-21T15:07:29.283+0000] {subprocess.py:75} INFO - Running command: ['/usr/bin/bash', '-c', '\n    python /opt/***/scripts/load_data_to_mongo.py     /opt/***/data/demandes_services_publics_togo.json\n    ']
[2025-12-21T15:07:29.298+0000] {subprocess.py:86} INFO - Output:
[2025-12-21T15:07:30.045+0000] {subprocess.py:93} INFO - 
[2025-12-21T15:07:30.045+0000] {subprocess.py:93} INFO - Fichier source: /opt/***/data/demandes_services_publics_togo.json
[2025-12-21T15:07:30.046+0000] {subprocess.py:93} INFO - ================================================================================
[2025-12-21T15:07:30.046+0000] {subprocess.py:93} INFO - CHARGEMENT DES DONNÉES DANS MONGODB
[2025-12-21T15:07:30.046+0000] {subprocess.py:93} INFO - ================================================================================
[2025-12-21T15:07:30.047+0000] {subprocess.py:93} INFO - 
[2025-12-21T15:07:30.047+0000] {subprocess.py:93} INFO - [1/3] Connexion à MongoDB...
[2025-12-21T15:07:30.047+0000] {subprocess.py:93} INFO - ✓ Connexion établie
[2025-12-21T15:07:30.047+0000] {subprocess.py:93} INFO - 
[2025-12-21T15:07:30.047+0000] {subprocess.py:93} INFO - [2/3] Lecture du fichier: /opt/***/data/demandes_services_publics_togo.json
[2025-12-21T15:07:30.047+0000] {subprocess.py:93} INFO - ✓ 10000 documents lus
[2025-12-21T15:07:30.048+0000] {subprocess.py:93} INFO - 
[2025-12-21T15:07:30.048+0000] {subprocess.py:93} INFO - [3/3] Upsert des documents dans MongoDB...
[2025-12-21T15:07:30.048+0000] {subprocess.py:93} INFO - ✓ Chargement terminé
[2025-12-21T15:07:30.048+0000] {subprocess.py:93} INFO -   - Insertés   : 1076
[2025-12-21T15:07:30.048+0000] {subprocess.py:93} INFO -   - Modifiés   : 25
[2025-12-21T15:07:30.048+0000] {subprocess.py:93} INFO -   - Matchés    : 1736
[2025-12-21T15:07:30.048+0000] {subprocess.py:93} INFO - 
[2025-12-21T15:07:30.048+0000] {subprocess.py:93} INFO - ✓ Total documents en base: 2717
[2025-12-21T15:07:30.359+0000] {subprocess.py:97} INFO - Command exited with return code 0
[2025-12-21T15:07:30.476+0000] {taskinstance.py:1138} INFO - Marking task as SUCCESS. dag_id=pipeline_services_publics_togo, task_id=load_data_to_mongo, execution_date=20251221T150727, start_date=20251221T150728, end_date=20251221T150730
[2025-12-21T15:07:30.576+0000] {local_task_job_runner.py:234} INFO - Task exited with return code 0
[2025-12-21T15:07:30.623+0000] {taskinstance.py:3281} INFO - 1 downstream tasks scheduled from follow-on schedule check
