[2025-12-22T04:31:45.799+0000] {taskinstance.py:1957} INFO - Dependencies all met for dep_context=non-requeueable deps ti=<TaskInstance: pipeline_services_publics_togo.ingestion_mongodb manual__2025-12-22T04:26:32.678078+00:00 [queued]>
[2025-12-22T04:31:45.827+0000] {taskinstance.py:1957} INFO - Dependencies all met for dep_context=requeueable deps ti=<TaskInstance: pipeline_services_publics_togo.ingestion_mongodb manual__2025-12-22T04:26:32.678078+00:00 [queued]>
[2025-12-22T04:31:45.827+0000] {taskinstance.py:2171} INFO - Starting attempt 2 of 3
[2025-12-22T04:31:45.853+0000] {taskinstance.py:2192} INFO - Executing <Task(BashOperator): ingestion_mongodb> on 2025-12-22 04:26:32.678078+00:00
[2025-12-22T04:31:45.861+0000] {standard_task_runner.py:60} INFO - Started process 352 to run task
[2025-12-22T04:31:45.864+0000] {standard_task_runner.py:87} INFO - Running: ['***', 'tasks', 'run', 'pipeline_services_publics_togo', 'ingestion_mongodb', 'manual__2025-12-22T04:26:32.678078+00:00', '--job-id', '10', '--raw', '--subdir', 'DAGS_FOLDER/pipeline_services_publics.py', '--cfg-path', '/tmp/tmp4insmczt']
[2025-12-22T04:31:45.867+0000] {standard_task_runner.py:88} INFO - Job 10: Subtask ingestion_mongodb
[2025-12-22T04:31:45.931+0000] {task_command.py:423} INFO - Running <TaskInstance: pipeline_services_publics_togo.ingestion_mongodb manual__2025-12-22T04:26:32.678078+00:00 [running]> on host a8d3d1908909
[2025-12-22T04:31:46.019+0000] {taskinstance.py:2481} INFO - Exporting env vars: AIRFLOW_CTX_DAG_OWNER='data-engineer' AIRFLOW_CTX_DAG_ID='pipeline_services_publics_togo' AIRFLOW_CTX_TASK_ID='ingestion_mongodb' AIRFLOW_CTX_EXECUTION_DATE='2025-12-22T04:26:32.678078+00:00' AIRFLOW_CTX_TRY_NUMBER='2' AIRFLOW_CTX_DAG_RUN_ID='manual__2025-12-22T04:26:32.678078+00:00'
[2025-12-22T04:31:46.020+0000] {subprocess.py:63} INFO - Tmp dir root location: /tmp
[2025-12-22T04:31:46.020+0000] {subprocess.py:75} INFO - Running command: ['/usr/bin/bash', '-c', '\n    /opt/spark/bin/spark-submit       --master spark://spark-master:7077       --packages org.mongodb.spark:mongo-spark-connector_2.12:10.5.0       --executor-memory 2G       --driver-memory 1G       /opt/***/spark_jobs/ingestion.py\n    ']
[2025-12-22T04:31:46.030+0000] {subprocess.py:86} INFO - Output:
[2025-12-22T04:31:48.064+0000] {subprocess.py:93} INFO - :: loading settings :: url = jar:file:/opt/spark/jars/ivy-2.5.1.jar!/org/apache/ivy/core/settings/ivysettings.xml
[2025-12-22T04:31:48.139+0000] {subprocess.py:93} INFO - Ivy Default Cache set to: /home/***/.ivy2/cache
[2025-12-22T04:31:48.139+0000] {subprocess.py:93} INFO - The jars for the packages stored in: /home/***/.ivy2/jars
[2025-12-22T04:31:48.152+0000] {subprocess.py:93} INFO - org.mongodb.spark#mongo-spark-connector_2.12 added as a dependency
[2025-12-22T04:31:48.152+0000] {subprocess.py:93} INFO - :: resolving dependencies :: org.apache.spark#spark-submit-parent-c2c7d091-ed00-4167-b293-2de0c5e983bb;1.0
[2025-12-22T04:31:48.153+0000] {subprocess.py:93} INFO - 	confs: [default]
[2025-12-22T04:31:48.494+0000] {subprocess.py:93} INFO - You probably access the destination server through a proxy server that is not well configured.
[2025-12-22T04:31:48.496+0000] {subprocess.py:93} INFO - You probably access the destination server through a proxy server that is not well configured.
[2025-12-22T04:31:48.499+0000] {subprocess.py:93} INFO - You probably access the destination server through a proxy server that is not well configured.
[2025-12-22T04:31:48.499+0000] {subprocess.py:93} INFO - You probably access the destination server through a proxy server that is not well configured.
[2025-12-22T04:31:48.519+0000] {subprocess.py:93} INFO - :: resolution report :: resolve 372ms :: artifacts dl 0ms
[2025-12-22T04:31:48.519+0000] {subprocess.py:93} INFO - 	:: modules in use:
[2025-12-22T04:31:48.520+0000] {subprocess.py:93} INFO - 	---------------------------------------------------------------------
[2025-12-22T04:31:48.520+0000] {subprocess.py:93} INFO - 	|                  |            modules            ||   artifacts   |
[2025-12-22T04:31:48.520+0000] {subprocess.py:93} INFO - 	|       conf       | number| search|dwnlded|evicted|| number|dwnlded|
[2025-12-22T04:31:48.521+0000] {subprocess.py:93} INFO - 	---------------------------------------------------------------------
[2025-12-22T04:31:48.521+0000] {subprocess.py:93} INFO - 	|      default     |   1   |   0   |   0   |   0   ||   0   |   0   |
[2025-12-22T04:31:48.522+0000] {subprocess.py:93} INFO - 	---------------------------------------------------------------------
[2025-12-22T04:31:48.522+0000] {subprocess.py:93} INFO - 
[2025-12-22T04:31:48.522+0000] {subprocess.py:93} INFO - :: problems summary ::
[2025-12-22T04:31:48.523+0000] {subprocess.py:93} INFO - :::: WARNINGS
[2025-12-22T04:31:48.523+0000] {subprocess.py:93} INFO - 	Host repo1.maven.org not found. url=https://repo1.maven.org/maven2/org/mongodb/spark/mongo-spark-connector_2.12/10.5.0/mongo-spark-connector_2.12-10.5.0.pom
[2025-12-22T04:31:48.532+0000] {subprocess.py:93} INFO - 
[2025-12-22T04:31:48.533+0000] {subprocess.py:93} INFO - 	Host repo1.maven.org not found. url=https://repo1.maven.org/maven2/org/mongodb/spark/mongo-spark-connector_2.12/10.5.0/mongo-spark-connector_2.12-10.5.0.jar
[2025-12-22T04:31:48.533+0000] {subprocess.py:93} INFO - 
[2025-12-22T04:31:48.534+0000] {subprocess.py:93} INFO - 	Host repos.spark-packages.org not found. url=https://repos.spark-packages.org/org/mongodb/spark/mongo-spark-connector_2.12/10.5.0/mongo-spark-connector_2.12-10.5.0.pom
[2025-12-22T04:31:48.534+0000] {subprocess.py:93} INFO - 
[2025-12-22T04:31:48.534+0000] {subprocess.py:93} INFO - 	Host repos.spark-packages.org not found. url=https://repos.spark-packages.org/org/mongodb/spark/mongo-spark-connector_2.12/10.5.0/mongo-spark-connector_2.12-10.5.0.jar
[2025-12-22T04:31:48.534+0000] {subprocess.py:93} INFO - 
[2025-12-22T04:31:48.534+0000] {subprocess.py:93} INFO - 		module not found: org.mongodb.spark#mongo-spark-connector_2.12;10.5.0
[2025-12-22T04:31:48.534+0000] {subprocess.py:93} INFO - 
[2025-12-22T04:31:48.534+0000] {subprocess.py:93} INFO - 	==== local-m2-cache: tried
[2025-12-22T04:31:48.534+0000] {subprocess.py:93} INFO - 
[2025-12-22T04:31:48.534+0000] {subprocess.py:93} INFO - 	  file:/home/***/.m2/repository/org/mongodb/spark/mongo-spark-connector_2.12/10.5.0/mongo-spark-connector_2.12-10.5.0.pom
[2025-12-22T04:31:48.535+0000] {subprocess.py:93} INFO - 
[2025-12-22T04:31:48.535+0000] {subprocess.py:93} INFO - 	  -- artifact org.mongodb.spark#mongo-spark-connector_2.12;10.5.0!mongo-spark-connector_2.12.jar:
[2025-12-22T04:31:48.535+0000] {subprocess.py:93} INFO - 
[2025-12-22T04:31:48.535+0000] {subprocess.py:93} INFO - 	  file:/home/***/.m2/repository/org/mongodb/spark/mongo-spark-connector_2.12/10.5.0/mongo-spark-connector_2.12-10.5.0.jar
[2025-12-22T04:31:48.535+0000] {subprocess.py:93} INFO - 
[2025-12-22T04:31:48.535+0000] {subprocess.py:93} INFO - 	==== local-ivy-cache: tried
[2025-12-22T04:31:48.535+0000] {subprocess.py:93} INFO - 
[2025-12-22T04:31:48.535+0000] {subprocess.py:93} INFO - 	  /home/***/.ivy2/local/org.mongodb.spark/mongo-spark-connector_2.12/10.5.0/ivys/ivy.xml
[2025-12-22T04:31:48.535+0000] {subprocess.py:93} INFO - 
[2025-12-22T04:31:48.535+0000] {subprocess.py:93} INFO - 	  -- artifact org.mongodb.spark#mongo-spark-connector_2.12;10.5.0!mongo-spark-connector_2.12.jar:
[2025-12-22T04:31:48.536+0000] {subprocess.py:93} INFO - 
[2025-12-22T04:31:48.536+0000] {subprocess.py:93} INFO - 	  /home/***/.ivy2/local/org.mongodb.spark/mongo-spark-connector_2.12/10.5.0/jars/mongo-spark-connector_2.12.jar
[2025-12-22T04:31:48.537+0000] {subprocess.py:93} INFO - 
[2025-12-22T04:31:48.537+0000] {subprocess.py:93} INFO - 	==== central: tried
[2025-12-22T04:31:48.538+0000] {subprocess.py:93} INFO - 
[2025-12-22T04:31:48.538+0000] {subprocess.py:93} INFO - 	  https://repo1.maven.org/maven2/org/mongodb/spark/mongo-spark-connector_2.12/10.5.0/mongo-spark-connector_2.12-10.5.0.pom
[2025-12-22T04:31:48.538+0000] {subprocess.py:93} INFO - 
[2025-12-22T04:31:48.539+0000] {subprocess.py:93} INFO - 	  -- artifact org.mongodb.spark#mongo-spark-connector_2.12;10.5.0!mongo-spark-connector_2.12.jar:
[2025-12-22T04:31:48.539+0000] {subprocess.py:93} INFO - 
[2025-12-22T04:31:48.540+0000] {subprocess.py:93} INFO - 	  https://repo1.maven.org/maven2/org/mongodb/spark/mongo-spark-connector_2.12/10.5.0/mongo-spark-connector_2.12-10.5.0.jar
[2025-12-22T04:31:48.540+0000] {subprocess.py:93} INFO - 
[2025-12-22T04:31:48.540+0000] {subprocess.py:93} INFO - 	==== spark-packages: tried
[2025-12-22T04:31:48.541+0000] {subprocess.py:93} INFO - 
[2025-12-22T04:31:48.541+0000] {subprocess.py:93} INFO - 	  https://repos.spark-packages.org/org/mongodb/spark/mongo-spark-connector_2.12/10.5.0/mongo-spark-connector_2.12-10.5.0.pom
[2025-12-22T04:31:48.541+0000] {subprocess.py:93} INFO - 
[2025-12-22T04:31:48.542+0000] {subprocess.py:93} INFO - 	  -- artifact org.mongodb.spark#mongo-spark-connector_2.12;10.5.0!mongo-spark-connector_2.12.jar:
[2025-12-22T04:31:48.542+0000] {subprocess.py:93} INFO - 
[2025-12-22T04:31:48.543+0000] {subprocess.py:93} INFO - 	  https://repos.spark-packages.org/org/mongodb/spark/mongo-spark-connector_2.12/10.5.0/mongo-spark-connector_2.12-10.5.0.jar
[2025-12-22T04:31:48.543+0000] {subprocess.py:93} INFO - 
[2025-12-22T04:31:48.544+0000] {subprocess.py:93} INFO - 		::::::::::::::::::::::::::::::::::::::::::::::
[2025-12-22T04:31:48.544+0000] {subprocess.py:93} INFO - 
[2025-12-22T04:31:48.544+0000] {subprocess.py:93} INFO - 		::          UNRESOLVED DEPENDENCIES         ::
[2025-12-22T04:31:48.545+0000] {subprocess.py:93} INFO - 
[2025-12-22T04:31:48.545+0000] {subprocess.py:93} INFO - 		::::::::::::::::::::::::::::::::::::::::::::::
[2025-12-22T04:31:48.545+0000] {subprocess.py:93} INFO - 
[2025-12-22T04:31:48.546+0000] {subprocess.py:93} INFO - 		:: org.mongodb.spark#mongo-spark-connector_2.12;10.5.0: not found
[2025-12-22T04:31:48.546+0000] {subprocess.py:93} INFO - 
[2025-12-22T04:31:48.547+0000] {subprocess.py:93} INFO - 		::::::::::::::::::::::::::::::::::::::::::::::
[2025-12-22T04:31:48.547+0000] {subprocess.py:93} INFO - 
[2025-12-22T04:31:48.547+0000] {subprocess.py:93} INFO - 
[2025-12-22T04:31:48.547+0000] {subprocess.py:93} INFO - 
[2025-12-22T04:31:48.547+0000] {subprocess.py:93} INFO - :: USE VERBOSE OR DEBUG MESSAGE LEVEL FOR MORE DETAILS
[2025-12-22T04:31:48.547+0000] {subprocess.py:93} INFO - Exception in thread "main" java.lang.RuntimeException: [unresolved dependency: org.mongodb.spark#mongo-spark-connector_2.12;10.5.0: not found]
[2025-12-22T04:31:48.547+0000] {subprocess.py:93} INFO - 	at org.apache.spark.deploy.SparkSubmitUtils$.resolveMavenCoordinates(SparkSubmit.scala:1608)
[2025-12-22T04:31:48.547+0000] {subprocess.py:93} INFO - 	at org.apache.spark.util.DependencyUtils$.resolveMavenDependencies(DependencyUtils.scala:185)
[2025-12-22T04:31:48.547+0000] {subprocess.py:93} INFO - 	at org.apache.spark.deploy.SparkSubmit.prepareSubmitEnvironment(SparkSubmit.scala:334)
[2025-12-22T04:31:48.548+0000] {subprocess.py:93} INFO - 	at org.apache.spark.deploy.SparkSubmit.org$apache$spark$deploy$SparkSubmit$$runMain(SparkSubmit.scala:964)
[2025-12-22T04:31:48.548+0000] {subprocess.py:93} INFO - 	at org.apache.spark.deploy.SparkSubmit.doRunMain$1(SparkSubmit.scala:194)
[2025-12-22T04:31:48.548+0000] {subprocess.py:93} INFO - 	at org.apache.spark.deploy.SparkSubmit.submit(SparkSubmit.scala:217)
[2025-12-22T04:31:48.548+0000] {subprocess.py:93} INFO - 	at org.apache.spark.deploy.SparkSubmit.doSubmit(SparkSubmit.scala:91)
[2025-12-22T04:31:48.548+0000] {subprocess.py:93} INFO - 	at org.apache.spark.deploy.SparkSubmit$$anon$2.doSubmit(SparkSubmit.scala:1120)
[2025-12-22T04:31:48.548+0000] {subprocess.py:93} INFO - 	at org.apache.spark.deploy.SparkSubmit$.main(SparkSubmit.scala:1129)
[2025-12-22T04:31:48.548+0000] {subprocess.py:93} INFO - 	at org.apache.spark.deploy.SparkSubmit.main(SparkSubmit.scala)
[2025-12-22T04:31:48.554+0000] {subprocess.py:97} INFO - Command exited with return code 1
[2025-12-22T04:31:48.569+0000] {taskinstance.py:2699} ERROR - Task failed with exception
Traceback (most recent call last):
  File "/home/airflow/.local/lib/python3.10/site-packages/airflow/models/taskinstance.py", line 433, in _execute_task
    result = execute_callable(context=context, **execute_callable_kwargs)
  File "/home/airflow/.local/lib/python3.10/site-packages/airflow/operators/bash.py", line 212, in execute
    raise AirflowException(
airflow.exceptions.AirflowException: Bash command failed. The command returned a non-zero exit code 1.
[2025-12-22T04:31:48.572+0000] {taskinstance.py:1138} INFO - Marking task as UP_FOR_RETRY. dag_id=pipeline_services_publics_togo, task_id=ingestion_mongodb, execution_date=20251222T042632, start_date=20251222T043145, end_date=20251222T043148
[2025-12-22T04:31:48.584+0000] {standard_task_runner.py:107} ERROR - Failed to execute job 10 for task ingestion_mongodb (Bash command failed. The command returned a non-zero exit code 1.; 352)
[2025-12-22T04:31:48.619+0000] {local_task_job_runner.py:234} INFO - Task exited with return code 1
[2025-12-22T04:31:48.692+0000] {taskinstance.py:3281} INFO - 0 downstream tasks scheduled from follow-on schedule check
