[2025-12-21T13:37:11.756+0000] {taskinstance.py:1957} INFO - Dependencies all met for dep_context=non-requeueable deps ti=<TaskInstance: pipeline_services_publics_togo.ingestion_mongodb manual__2025-12-21T13:26:58.592031+00:00 [queued]>
[2025-12-21T13:37:11.787+0000] {taskinstance.py:1957} INFO - Dependencies all met for dep_context=requeueable deps ti=<TaskInstance: pipeline_services_publics_togo.ingestion_mongodb manual__2025-12-21T13:26:58.592031+00:00 [queued]>
[2025-12-21T13:37:11.788+0000] {taskinstance.py:2171} INFO - Starting attempt 3 of 3
[2025-12-21T13:37:11.827+0000] {taskinstance.py:2192} INFO - Executing <Task(SparkSubmitOperator): ingestion_mongodb> on 2025-12-21 13:26:58.592031+00:00
[2025-12-21T13:37:11.845+0000] {standard_task_runner.py:60} INFO - Started process 165 to run task
[2025-12-21T13:37:11.864+0000] {standard_task_runner.py:87} INFO - Running: ['***', 'tasks', 'run', 'pipeline_services_publics_togo', 'ingestion_mongodb', 'manual__2025-12-21T13:26:58.592031+00:00', '--job-id', '34', '--raw', '--subdir', 'DAGS_FOLDER/pipeline_services_publics.py', '--cfg-path', '/tmp/tmpd8prv1xl']
[2025-12-21T13:37:11.874+0000] {standard_task_runner.py:88} INFO - Job 34: Subtask ingestion_mongodb
[2025-12-21T13:37:12.103+0000] {task_command.py:423} INFO - Running <TaskInstance: pipeline_services_publics_togo.ingestion_mongodb manual__2025-12-21T13:26:58.592031+00:00 [running]> on host e54e10d5e9ac
[2025-12-21T13:37:12.284+0000] {taskinstance.py:2481} INFO - Exporting env vars: AIRFLOW_CTX_DAG_OWNER='data-engineer' AIRFLOW_CTX_DAG_ID='pipeline_services_publics_togo' AIRFLOW_CTX_TASK_ID='ingestion_mongodb' AIRFLOW_CTX_EXECUTION_DATE='2025-12-21T13:26:58.592031+00:00' AIRFLOW_CTX_TRY_NUMBER='3' AIRFLOW_CTX_DAG_RUN_ID='manual__2025-12-21T13:26:58.592031+00:00'
[2025-12-21T13:37:12.317+0000] {spark_submit.py:273} INFO - Could not load connection string spark_default, defaulting to yarn
[2025-12-21T13:37:12.320+0000] {spark_submit.py:403} INFO - Spark-Submit cmd: spark-submit --master yarn --packages org.mongodb.spark:mongo-spark-connector_2.12:10.2.0 --executor-memory 2G --driver-memory 1G --name arrow-spark /opt/***/spark_jobs/ingestion.py
[2025-12-21T13:37:12.398+0000] {spark_submit.py:579} INFO - JAVA_HOME is not set
[2025-12-21T13:37:12.423+0000] {taskinstance.py:2699} ERROR - Task failed with exception
Traceback (most recent call last):
  File "/home/airflow/.local/lib/python3.10/site-packages/airflow/models/taskinstance.py", line 433, in _execute_task
    result = execute_callable(context=context, **execute_callable_kwargs)
  File "/home/airflow/.local/lib/python3.10/site-packages/airflow/providers/apache/spark/operators/spark_submit.py", line 174, in execute
    self._hook.submit(self.application)
  File "/home/airflow/.local/lib/python3.10/site-packages/airflow/providers/apache/spark/hooks/spark_submit.py", line 505, in submit
    raise AirflowException(
airflow.exceptions.AirflowException: Cannot execute: spark-submit --master yarn --packages org.mongodb.spark:mongo-spark-connector_2.12:10.2.0 --executor-memory 2G --driver-memory 1G --name arrow-spark /opt/***/spark_jobs/ingestion.py. Error code is: 1.
[2025-12-21T13:37:12.433+0000] {taskinstance.py:1138} INFO - Marking task as FAILED. dag_id=pipeline_services_publics_togo, task_id=ingestion_mongodb, execution_date=20251221T132658, start_date=20251221T133711, end_date=20251221T133712
[2025-12-21T13:37:12.445+0000] {standard_task_runner.py:107} ERROR - Failed to execute job 34 for task ingestion_mongodb (Cannot execute: spark-submit --master yarn --packages org.mongodb.spark:mongo-spark-connector_2.12:10.2.0 --executor-memory 2G --driver-memory 1G --name arrow-spark /opt/***/spark_jobs/ingestion.py. Error code is: 1.; 165)
[2025-12-21T13:37:12.459+0000] {local_task_job_runner.py:234} INFO - Task exited with return code 1
[2025-12-21T13:37:12.499+0000] {taskinstance.py:3281} INFO - 0 downstream tasks scheduled from follow-on schedule check
