[2025-12-22T05:33:28.462+0000] {taskinstance.py:1957} INFO - Dependencies all met for dep_context=non-requeueable deps ti=<TaskInstance: pipeline_services_publics_togo.ingestion_mongodb manual__2025-12-22T05:21:39.180728+00:00 [queued]>
[2025-12-22T05:33:28.483+0000] {taskinstance.py:1957} INFO - Dependencies all met for dep_context=requeueable deps ti=<TaskInstance: pipeline_services_publics_togo.ingestion_mongodb manual__2025-12-22T05:21:39.180728+00:00 [queued]>
[2025-12-22T05:33:28.484+0000] {taskinstance.py:2171} INFO - Starting attempt 3 of 3
[2025-12-22T05:33:28.514+0000] {taskinstance.py:2192} INFO - Executing <Task(BashOperator): ingestion_mongodb> on 2025-12-22 05:21:39.180728+00:00
[2025-12-22T05:33:28.522+0000] {standard_task_runner.py:60} INFO - Started process 320 to run task
[2025-12-22T05:33:28.528+0000] {standard_task_runner.py:87} INFO - Running: ['***', 'tasks', 'run', 'pipeline_services_publics_togo', 'ingestion_mongodb', 'manual__2025-12-22T05:21:39.180728+00:00', '--job-id', '32', '--raw', '--subdir', 'DAGS_FOLDER/pipeline_services_publics.py', '--cfg-path', '/tmp/tmpdm9_mbza']
[2025-12-22T05:33:28.532+0000] {standard_task_runner.py:88} INFO - Job 32: Subtask ingestion_mongodb
[2025-12-22T05:33:28.664+0000] {task_command.py:423} INFO - Running <TaskInstance: pipeline_services_publics_togo.ingestion_mongodb manual__2025-12-22T05:21:39.180728+00:00 [running]> on host 8760ad6ea1f0
[2025-12-22T05:33:28.913+0000] {taskinstance.py:2481} INFO - Exporting env vars: AIRFLOW_CTX_DAG_OWNER='data-engineer' AIRFLOW_CTX_DAG_ID='pipeline_services_publics_togo' AIRFLOW_CTX_TASK_ID='ingestion_mongodb' AIRFLOW_CTX_EXECUTION_DATE='2025-12-22T05:21:39.180728+00:00' AIRFLOW_CTX_TRY_NUMBER='3' AIRFLOW_CTX_DAG_RUN_ID='manual__2025-12-22T05:21:39.180728+00:00'
[2025-12-22T05:33:28.914+0000] {subprocess.py:63} INFO - Tmp dir root location: /tmp
[2025-12-22T05:33:28.915+0000] {subprocess.py:75} INFO - Running command: ['/usr/bin/bash', '-c', '\n    /opt/spark/bin/spark-submit       --master spark://spark-master:7077       --packages org.mongodb.spark:mongo-spark-connector_2.12:10.5.0       --executor-memory 2G       --driver-memory 1G       /opt/***/spark_jobs/ingestion.py\n    ']
[2025-12-22T05:33:28.930+0000] {subprocess.py:86} INFO - Output:
[2025-12-22T05:33:32.370+0000] {subprocess.py:93} INFO - :: loading settings :: url = jar:file:/opt/spark/jars/ivy-2.5.1.jar!/org/apache/ivy/core/settings/ivysettings.xml
[2025-12-22T05:33:32.664+0000] {subprocess.py:93} INFO - Ivy Default Cache set to: /home/***/.ivy2/cache
[2025-12-22T05:33:32.666+0000] {subprocess.py:93} INFO - The jars for the packages stored in: /home/***/.ivy2/jars
[2025-12-22T05:33:32.687+0000] {subprocess.py:93} INFO - org.mongodb.spark#mongo-spark-connector_2.12 added as a dependency
[2025-12-22T05:33:32.695+0000] {subprocess.py:93} INFO - :: resolving dependencies :: org.apache.spark#spark-submit-parent-004b167f-b9e4-415d-96ec-3359880abc06;1.0
[2025-12-22T05:33:32.701+0000] {subprocess.py:93} INFO - 	confs: [default]
[2025-12-22T05:33:33.131+0000] {subprocess.py:93} INFO - 	found org.mongodb.spark#mongo-spark-connector_2.12;10.5.0 in central
[2025-12-22T05:33:37.054+0000] {subprocess.py:93} INFO - 	found org.mongodb#mongodb-driver-sync;5.1.4 in central
[2025-12-22T05:33:37.059+0000] {subprocess.py:93} INFO - 	[5.1.4] org.mongodb#mongodb-driver-sync;[5.1.1,5.1.99)
[2025-12-22T05:33:37.227+0000] {subprocess.py:93} INFO - 	found org.mongodb#bson;5.1.4 in central
[2025-12-22T05:33:37.281+0000] {subprocess.py:93} INFO - 	found org.mongodb#mongodb-driver-core;5.1.4 in central
[2025-12-22T05:33:37.306+0000] {subprocess.py:93} INFO - 	found org.mongodb#bson-record-codec;5.1.4 in central
[2025-12-22T05:33:37.353+0000] {subprocess.py:93} INFO - :: resolution report :: resolve 4644ms :: artifacts dl 18ms
[2025-12-22T05:33:37.354+0000] {subprocess.py:93} INFO - 	:: modules in use:
[2025-12-22T05:33:37.354+0000] {subprocess.py:93} INFO - 	org.mongodb#bson;5.1.4 from central in [default]
[2025-12-22T05:33:37.354+0000] {subprocess.py:93} INFO - 	org.mongodb#bson-record-codec;5.1.4 from central in [default]
[2025-12-22T05:33:37.354+0000] {subprocess.py:93} INFO - 	org.mongodb#mongodb-driver-core;5.1.4 from central in [default]
[2025-12-22T05:33:37.361+0000] {subprocess.py:93} INFO - 	org.mongodb#mongodb-driver-sync;5.1.4 from central in [default]
[2025-12-22T05:33:37.362+0000] {subprocess.py:93} INFO - 	org.mongodb.spark#mongo-spark-connector_2.12;10.5.0 from central in [default]
[2025-12-22T05:33:37.362+0000] {subprocess.py:93} INFO - 	---------------------------------------------------------------------
[2025-12-22T05:33:37.363+0000] {subprocess.py:93} INFO - 	|                  |            modules            ||   artifacts   |
[2025-12-22T05:33:37.363+0000] {subprocess.py:93} INFO - 	|       conf       | number| search|dwnlded|evicted|| number|dwnlded|
[2025-12-22T05:33:37.363+0000] {subprocess.py:93} INFO - 	---------------------------------------------------------------------
[2025-12-22T05:33:37.364+0000] {subprocess.py:93} INFO - 	|      default     |   5   |   1   |   0   |   0   ||   5   |   0   |
[2025-12-22T05:33:37.364+0000] {subprocess.py:93} INFO - 	---------------------------------------------------------------------
[2025-12-22T05:33:37.370+0000] {subprocess.py:93} INFO - :: retrieving :: org.apache.spark#spark-submit-parent-004b167f-b9e4-415d-96ec-3359880abc06
[2025-12-22T05:33:37.376+0000] {subprocess.py:93} INFO - 	confs: [default]
[2025-12-22T05:33:37.392+0000] {subprocess.py:93} INFO - 	0 artifacts copied, 5 already retrieved (0kB/18ms)
[2025-12-22T05:33:37.704+0000] {subprocess.py:93} INFO - 25/12/22 05:33:37 WARN NativeCodeLoader: Unable to load native-hadoop library for your platform... using builtin-java classes where applicable
[2025-12-22T05:33:39.639+0000] {subprocess.py:93} INFO - 25/12/22 05:33:39 INFO SparkContext: Running Spark version 3.5.1
[2025-12-22T05:33:39.639+0000] {subprocess.py:93} INFO - 25/12/22 05:33:39 INFO SparkContext: OS info Linux, 6.8.0-90-generic, amd64
[2025-12-22T05:33:39.644+0000] {subprocess.py:93} INFO - 25/12/22 05:33:39 INFO SparkContext: Java version 17.0.17
[2025-12-22T05:33:39.695+0000] {subprocess.py:93} INFO - 25/12/22 05:33:39 INFO ResourceUtils: ==============================================================
[2025-12-22T05:33:39.696+0000] {subprocess.py:93} INFO - 25/12/22 05:33:39 INFO ResourceUtils: No custom resources configured for spark.driver.
[2025-12-22T05:33:39.703+0000] {subprocess.py:93} INFO - 25/12/22 05:33:39 INFO ResourceUtils: ==============================================================
[2025-12-22T05:33:39.703+0000] {subprocess.py:93} INFO - 25/12/22 05:33:39 INFO SparkContext: Submitted application: Ingestion_MongoDB_Raw
[2025-12-22T05:33:39.782+0000] {subprocess.py:93} INFO - 25/12/22 05:33:39 INFO ResourceProfile: Default ResourceProfile created, executor resources: Map(memory -> name: memory, amount: 2048, script: , vendor: , offHeap -> name: offHeap, amount: 0, script: , vendor: ), task resources: Map(cpus -> name: cpus, amount: 1.0)
[2025-12-22T05:33:39.811+0000] {subprocess.py:93} INFO - 25/12/22 05:33:39 INFO ResourceProfile: Limiting resource is cpu
[2025-12-22T05:33:39.812+0000] {subprocess.py:93} INFO - 25/12/22 05:33:39 INFO ResourceProfileManager: Added ResourceProfile id: 0
[2025-12-22T05:33:39.956+0000] {subprocess.py:93} INFO - 25/12/22 05:33:39 INFO SecurityManager: Changing view acls to: ***
[2025-12-22T05:33:39.956+0000] {subprocess.py:93} INFO - 25/12/22 05:33:39 INFO SecurityManager: Changing modify acls to: ***
[2025-12-22T05:33:39.970+0000] {subprocess.py:93} INFO - 25/12/22 05:33:39 INFO SecurityManager: Changing view acls groups to:
[2025-12-22T05:33:39.970+0000] {subprocess.py:93} INFO - 25/12/22 05:33:39 INFO SecurityManager: Changing modify acls groups to:
[2025-12-22T05:33:39.970+0000] {subprocess.py:93} INFO - 25/12/22 05:33:39 INFO SecurityManager: SecurityManager: authentication disabled; ui acls disabled; users with view permissions: ***; groups with view permissions: EMPTY; users with modify permissions: ***; groups with modify permissions: EMPTY
[2025-12-22T05:33:40.319+0000] {subprocess.py:93} INFO - 25/12/22 05:33:40 INFO Utils: Successfully started service 'sparkDriver' on port 42281.
[2025-12-22T05:33:40.365+0000] {subprocess.py:93} INFO - 25/12/22 05:33:40 INFO SparkEnv: Registering MapOutputTracker
[2025-12-22T05:33:40.402+0000] {subprocess.py:93} INFO - 25/12/22 05:33:40 INFO SparkEnv: Registering BlockManagerMaster
[2025-12-22T05:33:40.438+0000] {subprocess.py:93} INFO - 25/12/22 05:33:40 INFO BlockManagerMasterEndpoint: Using org.apache.spark.storage.DefaultTopologyMapper for getting topology information
[2025-12-22T05:33:40.438+0000] {subprocess.py:93} INFO - 25/12/22 05:33:40 INFO BlockManagerMasterEndpoint: BlockManagerMasterEndpoint up
[2025-12-22T05:33:40.442+0000] {subprocess.py:93} INFO - 25/12/22 05:33:40 INFO SparkEnv: Registering BlockManagerMasterHeartbeat
[2025-12-22T05:33:40.463+0000] {subprocess.py:93} INFO - 25/12/22 05:33:40 INFO DiskBlockManager: Created local directory at /tmp/blockmgr-1fe2111f-aeef-4d1b-bb58-55679cd5fbfc
[2025-12-22T05:33:40.485+0000] {subprocess.py:93} INFO - 25/12/22 05:33:40 INFO MemoryStore: MemoryStore started with capacity 434.4 MiB
[2025-12-22T05:33:40.503+0000] {subprocess.py:93} INFO - 25/12/22 05:33:40 INFO SparkEnv: Registering OutputCommitCoordinator
[2025-12-22T05:33:40.672+0000] {subprocess.py:93} INFO - 25/12/22 05:33:40 INFO JettyUtils: Start Jetty 0.0.0.0:4040 for SparkUI
[2025-12-22T05:33:40.808+0000] {subprocess.py:93} INFO - 25/12/22 05:33:40 WARN Utils: Service 'SparkUI' could not bind on port 4040. Attempting port 4041.
[2025-12-22T05:33:40.820+0000] {subprocess.py:93} INFO - 25/12/22 05:33:40 INFO Utils: Successfully started service 'SparkUI' on port 4041.
[2025-12-22T05:33:40.943+0000] {subprocess.py:93} INFO - 25/12/22 05:33:40 INFO SparkContext: Added JAR file:///home/***/.ivy2/jars/org.mongodb.spark_mongo-spark-connector_2.12-10.5.0.jar at spark://8760ad6ea1f0:42281/jars/org.mongodb.spark_mongo-spark-connector_2.12-10.5.0.jar with timestamp 1766381619621
[2025-12-22T05:33:40.944+0000] {subprocess.py:93} INFO - 25/12/22 05:33:40 INFO SparkContext: Added JAR file:///home/***/.ivy2/jars/org.mongodb_mongodb-driver-sync-5.1.4.jar at spark://8760ad6ea1f0:42281/jars/org.mongodb_mongodb-driver-sync-5.1.4.jar with timestamp 1766381619621
[2025-12-22T05:33:40.944+0000] {subprocess.py:93} INFO - 25/12/22 05:33:40 INFO SparkContext: Added JAR file:///home/***/.ivy2/jars/org.mongodb_bson-5.1.4.jar at spark://8760ad6ea1f0:42281/jars/org.mongodb_bson-5.1.4.jar with timestamp 1766381619621
[2025-12-22T05:33:40.945+0000] {subprocess.py:93} INFO - 25/12/22 05:33:40 INFO SparkContext: Added JAR file:///home/***/.ivy2/jars/org.mongodb_mongodb-driver-core-5.1.4.jar at spark://8760ad6ea1f0:42281/jars/org.mongodb_mongodb-driver-core-5.1.4.jar with timestamp 1766381619621
[2025-12-22T05:33:40.946+0000] {subprocess.py:93} INFO - 25/12/22 05:33:40 INFO SparkContext: Added JAR file:///home/***/.ivy2/jars/org.mongodb_bson-record-codec-5.1.4.jar at spark://8760ad6ea1f0:42281/jars/org.mongodb_bson-record-codec-5.1.4.jar with timestamp 1766381619621
[2025-12-22T05:33:40.952+0000] {subprocess.py:93} INFO - 25/12/22 05:33:40 INFO SparkContext: Added file file:///home/***/.ivy2/jars/org.mongodb.spark_mongo-spark-connector_2.12-10.5.0.jar at spark://8760ad6ea1f0:42281/files/org.mongodb.spark_mongo-spark-connector_2.12-10.5.0.jar with timestamp 1766381619621
[2025-12-22T05:33:40.955+0000] {subprocess.py:93} INFO - 25/12/22 05:33:40 INFO Utils: Copying /home/***/.ivy2/jars/org.mongodb.spark_mongo-spark-connector_2.12-10.5.0.jar to /tmp/spark-a24a2520-d86c-4a69-bf9d-d3266a57b3a1/userFiles-3ad54eb3-5bde-4ac6-8c8f-e6180279fa6f/org.mongodb.spark_mongo-spark-connector_2.12-10.5.0.jar
[2025-12-22T05:33:40.965+0000] {subprocess.py:93} INFO - 25/12/22 05:33:40 INFO SparkContext: Added file file:///home/***/.ivy2/jars/org.mongodb_mongodb-driver-sync-5.1.4.jar at spark://8760ad6ea1f0:42281/files/org.mongodb_mongodb-driver-sync-5.1.4.jar with timestamp 1766381619621
[2025-12-22T05:33:40.966+0000] {subprocess.py:93} INFO - 25/12/22 05:33:40 INFO Utils: Copying /home/***/.ivy2/jars/org.mongodb_mongodb-driver-sync-5.1.4.jar to /tmp/spark-a24a2520-d86c-4a69-bf9d-d3266a57b3a1/userFiles-3ad54eb3-5bde-4ac6-8c8f-e6180279fa6f/org.mongodb_mongodb-driver-sync-5.1.4.jar
[2025-12-22T05:33:40.976+0000] {subprocess.py:93} INFO - 25/12/22 05:33:40 INFO SparkContext: Added file file:///home/***/.ivy2/jars/org.mongodb_bson-5.1.4.jar at spark://8760ad6ea1f0:42281/files/org.mongodb_bson-5.1.4.jar with timestamp 1766381619621
[2025-12-22T05:33:40.977+0000] {subprocess.py:93} INFO - 25/12/22 05:33:40 INFO Utils: Copying /home/***/.ivy2/jars/org.mongodb_bson-5.1.4.jar to /tmp/spark-a24a2520-d86c-4a69-bf9d-d3266a57b3a1/userFiles-3ad54eb3-5bde-4ac6-8c8f-e6180279fa6f/org.mongodb_bson-5.1.4.jar
[2025-12-22T05:33:40.992+0000] {subprocess.py:93} INFO - 25/12/22 05:33:40 INFO SparkContext: Added file file:///home/***/.ivy2/jars/org.mongodb_mongodb-driver-core-5.1.4.jar at spark://8760ad6ea1f0:42281/files/org.mongodb_mongodb-driver-core-5.1.4.jar with timestamp 1766381619621
[2025-12-22T05:33:40.992+0000] {subprocess.py:93} INFO - 25/12/22 05:33:40 INFO Utils: Copying /home/***/.ivy2/jars/org.mongodb_mongodb-driver-core-5.1.4.jar to /tmp/spark-a24a2520-d86c-4a69-bf9d-d3266a57b3a1/userFiles-3ad54eb3-5bde-4ac6-8c8f-e6180279fa6f/org.mongodb_mongodb-driver-core-5.1.4.jar
[2025-12-22T05:33:41.004+0000] {subprocess.py:93} INFO - 25/12/22 05:33:41 INFO SparkContext: Added file file:///home/***/.ivy2/jars/org.mongodb_bson-record-codec-5.1.4.jar at spark://8760ad6ea1f0:42281/files/org.mongodb_bson-record-codec-5.1.4.jar with timestamp 1766381619621
[2025-12-22T05:33:41.007+0000] {subprocess.py:93} INFO - 25/12/22 05:33:41 INFO Utils: Copying /home/***/.ivy2/jars/org.mongodb_bson-record-codec-5.1.4.jar to /tmp/spark-a24a2520-d86c-4a69-bf9d-d3266a57b3a1/userFiles-3ad54eb3-5bde-4ac6-8c8f-e6180279fa6f/org.mongodb_bson-record-codec-5.1.4.jar
[2025-12-22T05:33:41.266+0000] {subprocess.py:93} INFO - 25/12/22 05:33:41 INFO StandaloneAppClient$ClientEndpoint: Connecting to master spark://spark-master:7077...
[2025-12-22T05:33:41.390+0000] {subprocess.py:93} INFO - 25/12/22 05:33:41 WARN StandaloneAppClient$ClientEndpoint: Failed to connect to master spark-master:7077
[2025-12-22T05:33:41.391+0000] {subprocess.py:93} INFO - org.apache.spark.SparkException: Exception thrown in awaitResult:
[2025-12-22T05:33:41.391+0000] {subprocess.py:93} INFO - 	at org.apache.spark.util.SparkThreadUtils$.awaitResult(SparkThreadUtils.scala:56)
[2025-12-22T05:33:41.391+0000] {subprocess.py:93} INFO - 	at org.apache.spark.util.ThreadUtils$.awaitResult(ThreadUtils.scala:310)
[2025-12-22T05:33:41.391+0000] {subprocess.py:93} INFO - 	at org.apache.spark.rpc.RpcTimeout.awaitResult(RpcTimeout.scala:75)
[2025-12-22T05:33:41.391+0000] {subprocess.py:93} INFO - 	at org.apache.spark.rpc.RpcEnv.setupEndpointRefByURI(RpcEnv.scala:102)
[2025-12-22T05:33:41.391+0000] {subprocess.py:93} INFO - 	at org.apache.spark.rpc.RpcEnv.setupEndpointRef(RpcEnv.scala:110)
[2025-12-22T05:33:41.391+0000] {subprocess.py:93} INFO - 	at org.apache.spark.deploy.client.StandaloneAppClient$ClientEndpoint$$anon$1.run(StandaloneAppClient.scala:108)
[2025-12-22T05:33:41.391+0000] {subprocess.py:93} INFO - 	at java.base/java.util.concurrent.Executors$RunnableAdapter.call(Executors.java:539)
[2025-12-22T05:33:41.391+0000] {subprocess.py:93} INFO - 	at java.base/java.util.concurrent.FutureTask.run(FutureTask.java:264)
[2025-12-22T05:33:41.394+0000] {subprocess.py:93} INFO - 	at java.base/java.util.concurrent.ThreadPoolExecutor.runWorker(ThreadPoolExecutor.java:1136)
[2025-12-22T05:33:41.394+0000] {subprocess.py:93} INFO - 	at java.base/java.util.concurrent.ThreadPoolExecutor$Worker.run(ThreadPoolExecutor.java:635)
[2025-12-22T05:33:41.394+0000] {subprocess.py:93} INFO - 	at java.base/java.lang.Thread.run(Thread.java:840)
[2025-12-22T05:33:41.394+0000] {subprocess.py:93} INFO - Caused by: java.io.IOException: Failed to connect to spark-master/<unresolved>:7077
[2025-12-22T05:33:41.394+0000] {subprocess.py:93} INFO - 	at org.apache.spark.network.client.TransportClientFactory.createClient(TransportClientFactory.java:294)
[2025-12-22T05:33:41.394+0000] {subprocess.py:93} INFO - 	at org.apache.spark.network.client.TransportClientFactory.createClient(TransportClientFactory.java:214)
[2025-12-22T05:33:41.394+0000] {subprocess.py:93} INFO - 	at org.apache.spark.network.client.TransportClientFactory.createClient(TransportClientFactory.java:226)
[2025-12-22T05:33:41.395+0000] {subprocess.py:93} INFO - 	at org.apache.spark.rpc.netty.NettyRpcEnv.createClient(NettyRpcEnv.scala:204)
[2025-12-22T05:33:41.395+0000] {subprocess.py:93} INFO - 	at org.apache.spark.rpc.netty.Outbox$$anon$1.call(Outbox.scala:202)
[2025-12-22T05:33:41.395+0000] {subprocess.py:93} INFO - 	at org.apache.spark.rpc.netty.Outbox$$anon$1.call(Outbox.scala:198)
[2025-12-22T05:33:41.395+0000] {subprocess.py:93} INFO - 	... 4 more
[2025-12-22T05:33:41.395+0000] {subprocess.py:93} INFO - Caused by: java.net.UnknownHostException: spark-master
[2025-12-22T05:33:41.395+0000] {subprocess.py:93} INFO - 	at java.base/java.net.InetAddress$CachedAddresses.get(InetAddress.java:801)
[2025-12-22T05:33:41.395+0000] {subprocess.py:93} INFO - 	at java.base/java.net.InetAddress.getAllByName0(InetAddress.java:1533)
[2025-12-22T05:33:41.395+0000] {subprocess.py:93} INFO - 	at java.base/java.net.InetAddress.getAllByName(InetAddress.java:1385)
[2025-12-22T05:33:41.395+0000] {subprocess.py:93} INFO - 	at java.base/java.net.InetAddress.getAllByName(InetAddress.java:1306)
[2025-12-22T05:33:41.395+0000] {subprocess.py:93} INFO - 	at java.base/java.net.InetAddress.getByName(InetAddress.java:1256)
[2025-12-22T05:33:41.397+0000] {subprocess.py:93} INFO - 	at io.netty.util.internal.SocketUtils$8.run(SocketUtils.java:156)
[2025-12-22T05:33:41.397+0000] {subprocess.py:93} INFO - 	at io.netty.util.internal.SocketUtils$8.run(SocketUtils.java:153)
[2025-12-22T05:33:41.397+0000] {subprocess.py:93} INFO - 	at java.base/java.security.AccessController.doPrivileged(AccessController.java:569)
[2025-12-22T05:33:41.397+0000] {subprocess.py:93} INFO - 	at io.netty.util.internal.SocketUtils.addressByName(SocketUtils.java:153)
[2025-12-22T05:33:41.397+0000] {subprocess.py:93} INFO - 	at io.netty.resolver.DefaultNameResolver.doResolve(DefaultNameResolver.java:41)
[2025-12-22T05:33:41.397+0000] {subprocess.py:93} INFO - 	at io.netty.resolver.SimpleNameResolver.resolve(SimpleNameResolver.java:61)
[2025-12-22T05:33:41.397+0000] {subprocess.py:93} INFO - 	at io.netty.resolver.SimpleNameResolver.resolve(SimpleNameResolver.java:53)
[2025-12-22T05:33:41.397+0000] {subprocess.py:93} INFO - 	at io.netty.resolver.InetSocketAddressResolver.doResolve(InetSocketAddressResolver.java:55)
[2025-12-22T05:33:41.398+0000] {subprocess.py:93} INFO - 	at io.netty.resolver.InetSocketAddressResolver.doResolve(InetSocketAddressResolver.java:31)
[2025-12-22T05:33:41.398+0000] {subprocess.py:93} INFO - 	at io.netty.resolver.AbstractAddressResolver.resolve(AbstractAddressResolver.java:106)
[2025-12-22T05:33:41.398+0000] {subprocess.py:93} INFO - 	at io.netty.bootstrap.Bootstrap.doResolveAndConnect0(Bootstrap.java:220)
[2025-12-22T05:33:41.398+0000] {subprocess.py:93} INFO - 	at io.netty.bootstrap.Bootstrap.access$000(Bootstrap.java:46)
[2025-12-22T05:33:41.398+0000] {subprocess.py:93} INFO - 	at io.netty.bootstrap.Bootstrap$1.operationComplete(Bootstrap.java:189)
[2025-12-22T05:33:41.398+0000] {subprocess.py:93} INFO - 	at io.netty.bootstrap.Bootstrap$1.operationComplete(Bootstrap.java:175)
[2025-12-22T05:33:41.398+0000] {subprocess.py:93} INFO - 	at io.netty.util.concurrent.DefaultPromise.notifyListener0(DefaultPromise.java:590)
[2025-12-22T05:33:41.398+0000] {subprocess.py:93} INFO - 	at io.netty.util.concurrent.DefaultPromise.notifyListenersNow(DefaultPromise.java:557)
[2025-12-22T05:33:41.398+0000] {subprocess.py:93} INFO - 	at io.netty.util.concurrent.DefaultPromise.notifyListeners(DefaultPromise.java:492)
[2025-12-22T05:33:41.398+0000] {subprocess.py:93} INFO - 	at io.netty.util.concurrent.DefaultPromise.setValue0(DefaultPromise.java:636)
[2025-12-22T05:33:41.402+0000] {subprocess.py:93} INFO - 	at io.netty.util.concurrent.DefaultPromise.setSuccess0(DefaultPromise.java:625)
[2025-12-22T05:33:41.402+0000] {subprocess.py:93} INFO - 	at io.netty.util.concurrent.DefaultPromise.trySuccess(DefaultPromise.java:105)
[2025-12-22T05:33:41.402+0000] {subprocess.py:93} INFO - 	at io.netty.channel.DefaultChannelPromise.trySuccess(DefaultChannelPromise.java:84)
[2025-12-22T05:33:41.402+0000] {subprocess.py:93} INFO - 	at io.netty.channel.AbstractChannel$AbstractUnsafe.safeSetSuccess(AbstractChannel.java:990)
[2025-12-22T05:33:41.402+0000] {subprocess.py:93} INFO - 	at io.netty.channel.AbstractChannel$AbstractUnsafe.register0(AbstractChannel.java:516)
[2025-12-22T05:33:41.402+0000] {subprocess.py:93} INFO - 	at io.netty.channel.AbstractChannel$AbstractUnsafe.access$200(AbstractChannel.java:429)
[2025-12-22T05:33:41.402+0000] {subprocess.py:93} INFO - 	at io.netty.channel.AbstractChannel$AbstractUnsafe$1.run(AbstractChannel.java:486)
[2025-12-22T05:33:41.403+0000] {subprocess.py:93} INFO - 	at io.netty.util.concurrent.AbstractEventExecutor.runTask(AbstractEventExecutor.java:174)
[2025-12-22T05:33:41.403+0000] {subprocess.py:93} INFO - 	at io.netty.util.concurrent.AbstractEventExecutor.safeExecute(AbstractEventExecutor.java:167)
[2025-12-22T05:33:41.403+0000] {subprocess.py:93} INFO - 	at io.netty.util.concurrent.SingleThreadEventExecutor.runAllTasks(SingleThreadEventExecutor.java:470)
[2025-12-22T05:33:41.405+0000] {subprocess.py:93} INFO - 	at io.netty.channel.nio.NioEventLoop.run(NioEventLoop.java:569)
[2025-12-22T05:33:41.405+0000] {subprocess.py:93} INFO - 	at io.netty.util.concurrent.SingleThreadEventExecutor$4.run(SingleThreadEventExecutor.java:997)
[2025-12-22T05:33:41.406+0000] {subprocess.py:93} INFO - 	at io.netty.util.internal.ThreadExecutorMap$2.run(ThreadExecutorMap.java:74)
[2025-12-22T05:33:41.406+0000] {subprocess.py:93} INFO - 	at io.netty.util.concurrent.FastThreadLocalRunnable.run(FastThreadLocalRunnable.java:30)
[2025-12-22T05:33:41.406+0000] {subprocess.py:93} INFO - 	... 1 more
[2025-12-22T05:34:01.269+0000] {subprocess.py:93} INFO - 25/12/22 05:34:01 INFO StandaloneAppClient$ClientEndpoint: Connecting to master spark://spark-master:7077...
[2025-12-22T05:34:01.330+0000] {subprocess.py:93} INFO - 25/12/22 05:34:01 WARN StandaloneAppClient$ClientEndpoint: Failed to connect to master spark-master:7077
[2025-12-22T05:34:01.332+0000] {subprocess.py:93} INFO - org.apache.spark.SparkException: Exception thrown in awaitResult:
[2025-12-22T05:34:01.333+0000] {subprocess.py:93} INFO - 	at org.apache.spark.util.SparkThreadUtils$.awaitResult(SparkThreadUtils.scala:56)
[2025-12-22T05:34:01.333+0000] {subprocess.py:93} INFO - 	at org.apache.spark.util.ThreadUtils$.awaitResult(ThreadUtils.scala:310)
[2025-12-22T05:34:01.333+0000] {subprocess.py:93} INFO - 	at org.apache.spark.rpc.RpcTimeout.awaitResult(RpcTimeout.scala:75)
[2025-12-22T05:34:01.336+0000] {subprocess.py:93} INFO - 	at org.apache.spark.rpc.RpcEnv.setupEndpointRefByURI(RpcEnv.scala:102)
[2025-12-22T05:34:01.336+0000] {subprocess.py:93} INFO - 	at org.apache.spark.rpc.RpcEnv.setupEndpointRef(RpcEnv.scala:110)
[2025-12-22T05:34:01.336+0000] {subprocess.py:93} INFO - 	at org.apache.spark.deploy.client.StandaloneAppClient$ClientEndpoint$$anon$1.run(StandaloneAppClient.scala:108)
[2025-12-22T05:34:01.337+0000] {subprocess.py:93} INFO - 	at java.base/java.util.concurrent.Executors$RunnableAdapter.call(Executors.java:539)
[2025-12-22T05:34:01.337+0000] {subprocess.py:93} INFO - 	at java.base/java.util.concurrent.FutureTask.run(FutureTask.java:264)
[2025-12-22T05:34:01.339+0000] {subprocess.py:93} INFO - 	at java.base/java.util.concurrent.ThreadPoolExecutor.runWorker(ThreadPoolExecutor.java:1136)
[2025-12-22T05:34:01.340+0000] {subprocess.py:93} INFO - 	at java.base/java.util.concurrent.ThreadPoolExecutor$Worker.run(ThreadPoolExecutor.java:635)
[2025-12-22T05:34:01.340+0000] {subprocess.py:93} INFO - 	at java.base/java.lang.Thread.run(Thread.java:840)
[2025-12-22T05:34:01.341+0000] {subprocess.py:93} INFO - Caused by: java.io.IOException: Failed to connect to spark-master/<unresolved>:7077
[2025-12-22T05:34:01.341+0000] {subprocess.py:93} INFO - 	at org.apache.spark.network.client.TransportClientFactory.createClient(TransportClientFactory.java:294)
[2025-12-22T05:34:01.342+0000] {subprocess.py:93} INFO - 	at org.apache.spark.network.client.TransportClientFactory.createClient(TransportClientFactory.java:214)
[2025-12-22T05:34:01.342+0000] {subprocess.py:93} INFO - 	at org.apache.spark.network.client.TransportClientFactory.createClient(TransportClientFactory.java:226)
[2025-12-22T05:34:01.342+0000] {subprocess.py:93} INFO - 	at org.apache.spark.rpc.netty.NettyRpcEnv.createClient(NettyRpcEnv.scala:204)
[2025-12-22T05:34:01.343+0000] {subprocess.py:93} INFO - 	at org.apache.spark.rpc.netty.Outbox$$anon$1.call(Outbox.scala:202)
[2025-12-22T05:34:01.343+0000] {subprocess.py:93} INFO - 	at org.apache.spark.rpc.netty.Outbox$$anon$1.call(Outbox.scala:198)
[2025-12-22T05:34:01.344+0000] {subprocess.py:93} INFO - 	... 4 more
[2025-12-22T05:34:01.344+0000] {subprocess.py:93} INFO - Caused by: java.net.UnknownHostException: spark-master
[2025-12-22T05:34:01.344+0000] {subprocess.py:93} INFO - 	at java.base/java.net.InetAddress$CachedAddresses.get(InetAddress.java:801)
[2025-12-22T05:34:01.345+0000] {subprocess.py:93} INFO - 	at java.base/java.net.InetAddress.getAllByName0(InetAddress.java:1533)
[2025-12-22T05:34:01.345+0000] {subprocess.py:93} INFO - 	at java.base/java.net.InetAddress.getAllByName(InetAddress.java:1385)
[2025-12-22T05:34:01.345+0000] {subprocess.py:93} INFO - 	at java.base/java.net.InetAddress.getAllByName(InetAddress.java:1306)
[2025-12-22T05:34:01.346+0000] {subprocess.py:93} INFO - 	at java.base/java.net.InetAddress.getByName(InetAddress.java:1256)
[2025-12-22T05:34:01.346+0000] {subprocess.py:93} INFO - 	at io.netty.util.internal.SocketUtils$8.run(SocketUtils.java:156)
[2025-12-22T05:34:01.347+0000] {subprocess.py:93} INFO - 	at io.netty.util.internal.SocketUtils$8.run(SocketUtils.java:153)
[2025-12-22T05:34:01.347+0000] {subprocess.py:93} INFO - 	at java.base/java.security.AccessController.doPrivileged(AccessController.java:569)
[2025-12-22T05:34:01.347+0000] {subprocess.py:93} INFO - 	at io.netty.util.internal.SocketUtils.addressByName(SocketUtils.java:153)
[2025-12-22T05:34:01.348+0000] {subprocess.py:93} INFO - 	at io.netty.resolver.DefaultNameResolver.doResolve(DefaultNameResolver.java:41)
[2025-12-22T05:34:01.348+0000] {subprocess.py:93} INFO - 	at io.netty.resolver.SimpleNameResolver.resolve(SimpleNameResolver.java:61)
[2025-12-22T05:34:01.348+0000] {subprocess.py:93} INFO - 	at io.netty.resolver.SimpleNameResolver.resolve(SimpleNameResolver.java:53)
[2025-12-22T05:34:01.349+0000] {subprocess.py:93} INFO - 	at io.netty.resolver.InetSocketAddressResolver.doResolve(InetSocketAddressResolver.java:55)
[2025-12-22T05:34:01.349+0000] {subprocess.py:93} INFO - 	at io.netty.resolver.InetSocketAddressResolver.doResolve(InetSocketAddressResolver.java:31)
[2025-12-22T05:34:01.350+0000] {subprocess.py:93} INFO - 	at io.netty.resolver.AbstractAddressResolver.resolve(AbstractAddressResolver.java:106)
[2025-12-22T05:34:01.350+0000] {subprocess.py:93} INFO - 	at io.netty.bootstrap.Bootstrap.doResolveAndConnect0(Bootstrap.java:220)
[2025-12-22T05:34:01.350+0000] {subprocess.py:93} INFO - 	at io.netty.bootstrap.Bootstrap.access$000(Bootstrap.java:46)
[2025-12-22T05:34:01.351+0000] {subprocess.py:93} INFO - 	at io.netty.bootstrap.Bootstrap$1.operationComplete(Bootstrap.java:189)
[2025-12-22T05:34:01.351+0000] {subprocess.py:93} INFO - 	at io.netty.bootstrap.Bootstrap$1.operationComplete(Bootstrap.java:175)
[2025-12-22T05:34:01.351+0000] {subprocess.py:93} INFO - 	at io.netty.util.concurrent.DefaultPromise.notifyListener0(DefaultPromise.java:590)
[2025-12-22T05:34:01.352+0000] {subprocess.py:93} INFO - 	at io.netty.util.concurrent.DefaultPromise.notifyListenersNow(DefaultPromise.java:557)
[2025-12-22T05:34:01.352+0000] {subprocess.py:93} INFO - 	at io.netty.util.concurrent.DefaultPromise.notifyListeners(DefaultPromise.java:492)
[2025-12-22T05:34:01.353+0000] {subprocess.py:93} INFO - 	at io.netty.util.concurrent.DefaultPromise.setValue0(DefaultPromise.java:636)
[2025-12-22T05:34:01.353+0000] {subprocess.py:93} INFO - 	at io.netty.util.concurrent.DefaultPromise.setSuccess0(DefaultPromise.java:625)
[2025-12-22T05:34:01.353+0000] {subprocess.py:93} INFO - 	at io.netty.util.concurrent.DefaultPromise.trySuccess(DefaultPromise.java:105)
[2025-12-22T05:34:01.354+0000] {subprocess.py:93} INFO - 	at io.netty.channel.DefaultChannelPromise.trySuccess(DefaultChannelPromise.java:84)
[2025-12-22T05:34:01.354+0000] {subprocess.py:93} INFO - 	at io.netty.channel.AbstractChannel$AbstractUnsafe.safeSetSuccess(AbstractChannel.java:990)
[2025-12-22T05:34:01.355+0000] {subprocess.py:93} INFO - 	at io.netty.channel.AbstractChannel$AbstractUnsafe.register0(AbstractChannel.java:516)
[2025-12-22T05:34:01.355+0000] {subprocess.py:93} INFO - 	at io.netty.channel.AbstractChannel$AbstractUnsafe.access$200(AbstractChannel.java:429)
[2025-12-22T05:34:01.355+0000] {subprocess.py:93} INFO - 	at io.netty.channel.AbstractChannel$AbstractUnsafe$1.run(AbstractChannel.java:486)
[2025-12-22T05:34:01.356+0000] {subprocess.py:93} INFO - 	at io.netty.util.concurrent.AbstractEventExecutor.runTask(AbstractEventExecutor.java:174)
[2025-12-22T05:34:01.356+0000] {subprocess.py:93} INFO - 	at io.netty.util.concurrent.AbstractEventExecutor.safeExecute(AbstractEventExecutor.java:167)
[2025-12-22T05:34:01.357+0000] {subprocess.py:93} INFO - 	at io.netty.util.concurrent.SingleThreadEventExecutor.runAllTasks(SingleThreadEventExecutor.java:470)
[2025-12-22T05:34:01.357+0000] {subprocess.py:93} INFO - 	at io.netty.channel.nio.NioEventLoop.run(NioEventLoop.java:569)
[2025-12-22T05:34:01.357+0000] {subprocess.py:93} INFO - 	at io.netty.util.concurrent.SingleThreadEventExecutor$4.run(SingleThreadEventExecutor.java:997)
[2025-12-22T05:34:01.358+0000] {subprocess.py:93} INFO - 	at io.netty.util.internal.ThreadExecutorMap$2.run(ThreadExecutorMap.java:74)
[2025-12-22T05:34:01.358+0000] {subprocess.py:93} INFO - 	at io.netty.util.concurrent.FastThreadLocalRunnable.run(FastThreadLocalRunnable.java:30)
[2025-12-22T05:34:01.359+0000] {subprocess.py:93} INFO - 	... 1 more
[2025-12-22T05:34:21.271+0000] {subprocess.py:93} INFO - 25/12/22 05:34:21 INFO StandaloneAppClient$ClientEndpoint: Connecting to master spark://spark-master:7077...
[2025-12-22T05:34:21.408+0000] {subprocess.py:93} INFO - 25/12/22 05:34:21 WARN StandaloneAppClient$ClientEndpoint: Failed to connect to master spark-master:7077
[2025-12-22T05:34:21.409+0000] {subprocess.py:93} INFO - org.apache.spark.SparkException: Exception thrown in awaitResult:
[2025-12-22T05:34:21.409+0000] {subprocess.py:93} INFO - 	at org.apache.spark.util.SparkThreadUtils$.awaitResult(SparkThreadUtils.scala:56)
[2025-12-22T05:34:21.410+0000] {subprocess.py:93} INFO - 	at org.apache.spark.util.ThreadUtils$.awaitResult(ThreadUtils.scala:310)
[2025-12-22T05:34:21.410+0000] {subprocess.py:93} INFO - 	at org.apache.spark.rpc.RpcTimeout.awaitResult(RpcTimeout.scala:75)
[2025-12-22T05:34:21.410+0000] {subprocess.py:93} INFO - 	at org.apache.spark.rpc.RpcEnv.setupEndpointRefByURI(RpcEnv.scala:102)
[2025-12-22T05:34:21.411+0000] {subprocess.py:93} INFO - 	at org.apache.spark.rpc.RpcEnv.setupEndpointRef(RpcEnv.scala:110)
[2025-12-22T05:34:21.411+0000] {subprocess.py:93} INFO - 	at org.apache.spark.deploy.client.StandaloneAppClient$ClientEndpoint$$anon$1.run(StandaloneAppClient.scala:108)
[2025-12-22T05:34:21.412+0000] {subprocess.py:93} INFO - 	at java.base/java.util.concurrent.Executors$RunnableAdapter.call(Executors.java:539)
[2025-12-22T05:34:21.412+0000] {subprocess.py:93} INFO - 	at java.base/java.util.concurrent.FutureTask.run(FutureTask.java:264)
[2025-12-22T05:34:21.413+0000] {subprocess.py:93} INFO - 	at java.base/java.util.concurrent.ThreadPoolExecutor.runWorker(ThreadPoolExecutor.java:1136)
[2025-12-22T05:34:21.413+0000] {subprocess.py:93} INFO - 	at java.base/java.util.concurrent.ThreadPoolExecutor$Worker.run(ThreadPoolExecutor.java:635)
[2025-12-22T05:34:21.413+0000] {subprocess.py:93} INFO - 	at java.base/java.lang.Thread.run(Thread.java:840)
[2025-12-22T05:34:21.414+0000] {subprocess.py:93} INFO - Caused by: java.io.IOException: Failed to connect to spark-master/<unresolved>:7077
[2025-12-22T05:34:21.414+0000] {subprocess.py:93} INFO - 	at org.apache.spark.network.client.TransportClientFactory.createClient(TransportClientFactory.java:294)
[2025-12-22T05:34:21.415+0000] {subprocess.py:93} INFO - 	at org.apache.spark.network.client.TransportClientFactory.createClient(TransportClientFactory.java:214)
[2025-12-22T05:34:21.415+0000] {subprocess.py:93} INFO - 	at org.apache.spark.network.client.TransportClientFactory.createClient(TransportClientFactory.java:226)
[2025-12-22T05:34:21.415+0000] {subprocess.py:93} INFO - 	at org.apache.spark.rpc.netty.NettyRpcEnv.createClient(NettyRpcEnv.scala:204)
[2025-12-22T05:34:21.416+0000] {subprocess.py:93} INFO - 	at org.apache.spark.rpc.netty.Outbox$$anon$1.call(Outbox.scala:202)
[2025-12-22T05:34:21.416+0000] {subprocess.py:93} INFO - 	at org.apache.spark.rpc.netty.Outbox$$anon$1.call(Outbox.scala:198)
[2025-12-22T05:34:21.416+0000] {subprocess.py:93} INFO - 	... 4 more
[2025-12-22T05:34:21.417+0000] {subprocess.py:93} INFO - Caused by: java.net.UnknownHostException: spark-master
[2025-12-22T05:34:21.417+0000] {subprocess.py:93} INFO - 	at java.base/java.net.InetAddress$CachedAddresses.get(InetAddress.java:801)
[2025-12-22T05:34:21.417+0000] {subprocess.py:93} INFO - 	at java.base/java.net.InetAddress.getAllByName0(InetAddress.java:1533)
[2025-12-22T05:34:21.418+0000] {subprocess.py:93} INFO - 	at java.base/java.net.InetAddress.getAllByName(InetAddress.java:1385)
[2025-12-22T05:34:21.418+0000] {subprocess.py:93} INFO - 	at java.base/java.net.InetAddress.getAllByName(InetAddress.java:1306)
[2025-12-22T05:34:21.418+0000] {subprocess.py:93} INFO - 	at java.base/java.net.InetAddress.getByName(InetAddress.java:1256)
[2025-12-22T05:34:21.419+0000] {subprocess.py:93} INFO - 	at io.netty.util.internal.SocketUtils$8.run(SocketUtils.java:156)
[2025-12-22T05:34:21.419+0000] {subprocess.py:93} INFO - 	at io.netty.util.internal.SocketUtils$8.run(SocketUtils.java:153)
[2025-12-22T05:34:21.420+0000] {subprocess.py:93} INFO - 	at java.base/java.security.AccessController.doPrivileged(AccessController.java:569)
[2025-12-22T05:34:21.420+0000] {subprocess.py:93} INFO - 	at io.netty.util.internal.SocketUtils.addressByName(SocketUtils.java:153)
[2025-12-22T05:34:21.420+0000] {subprocess.py:93} INFO - 	at io.netty.resolver.DefaultNameResolver.doResolve(DefaultNameResolver.java:41)
[2025-12-22T05:34:21.421+0000] {subprocess.py:93} INFO - 	at io.netty.resolver.SimpleNameResolver.resolve(SimpleNameResolver.java:61)
[2025-12-22T05:34:21.421+0000] {subprocess.py:93} INFO - 	at io.netty.resolver.SimpleNameResolver.resolve(SimpleNameResolver.java:53)
[2025-12-22T05:34:21.421+0000] {subprocess.py:93} INFO - 	at io.netty.resolver.InetSocketAddressResolver.doResolve(InetSocketAddressResolver.java:55)
[2025-12-22T05:34:21.422+0000] {subprocess.py:93} INFO - 	at io.netty.resolver.InetSocketAddressResolver.doResolve(InetSocketAddressResolver.java:31)
[2025-12-22T05:34:21.423+0000] {subprocess.py:93} INFO - 	at io.netty.resolver.AbstractAddressResolver.resolve(AbstractAddressResolver.java:106)
[2025-12-22T05:34:21.423+0000] {subprocess.py:93} INFO - 	at io.netty.bootstrap.Bootstrap.doResolveAndConnect0(Bootstrap.java:220)
[2025-12-22T05:34:21.424+0000] {subprocess.py:93} INFO - 	at io.netty.bootstrap.Bootstrap.access$000(Bootstrap.java:46)
[2025-12-22T05:34:21.424+0000] {subprocess.py:93} INFO - 	at io.netty.bootstrap.Bootstrap$1.operationComplete(Bootstrap.java:189)
[2025-12-22T05:34:21.424+0000] {subprocess.py:93} INFO - 	at io.netty.bootstrap.Bootstrap$1.operationComplete(Bootstrap.java:175)
[2025-12-22T05:34:21.425+0000] {subprocess.py:93} INFO - 	at io.netty.util.concurrent.DefaultPromise.notifyListener0(DefaultPromise.java:590)
[2025-12-22T05:34:21.425+0000] {subprocess.py:93} INFO - 	at io.netty.util.concurrent.DefaultPromise.notifyListenersNow(DefaultPromise.java:557)
[2025-12-22T05:34:21.425+0000] {subprocess.py:93} INFO - 	at io.netty.util.concurrent.DefaultPromise.notifyListeners(DefaultPromise.java:492)
[2025-12-22T05:34:21.426+0000] {subprocess.py:93} INFO - 	at io.netty.util.concurrent.DefaultPromise.setValue0(DefaultPromise.java:636)
[2025-12-22T05:34:21.426+0000] {subprocess.py:93} INFO - 	at io.netty.util.concurrent.DefaultPromise.setSuccess0(DefaultPromise.java:625)
[2025-12-22T05:34:21.426+0000] {subprocess.py:93} INFO - 	at io.netty.util.concurrent.DefaultPromise.trySuccess(DefaultPromise.java:105)
[2025-12-22T05:34:21.427+0000] {subprocess.py:93} INFO - 	at io.netty.channel.DefaultChannelPromise.trySuccess(DefaultChannelPromise.java:84)
[2025-12-22T05:34:21.427+0000] {subprocess.py:93} INFO - 	at io.netty.channel.AbstractChannel$AbstractUnsafe.safeSetSuccess(AbstractChannel.java:990)
[2025-12-22T05:34:21.428+0000] {subprocess.py:93} INFO - 	at io.netty.channel.AbstractChannel$AbstractUnsafe.register0(AbstractChannel.java:516)
[2025-12-22T05:34:21.428+0000] {subprocess.py:93} INFO - 	at io.netty.channel.AbstractChannel$AbstractUnsafe.access$200(AbstractChannel.java:429)
[2025-12-22T05:34:21.428+0000] {subprocess.py:93} INFO - 	at io.netty.channel.AbstractChannel$AbstractUnsafe$1.run(AbstractChannel.java:486)
[2025-12-22T05:34:21.429+0000] {subprocess.py:93} INFO - 	at io.netty.util.concurrent.AbstractEventExecutor.runTask(AbstractEventExecutor.java:174)
[2025-12-22T05:34:21.429+0000] {subprocess.py:93} INFO - 	at io.netty.util.concurrent.AbstractEventExecutor.safeExecute(AbstractEventExecutor.java:167)
[2025-12-22T05:34:21.429+0000] {subprocess.py:93} INFO - 	at io.netty.util.concurrent.SingleThreadEventExecutor.runAllTasks(SingleThreadEventExecutor.java:470)
[2025-12-22T05:34:21.430+0000] {subprocess.py:93} INFO - 	at io.netty.channel.nio.NioEventLoop.run(NioEventLoop.java:569)
[2025-12-22T05:34:21.430+0000] {subprocess.py:93} INFO - 	at io.netty.util.concurrent.SingleThreadEventExecutor$4.run(SingleThreadEventExecutor.java:997)
[2025-12-22T05:34:21.431+0000] {subprocess.py:93} INFO - 	at io.netty.util.internal.ThreadExecutorMap$2.run(ThreadExecutorMap.java:74)
[2025-12-22T05:34:21.431+0000] {subprocess.py:93} INFO - 	at io.netty.util.concurrent.FastThreadLocalRunnable.run(FastThreadLocalRunnable.java:30)
[2025-12-22T05:34:21.431+0000] {subprocess.py:93} INFO - 	... 1 more
[2025-12-22T05:34:41.272+0000] {subprocess.py:93} INFO - 25/12/22 05:34:41 ERROR StandaloneSchedulerBackend: Application has been killed. Reason: All masters are unresponsive! Giving up.
[2025-12-22T05:34:41.273+0000] {subprocess.py:93} INFO - 25/12/22 05:34:41 WARN StandaloneSchedulerBackend: Application ID is not initialized yet.
[2025-12-22T05:34:41.315+0000] {subprocess.py:93} INFO - 25/12/22 05:34:41 INFO Utils: Successfully started service 'org.apache.spark.network.netty.NettyBlockTransferService' on port 36403.
[2025-12-22T05:34:41.317+0000] {subprocess.py:93} INFO - 25/12/22 05:34:41 INFO NettyBlockTransferService: Server created on 8760ad6ea1f0:36403
[2025-12-22T05:34:41.322+0000] {subprocess.py:93} INFO - 25/12/22 05:34:41 INFO BlockManager: Using org.apache.spark.storage.RandomBlockReplicationPolicy for block replication policy
[2025-12-22T05:34:41.351+0000] {subprocess.py:93} INFO - 25/12/22 05:34:41 INFO BlockManagerMaster: Registering BlockManager BlockManagerId(driver, 8760ad6ea1f0, 36403, None)
[2025-12-22T05:34:41.362+0000] {subprocess.py:93} INFO - 25/12/22 05:34:41 INFO BlockManagerMasterEndpoint: Registering block manager 8760ad6ea1f0:36403 with 434.4 MiB RAM, BlockManagerId(driver, 8760ad6ea1f0, 36403, None)
[2025-12-22T05:34:41.365+0000] {subprocess.py:93} INFO - 25/12/22 05:34:41 INFO BlockManagerMaster: Registered BlockManager BlockManagerId(driver, 8760ad6ea1f0, 36403, None)
[2025-12-22T05:34:41.368+0000] {subprocess.py:93} INFO - 25/12/22 05:34:41 INFO BlockManager: Initialized BlockManager: BlockManagerId(driver, 8760ad6ea1f0, 36403, None)
[2025-12-22T05:34:41.699+0000] {subprocess.py:93} INFO - 25/12/22 05:34:41 INFO StandaloneSchedulerBackend: SchedulerBackend is ready for scheduling beginning after reached minRegisteredResourcesRatio: 0.0
[2025-12-22T05:34:42.625+0000] {subprocess.py:93} INFO - 25/12/22 05:34:42 INFO SharedState: Setting hive.metastore.warehouse.dir ('null') to the value of spark.sql.warehouse.dir.
[2025-12-22T05:34:42.648+0000] {subprocess.py:93} INFO - 25/12/22 05:34:42 INFO SharedState: Warehouse path is 'file:/tmp/***tmpt3fou_wj/spark-warehouse'.
[2025-12-22T05:34:42.900+0000] {subprocess.py:93} INFO - 25/12/22 05:34:42 INFO SparkContext: SparkContext is stopping with exitCode 0.
[2025-12-22T05:34:42.999+0000] {subprocess.py:93} INFO - 25/12/22 05:34:42 INFO SparkUI: Stopped Spark web UI at http://8760ad6ea1f0:4041
[2025-12-22T05:34:43.018+0000] {subprocess.py:93} INFO - 25/12/22 05:34:43 INFO StandaloneSchedulerBackend: Shutting down all executors
[2025-12-22T05:34:43.027+0000] {subprocess.py:93} INFO - 25/12/22 05:34:43 INFO StandaloneSchedulerBackend$StandaloneDriverEndpoint: Asking each executor to shut down
[2025-12-22T05:34:43.063+0000] {subprocess.py:93} INFO - 25/12/22 05:34:43 WARN StandaloneAppClient$ClientEndpoint: Drop UnregisterApplication(null) because has not yet connected to master
[2025-12-22T05:34:43.084+0000] {subprocess.py:93} INFO - 25/12/22 05:34:43 INFO MapOutputTrackerMasterEndpoint: MapOutputTrackerMasterEndpoint stopped!
[2025-12-22T05:34:43.134+0000] {subprocess.py:93} INFO - 25/12/22 05:34:43 INFO MemoryStore: MemoryStore cleared
[2025-12-22T05:34:43.134+0000] {subprocess.py:93} INFO - 25/12/22 05:34:43 INFO BlockManager: BlockManager stopped
[2025-12-22T05:34:43.182+0000] {subprocess.py:93} INFO - 25/12/22 05:34:43 INFO BlockManagerMaster: BlockManagerMaster stopped
[2025-12-22T05:34:43.183+0000] {subprocess.py:93} INFO - 25/12/22 05:34:43 INFO OutputCommitCoordinator$OutputCommitCoordinatorEndpoint: OutputCommitCoordinator stopped!
[2025-12-22T05:34:43.229+0000] {subprocess.py:93} INFO - 25/12/22 05:34:43 INFO SparkContext: Successfully stopped SparkContext
[2025-12-22T05:34:46.316+0000] {subprocess.py:93} INFO - 25/12/22 05:34:46 INFO client: MongoClient with metadata {"driver": {"name": "mongo-java-driver|sync|mongo-spark-connector|source", "version": "5.1.4|10.5.0"}, "os": {"type": "Linux", "name": "Linux", "architecture": "amd64", "version": "6.8.0-90-generic"}, "platform": "Java/Debian/17.0.17+10-Debian-1deb12u1|Scala/2.12.18/Spark/3.5.1", "env": {"container": {"runtime": "docker"}}} created with settings MongoClientSettings{readPreference=primary, writeConcern=WriteConcern{w=null, wTimeout=null ms, journal=null}, retryWrites=true, retryReads=true, readConcern=ReadConcern{level=null}, credential=MongoCredential{mechanism=null, userName='admin', source='admin', password=<hidden>, mechanismProperties=<hidden>}, transportSettings=null, commandListeners=[], codecRegistry=ProvidersCodecRegistry{codecProviders=[ValueCodecProvider{}, BsonValueCodecProvider{}, DBRefCodecProvider{}, DBObjectCodecProvider{}, DocumentCodecProvider{}, CollectionCodecProvider{}, IterableCodecProvider{}, MapCodecProvider{}, GeoJsonCodecProvider{}, GridFSFileCodecProvider{}, Jsr310CodecProvider{}, JsonObjectCodecProvider{}, BsonCodecProvider{}, EnumCodecProvider{}, com.mongodb.client.model.mql.ExpressionCodecProvider@39cd095f, com.mongodb.Jep395RecordCodecProvider@7c64014, com.mongodb.KotlinCodecProvider@342a1ae9]}, loggerSettings=LoggerSettings{maxDocumentLength=1000}, clusterSettings={hosts=[mongodb:27017], srvServiceName=mongodb, mode=SINGLE, requiredClusterType=UNKNOWN, requiredReplicaSetName='null', serverSelector='null', clusterListeners='[]', serverSelectionTimeout='30000 ms', localThreshold='15 ms'}, socketSettings=SocketSettings{connectTimeoutMS=10000, readTimeoutMS=0, receiveBufferSize=0, proxySettings=ProxySettings{host=null, port=null, username=null, password=null}}, heartbeatSocketSettings=SocketSettings{connectTimeoutMS=10000, readTimeoutMS=10000, receiveBufferSize=0, proxySettings=ProxySettings{host=null, port=null, username=null, password=null}}, connectionPoolSettings=ConnectionPoolSettings{maxSize=100, minSize=0, maxWaitTimeMS=120000, maxConnectionLifeTimeMS=0, maxConnectionIdleTimeMS=0, maintenanceInitialDelayMS=0, maintenanceFrequencyMS=60000, connectionPoolListeners=[], maxConnecting=2}, serverSettings=ServerSettings{heartbeatFrequencyMS=10000, minHeartbeatFrequencyMS=500, serverMonitoringMode=AUTO, serverListeners='[]', serverMonitorListeners='[]'}, sslSettings=SslSettings{enabled=false, invalidHostNameAllowed=false, context=null}, applicationName='null', compressorList=[], uuidRepresentation=UNSPECIFIED, serverApi=null, autoEncryptionSettings=null, dnsClient=null, inetAddressResolver=null, contextProvider=null}
[2025-12-22T05:34:46.406+0000] {subprocess.py:93} INFO - 25/12/22 05:34:46 INFO cluster: Monitor thread successfully connected to server with description ServerDescription{address=mongodb:27017, type=STANDALONE, state=CONNECTED, ok=true, minWireVersion=0, maxWireVersion=21, maxDocumentSize=16777216, logicalSessionTimeoutMinutes=30, roundTripTimeNanos=99710070}
[2025-12-22T05:34:47.235+0000] {subprocess.py:93} INFO - 25/12/22 05:34:47 INFO MongoTable: Creating MongoTable: mongo-spark-connector-10.5.0
[2025-12-22T05:34:49.487+0000] {subprocess.py:93} INFO - 25/12/22 05:34:49 INFO V2ScanRelationPushDown:
[2025-12-22T05:34:49.487+0000] {subprocess.py:93} INFO - Output:
[2025-12-22T05:34:49.491+0000] {subprocess.py:93} INFO - 
[2025-12-22T05:34:49.980+0000] {subprocess.py:93} INFO - 25/12/22 05:34:49 INFO Partitioner: Getting collection stats for: services_publics.demandes
[2025-12-22T05:34:50.003+0000] {subprocess.py:93} INFO - 25/12/22 05:34:50 INFO Partitioner: Fewer documents (8829) than the calculated number of documents per partition (324873.0). Returning a single partition
[2025-12-22T05:34:50.141+0000] {subprocess.py:93} INFO - 25/12/22 05:34:50 INFO Partitioner: Getting collection stats for: services_publics.demandes
[2025-12-22T05:34:50.151+0000] {subprocess.py:93} INFO - 25/12/22 05:34:50 INFO Partitioner: Fewer documents (8829) than the calculated number of documents per partition (324873.0). Returning a single partition
[2025-12-22T05:34:50.405+0000] {subprocess.py:93} INFO - Traceback (most recent call last):
[2025-12-22T05:34:50.405+0000] {subprocess.py:93} INFO -   File "/opt/***/spark_jobs/ingestion.py", line 25, in <module>
[2025-12-22T05:34:50.406+0000] {subprocess.py:93} INFO -     print(f"📥 Nombre de documents MongoDB : {df.count()}")
[2025-12-22T05:34:50.406+0000] {subprocess.py:93} INFO -   File "/opt/spark/python/lib/pyspark.zip/pyspark/sql/dataframe.py", line 1238, in count
[2025-12-22T05:34:50.406+0000] {subprocess.py:93} INFO -   File "/opt/spark/python/lib/py4j-0.10.9.7-src.zip/py4j/java_gateway.py", line 1322, in __call__
[2025-12-22T05:34:50.406+0000] {subprocess.py:93} INFO -   File "/opt/spark/python/lib/pyspark.zip/pyspark/errors/exceptions/captured.py", line 179, in deco
[2025-12-22T05:34:50.406+0000] {subprocess.py:93} INFO -   File "/opt/spark/python/lib/py4j-0.10.9.7-src.zip/py4j/protocol.py", line 326, in get_return_value
[2025-12-22T05:34:50.419+0000] {subprocess.py:93} INFO - py4j.protocol.Py4JJavaError: An error occurred while calling o40.count.
[2025-12-22T05:34:50.419+0000] {subprocess.py:93} INFO - : java.lang.IllegalStateException: Cannot call methods on a stopped SparkContext.
[2025-12-22T05:34:50.419+0000] {subprocess.py:93} INFO - This stopped SparkContext was created at:
[2025-12-22T05:34:50.419+0000] {subprocess.py:93} INFO - 
[2025-12-22T05:34:50.419+0000] {subprocess.py:93} INFO - org.apache.spark.api.java.JavaSparkContext.<init>(JavaSparkContext.scala:58)
[2025-12-22T05:34:50.420+0000] {subprocess.py:93} INFO - java.base/jdk.internal.reflect.NativeConstructorAccessorImpl.newInstance0(Native Method)
[2025-12-22T05:34:50.421+0000] {subprocess.py:93} INFO - java.base/jdk.internal.reflect.NativeConstructorAccessorImpl.newInstance(NativeConstructorAccessorImpl.java:77)
[2025-12-22T05:34:50.421+0000] {subprocess.py:93} INFO - java.base/jdk.internal.reflect.DelegatingConstructorAccessorImpl.newInstance(DelegatingConstructorAccessorImpl.java:45)
[2025-12-22T05:34:50.421+0000] {subprocess.py:93} INFO - java.base/java.lang.reflect.Constructor.newInstanceWithCaller(Constructor.java:500)
[2025-12-22T05:34:50.421+0000] {subprocess.py:93} INFO - java.base/java.lang.reflect.Constructor.newInstance(Constructor.java:481)
[2025-12-22T05:34:50.421+0000] {subprocess.py:93} INFO - py4j.reflection.MethodInvoker.invoke(MethodInvoker.java:247)
[2025-12-22T05:34:50.421+0000] {subprocess.py:93} INFO - py4j.reflection.ReflectionEngine.invoke(ReflectionEngine.java:374)
[2025-12-22T05:34:50.421+0000] {subprocess.py:93} INFO - py4j.Gateway.invoke(Gateway.java:238)
[2025-12-22T05:34:50.421+0000] {subprocess.py:93} INFO - py4j.commands.ConstructorCommand.invokeConstructor(ConstructorCommand.java:80)
[2025-12-22T05:34:50.421+0000] {subprocess.py:93} INFO - py4j.commands.ConstructorCommand.execute(ConstructorCommand.java:69)
[2025-12-22T05:34:50.426+0000] {subprocess.py:93} INFO - py4j.ClientServerConnection.waitForCommands(ClientServerConnection.java:182)
[2025-12-22T05:34:50.429+0000] {subprocess.py:93} INFO - py4j.ClientServerConnection.run(ClientServerConnection.java:106)
[2025-12-22T05:34:50.429+0000] {subprocess.py:93} INFO - java.base/java.lang.Thread.run(Thread.java:840)
[2025-12-22T05:34:50.429+0000] {subprocess.py:93} INFO - 
[2025-12-22T05:34:50.430+0000] {subprocess.py:93} INFO - The currently active SparkContext was created at:
[2025-12-22T05:34:50.430+0000] {subprocess.py:93} INFO - 
[2025-12-22T05:34:50.430+0000] {subprocess.py:93} INFO - (No active SparkContext.)
[2025-12-22T05:34:50.430+0000] {subprocess.py:93} INFO - 
[2025-12-22T05:34:50.430+0000] {subprocess.py:93} INFO - 	at org.apache.spark.SparkContext.assertNotStopped(SparkContext.scala:122)
[2025-12-22T05:34:50.430+0000] {subprocess.py:93} INFO - 	at org.apache.spark.SparkContext.defaultParallelism(SparkContext.scala:2707)
[2025-12-22T05:34:50.430+0000] {subprocess.py:93} INFO - 	at org.apache.spark.sql.execution.adaptive.CoalesceShufflePartitions.$anonfun$apply$1(CoalesceShufflePartitions.scala:61)
[2025-12-22T05:34:50.430+0000] {subprocess.py:93} INFO - 	at scala.runtime.java8.JFunction0$mcI$sp.apply(JFunction0$mcI$sp.java:23)
[2025-12-22T05:34:50.430+0000] {subprocess.py:93} INFO - 	at scala.Option.getOrElse(Option.scala:189)
[2025-12-22T05:34:50.431+0000] {subprocess.py:93} INFO - 	at org.apache.spark.sql.execution.adaptive.CoalesceShufflePartitions.apply(CoalesceShufflePartitions.scala:58)
[2025-12-22T05:34:50.432+0000] {subprocess.py:93} INFO - 	at org.apache.spark.sql.execution.adaptive.CoalesceShufflePartitions.apply(CoalesceShufflePartitions.scala:34)
[2025-12-22T05:34:50.432+0000] {subprocess.py:93} INFO - 	at org.apache.spark.sql.execution.adaptive.AdaptiveSparkPlanExec.$anonfun$optimizeQueryStage$2(AdaptiveSparkPlanExec.scala:169)
[2025-12-22T05:34:50.432+0000] {subprocess.py:93} INFO - 	at scala.collection.LinearSeqOptimized.foldLeft(LinearSeqOptimized.scala:126)
[2025-12-22T05:34:50.432+0000] {subprocess.py:93} INFO - 	at scala.collection.LinearSeqOptimized.foldLeft$(LinearSeqOptimized.scala:122)
[2025-12-22T05:34:50.432+0000] {subprocess.py:93} INFO - 	at scala.collection.immutable.List.foldLeft(List.scala:91)
[2025-12-22T05:34:50.432+0000] {subprocess.py:93} INFO - 	at org.apache.spark.sql.execution.adaptive.AdaptiveSparkPlanExec.optimizeQueryStage(AdaptiveSparkPlanExec.scala:168)
[2025-12-22T05:34:50.432+0000] {subprocess.py:93} INFO - 	at org.apache.spark.sql.execution.adaptive.AdaptiveSparkPlanExec.newQueryStage(AdaptiveSparkPlanExec.scala:588)
[2025-12-22T05:34:50.432+0000] {subprocess.py:93} INFO - 	at org.apache.spark.sql.execution.adaptive.AdaptiveSparkPlanExec.createQueryStages(AdaptiveSparkPlanExec.scala:538)
[2025-12-22T05:34:50.432+0000] {subprocess.py:93} INFO - 	at org.apache.spark.sql.execution.adaptive.AdaptiveSparkPlanExec.$anonfun$createQueryStages$2(AdaptiveSparkPlanExec.scala:577)
[2025-12-22T05:34:50.437+0000] {subprocess.py:93} INFO - 	at scala.collection.TraversableLike.$anonfun$map$1(TraversableLike.scala:286)
[2025-12-22T05:34:50.437+0000] {subprocess.py:93} INFO - 	at scala.collection.Iterator.foreach(Iterator.scala:943)
[2025-12-22T05:34:50.438+0000] {subprocess.py:93} INFO - 	at scala.collection.Iterator.foreach$(Iterator.scala:943)
[2025-12-22T05:34:50.438+0000] {subprocess.py:93} INFO - 	at scala.collection.AbstractIterator.foreach(Iterator.scala:1431)
[2025-12-22T05:34:50.438+0000] {subprocess.py:93} INFO - 	at scala.collection.IterableLike.foreach(IterableLike.scala:74)
[2025-12-22T05:34:50.438+0000] {subprocess.py:93} INFO - 	at scala.collection.IterableLike.foreach$(IterableLike.scala:73)
[2025-12-22T05:34:50.438+0000] {subprocess.py:93} INFO - 	at scala.collection.AbstractIterable.foreach(Iterable.scala:56)
[2025-12-22T05:34:50.438+0000] {subprocess.py:93} INFO - 	at scala.collection.TraversableLike.map(TraversableLike.scala:286)
[2025-12-22T05:34:50.438+0000] {subprocess.py:93} INFO - 	at scala.collection.TraversableLike.map$(TraversableLike.scala:279)
[2025-12-22T05:34:50.438+0000] {subprocess.py:93} INFO - 	at scala.collection.AbstractTraversable.map(Traversable.scala:108)
[2025-12-22T05:34:50.438+0000] {subprocess.py:93} INFO - 	at org.apache.spark.sql.execution.adaptive.AdaptiveSparkPlanExec.createQueryStages(AdaptiveSparkPlanExec.scala:577)
[2025-12-22T05:34:50.438+0000] {subprocess.py:93} INFO - 	at org.apache.spark.sql.execution.adaptive.AdaptiveSparkPlanExec.$anonfun$getFinalPhysicalPlan$1(AdaptiveSparkPlanExec.scala:277)
[2025-12-22T05:34:50.444+0000] {subprocess.py:93} INFO - 	at org.apache.spark.sql.SparkSession.withActive(SparkSession.scala:900)
[2025-12-22T05:34:50.444+0000] {subprocess.py:93} INFO - 	at org.apache.spark.sql.execution.adaptive.AdaptiveSparkPlanExec.getFinalPhysicalPlan(AdaptiveSparkPlanExec.scala:272)
[2025-12-22T05:34:50.444+0000] {subprocess.py:93} INFO - 	at org.apache.spark.sql.execution.adaptive.AdaptiveSparkPlanExec.withFinalPlanUpdate(AdaptiveSparkPlanExec.scala:417)
[2025-12-22T05:34:50.444+0000] {subprocess.py:93} INFO - 	at org.apache.spark.sql.execution.adaptive.AdaptiveSparkPlanExec.executeCollect(AdaptiveSparkPlanExec.scala:390)
[2025-12-22T05:34:50.444+0000] {subprocess.py:93} INFO - 	at org.apache.spark.sql.Dataset.$anonfun$count$1(Dataset.scala:3614)
[2025-12-22T05:34:50.444+0000] {subprocess.py:93} INFO - 	at org.apache.spark.sql.Dataset.$anonfun$count$1$adapted(Dataset.scala:3613)
[2025-12-22T05:34:50.444+0000] {subprocess.py:93} INFO - 	at org.apache.spark.sql.Dataset.$anonfun$withAction$2(Dataset.scala:4322)
[2025-12-22T05:34:50.448+0000] {subprocess.py:93} INFO - 	at org.apache.spark.sql.execution.QueryExecution$.withInternalError(QueryExecution.scala:546)
[2025-12-22T05:34:50.448+0000] {subprocess.py:93} INFO - 	at org.apache.spark.sql.Dataset.$anonfun$withAction$1(Dataset.scala:4320)
[2025-12-22T05:34:50.448+0000] {subprocess.py:93} INFO - 	at org.apache.spark.sql.execution.SQLExecution$.$anonfun$withNewExecutionId$6(SQLExecution.scala:125)
[2025-12-22T05:34:50.448+0000] {subprocess.py:93} INFO - 	at org.apache.spark.sql.execution.SQLExecution$.withSQLConfPropagated(SQLExecution.scala:201)
[2025-12-22T05:34:50.449+0000] {subprocess.py:93} INFO - 	at org.apache.spark.sql.execution.SQLExecution$.$anonfun$withNewExecutionId$1(SQLExecution.scala:108)
[2025-12-22T05:34:50.449+0000] {subprocess.py:93} INFO - 	at org.apache.spark.sql.SparkSession.withActive(SparkSession.scala:900)
[2025-12-22T05:34:50.449+0000] {subprocess.py:93} INFO - 	at org.apache.spark.sql.execution.SQLExecution$.withNewExecutionId(SQLExecution.scala:66)
[2025-12-22T05:34:50.449+0000] {subprocess.py:93} INFO - 	at org.apache.spark.sql.Dataset.withAction(Dataset.scala:4320)
[2025-12-22T05:34:50.449+0000] {subprocess.py:93} INFO - 	at org.apache.spark.sql.Dataset.count(Dataset.scala:3613)
[2025-12-22T05:34:50.449+0000] {subprocess.py:93} INFO - 	at java.base/jdk.internal.reflect.NativeMethodAccessorImpl.invoke0(Native Method)
[2025-12-22T05:34:50.449+0000] {subprocess.py:93} INFO - 	at java.base/jdk.internal.reflect.NativeMethodAccessorImpl.invoke(NativeMethodAccessorImpl.java:77)
[2025-12-22T05:34:50.450+0000] {subprocess.py:93} INFO - 	at java.base/jdk.internal.reflect.DelegatingMethodAccessorImpl.invoke(DelegatingMethodAccessorImpl.java:43)
[2025-12-22T05:34:50.450+0000] {subprocess.py:93} INFO - 	at java.base/java.lang.reflect.Method.invoke(Method.java:569)
[2025-12-22T05:34:50.450+0000] {subprocess.py:93} INFO - 	at py4j.reflection.MethodInvoker.invoke(MethodInvoker.java:244)
[2025-12-22T05:34:50.450+0000] {subprocess.py:93} INFO - 	at py4j.reflection.ReflectionEngine.invoke(ReflectionEngine.java:374)
[2025-12-22T05:34:50.450+0000] {subprocess.py:93} INFO - 	at py4j.Gateway.invoke(Gateway.java:282)
[2025-12-22T05:34:50.450+0000] {subprocess.py:93} INFO - 	at py4j.commands.AbstractCommand.invokeMethod(AbstractCommand.java:132)
[2025-12-22T05:34:50.450+0000] {subprocess.py:93} INFO - 	at py4j.commands.CallCommand.execute(CallCommand.java:79)
[2025-12-22T05:34:50.450+0000] {subprocess.py:93} INFO - 	at py4j.ClientServerConnection.waitForCommands(ClientServerConnection.java:182)
[2025-12-22T05:34:50.450+0000] {subprocess.py:93} INFO - 	at py4j.ClientServerConnection.run(ClientServerConnection.java:106)
[2025-12-22T05:34:50.450+0000] {subprocess.py:93} INFO - 	at java.base/java.lang.Thread.run(Thread.java:840)
[2025-12-22T05:34:50.452+0000] {subprocess.py:93} INFO - 
[2025-12-22T05:34:50.538+0000] {subprocess.py:93} INFO - 25/12/22 05:34:50 INFO ShutdownHookManager: Shutdown hook called
[2025-12-22T05:34:50.541+0000] {subprocess.py:93} INFO - 25/12/22 05:34:50 INFO ShutdownHookManager: Deleting directory /tmp/spark-a24a2520-d86c-4a69-bf9d-d3266a57b3a1
[2025-12-22T05:34:50.544+0000] {subprocess.py:93} INFO - 25/12/22 05:34:50 INFO ShutdownHookManager: Deleting directory /tmp/spark-b3bb9293-c805-41b0-8166-bdeb97824023
[2025-12-22T05:34:50.552+0000] {subprocess.py:93} INFO - 25/12/22 05:34:50 INFO ShutdownHookManager: Deleting directory /tmp/spark-a24a2520-d86c-4a69-bf9d-d3266a57b3a1/pyspark-5bf99603-d19a-41ab-ab1a-ca25e1d3e660
[2025-12-22T05:34:50.988+0000] {subprocess.py:97} INFO - Command exited with return code 1
[2025-12-22T05:34:51.049+0000] {taskinstance.py:2699} ERROR - Task failed with exception
Traceback (most recent call last):
  File "/home/airflow/.local/lib/python3.10/site-packages/airflow/models/taskinstance.py", line 433, in _execute_task
    result = execute_callable(context=context, **execute_callable_kwargs)
  File "/home/airflow/.local/lib/python3.10/site-packages/airflow/operators/bash.py", line 212, in execute
    raise AirflowException(
airflow.exceptions.AirflowException: Bash command failed. The command returned a non-zero exit code 1.
[2025-12-22T05:34:51.067+0000] {taskinstance.py:1138} INFO - Marking task as FAILED. dag_id=pipeline_services_publics_togo, task_id=ingestion_mongodb, execution_date=20251222T052139, start_date=20251222T053328, end_date=20251222T053451
[2025-12-22T05:34:51.125+0000] {standard_task_runner.py:107} ERROR - Failed to execute job 32 for task ingestion_mongodb (Bash command failed. The command returned a non-zero exit code 1.; 320)
[2025-12-22T05:34:51.150+0000] {local_task_job_runner.py:234} INFO - Task exited with return code 1
[2025-12-22T05:34:51.188+0000] {taskinstance.py:3281} INFO - 0 downstream tasks scheduled from follow-on schedule check
