[2025-12-21T15:12:36.276+0000] {taskinstance.py:1957} INFO - Dependencies all met for dep_context=non-requeueable deps ti=<TaskInstance: pipeline_services_publics_togo.ingestion_mongodb manual__2025-12-21T15:07:27.921744+00:00 [queued]>
[2025-12-21T15:12:36.291+0000] {taskinstance.py:1957} INFO - Dependencies all met for dep_context=requeueable deps ti=<TaskInstance: pipeline_services_publics_togo.ingestion_mongodb manual__2025-12-21T15:07:27.921744+00:00 [queued]>
[2025-12-21T15:12:36.291+0000] {taskinstance.py:2171} INFO - Starting attempt 2 of 3
[2025-12-21T15:12:36.309+0000] {taskinstance.py:2192} INFO - Executing <Task(BashOperator): ingestion_mongodb> on 2025-12-21 15:07:27.921744+00:00
[2025-12-21T15:12:36.317+0000] {standard_task_runner.py:60} INFO - Started process 260 to run task
[2025-12-21T15:12:36.321+0000] {standard_task_runner.py:87} INFO - Running: ['***', 'tasks', 'run', 'pipeline_services_publics_togo', 'ingestion_mongodb', 'manual__2025-12-21T15:07:27.921744+00:00', '--job-id', '10', '--raw', '--subdir', 'DAGS_FOLDER/pipeline_services_publics.py', '--cfg-path', '/tmp/tmptho0gigl']
[2025-12-21T15:12:36.324+0000] {standard_task_runner.py:88} INFO - Job 10: Subtask ingestion_mongodb
[2025-12-21T15:12:36.404+0000] {task_command.py:423} INFO - Running <TaskInstance: pipeline_services_publics_togo.ingestion_mongodb manual__2025-12-21T15:07:27.921744+00:00 [running]> on host 30a6224e97bc
[2025-12-21T15:12:36.522+0000] {taskinstance.py:2481} INFO - Exporting env vars: AIRFLOW_CTX_DAG_OWNER='data-engineer' AIRFLOW_CTX_DAG_ID='pipeline_services_publics_togo' AIRFLOW_CTX_TASK_ID='ingestion_mongodb' AIRFLOW_CTX_EXECUTION_DATE='2025-12-21T15:07:27.921744+00:00' AIRFLOW_CTX_TRY_NUMBER='2' AIRFLOW_CTX_DAG_RUN_ID='manual__2025-12-21T15:07:27.921744+00:00'
[2025-12-21T15:12:36.523+0000] {subprocess.py:63} INFO - Tmp dir root location: /tmp
[2025-12-21T15:12:36.524+0000] {subprocess.py:75} INFO - Running command: ['/usr/bin/bash', '-c', '\n    /opt/spark/bin/spark-submit       --master spark://spark-master:7077       --packages org.mongodb.spark:mongo-spark-connector_2.12:10.2.0       --executor-memory 2G       --driver-memory 1G       /opt/***/spark_jobs/ingestion.py\n    ']
[2025-12-21T15:12:36.539+0000] {subprocess.py:86} INFO - Output:
[2025-12-21T15:12:36.543+0000] {subprocess.py:93} INFO - /usr/bin/bash: line 2: /opt/spark/bin/spark-submit: No such file or directory
[2025-12-21T15:12:36.544+0000] {subprocess.py:97} INFO - Command exited with return code 127
[2025-12-21T15:12:36.564+0000] {taskinstance.py:2699} ERROR - Task failed with exception
Traceback (most recent call last):
  File "/home/airflow/.local/lib/python3.10/site-packages/airflow/models/taskinstance.py", line 433, in _execute_task
    result = execute_callable(context=context, **execute_callable_kwargs)
  File "/home/airflow/.local/lib/python3.10/site-packages/airflow/operators/bash.py", line 212, in execute
    raise AirflowException(
airflow.exceptions.AirflowException: Bash command failed. The command returned a non-zero exit code 127.
[2025-12-21T15:12:36.568+0000] {taskinstance.py:1138} INFO - Marking task as UP_FOR_RETRY. dag_id=pipeline_services_publics_togo, task_id=ingestion_mongodb, execution_date=20251221T150727, start_date=20251221T151236, end_date=20251221T151236
[2025-12-21T15:12:36.590+0000] {standard_task_runner.py:107} ERROR - Failed to execute job 10 for task ingestion_mongodb (Bash command failed. The command returned a non-zero exit code 127.; 260)
[2025-12-21T15:12:36.619+0000] {local_task_job_runner.py:234} INFO - Task exited with return code 1
[2025-12-21T15:12:36.664+0000] {taskinstance.py:3281} INFO - 0 downstream tasks scheduled from follow-on schedule check
