[2025-12-21T15:17:37.481+0000] {taskinstance.py:1957} INFO - Dependencies all met for dep_context=non-requeueable deps ti=<TaskInstance: pipeline_services_publics_togo.ingestion_mongodb manual__2025-12-21T15:07:27.921744+00:00 [queued]>
[2025-12-21T15:17:37.492+0000] {taskinstance.py:1957} INFO - Dependencies all met for dep_context=requeueable deps ti=<TaskInstance: pipeline_services_publics_togo.ingestion_mongodb manual__2025-12-21T15:07:27.921744+00:00 [queued]>
[2025-12-21T15:17:37.493+0000] {taskinstance.py:2171} INFO - Starting attempt 3 of 3
[2025-12-21T15:17:37.513+0000] {taskinstance.py:2192} INFO - Executing <Task(BashOperator): ingestion_mongodb> on 2025-12-21 15:07:27.921744+00:00
[2025-12-21T15:17:37.520+0000] {standard_task_runner.py:60} INFO - Started process 318 to run task
[2025-12-21T15:17:37.525+0000] {standard_task_runner.py:87} INFO - Running: ['***', 'tasks', 'run', 'pipeline_services_publics_togo', 'ingestion_mongodb', 'manual__2025-12-21T15:07:27.921744+00:00', '--job-id', '12', '--raw', '--subdir', 'DAGS_FOLDER/pipeline_services_publics.py', '--cfg-path', '/tmp/tmpkoe2_9o8']
[2025-12-21T15:17:37.529+0000] {standard_task_runner.py:88} INFO - Job 12: Subtask ingestion_mongodb
[2025-12-21T15:17:37.644+0000] {task_command.py:423} INFO - Running <TaskInstance: pipeline_services_publics_togo.ingestion_mongodb manual__2025-12-21T15:07:27.921744+00:00 [running]> on host 30a6224e97bc
[2025-12-21T15:17:37.764+0000] {taskinstance.py:2481} INFO - Exporting env vars: AIRFLOW_CTX_DAG_OWNER='data-engineer' AIRFLOW_CTX_DAG_ID='pipeline_services_publics_togo' AIRFLOW_CTX_TASK_ID='ingestion_mongodb' AIRFLOW_CTX_EXECUTION_DATE='2025-12-21T15:07:27.921744+00:00' AIRFLOW_CTX_TRY_NUMBER='3' AIRFLOW_CTX_DAG_RUN_ID='manual__2025-12-21T15:07:27.921744+00:00'
[2025-12-21T15:17:37.765+0000] {subprocess.py:63} INFO - Tmp dir root location: /tmp
[2025-12-21T15:17:37.769+0000] {subprocess.py:75} INFO - Running command: ['/usr/bin/bash', '-c', '\n    /opt/spark/bin/spark-submit       --master spark://spark-master:7077       --packages org.mongodb.spark:mongo-spark-connector_2.12:10.2.0       --executor-memory 2G       --driver-memory 1G       /opt/***/spark_jobs/ingestion.py\n    ']
[2025-12-21T15:17:37.783+0000] {subprocess.py:86} INFO - Output:
[2025-12-21T15:17:37.786+0000] {subprocess.py:93} INFO - /usr/bin/bash: line 2: /opt/spark/bin/spark-submit: No such file or directory
[2025-12-21T15:17:37.787+0000] {subprocess.py:97} INFO - Command exited with return code 127
[2025-12-21T15:17:37.810+0000] {taskinstance.py:2699} ERROR - Task failed with exception
Traceback (most recent call last):
  File "/home/airflow/.local/lib/python3.10/site-packages/airflow/models/taskinstance.py", line 433, in _execute_task
    result = execute_callable(context=context, **execute_callable_kwargs)
  File "/home/airflow/.local/lib/python3.10/site-packages/airflow/operators/bash.py", line 212, in execute
    raise AirflowException(
airflow.exceptions.AirflowException: Bash command failed. The command returned a non-zero exit code 127.
[2025-12-21T15:17:37.814+0000] {taskinstance.py:1138} INFO - Marking task as FAILED. dag_id=pipeline_services_publics_togo, task_id=ingestion_mongodb, execution_date=20251221T150727, start_date=20251221T151737, end_date=20251221T151737
[2025-12-21T15:17:37.832+0000] {standard_task_runner.py:107} ERROR - Failed to execute job 12 for task ingestion_mongodb (Bash command failed. The command returned a non-zero exit code 127.; 318)
[2025-12-21T15:17:37.861+0000] {local_task_job_runner.py:234} INFO - Task exited with return code 1
[2025-12-21T15:17:37.900+0000] {taskinstance.py:3281} INFO - 0 downstream tasks scheduled from follow-on schedule check
