[2025-12-21T17:09:23.294+0000] {taskinstance.py:1957} INFO - Dependencies all met for dep_context=non-requeueable deps ti=<TaskInstance: pipeline_services_publics_togo.load_data_to_mongo manual__2025-12-21T17:09:21.884495+00:00 [queued]>
[2025-12-21T17:09:23.304+0000] {taskinstance.py:1957} INFO - Dependencies all met for dep_context=requeueable deps ti=<TaskInstance: pipeline_services_publics_togo.load_data_to_mongo manual__2025-12-21T17:09:21.884495+00:00 [queued]>
[2025-12-21T17:09:23.305+0000] {taskinstance.py:2171} INFO - Starting attempt 1 of 3
[2025-12-21T17:09:23.317+0000] {taskinstance.py:2192} INFO - Executing <Task(BashOperator): load_data_to_mongo> on 2025-12-21 17:09:21.884495+00:00
[2025-12-21T17:09:23.322+0000] {standard_task_runner.py:60} INFO - Started process 325 to run task
[2025-12-21T17:09:23.325+0000] {standard_task_runner.py:87} INFO - Running: ['***', 'tasks', 'run', 'pipeline_services_publics_togo', 'load_data_to_mongo', 'manual__2025-12-21T17:09:21.884495+00:00', '--job-id', '36', '--raw', '--subdir', 'DAGS_FOLDER/pipeline_services_publics.py', '--cfg-path', '/tmp/tmpg_vzyocq']
[2025-12-21T17:09:23.328+0000] {standard_task_runner.py:88} INFO - Job 36: Subtask load_data_to_mongo
[2025-12-21T17:09:23.385+0000] {task_command.py:423} INFO - Running <TaskInstance: pipeline_services_publics_togo.load_data_to_mongo manual__2025-12-21T17:09:21.884495+00:00 [running]> on host 4a81c59a6e43
[2025-12-21T17:09:23.570+0000] {taskinstance.py:2481} INFO - Exporting env vars: AIRFLOW_CTX_DAG_OWNER='data-engineer' AIRFLOW_CTX_DAG_ID='pipeline_services_publics_togo' AIRFLOW_CTX_TASK_ID='load_data_to_mongo' AIRFLOW_CTX_EXECUTION_DATE='2025-12-21T17:09:21.884495+00:00' AIRFLOW_CTX_TRY_NUMBER='1' AIRFLOW_CTX_DAG_RUN_ID='manual__2025-12-21T17:09:21.884495+00:00'
[2025-12-21T17:09:23.573+0000] {subprocess.py:63} INFO - Tmp dir root location: /tmp
[2025-12-21T17:09:23.574+0000] {subprocess.py:75} INFO - Running command: ['/usr/bin/bash', '-c', '\n    python /opt/***/scripts/load_data_to_mongo.py     /opt/***/data/demandes_services_publics_togo.json\n    ']
[2025-12-21T17:09:23.603+0000] {subprocess.py:86} INFO - Output:
[2025-12-21T17:09:25.022+0000] {subprocess.py:93} INFO - 
[2025-12-21T17:09:25.022+0000] {subprocess.py:93} INFO - Fichier source: /opt/***/data/demandes_services_publics_togo.json
[2025-12-21T17:09:25.022+0000] {subprocess.py:93} INFO - ================================================================================
[2025-12-21T17:09:25.022+0000] {subprocess.py:93} INFO - CHARGEMENT DES DONNÉES DANS MONGODB
[2025-12-21T17:09:25.023+0000] {subprocess.py:93} INFO - ================================================================================
[2025-12-21T17:09:25.023+0000] {subprocess.py:93} INFO - 
[2025-12-21T17:09:25.023+0000] {subprocess.py:93} INFO - [1/3] Connexion à MongoDB...
[2025-12-21T17:09:25.023+0000] {subprocess.py:93} INFO - ✓ Connexion établie
[2025-12-21T17:09:25.023+0000] {subprocess.py:93} INFO - 
[2025-12-21T17:09:25.023+0000] {subprocess.py:93} INFO - [2/3] Lecture du fichier: /opt/***/data/demandes_services_publics_togo.json
[2025-12-21T17:09:25.023+0000] {subprocess.py:93} INFO - ✓ 10000 documents lus
[2025-12-21T17:09:25.023+0000] {subprocess.py:93} INFO - 
[2025-12-21T17:09:25.023+0000] {subprocess.py:93} INFO - [3/3] Upsert des documents dans MongoDB...
[2025-12-21T17:09:25.024+0000] {subprocess.py:93} INFO - ✓ Chargement terminé
[2025-12-21T17:09:25.024+0000] {subprocess.py:93} INFO -   - Insertés   : 8829
[2025-12-21T17:09:25.024+0000] {subprocess.py:93} INFO -   - Modifiés   : 95
[2025-12-21T17:09:25.024+0000] {subprocess.py:93} INFO -   - Matchés    : 1171
[2025-12-21T17:09:25.024+0000] {subprocess.py:93} INFO - 
[2025-12-21T17:09:25.024+0000] {subprocess.py:93} INFO - ✓ Total documents en base: 8829
[2025-12-21T17:09:25.233+0000] {subprocess.py:97} INFO - Command exited with return code 0
[2025-12-21T17:09:25.351+0000] {taskinstance.py:1138} INFO - Marking task as SUCCESS. dag_id=pipeline_services_publics_togo, task_id=load_data_to_mongo, execution_date=20251221T170921, start_date=20251221T170923, end_date=20251221T170925
[2025-12-21T17:09:25.436+0000] {local_task_job_runner.py:234} INFO - Task exited with return code 0
[2025-12-21T17:09:25.541+0000] {taskinstance.py:3281} INFO - 1 downstream tasks scheduled from follow-on schedule check
