[2025-12-24T04:46:09.135+0000] {processor.py:161} INFO - Started process (PID=3483) to work on /opt/airflow/dags/pipeline_services_publics.py
[2025-12-24T04:46:09.139+0000] {processor.py:830} INFO - Processing file /opt/airflow/dags/pipeline_services_publics.py for tasks to queue
[2025-12-24T04:46:09.144+0000] {logging_mixin.py:188} INFO - [2025-12-24T04:46:09.142+0000] {dagbag.py:538} INFO - Filling up the DagBag from /opt/airflow/dags/pipeline_services_publics.py
[2025-12-24T04:46:09.236+0000] {processor.py:840} INFO - DAG(s) 'pipeline_services_publics_togo' retrieved from /opt/airflow/dags/pipeline_services_publics.py
[2025-12-24T04:46:10.161+0000] {logging_mixin.py:188} INFO - [2025-12-24T04:46:10.160+0000] {dag.py:3033} INFO - Sync 1 DAGs
[2025-12-24T04:46:10.219+0000] {logging_mixin.py:188} INFO - [2025-12-24T04:46:10.219+0000] {dag.py:3820} INFO - Setting next_dagrun for pipeline_services_publics_togo to 2025-12-24T02:00:00+00:00, run_after=2025-12-25T02:00:00+00:00
[2025-12-24T04:46:10.281+0000] {processor.py:183} INFO - Processing /opt/airflow/dags/pipeline_services_publics.py took 1.180 seconds
[2025-12-24T04:46:40.540+0000] {processor.py:161} INFO - Started process (PID=3745) to work on /opt/airflow/dags/pipeline_services_publics.py
[2025-12-24T04:46:40.542+0000] {processor.py:830} INFO - Processing file /opt/airflow/dags/pipeline_services_publics.py for tasks to queue
[2025-12-24T04:46:40.543+0000] {logging_mixin.py:188} INFO - [2025-12-24T04:46:40.543+0000] {dagbag.py:538} INFO - Filling up the DagBag from /opt/airflow/dags/pipeline_services_publics.py
[2025-12-24T04:46:40.579+0000] {processor.py:840} INFO - DAG(s) 'pipeline_services_publics_togo' retrieved from /opt/airflow/dags/pipeline_services_publics.py
[2025-12-24T04:46:40.632+0000] {logging_mixin.py:188} INFO - [2025-12-24T04:46:40.632+0000] {dag.py:3033} INFO - Sync 1 DAGs
[2025-12-24T04:46:40.661+0000] {logging_mixin.py:188} INFO - [2025-12-24T04:46:40.661+0000] {dag.py:3820} INFO - Setting next_dagrun for pipeline_services_publics_togo to 2025-12-24T02:00:00+00:00, run_after=2025-12-25T02:00:00+00:00
[2025-12-24T04:46:40.687+0000] {processor.py:183} INFO - Processing /opt/airflow/dags/pipeline_services_publics.py took 0.154 seconds
[2025-12-24T04:47:10.760+0000] {processor.py:161} INFO - Started process (PID=3972) to work on /opt/airflow/dags/pipeline_services_publics.py
[2025-12-24T04:47:10.762+0000] {processor.py:830} INFO - Processing file /opt/airflow/dags/pipeline_services_publics.py for tasks to queue
[2025-12-24T04:47:10.764+0000] {logging_mixin.py:188} INFO - [2025-12-24T04:47:10.764+0000] {dagbag.py:538} INFO - Filling up the DagBag from /opt/airflow/dags/pipeline_services_publics.py
[2025-12-24T04:47:10.816+0000] {processor.py:840} INFO - DAG(s) 'pipeline_services_publics_togo' retrieved from /opt/airflow/dags/pipeline_services_publics.py
[2025-12-24T04:47:10.915+0000] {logging_mixin.py:188} INFO - [2025-12-24T04:47:10.915+0000] {dag.py:3033} INFO - Sync 1 DAGs
[2025-12-24T04:47:10.991+0000] {logging_mixin.py:188} INFO - [2025-12-24T04:47:10.990+0000] {dag.py:3820} INFO - Setting next_dagrun for pipeline_services_publics_togo to 2025-12-24T02:00:00+00:00, run_after=2025-12-25T02:00:00+00:00
[2025-12-24T04:47:11.042+0000] {processor.py:183} INFO - Processing /opt/airflow/dags/pipeline_services_publics.py took 0.294 seconds
[2025-12-24T04:47:41.199+0000] {processor.py:161} INFO - Started process (PID=3977) to work on /opt/airflow/dags/pipeline_services_publics.py
[2025-12-24T04:47:41.200+0000] {processor.py:830} INFO - Processing file /opt/airflow/dags/pipeline_services_publics.py for tasks to queue
[2025-12-24T04:47:41.200+0000] {logging_mixin.py:188} INFO - [2025-12-24T04:47:41.200+0000] {dagbag.py:538} INFO - Filling up the DagBag from /opt/airflow/dags/pipeline_services_publics.py
[2025-12-24T04:47:41.216+0000] {processor.py:840} INFO - DAG(s) 'pipeline_services_publics_togo' retrieved from /opt/airflow/dags/pipeline_services_publics.py
[2025-12-24T04:47:41.249+0000] {logging_mixin.py:188} INFO - [2025-12-24T04:47:41.249+0000] {dag.py:3033} INFO - Sync 1 DAGs
[2025-12-24T04:47:41.274+0000] {logging_mixin.py:188} INFO - [2025-12-24T04:47:41.273+0000] {dag.py:3820} INFO - Setting next_dagrun for pipeline_services_publics_togo to 2025-12-24T02:00:00+00:00, run_after=2025-12-25T02:00:00+00:00
[2025-12-24T04:47:41.292+0000] {processor.py:183} INFO - Processing /opt/airflow/dags/pipeline_services_publics.py took 0.097 seconds
[2025-12-24T04:48:11.408+0000] {processor.py:161} INFO - Started process (PID=3982) to work on /opt/airflow/dags/pipeline_services_publics.py
[2025-12-24T04:48:11.411+0000] {processor.py:830} INFO - Processing file /opt/airflow/dags/pipeline_services_publics.py for tasks to queue
[2025-12-24T04:48:11.415+0000] {logging_mixin.py:188} INFO - [2025-12-24T04:48:11.413+0000] {dagbag.py:538} INFO - Filling up the DagBag from /opt/airflow/dags/pipeline_services_publics.py
[2025-12-24T04:48:11.454+0000] {processor.py:840} INFO - DAG(s) 'pipeline_services_publics_togo' retrieved from /opt/airflow/dags/pipeline_services_publics.py
[2025-12-24T04:48:11.495+0000] {logging_mixin.py:188} INFO - [2025-12-24T04:48:11.495+0000] {dag.py:3033} INFO - Sync 1 DAGs
[2025-12-24T04:48:11.522+0000] {logging_mixin.py:188} INFO - [2025-12-24T04:48:11.522+0000] {dag.py:3820} INFO - Setting next_dagrun for pipeline_services_publics_togo to 2025-12-24T02:00:00+00:00, run_after=2025-12-25T02:00:00+00:00
[2025-12-24T04:48:11.540+0000] {processor.py:183} INFO - Processing /opt/airflow/dags/pipeline_services_publics.py took 0.149 seconds
[2025-12-24T04:48:41.590+0000] {processor.py:161} INFO - Started process (PID=3987) to work on /opt/airflow/dags/pipeline_services_publics.py
[2025-12-24T04:48:41.591+0000] {processor.py:830} INFO - Processing file /opt/airflow/dags/pipeline_services_publics.py for tasks to queue
[2025-12-24T04:48:41.591+0000] {logging_mixin.py:188} INFO - [2025-12-24T04:48:41.591+0000] {dagbag.py:538} INFO - Filling up the DagBag from /opt/airflow/dags/pipeline_services_publics.py
[2025-12-24T04:48:41.606+0000] {processor.py:840} INFO - DAG(s) 'pipeline_services_publics_togo' retrieved from /opt/airflow/dags/pipeline_services_publics.py
[2025-12-24T04:48:41.641+0000] {logging_mixin.py:188} INFO - [2025-12-24T04:48:41.640+0000] {dag.py:3033} INFO - Sync 1 DAGs
[2025-12-24T04:48:41.670+0000] {logging_mixin.py:188} INFO - [2025-12-24T04:48:41.670+0000] {dag.py:3820} INFO - Setting next_dagrun for pipeline_services_publics_togo to 2025-12-24T02:00:00+00:00, run_after=2025-12-25T02:00:00+00:00
[2025-12-24T04:48:41.694+0000] {processor.py:183} INFO - Processing /opt/airflow/dags/pipeline_services_publics.py took 0.107 seconds
[2025-12-24T04:49:11.774+0000] {processor.py:161} INFO - Started process (PID=3992) to work on /opt/airflow/dags/pipeline_services_publics.py
[2025-12-24T04:49:11.775+0000] {processor.py:830} INFO - Processing file /opt/airflow/dags/pipeline_services_publics.py for tasks to queue
[2025-12-24T04:49:11.778+0000] {logging_mixin.py:188} INFO - [2025-12-24T04:49:11.775+0000] {dagbag.py:538} INFO - Filling up the DagBag from /opt/airflow/dags/pipeline_services_publics.py
[2025-12-24T04:49:11.802+0000] {processor.py:840} INFO - DAG(s) 'pipeline_services_publics_togo' retrieved from /opt/airflow/dags/pipeline_services_publics.py
[2025-12-24T04:49:11.853+0000] {logging_mixin.py:188} INFO - [2025-12-24T04:49:11.853+0000] {dag.py:3033} INFO - Sync 1 DAGs
[2025-12-24T04:49:11.885+0000] {logging_mixin.py:188} INFO - [2025-12-24T04:49:11.885+0000] {dag.py:3820} INFO - Setting next_dagrun for pipeline_services_publics_togo to 2025-12-24T02:00:00+00:00, run_after=2025-12-25T02:00:00+00:00
[2025-12-24T04:49:11.902+0000] {processor.py:183} INFO - Processing /opt/airflow/dags/pipeline_services_publics.py took 0.133 seconds
[2025-12-24T04:49:41.934+0000] {processor.py:161} INFO - Started process (PID=3997) to work on /opt/airflow/dags/pipeline_services_publics.py
[2025-12-24T04:49:41.935+0000] {processor.py:830} INFO - Processing file /opt/airflow/dags/pipeline_services_publics.py for tasks to queue
[2025-12-24T04:49:41.936+0000] {logging_mixin.py:188} INFO - [2025-12-24T04:49:41.935+0000] {dagbag.py:538} INFO - Filling up the DagBag from /opt/airflow/dags/pipeline_services_publics.py
[2025-12-24T04:49:41.952+0000] {processor.py:840} INFO - DAG(s) 'pipeline_services_publics_togo' retrieved from /opt/airflow/dags/pipeline_services_publics.py
[2025-12-24T04:49:41.988+0000] {logging_mixin.py:188} INFO - [2025-12-24T04:49:41.988+0000] {dag.py:3033} INFO - Sync 1 DAGs
[2025-12-24T04:49:42.014+0000] {logging_mixin.py:188} INFO - [2025-12-24T04:49:42.013+0000] {dag.py:3820} INFO - Setting next_dagrun for pipeline_services_publics_togo to 2025-12-24T02:00:00+00:00, run_after=2025-12-25T02:00:00+00:00
[2025-12-24T04:49:42.037+0000] {processor.py:183} INFO - Processing /opt/airflow/dags/pipeline_services_publics.py took 0.106 seconds
[2025-12-24T04:50:12.172+0000] {processor.py:161} INFO - Started process (PID=4002) to work on /opt/airflow/dags/pipeline_services_publics.py
[2025-12-24T04:50:12.173+0000] {processor.py:830} INFO - Processing file /opt/airflow/dags/pipeline_services_publics.py for tasks to queue
[2025-12-24T04:50:12.174+0000] {logging_mixin.py:188} INFO - [2025-12-24T04:50:12.173+0000] {dagbag.py:538} INFO - Filling up the DagBag from /opt/airflow/dags/pipeline_services_publics.py
[2025-12-24T04:50:12.192+0000] {processor.py:840} INFO - DAG(s) 'pipeline_services_publics_togo' retrieved from /opt/airflow/dags/pipeline_services_publics.py
[2025-12-24T04:50:12.233+0000] {logging_mixin.py:188} INFO - [2025-12-24T04:50:12.232+0000] {dag.py:3033} INFO - Sync 1 DAGs
[2025-12-24T04:50:12.265+0000] {logging_mixin.py:188} INFO - [2025-12-24T04:50:12.264+0000] {dag.py:3820} INFO - Setting next_dagrun for pipeline_services_publics_togo to 2025-12-24T02:00:00+00:00, run_after=2025-12-25T02:00:00+00:00
[2025-12-24T04:50:12.289+0000] {processor.py:183} INFO - Processing /opt/airflow/dags/pipeline_services_publics.py took 0.122 seconds
[2025-12-24T04:50:42.434+0000] {processor.py:161} INFO - Started process (PID=4007) to work on /opt/airflow/dags/pipeline_services_publics.py
[2025-12-24T04:50:42.437+0000] {processor.py:830} INFO - Processing file /opt/airflow/dags/pipeline_services_publics.py for tasks to queue
[2025-12-24T04:50:42.438+0000] {logging_mixin.py:188} INFO - [2025-12-24T04:50:42.437+0000] {dagbag.py:538} INFO - Filling up the DagBag from /opt/airflow/dags/pipeline_services_publics.py
[2025-12-24T04:50:42.463+0000] {processor.py:840} INFO - DAG(s) 'pipeline_services_publics_togo' retrieved from /opt/airflow/dags/pipeline_services_publics.py
[2025-12-24T04:50:42.503+0000] {logging_mixin.py:188} INFO - [2025-12-24T04:50:42.503+0000] {dag.py:3033} INFO - Sync 1 DAGs
[2025-12-24T04:50:42.533+0000] {logging_mixin.py:188} INFO - [2025-12-24T04:50:42.533+0000] {dag.py:3820} INFO - Setting next_dagrun for pipeline_services_publics_togo to 2025-12-24T02:00:00+00:00, run_after=2025-12-25T02:00:00+00:00
[2025-12-24T04:50:42.560+0000] {processor.py:183} INFO - Processing /opt/airflow/dags/pipeline_services_publics.py took 0.133 seconds
[2025-12-24T04:51:12.705+0000] {processor.py:161} INFO - Started process (PID=4012) to work on /opt/airflow/dags/pipeline_services_publics.py
[2025-12-24T04:51:12.706+0000] {processor.py:830} INFO - Processing file /opt/airflow/dags/pipeline_services_publics.py for tasks to queue
[2025-12-24T04:51:12.706+0000] {logging_mixin.py:188} INFO - [2025-12-24T04:51:12.706+0000] {dagbag.py:538} INFO - Filling up the DagBag from /opt/airflow/dags/pipeline_services_publics.py
[2025-12-24T04:51:12.723+0000] {processor.py:840} INFO - DAG(s) 'pipeline_services_publics_togo' retrieved from /opt/airflow/dags/pipeline_services_publics.py
[2025-12-24T04:51:12.757+0000] {logging_mixin.py:188} INFO - [2025-12-24T04:51:12.757+0000] {dag.py:3033} INFO - Sync 1 DAGs
[2025-12-24T04:51:12.784+0000] {logging_mixin.py:188} INFO - [2025-12-24T04:51:12.784+0000] {dag.py:3820} INFO - Setting next_dagrun for pipeline_services_publics_togo to 2025-12-24T02:00:00+00:00, run_after=2025-12-25T02:00:00+00:00
[2025-12-24T04:51:12.810+0000] {processor.py:183} INFO - Processing /opt/airflow/dags/pipeline_services_publics.py took 0.110 seconds
[2025-12-24T04:51:42.877+0000] {processor.py:161} INFO - Started process (PID=4017) to work on /opt/airflow/dags/pipeline_services_publics.py
[2025-12-24T04:51:42.885+0000] {processor.py:830} INFO - Processing file /opt/airflow/dags/pipeline_services_publics.py for tasks to queue
[2025-12-24T04:51:42.887+0000] {logging_mixin.py:188} INFO - [2025-12-24T04:51:42.886+0000] {dagbag.py:538} INFO - Filling up the DagBag from /opt/airflow/dags/pipeline_services_publics.py
[2025-12-24T04:51:42.908+0000] {processor.py:840} INFO - DAG(s) 'pipeline_services_publics_togo' retrieved from /opt/airflow/dags/pipeline_services_publics.py
[2025-12-24T04:51:42.944+0000] {logging_mixin.py:188} INFO - [2025-12-24T04:51:42.944+0000] {dag.py:3033} INFO - Sync 1 DAGs
[2025-12-24T04:51:42.971+0000] {logging_mixin.py:188} INFO - [2025-12-24T04:51:42.971+0000] {dag.py:3820} INFO - Setting next_dagrun for pipeline_services_publics_togo to 2025-12-24T02:00:00+00:00, run_after=2025-12-25T02:00:00+00:00
[2025-12-24T04:51:42.991+0000] {processor.py:183} INFO - Processing /opt/airflow/dags/pipeline_services_publics.py took 0.123 seconds
[2025-12-24T04:52:13.147+0000] {processor.py:161} INFO - Started process (PID=4022) to work on /opt/airflow/dags/pipeline_services_publics.py
[2025-12-24T04:52:13.148+0000] {processor.py:830} INFO - Processing file /opt/airflow/dags/pipeline_services_publics.py for tasks to queue
[2025-12-24T04:52:13.149+0000] {logging_mixin.py:188} INFO - [2025-12-24T04:52:13.149+0000] {dagbag.py:538} INFO - Filling up the DagBag from /opt/airflow/dags/pipeline_services_publics.py
[2025-12-24T04:52:13.165+0000] {processor.py:840} INFO - DAG(s) 'pipeline_services_publics_togo' retrieved from /opt/airflow/dags/pipeline_services_publics.py
[2025-12-24T04:52:13.216+0000] {logging_mixin.py:188} INFO - [2025-12-24T04:52:13.216+0000] {dag.py:3033} INFO - Sync 1 DAGs
[2025-12-24T04:52:13.245+0000] {logging_mixin.py:188} INFO - [2025-12-24T04:52:13.245+0000] {dag.py:3820} INFO - Setting next_dagrun for pipeline_services_publics_togo to 2025-12-24T02:00:00+00:00, run_after=2025-12-25T02:00:00+00:00
[2025-12-24T04:52:13.264+0000] {processor.py:183} INFO - Processing /opt/airflow/dags/pipeline_services_publics.py took 0.120 seconds
[2025-12-24T04:52:43.339+0000] {processor.py:161} INFO - Started process (PID=4027) to work on /opt/airflow/dags/pipeline_services_publics.py
[2025-12-24T04:52:43.347+0000] {processor.py:830} INFO - Processing file /opt/airflow/dags/pipeline_services_publics.py for tasks to queue
[2025-12-24T04:52:43.348+0000] {logging_mixin.py:188} INFO - [2025-12-24T04:52:43.348+0000] {dagbag.py:538} INFO - Filling up the DagBag from /opt/airflow/dags/pipeline_services_publics.py
[2025-12-24T04:52:43.369+0000] {processor.py:840} INFO - DAG(s) 'pipeline_services_publics_togo' retrieved from /opt/airflow/dags/pipeline_services_publics.py
[2025-12-24T04:52:43.406+0000] {logging_mixin.py:188} INFO - [2025-12-24T04:52:43.406+0000] {dag.py:3033} INFO - Sync 1 DAGs
[2025-12-24T04:52:43.434+0000] {logging_mixin.py:188} INFO - [2025-12-24T04:52:43.434+0000] {dag.py:3820} INFO - Setting next_dagrun for pipeline_services_publics_togo to 2025-12-24T02:00:00+00:00, run_after=2025-12-25T02:00:00+00:00
[2025-12-24T04:52:43.454+0000] {processor.py:183} INFO - Processing /opt/airflow/dags/pipeline_services_publics.py took 0.121 seconds
[2025-12-24T04:53:13.658+0000] {processor.py:161} INFO - Started process (PID=4032) to work on /opt/airflow/dags/pipeline_services_publics.py
[2025-12-24T04:53:13.661+0000] {processor.py:830} INFO - Processing file /opt/airflow/dags/pipeline_services_publics.py for tasks to queue
[2025-12-24T04:53:13.664+0000] {logging_mixin.py:188} INFO - [2025-12-24T04:53:13.663+0000] {dagbag.py:538} INFO - Filling up the DagBag from /opt/airflow/dags/pipeline_services_publics.py
[2025-12-24T04:53:13.718+0000] {processor.py:840} INFO - DAG(s) 'pipeline_services_publics_togo' retrieved from /opt/airflow/dags/pipeline_services_publics.py
[2025-12-24T04:53:13.774+0000] {logging_mixin.py:188} INFO - [2025-12-24T04:53:13.773+0000] {dag.py:3033} INFO - Sync 1 DAGs
[2025-12-24T04:53:13.802+0000] {logging_mixin.py:188} INFO - [2025-12-24T04:53:13.802+0000] {dag.py:3820} INFO - Setting next_dagrun for pipeline_services_publics_togo to 2025-12-24T02:00:00+00:00, run_after=2025-12-25T02:00:00+00:00
[2025-12-24T04:53:13.834+0000] {processor.py:183} INFO - Processing /opt/airflow/dags/pipeline_services_publics.py took 0.188 seconds
[2025-12-24T04:53:44.016+0000] {processor.py:161} INFO - Started process (PID=4037) to work on /opt/airflow/dags/pipeline_services_publics.py
[2025-12-24T04:53:44.023+0000] {processor.py:830} INFO - Processing file /opt/airflow/dags/pipeline_services_publics.py for tasks to queue
[2025-12-24T04:53:44.025+0000] {logging_mixin.py:188} INFO - [2025-12-24T04:53:44.024+0000] {dagbag.py:538} INFO - Filling up the DagBag from /opt/airflow/dags/pipeline_services_publics.py
[2025-12-24T04:53:44.068+0000] {processor.py:840} INFO - DAG(s) 'pipeline_services_publics_togo' retrieved from /opt/airflow/dags/pipeline_services_publics.py
[2025-12-24T04:53:44.150+0000] {logging_mixin.py:188} INFO - [2025-12-24T04:53:44.150+0000] {dag.py:3033} INFO - Sync 1 DAGs
[2025-12-24T04:53:44.179+0000] {logging_mixin.py:188} INFO - [2025-12-24T04:53:44.179+0000] {dag.py:3820} INFO - Setting next_dagrun for pipeline_services_publics_togo to 2025-12-24T02:00:00+00:00, run_after=2025-12-25T02:00:00+00:00
[2025-12-24T04:53:44.204+0000] {processor.py:183} INFO - Processing /opt/airflow/dags/pipeline_services_publics.py took 0.195 seconds
