[2025-12-22T04:26:39.416+0000] {taskinstance.py:1957} INFO - Dependencies all met for dep_context=non-requeueable deps ti=<TaskInstance: pipeline_services_publics_togo.create_directories scheduled__2025-12-21T02:00:00+00:00 [queued]>
[2025-12-22T04:26:39.426+0000] {taskinstance.py:1957} INFO - Dependencies all met for dep_context=requeueable deps ti=<TaskInstance: pipeline_services_publics_togo.create_directories scheduled__2025-12-21T02:00:00+00:00 [queued]>
[2025-12-22T04:26:39.427+0000] {taskinstance.py:2171} INFO - Starting attempt 1 of 3
[2025-12-22T04:26:39.439+0000] {taskinstance.py:2192} INFO - Executing <Task(BashOperator): create_directories> on 2025-12-21 02:00:00+00:00
[2025-12-22T04:26:39.444+0000] {standard_task_runner.py:60} INFO - Started process 201 to run task
[2025-12-22T04:26:39.447+0000] {standard_task_runner.py:87} INFO - Running: ['***', 'tasks', 'run', 'pipeline_services_publics_togo', 'create_directories', 'scheduled__2025-12-21T02:00:00+00:00', '--job-id', '7', '--raw', '--subdir', 'DAGS_FOLDER/pipeline_services_publics.py', '--cfg-path', '/tmp/tmpwtzxovvm']
[2025-12-22T04:26:39.450+0000] {standard_task_runner.py:88} INFO - Job 7: Subtask create_directories
[2025-12-22T04:26:39.513+0000] {task_command.py:423} INFO - Running <TaskInstance: pipeline_services_publics_togo.create_directories scheduled__2025-12-21T02:00:00+00:00 [running]> on host a8d3d1908909
[2025-12-22T04:26:39.641+0000] {taskinstance.py:2481} INFO - Exporting env vars: AIRFLOW_CTX_DAG_OWNER='data-engineer' AIRFLOW_CTX_DAG_ID='pipeline_services_publics_togo' AIRFLOW_CTX_TASK_ID='create_directories' AIRFLOW_CTX_EXECUTION_DATE='2025-12-21T02:00:00+00:00' AIRFLOW_CTX_TRY_NUMBER='1' AIRFLOW_CTX_DAG_RUN_ID='scheduled__2025-12-21T02:00:00+00:00'
[2025-12-22T04:26:39.642+0000] {subprocess.py:63} INFO - Tmp dir root location: /tmp
[2025-12-22T04:26:39.643+0000] {subprocess.py:75} INFO - Running command: ['/usr/bin/bash', '-c', '\n    mkdir -p /opt/data/raw/demandes\n    echo "✓ Dossiers créés"\n    ']
[2025-12-22T04:26:39.655+0000] {subprocess.py:86} INFO - Output:
[2025-12-22T04:26:39.659+0000] {subprocess.py:93} INFO - ✓ Dossiers créés
[2025-12-22T04:26:39.660+0000] {subprocess.py:97} INFO - Command exited with return code 0
[2025-12-22T04:26:39.698+0000] {taskinstance.py:1138} INFO - Marking task as SUCCESS. dag_id=pipeline_services_publics_togo, task_id=create_directories, execution_date=20251221T020000, start_date=20251222T042639, end_date=20251222T042639
[2025-12-22T04:26:39.746+0000] {local_task_job_runner.py:234} INFO - Task exited with return code 0
[2025-12-22T04:26:39.787+0000] {taskinstance.py:3281} INFO - 1 downstream tasks scheduled from follow-on schedule check
[2025-12-22T05:21:59.378+0000] {taskinstance.py:1957} INFO - Dependencies all met for dep_context=non-requeueable deps ti=<TaskInstance: pipeline_services_publics_togo.create_directories scheduled__2025-12-21T02:00:00+00:00 [queued]>
[2025-12-22T05:21:59.391+0000] {taskinstance.py:1957} INFO - Dependencies all met for dep_context=requeueable deps ti=<TaskInstance: pipeline_services_publics_togo.create_directories scheduled__2025-12-21T02:00:00+00:00 [queued]>
[2025-12-22T05:21:59.391+0000] {taskinstance.py:2171} INFO - Starting attempt 1 of 3
[2025-12-22T05:21:59.408+0000] {taskinstance.py:2192} INFO - Executing <Task(BashOperator): create_directories> on 2025-12-21 02:00:00+00:00
[2025-12-22T05:21:59.413+0000] {standard_task_runner.py:60} INFO - Started process 278 to run task
[2025-12-22T05:21:59.419+0000] {standard_task_runner.py:87} INFO - Running: ['***', 'tasks', 'run', 'pipeline_services_publics_togo', 'create_directories', 'scheduled__2025-12-21T02:00:00+00:00', '--job-id', '15', '--raw', '--subdir', 'DAGS_FOLDER/pipeline_services_publics.py', '--cfg-path', '/tmp/tmp4lj933pa']
[2025-12-22T05:21:59.422+0000] {standard_task_runner.py:88} INFO - Job 15: Subtask create_directories
[2025-12-22T05:21:59.499+0000] {task_command.py:423} INFO - Running <TaskInstance: pipeline_services_publics_togo.create_directories scheduled__2025-12-21T02:00:00+00:00 [running]> on host 8760ad6ea1f0
[2025-12-22T05:21:59.644+0000] {taskinstance.py:2481} INFO - Exporting env vars: AIRFLOW_CTX_DAG_OWNER='data-engineer' AIRFLOW_CTX_DAG_ID='pipeline_services_publics_togo' AIRFLOW_CTX_TASK_ID='create_directories' AIRFLOW_CTX_EXECUTION_DATE='2025-12-21T02:00:00+00:00' AIRFLOW_CTX_TRY_NUMBER='1' AIRFLOW_CTX_DAG_RUN_ID='scheduled__2025-12-21T02:00:00+00:00'
[2025-12-22T05:21:59.645+0000] {subprocess.py:63} INFO - Tmp dir root location: /tmp
[2025-12-22T05:21:59.646+0000] {subprocess.py:75} INFO - Running command: ['/usr/bin/bash', '-c', '\n    mkdir -p /opt/data/raw/demandes\n    echo "✓ Dossiers créés"\n    ']
[2025-12-22T05:21:59.659+0000] {subprocess.py:86} INFO - Output:
[2025-12-22T05:21:59.664+0000] {subprocess.py:93} INFO - ✓ Dossiers créés
[2025-12-22T05:21:59.665+0000] {subprocess.py:97} INFO - Command exited with return code 0
[2025-12-22T05:21:59.703+0000] {taskinstance.py:1138} INFO - Marking task as SUCCESS. dag_id=pipeline_services_publics_togo, task_id=create_directories, execution_date=20251221T020000, start_date=20251222T052159, end_date=20251222T052159
[2025-12-22T05:21:59.719+0000] {local_task_job_runner.py:234} INFO - Task exited with return code 0
[2025-12-22T05:21:59.753+0000] {taskinstance.py:3281} INFO - 1 downstream tasks scheduled from follow-on schedule check
[2025-12-22T06:11:27.735+0000] {taskinstance.py:1957} INFO - Dependencies all met for dep_context=non-requeueable deps ti=<TaskInstance: pipeline_services_publics_togo.create_directories scheduled__2025-12-21T02:00:00+00:00 [queued]>
[2025-12-22T06:11:27.743+0000] {taskinstance.py:1957} INFO - Dependencies all met for dep_context=requeueable deps ti=<TaskInstance: pipeline_services_publics_togo.create_directories scheduled__2025-12-21T02:00:00+00:00 [queued]>
[2025-12-22T06:11:27.743+0000] {taskinstance.py:2171} INFO - Starting attempt 1 of 3
[2025-12-22T06:11:27.755+0000] {taskinstance.py:2192} INFO - Executing <Task(BashOperator): create_directories> on 2025-12-21 02:00:00+00:00
[2025-12-22T06:11:27.759+0000] {standard_task_runner.py:60} INFO - Started process 210 to run task
[2025-12-22T06:11:27.763+0000] {standard_task_runner.py:87} INFO - Running: ['***', 'tasks', 'run', 'pipeline_services_publics_togo', 'create_directories', 'scheduled__2025-12-21T02:00:00+00:00', '--job-id', '6', '--raw', '--subdir', 'DAGS_FOLDER/pipeline_services_publics.py', '--cfg-path', '/tmp/tmpxtolvm5w']
[2025-12-22T06:11:27.767+0000] {standard_task_runner.py:88} INFO - Job 6: Subtask create_directories
[2025-12-22T06:11:27.832+0000] {task_command.py:423} INFO - Running <TaskInstance: pipeline_services_publics_togo.create_directories scheduled__2025-12-21T02:00:00+00:00 [running]> on host 8280e970b9f5
[2025-12-22T06:11:27.929+0000] {taskinstance.py:2481} INFO - Exporting env vars: AIRFLOW_CTX_DAG_OWNER='data-engineer' AIRFLOW_CTX_DAG_ID='pipeline_services_publics_togo' AIRFLOW_CTX_TASK_ID='create_directories' AIRFLOW_CTX_EXECUTION_DATE='2025-12-21T02:00:00+00:00' AIRFLOW_CTX_TRY_NUMBER='1' AIRFLOW_CTX_DAG_RUN_ID='scheduled__2025-12-21T02:00:00+00:00'
[2025-12-22T06:11:27.930+0000] {subprocess.py:63} INFO - Tmp dir root location: /tmp
[2025-12-22T06:11:27.931+0000] {subprocess.py:75} INFO - Running command: ['/usr/bin/bash', '-c', '\n    mkdir -p /opt/data/raw/demandes\n    echo "✓ Dossiers créés"\n    ']
[2025-12-22T06:11:27.941+0000] {subprocess.py:86} INFO - Output:
[2025-12-22T06:11:27.953+0000] {subprocess.py:93} INFO - ✓ Dossiers créés
[2025-12-22T06:11:27.953+0000] {subprocess.py:97} INFO - Command exited with return code 0
[2025-12-22T06:11:28.002+0000] {taskinstance.py:1138} INFO - Marking task as SUCCESS. dag_id=pipeline_services_publics_togo, task_id=create_directories, execution_date=20251221T020000, start_date=20251222T061127, end_date=20251222T061128
[2025-12-22T06:11:28.056+0000] {local_task_job_runner.py:234} INFO - Task exited with return code 0
[2025-12-22T06:11:28.094+0000] {taskinstance.py:3281} INFO - 1 downstream tasks scheduled from follow-on schedule check
