[2025-12-24T04:47:03.838+0000] {taskinstance.py:1957} INFO - Dependencies all met for dep_context=non-requeueable deps ti=<TaskInstance: pipeline_services_publics_togo.generate_report scheduled__2025-12-23T02:00:00+00:00 [queued]>
[2025-12-24T04:47:03.861+0000] {taskinstance.py:1957} INFO - Dependencies all met for dep_context=requeueable deps ti=<TaskInstance: pipeline_services_publics_togo.generate_report scheduled__2025-12-23T02:00:00+00:00 [queued]>
[2025-12-24T04:47:03.862+0000] {taskinstance.py:2171} INFO - Starting attempt 1 of 3
[2025-12-24T04:47:03.892+0000] {taskinstance.py:2192} INFO - Executing <Task(PythonOperator): generate_report> on 2025-12-23 02:00:00+00:00
[2025-12-24T04:47:03.903+0000] {standard_task_runner.py:60} INFO - Started process 3971 to run task
[2025-12-24T04:47:03.911+0000] {standard_task_runner.py:87} INFO - Running: ['***', 'tasks', 'run', 'pipeline_services_publics_togo', 'generate_report', 'scheduled__2025-12-23T02:00:00+00:00', '--job-id', '51', '--raw', '--subdir', 'DAGS_FOLDER/pipeline_services_publics.py', '--cfg-path', '/tmp/tmp54yapocq']
[2025-12-24T04:47:03.917+0000] {standard_task_runner.py:88} INFO - Job 51: Subtask generate_report
[2025-12-24T04:47:04.067+0000] {task_command.py:423} INFO - Running <TaskInstance: pipeline_services_publics_togo.generate_report scheduled__2025-12-23T02:00:00+00:00 [running]> on host 6717a07eada2
[2025-12-24T04:47:04.319+0000] {taskinstance.py:2481} INFO - Exporting env vars: AIRFLOW_CTX_DAG_OWNER='data-engineer' AIRFLOW_CTX_DAG_ID='pipeline_services_publics_togo' AIRFLOW_CTX_TASK_ID='generate_report' AIRFLOW_CTX_EXECUTION_DATE='2025-12-23T02:00:00+00:00' AIRFLOW_CTX_TRY_NUMBER='1' AIRFLOW_CTX_DAG_RUN_ID='scheduled__2025-12-23T02:00:00+00:00'
[2025-12-24T04:47:04.326+0000] {logging_mixin.py:188} INFO - 
    ==========================================
    PIPELINE SERVICES PUBLICS - SUCCÈS
    ==========================================
    - MongoDB vérifié
    - Ingestion Spark OK
    - Processing Spark OK
    - PostgreSQL alimenté
    ==========================================
    
[2025-12-24T04:47:04.326+0000] {python.py:201} INFO - Done. Returned value was: None
[2025-12-24T04:47:04.368+0000] {taskinstance.py:1138} INFO - Marking task as SUCCESS. dag_id=pipeline_services_publics_togo, task_id=generate_report, execution_date=20251223T020000, start_date=20251224T044703, end_date=20251224T044704
[2025-12-24T04:47:04.445+0000] {local_task_job_runner.py:234} INFO - Task exited with return code 0
[2025-12-24T04:47:04.506+0000] {taskinstance.py:3281} INFO - 0 downstream tasks scheduled from follow-on schedule check
