[2025-12-23T16:35:33.663+0000] {taskinstance.py:1957} INFO - Dependencies all met for dep_context=non-requeueable deps ti=<TaskInstance: pipeline_services_publics_togo.processing_spark scheduled__2025-12-22T02:00:00+00:00 [queued]>
[2025-12-23T16:35:33.675+0000] {taskinstance.py:1957} INFO - Dependencies all met for dep_context=requeueable deps ti=<TaskInstance: pipeline_services_publics_togo.processing_spark scheduled__2025-12-22T02:00:00+00:00 [queued]>
[2025-12-23T16:35:33.676+0000] {taskinstance.py:2171} INFO - Starting attempt 1 of 3
[2025-12-23T16:35:33.698+0000] {taskinstance.py:2192} INFO - Executing <Task(BashOperator): processing_spark> on 2025-12-22 02:00:00+00:00
[2025-12-23T16:35:33.703+0000] {standard_task_runner.py:60} INFO - Started process 1878 to run task
[2025-12-23T16:35:33.706+0000] {standard_task_runner.py:87} INFO - Running: ['***', 'tasks', 'run', 'pipeline_services_publics_togo', 'processing_spark', 'scheduled__2025-12-22T02:00:00+00:00', '--job-id', '28', '--raw', '--subdir', 'DAGS_FOLDER/pipeline_services_publics.py', '--cfg-path', '/tmp/tmpvzmw_0wo']
[2025-12-23T16:35:33.708+0000] {standard_task_runner.py:88} INFO - Job 28: Subtask processing_spark
[2025-12-23T16:35:33.787+0000] {task_command.py:423} INFO - Running <TaskInstance: pipeline_services_publics_togo.processing_spark scheduled__2025-12-22T02:00:00+00:00 [running]> on host 6717a07eada2
[2025-12-23T16:35:33.926+0000] {taskinstance.py:2481} INFO - Exporting env vars: AIRFLOW_CTX_DAG_OWNER='data-engineer' AIRFLOW_CTX_DAG_ID='pipeline_services_publics_togo' AIRFLOW_CTX_TASK_ID='processing_spark' AIRFLOW_CTX_EXECUTION_DATE='2025-12-22T02:00:00+00:00' AIRFLOW_CTX_TRY_NUMBER='1' AIRFLOW_CTX_DAG_RUN_ID='scheduled__2025-12-22T02:00:00+00:00'
[2025-12-23T16:35:33.929+0000] {subprocess.py:63} INFO - Tmp dir root location: /tmp
[2025-12-23T16:35:33.931+0000] {subprocess.py:75} INFO - Running command: ['/usr/bin/bash', '-c', '\n    /opt/spark/bin/spark-submit       --master local[*]       --jars /opt/spark-jars/postgresql-42.6.0.jar       --executor-memory 2G       --driver-memory 1G       /opt/***/spark_jobs/processing.py\n    ']
[2025-12-23T16:35:33.941+0000] {subprocess.py:86} INFO - Output:
[2025-12-23T16:35:35.857+0000] {subprocess.py:93} INFO - 25/12/23 16:35:35 WARN NativeCodeLoader: Unable to load native-hadoop library for your platform... using builtin-java classes where applicable
[2025-12-23T16:35:36.768+0000] {subprocess.py:93} INFO - 25/12/23 16:35:36 INFO SparkContext: Running Spark version 3.5.1
[2025-12-23T16:35:36.768+0000] {subprocess.py:93} INFO - 25/12/23 16:35:36 INFO SparkContext: OS info Linux, 6.8.0-90-generic, amd64
[2025-12-23T16:35:36.768+0000] {subprocess.py:93} INFO - 25/12/23 16:35:36 INFO SparkContext: Java version 17.0.17
[2025-12-23T16:35:36.796+0000] {subprocess.py:93} INFO - 25/12/23 16:35:36 INFO ResourceUtils: ==============================================================
[2025-12-23T16:35:36.797+0000] {subprocess.py:93} INFO - 25/12/23 16:35:36 INFO ResourceUtils: No custom resources configured for spark.driver.
[2025-12-23T16:35:36.797+0000] {subprocess.py:93} INFO - 25/12/23 16:35:36 INFO ResourceUtils: ==============================================================
[2025-12-23T16:35:36.797+0000] {subprocess.py:93} INFO - 25/12/23 16:35:36 INFO SparkContext: Submitted application: Processing_Demandes
[2025-12-23T16:35:36.819+0000] {subprocess.py:93} INFO - 25/12/23 16:35:36 INFO ResourceProfile: Default ResourceProfile created, executor resources: Map(cores -> name: cores, amount: 1, script: , vendor: , memory -> name: memory, amount: 1024, script: , vendor: , offHeap -> name: offHeap, amount: 0, script: , vendor: ), task resources: Map(cpus -> name: cpus, amount: 1.0)
[2025-12-23T16:35:36.827+0000] {subprocess.py:93} INFO - 25/12/23 16:35:36 INFO ResourceProfile: Limiting resource is cpu
[2025-12-23T16:35:36.828+0000] {subprocess.py:93} INFO - 25/12/23 16:35:36 INFO ResourceProfileManager: Added ResourceProfile id: 0
[2025-12-23T16:35:36.885+0000] {subprocess.py:93} INFO - 25/12/23 16:35:36 INFO SecurityManager: Changing view acls to: ***
[2025-12-23T16:35:36.885+0000] {subprocess.py:93} INFO - 25/12/23 16:35:36 INFO SecurityManager: Changing modify acls to: ***
[2025-12-23T16:35:36.886+0000] {subprocess.py:93} INFO - 25/12/23 16:35:36 INFO SecurityManager: Changing view acls groups to:
[2025-12-23T16:35:36.887+0000] {subprocess.py:93} INFO - 25/12/23 16:35:36 INFO SecurityManager: Changing modify acls groups to:
[2025-12-23T16:35:36.887+0000] {subprocess.py:93} INFO - 25/12/23 16:35:36 INFO SecurityManager: SecurityManager: authentication disabled; ui acls disabled; users with view permissions: ***; groups with view permissions: EMPTY; users with modify permissions: ***; groups with modify permissions: EMPTY
[2025-12-23T16:35:37.068+0000] {subprocess.py:93} INFO - 25/12/23 16:35:37 INFO Utils: Successfully started service 'sparkDriver' on port 35309.
[2025-12-23T16:35:37.090+0000] {subprocess.py:93} INFO - 25/12/23 16:35:37 INFO SparkEnv: Registering MapOutputTracker
[2025-12-23T16:35:37.120+0000] {subprocess.py:93} INFO - 25/12/23 16:35:37 INFO SparkEnv: Registering BlockManagerMaster
[2025-12-23T16:35:37.136+0000] {subprocess.py:93} INFO - 25/12/23 16:35:37 INFO BlockManagerMasterEndpoint: Using org.apache.spark.storage.DefaultTopologyMapper for getting topology information
[2025-12-23T16:35:37.136+0000] {subprocess.py:93} INFO - 25/12/23 16:35:37 INFO BlockManagerMasterEndpoint: BlockManagerMasterEndpoint up
[2025-12-23T16:35:37.140+0000] {subprocess.py:93} INFO - 25/12/23 16:35:37 INFO SparkEnv: Registering BlockManagerMasterHeartbeat
[2025-12-23T16:35:37.160+0000] {subprocess.py:93} INFO - 25/12/23 16:35:37 INFO DiskBlockManager: Created local directory at /tmp/blockmgr-c98afe8b-f5dd-4969-9c1b-dc95f2858302
[2025-12-23T16:35:37.174+0000] {subprocess.py:93} INFO - 25/12/23 16:35:37 INFO MemoryStore: MemoryStore started with capacity 434.4 MiB
[2025-12-23T16:35:37.188+0000] {subprocess.py:93} INFO - 25/12/23 16:35:37 INFO SparkEnv: Registering OutputCommitCoordinator
[2025-12-23T16:35:37.313+0000] {subprocess.py:93} INFO - 25/12/23 16:35:37 INFO JettyUtils: Start Jetty 0.0.0.0:4040 for SparkUI
[2025-12-23T16:35:37.374+0000] {subprocess.py:93} INFO - 25/12/23 16:35:37 INFO Utils: Successfully started service 'SparkUI' on port 4040.
[2025-12-23T16:35:37.409+0000] {subprocess.py:93} INFO - 25/12/23 16:35:37 INFO SparkContext: Added JAR file:///opt/spark-jars/postgresql-42.6.0.jar at spark://6717a07eada2:35309/jars/postgresql-42.6.0.jar with timestamp 1766507736761
[2025-12-23T16:35:37.461+0000] {subprocess.py:93} INFO - 25/12/23 16:35:37 INFO Executor: Starting executor ID driver on host 6717a07eada2
[2025-12-23T16:35:37.461+0000] {subprocess.py:93} INFO - 25/12/23 16:35:37 INFO Executor: OS info Linux, 6.8.0-90-generic, amd64
[2025-12-23T16:35:37.462+0000] {subprocess.py:93} INFO - 25/12/23 16:35:37 INFO Executor: Java version 17.0.17
[2025-12-23T16:35:37.467+0000] {subprocess.py:93} INFO - 25/12/23 16:35:37 INFO Executor: Starting executor with user classpath (userClassPathFirst = false): ''
[2025-12-23T16:35:37.469+0000] {subprocess.py:93} INFO - 25/12/23 16:35:37 INFO Executor: Created or updated repl class loader org.apache.spark.util.MutableURLClassLoader@752591d4 for default.
[2025-12-23T16:35:37.483+0000] {subprocess.py:93} INFO - 25/12/23 16:35:37 INFO Executor: Fetching spark://6717a07eada2:35309/jars/postgresql-42.6.0.jar with timestamp 1766507736761
[2025-12-23T16:35:37.520+0000] {subprocess.py:93} INFO - 25/12/23 16:35:37 INFO TransportClientFactory: Successfully created connection to 6717a07eada2/172.18.0.4:35309 after 21 ms (0 ms spent in bootstraps)
[2025-12-23T16:35:37.526+0000] {subprocess.py:93} INFO - 25/12/23 16:35:37 INFO Utils: Fetching spark://6717a07eada2:35309/jars/postgresql-42.6.0.jar to /tmp/spark-d4220a1f-05d7-4811-b067-50b4c14d9252/userFiles-aa75895b-364d-4702-add3-92b35111991b/fetchFileTemp15657714979576284372.tmp
[2025-12-23T16:35:37.558+0000] {subprocess.py:93} INFO - 25/12/23 16:35:37 INFO Executor: Adding file:/tmp/spark-d4220a1f-05d7-4811-b067-50b4c14d9252/userFiles-aa75895b-364d-4702-add3-92b35111991b/postgresql-42.6.0.jar to class loader default
[2025-12-23T16:35:37.566+0000] {subprocess.py:93} INFO - 25/12/23 16:35:37 INFO Utils: Successfully started service 'org.apache.spark.network.netty.NettyBlockTransferService' on port 40631.
[2025-12-23T16:35:37.566+0000] {subprocess.py:93} INFO - 25/12/23 16:35:37 INFO NettyBlockTransferService: Server created on 6717a07eada2:40631
[2025-12-23T16:35:37.567+0000] {subprocess.py:93} INFO - 25/12/23 16:35:37 INFO BlockManager: Using org.apache.spark.storage.RandomBlockReplicationPolicy for block replication policy
[2025-12-23T16:35:37.574+0000] {subprocess.py:93} INFO - 25/12/23 16:35:37 INFO BlockManagerMaster: Registering BlockManager BlockManagerId(driver, 6717a07eada2, 40631, None)
[2025-12-23T16:35:37.578+0000] {subprocess.py:93} INFO - 25/12/23 16:35:37 INFO BlockManagerMasterEndpoint: Registering block manager 6717a07eada2:40631 with 434.4 MiB RAM, BlockManagerId(driver, 6717a07eada2, 40631, None)
[2025-12-23T16:35:37.580+0000] {subprocess.py:93} INFO - 25/12/23 16:35:37 INFO BlockManagerMaster: Registered BlockManager BlockManagerId(driver, 6717a07eada2, 40631, None)
[2025-12-23T16:35:37.582+0000] {subprocess.py:93} INFO - 25/12/23 16:35:37 INFO BlockManager: Initialized BlockManager: BlockManagerId(driver, 6717a07eada2, 40631, None)
[2025-12-23T16:35:38.181+0000] {subprocess.py:93} INFO - 25/12/23 16:35:38 INFO SharedState: Setting hive.metastore.warehouse.dir ('null') to the value of spark.sql.warehouse.dir.
[2025-12-23T16:35:38.186+0000] {subprocess.py:93} INFO - 25/12/23 16:35:38 INFO SharedState: Warehouse path is 'file:/tmp/***tmpu5l8qrc0/spark-warehouse'.
[2025-12-23T16:35:39.061+0000] {subprocess.py:93} INFO - 25/12/23 16:35:39 INFO InMemoryFileIndex: It took 71 ms to list leaf files for 1 paths.
[2025-12-23T16:35:39.438+0000] {subprocess.py:93} INFO - 25/12/23 16:35:39 INFO SparkContext: Starting job: parquet at NativeMethodAccessorImpl.java:0
[2025-12-23T16:35:39.452+0000] {subprocess.py:93} INFO - 25/12/23 16:35:39 INFO DAGScheduler: Got job 0 (parquet at NativeMethodAccessorImpl.java:0) with 1 output partitions
[2025-12-23T16:35:39.453+0000] {subprocess.py:93} INFO - 25/12/23 16:35:39 INFO DAGScheduler: Final stage: ResultStage 0 (parquet at NativeMethodAccessorImpl.java:0)
[2025-12-23T16:35:39.454+0000] {subprocess.py:93} INFO - 25/12/23 16:35:39 INFO DAGScheduler: Parents of final stage: List()
[2025-12-23T16:35:39.454+0000] {subprocess.py:93} INFO - 25/12/23 16:35:39 INFO DAGScheduler: Missing parents: List()
[2025-12-23T16:35:39.457+0000] {subprocess.py:93} INFO - 25/12/23 16:35:39 INFO DAGScheduler: Submitting ResultStage 0 (MapPartitionsRDD[1] at parquet at NativeMethodAccessorImpl.java:0), which has no missing parents
[2025-12-23T16:35:39.528+0000] {subprocess.py:93} INFO - 25/12/23 16:35:39 INFO MemoryStore: Block broadcast_0 stored as values in memory (estimated size 103.6 KiB, free 434.3 MiB)
[2025-12-23T16:35:39.562+0000] {subprocess.py:93} INFO - 25/12/23 16:35:39 INFO MemoryStore: Block broadcast_0_piece0 stored as bytes in memory (estimated size 37.4 KiB, free 434.3 MiB)
[2025-12-23T16:35:39.565+0000] {subprocess.py:93} INFO - 25/12/23 16:35:39 INFO BlockManagerInfo: Added broadcast_0_piece0 in memory on 6717a07eada2:40631 (size: 37.4 KiB, free: 434.4 MiB)
[2025-12-23T16:35:39.571+0000] {subprocess.py:93} INFO - 25/12/23 16:35:39 INFO SparkContext: Created broadcast 0 from broadcast at DAGScheduler.scala:1585
[2025-12-23T16:35:39.584+0000] {subprocess.py:93} INFO - 25/12/23 16:35:39 INFO DAGScheduler: Submitting 1 missing tasks from ResultStage 0 (MapPartitionsRDD[1] at parquet at NativeMethodAccessorImpl.java:0) (first 15 tasks are for partitions Vector(0))
[2025-12-23T16:35:39.585+0000] {subprocess.py:93} INFO - 25/12/23 16:35:39 INFO TaskSchedulerImpl: Adding task set 0.0 with 1 tasks resource profile 0
[2025-12-23T16:35:39.638+0000] {subprocess.py:93} INFO - 25/12/23 16:35:39 INFO TaskSetManager: Starting task 0.0 in stage 0.0 (TID 0) (6717a07eada2, executor driver, partition 0, PROCESS_LOCAL, 7948 bytes)
[2025-12-23T16:35:39.651+0000] {subprocess.py:93} INFO - 25/12/23 16:35:39 INFO Executor: Running task 0.0 in stage 0.0 (TID 0)
[2025-12-23T16:35:39.917+0000] {subprocess.py:93} INFO - 25/12/23 16:35:39 INFO Executor: Finished task 0.0 in stage 0.0 (TID 0). 2118 bytes result sent to driver
[2025-12-23T16:35:39.926+0000] {subprocess.py:93} INFO - 25/12/23 16:35:39 INFO TaskSetManager: Finished task 0.0 in stage 0.0 (TID 0) in 313 ms on 6717a07eada2 (executor driver) (1/1)
[2025-12-23T16:35:39.929+0000] {subprocess.py:93} INFO - 25/12/23 16:35:39 INFO TaskSchedulerImpl: Removed TaskSet 0.0, whose tasks have all completed, from pool
[2025-12-23T16:35:39.935+0000] {subprocess.py:93} INFO - 25/12/23 16:35:39 INFO DAGScheduler: ResultStage 0 (parquet at NativeMethodAccessorImpl.java:0) finished in 0.465 s
[2025-12-23T16:35:39.938+0000] {subprocess.py:93} INFO - 25/12/23 16:35:39 INFO DAGScheduler: Job 0 is finished. Cancelling potential speculative or zombie tasks for this job
[2025-12-23T16:35:39.938+0000] {subprocess.py:93} INFO - 25/12/23 16:35:39 INFO TaskSchedulerImpl: Killing all running tasks in stage 0: Stage finished
[2025-12-23T16:35:39.940+0000] {subprocess.py:93} INFO - 25/12/23 16:35:39 INFO DAGScheduler: Job 0 finished: parquet at NativeMethodAccessorImpl.java:0, took 0.501188 s
[2025-12-23T16:35:40.008+0000] {subprocess.py:93} INFO - 25/12/23 16:35:40 INFO BlockManagerInfo: Removed broadcast_0_piece0 on 6717a07eada2:40631 in memory (size: 37.4 KiB, free: 434.4 MiB)
[2025-12-23T16:35:41.272+0000] {subprocess.py:93} INFO - 25/12/23 16:35:41 INFO FileSourceStrategy: Pushed Filters:
[2025-12-23T16:35:41.273+0000] {subprocess.py:93} INFO - 25/12/23 16:35:41 INFO FileSourceStrategy: Post-Scan Filters:
[2025-12-23T16:35:41.786+0000] {subprocess.py:93} INFO - 25/12/23 16:35:41 INFO CodeGenerator: Code generated in 259.962456 ms
[2025-12-23T16:35:41.808+0000] {subprocess.py:93} INFO - 25/12/23 16:35:41 INFO MemoryStore: Block broadcast_1 stored as values in memory (estimated size 201.4 KiB, free 434.2 MiB)
[2025-12-23T16:35:41.824+0000] {subprocess.py:93} INFO - 25/12/23 16:35:41 INFO MemoryStore: Block broadcast_1_piece0 stored as bytes in memory (estimated size 34.9 KiB, free 434.2 MiB)
[2025-12-23T16:35:41.824+0000] {subprocess.py:93} INFO - 25/12/23 16:35:41 INFO BlockManagerInfo: Added broadcast_1_piece0 in memory on 6717a07eada2:40631 (size: 34.9 KiB, free: 434.4 MiB)
[2025-12-23T16:35:41.825+0000] {subprocess.py:93} INFO - 25/12/23 16:35:41 INFO SparkContext: Created broadcast 1 from count at NativeMethodAccessorImpl.java:0
[2025-12-23T16:35:41.838+0000] {subprocess.py:93} INFO - 25/12/23 16:35:41 INFO FileSourceScanExec: Planning scan with bin packing, max size: 4194304 bytes, open cost is considered as scanning 4194304 bytes.
[2025-12-23T16:35:41.888+0000] {subprocess.py:93} INFO - 25/12/23 16:35:41 INFO DAGScheduler: Registering RDD 5 (count at NativeMethodAccessorImpl.java:0) as input to shuffle 0
[2025-12-23T16:35:41.893+0000] {subprocess.py:93} INFO - 25/12/23 16:35:41 INFO DAGScheduler: Got map stage job 1 (count at NativeMethodAccessorImpl.java:0) with 1 output partitions
[2025-12-23T16:35:41.894+0000] {subprocess.py:93} INFO - 25/12/23 16:35:41 INFO DAGScheduler: Final stage: ShuffleMapStage 1 (count at NativeMethodAccessorImpl.java:0)
[2025-12-23T16:35:41.894+0000] {subprocess.py:93} INFO - 25/12/23 16:35:41 INFO DAGScheduler: Parents of final stage: List()
[2025-12-23T16:35:41.894+0000] {subprocess.py:93} INFO - 25/12/23 16:35:41 INFO DAGScheduler: Missing parents: List()
[2025-12-23T16:35:41.897+0000] {subprocess.py:93} INFO - 25/12/23 16:35:41 INFO DAGScheduler: Submitting ShuffleMapStage 1 (MapPartitionsRDD[5] at count at NativeMethodAccessorImpl.java:0), which has no missing parents
[2025-12-23T16:35:41.928+0000] {subprocess.py:93} INFO - 25/12/23 16:35:41 INFO MemoryStore: Block broadcast_2 stored as values in memory (estimated size 16.8 KiB, free 434.2 MiB)
[2025-12-23T16:35:41.935+0000] {subprocess.py:93} INFO - 25/12/23 16:35:41 INFO MemoryStore: Block broadcast_2_piece0 stored as bytes in memory (estimated size 7.7 KiB, free 434.1 MiB)
[2025-12-23T16:35:41.935+0000] {subprocess.py:93} INFO - 25/12/23 16:35:41 INFO BlockManagerInfo: Added broadcast_2_piece0 in memory on 6717a07eada2:40631 (size: 7.7 KiB, free: 434.4 MiB)
[2025-12-23T16:35:41.936+0000] {subprocess.py:93} INFO - 25/12/23 16:35:41 INFO SparkContext: Created broadcast 2 from broadcast at DAGScheduler.scala:1585
[2025-12-23T16:35:41.937+0000] {subprocess.py:93} INFO - 25/12/23 16:35:41 INFO DAGScheduler: Submitting 1 missing tasks from ShuffleMapStage 1 (MapPartitionsRDD[5] at count at NativeMethodAccessorImpl.java:0) (first 15 tasks are for partitions Vector(0))
[2025-12-23T16:35:41.938+0000] {subprocess.py:93} INFO - 25/12/23 16:35:41 INFO TaskSchedulerImpl: Adding task set 1.0 with 1 tasks resource profile 0
[2025-12-23T16:35:41.945+0000] {subprocess.py:93} INFO - 25/12/23 16:35:41 INFO TaskSetManager: Starting task 0.0 in stage 1.0 (TID 1) (6717a07eada2, executor driver, partition 0, PROCESS_LOCAL, 8444 bytes)
[2025-12-23T16:35:41.945+0000] {subprocess.py:93} INFO - 25/12/23 16:35:41 INFO Executor: Running task 0.0 in stage 1.0 (TID 1)
[2025-12-23T16:35:42.015+0000] {subprocess.py:93} INFO - 25/12/23 16:35:42 INFO CodeGenerator: Code generated in 15.82198 ms
[2025-12-23T16:35:42.025+0000] {subprocess.py:93} INFO - 25/12/23 16:35:42 INFO FileScanRDD: Reading File path: file:///opt/data/raw/demandes/part-00000-22a44a2e-f119-4bda-8814-49d70a1b2516-c000.snappy.parquet, range: 0-249144, partition values: [empty row]
[2025-12-23T16:35:42.132+0000] {subprocess.py:93} INFO - 25/12/23 16:35:42 INFO Executor: Finished task 0.0 in stage 1.0 (TID 1). 2222 bytes result sent to driver
[2025-12-23T16:35:42.133+0000] {subprocess.py:93} INFO - 25/12/23 16:35:42 INFO TaskSetManager: Finished task 0.0 in stage 1.0 (TID 1) in 193 ms on 6717a07eada2 (executor driver) (1/1)
[2025-12-23T16:35:42.133+0000] {subprocess.py:93} INFO - 25/12/23 16:35:42 INFO TaskSchedulerImpl: Removed TaskSet 1.0, whose tasks have all completed, from pool
[2025-12-23T16:35:42.135+0000] {subprocess.py:93} INFO - 25/12/23 16:35:42 INFO DAGScheduler: ShuffleMapStage 1 (count at NativeMethodAccessorImpl.java:0) finished in 0.234 s
[2025-12-23T16:35:42.136+0000] {subprocess.py:93} INFO - 25/12/23 16:35:42 INFO DAGScheduler: looking for newly runnable stages
[2025-12-23T16:35:42.136+0000] {subprocess.py:93} INFO - 25/12/23 16:35:42 INFO DAGScheduler: running: Set()
[2025-12-23T16:35:42.137+0000] {subprocess.py:93} INFO - 25/12/23 16:35:42 INFO DAGScheduler: waiting: Set()
[2025-12-23T16:35:42.137+0000] {subprocess.py:93} INFO - 25/12/23 16:35:42 INFO DAGScheduler: failed: Set()
[2025-12-23T16:35:42.177+0000] {subprocess.py:93} INFO - 25/12/23 16:35:42 INFO CodeGenerator: Code generated in 11.337752 ms
[2025-12-23T16:35:42.203+0000] {subprocess.py:93} INFO - 25/12/23 16:35:42 INFO SparkContext: Starting job: count at NativeMethodAccessorImpl.java:0
[2025-12-23T16:35:42.205+0000] {subprocess.py:93} INFO - 25/12/23 16:35:42 INFO DAGScheduler: Got job 2 (count at NativeMethodAccessorImpl.java:0) with 1 output partitions
[2025-12-23T16:35:42.205+0000] {subprocess.py:93} INFO - 25/12/23 16:35:42 INFO DAGScheduler: Final stage: ResultStage 3 (count at NativeMethodAccessorImpl.java:0)
[2025-12-23T16:35:42.206+0000] {subprocess.py:93} INFO - 25/12/23 16:35:42 INFO DAGScheduler: Parents of final stage: List(ShuffleMapStage 2)
[2025-12-23T16:35:42.206+0000] {subprocess.py:93} INFO - 25/12/23 16:35:42 INFO DAGScheduler: Missing parents: List()
[2025-12-23T16:35:42.206+0000] {subprocess.py:93} INFO - 25/12/23 16:35:42 INFO DAGScheduler: Submitting ResultStage 3 (MapPartitionsRDD[8] at count at NativeMethodAccessorImpl.java:0), which has no missing parents
[2025-12-23T16:35:42.215+0000] {subprocess.py:93} INFO - 25/12/23 16:35:42 INFO MemoryStore: Block broadcast_3 stored as values in memory (estimated size 12.5 KiB, free 434.1 MiB)
[2025-12-23T16:35:42.216+0000] {subprocess.py:93} INFO - 25/12/23 16:35:42 INFO MemoryStore: Block broadcast_3_piece0 stored as bytes in memory (estimated size 5.9 KiB, free 434.1 MiB)
[2025-12-23T16:35:42.217+0000] {subprocess.py:93} INFO - 25/12/23 16:35:42 INFO BlockManagerInfo: Added broadcast_3_piece0 in memory on 6717a07eada2:40631 (size: 5.9 KiB, free: 434.4 MiB)
[2025-12-23T16:35:42.218+0000] {subprocess.py:93} INFO - 25/12/23 16:35:42 INFO SparkContext: Created broadcast 3 from broadcast at DAGScheduler.scala:1585
[2025-12-23T16:35:42.220+0000] {subprocess.py:93} INFO - 25/12/23 16:35:42 INFO DAGScheduler: Submitting 1 missing tasks from ResultStage 3 (MapPartitionsRDD[8] at count at NativeMethodAccessorImpl.java:0) (first 15 tasks are for partitions Vector(0))
[2025-12-23T16:35:42.221+0000] {subprocess.py:93} INFO - 25/12/23 16:35:42 INFO TaskSchedulerImpl: Adding task set 3.0 with 1 tasks resource profile 0
[2025-12-23T16:35:42.224+0000] {subprocess.py:93} INFO - 25/12/23 16:35:42 INFO TaskSetManager: Starting task 0.0 in stage 3.0 (TID 2) (6717a07eada2, executor driver, partition 0, NODE_LOCAL, 7795 bytes)
[2025-12-23T16:35:42.225+0000] {subprocess.py:93} INFO - 25/12/23 16:35:42 INFO Executor: Running task 0.0 in stage 3.0 (TID 2)
[2025-12-23T16:35:42.253+0000] {subprocess.py:93} INFO - 25/12/23 16:35:42 INFO ShuffleBlockFetcherIterator: Getting 1 (60.0 B) non-empty blocks including 1 (60.0 B) local and 0 (0.0 B) host-local and 0 (0.0 B) push-merged-local and 0 (0.0 B) remote blocks
[2025-12-23T16:35:42.256+0000] {subprocess.py:93} INFO - 25/12/23 16:35:42 INFO ShuffleBlockFetcherIterator: Started 0 remote fetches in 8 ms
[2025-12-23T16:35:42.268+0000] {subprocess.py:93} INFO - 25/12/23 16:35:42 INFO CodeGenerator: Code generated in 10.295727 ms
[2025-12-23T16:35:42.285+0000] {subprocess.py:93} INFO - 25/12/23 16:35:42 INFO BlockManagerInfo: Removed broadcast_2_piece0 on 6717a07eada2:40631 in memory (size: 7.7 KiB, free: 434.4 MiB)
[2025-12-23T16:35:42.285+0000] {subprocess.py:93} INFO - 25/12/23 16:35:42 INFO Executor: Finished task 0.0 in stage 3.0 (TID 2). 4081 bytes result sent to driver
[2025-12-23T16:35:42.287+0000] {subprocess.py:93} INFO - 25/12/23 16:35:42 INFO TaskSetManager: Finished task 0.0 in stage 3.0 (TID 2) in 63 ms on 6717a07eada2 (executor driver) (1/1)
[2025-12-23T16:35:42.287+0000] {subprocess.py:93} INFO - 25/12/23 16:35:42 INFO TaskSchedulerImpl: Removed TaskSet 3.0, whose tasks have all completed, from pool
[2025-12-23T16:35:42.288+0000] {subprocess.py:93} INFO - 25/12/23 16:35:42 INFO DAGScheduler: ResultStage 3 (count at NativeMethodAccessorImpl.java:0) finished in 0.075 s
[2025-12-23T16:35:42.289+0000] {subprocess.py:93} INFO - 25/12/23 16:35:42 INFO DAGScheduler: Job 2 is finished. Cancelling potential speculative or zombie tasks for this job
[2025-12-23T16:35:42.289+0000] {subprocess.py:93} INFO - 25/12/23 16:35:42 INFO TaskSchedulerImpl: Killing all running tasks in stage 3: Stage finished
[2025-12-23T16:35:42.290+0000] {subprocess.py:93} INFO - 25/12/23 16:35:42 INFO DAGScheduler: Job 2 finished: count at NativeMethodAccessorImpl.java:0, took 0.085964 s
[2025-12-23T16:35:42.293+0000] {subprocess.py:93} INFO - 📦 Données RAW chargées : 8829 lignes
[2025-12-23T16:35:42.294+0000] {subprocess.py:93} INFO - 
[2025-12-23T16:35:42.294+0000] {subprocess.py:93} INFO - 📋 Schéma des données RAW :
[2025-12-23T16:35:42.298+0000] {subprocess.py:93} INFO - root
[2025-12-23T16:35:42.298+0000] {subprocess.py:93} INFO -  |-- id: string (nullable = true)
[2025-12-23T16:35:42.299+0000] {subprocess.py:93} INFO -  |-- type: string (nullable = true)
[2025-12-23T16:35:42.299+0000] {subprocess.py:93} INFO -  |-- commune: string (nullable = true)
[2025-12-23T16:35:42.299+0000] {subprocess.py:93} INFO -  |-- quartier: string (nullable = true)
[2025-12-23T16:35:42.299+0000] {subprocess.py:93} INFO -  |-- date: string (nullable = true)
[2025-12-23T16:35:42.299+0000] {subprocess.py:93} INFO -  |-- latitude: double (nullable = true)
[2025-12-23T16:35:42.299+0000] {subprocess.py:93} INFO -  |-- longitude: double (nullable = true)
[2025-12-23T16:35:42.299+0000] {subprocess.py:93} INFO -  |-- statut: string (nullable = true)
[2025-12-23T16:35:42.299+0000] {subprocess.py:93} INFO -  |-- source_donnees: string (nullable = true)
[2025-12-23T16:35:42.300+0000] {subprocess.py:93} INFO -  |-- date_ingestion: timestamp (nullable = true)
[2025-12-23T16:35:42.300+0000] {subprocess.py:93} INFO - 
[2025-12-23T16:35:42.497+0000] {subprocess.py:93} INFO - 25/12/23 16:35:42 INFO FileSourceStrategy: Pushed Filters: IsNotNull(date),IsNotNull(type)
[2025-12-23T16:35:42.497+0000] {subprocess.py:93} INFO - 25/12/23 16:35:42 INFO FileSourceStrategy: Post-Scan Filters: isnotnull(date#4),isnotnull(cast(date#4 as timestamp)),isnotnull(type#1)
[2025-12-23T16:35:42.561+0000] {subprocess.py:93} INFO - 25/12/23 16:35:42 INFO CodeGenerator: Code generated in 23.640872 ms
[2025-12-23T16:35:42.568+0000] {subprocess.py:93} INFO - 25/12/23 16:35:42 INFO MemoryStore: Block broadcast_4 stored as values in memory (estimated size 201.7 KiB, free 434.0 MiB)
[2025-12-23T16:35:42.580+0000] {subprocess.py:93} INFO - 25/12/23 16:35:42 INFO BlockManagerInfo: Removed broadcast_3_piece0 on 6717a07eada2:40631 in memory (size: 5.9 KiB, free: 434.4 MiB)
[2025-12-23T16:35:42.583+0000] {subprocess.py:93} INFO - 25/12/23 16:35:42 INFO MemoryStore: Block broadcast_4_piece0 stored as bytes in memory (estimated size 35.1 KiB, free 433.9 MiB)
[2025-12-23T16:35:42.583+0000] {subprocess.py:93} INFO - 25/12/23 16:35:42 INFO BlockManagerInfo: Added broadcast_4_piece0 in memory on 6717a07eada2:40631 (size: 35.1 KiB, free: 434.3 MiB)
[2025-12-23T16:35:42.584+0000] {subprocess.py:93} INFO - 25/12/23 16:35:42 INFO SparkContext: Created broadcast 4 from count at NativeMethodAccessorImpl.java:0
[2025-12-23T16:35:42.586+0000] {subprocess.py:93} INFO - 25/12/23 16:35:42 INFO FileSourceScanExec: Planning scan with bin packing, max size: 4194304 bytes, open cost is considered as scanning 4194304 bytes.
[2025-12-23T16:35:42.592+0000] {subprocess.py:93} INFO - 25/12/23 16:35:42 INFO DAGScheduler: Registering RDD 12 (count at NativeMethodAccessorImpl.java:0) as input to shuffle 1
[2025-12-23T16:35:42.592+0000] {subprocess.py:93} INFO - 25/12/23 16:35:42 INFO DAGScheduler: Got map stage job 3 (count at NativeMethodAccessorImpl.java:0) with 1 output partitions
[2025-12-23T16:35:42.592+0000] {subprocess.py:93} INFO - 25/12/23 16:35:42 INFO DAGScheduler: Final stage: ShuffleMapStage 4 (count at NativeMethodAccessorImpl.java:0)
[2025-12-23T16:35:42.593+0000] {subprocess.py:93} INFO - 25/12/23 16:35:42 INFO DAGScheduler: Parents of final stage: List()
[2025-12-23T16:35:42.593+0000] {subprocess.py:93} INFO - 25/12/23 16:35:42 INFO DAGScheduler: Missing parents: List()
[2025-12-23T16:35:42.593+0000] {subprocess.py:93} INFO - 25/12/23 16:35:42 INFO DAGScheduler: Submitting ShuffleMapStage 4 (MapPartitionsRDD[12] at count at NativeMethodAccessorImpl.java:0), which has no missing parents
[2025-12-23T16:35:42.597+0000] {subprocess.py:93} INFO - 25/12/23 16:35:42 INFO MemoryStore: Block broadcast_5 stored as values in memory (estimated size 19.3 KiB, free 433.9 MiB)
[2025-12-23T16:35:42.602+0000] {subprocess.py:93} INFO - 25/12/23 16:35:42 INFO MemoryStore: Block broadcast_5_piece0 stored as bytes in memory (estimated size 8.5 KiB, free 433.9 MiB)
[2025-12-23T16:35:42.603+0000] {subprocess.py:93} INFO - 25/12/23 16:35:42 INFO BlockManagerInfo: Added broadcast_5_piece0 in memory on 6717a07eada2:40631 (size: 8.5 KiB, free: 434.3 MiB)
[2025-12-23T16:35:42.603+0000] {subprocess.py:93} INFO - 25/12/23 16:35:42 INFO SparkContext: Created broadcast 5 from broadcast at DAGScheduler.scala:1585
[2025-12-23T16:35:42.604+0000] {subprocess.py:93} INFO - 25/12/23 16:35:42 INFO DAGScheduler: Submitting 1 missing tasks from ShuffleMapStage 4 (MapPartitionsRDD[12] at count at NativeMethodAccessorImpl.java:0) (first 15 tasks are for partitions Vector(0))
[2025-12-23T16:35:42.604+0000] {subprocess.py:93} INFO - 25/12/23 16:35:42 INFO TaskSchedulerImpl: Adding task set 4.0 with 1 tasks resource profile 0
[2025-12-23T16:35:42.605+0000] {subprocess.py:93} INFO - 25/12/23 16:35:42 INFO TaskSetManager: Starting task 0.0 in stage 4.0 (TID 3) (6717a07eada2, executor driver, partition 0, PROCESS_LOCAL, 8444 bytes)
[2025-12-23T16:35:42.606+0000] {subprocess.py:93} INFO - 25/12/23 16:35:42 INFO Executor: Running task 0.0 in stage 4.0 (TID 3)
[2025-12-23T16:35:42.628+0000] {subprocess.py:93} INFO - 25/12/23 16:35:42 INFO CodeGenerator: Code generated in 16.758833 ms
[2025-12-23T16:35:42.629+0000] {subprocess.py:93} INFO - 25/12/23 16:35:42 INFO FileScanRDD: Reading File path: file:///opt/data/raw/demandes/part-00000-22a44a2e-f119-4bda-8814-49d70a1b2516-c000.snappy.parquet, range: 0-249144, partition values: [empty row]
[2025-12-23T16:35:42.642+0000] {subprocess.py:93} INFO - 25/12/23 16:35:42 INFO FilterCompat: Filtering using predicate: and(noteq(date, null), noteq(type, null))
[2025-12-23T16:35:42.699+0000] {subprocess.py:93} INFO - 25/12/23 16:35:42 INFO CodecPool: Got brand-new decompressor [.snappy]
[2025-12-23T16:35:42.866+0000] {subprocess.py:93} INFO - 25/12/23 16:35:42 INFO Executor: Finished task 0.0 in stage 4.0 (TID 3). 2278 bytes result sent to driver
[2025-12-23T16:35:42.868+0000] {subprocess.py:93} INFO - 25/12/23 16:35:42 INFO TaskSetManager: Finished task 0.0 in stage 4.0 (TID 3) in 263 ms on 6717a07eada2 (executor driver) (1/1)
[2025-12-23T16:35:42.869+0000] {subprocess.py:93} INFO - 25/12/23 16:35:42 INFO TaskSchedulerImpl: Removed TaskSet 4.0, whose tasks have all completed, from pool
[2025-12-23T16:35:42.869+0000] {subprocess.py:93} INFO - 25/12/23 16:35:42 INFO DAGScheduler: ShuffleMapStage 4 (count at NativeMethodAccessorImpl.java:0) finished in 0.275 s
[2025-12-23T16:35:42.869+0000] {subprocess.py:93} INFO - 25/12/23 16:35:42 INFO DAGScheduler: looking for newly runnable stages
[2025-12-23T16:35:42.869+0000] {subprocess.py:93} INFO - 25/12/23 16:35:42 INFO DAGScheduler: running: Set()
[2025-12-23T16:35:42.869+0000] {subprocess.py:93} INFO - 25/12/23 16:35:42 INFO DAGScheduler: waiting: Set()
[2025-12-23T16:35:42.870+0000] {subprocess.py:93} INFO - 25/12/23 16:35:42 INFO DAGScheduler: failed: Set()
[2025-12-23T16:35:42.892+0000] {subprocess.py:93} INFO - 25/12/23 16:35:42 INFO SparkContext: Starting job: count at NativeMethodAccessorImpl.java:0
[2025-12-23T16:35:42.893+0000] {subprocess.py:93} INFO - 25/12/23 16:35:42 INFO DAGScheduler: Got job 4 (count at NativeMethodAccessorImpl.java:0) with 1 output partitions
[2025-12-23T16:35:42.894+0000] {subprocess.py:93} INFO - 25/12/23 16:35:42 INFO DAGScheduler: Final stage: ResultStage 6 (count at NativeMethodAccessorImpl.java:0)
[2025-12-23T16:35:42.894+0000] {subprocess.py:93} INFO - 25/12/23 16:35:42 INFO DAGScheduler: Parents of final stage: List(ShuffleMapStage 5)
[2025-12-23T16:35:42.895+0000] {subprocess.py:93} INFO - 25/12/23 16:35:42 INFO DAGScheduler: Missing parents: List()
[2025-12-23T16:35:42.895+0000] {subprocess.py:93} INFO - 25/12/23 16:35:42 INFO DAGScheduler: Submitting ResultStage 6 (MapPartitionsRDD[15] at count at NativeMethodAccessorImpl.java:0), which has no missing parents
[2025-12-23T16:35:42.897+0000] {subprocess.py:93} INFO - 25/12/23 16:35:42 INFO MemoryStore: Block broadcast_6 stored as values in memory (estimated size 12.5 KiB, free 433.9 MiB)
[2025-12-23T16:35:42.898+0000] {subprocess.py:93} INFO - 25/12/23 16:35:42 INFO MemoryStore: Block broadcast_6_piece0 stored as bytes in memory (estimated size 5.9 KiB, free 433.9 MiB)
[2025-12-23T16:35:42.899+0000] {subprocess.py:93} INFO - 25/12/23 16:35:42 INFO BlockManagerInfo: Added broadcast_6_piece0 in memory on 6717a07eada2:40631 (size: 5.9 KiB, free: 434.3 MiB)
[2025-12-23T16:35:42.900+0000] {subprocess.py:93} INFO - 25/12/23 16:35:42 INFO SparkContext: Created broadcast 6 from broadcast at DAGScheduler.scala:1585
[2025-12-23T16:35:42.900+0000] {subprocess.py:93} INFO - 25/12/23 16:35:42 INFO DAGScheduler: Submitting 1 missing tasks from ResultStage 6 (MapPartitionsRDD[15] at count at NativeMethodAccessorImpl.java:0) (first 15 tasks are for partitions Vector(0))
[2025-12-23T16:35:42.900+0000] {subprocess.py:93} INFO - 25/12/23 16:35:42 INFO TaskSchedulerImpl: Adding task set 6.0 with 1 tasks resource profile 0
[2025-12-23T16:35:42.902+0000] {subprocess.py:93} INFO - 25/12/23 16:35:42 INFO TaskSetManager: Starting task 0.0 in stage 6.0 (TID 4) (6717a07eada2, executor driver, partition 0, NODE_LOCAL, 7795 bytes)
[2025-12-23T16:35:42.903+0000] {subprocess.py:93} INFO - 25/12/23 16:35:42 INFO Executor: Running task 0.0 in stage 6.0 (TID 4)
[2025-12-23T16:35:42.907+0000] {subprocess.py:93} INFO - 25/12/23 16:35:42 INFO ShuffleBlockFetcherIterator: Getting 1 (60.0 B) non-empty blocks including 1 (60.0 B) local and 0 (0.0 B) host-local and 0 (0.0 B) push-merged-local and 0 (0.0 B) remote blocks
[2025-12-23T16:35:42.908+0000] {subprocess.py:93} INFO - 25/12/23 16:35:42 INFO ShuffleBlockFetcherIterator: Started 0 remote fetches in 0 ms
[2025-12-23T16:35:42.910+0000] {subprocess.py:93} INFO - 25/12/23 16:35:42 INFO Executor: Finished task 0.0 in stage 6.0 (TID 4). 3995 bytes result sent to driver
[2025-12-23T16:35:42.912+0000] {subprocess.py:93} INFO - 25/12/23 16:35:42 INFO TaskSetManager: Finished task 0.0 in stage 6.0 (TID 4) in 10 ms on 6717a07eada2 (executor driver) (1/1)
[2025-12-23T16:35:42.913+0000] {subprocess.py:93} INFO - 25/12/23 16:35:42 INFO TaskSchedulerImpl: Removed TaskSet 6.0, whose tasks have all completed, from pool
[2025-12-23T16:35:42.915+0000] {subprocess.py:93} INFO - 25/12/23 16:35:42 INFO DAGScheduler: ResultStage 6 (count at NativeMethodAccessorImpl.java:0) finished in 0.019 s
[2025-12-23T16:35:42.916+0000] {subprocess.py:93} INFO - 25/12/23 16:35:42 INFO DAGScheduler: Job 4 is finished. Cancelling potential speculative or zombie tasks for this job
[2025-12-23T16:35:42.917+0000] {subprocess.py:93} INFO - 25/12/23 16:35:42 INFO TaskSchedulerImpl: Killing all running tasks in stage 6: Stage finished
[2025-12-23T16:35:42.918+0000] {subprocess.py:93} INFO - 25/12/23 16:35:42 INFO DAGScheduler: Job 4 finished: count at NativeMethodAccessorImpl.java:0, took 0.023087 s
[2025-12-23T16:35:42.920+0000] {subprocess.py:93} INFO - ✅ Données nettoyées : 5958 lignes
[2025-12-23T16:35:43.263+0000] {subprocess.py:93} INFO - 25/12/23 16:35:43 INFO FileSourceStrategy: Pushed Filters: IsNotNull(date),IsNotNull(type)
[2025-12-23T16:35:43.264+0000] {subprocess.py:93} INFO - 25/12/23 16:35:43 INFO FileSourceStrategy: Post-Scan Filters: isnotnull(date#4),isnotnull(cast(date#4 as timestamp)),isnotnull(type#1)
[2025-12-23T16:35:43.273+0000] {subprocess.py:93} INFO - 25/12/23 16:35:43 WARN SparkStringUtils: Truncated the string representation of a plan since it was too large. This behavior can be adjusted by setting 'spark.sql.debug.maxToStringFields'.
[2025-12-23T16:35:43.335+0000] {subprocess.py:93} INFO - 25/12/23 16:35:43 INFO CodeGenerator: Code generated in 32.43347 ms
[2025-12-23T16:35:43.338+0000] {subprocess.py:93} INFO - 25/12/23 16:35:43 INFO MemoryStore: Block broadcast_7 stored as values in memory (estimated size 202.7 KiB, free 433.7 MiB)
[2025-12-23T16:35:43.348+0000] {subprocess.py:93} INFO - 25/12/23 16:35:43 INFO MemoryStore: Block broadcast_7_piece0 stored as bytes in memory (estimated size 35.4 KiB, free 433.7 MiB)
[2025-12-23T16:35:43.349+0000] {subprocess.py:93} INFO - 25/12/23 16:35:43 INFO BlockManagerInfo: Added broadcast_7_piece0 in memory on 6717a07eada2:40631 (size: 35.4 KiB, free: 434.3 MiB)
[2025-12-23T16:35:43.349+0000] {subprocess.py:93} INFO - 25/12/23 16:35:43 INFO SparkContext: Created broadcast 7 from jdbc at NativeMethodAccessorImpl.java:0
[2025-12-23T16:35:43.350+0000] {subprocess.py:93} INFO - 25/12/23 16:35:43 INFO FileSourceScanExec: Planning scan with bin packing, max size: 4194304 bytes, open cost is considered as scanning 4194304 bytes.
[2025-12-23T16:35:43.401+0000] {subprocess.py:93} INFO - 25/12/23 16:35:43 INFO SparkContext: Starting job: jdbc at NativeMethodAccessorImpl.java:0
[2025-12-23T16:35:43.403+0000] {subprocess.py:93} INFO - 25/12/23 16:35:43 INFO DAGScheduler: Got job 5 (jdbc at NativeMethodAccessorImpl.java:0) with 1 output partitions
[2025-12-23T16:35:43.404+0000] {subprocess.py:93} INFO - 25/12/23 16:35:43 INFO DAGScheduler: Final stage: ResultStage 7 (jdbc at NativeMethodAccessorImpl.java:0)
[2025-12-23T16:35:43.404+0000] {subprocess.py:93} INFO - 25/12/23 16:35:43 INFO DAGScheduler: Parents of final stage: List()
[2025-12-23T16:35:43.405+0000] {subprocess.py:93} INFO - 25/12/23 16:35:43 INFO DAGScheduler: Missing parents: List()
[2025-12-23T16:35:43.405+0000] {subprocess.py:93} INFO - 25/12/23 16:35:43 INFO DAGScheduler: Submitting ResultStage 7 (MapPartitionsRDD[21] at jdbc at NativeMethodAccessorImpl.java:0), which has no missing parents
[2025-12-23T16:35:43.438+0000] {subprocess.py:93} INFO - 25/12/23 16:35:43 INFO MemoryStore: Block broadcast_8 stored as values in memory (estimated size 48.0 KiB, free 433.6 MiB)
[2025-12-23T16:35:43.441+0000] {subprocess.py:93} INFO - 25/12/23 16:35:43 INFO MemoryStore: Block broadcast_8_piece0 stored as bytes in memory (estimated size 19.9 KiB, free 433.6 MiB)
[2025-12-23T16:35:43.441+0000] {subprocess.py:93} INFO - 25/12/23 16:35:43 INFO BlockManagerInfo: Added broadcast_8_piece0 in memory on 6717a07eada2:40631 (size: 19.9 KiB, free: 434.3 MiB)
[2025-12-23T16:35:43.442+0000] {subprocess.py:93} INFO - 25/12/23 16:35:43 INFO SparkContext: Created broadcast 8 from broadcast at DAGScheduler.scala:1585
[2025-12-23T16:35:43.442+0000] {subprocess.py:93} INFO - 25/12/23 16:35:43 INFO DAGScheduler: Submitting 1 missing tasks from ResultStage 7 (MapPartitionsRDD[21] at jdbc at NativeMethodAccessorImpl.java:0) (first 15 tasks are for partitions Vector(0))
[2025-12-23T16:35:43.445+0000] {subprocess.py:93} INFO - 25/12/23 16:35:43 INFO TaskSchedulerImpl: Adding task set 7.0 with 1 tasks resource profile 0
[2025-12-23T16:35:43.445+0000] {subprocess.py:93} INFO - 25/12/23 16:35:43 INFO TaskSetManager: Starting task 0.0 in stage 7.0 (TID 5) (6717a07eada2, executor driver, partition 0, PROCESS_LOCAL, 8455 bytes)
[2025-12-23T16:35:43.446+0000] {subprocess.py:93} INFO - 25/12/23 16:35:43 INFO Executor: Running task 0.0 in stage 7.0 (TID 5)
[2025-12-23T16:35:43.506+0000] {subprocess.py:93} INFO - 25/12/23 16:35:43 INFO CodeGenerator: Code generated in 39.154113 ms
[2025-12-23T16:35:44.762+0000] {subprocess.py:93} INFO - 25/12/23 16:35:44 INFO CodeGenerator: Code generated in 68.2949 ms
[2025-12-23T16:35:44.773+0000] {subprocess.py:93} INFO - 25/12/23 16:35:44 INFO FileScanRDD: Reading File path: file:///opt/data/raw/demandes/part-00000-22a44a2e-f119-4bda-8814-49d70a1b2516-c000.snappy.parquet, range: 0-249144, partition values: [empty row]
[2025-12-23T16:35:44.785+0000] {subprocess.py:93} INFO - 25/12/23 16:35:44 INFO FilterCompat: Filtering using predicate: and(noteq(date, null), noteq(type, null))
[2025-12-23T16:35:45.053+0000] {subprocess.py:93} INFO - 25/12/23 16:35:45 INFO BlockManagerInfo: Removed broadcast_6_piece0 on 6717a07eada2:40631 in memory (size: 5.9 KiB, free: 434.3 MiB)
[2025-12-23T16:35:45.057+0000] {subprocess.py:93} INFO - 25/12/23 16:35:45 INFO BlockManagerInfo: Removed broadcast_4_piece0 on 6717a07eada2:40631 in memory (size: 35.1 KiB, free: 434.3 MiB)
[2025-12-23T16:35:45.061+0000] {subprocess.py:93} INFO - 25/12/23 16:35:45 INFO BlockManagerInfo: Removed broadcast_5_piece0 on 6717a07eada2:40631 in memory (size: 8.5 KiB, free: 434.3 MiB)
[2025-12-23T16:35:45.215+0000] {subprocess.py:93} INFO - 25/12/23 16:35:45 INFO Executor: Finished task 0.0 in stage 7.0 (TID 5). 1856 bytes result sent to driver
[2025-12-23T16:35:45.216+0000] {subprocess.py:93} INFO - 25/12/23 16:35:45 INFO TaskSetManager: Finished task 0.0 in stage 7.0 (TID 5) in 1774 ms on 6717a07eada2 (executor driver) (1/1)
[2025-12-23T16:35:45.217+0000] {subprocess.py:93} INFO - 25/12/23 16:35:45 INFO TaskSchedulerImpl: Removed TaskSet 7.0, whose tasks have all completed, from pool
[2025-12-23T16:35:45.218+0000] {subprocess.py:93} INFO - 25/12/23 16:35:45 INFO DAGScheduler: ResultStage 7 (jdbc at NativeMethodAccessorImpl.java:0) finished in 1.812 s
[2025-12-23T16:35:45.218+0000] {subprocess.py:93} INFO - 25/12/23 16:35:45 INFO DAGScheduler: Job 5 is finished. Cancelling potential speculative or zombie tasks for this job
[2025-12-23T16:35:45.218+0000] {subprocess.py:93} INFO - 25/12/23 16:35:45 INFO TaskSchedulerImpl: Killing all running tasks in stage 7: Stage finished
[2025-12-23T16:35:45.219+0000] {subprocess.py:93} INFO - 25/12/23 16:35:45 INFO DAGScheduler: Job 5 finished: jdbc at NativeMethodAccessorImpl.java:0, took 1.817007 s
[2025-12-23T16:35:45.248+0000] {subprocess.py:93} INFO - ✅ Table demandes_cleaned alimentée
[2025-12-23T16:35:45.431+0000] {subprocess.py:93} INFO - 25/12/23 16:35:45 INFO FileSourceStrategy: Pushed Filters: IsNotNull(date),IsNotNull(type),IsNotNull(commune)
[2025-12-23T16:35:45.431+0000] {subprocess.py:93} INFO - 25/12/23 16:35:45 INFO FileSourceStrategy: Post-Scan Filters: isnotnull(date#4),isnotnull(cast(date#4 as timestamp)),isnotnull(type#1),isnotnull(commune#2)
[2025-12-23T16:35:45.543+0000] {subprocess.py:93} INFO - 25/12/23 16:35:45 INFO CodeGenerator: Code generated in 48.440363 ms
[2025-12-23T16:35:45.546+0000] {subprocess.py:93} INFO - 25/12/23 16:35:45 INFO MemoryStore: Block broadcast_9 stored as values in memory (estimated size 201.9 KiB, free 433.7 MiB)
[2025-12-23T16:35:45.556+0000] {subprocess.py:93} INFO - 25/12/23 16:35:45 INFO MemoryStore: Block broadcast_9_piece0 stored as bytes in memory (estimated size 35.2 KiB, free 433.6 MiB)
[2025-12-23T16:35:45.556+0000] {subprocess.py:93} INFO - 25/12/23 16:35:45 INFO BlockManagerInfo: Added broadcast_9_piece0 in memory on 6717a07eada2:40631 (size: 35.2 KiB, free: 434.3 MiB)
[2025-12-23T16:35:45.557+0000] {subprocess.py:93} INFO - 25/12/23 16:35:45 INFO SparkContext: Created broadcast 9 from jdbc at NativeMethodAccessorImpl.java:0
[2025-12-23T16:35:45.558+0000] {subprocess.py:93} INFO - 25/12/23 16:35:45 INFO FileSourceScanExec: Planning scan with bin packing, max size: 4194304 bytes, open cost is considered as scanning 4194304 bytes.
[2025-12-23T16:35:45.575+0000] {subprocess.py:93} INFO - 25/12/23 16:35:45 INFO DAGScheduler: Registering RDD 25 (jdbc at NativeMethodAccessorImpl.java:0) as input to shuffle 2
[2025-12-23T16:35:45.577+0000] {subprocess.py:93} INFO - 25/12/23 16:35:45 INFO DAGScheduler: Got map stage job 6 (jdbc at NativeMethodAccessorImpl.java:0) with 1 output partitions
[2025-12-23T16:35:45.577+0000] {subprocess.py:93} INFO - 25/12/23 16:35:45 INFO DAGScheduler: Final stage: ShuffleMapStage 8 (jdbc at NativeMethodAccessorImpl.java:0)
[2025-12-23T16:35:45.578+0000] {subprocess.py:93} INFO - 25/12/23 16:35:45 INFO DAGScheduler: Parents of final stage: List()
[2025-12-23T16:35:45.578+0000] {subprocess.py:93} INFO - 25/12/23 16:35:45 INFO DAGScheduler: Missing parents: List()
[2025-12-23T16:35:45.579+0000] {subprocess.py:93} INFO - 25/12/23 16:35:45 INFO DAGScheduler: Submitting ShuffleMapStage 8 (MapPartitionsRDD[25] at jdbc at NativeMethodAccessorImpl.java:0), which has no missing parents
[2025-12-23T16:35:45.581+0000] {subprocess.py:93} INFO - 25/12/23 16:35:45 INFO MemoryStore: Block broadcast_10 stored as values in memory (estimated size 54.3 KiB, free 433.6 MiB)
[2025-12-23T16:35:45.582+0000] {subprocess.py:93} INFO - 25/12/23 16:35:45 INFO MemoryStore: Block broadcast_10_piece0 stored as bytes in memory (estimated size 22.0 KiB, free 433.6 MiB)
[2025-12-23T16:35:45.583+0000] {subprocess.py:93} INFO - 25/12/23 16:35:45 INFO BlockManagerInfo: Added broadcast_10_piece0 in memory on 6717a07eada2:40631 (size: 22.0 KiB, free: 434.3 MiB)
[2025-12-23T16:35:45.584+0000] {subprocess.py:93} INFO - 25/12/23 16:35:45 INFO SparkContext: Created broadcast 10 from broadcast at DAGScheduler.scala:1585
[2025-12-23T16:35:45.585+0000] {subprocess.py:93} INFO - 25/12/23 16:35:45 INFO DAGScheduler: Submitting 1 missing tasks from ShuffleMapStage 8 (MapPartitionsRDD[25] at jdbc at NativeMethodAccessorImpl.java:0) (first 15 tasks are for partitions Vector(0))
[2025-12-23T16:35:45.585+0000] {subprocess.py:93} INFO - 25/12/23 16:35:45 INFO TaskSchedulerImpl: Adding task set 8.0 with 1 tasks resource profile 0
[2025-12-23T16:35:45.586+0000] {subprocess.py:93} INFO - 25/12/23 16:35:45 INFO TaskSetManager: Starting task 0.0 in stage 8.0 (TID 6) (6717a07eada2, executor driver, partition 0, PROCESS_LOCAL, 8444 bytes)
[2025-12-23T16:35:45.589+0000] {subprocess.py:93} INFO - 25/12/23 16:35:45 INFO Executor: Running task 0.0 in stage 8.0 (TID 6)
[2025-12-23T16:35:45.632+0000] {subprocess.py:93} INFO - 25/12/23 16:35:45 INFO CodeGenerator: Code generated in 37.396497 ms
[2025-12-23T16:35:45.646+0000] {subprocess.py:93} INFO - 25/12/23 16:35:45 INFO CodeGenerator: Code generated in 8.17386 ms
[2025-12-23T16:35:45.656+0000] {subprocess.py:93} INFO - 25/12/23 16:35:45 INFO CodeGenerator: Code generated in 4.58837 ms
[2025-12-23T16:35:45.668+0000] {subprocess.py:93} INFO - 25/12/23 16:35:45 INFO CodeGenerator: Code generated in 6.213782 ms
[2025-12-23T16:35:45.678+0000] {subprocess.py:93} INFO - 25/12/23 16:35:45 INFO CodeGenerator: Code generated in 4.640874 ms
[2025-12-23T16:35:45.684+0000] {subprocess.py:93} INFO - 25/12/23 16:35:45 INFO FileScanRDD: Reading File path: file:///opt/data/raw/demandes/part-00000-22a44a2e-f119-4bda-8814-49d70a1b2516-c000.snappy.parquet, range: 0-249144, partition values: [empty row]
[2025-12-23T16:35:45.690+0000] {subprocess.py:93} INFO - 25/12/23 16:35:45 INFO FilterCompat: Filtering using predicate: and(and(noteq(date, null), noteq(type, null)), noteq(commune, null))
[2025-12-23T16:35:45.747+0000] {subprocess.py:93} INFO - 25/12/23 16:35:45 INFO Executor: Finished task 0.0 in stage 8.0 (TID 6). 2986 bytes result sent to driver
[2025-12-23T16:35:45.748+0000] {subprocess.py:93} INFO - 25/12/23 16:35:45 INFO TaskSetManager: Finished task 0.0 in stage 8.0 (TID 6) in 162 ms on 6717a07eada2 (executor driver) (1/1)
[2025-12-23T16:35:45.748+0000] {subprocess.py:93} INFO - 25/12/23 16:35:45 INFO TaskSchedulerImpl: Removed TaskSet 8.0, whose tasks have all completed, from pool
[2025-12-23T16:35:45.750+0000] {subprocess.py:93} INFO - 25/12/23 16:35:45 INFO DAGScheduler: ShuffleMapStage 8 (jdbc at NativeMethodAccessorImpl.java:0) finished in 0.171 s
[2025-12-23T16:35:45.752+0000] {subprocess.py:93} INFO - 25/12/23 16:35:45 INFO DAGScheduler: looking for newly runnable stages
[2025-12-23T16:35:45.752+0000] {subprocess.py:93} INFO - 25/12/23 16:35:45 INFO DAGScheduler: running: Set()
[2025-12-23T16:35:45.752+0000] {subprocess.py:93} INFO - 25/12/23 16:35:45 INFO DAGScheduler: waiting: Set()
[2025-12-23T16:35:45.752+0000] {subprocess.py:93} INFO - 25/12/23 16:35:45 INFO DAGScheduler: failed: Set()
[2025-12-23T16:35:45.764+0000] {subprocess.py:93} INFO - 25/12/23 16:35:45 INFO ShufflePartitionsUtil: For shuffle(2), advisory target size: 67108864, actual target size 1048576, minimum partition size: 1048576
[2025-12-23T16:35:45.782+0000] {subprocess.py:93} INFO - 25/12/23 16:35:45 INFO HashAggregateExec: spark.sql.codegen.aggregate.map.twolevel.enabled is set to true, but current version of codegened fast hashmap does not support this aggregate.
[2025-12-23T16:35:45.814+0000] {subprocess.py:93} INFO - 25/12/23 16:35:45 INFO CodeGenerator: Code generated in 17.935431 ms
[2025-12-23T16:35:45.859+0000] {subprocess.py:93} INFO - 25/12/23 16:35:45 INFO SparkContext: Starting job: jdbc at NativeMethodAccessorImpl.java:0
[2025-12-23T16:35:45.859+0000] {subprocess.py:93} INFO - 25/12/23 16:35:45 INFO DAGScheduler: Got job 7 (jdbc at NativeMethodAccessorImpl.java:0) with 1 output partitions
[2025-12-23T16:35:45.860+0000] {subprocess.py:93} INFO - 25/12/23 16:35:45 INFO DAGScheduler: Final stage: ResultStage 10 (jdbc at NativeMethodAccessorImpl.java:0)
[2025-12-23T16:35:45.860+0000] {subprocess.py:93} INFO - 25/12/23 16:35:45 INFO DAGScheduler: Parents of final stage: List(ShuffleMapStage 9)
[2025-12-23T16:35:45.860+0000] {subprocess.py:93} INFO - 25/12/23 16:35:45 INFO DAGScheduler: Missing parents: List()
[2025-12-23T16:35:45.861+0000] {subprocess.py:93} INFO - 25/12/23 16:35:45 INFO DAGScheduler: Submitting ResultStage 10 (MapPartitionsRDD[30] at jdbc at NativeMethodAccessorImpl.java:0), which has no missing parents
[2025-12-23T16:35:45.869+0000] {subprocess.py:93} INFO - 25/12/23 16:35:45 INFO MemoryStore: Block broadcast_11 stored as values in memory (estimated size 65.1 KiB, free 433.5 MiB)
[2025-12-23T16:35:45.870+0000] {subprocess.py:93} INFO - 25/12/23 16:35:45 INFO MemoryStore: Block broadcast_11_piece0 stored as bytes in memory (estimated size 27.8 KiB, free 433.5 MiB)
[2025-12-23T16:35:45.871+0000] {subprocess.py:93} INFO - 25/12/23 16:35:45 INFO BlockManagerInfo: Added broadcast_11_piece0 in memory on 6717a07eada2:40631 (size: 27.8 KiB, free: 434.2 MiB)
[2025-12-23T16:35:45.871+0000] {subprocess.py:93} INFO - 25/12/23 16:35:45 INFO SparkContext: Created broadcast 11 from broadcast at DAGScheduler.scala:1585
[2025-12-23T16:35:45.872+0000] {subprocess.py:93} INFO - 25/12/23 16:35:45 INFO DAGScheduler: Submitting 1 missing tasks from ResultStage 10 (MapPartitionsRDD[30] at jdbc at NativeMethodAccessorImpl.java:0) (first 15 tasks are for partitions Vector(0))
[2025-12-23T16:35:45.872+0000] {subprocess.py:93} INFO - 25/12/23 16:35:45 INFO TaskSchedulerImpl: Adding task set 10.0 with 1 tasks resource profile 0
[2025-12-23T16:35:45.873+0000] {subprocess.py:93} INFO - 25/12/23 16:35:45 INFO TaskSetManager: Starting task 0.0 in stage 10.0 (TID 7) (6717a07eada2, executor driver, partition 0, NODE_LOCAL, 7795 bytes)
[2025-12-23T16:35:45.874+0000] {subprocess.py:93} INFO - 25/12/23 16:35:45 INFO Executor: Running task 0.0 in stage 10.0 (TID 7)
[2025-12-23T16:35:45.885+0000] {subprocess.py:93} INFO - 25/12/23 16:35:45 INFO ShuffleBlockFetcherIterator: Getting 1 (9.1 KiB) non-empty blocks including 1 (9.1 KiB) local and 0 (0.0 B) host-local and 0 (0.0 B) push-merged-local and 0 (0.0 B) remote blocks
[2025-12-23T16:35:45.885+0000] {subprocess.py:93} INFO - 25/12/23 16:35:45 INFO ShuffleBlockFetcherIterator: Started 0 remote fetches in 1 ms
[2025-12-23T16:35:45.899+0000] {subprocess.py:93} INFO - 25/12/23 16:35:45 INFO CodeGenerator: Code generated in 13.588359 ms
[2025-12-23T16:35:45.910+0000] {subprocess.py:93} INFO - 25/12/23 16:35:45 INFO CodeGenerator: Code generated in 7.47567 ms
[2025-12-23T16:35:45.955+0000] {subprocess.py:93} INFO - 25/12/23 16:35:45 INFO Executor: Finished task 0.0 in stage 10.0 (TID 7). 5233 bytes result sent to driver
[2025-12-23T16:35:45.956+0000] {subprocess.py:93} INFO - 25/12/23 16:35:45 INFO BlockManagerInfo: Removed broadcast_10_piece0 on 6717a07eada2:40631 in memory (size: 22.0 KiB, free: 434.3 MiB)
[2025-12-23T16:35:45.956+0000] {subprocess.py:93} INFO - 25/12/23 16:35:45 INFO TaskSetManager: Finished task 0.0 in stage 10.0 (TID 7) in 81 ms on 6717a07eada2 (executor driver) (1/1)
[2025-12-23T16:35:45.957+0000] {subprocess.py:93} INFO - 25/12/23 16:35:45 INFO TaskSchedulerImpl: Removed TaskSet 10.0, whose tasks have all completed, from pool
[2025-12-23T16:35:45.957+0000] {subprocess.py:93} INFO - 25/12/23 16:35:45 INFO DAGScheduler: ResultStage 10 (jdbc at NativeMethodAccessorImpl.java:0) finished in 0.089 s
[2025-12-23T16:35:45.958+0000] {subprocess.py:93} INFO - 25/12/23 16:35:45 INFO DAGScheduler: Job 7 is finished. Cancelling potential speculative or zombie tasks for this job
[2025-12-23T16:35:45.958+0000] {subprocess.py:93} INFO - 25/12/23 16:35:45 INFO TaskSchedulerImpl: Killing all running tasks in stage 10: Stage finished
[2025-12-23T16:35:45.959+0000] {subprocess.py:93} INFO - 25/12/23 16:35:45 INFO DAGScheduler: Job 7 finished: jdbc at NativeMethodAccessorImpl.java:0, took 0.098334 s
[2025-12-23T16:35:45.978+0000] {subprocess.py:93} INFO - ✅ Table stats_type_localisation alimentée
[2025-12-23T16:35:46.074+0000] {subprocess.py:93} INFO - 25/12/23 16:35:46 INFO FileSourceStrategy: Pushed Filters: IsNotNull(date),IsNotNull(type)
[2025-12-23T16:35:46.075+0000] {subprocess.py:93} INFO - 25/12/23 16:35:46 INFO FileSourceStrategy: Post-Scan Filters: isnotnull(date#4),isnotnull(cast(date#4 as timestamp)),isnotnull(type#1)
[2025-12-23T16:35:46.152+0000] {subprocess.py:93} INFO - 25/12/23 16:35:46 INFO CodeGenerator: Code generated in 43.597386 ms
[2025-12-23T16:35:46.157+0000] {subprocess.py:93} INFO - 25/12/23 16:35:46 INFO MemoryStore: Block broadcast_12 stored as values in memory (estimated size 201.7 KiB, free 433.4 MiB)
[2025-12-23T16:35:46.169+0000] {subprocess.py:93} INFO - 25/12/23 16:35:46 INFO MemoryStore: Block broadcast_12_piece0 stored as bytes in memory (estimated size 35.1 KiB, free 433.3 MiB)
[2025-12-23T16:35:46.171+0000] {subprocess.py:93} INFO - 25/12/23 16:35:46 INFO BlockManagerInfo: Added broadcast_12_piece0 in memory on 6717a07eada2:40631 (size: 35.1 KiB, free: 434.2 MiB)
[2025-12-23T16:35:46.171+0000] {subprocess.py:93} INFO - 25/12/23 16:35:46 INFO SparkContext: Created broadcast 12 from jdbc at NativeMethodAccessorImpl.java:0
[2025-12-23T16:35:46.175+0000] {subprocess.py:93} INFO - 25/12/23 16:35:46 INFO FileSourceScanExec: Planning scan with bin packing, max size: 4194304 bytes, open cost is considered as scanning 4194304 bytes.
[2025-12-23T16:35:46.182+0000] {subprocess.py:93} INFO - 25/12/23 16:35:46 INFO DAGScheduler: Registering RDD 34 (jdbc at NativeMethodAccessorImpl.java:0) as input to shuffle 3
[2025-12-23T16:35:46.182+0000] {subprocess.py:93} INFO - 25/12/23 16:35:46 INFO DAGScheduler: Got map stage job 8 (jdbc at NativeMethodAccessorImpl.java:0) with 1 output partitions
[2025-12-23T16:35:46.182+0000] {subprocess.py:93} INFO - 25/12/23 16:35:46 INFO DAGScheduler: Final stage: ShuffleMapStage 11 (jdbc at NativeMethodAccessorImpl.java:0)
[2025-12-23T16:35:46.183+0000] {subprocess.py:93} INFO - 25/12/23 16:35:46 INFO DAGScheduler: Parents of final stage: List()
[2025-12-23T16:35:46.183+0000] {subprocess.py:93} INFO - 25/12/23 16:35:46 INFO DAGScheduler: Missing parents: List()
[2025-12-23T16:35:46.183+0000] {subprocess.py:93} INFO - 25/12/23 16:35:46 INFO DAGScheduler: Submitting ShuffleMapStage 11 (MapPartitionsRDD[34] at jdbc at NativeMethodAccessorImpl.java:0), which has no missing parents
[2025-12-23T16:35:46.186+0000] {subprocess.py:93} INFO - 25/12/23 16:35:46 INFO MemoryStore: Block broadcast_13 stored as values in memory (estimated size 47.0 KiB, free 433.3 MiB)
[2025-12-23T16:35:46.187+0000] {subprocess.py:93} INFO - 25/12/23 16:35:46 INFO MemoryStore: Block broadcast_13_piece0 stored as bytes in memory (estimated size 20.4 KiB, free 433.3 MiB)
[2025-12-23T16:35:46.188+0000] {subprocess.py:93} INFO - 25/12/23 16:35:46 INFO BlockManagerInfo: Added broadcast_13_piece0 in memory on 6717a07eada2:40631 (size: 20.4 KiB, free: 434.2 MiB)
[2025-12-23T16:35:46.188+0000] {subprocess.py:93} INFO - 25/12/23 16:35:46 INFO SparkContext: Created broadcast 13 from broadcast at DAGScheduler.scala:1585
[2025-12-23T16:35:46.189+0000] {subprocess.py:93} INFO - 25/12/23 16:35:46 INFO DAGScheduler: Submitting 1 missing tasks from ShuffleMapStage 11 (MapPartitionsRDD[34] at jdbc at NativeMethodAccessorImpl.java:0) (first 15 tasks are for partitions Vector(0))
[2025-12-23T16:35:46.189+0000] {subprocess.py:93} INFO - 25/12/23 16:35:46 INFO TaskSchedulerImpl: Adding task set 11.0 with 1 tasks resource profile 0
[2025-12-23T16:35:46.190+0000] {subprocess.py:93} INFO - 25/12/23 16:35:46 INFO TaskSetManager: Starting task 0.0 in stage 11.0 (TID 8) (6717a07eada2, executor driver, partition 0, PROCESS_LOCAL, 8444 bytes)
[2025-12-23T16:35:46.190+0000] {subprocess.py:93} INFO - 25/12/23 16:35:46 INFO Executor: Running task 0.0 in stage 11.0 (TID 8)
[2025-12-23T16:35:46.225+0000] {subprocess.py:93} INFO - 25/12/23 16:35:46 INFO CodeGenerator: Code generated in 28.454361 ms
[2025-12-23T16:35:46.236+0000] {subprocess.py:93} INFO - 25/12/23 16:35:46 INFO CodeGenerator: Code generated in 7.2119 ms
[2025-12-23T16:35:46.241+0000] {subprocess.py:93} INFO - 25/12/23 16:35:46 INFO CodeGenerator: Code generated in 3.363244 ms
[2025-12-23T16:35:46.247+0000] {subprocess.py:93} INFO - 25/12/23 16:35:46 INFO CodeGenerator: Code generated in 3.92489 ms
[2025-12-23T16:35:46.255+0000] {subprocess.py:93} INFO - 25/12/23 16:35:46 INFO CodeGenerator: Code generated in 4.281241 ms
[2025-12-23T16:35:46.257+0000] {subprocess.py:93} INFO - 25/12/23 16:35:46 INFO FileScanRDD: Reading File path: file:///opt/data/raw/demandes/part-00000-22a44a2e-f119-4bda-8814-49d70a1b2516-c000.snappy.parquet, range: 0-249144, partition values: [empty row]
[2025-12-23T16:35:46.261+0000] {subprocess.py:93} INFO - 25/12/23 16:35:46 INFO FilterCompat: Filtering using predicate: and(noteq(date, null), noteq(type, null))
[2025-12-23T16:35:46.289+0000] {subprocess.py:93} INFO - 25/12/23 16:35:46 INFO Executor: Finished task 0.0 in stage 11.0 (TID 8). 2986 bytes result sent to driver
[2025-12-23T16:35:46.291+0000] {subprocess.py:93} INFO - 25/12/23 16:35:46 INFO TaskSetManager: Finished task 0.0 in stage 11.0 (TID 8) in 100 ms on 6717a07eada2 (executor driver) (1/1)
[2025-12-23T16:35:46.291+0000] {subprocess.py:93} INFO - 25/12/23 16:35:46 INFO TaskSchedulerImpl: Removed TaskSet 11.0, whose tasks have all completed, from pool
[2025-12-23T16:35:46.293+0000] {subprocess.py:93} INFO - 25/12/23 16:35:46 INFO DAGScheduler: ShuffleMapStage 11 (jdbc at NativeMethodAccessorImpl.java:0) finished in 0.108 s
[2025-12-23T16:35:46.293+0000] {subprocess.py:93} INFO - 25/12/23 16:35:46 INFO DAGScheduler: looking for newly runnable stages
[2025-12-23T16:35:46.294+0000] {subprocess.py:93} INFO - 25/12/23 16:35:46 INFO DAGScheduler: running: Set()
[2025-12-23T16:35:46.294+0000] {subprocess.py:93} INFO - 25/12/23 16:35:46 INFO DAGScheduler: waiting: Set()
[2025-12-23T16:35:46.295+0000] {subprocess.py:93} INFO - 25/12/23 16:35:46 INFO DAGScheduler: failed: Set()
[2025-12-23T16:35:46.296+0000] {subprocess.py:93} INFO - 25/12/23 16:35:46 INFO ShufflePartitionsUtil: For shuffle(3), advisory target size: 67108864, actual target size 1048576, minimum partition size: 1048576
[2025-12-23T16:35:46.302+0000] {subprocess.py:93} INFO - 25/12/23 16:35:46 INFO HashAggregateExec: spark.sql.codegen.aggregate.map.twolevel.enabled is set to true, but current version of codegened fast hashmap does not support this aggregate.
[2025-12-23T16:35:46.315+0000] {subprocess.py:93} INFO - 25/12/23 16:35:46 INFO CodeGenerator: Code generated in 9.635285 ms
[2025-12-23T16:35:46.332+0000] {subprocess.py:93} INFO - 25/12/23 16:35:46 INFO SparkContext: Starting job: jdbc at NativeMethodAccessorImpl.java:0
[2025-12-23T16:35:46.332+0000] {subprocess.py:93} INFO - 25/12/23 16:35:46 INFO DAGScheduler: Got job 9 (jdbc at NativeMethodAccessorImpl.java:0) with 1 output partitions
[2025-12-23T16:35:46.333+0000] {subprocess.py:93} INFO - 25/12/23 16:35:46 INFO DAGScheduler: Final stage: ResultStage 13 (jdbc at NativeMethodAccessorImpl.java:0)
[2025-12-23T16:35:46.333+0000] {subprocess.py:93} INFO - 25/12/23 16:35:46 INFO DAGScheduler: Parents of final stage: List(ShuffleMapStage 12)
[2025-12-23T16:35:46.333+0000] {subprocess.py:93} INFO - 25/12/23 16:35:46 INFO DAGScheduler: Missing parents: List()
[2025-12-23T16:35:46.334+0000] {subprocess.py:93} INFO - 25/12/23 16:35:46 INFO DAGScheduler: Submitting ResultStage 13 (MapPartitionsRDD[39] at jdbc at NativeMethodAccessorImpl.java:0), which has no missing parents
[2025-12-23T16:35:46.339+0000] {subprocess.py:93} INFO - 25/12/23 16:35:46 INFO MemoryStore: Block broadcast_14 stored as values in memory (estimated size 54.1 KiB, free 433.2 MiB)
[2025-12-23T16:35:46.340+0000] {subprocess.py:93} INFO - 25/12/23 16:35:46 INFO MemoryStore: Block broadcast_14_piece0 stored as bytes in memory (estimated size 24.2 KiB, free 433.2 MiB)
[2025-12-23T16:35:46.340+0000] {subprocess.py:93} INFO - 25/12/23 16:35:46 INFO BlockManagerInfo: Added broadcast_14_piece0 in memory on 6717a07eada2:40631 (size: 24.2 KiB, free: 434.2 MiB)
[2025-12-23T16:35:46.340+0000] {subprocess.py:93} INFO - 25/12/23 16:35:46 INFO SparkContext: Created broadcast 14 from broadcast at DAGScheduler.scala:1585
[2025-12-23T16:35:46.342+0000] {subprocess.py:93} INFO - 25/12/23 16:35:46 INFO DAGScheduler: Submitting 1 missing tasks from ResultStage 13 (MapPartitionsRDD[39] at jdbc at NativeMethodAccessorImpl.java:0) (first 15 tasks are for partitions Vector(0))
[2025-12-23T16:35:46.342+0000] {subprocess.py:93} INFO - 25/12/23 16:35:46 INFO TaskSchedulerImpl: Adding task set 13.0 with 1 tasks resource profile 0
[2025-12-23T16:35:46.342+0000] {subprocess.py:93} INFO - 25/12/23 16:35:46 INFO TaskSetManager: Starting task 0.0 in stage 13.0 (TID 9) (6717a07eada2, executor driver, partition 0, NODE_LOCAL, 7795 bytes)
[2025-12-23T16:35:46.343+0000] {subprocess.py:93} INFO - 25/12/23 16:35:46 INFO Executor: Running task 0.0 in stage 13.0 (TID 9)
[2025-12-23T16:35:46.350+0000] {subprocess.py:93} INFO - 25/12/23 16:35:46 INFO ShuffleBlockFetcherIterator: Getting 1 (1269.0 B) non-empty blocks including 1 (1269.0 B) local and 0 (0.0 B) host-local and 0 (0.0 B) push-merged-local and 0 (0.0 B) remote blocks
[2025-12-23T16:35:46.350+0000] {subprocess.py:93} INFO - 25/12/23 16:35:46 INFO ShuffleBlockFetcherIterator: Started 0 remote fetches in 0 ms
[2025-12-23T16:35:46.360+0000] {subprocess.py:93} INFO - 25/12/23 16:35:46 INFO CodeGenerator: Code generated in 9.038375 ms
[2025-12-23T16:35:46.369+0000] {subprocess.py:93} INFO - 25/12/23 16:35:46 INFO CodeGenerator: Code generated in 5.61736 ms
[2025-12-23T16:35:46.390+0000] {subprocess.py:93} INFO - 25/12/23 16:35:46 INFO Executor: Finished task 0.0 in stage 13.0 (TID 9). 5147 bytes result sent to driver
[2025-12-23T16:35:46.390+0000] {subprocess.py:93} INFO - 25/12/23 16:35:46 INFO TaskSetManager: Finished task 0.0 in stage 13.0 (TID 9) in 48 ms on 6717a07eada2 (executor driver) (1/1)
[2025-12-23T16:35:46.390+0000] {subprocess.py:93} INFO - 25/12/23 16:35:46 INFO TaskSchedulerImpl: Removed TaskSet 13.0, whose tasks have all completed, from pool
[2025-12-23T16:35:46.392+0000] {subprocess.py:93} INFO - 25/12/23 16:35:46 INFO DAGScheduler: ResultStage 13 (jdbc at NativeMethodAccessorImpl.java:0) finished in 0.055 s
[2025-12-23T16:35:46.393+0000] {subprocess.py:93} INFO - 25/12/23 16:35:46 INFO DAGScheduler: Job 9 is finished. Cancelling potential speculative or zombie tasks for this job
[2025-12-23T16:35:46.393+0000] {subprocess.py:93} INFO - 25/12/23 16:35:46 INFO TaskSchedulerImpl: Killing all running tasks in stage 13: Stage finished
[2025-12-23T16:35:46.393+0000] {subprocess.py:93} INFO - 25/12/23 16:35:46 INFO DAGScheduler: Job 9 finished: jdbc at NativeMethodAccessorImpl.java:0, took 0.060490 s
[2025-12-23T16:35:46.412+0000] {subprocess.py:93} INFO - ✅ Table stats_temporelles alimentée
[2025-12-23T16:35:46.414+0000] {subprocess.py:93} INFO - 
[2025-12-23T16:35:46.415+0000] {subprocess.py:93} INFO - ================================================================================
[2025-12-23T16:35:46.415+0000] {subprocess.py:93} INFO - 🎉 PROCESSING TERMINÉ AVEC SUCCÈS
[2025-12-23T16:35:46.415+0000] {subprocess.py:93} INFO - ================================================================================
[2025-12-23T16:35:46.415+0000] {subprocess.py:93} INFO - 25/12/23 16:35:46 INFO SparkContext: SparkContext is stopping with exitCode 0.
[2025-12-23T16:35:46.424+0000] {subprocess.py:93} INFO - 25/12/23 16:35:46 INFO SparkUI: Stopped Spark web UI at http://6717a07eada2:4040
[2025-12-23T16:35:46.437+0000] {subprocess.py:93} INFO - 25/12/23 16:35:46 INFO MapOutputTrackerMasterEndpoint: MapOutputTrackerMasterEndpoint stopped!
[2025-12-23T16:35:46.451+0000] {subprocess.py:93} INFO - 25/12/23 16:35:46 INFO MemoryStore: MemoryStore cleared
[2025-12-23T16:35:46.451+0000] {subprocess.py:93} INFO - 25/12/23 16:35:46 INFO BlockManager: BlockManager stopped
[2025-12-23T16:35:46.454+0000] {subprocess.py:93} INFO - 25/12/23 16:35:46 INFO BlockManagerMaster: BlockManagerMaster stopped
[2025-12-23T16:35:46.457+0000] {subprocess.py:93} INFO - 25/12/23 16:35:46 INFO OutputCommitCoordinator$OutputCommitCoordinatorEndpoint: OutputCommitCoordinator stopped!
[2025-12-23T16:35:46.465+0000] {subprocess.py:93} INFO - 25/12/23 16:35:46 INFO SparkContext: Successfully stopped SparkContext
[2025-12-23T16:35:46.882+0000] {subprocess.py:93} INFO - 25/12/23 16:35:46 INFO ShutdownHookManager: Shutdown hook called
[2025-12-23T16:35:46.882+0000] {subprocess.py:93} INFO - 25/12/23 16:35:46 INFO ShutdownHookManager: Deleting directory /tmp/spark-d4220a1f-05d7-4811-b067-50b4c14d9252/pyspark-bea54e20-0d83-4165-8728-d762cd9dff05
[2025-12-23T16:35:46.888+0000] {subprocess.py:93} INFO - 25/12/23 16:35:46 INFO ShutdownHookManager: Deleting directory /tmp/spark-d4220a1f-05d7-4811-b067-50b4c14d9252
[2025-12-23T16:35:46.894+0000] {subprocess.py:93} INFO - 25/12/23 16:35:46 INFO ShutdownHookManager: Deleting directory /tmp/spark-0db67786-1927-4a80-9e89-9b075e839286
[2025-12-23T16:35:47.022+0000] {subprocess.py:97} INFO - Command exited with return code 0
[2025-12-23T16:35:47.111+0000] {taskinstance.py:1138} INFO - Marking task as SUCCESS. dag_id=pipeline_services_publics_togo, task_id=processing_spark, execution_date=20251222T020000, start_date=20251223T163533, end_date=20251223T163547
[2025-12-23T16:35:47.153+0000] {local_task_job_runner.py:234} INFO - Task exited with return code 0
[2025-12-23T16:35:47.230+0000] {taskinstance.py:3281} INFO - 1 downstream tasks scheduled from follow-on schedule check
