[2025-12-21T17:03:40.664+0000] {taskinstance.py:1957} INFO - Dependencies all met for dep_context=non-requeueable deps ti=<TaskInstance: pipeline_services_publics_togo.ingestion_mongodb manual__2025-12-21T16:58:13.460566+00:00 [queued]>
[2025-12-21T17:03:40.691+0000] {taskinstance.py:1957} INFO - Dependencies all met for dep_context=requeueable deps ti=<TaskInstance: pipeline_services_publics_togo.ingestion_mongodb manual__2025-12-21T16:58:13.460566+00:00 [queued]>
[2025-12-21T17:03:40.691+0000] {taskinstance.py:2171} INFO - Starting attempt 2 of 3
[2025-12-21T17:03:40.729+0000] {taskinstance.py:2192} INFO - Executing <Task(BashOperator): ingestion_mongodb> on 2025-12-21 16:58:13.460566+00:00
[2025-12-21T17:03:40.741+0000] {standard_task_runner.py:60} INFO - Started process 398 to run task
[2025-12-21T17:03:40.752+0000] {standard_task_runner.py:87} INFO - Running: ['***', 'tasks', 'run', 'pipeline_services_publics_togo', 'ingestion_mongodb', 'manual__2025-12-21T16:58:13.460566+00:00', '--job-id', '33', '--raw', '--subdir', 'DAGS_FOLDER/pipeline_services_publics.py', '--cfg-path', '/tmp/tmph69wg30i']
[2025-12-21T17:03:40.760+0000] {standard_task_runner.py:88} INFO - Job 33: Subtask ingestion_mongodb
[2025-12-21T17:03:40.957+0000] {task_command.py:423} INFO - Running <TaskInstance: pipeline_services_publics_togo.ingestion_mongodb manual__2025-12-21T16:58:13.460566+00:00 [running]> on host 4a81c59a6e43
[2025-12-21T17:03:41.286+0000] {taskinstance.py:2481} INFO - Exporting env vars: AIRFLOW_CTX_DAG_OWNER='data-engineer' AIRFLOW_CTX_DAG_ID='pipeline_services_publics_togo' AIRFLOW_CTX_TASK_ID='ingestion_mongodb' AIRFLOW_CTX_EXECUTION_DATE='2025-12-21T16:58:13.460566+00:00' AIRFLOW_CTX_TRY_NUMBER='2' AIRFLOW_CTX_DAG_RUN_ID='manual__2025-12-21T16:58:13.460566+00:00'
[2025-12-21T17:03:41.291+0000] {subprocess.py:63} INFO - Tmp dir root location: /tmp
[2025-12-21T17:03:41.292+0000] {subprocess.py:75} INFO - Running command: ['/usr/bin/bash', '-c', '\n    /opt/spark/bin/spark-submit       --master spark://spark-master:7077       --packages org.mongodb.spark:mongo-spark-connector_2.12:10.5.0       --executor-memory 2G       --driver-memory 1G       /opt/***/spark_jobs/ingestion.py\n    ']
[2025-12-21T17:03:41.320+0000] {subprocess.py:86} INFO - Output:
[2025-12-21T17:03:44.045+0000] {subprocess.py:93} INFO - :: loading settings :: url = jar:file:/opt/spark/jars/ivy-2.5.1.jar!/org/apache/ivy/core/settings/ivysettings.xml
[2025-12-21T17:03:44.141+0000] {subprocess.py:93} INFO - Ivy Default Cache set to: /home/***/.ivy2/cache
[2025-12-21T17:03:44.142+0000] {subprocess.py:93} INFO - The jars for the packages stored in: /home/***/.ivy2/jars
[2025-12-21T17:03:44.147+0000] {subprocess.py:93} INFO - org.mongodb.spark#mongo-spark-connector_2.12 added as a dependency
[2025-12-21T17:03:44.150+0000] {subprocess.py:93} INFO - :: resolving dependencies :: org.apache.spark#spark-submit-parent-0161ecd3-f5d0-4d83-84af-8b9de2186604;1.0
[2025-12-21T17:03:44.150+0000] {subprocess.py:93} INFO - 	confs: [default]
[2025-12-21T17:03:44.268+0000] {subprocess.py:93} INFO - 	found org.mongodb.spark#mongo-spark-connector_2.12;10.5.0 in central
[2025-12-21T17:03:47.369+0000] {subprocess.py:93} INFO - 	found org.mongodb#mongodb-driver-sync;5.1.4 in central
[2025-12-21T17:03:47.370+0000] {subprocess.py:93} INFO - 	[5.1.4] org.mongodb#mongodb-driver-sync;[5.1.1,5.1.99)
[2025-12-21T17:03:47.474+0000] {subprocess.py:93} INFO - 	found org.mongodb#bson;5.1.4 in central
[2025-12-21T17:03:47.617+0000] {subprocess.py:93} INFO - 	found org.mongodb#mongodb-driver-core;5.1.4 in central
[2025-12-21T17:03:47.652+0000] {subprocess.py:93} INFO - 	found org.mongodb#bson-record-codec;5.1.4 in central
[2025-12-21T17:03:47.677+0000] {subprocess.py:93} INFO - :: resolution report :: resolve 3513ms :: artifacts dl 14ms
[2025-12-21T17:03:47.677+0000] {subprocess.py:93} INFO - 	:: modules in use:
[2025-12-21T17:03:47.677+0000] {subprocess.py:93} INFO - 	org.mongodb#bson;5.1.4 from central in [default]
[2025-12-21T17:03:47.681+0000] {subprocess.py:93} INFO - 	org.mongodb#bson-record-codec;5.1.4 from central in [default]
[2025-12-21T17:03:47.681+0000] {subprocess.py:93} INFO - 	org.mongodb#mongodb-driver-core;5.1.4 from central in [default]
[2025-12-21T17:03:47.681+0000] {subprocess.py:93} INFO - 	org.mongodb#mongodb-driver-sync;5.1.4 from central in [default]
[2025-12-21T17:03:47.681+0000] {subprocess.py:93} INFO - 	org.mongodb.spark#mongo-spark-connector_2.12;10.5.0 from central in [default]
[2025-12-21T17:03:47.681+0000] {subprocess.py:93} INFO - 	---------------------------------------------------------------------
[2025-12-21T17:03:47.681+0000] {subprocess.py:93} INFO - 	|                  |            modules            ||   artifacts   |
[2025-12-21T17:03:47.681+0000] {subprocess.py:93} INFO - 	|       conf       | number| search|dwnlded|evicted|| number|dwnlded|
[2025-12-21T17:03:47.682+0000] {subprocess.py:93} INFO - 	---------------------------------------------------------------------
[2025-12-21T17:03:47.682+0000] {subprocess.py:93} INFO - 	|      default     |   5   |   1   |   0   |   0   ||   5   |   0   |
[2025-12-21T17:03:47.682+0000] {subprocess.py:93} INFO - 	---------------------------------------------------------------------
[2025-12-21T17:03:47.683+0000] {subprocess.py:93} INFO - :: retrieving :: org.apache.spark#spark-submit-parent-0161ecd3-f5d0-4d83-84af-8b9de2186604
[2025-12-21T17:03:47.683+0000] {subprocess.py:93} INFO - 	confs: [default]
[2025-12-21T17:03:47.689+0000] {subprocess.py:93} INFO - 	0 artifacts copied, 5 already retrieved (0kB/6ms)
[2025-12-21T17:03:47.936+0000] {subprocess.py:93} INFO - 25/12/21 17:03:47 WARN NativeCodeLoader: Unable to load native-hadoop library for your platform... using builtin-java classes where applicable
[2025-12-21T17:03:48.955+0000] {subprocess.py:93} INFO - 25/12/21 17:03:48 INFO SparkContext: Running Spark version 3.5.1
[2025-12-21T17:03:48.956+0000] {subprocess.py:93} INFO - 25/12/21 17:03:48 INFO SparkContext: OS info Linux, 6.8.0-90-generic, amd64
[2025-12-21T17:03:48.957+0000] {subprocess.py:93} INFO - 25/12/21 17:03:48 INFO SparkContext: Java version 17.0.17
[2025-12-21T17:03:48.982+0000] {subprocess.py:93} INFO - 25/12/21 17:03:48 INFO ResourceUtils: ==============================================================
[2025-12-21T17:03:48.985+0000] {subprocess.py:93} INFO - 25/12/21 17:03:48 INFO ResourceUtils: No custom resources configured for spark.driver.
[2025-12-21T17:03:48.985+0000] {subprocess.py:93} INFO - 25/12/21 17:03:48 INFO ResourceUtils: ==============================================================
[2025-12-21T17:03:48.985+0000] {subprocess.py:93} INFO - 25/12/21 17:03:48 INFO SparkContext: Submitted application: Ingestion_MongoDB_Raw
[2025-12-21T17:03:49.011+0000] {subprocess.py:93} INFO - 25/12/21 17:03:49 INFO ResourceProfile: Default ResourceProfile created, executor resources: Map(memory -> name: memory, amount: 2048, script: , vendor: , offHeap -> name: offHeap, amount: 0, script: , vendor: ), task resources: Map(cpus -> name: cpus, amount: 1.0)
[2025-12-21T17:03:49.030+0000] {subprocess.py:93} INFO - 25/12/21 17:03:49 INFO ResourceProfile: Limiting resource is cpu
[2025-12-21T17:03:49.032+0000] {subprocess.py:93} INFO - 25/12/21 17:03:49 INFO ResourceProfileManager: Added ResourceProfile id: 0
[2025-12-21T17:03:49.081+0000] {subprocess.py:93} INFO - 25/12/21 17:03:49 INFO SecurityManager: Changing view acls to: ***
[2025-12-21T17:03:49.081+0000] {subprocess.py:93} INFO - 25/12/21 17:03:49 INFO SecurityManager: Changing modify acls to: ***
[2025-12-21T17:03:49.081+0000] {subprocess.py:93} INFO - 25/12/21 17:03:49 INFO SecurityManager: Changing view acls groups to:
[2025-12-21T17:03:49.081+0000] {subprocess.py:93} INFO - 25/12/21 17:03:49 INFO SecurityManager: Changing modify acls groups to:
[2025-12-21T17:03:49.081+0000] {subprocess.py:93} INFO - 25/12/21 17:03:49 INFO SecurityManager: SecurityManager: authentication disabled; ui acls disabled; users with view permissions: ***; groups with view permissions: EMPTY; users with modify permissions: ***; groups with modify permissions: EMPTY
[2025-12-21T17:03:49.275+0000] {subprocess.py:93} INFO - 25/12/21 17:03:49 INFO Utils: Successfully started service 'sparkDriver' on port 37359.
[2025-12-21T17:03:49.308+0000] {subprocess.py:93} INFO - 25/12/21 17:03:49 INFO SparkEnv: Registering MapOutputTracker
[2025-12-21T17:03:49.350+0000] {subprocess.py:93} INFO - 25/12/21 17:03:49 INFO SparkEnv: Registering BlockManagerMaster
[2025-12-21T17:03:49.371+0000] {subprocess.py:93} INFO - 25/12/21 17:03:49 INFO BlockManagerMasterEndpoint: Using org.apache.spark.storage.DefaultTopologyMapper for getting topology information
[2025-12-21T17:03:49.371+0000] {subprocess.py:93} INFO - 25/12/21 17:03:49 INFO BlockManagerMasterEndpoint: BlockManagerMasterEndpoint up
[2025-12-21T17:03:49.376+0000] {subprocess.py:93} INFO - 25/12/21 17:03:49 INFO SparkEnv: Registering BlockManagerMasterHeartbeat
[2025-12-21T17:03:49.399+0000] {subprocess.py:93} INFO - 25/12/21 17:03:49 INFO DiskBlockManager: Created local directory at /tmp/blockmgr-4d356b93-fda7-4a6a-89fe-d27f932c7a71
[2025-12-21T17:03:49.416+0000] {subprocess.py:93} INFO - 25/12/21 17:03:49 INFO MemoryStore: MemoryStore started with capacity 434.4 MiB
[2025-12-21T17:03:49.433+0000] {subprocess.py:93} INFO - 25/12/21 17:03:49 INFO SparkEnv: Registering OutputCommitCoordinator
[2025-12-21T17:03:49.550+0000] {subprocess.py:93} INFO - 25/12/21 17:03:49 INFO JettyUtils: Start Jetty 0.0.0.0:4040 for SparkUI
[2025-12-21T17:03:49.606+0000] {subprocess.py:93} INFO - 25/12/21 17:03:49 INFO Utils: Successfully started service 'SparkUI' on port 4040.
[2025-12-21T17:03:49.654+0000] {subprocess.py:93} INFO - 25/12/21 17:03:49 INFO SparkContext: Added JAR file:///home/***/.ivy2/jars/org.mongodb.spark_mongo-spark-connector_2.12-10.5.0.jar at spark://4a81c59a6e43:37359/jars/org.mongodb.spark_mongo-spark-connector_2.12-10.5.0.jar with timestamp 1766336628946
[2025-12-21T17:03:49.656+0000] {subprocess.py:93} INFO - 25/12/21 17:03:49 INFO SparkContext: Added JAR file:///home/***/.ivy2/jars/org.mongodb_mongodb-driver-sync-5.1.4.jar at spark://4a81c59a6e43:37359/jars/org.mongodb_mongodb-driver-sync-5.1.4.jar with timestamp 1766336628946
[2025-12-21T17:03:49.656+0000] {subprocess.py:93} INFO - 25/12/21 17:03:49 INFO SparkContext: Added JAR file:///home/***/.ivy2/jars/org.mongodb_bson-5.1.4.jar at spark://4a81c59a6e43:37359/jars/org.mongodb_bson-5.1.4.jar with timestamp 1766336628946
[2025-12-21T17:03:49.656+0000] {subprocess.py:93} INFO - 25/12/21 17:03:49 INFO SparkContext: Added JAR file:///home/***/.ivy2/jars/org.mongodb_mongodb-driver-core-5.1.4.jar at spark://4a81c59a6e43:37359/jars/org.mongodb_mongodb-driver-core-5.1.4.jar with timestamp 1766336628946
[2025-12-21T17:03:49.656+0000] {subprocess.py:93} INFO - 25/12/21 17:03:49 INFO SparkContext: Added JAR file:///home/***/.ivy2/jars/org.mongodb_bson-record-codec-5.1.4.jar at spark://4a81c59a6e43:37359/jars/org.mongodb_bson-record-codec-5.1.4.jar with timestamp 1766336628946
[2025-12-21T17:03:49.660+0000] {subprocess.py:93} INFO - 25/12/21 17:03:49 INFO SparkContext: Added file file:///home/***/.ivy2/jars/org.mongodb.spark_mongo-spark-connector_2.12-10.5.0.jar at spark://4a81c59a6e43:37359/files/org.mongodb.spark_mongo-spark-connector_2.12-10.5.0.jar with timestamp 1766336628946
[2025-12-21T17:03:49.661+0000] {subprocess.py:93} INFO - 25/12/21 17:03:49 INFO Utils: Copying /home/***/.ivy2/jars/org.mongodb.spark_mongo-spark-connector_2.12-10.5.0.jar to /tmp/spark-ef26075b-f2b0-4d91-aabd-c8faefd36e03/userFiles-12cf3cf7-44ad-4ef5-a095-456d3bf3cfc3/org.mongodb.spark_mongo-spark-connector_2.12-10.5.0.jar
[2025-12-21T17:03:49.672+0000] {subprocess.py:93} INFO - 25/12/21 17:03:49 INFO SparkContext: Added file file:///home/***/.ivy2/jars/org.mongodb_mongodb-driver-sync-5.1.4.jar at spark://4a81c59a6e43:37359/files/org.mongodb_mongodb-driver-sync-5.1.4.jar with timestamp 1766336628946
[2025-12-21T17:03:49.673+0000] {subprocess.py:93} INFO - 25/12/21 17:03:49 INFO Utils: Copying /home/***/.ivy2/jars/org.mongodb_mongodb-driver-sync-5.1.4.jar to /tmp/spark-ef26075b-f2b0-4d91-aabd-c8faefd36e03/userFiles-12cf3cf7-44ad-4ef5-a095-456d3bf3cfc3/org.mongodb_mongodb-driver-sync-5.1.4.jar
[2025-12-21T17:03:49.679+0000] {subprocess.py:93} INFO - 25/12/21 17:03:49 INFO SparkContext: Added file file:///home/***/.ivy2/jars/org.mongodb_bson-5.1.4.jar at spark://4a81c59a6e43:37359/files/org.mongodb_bson-5.1.4.jar with timestamp 1766336628946
[2025-12-21T17:03:49.679+0000] {subprocess.py:93} INFO - 25/12/21 17:03:49 INFO Utils: Copying /home/***/.ivy2/jars/org.mongodb_bson-5.1.4.jar to /tmp/spark-ef26075b-f2b0-4d91-aabd-c8faefd36e03/userFiles-12cf3cf7-44ad-4ef5-a095-456d3bf3cfc3/org.mongodb_bson-5.1.4.jar
[2025-12-21T17:03:49.685+0000] {subprocess.py:93} INFO - 25/12/21 17:03:49 INFO SparkContext: Added file file:///home/***/.ivy2/jars/org.mongodb_mongodb-driver-core-5.1.4.jar at spark://4a81c59a6e43:37359/files/org.mongodb_mongodb-driver-core-5.1.4.jar with timestamp 1766336628946
[2025-12-21T17:03:49.685+0000] {subprocess.py:93} INFO - 25/12/21 17:03:49 INFO Utils: Copying /home/***/.ivy2/jars/org.mongodb_mongodb-driver-core-5.1.4.jar to /tmp/spark-ef26075b-f2b0-4d91-aabd-c8faefd36e03/userFiles-12cf3cf7-44ad-4ef5-a095-456d3bf3cfc3/org.mongodb_mongodb-driver-core-5.1.4.jar
[2025-12-21T17:03:49.693+0000] {subprocess.py:93} INFO - 25/12/21 17:03:49 INFO SparkContext: Added file file:///home/***/.ivy2/jars/org.mongodb_bson-record-codec-5.1.4.jar at spark://4a81c59a6e43:37359/files/org.mongodb_bson-record-codec-5.1.4.jar with timestamp 1766336628946
[2025-12-21T17:03:49.694+0000] {subprocess.py:93} INFO - 25/12/21 17:03:49 INFO Utils: Copying /home/***/.ivy2/jars/org.mongodb_bson-record-codec-5.1.4.jar to /tmp/spark-ef26075b-f2b0-4d91-aabd-c8faefd36e03/userFiles-12cf3cf7-44ad-4ef5-a095-456d3bf3cfc3/org.mongodb_bson-record-codec-5.1.4.jar
[2025-12-21T17:03:49.785+0000] {subprocess.py:93} INFO - 25/12/21 17:03:49 INFO StandaloneAppClient$ClientEndpoint: Connecting to master spark://spark-master:7077...
[2025-12-21T17:03:49.842+0000] {subprocess.py:93} INFO - 25/12/21 17:03:49 INFO TransportClientFactory: Successfully created connection to spark-master/172.18.0.2:7077 after 27 ms (0 ms spent in bootstraps)
[2025-12-21T17:03:49.946+0000] {subprocess.py:93} INFO - 25/12/21 17:03:49 INFO StandaloneSchedulerBackend: Connected to Spark cluster with app ID app-20251221170349-0004
[2025-12-21T17:03:49.946+0000] {subprocess.py:93} INFO - 25/12/21 17:03:49 INFO StandaloneAppClient$ClientEndpoint: Executor added: app-20251221170349-0004/0 on worker-20251221164216-172.18.0.5-41713 (172.18.0.5:41713) with 2 core(s)
[2025-12-21T17:03:49.953+0000] {subprocess.py:93} INFO - 25/12/21 17:03:49 INFO StandaloneSchedulerBackend: Granted executor ID app-20251221170349-0004/0 on hostPort 172.18.0.5:41713 with 2 core(s), 2.0 GiB RAM
[2025-12-21T17:03:49.959+0000] {subprocess.py:93} INFO - 25/12/21 17:03:49 INFO Utils: Successfully started service 'org.apache.spark.network.netty.NettyBlockTransferService' on port 33293.
[2025-12-21T17:03:49.960+0000] {subprocess.py:93} INFO - 25/12/21 17:03:49 INFO NettyBlockTransferService: Server created on 4a81c59a6e43:33293
[2025-12-21T17:03:49.967+0000] {subprocess.py:93} INFO - 25/12/21 17:03:49 INFO BlockManager: Using org.apache.spark.storage.RandomBlockReplicationPolicy for block replication policy
[2025-12-21T17:03:49.983+0000] {subprocess.py:93} INFO - 25/12/21 17:03:49 INFO BlockManagerMaster: Registering BlockManager BlockManagerId(driver, 4a81c59a6e43, 33293, None)
[2025-12-21T17:03:49.991+0000] {subprocess.py:93} INFO - 25/12/21 17:03:49 INFO BlockManagerMasterEndpoint: Registering block manager 4a81c59a6e43:33293 with 434.4 MiB RAM, BlockManagerId(driver, 4a81c59a6e43, 33293, None)
[2025-12-21T17:03:49.996+0000] {subprocess.py:93} INFO - 25/12/21 17:03:49 INFO BlockManagerMaster: Registered BlockManager BlockManagerId(driver, 4a81c59a6e43, 33293, None)
[2025-12-21T17:03:49.998+0000] {subprocess.py:93} INFO - 25/12/21 17:03:49 INFO BlockManager: Initialized BlockManager: BlockManagerId(driver, 4a81c59a6e43, 33293, None)
[2025-12-21T17:03:50.036+0000] {subprocess.py:93} INFO - 25/12/21 17:03:50 INFO StandaloneAppClient$ClientEndpoint: Executor updated: app-20251221170349-0004/0 is now RUNNING
[2025-12-21T17:03:50.453+0000] {subprocess.py:93} INFO - 25/12/21 17:03:50 INFO StandaloneSchedulerBackend: SchedulerBackend is ready for scheduling beginning after reached minRegisteredResourcesRatio: 0.0
[2025-12-21T17:03:50.704+0000] {subprocess.py:93} INFO - 25/12/21 17:03:50 INFO SharedState: Setting hive.metastore.warehouse.dir ('null') to the value of spark.sql.warehouse.dir.
[2025-12-21T17:03:50.713+0000] {subprocess.py:93} INFO - 25/12/21 17:03:50 INFO SharedState: Warehouse path is 'file:/tmp/***tmpdetclyag/spark-warehouse'.
[2025-12-21T17:03:52.469+0000] {subprocess.py:93} INFO - 25/12/21 17:03:52 INFO client: MongoClient with metadata {"driver": {"name": "mongo-java-driver|sync|mongo-spark-connector|source", "version": "5.1.4|10.5.0"}, "os": {"type": "Linux", "name": "Linux", "architecture": "amd64", "version": "6.8.0-90-generic"}, "platform": "Java/Debian/17.0.17+10-Debian-1deb12u1|Scala/2.12.18/Spark/3.5.1", "env": {"container": {"runtime": "docker"}}} created with settings MongoClientSettings{readPreference=primary, writeConcern=WriteConcern{w=null, wTimeout=null ms, journal=null}, retryWrites=true, retryReads=true, readConcern=ReadConcern{level=null}, credential=MongoCredential{mechanism=null, userName='admin', source='admin', password=<hidden>, mechanismProperties=<hidden>}, transportSettings=null, commandListeners=[], codecRegistry=ProvidersCodecRegistry{codecProviders=[ValueCodecProvider{}, BsonValueCodecProvider{}, DBRefCodecProvider{}, DBObjectCodecProvider{}, DocumentCodecProvider{}, CollectionCodecProvider{}, IterableCodecProvider{}, MapCodecProvider{}, GeoJsonCodecProvider{}, GridFSFileCodecProvider{}, Jsr310CodecProvider{}, JsonObjectCodecProvider{}, BsonCodecProvider{}, EnumCodecProvider{}, com.mongodb.client.model.mql.ExpressionCodecProvider@4ad56d24, com.mongodb.Jep395RecordCodecProvider@1be1098e, com.mongodb.KotlinCodecProvider@1176775]}, loggerSettings=LoggerSettings{maxDocumentLength=1000}, clusterSettings={hosts=[mongodb:27017], srvServiceName=mongodb, mode=SINGLE, requiredClusterType=UNKNOWN, requiredReplicaSetName='null', serverSelector='null', clusterListeners='[]', serverSelectionTimeout='30000 ms', localThreshold='15 ms'}, socketSettings=SocketSettings{connectTimeoutMS=10000, readTimeoutMS=0, receiveBufferSize=0, proxySettings=ProxySettings{host=null, port=null, username=null, password=null}}, heartbeatSocketSettings=SocketSettings{connectTimeoutMS=10000, readTimeoutMS=10000, receiveBufferSize=0, proxySettings=ProxySettings{host=null, port=null, username=null, password=null}}, connectionPoolSettings=ConnectionPoolSettings{maxSize=100, minSize=0, maxWaitTimeMS=120000, maxConnectionLifeTimeMS=0, maxConnectionIdleTimeMS=0, maintenanceInitialDelayMS=0, maintenanceFrequencyMS=60000, connectionPoolListeners=[], maxConnecting=2}, serverSettings=ServerSettings{heartbeatFrequencyMS=10000, minHeartbeatFrequencyMS=500, serverMonitoringMode=AUTO, serverListeners='[]', serverMonitorListeners='[]'}, sslSettings=SslSettings{enabled=false, invalidHostNameAllowed=false, context=null}, applicationName='null', compressorList=[], uuidRepresentation=UNSPECIFIED, serverApi=null, autoEncryptionSettings=null, dnsClient=null, inetAddressResolver=null, contextProvider=null}
[2025-12-21T17:03:52.486+0000] {subprocess.py:93} INFO - 25/12/21 17:03:52 INFO cluster: Monitor thread successfully connected to server with description ServerDescription{address=mongodb:27017, type=STANDALONE, state=CONNECTED, ok=true, minWireVersion=0, maxWireVersion=21, maxDocumentSize=16777216, logicalSessionTimeoutMinutes=30, roundTripTimeNanos=47445766}
[2025-12-21T17:03:52.845+0000] {subprocess.py:93} INFO - 25/12/21 17:03:52 INFO MongoTable: Creating MongoTable: mongo-spark-connector-10.5.0
[2025-12-21T17:03:53.793+0000] {subprocess.py:93} INFO - 25/12/21 17:03:53 INFO StandaloneSchedulerBackend$StandaloneDriverEndpoint: Registered executor NettyRpcEndpointRef(spark-client://Executor) (172.18.0.5:53302) with ID 0,  ResourceProfileId 0
[2025-12-21T17:03:53.908+0000] {subprocess.py:93} INFO - 25/12/21 17:03:53 INFO BlockManagerMasterEndpoint: Registering block manager 172.18.0.5:41743 with 1048.8 MiB RAM, BlockManagerId(0, 172.18.0.5, 41743, None)
[2025-12-21T17:03:54.010+0000] {subprocess.py:93} INFO - 25/12/21 17:03:54 INFO V2ScanRelationPushDown:
[2025-12-21T17:03:54.011+0000] {subprocess.py:93} INFO - Output:
[2025-12-21T17:03:54.011+0000] {subprocess.py:93} INFO - 
[2025-12-21T17:03:54.244+0000] {subprocess.py:93} INFO - 25/12/21 17:03:54 INFO Partitioner: Getting collection stats for: services_publics.demandes
[2025-12-21T17:03:54.264+0000] {subprocess.py:93} INFO - 25/12/21 17:03:54 INFO Partitioner: Fewer documents (2717) than the calculated number of documents per partition (367816.0). Returning a single partition
[2025-12-21T17:03:54.318+0000] {subprocess.py:93} INFO - 25/12/21 17:03:54 INFO Partitioner: Getting collection stats for: services_publics.demandes
[2025-12-21T17:03:54.326+0000] {subprocess.py:93} INFO - 25/12/21 17:03:54 INFO Partitioner: Fewer documents (2717) than the calculated number of documents per partition (367816.0). Returning a single partition
[2025-12-21T17:03:54.854+0000] {subprocess.py:93} INFO - 25/12/21 17:03:54 INFO CodeGenerator: Code generated in 137.014626 ms
[2025-12-21T17:03:54.934+0000] {subprocess.py:93} INFO - 25/12/21 17:03:54 INFO DAGScheduler: Registering RDD 3 (count at NativeMethodAccessorImpl.java:0) as input to shuffle 0
[2025-12-21T17:03:54.945+0000] {subprocess.py:93} INFO - 25/12/21 17:03:54 INFO DAGScheduler: Got map stage job 0 (count at NativeMethodAccessorImpl.java:0) with 1 output partitions
[2025-12-21T17:03:54.945+0000] {subprocess.py:93} INFO - 25/12/21 17:03:54 INFO DAGScheduler: Final stage: ShuffleMapStage 0 (count at NativeMethodAccessorImpl.java:0)
[2025-12-21T17:03:54.946+0000] {subprocess.py:93} INFO - 25/12/21 17:03:54 INFO DAGScheduler: Parents of final stage: List()
[2025-12-21T17:03:54.949+0000] {subprocess.py:93} INFO - 25/12/21 17:03:54 INFO DAGScheduler: Missing parents: List()
[2025-12-21T17:03:54.956+0000] {subprocess.py:93} INFO - 25/12/21 17:03:54 INFO DAGScheduler: Submitting ShuffleMapStage 0 (MapPartitionsRDD[3] at count at NativeMethodAccessorImpl.java:0), which has no missing parents
[2025-12-21T17:03:55.122+0000] {subprocess.py:93} INFO - 25/12/21 17:03:55 INFO MemoryStore: Block broadcast_0 stored as values in memory (estimated size 14.3 KiB, free 434.4 MiB)
[2025-12-21T17:03:55.186+0000] {subprocess.py:93} INFO - 25/12/21 17:03:55 INFO MemoryStore: Block broadcast_0_piece0 stored as bytes in memory (estimated size 7.0 KiB, free 434.4 MiB)
[2025-12-21T17:03:55.189+0000] {subprocess.py:93} INFO - 25/12/21 17:03:55 INFO BlockManagerInfo: Added broadcast_0_piece0 in memory on 4a81c59a6e43:33293 (size: 7.0 KiB, free: 434.4 MiB)
[2025-12-21T17:03:55.196+0000] {subprocess.py:93} INFO - 25/12/21 17:03:55 INFO SparkContext: Created broadcast 0 from broadcast at DAGScheduler.scala:1585
[2025-12-21T17:03:55.220+0000] {subprocess.py:93} INFO - 25/12/21 17:03:55 INFO DAGScheduler: Submitting 1 missing tasks from ShuffleMapStage 0 (MapPartitionsRDD[3] at count at NativeMethodAccessorImpl.java:0) (first 15 tasks are for partitions Vector(0))
[2025-12-21T17:03:55.221+0000] {subprocess.py:93} INFO - 25/12/21 17:03:55 INFO TaskSchedulerImpl: Adding task set 0.0 with 1 tasks resource profile 0
[2025-12-21T17:03:55.295+0000] {subprocess.py:93} INFO - 25/12/21 17:03:55 INFO TaskSetManager: Starting task 0.0 in stage 0.0 (TID 0) (172.18.0.5, executor 0, partition 0, PROCESS_LOCAL, 8880 bytes)
[2025-12-21T17:03:55.697+0000] {subprocess.py:93} INFO - 25/12/21 17:03:55 INFO BlockManagerInfo: Added broadcast_0_piece0 in memory on 172.18.0.5:41743 (size: 7.0 KiB, free: 1048.8 MiB)
[2025-12-21T17:03:57.021+0000] {subprocess.py:93} INFO - 25/12/21 17:03:57 INFO TaskSetManager: Finished task 0.0 in stage 0.0 (TID 0) in 1763 ms on 172.18.0.5 (executor 0) (1/1)
[2025-12-21T17:03:57.024+0000] {subprocess.py:93} INFO - 25/12/21 17:03:57 INFO TaskSchedulerImpl: Removed TaskSet 0.0, whose tasks have all completed, from pool
[2025-12-21T17:03:57.039+0000] {subprocess.py:93} INFO - 25/12/21 17:03:57 INFO DAGScheduler: ShuffleMapStage 0 (count at NativeMethodAccessorImpl.java:0) finished in 2.047 s
[2025-12-21T17:03:57.039+0000] {subprocess.py:93} INFO - 25/12/21 17:03:57 INFO DAGScheduler: looking for newly runnable stages
[2025-12-21T17:03:57.039+0000] {subprocess.py:93} INFO - 25/12/21 17:03:57 INFO DAGScheduler: running: Set()
[2025-12-21T17:03:57.039+0000] {subprocess.py:93} INFO - 25/12/21 17:03:57 INFO DAGScheduler: waiting: Set()
[2025-12-21T17:03:57.039+0000] {subprocess.py:93} INFO - 25/12/21 17:03:57 INFO DAGScheduler: failed: Set()
[2025-12-21T17:03:57.074+0000] {subprocess.py:93} INFO - 25/12/21 17:03:57 INFO CodeGenerator: Code generated in 11.793562 ms
[2025-12-21T17:03:57.110+0000] {subprocess.py:93} INFO - 25/12/21 17:03:57 INFO SparkContext: Starting job: count at NativeMethodAccessorImpl.java:0
[2025-12-21T17:03:57.112+0000] {subprocess.py:93} INFO - 25/12/21 17:03:57 INFO DAGScheduler: Got job 1 (count at NativeMethodAccessorImpl.java:0) with 1 output partitions
[2025-12-21T17:03:57.114+0000] {subprocess.py:93} INFO - 25/12/21 17:03:57 INFO DAGScheduler: Final stage: ResultStage 2 (count at NativeMethodAccessorImpl.java:0)
[2025-12-21T17:03:57.116+0000] {subprocess.py:93} INFO - 25/12/21 17:03:57 INFO DAGScheduler: Parents of final stage: List(ShuffleMapStage 1)
[2025-12-21T17:03:57.116+0000] {subprocess.py:93} INFO - 25/12/21 17:03:57 INFO DAGScheduler: Missing parents: List()
[2025-12-21T17:03:57.117+0000] {subprocess.py:93} INFO - 25/12/21 17:03:57 INFO DAGScheduler: Submitting ResultStage 2 (MapPartitionsRDD[6] at count at NativeMethodAccessorImpl.java:0), which has no missing parents
[2025-12-21T17:03:57.129+0000] {subprocess.py:93} INFO - 25/12/21 17:03:57 INFO MemoryStore: Block broadcast_1 stored as values in memory (estimated size 12.5 KiB, free 434.4 MiB)
[2025-12-21T17:03:57.140+0000] {subprocess.py:93} INFO - 25/12/21 17:03:57 INFO MemoryStore: Block broadcast_1_piece0 stored as bytes in memory (estimated size 5.9 KiB, free 434.4 MiB)
[2025-12-21T17:03:57.142+0000] {subprocess.py:93} INFO - 25/12/21 17:03:57 INFO BlockManagerInfo: Added broadcast_1_piece0 in memory on 4a81c59a6e43:33293 (size: 5.9 KiB, free: 434.4 MiB)
[2025-12-21T17:03:57.145+0000] {subprocess.py:93} INFO - 25/12/21 17:03:57 INFO SparkContext: Created broadcast 1 from broadcast at DAGScheduler.scala:1585
[2025-12-21T17:03:57.158+0000] {subprocess.py:93} INFO - 25/12/21 17:03:57 INFO DAGScheduler: Submitting 1 missing tasks from ResultStage 2 (MapPartitionsRDD[6] at count at NativeMethodAccessorImpl.java:0) (first 15 tasks are for partitions Vector(0))
[2025-12-21T17:03:57.159+0000] {subprocess.py:93} INFO - 25/12/21 17:03:57 INFO TaskSchedulerImpl: Adding task set 2.0 with 1 tasks resource profile 0
[2025-12-21T17:03:57.175+0000] {subprocess.py:93} INFO - 25/12/21 17:03:57 INFO TaskSetManager: Starting task 0.0 in stage 2.0 (TID 1) (172.18.0.5, executor 0, partition 0, NODE_LOCAL, 8635 bytes)
[2025-12-21T17:03:57.188+0000] {subprocess.py:93} INFO - 25/12/21 17:03:57 INFO BlockManagerInfo: Removed broadcast_0_piece0 on 4a81c59a6e43:33293 in memory (size: 7.0 KiB, free: 434.4 MiB)
[2025-12-21T17:03:57.220+0000] {subprocess.py:93} INFO - 25/12/21 17:03:57 INFO BlockManagerInfo: Removed broadcast_0_piece0 on 172.18.0.5:41743 in memory (size: 7.0 KiB, free: 1048.8 MiB)
[2025-12-21T17:03:57.243+0000] {subprocess.py:93} INFO - 25/12/21 17:03:57 INFO BlockManagerInfo: Added broadcast_1_piece0 in memory on 172.18.0.5:41743 (size: 5.9 KiB, free: 1048.8 MiB)
[2025-12-21T17:03:57.347+0000] {subprocess.py:93} INFO - 25/12/21 17:03:57 INFO MapOutputTrackerMasterEndpoint: Asked to send map output locations for shuffle 0 to 172.18.0.5:53302
[2025-12-21T17:03:57.499+0000] {subprocess.py:93} INFO - 25/12/21 17:03:57 INFO TaskSetManager: Finished task 0.0 in stage 2.0 (TID 1) in 329 ms on 172.18.0.5 (executor 0) (1/1)
[2025-12-21T17:03:57.499+0000] {subprocess.py:93} INFO - 25/12/21 17:03:57 INFO TaskSchedulerImpl: Removed TaskSet 2.0, whose tasks have all completed, from pool
[2025-12-21T17:03:57.504+0000] {subprocess.py:93} INFO - 25/12/21 17:03:57 INFO DAGScheduler: ResultStage 2 (count at NativeMethodAccessorImpl.java:0) finished in 0.380 s
[2025-12-21T17:03:57.507+0000] {subprocess.py:93} INFO - 25/12/21 17:03:57 INFO DAGScheduler: Job 1 is finished. Cancelling potential speculative or zombie tasks for this job
[2025-12-21T17:03:57.510+0000] {subprocess.py:93} INFO - 25/12/21 17:03:57 INFO TaskSchedulerImpl: Killing all running tasks in stage 2: Stage finished
[2025-12-21T17:03:57.510+0000] {subprocess.py:93} INFO - 25/12/21 17:03:57 INFO DAGScheduler: Job 1 finished: count at NativeMethodAccessorImpl.java:0, took 0.399433 s
[2025-12-21T17:03:57.524+0000] {subprocess.py:93} INFO - 📥 Nombre de documents MongoDB : 2717
[2025-12-21T17:03:57.527+0000] {subprocess.py:93} INFO - 
[2025-12-21T17:03:57.528+0000] {subprocess.py:93} INFO - 📋 Schéma MongoDB :
[2025-12-21T17:03:57.530+0000] {subprocess.py:93} INFO - root
[2025-12-21T17:03:57.531+0000] {subprocess.py:93} INFO -  |-- _id: string (nullable = true)
[2025-12-21T17:03:57.531+0000] {subprocess.py:93} INFO -  |-- comment: void (nullable = true)
[2025-12-21T17:03:57.532+0000] {subprocess.py:93} INFO -  |-- date_creation: string (nullable = true)
[2025-12-21T17:03:57.534+0000] {subprocess.py:93} INFO -  |-- delai_traitement: integer (nullable = true)
[2025-12-21T17:03:57.534+0000] {subprocess.py:93} INFO -  |-- description: string (nullable = true)
[2025-12-21T17:03:57.534+0000] {subprocess.py:93} INFO -  |-- event_date: string (nullable = true)
[2025-12-21T17:03:57.534+0000] {subprocess.py:93} INFO -  |-- localisation: struct (nullable = true)
[2025-12-21T17:03:57.535+0000] {subprocess.py:93} INFO -  |    |-- commune: string (nullable = true)
[2025-12-21T17:03:57.535+0000] {subprocess.py:93} INFO -  |    |-- quartier: string (nullable = true)
[2025-12-21T17:03:57.535+0000] {subprocess.py:93} INFO -  |-- location: struct (nullable = true)
[2025-12-21T17:03:57.535+0000] {subprocess.py:93} INFO -  |    |-- commune: string (nullable = true)
[2025-12-21T17:03:57.535+0000] {subprocess.py:93} INFO -  |-- service: string (nullable = true)
[2025-12-21T17:03:57.535+0000] {subprocess.py:93} INFO -  |-- statut: string (nullable = true)
[2025-12-21T17:03:57.535+0000] {subprocess.py:93} INFO -  |-- type_demande: string (nullable = true)
[2025-12-21T17:03:57.535+0000] {subprocess.py:93} INFO - 
[2025-12-21T17:03:57.753+0000] {subprocess.py:93} INFO - Traceback (most recent call last):
[2025-12-21T17:03:57.753+0000] {subprocess.py:93} INFO -   File "/opt/***/spark_jobs/ingestion.py", line 34, in <module>
[2025-12-21T17:03:57.754+0000] {subprocess.py:93} INFO -     .withColumn(
[2025-12-21T17:03:57.754+0000] {subprocess.py:93} INFO -   File "/opt/spark/python/lib/pyspark.zip/pyspark/sql/dataframe.py", line 5174, in withColumn
[2025-12-21T17:03:57.754+0000] {subprocess.py:93} INFO -   File "/opt/spark/python/lib/py4j-0.10.9.7-src.zip/py4j/java_gateway.py", line 1322, in __call__
[2025-12-21T17:03:57.754+0000] {subprocess.py:93} INFO -   File "/opt/spark/python/lib/pyspark.zip/pyspark/errors/exceptions/captured.py", line 185, in deco
[2025-12-21T17:03:57.760+0000] {subprocess.py:93} INFO - pyspark.errors.exceptions.captured.AnalysisException: [UNRESOLVED_COLUMN.WITH_SUGGESTION] A column or function parameter with name `event`.`id` cannot be resolved. Did you mean one of the following? [`_id`, `event_date`, `statut`, `comment`, `service`].;
[2025-12-21T17:03:57.761+0000] {subprocess.py:93} INFO - 'Project [_id#0, comment#1, date_creation#2, delai_traitement#3, description#4, event_date#5, localisation#6, location#7, service#8, statut#9, type_demande#10, coalesce('event.id, 'request_id, _id#0) AS id#41]
[2025-12-21T17:03:57.762+0000] {subprocess.py:93} INFO - +- RelationV2[_id#0, comment#1, date_creation#2, delai_traitement#3, description#4, event_date#5, localisation#6, location#7, service#8, statut#9, type_demande#10]  MongoTable()
[2025-12-21T17:03:57.763+0000] {subprocess.py:93} INFO - 
[2025-12-21T17:03:57.806+0000] {subprocess.py:93} INFO - 25/12/21 17:03:57 INFO SparkContext: Invoking stop() from shutdown hook
[2025-12-21T17:03:57.807+0000] {subprocess.py:93} INFO - 25/12/21 17:03:57 INFO SparkContext: SparkContext is stopping with exitCode 0.
[2025-12-21T17:03:57.815+0000] {subprocess.py:93} INFO - 25/12/21 17:03:57 INFO SparkUI: Stopped Spark web UI at http://4a81c59a6e43:4040
[2025-12-21T17:03:57.818+0000] {subprocess.py:93} INFO - 25/12/21 17:03:57 INFO StandaloneSchedulerBackend: Shutting down all executors
[2025-12-21T17:03:57.818+0000] {subprocess.py:93} INFO - 25/12/21 17:03:57 INFO StandaloneSchedulerBackend$StandaloneDriverEndpoint: Asking each executor to shut down
[2025-12-21T17:03:57.834+0000] {subprocess.py:93} INFO - 25/12/21 17:03:57 INFO MapOutputTrackerMasterEndpoint: MapOutputTrackerMasterEndpoint stopped!
[2025-12-21T17:03:57.849+0000] {subprocess.py:93} INFO - 25/12/21 17:03:57 INFO MemoryStore: MemoryStore cleared
[2025-12-21T17:03:57.850+0000] {subprocess.py:93} INFO - 25/12/21 17:03:57 INFO BlockManager: BlockManager stopped
[2025-12-21T17:03:57.854+0000] {subprocess.py:93} INFO - 25/12/21 17:03:57 INFO BlockManagerMaster: BlockManagerMaster stopped
[2025-12-21T17:03:57.857+0000] {subprocess.py:93} INFO - 25/12/21 17:03:57 INFO OutputCommitCoordinator$OutputCommitCoordinatorEndpoint: OutputCommitCoordinator stopped!
[2025-12-21T17:03:57.876+0000] {subprocess.py:93} INFO - 25/12/21 17:03:57 INFO SparkContext: Successfully stopped SparkContext
[2025-12-21T17:03:57.876+0000] {subprocess.py:93} INFO - 25/12/21 17:03:57 INFO ShutdownHookManager: Shutdown hook called
[2025-12-21T17:03:57.877+0000] {subprocess.py:93} INFO - 25/12/21 17:03:57 INFO ShutdownHookManager: Deleting directory /tmp/spark-ef26075b-f2b0-4d91-aabd-c8faefd36e03
[2025-12-21T17:03:57.881+0000] {subprocess.py:93} INFO - 25/12/21 17:03:57 INFO ShutdownHookManager: Deleting directory /tmp/spark-ef26075b-f2b0-4d91-aabd-c8faefd36e03/pyspark-aca024ed-b480-4ba1-8b9e-1deb2cc1a6cc
[2025-12-21T17:03:57.886+0000] {subprocess.py:93} INFO - 25/12/21 17:03:57 INFO ShutdownHookManager: Deleting directory /tmp/spark-452d96d8-50a8-4ce6-93c6-3fe9402e9077
[2025-12-21T17:03:58.317+0000] {subprocess.py:97} INFO - Command exited with return code 1
[2025-12-21T17:03:58.375+0000] {taskinstance.py:2699} ERROR - Task failed with exception
Traceback (most recent call last):
  File "/home/airflow/.local/lib/python3.10/site-packages/airflow/models/taskinstance.py", line 433, in _execute_task
    result = execute_callable(context=context, **execute_callable_kwargs)
  File "/home/airflow/.local/lib/python3.10/site-packages/airflow/operators/bash.py", line 212, in execute
    raise AirflowException(
airflow.exceptions.AirflowException: Bash command failed. The command returned a non-zero exit code 1.
[2025-12-21T17:03:58.387+0000] {taskinstance.py:1138} INFO - Marking task as UP_FOR_RETRY. dag_id=pipeline_services_publics_togo, task_id=ingestion_mongodb, execution_date=20251221T165813, start_date=20251221T170340, end_date=20251221T170358
[2025-12-21T17:03:58.473+0000] {standard_task_runner.py:107} ERROR - Failed to execute job 33 for task ingestion_mongodb (Bash command failed. The command returned a non-zero exit code 1.; 398)
[2025-12-21T17:03:58.492+0000] {local_task_job_runner.py:234} INFO - Task exited with return code 1
[2025-12-21T17:03:58.520+0000] {taskinstance.py:3281} INFO - 0 downstream tasks scheduled from follow-on schedule check
