[2025-12-21T16:58:22.162+0000] {taskinstance.py:1957} INFO - Dependencies all met for dep_context=non-requeueable deps ti=<TaskInstance: pipeline_services_publics_togo.ingestion_mongodb manual__2025-12-21T16:58:13.460566+00:00 [queued]>
[2025-12-21T16:58:22.172+0000] {taskinstance.py:1957} INFO - Dependencies all met for dep_context=requeueable deps ti=<TaskInstance: pipeline_services_publics_togo.ingestion_mongodb manual__2025-12-21T16:58:13.460566+00:00 [queued]>
[2025-12-21T16:58:22.173+0000] {taskinstance.py:2171} INFO - Starting attempt 1 of 3
[2025-12-21T16:58:22.195+0000] {taskinstance.py:2192} INFO - Executing <Task(BashOperator): ingestion_mongodb> on 2025-12-21 16:58:13.460566+00:00
[2025-12-21T16:58:22.200+0000] {standard_task_runner.py:60} INFO - Started process 186 to run task
[2025-12-21T16:58:22.204+0000] {standard_task_runner.py:87} INFO - Running: ['***', 'tasks', 'run', 'pipeline_services_publics_togo', 'ingestion_mongodb', 'manual__2025-12-21T16:58:13.460566+00:00', '--job-id', '32', '--raw', '--subdir', 'DAGS_FOLDER/pipeline_services_publics.py', '--cfg-path', '/tmp/tmpwe8no98n']
[2025-12-21T16:58:22.207+0000] {standard_task_runner.py:88} INFO - Job 32: Subtask ingestion_mongodb
[2025-12-21T16:58:22.278+0000] {task_command.py:423} INFO - Running <TaskInstance: pipeline_services_publics_togo.ingestion_mongodb manual__2025-12-21T16:58:13.460566+00:00 [running]> on host 4a81c59a6e43
[2025-12-21T16:58:22.390+0000] {taskinstance.py:2481} INFO - Exporting env vars: AIRFLOW_CTX_DAG_OWNER='data-engineer' AIRFLOW_CTX_DAG_ID='pipeline_services_publics_togo' AIRFLOW_CTX_TASK_ID='ingestion_mongodb' AIRFLOW_CTX_EXECUTION_DATE='2025-12-21T16:58:13.460566+00:00' AIRFLOW_CTX_TRY_NUMBER='1' AIRFLOW_CTX_DAG_RUN_ID='manual__2025-12-21T16:58:13.460566+00:00'
[2025-12-21T16:58:22.391+0000] {subprocess.py:63} INFO - Tmp dir root location: /tmp
[2025-12-21T16:58:22.391+0000] {subprocess.py:75} INFO - Running command: ['/usr/bin/bash', '-c', '\n    /opt/spark/bin/spark-submit       --master spark://spark-master:7077       --packages org.mongodb.spark:mongo-spark-connector_2.12:10.5.0       --executor-memory 2G       --driver-memory 1G       /opt/***/spark_jobs/ingestion.py\n    ']
[2025-12-21T16:58:22.405+0000] {subprocess.py:86} INFO - Output:
[2025-12-21T16:58:24.260+0000] {subprocess.py:93} INFO - :: loading settings :: url = jar:file:/opt/spark/jars/ivy-2.5.1.jar!/org/apache/ivy/core/settings/ivysettings.xml
[2025-12-21T16:58:24.379+0000] {subprocess.py:93} INFO - Ivy Default Cache set to: /home/***/.ivy2/cache
[2025-12-21T16:58:24.380+0000] {subprocess.py:93} INFO - The jars for the packages stored in: /home/***/.ivy2/jars
[2025-12-21T16:58:24.395+0000] {subprocess.py:93} INFO - org.mongodb.spark#mongo-spark-connector_2.12 added as a dependency
[2025-12-21T16:58:24.396+0000] {subprocess.py:93} INFO - :: resolving dependencies :: org.apache.spark#spark-submit-parent-36fade7c-4af8-44cc-8723-05c28889ae8e;1.0
[2025-12-21T16:58:24.396+0000] {subprocess.py:93} INFO - 	confs: [default]
[2025-12-21T16:58:24.494+0000] {subprocess.py:93} INFO - 	found org.mongodb.spark#mongo-spark-connector_2.12;10.5.0 in central
[2025-12-21T16:58:28.672+0000] {subprocess.py:93} INFO - 	found org.mongodb#mongodb-driver-sync;5.1.4 in central
[2025-12-21T16:58:28.675+0000] {subprocess.py:93} INFO - 	[5.1.4] org.mongodb#mongodb-driver-sync;[5.1.1,5.1.99)
[2025-12-21T16:58:28.756+0000] {subprocess.py:93} INFO - 	found org.mongodb#bson;5.1.4 in central
[2025-12-21T16:58:28.937+0000] {subprocess.py:93} INFO - 	found org.mongodb#mongodb-driver-core;5.1.4 in central
[2025-12-21T16:58:29.002+0000] {subprocess.py:93} INFO - 	found org.mongodb#bson-record-codec;5.1.4 in central
[2025-12-21T16:58:29.029+0000] {subprocess.py:93} INFO - :: resolution report :: resolve 4629ms :: artifacts dl 10ms
[2025-12-21T16:58:29.029+0000] {subprocess.py:93} INFO - 	:: modules in use:
[2025-12-21T16:58:29.030+0000] {subprocess.py:93} INFO - 	org.mongodb#bson;5.1.4 from central in [default]
[2025-12-21T16:58:29.032+0000] {subprocess.py:93} INFO - 	org.mongodb#bson-record-codec;5.1.4 from central in [default]
[2025-12-21T16:58:29.032+0000] {subprocess.py:93} INFO - 	org.mongodb#mongodb-driver-core;5.1.4 from central in [default]
[2025-12-21T16:58:29.032+0000] {subprocess.py:93} INFO - 	org.mongodb#mongodb-driver-sync;5.1.4 from central in [default]
[2025-12-21T16:58:29.032+0000] {subprocess.py:93} INFO - 	org.mongodb.spark#mongo-spark-connector_2.12;10.5.0 from central in [default]
[2025-12-21T16:58:29.032+0000] {subprocess.py:93} INFO - 	---------------------------------------------------------------------
[2025-12-21T16:58:29.032+0000] {subprocess.py:93} INFO - 	|                  |            modules            ||   artifacts   |
[2025-12-21T16:58:29.032+0000] {subprocess.py:93} INFO - 	|       conf       | number| search|dwnlded|evicted|| number|dwnlded|
[2025-12-21T16:58:29.032+0000] {subprocess.py:93} INFO - 	---------------------------------------------------------------------
[2025-12-21T16:58:29.033+0000] {subprocess.py:93} INFO - 	|      default     |   5   |   1   |   0   |   0   ||   5   |   0   |
[2025-12-21T16:58:29.033+0000] {subprocess.py:93} INFO - 	---------------------------------------------------------------------
[2025-12-21T16:58:29.036+0000] {subprocess.py:93} INFO - :: retrieving :: org.apache.spark#spark-submit-parent-36fade7c-4af8-44cc-8723-05c28889ae8e
[2025-12-21T16:58:29.038+0000] {subprocess.py:93} INFO - 	confs: [default]
[2025-12-21T16:58:29.045+0000] {subprocess.py:93} INFO - 	0 artifacts copied, 5 already retrieved (0kB/6ms)
[2025-12-21T16:58:29.219+0000] {subprocess.py:93} INFO - 25/12/21 16:58:29 WARN NativeCodeLoader: Unable to load native-hadoop library for your platform... using builtin-java classes where applicable
[2025-12-21T16:58:30.172+0000] {subprocess.py:93} INFO - 25/12/21 16:58:30 INFO SparkContext: Running Spark version 3.5.1
[2025-12-21T16:58:30.172+0000] {subprocess.py:93} INFO - 25/12/21 16:58:30 INFO SparkContext: OS info Linux, 6.8.0-90-generic, amd64
[2025-12-21T16:58:30.173+0000] {subprocess.py:93} INFO - 25/12/21 16:58:30 INFO SparkContext: Java version 17.0.17
[2025-12-21T16:58:30.216+0000] {subprocess.py:93} INFO - 25/12/21 16:58:30 INFO ResourceUtils: ==============================================================
[2025-12-21T16:58:30.218+0000] {subprocess.py:93} INFO - 25/12/21 16:58:30 INFO ResourceUtils: No custom resources configured for spark.driver.
[2025-12-21T16:58:30.218+0000] {subprocess.py:93} INFO - 25/12/21 16:58:30 INFO ResourceUtils: ==============================================================
[2025-12-21T16:58:30.218+0000] {subprocess.py:93} INFO - 25/12/21 16:58:30 INFO SparkContext: Submitted application: Ingestion_MongoDB_Raw
[2025-12-21T16:58:30.240+0000] {subprocess.py:93} INFO - 25/12/21 16:58:30 INFO ResourceProfile: Default ResourceProfile created, executor resources: Map(memory -> name: memory, amount: 2048, script: , vendor: , offHeap -> name: offHeap, amount: 0, script: , vendor: ), task resources: Map(cpus -> name: cpus, amount: 1.0)
[2025-12-21T16:58:30.249+0000] {subprocess.py:93} INFO - 25/12/21 16:58:30 INFO ResourceProfile: Limiting resource is cpu
[2025-12-21T16:58:30.249+0000] {subprocess.py:93} INFO - 25/12/21 16:58:30 INFO ResourceProfileManager: Added ResourceProfile id: 0
[2025-12-21T16:58:30.297+0000] {subprocess.py:93} INFO - 25/12/21 16:58:30 INFO SecurityManager: Changing view acls to: ***
[2025-12-21T16:58:30.298+0000] {subprocess.py:93} INFO - 25/12/21 16:58:30 INFO SecurityManager: Changing modify acls to: ***
[2025-12-21T16:58:30.298+0000] {subprocess.py:93} INFO - 25/12/21 16:58:30 INFO SecurityManager: Changing view acls groups to:
[2025-12-21T16:58:30.298+0000] {subprocess.py:93} INFO - 25/12/21 16:58:30 INFO SecurityManager: Changing modify acls groups to:
[2025-12-21T16:58:30.300+0000] {subprocess.py:93} INFO - 25/12/21 16:58:30 INFO SecurityManager: SecurityManager: authentication disabled; ui acls disabled; users with view permissions: ***; groups with view permissions: EMPTY; users with modify permissions: ***; groups with modify permissions: EMPTY
[2025-12-21T16:58:30.511+0000] {subprocess.py:93} INFO - 25/12/21 16:58:30 INFO Utils: Successfully started service 'sparkDriver' on port 40369.
[2025-12-21T16:58:30.535+0000] {subprocess.py:93} INFO - 25/12/21 16:58:30 INFO SparkEnv: Registering MapOutputTracker
[2025-12-21T16:58:30.565+0000] {subprocess.py:93} INFO - 25/12/21 16:58:30 INFO SparkEnv: Registering BlockManagerMaster
[2025-12-21T16:58:30.580+0000] {subprocess.py:93} INFO - 25/12/21 16:58:30 INFO BlockManagerMasterEndpoint: Using org.apache.spark.storage.DefaultTopologyMapper for getting topology information
[2025-12-21T16:58:30.581+0000] {subprocess.py:93} INFO - 25/12/21 16:58:30 INFO BlockManagerMasterEndpoint: BlockManagerMasterEndpoint up
[2025-12-21T16:58:30.584+0000] {subprocess.py:93} INFO - 25/12/21 16:58:30 INFO SparkEnv: Registering BlockManagerMasterHeartbeat
[2025-12-21T16:58:30.600+0000] {subprocess.py:93} INFO - 25/12/21 16:58:30 INFO DiskBlockManager: Created local directory at /tmp/blockmgr-67bcd87f-35e1-4a19-930e-89fa736ba4f7
[2025-12-21T16:58:30.611+0000] {subprocess.py:93} INFO - 25/12/21 16:58:30 INFO MemoryStore: MemoryStore started with capacity 434.4 MiB
[2025-12-21T16:58:30.624+0000] {subprocess.py:93} INFO - 25/12/21 16:58:30 INFO SparkEnv: Registering OutputCommitCoordinator
[2025-12-21T16:58:30.730+0000] {subprocess.py:93} INFO - 25/12/21 16:58:30 INFO JettyUtils: Start Jetty 0.0.0.0:4040 for SparkUI
[2025-12-21T16:58:30.846+0000] {subprocess.py:93} INFO - 25/12/21 16:58:30 INFO Utils: Successfully started service 'SparkUI' on port 4040.
[2025-12-21T16:58:30.912+0000] {subprocess.py:93} INFO - 25/12/21 16:58:30 INFO SparkContext: Added JAR file:///home/***/.ivy2/jars/org.mongodb.spark_mongo-spark-connector_2.12-10.5.0.jar at spark://4a81c59a6e43:40369/jars/org.mongodb.spark_mongo-spark-connector_2.12-10.5.0.jar with timestamp 1766336310165
[2025-12-21T16:58:30.913+0000] {subprocess.py:93} INFO - 25/12/21 16:58:30 INFO SparkContext: Added JAR file:///home/***/.ivy2/jars/org.mongodb_mongodb-driver-sync-5.1.4.jar at spark://4a81c59a6e43:40369/jars/org.mongodb_mongodb-driver-sync-5.1.4.jar with timestamp 1766336310165
[2025-12-21T16:58:30.913+0000] {subprocess.py:93} INFO - 25/12/21 16:58:30 INFO SparkContext: Added JAR file:///home/***/.ivy2/jars/org.mongodb_bson-5.1.4.jar at spark://4a81c59a6e43:40369/jars/org.mongodb_bson-5.1.4.jar with timestamp 1766336310165
[2025-12-21T16:58:30.916+0000] {subprocess.py:93} INFO - 25/12/21 16:58:30 INFO SparkContext: Added JAR file:///home/***/.ivy2/jars/org.mongodb_mongodb-driver-core-5.1.4.jar at spark://4a81c59a6e43:40369/jars/org.mongodb_mongodb-driver-core-5.1.4.jar with timestamp 1766336310165
[2025-12-21T16:58:30.916+0000] {subprocess.py:93} INFO - 25/12/21 16:58:30 INFO SparkContext: Added JAR file:///home/***/.ivy2/jars/org.mongodb_bson-record-codec-5.1.4.jar at spark://4a81c59a6e43:40369/jars/org.mongodb_bson-record-codec-5.1.4.jar with timestamp 1766336310165
[2025-12-21T16:58:30.922+0000] {subprocess.py:93} INFO - 25/12/21 16:58:30 INFO SparkContext: Added file file:///home/***/.ivy2/jars/org.mongodb.spark_mongo-spark-connector_2.12-10.5.0.jar at spark://4a81c59a6e43:40369/files/org.mongodb.spark_mongo-spark-connector_2.12-10.5.0.jar with timestamp 1766336310165
[2025-12-21T16:58:30.924+0000] {subprocess.py:93} INFO - 25/12/21 16:58:30 INFO Utils: Copying /home/***/.ivy2/jars/org.mongodb.spark_mongo-spark-connector_2.12-10.5.0.jar to /tmp/spark-4995e8c3-3a8b-45d7-a9f4-af6b025d854a/userFiles-a8e9b31c-eee7-49f4-a1a9-17f91b19e44e/org.mongodb.spark_mongo-spark-connector_2.12-10.5.0.jar
[2025-12-21T16:58:30.943+0000] {subprocess.py:93} INFO - 25/12/21 16:58:30 INFO SparkContext: Added file file:///home/***/.ivy2/jars/org.mongodb_mongodb-driver-sync-5.1.4.jar at spark://4a81c59a6e43:40369/files/org.mongodb_mongodb-driver-sync-5.1.4.jar with timestamp 1766336310165
[2025-12-21T16:58:30.944+0000] {subprocess.py:93} INFO - 25/12/21 16:58:30 INFO Utils: Copying /home/***/.ivy2/jars/org.mongodb_mongodb-driver-sync-5.1.4.jar to /tmp/spark-4995e8c3-3a8b-45d7-a9f4-af6b025d854a/userFiles-a8e9b31c-eee7-49f4-a1a9-17f91b19e44e/org.mongodb_mongodb-driver-sync-5.1.4.jar
[2025-12-21T16:58:30.965+0000] {subprocess.py:93} INFO - 25/12/21 16:58:30 INFO SparkContext: Added file file:///home/***/.ivy2/jars/org.mongodb_bson-5.1.4.jar at spark://4a81c59a6e43:40369/files/org.mongodb_bson-5.1.4.jar with timestamp 1766336310165
[2025-12-21T16:58:30.965+0000] {subprocess.py:93} INFO - 25/12/21 16:58:30 INFO Utils: Copying /home/***/.ivy2/jars/org.mongodb_bson-5.1.4.jar to /tmp/spark-4995e8c3-3a8b-45d7-a9f4-af6b025d854a/userFiles-a8e9b31c-eee7-49f4-a1a9-17f91b19e44e/org.mongodb_bson-5.1.4.jar
[2025-12-21T16:58:30.985+0000] {subprocess.py:93} INFO - 25/12/21 16:58:30 INFO SparkContext: Added file file:///home/***/.ivy2/jars/org.mongodb_mongodb-driver-core-5.1.4.jar at spark://4a81c59a6e43:40369/files/org.mongodb_mongodb-driver-core-5.1.4.jar with timestamp 1766336310165
[2025-12-21T16:58:30.986+0000] {subprocess.py:93} INFO - 25/12/21 16:58:30 INFO Utils: Copying /home/***/.ivy2/jars/org.mongodb_mongodb-driver-core-5.1.4.jar to /tmp/spark-4995e8c3-3a8b-45d7-a9f4-af6b025d854a/userFiles-a8e9b31c-eee7-49f4-a1a9-17f91b19e44e/org.mongodb_mongodb-driver-core-5.1.4.jar
[2025-12-21T16:58:31.006+0000] {subprocess.py:93} INFO - 25/12/21 16:58:30 INFO SparkContext: Added file file:///home/***/.ivy2/jars/org.mongodb_bson-record-codec-5.1.4.jar at spark://4a81c59a6e43:40369/files/org.mongodb_bson-record-codec-5.1.4.jar with timestamp 1766336310165
[2025-12-21T16:58:31.006+0000] {subprocess.py:93} INFO - 25/12/21 16:58:30 INFO Utils: Copying /home/***/.ivy2/jars/org.mongodb_bson-record-codec-5.1.4.jar to /tmp/spark-4995e8c3-3a8b-45d7-a9f4-af6b025d854a/userFiles-a8e9b31c-eee7-49f4-a1a9-17f91b19e44e/org.mongodb_bson-record-codec-5.1.4.jar
[2025-12-21T16:58:31.123+0000] {subprocess.py:93} INFO - 25/12/21 16:58:31 INFO StandaloneAppClient$ClientEndpoint: Connecting to master spark://spark-master:7077...
[2025-12-21T16:58:31.181+0000] {subprocess.py:93} INFO - 25/12/21 16:58:31 INFO TransportClientFactory: Successfully created connection to spark-master/172.18.0.2:7077 after 28 ms (0 ms spent in bootstraps)
[2025-12-21T16:58:31.281+0000] {subprocess.py:93} INFO - 25/12/21 16:58:31 INFO StandaloneSchedulerBackend: Connected to Spark cluster with app ID app-20251221165831-0003
[2025-12-21T16:58:31.289+0000] {subprocess.py:93} INFO - 25/12/21 16:58:31 INFO StandaloneAppClient$ClientEndpoint: Executor added: app-20251221165831-0003/0 on worker-20251221164216-172.18.0.5-41713 (172.18.0.5:41713) with 2 core(s)
[2025-12-21T16:58:31.309+0000] {subprocess.py:93} INFO - 25/12/21 16:58:31 INFO StandaloneSchedulerBackend: Granted executor ID app-20251221165831-0003/0 on hostPort 172.18.0.5:41713 with 2 core(s), 2.0 GiB RAM
[2025-12-21T16:58:31.323+0000] {subprocess.py:93} INFO - 25/12/21 16:58:31 INFO Utils: Successfully started service 'org.apache.spark.network.netty.NettyBlockTransferService' on port 37265.
[2025-12-21T16:58:31.324+0000] {subprocess.py:93} INFO - 25/12/21 16:58:31 INFO NettyBlockTransferService: Server created on 4a81c59a6e43:37265
[2025-12-21T16:58:31.326+0000] {subprocess.py:93} INFO - 25/12/21 16:58:31 INFO BlockManager: Using org.apache.spark.storage.RandomBlockReplicationPolicy for block replication policy
[2025-12-21T16:58:31.326+0000] {subprocess.py:93} INFO - 25/12/21 16:58:31 INFO BlockManagerMaster: Registering BlockManager BlockManagerId(driver, 4a81c59a6e43, 37265, None)
[2025-12-21T16:58:31.332+0000] {subprocess.py:93} INFO - 25/12/21 16:58:31 INFO StandaloneAppClient$ClientEndpoint: Executor updated: app-20251221165831-0003/0 is now RUNNING
[2025-12-21T16:58:31.333+0000] {subprocess.py:93} INFO - 25/12/21 16:58:31 INFO BlockManagerMasterEndpoint: Registering block manager 4a81c59a6e43:37265 with 434.4 MiB RAM, BlockManagerId(driver, 4a81c59a6e43, 37265, None)
[2025-12-21T16:58:31.335+0000] {subprocess.py:93} INFO - 25/12/21 16:58:31 INFO BlockManagerMaster: Registered BlockManager BlockManagerId(driver, 4a81c59a6e43, 37265, None)
[2025-12-21T16:58:31.346+0000] {subprocess.py:93} INFO - 25/12/21 16:58:31 INFO BlockManager: Initialized BlockManager: BlockManagerId(driver, 4a81c59a6e43, 37265, None)
[2025-12-21T16:58:31.602+0000] {subprocess.py:93} INFO - 25/12/21 16:58:31 INFO StandaloneSchedulerBackend: SchedulerBackend is ready for scheduling beginning after reached minRegisteredResourcesRatio: 0.0
[2025-12-21T16:58:31.827+0000] {subprocess.py:93} INFO - 25/12/21 16:58:31 INFO SharedState: Setting hive.metastore.warehouse.dir ('null') to the value of spark.sql.warehouse.dir.
[2025-12-21T16:58:31.832+0000] {subprocess.py:93} INFO - 25/12/21 16:58:31 INFO SharedState: Warehouse path is 'file:/tmp/***tmprgdrjhxg/spark-warehouse'.
[2025-12-21T16:58:33.484+0000] {subprocess.py:93} INFO - 25/12/21 16:58:33 INFO client: MongoClient with metadata {"driver": {"name": "mongo-java-driver|sync|mongo-spark-connector|source", "version": "5.1.4|10.5.0"}, "os": {"type": "Linux", "name": "Linux", "architecture": "amd64", "version": "6.8.0-90-generic"}, "platform": "Java/Debian/17.0.17+10-Debian-1deb12u1|Scala/2.12.18/Spark/3.5.1", "env": {"container": {"runtime": "docker"}}} created with settings MongoClientSettings{readPreference=primary, writeConcern=WriteConcern{w=null, wTimeout=null ms, journal=null}, retryWrites=true, retryReads=true, readConcern=ReadConcern{level=null}, credential=MongoCredential{mechanism=null, userName='admin', source='admin', password=<hidden>, mechanismProperties=<hidden>}, transportSettings=null, commandListeners=[], codecRegistry=ProvidersCodecRegistry{codecProviders=[ValueCodecProvider{}, BsonValueCodecProvider{}, DBRefCodecProvider{}, DBObjectCodecProvider{}, DocumentCodecProvider{}, CollectionCodecProvider{}, IterableCodecProvider{}, MapCodecProvider{}, GeoJsonCodecProvider{}, GridFSFileCodecProvider{}, Jsr310CodecProvider{}, JsonObjectCodecProvider{}, BsonCodecProvider{}, EnumCodecProvider{}, com.mongodb.client.model.mql.ExpressionCodecProvider@739c24e6, com.mongodb.Jep395RecordCodecProvider@31c48a16, com.mongodb.KotlinCodecProvider@7769f8a3]}, loggerSettings=LoggerSettings{maxDocumentLength=1000}, clusterSettings={hosts=[mongodb:27017], srvServiceName=mongodb, mode=SINGLE, requiredClusterType=UNKNOWN, requiredReplicaSetName='null', serverSelector='null', clusterListeners='[]', serverSelectionTimeout='30000 ms', localThreshold='15 ms'}, socketSettings=SocketSettings{connectTimeoutMS=10000, readTimeoutMS=0, receiveBufferSize=0, proxySettings=ProxySettings{host=null, port=null, username=null, password=null}}, heartbeatSocketSettings=SocketSettings{connectTimeoutMS=10000, readTimeoutMS=10000, receiveBufferSize=0, proxySettings=ProxySettings{host=null, port=null, username=null, password=null}}, connectionPoolSettings=ConnectionPoolSettings{maxSize=100, minSize=0, maxWaitTimeMS=120000, maxConnectionLifeTimeMS=0, maxConnectionIdleTimeMS=0, maintenanceInitialDelayMS=0, maintenanceFrequencyMS=60000, connectionPoolListeners=[], maxConnecting=2}, serverSettings=ServerSettings{heartbeatFrequencyMS=10000, minHeartbeatFrequencyMS=500, serverMonitoringMode=AUTO, serverListeners='[]', serverMonitorListeners='[]'}, sslSettings=SslSettings{enabled=false, invalidHostNameAllowed=false, context=null}, applicationName='null', compressorList=[], uuidRepresentation=UNSPECIFIED, serverApi=null, autoEncryptionSettings=null, dnsClient=null, inetAddressResolver=null, contextProvider=null}
[2025-12-21T16:58:33.533+0000] {subprocess.py:93} INFO - 25/12/21 16:58:33 INFO cluster: Monitor thread successfully connected to server with description ServerDescription{address=mongodb:27017, type=STANDALONE, state=CONNECTED, ok=true, minWireVersion=0, maxWireVersion=21, maxDocumentSize=16777216, logicalSessionTimeoutMinutes=30, roundTripTimeNanos=63364683}
[2025-12-21T16:58:33.547+0000] {subprocess.py:93} INFO - 25/12/21 16:58:33 INFO cluster: Waiting for server to become available for operation with ID 2. Remaining time: 30000 ms. Selector: ReadPreferenceServerSelector{readPreference=primary}, topology description: {type=UNKNOWN, servers=[{address=mongodb:27017, type=UNKNOWN, state=CONNECTING}].
[2025-12-21T16:58:33.855+0000] {subprocess.py:93} INFO - 25/12/21 16:58:33 INFO MongoTable: Creating MongoTable: mongo-spark-connector-10.5.0
[2025-12-21T16:58:34.944+0000] {subprocess.py:93} INFO - 25/12/21 16:58:34 INFO V2ScanRelationPushDown:
[2025-12-21T16:58:34.945+0000] {subprocess.py:93} INFO - Output:
[2025-12-21T16:58:34.945+0000] {subprocess.py:93} INFO - 
[2025-12-21T16:58:35.202+0000] {subprocess.py:93} INFO - 25/12/21 16:58:35 INFO Partitioner: Getting collection stats for: services_publics.demandes
[2025-12-21T16:58:35.225+0000] {subprocess.py:93} INFO - 25/12/21 16:58:35 INFO Partitioner: Fewer documents (2717) than the calculated number of documents per partition (367816.0). Returning a single partition
[2025-12-21T16:58:35.304+0000] {subprocess.py:93} INFO - 25/12/21 16:58:35 INFO Partitioner: Getting collection stats for: services_publics.demandes
[2025-12-21T16:58:35.308+0000] {subprocess.py:93} INFO - 25/12/21 16:58:35 INFO StandaloneSchedulerBackend$StandaloneDriverEndpoint: Registered executor NettyRpcEndpointRef(spark-client://Executor) (172.18.0.5:54092) with ID 0,  ResourceProfileId 0
[2025-12-21T16:58:35.322+0000] {subprocess.py:93} INFO - 25/12/21 16:58:35 INFO Partitioner: Fewer documents (2717) than the calculated number of documents per partition (367816.0). Returning a single partition
[2025-12-21T16:58:35.475+0000] {subprocess.py:93} INFO - 25/12/21 16:58:35 INFO BlockManagerMasterEndpoint: Registering block manager 172.18.0.5:37401 with 1048.8 MiB RAM, BlockManagerId(0, 172.18.0.5, 37401, None)
[2025-12-21T16:58:35.992+0000] {subprocess.py:93} INFO - 25/12/21 16:58:35 INFO CodeGenerator: Code generated in 192.432829 ms
[2025-12-21T16:58:36.071+0000] {subprocess.py:93} INFO - 25/12/21 16:58:36 INFO DAGScheduler: Registering RDD 3 (count at NativeMethodAccessorImpl.java:0) as input to shuffle 0
[2025-12-21T16:58:36.079+0000] {subprocess.py:93} INFO - 25/12/21 16:58:36 INFO DAGScheduler: Got map stage job 0 (count at NativeMethodAccessorImpl.java:0) with 1 output partitions
[2025-12-21T16:58:36.079+0000] {subprocess.py:93} INFO - 25/12/21 16:58:36 INFO DAGScheduler: Final stage: ShuffleMapStage 0 (count at NativeMethodAccessorImpl.java:0)
[2025-12-21T16:58:36.080+0000] {subprocess.py:93} INFO - 25/12/21 16:58:36 INFO DAGScheduler: Parents of final stage: List()
[2025-12-21T16:58:36.081+0000] {subprocess.py:93} INFO - 25/12/21 16:58:36 INFO DAGScheduler: Missing parents: List()
[2025-12-21T16:58:36.086+0000] {subprocess.py:93} INFO - 25/12/21 16:58:36 INFO DAGScheduler: Submitting ShuffleMapStage 0 (MapPartitionsRDD[3] at count at NativeMethodAccessorImpl.java:0), which has no missing parents
[2025-12-21T16:58:36.185+0000] {subprocess.py:93} INFO - 25/12/21 16:58:36 INFO MemoryStore: Block broadcast_0 stored as values in memory (estimated size 14.3 KiB, free 434.4 MiB)
[2025-12-21T16:58:36.223+0000] {subprocess.py:93} INFO - 25/12/21 16:58:36 INFO MemoryStore: Block broadcast_0_piece0 stored as bytes in memory (estimated size 7.0 KiB, free 434.4 MiB)
[2025-12-21T16:58:36.226+0000] {subprocess.py:93} INFO - 25/12/21 16:58:36 INFO BlockManagerInfo: Added broadcast_0_piece0 in memory on 4a81c59a6e43:37265 (size: 7.0 KiB, free: 434.4 MiB)
[2025-12-21T16:58:36.232+0000] {subprocess.py:93} INFO - 25/12/21 16:58:36 INFO SparkContext: Created broadcast 0 from broadcast at DAGScheduler.scala:1585
[2025-12-21T16:58:36.253+0000] {subprocess.py:93} INFO - 25/12/21 16:58:36 INFO DAGScheduler: Submitting 1 missing tasks from ShuffleMapStage 0 (MapPartitionsRDD[3] at count at NativeMethodAccessorImpl.java:0) (first 15 tasks are for partitions Vector(0))
[2025-12-21T16:58:36.254+0000] {subprocess.py:93} INFO - 25/12/21 16:58:36 INFO TaskSchedulerImpl: Adding task set 0.0 with 1 tasks resource profile 0
[2025-12-21T16:58:36.319+0000] {subprocess.py:93} INFO - 25/12/21 16:58:36 INFO TaskSetManager: Starting task 0.0 in stage 0.0 (TID 0) (172.18.0.5, executor 0, partition 0, PROCESS_LOCAL, 8880 bytes)
[2025-12-21T16:58:36.658+0000] {subprocess.py:93} INFO - 25/12/21 16:58:36 INFO BlockManagerInfo: Added broadcast_0_piece0 in memory on 172.18.0.5:37401 (size: 7.0 KiB, free: 1048.8 MiB)
[2025-12-21T16:58:38.314+0000] {subprocess.py:93} INFO - 25/12/21 16:58:38 INFO TaskSetManager: Finished task 0.0 in stage 0.0 (TID 0) in 2025 ms on 172.18.0.5 (executor 0) (1/1)
[2025-12-21T16:58:38.315+0000] {subprocess.py:93} INFO - 25/12/21 16:58:38 INFO TaskSchedulerImpl: Removed TaskSet 0.0, whose tasks have all completed, from pool
[2025-12-21T16:58:38.330+0000] {subprocess.py:93} INFO - 25/12/21 16:58:38 INFO DAGScheduler: ShuffleMapStage 0 (count at NativeMethodAccessorImpl.java:0) finished in 2.233 s
[2025-12-21T16:58:38.335+0000] {subprocess.py:93} INFO - 25/12/21 16:58:38 INFO DAGScheduler: looking for newly runnable stages
[2025-12-21T16:58:38.338+0000] {subprocess.py:93} INFO - 25/12/21 16:58:38 INFO DAGScheduler: running: Set()
[2025-12-21T16:58:38.339+0000] {subprocess.py:93} INFO - 25/12/21 16:58:38 INFO DAGScheduler: waiting: Set()
[2025-12-21T16:58:38.339+0000] {subprocess.py:93} INFO - 25/12/21 16:58:38 INFO DAGScheduler: failed: Set()
[2025-12-21T16:58:38.381+0000] {subprocess.py:93} INFO - 25/12/21 16:58:38 INFO CodeGenerator: Code generated in 12.235572 ms
[2025-12-21T16:58:38.422+0000] {subprocess.py:93} INFO - 25/12/21 16:58:38 INFO SparkContext: Starting job: count at NativeMethodAccessorImpl.java:0
[2025-12-21T16:58:38.441+0000] {subprocess.py:93} INFO - 25/12/21 16:58:38 INFO DAGScheduler: Got job 1 (count at NativeMethodAccessorImpl.java:0) with 1 output partitions
[2025-12-21T16:58:38.444+0000] {subprocess.py:93} INFO - 25/12/21 16:58:38 INFO DAGScheduler: Final stage: ResultStage 2 (count at NativeMethodAccessorImpl.java:0)
[2025-12-21T16:58:38.444+0000] {subprocess.py:93} INFO - 25/12/21 16:58:38 INFO DAGScheduler: Parents of final stage: List(ShuffleMapStage 1)
[2025-12-21T16:58:38.444+0000] {subprocess.py:93} INFO - 25/12/21 16:58:38 INFO DAGScheduler: Missing parents: List()
[2025-12-21T16:58:38.444+0000] {subprocess.py:93} INFO - 25/12/21 16:58:38 INFO DAGScheduler: Submitting ResultStage 2 (MapPartitionsRDD[6] at count at NativeMethodAccessorImpl.java:0), which has no missing parents
[2025-12-21T16:58:38.449+0000] {subprocess.py:93} INFO - 25/12/21 16:58:38 INFO MemoryStore: Block broadcast_1 stored as values in memory (estimated size 12.5 KiB, free 434.4 MiB)
[2025-12-21T16:58:38.469+0000] {subprocess.py:93} INFO - 25/12/21 16:58:38 INFO MemoryStore: Block broadcast_1_piece0 stored as bytes in memory (estimated size 5.9 KiB, free 434.4 MiB)
[2025-12-21T16:58:38.469+0000] {subprocess.py:93} INFO - 25/12/21 16:58:38 INFO BlockManagerInfo: Added broadcast_1_piece0 in memory on 4a81c59a6e43:37265 (size: 5.9 KiB, free: 434.4 MiB)
[2025-12-21T16:58:38.469+0000] {subprocess.py:93} INFO - 25/12/21 16:58:38 INFO SparkContext: Created broadcast 1 from broadcast at DAGScheduler.scala:1585
[2025-12-21T16:58:38.472+0000] {subprocess.py:93} INFO - 25/12/21 16:58:38 INFO DAGScheduler: Submitting 1 missing tasks from ResultStage 2 (MapPartitionsRDD[6] at count at NativeMethodAccessorImpl.java:0) (first 15 tasks are for partitions Vector(0))
[2025-12-21T16:58:38.473+0000] {subprocess.py:93} INFO - 25/12/21 16:58:38 INFO TaskSchedulerImpl: Adding task set 2.0 with 1 tasks resource profile 0
[2025-12-21T16:58:38.496+0000] {subprocess.py:93} INFO - 25/12/21 16:58:38 INFO TaskSetManager: Starting task 0.0 in stage 2.0 (TID 1) (172.18.0.5, executor 0, partition 0, NODE_LOCAL, 8635 bytes)
[2025-12-21T16:58:38.539+0000] {subprocess.py:93} INFO - 25/12/21 16:58:38 INFO BlockManagerInfo: Removed broadcast_0_piece0 on 4a81c59a6e43:37265 in memory (size: 7.0 KiB, free: 434.4 MiB)
[2025-12-21T16:58:38.553+0000] {subprocess.py:93} INFO - 25/12/21 16:58:38 INFO BlockManagerInfo: Removed broadcast_0_piece0 on 172.18.0.5:37401 in memory (size: 7.0 KiB, free: 1048.8 MiB)
[2025-12-21T16:58:38.561+0000] {subprocess.py:93} INFO - 25/12/21 16:58:38 INFO BlockManagerInfo: Added broadcast_1_piece0 in memory on 172.18.0.5:37401 (size: 5.9 KiB, free: 1048.8 MiB)
[2025-12-21T16:58:38.652+0000] {subprocess.py:93} INFO - 25/12/21 16:58:38 INFO MapOutputTrackerMasterEndpoint: Asked to send map output locations for shuffle 0 to 172.18.0.5:54092
[2025-12-21T16:58:38.832+0000] {subprocess.py:93} INFO - 25/12/21 16:58:38 INFO TaskSetManager: Finished task 0.0 in stage 2.0 (TID 1) in 344 ms on 172.18.0.5 (executor 0) (1/1)
[2025-12-21T16:58:38.832+0000] {subprocess.py:93} INFO - 25/12/21 16:58:38 INFO TaskSchedulerImpl: Removed TaskSet 2.0, whose tasks have all completed, from pool
[2025-12-21T16:58:38.835+0000] {subprocess.py:93} INFO - 25/12/21 16:58:38 INFO DAGScheduler: ResultStage 2 (count at NativeMethodAccessorImpl.java:0) finished in 0.391 s
[2025-12-21T16:58:38.836+0000] {subprocess.py:93} INFO - 25/12/21 16:58:38 INFO DAGScheduler: Job 1 is finished. Cancelling potential speculative or zombie tasks for this job
[2025-12-21T16:58:38.837+0000] {subprocess.py:93} INFO - 25/12/21 16:58:38 INFO TaskSchedulerImpl: Killing all running tasks in stage 2: Stage finished
[2025-12-21T16:58:38.840+0000] {subprocess.py:93} INFO - 25/12/21 16:58:38 INFO DAGScheduler: Job 1 finished: count at NativeMethodAccessorImpl.java:0, took 0.421309 s
[2025-12-21T16:58:38.849+0000] {subprocess.py:93} INFO - 📥 Nombre de documents MongoDB : 2717
[2025-12-21T16:58:38.849+0000] {subprocess.py:93} INFO - 
[2025-12-21T16:58:38.851+0000] {subprocess.py:93} INFO - 📋 Schéma MongoDB :
[2025-12-21T16:58:38.855+0000] {subprocess.py:93} INFO - root
[2025-12-21T16:58:38.856+0000] {subprocess.py:93} INFO -  |-- _id: string (nullable = true)
[2025-12-21T16:58:38.856+0000] {subprocess.py:93} INFO -  |-- comment: void (nullable = true)
[2025-12-21T16:58:38.859+0000] {subprocess.py:93} INFO -  |-- date_creation: string (nullable = true)
[2025-12-21T16:58:38.859+0000] {subprocess.py:93} INFO -  |-- delai_traitement: integer (nullable = true)
[2025-12-21T16:58:38.859+0000] {subprocess.py:93} INFO -  |-- description: string (nullable = true)
[2025-12-21T16:58:38.860+0000] {subprocess.py:93} INFO -  |-- event_date: string (nullable = true)
[2025-12-21T16:58:38.860+0000] {subprocess.py:93} INFO -  |-- localisation: struct (nullable = true)
[2025-12-21T16:58:38.861+0000] {subprocess.py:93} INFO -  |    |-- commune: string (nullable = true)
[2025-12-21T16:58:38.862+0000] {subprocess.py:93} INFO -  |    |-- quartier: string (nullable = true)
[2025-12-21T16:58:38.863+0000] {subprocess.py:93} INFO -  |-- location: struct (nullable = true)
[2025-12-21T16:58:38.864+0000] {subprocess.py:93} INFO -  |    |-- commune: string (nullable = true)
[2025-12-21T16:58:38.864+0000] {subprocess.py:93} INFO -  |-- service: string (nullable = true)
[2025-12-21T16:58:38.864+0000] {subprocess.py:93} INFO -  |-- statut: string (nullable = true)
[2025-12-21T16:58:38.864+0000] {subprocess.py:93} INFO -  |-- type_demande: string (nullable = true)
[2025-12-21T16:58:38.864+0000] {subprocess.py:93} INFO - 
[2025-12-21T16:58:39.065+0000] {subprocess.py:93} INFO - Traceback (most recent call last):
[2025-12-21T16:58:39.066+0000] {subprocess.py:93} INFO -   File "/opt/***/spark_jobs/ingestion.py", line 34, in <module>
[2025-12-21T16:58:39.066+0000] {subprocess.py:93} INFO -     .withColumn(
[2025-12-21T16:58:39.066+0000] {subprocess.py:93} INFO -   File "/opt/spark/python/lib/pyspark.zip/pyspark/sql/dataframe.py", line 5174, in withColumn
[2025-12-21T16:58:39.066+0000] {subprocess.py:93} INFO -   File "/opt/spark/python/lib/py4j-0.10.9.7-src.zip/py4j/java_gateway.py", line 1322, in __call__
[2025-12-21T16:58:39.067+0000] {subprocess.py:93} INFO -   File "/opt/spark/python/lib/pyspark.zip/pyspark/errors/exceptions/captured.py", line 185, in deco
[2025-12-21T16:58:39.072+0000] {subprocess.py:93} INFO - pyspark.errors.exceptions.captured.AnalysisException: [UNRESOLVED_COLUMN.WITH_SUGGESTION] A column or function parameter with name `event`.`id` cannot be resolved. Did you mean one of the following? [`_id`, `event_date`, `statut`, `comment`, `service`].;
[2025-12-21T16:58:39.072+0000] {subprocess.py:93} INFO - 'Project [_id#0, comment#1, date_creation#2, delai_traitement#3, description#4, event_date#5, localisation#6, location#7, service#8, statut#9, type_demande#10, coalesce('event.id, 'request_id, _id#0) AS id#41]
[2025-12-21T16:58:39.072+0000] {subprocess.py:93} INFO - +- RelationV2[_id#0, comment#1, date_creation#2, delai_traitement#3, description#4, event_date#5, localisation#6, location#7, service#8, statut#9, type_demande#10]  MongoTable()
[2025-12-21T16:58:39.072+0000] {subprocess.py:93} INFO - 
[2025-12-21T16:58:39.117+0000] {subprocess.py:93} INFO - 25/12/21 16:58:39 INFO SparkContext: Invoking stop() from shutdown hook
[2025-12-21T16:58:39.117+0000] {subprocess.py:93} INFO - 25/12/21 16:58:39 INFO SparkContext: SparkContext is stopping with exitCode 0.
[2025-12-21T16:58:39.127+0000] {subprocess.py:93} INFO - 25/12/21 16:58:39 INFO SparkUI: Stopped Spark web UI at http://4a81c59a6e43:4040
[2025-12-21T16:58:39.130+0000] {subprocess.py:93} INFO - 25/12/21 16:58:39 INFO StandaloneSchedulerBackend: Shutting down all executors
[2025-12-21T16:58:39.131+0000] {subprocess.py:93} INFO - 25/12/21 16:58:39 INFO StandaloneSchedulerBackend$StandaloneDriverEndpoint: Asking each executor to shut down
[2025-12-21T16:58:39.151+0000] {subprocess.py:93} INFO - 25/12/21 16:58:39 INFO MapOutputTrackerMasterEndpoint: MapOutputTrackerMasterEndpoint stopped!
[2025-12-21T16:58:39.167+0000] {subprocess.py:93} INFO - 25/12/21 16:58:39 INFO MemoryStore: MemoryStore cleared
[2025-12-21T16:58:39.170+0000] {subprocess.py:93} INFO - 25/12/21 16:58:39 INFO BlockManager: BlockManager stopped
[2025-12-21T16:58:39.182+0000] {subprocess.py:93} INFO - 25/12/21 16:58:39 INFO BlockManagerMaster: BlockManagerMaster stopped
[2025-12-21T16:58:39.187+0000] {subprocess.py:93} INFO - 25/12/21 16:58:39 INFO OutputCommitCoordinator$OutputCommitCoordinatorEndpoint: OutputCommitCoordinator stopped!
[2025-12-21T16:58:39.198+0000] {subprocess.py:93} INFO - 25/12/21 16:58:39 INFO SparkContext: Successfully stopped SparkContext
[2025-12-21T16:58:39.199+0000] {subprocess.py:93} INFO - 25/12/21 16:58:39 INFO ShutdownHookManager: Shutdown hook called
[2025-12-21T16:58:39.199+0000] {subprocess.py:93} INFO - 25/12/21 16:58:39 INFO ShutdownHookManager: Deleting directory /tmp/spark-4995e8c3-3a8b-45d7-a9f4-af6b025d854a/pyspark-b30e0ea8-afcd-48c8-95ae-098a4f4431ad
[2025-12-21T16:58:39.204+0000] {subprocess.py:93} INFO - 25/12/21 16:58:39 INFO ShutdownHookManager: Deleting directory /tmp/spark-4995e8c3-3a8b-45d7-a9f4-af6b025d854a
[2025-12-21T16:58:39.208+0000] {subprocess.py:93} INFO - 25/12/21 16:58:39 INFO ShutdownHookManager: Deleting directory /tmp/spark-17f24a0f-e27b-410a-8c07-37df3fb5fd5d
[2025-12-21T16:58:39.618+0000] {subprocess.py:97} INFO - Command exited with return code 1
[2025-12-21T16:58:39.661+0000] {taskinstance.py:2699} ERROR - Task failed with exception
Traceback (most recent call last):
  File "/home/airflow/.local/lib/python3.10/site-packages/airflow/models/taskinstance.py", line 433, in _execute_task
    result = execute_callable(context=context, **execute_callable_kwargs)
  File "/home/airflow/.local/lib/python3.10/site-packages/airflow/operators/bash.py", line 212, in execute
    raise AirflowException(
airflow.exceptions.AirflowException: Bash command failed. The command returned a non-zero exit code 1.
[2025-12-21T16:58:39.671+0000] {taskinstance.py:1138} INFO - Marking task as UP_FOR_RETRY. dag_id=pipeline_services_publics_togo, task_id=ingestion_mongodb, execution_date=20251221T165813, start_date=20251221T165822, end_date=20251221T165839
[2025-12-21T16:58:39.707+0000] {standard_task_runner.py:107} ERROR - Failed to execute job 32 for task ingestion_mongodb (Bash command failed. The command returned a non-zero exit code 1.; 186)
[2025-12-21T16:58:39.742+0000] {local_task_job_runner.py:234} INFO - Task exited with return code 1
[2025-12-21T16:58:39.824+0000] {taskinstance.py:3281} INFO - 0 downstream tasks scheduled from follow-on schedule check
