[2025-12-21T17:08:58.885+0000] {taskinstance.py:1957} INFO - Dependencies all met for dep_context=non-requeueable deps ti=<TaskInstance: pipeline_services_publics_togo.ingestion_mongodb manual__2025-12-21T16:58:13.460566+00:00 [queued]>
[2025-12-21T17:08:58.896+0000] {taskinstance.py:1957} INFO - Dependencies all met for dep_context=requeueable deps ti=<TaskInstance: pipeline_services_publics_togo.ingestion_mongodb manual__2025-12-21T16:58:13.460566+00:00 [queued]>
[2025-12-21T17:08:58.896+0000] {taskinstance.py:2171} INFO - Starting attempt 3 of 3
[2025-12-21T17:08:58.914+0000] {taskinstance.py:2192} INFO - Executing <Task(BashOperator): ingestion_mongodb> on 2025-12-21 16:58:13.460566+00:00
[2025-12-21T17:08:58.921+0000] {standard_task_runner.py:60} INFO - Started process 169 to run task
[2025-12-21T17:08:58.925+0000] {standard_task_runner.py:87} INFO - Running: ['***', 'tasks', 'run', 'pipeline_services_publics_togo', 'ingestion_mongodb', 'manual__2025-12-21T16:58:13.460566+00:00', '--job-id', '35', '--raw', '--subdir', 'DAGS_FOLDER/pipeline_services_publics.py', '--cfg-path', '/tmp/tmp7j4s7mk4']
[2025-12-21T17:08:58.929+0000] {standard_task_runner.py:88} INFO - Job 35: Subtask ingestion_mongodb
[2025-12-21T17:08:59.005+0000] {task_command.py:423} INFO - Running <TaskInstance: pipeline_services_publics_togo.ingestion_mongodb manual__2025-12-21T16:58:13.460566+00:00 [running]> on host 4a81c59a6e43
[2025-12-21T17:08:59.110+0000] {taskinstance.py:2481} INFO - Exporting env vars: AIRFLOW_CTX_DAG_OWNER='data-engineer' AIRFLOW_CTX_DAG_ID='pipeline_services_publics_togo' AIRFLOW_CTX_TASK_ID='ingestion_mongodb' AIRFLOW_CTX_EXECUTION_DATE='2025-12-21T16:58:13.460566+00:00' AIRFLOW_CTX_TRY_NUMBER='3' AIRFLOW_CTX_DAG_RUN_ID='manual__2025-12-21T16:58:13.460566+00:00'
[2025-12-21T17:08:59.111+0000] {subprocess.py:63} INFO - Tmp dir root location: /tmp
[2025-12-21T17:08:59.111+0000] {subprocess.py:75} INFO - Running command: ['/usr/bin/bash', '-c', '\n    /opt/spark/bin/spark-submit       --master spark://spark-master:7077       --packages org.mongodb.spark:mongo-spark-connector_2.12:10.5.0       --executor-memory 2G       --driver-memory 1G       /opt/***/spark_jobs/ingestion.py\n    ']
[2025-12-21T17:08:59.123+0000] {subprocess.py:86} INFO - Output:
[2025-12-21T17:09:00.814+0000] {subprocess.py:93} INFO - :: loading settings :: url = jar:file:/opt/spark/jars/ivy-2.5.1.jar!/org/apache/ivy/core/settings/ivysettings.xml
[2025-12-21T17:09:00.943+0000] {subprocess.py:93} INFO - Ivy Default Cache set to: /home/***/.ivy2/cache
[2025-12-21T17:09:00.943+0000] {subprocess.py:93} INFO - The jars for the packages stored in: /home/***/.ivy2/jars
[2025-12-21T17:09:00.955+0000] {subprocess.py:93} INFO - org.mongodb.spark#mongo-spark-connector_2.12 added as a dependency
[2025-12-21T17:09:00.959+0000] {subprocess.py:93} INFO - :: resolving dependencies :: org.apache.spark#spark-submit-parent-3d137212-c348-4792-9258-453399d8813d;1.0
[2025-12-21T17:09:00.960+0000] {subprocess.py:93} INFO - 	confs: [default]
[2025-12-21T17:09:01.146+0000] {subprocess.py:93} INFO - 	found org.mongodb.spark#mongo-spark-connector_2.12;10.5.0 in central
[2025-12-21T17:09:05.307+0000] {subprocess.py:93} INFO - 	found org.mongodb#mongodb-driver-sync;5.1.4 in central
[2025-12-21T17:09:05.308+0000] {subprocess.py:93} INFO - 	[5.1.4] org.mongodb#mongodb-driver-sync;[5.1.1,5.1.99)
[2025-12-21T17:09:05.379+0000] {subprocess.py:93} INFO - 	found org.mongodb#bson;5.1.4 in central
[2025-12-21T17:09:05.546+0000] {subprocess.py:93} INFO - 	found org.mongodb#mongodb-driver-core;5.1.4 in central
[2025-12-21T17:09:05.589+0000] {subprocess.py:93} INFO - 	found org.mongodb#bson-record-codec;5.1.4 in central
[2025-12-21T17:09:05.618+0000] {subprocess.py:93} INFO - :: resolution report :: resolve 4646ms :: artifacts dl 12ms
[2025-12-21T17:09:05.618+0000] {subprocess.py:93} INFO - 	:: modules in use:
[2025-12-21T17:09:05.619+0000] {subprocess.py:93} INFO - 	org.mongodb#bson;5.1.4 from central in [default]
[2025-12-21T17:09:05.619+0000] {subprocess.py:93} INFO - 	org.mongodb#bson-record-codec;5.1.4 from central in [default]
[2025-12-21T17:09:05.619+0000] {subprocess.py:93} INFO - 	org.mongodb#mongodb-driver-core;5.1.4 from central in [default]
[2025-12-21T17:09:05.619+0000] {subprocess.py:93} INFO - 	org.mongodb#mongodb-driver-sync;5.1.4 from central in [default]
[2025-12-21T17:09:05.619+0000] {subprocess.py:93} INFO - 	org.mongodb.spark#mongo-spark-connector_2.12;10.5.0 from central in [default]
[2025-12-21T17:09:05.619+0000] {subprocess.py:93} INFO - 	---------------------------------------------------------------------
[2025-12-21T17:09:05.619+0000] {subprocess.py:93} INFO - 	|                  |            modules            ||   artifacts   |
[2025-12-21T17:09:05.620+0000] {subprocess.py:93} INFO - 	|       conf       | number| search|dwnlded|evicted|| number|dwnlded|
[2025-12-21T17:09:05.620+0000] {subprocess.py:93} INFO - 	---------------------------------------------------------------------
[2025-12-21T17:09:05.620+0000] {subprocess.py:93} INFO - 	|      default     |   5   |   1   |   0   |   0   ||   5   |   0   |
[2025-12-21T17:09:05.620+0000] {subprocess.py:93} INFO - 	---------------------------------------------------------------------
[2025-12-21T17:09:05.625+0000] {subprocess.py:93} INFO - :: retrieving :: org.apache.spark#spark-submit-parent-3d137212-c348-4792-9258-453399d8813d
[2025-12-21T17:09:05.626+0000] {subprocess.py:93} INFO - 	confs: [default]
[2025-12-21T17:09:05.632+0000] {subprocess.py:93} INFO - 	0 artifacts copied, 5 already retrieved (0kB/6ms)
[2025-12-21T17:09:05.814+0000] {subprocess.py:93} INFO - 25/12/21 17:09:05 WARN NativeCodeLoader: Unable to load native-hadoop library for your platform... using builtin-java classes where applicable
[2025-12-21T17:09:06.820+0000] {subprocess.py:93} INFO - 25/12/21 17:09:06 INFO SparkContext: Running Spark version 3.5.1
[2025-12-21T17:09:06.822+0000] {subprocess.py:93} INFO - 25/12/21 17:09:06 INFO SparkContext: OS info Linux, 6.8.0-90-generic, amd64
[2025-12-21T17:09:06.823+0000] {subprocess.py:93} INFO - 25/12/21 17:09:06 INFO SparkContext: Java version 17.0.17
[2025-12-21T17:09:06.857+0000] {subprocess.py:93} INFO - 25/12/21 17:09:06 INFO ResourceUtils: ==============================================================
[2025-12-21T17:09:06.859+0000] {subprocess.py:93} INFO - 25/12/21 17:09:06 INFO ResourceUtils: No custom resources configured for spark.driver.
[2025-12-21T17:09:06.861+0000] {subprocess.py:93} INFO - 25/12/21 17:09:06 INFO ResourceUtils: ==============================================================
[2025-12-21T17:09:06.862+0000] {subprocess.py:93} INFO - 25/12/21 17:09:06 INFO SparkContext: Submitted application: Ingestion_MongoDB_Raw
[2025-12-21T17:09:06.887+0000] {subprocess.py:93} INFO - 25/12/21 17:09:06 INFO ResourceProfile: Default ResourceProfile created, executor resources: Map(memory -> name: memory, amount: 2048, script: , vendor: , offHeap -> name: offHeap, amount: 0, script: , vendor: ), task resources: Map(cpus -> name: cpus, amount: 1.0)
[2025-12-21T17:09:06.896+0000] {subprocess.py:93} INFO - 25/12/21 17:09:06 INFO ResourceProfile: Limiting resource is cpu
[2025-12-21T17:09:06.897+0000] {subprocess.py:93} INFO - 25/12/21 17:09:06 INFO ResourceProfileManager: Added ResourceProfile id: 0
[2025-12-21T17:09:06.961+0000] {subprocess.py:93} INFO - 25/12/21 17:09:06 INFO SecurityManager: Changing view acls to: ***
[2025-12-21T17:09:06.961+0000] {subprocess.py:93} INFO - 25/12/21 17:09:06 INFO SecurityManager: Changing modify acls to: ***
[2025-12-21T17:09:06.964+0000] {subprocess.py:93} INFO - 25/12/21 17:09:06 INFO SecurityManager: Changing view acls groups to:
[2025-12-21T17:09:06.965+0000] {subprocess.py:93} INFO - 25/12/21 17:09:06 INFO SecurityManager: Changing modify acls groups to:
[2025-12-21T17:09:06.965+0000] {subprocess.py:93} INFO - 25/12/21 17:09:06 INFO SecurityManager: SecurityManager: authentication disabled; ui acls disabled; users with view permissions: ***; groups with view permissions: EMPTY; users with modify permissions: ***; groups with modify permissions: EMPTY
[2025-12-21T17:09:07.164+0000] {subprocess.py:93} INFO - 25/12/21 17:09:07 INFO Utils: Successfully started service 'sparkDriver' on port 33679.
[2025-12-21T17:09:07.191+0000] {subprocess.py:93} INFO - 25/12/21 17:09:07 INFO SparkEnv: Registering MapOutputTracker
[2025-12-21T17:09:07.224+0000] {subprocess.py:93} INFO - 25/12/21 17:09:07 INFO SparkEnv: Registering BlockManagerMaster
[2025-12-21T17:09:07.242+0000] {subprocess.py:93} INFO - 25/12/21 17:09:07 INFO BlockManagerMasterEndpoint: Using org.apache.spark.storage.DefaultTopologyMapper for getting topology information
[2025-12-21T17:09:07.244+0000] {subprocess.py:93} INFO - 25/12/21 17:09:07 INFO BlockManagerMasterEndpoint: BlockManagerMasterEndpoint up
[2025-12-21T17:09:07.247+0000] {subprocess.py:93} INFO - 25/12/21 17:09:07 INFO SparkEnv: Registering BlockManagerMasterHeartbeat
[2025-12-21T17:09:07.265+0000] {subprocess.py:93} INFO - 25/12/21 17:09:07 INFO DiskBlockManager: Created local directory at /tmp/blockmgr-f85d2ed1-c283-4061-aac2-609d5be939ba
[2025-12-21T17:09:07.279+0000] {subprocess.py:93} INFO - 25/12/21 17:09:07 INFO MemoryStore: MemoryStore started with capacity 434.4 MiB
[2025-12-21T17:09:07.292+0000] {subprocess.py:93} INFO - 25/12/21 17:09:07 INFO SparkEnv: Registering OutputCommitCoordinator
[2025-12-21T17:09:07.397+0000] {subprocess.py:93} INFO - 25/12/21 17:09:07 INFO JettyUtils: Start Jetty 0.0.0.0:4040 for SparkUI
[2025-12-21T17:09:07.457+0000] {subprocess.py:93} INFO - 25/12/21 17:09:07 INFO Utils: Successfully started service 'SparkUI' on port 4040.
[2025-12-21T17:09:07.490+0000] {subprocess.py:93} INFO - 25/12/21 17:09:07 INFO SparkContext: Added JAR file:///home/***/.ivy2/jars/org.mongodb.spark_mongo-spark-connector_2.12-10.5.0.jar at spark://4a81c59a6e43:33679/jars/org.mongodb.spark_mongo-spark-connector_2.12-10.5.0.jar with timestamp 1766336946813
[2025-12-21T17:09:07.491+0000] {subprocess.py:93} INFO - 25/12/21 17:09:07 INFO SparkContext: Added JAR file:///home/***/.ivy2/jars/org.mongodb_mongodb-driver-sync-5.1.4.jar at spark://4a81c59a6e43:33679/jars/org.mongodb_mongodb-driver-sync-5.1.4.jar with timestamp 1766336946813
[2025-12-21T17:09:07.492+0000] {subprocess.py:93} INFO - 25/12/21 17:09:07 INFO SparkContext: Added JAR file:///home/***/.ivy2/jars/org.mongodb_bson-5.1.4.jar at spark://4a81c59a6e43:33679/jars/org.mongodb_bson-5.1.4.jar with timestamp 1766336946813
[2025-12-21T17:09:07.492+0000] {subprocess.py:93} INFO - 25/12/21 17:09:07 INFO SparkContext: Added JAR file:///home/***/.ivy2/jars/org.mongodb_mongodb-driver-core-5.1.4.jar at spark://4a81c59a6e43:33679/jars/org.mongodb_mongodb-driver-core-5.1.4.jar with timestamp 1766336946813
[2025-12-21T17:09:07.492+0000] {subprocess.py:93} INFO - 25/12/21 17:09:07 INFO SparkContext: Added JAR file:///home/***/.ivy2/jars/org.mongodb_bson-record-codec-5.1.4.jar at spark://4a81c59a6e43:33679/jars/org.mongodb_bson-record-codec-5.1.4.jar with timestamp 1766336946813
[2025-12-21T17:09:07.495+0000] {subprocess.py:93} INFO - 25/12/21 17:09:07 INFO SparkContext: Added file file:///home/***/.ivy2/jars/org.mongodb.spark_mongo-spark-connector_2.12-10.5.0.jar at spark://4a81c59a6e43:33679/files/org.mongodb.spark_mongo-spark-connector_2.12-10.5.0.jar with timestamp 1766336946813
[2025-12-21T17:09:07.497+0000] {subprocess.py:93} INFO - 25/12/21 17:09:07 INFO Utils: Copying /home/***/.ivy2/jars/org.mongodb.spark_mongo-spark-connector_2.12-10.5.0.jar to /tmp/spark-8d873de2-2f93-4c6b-a395-b1303f4339b0/userFiles-e19504da-2094-4063-b312-ce6a8f946c2b/org.mongodb.spark_mongo-spark-connector_2.12-10.5.0.jar
[2025-12-21T17:09:07.506+0000] {subprocess.py:93} INFO - 25/12/21 17:09:07 INFO SparkContext: Added file file:///home/***/.ivy2/jars/org.mongodb_mongodb-driver-sync-5.1.4.jar at spark://4a81c59a6e43:33679/files/org.mongodb_mongodb-driver-sync-5.1.4.jar with timestamp 1766336946813
[2025-12-21T17:09:07.507+0000] {subprocess.py:93} INFO - 25/12/21 17:09:07 INFO Utils: Copying /home/***/.ivy2/jars/org.mongodb_mongodb-driver-sync-5.1.4.jar to /tmp/spark-8d873de2-2f93-4c6b-a395-b1303f4339b0/userFiles-e19504da-2094-4063-b312-ce6a8f946c2b/org.mongodb_mongodb-driver-sync-5.1.4.jar
[2025-12-21T17:09:07.513+0000] {subprocess.py:93} INFO - 25/12/21 17:09:07 INFO SparkContext: Added file file:///home/***/.ivy2/jars/org.mongodb_bson-5.1.4.jar at spark://4a81c59a6e43:33679/files/org.mongodb_bson-5.1.4.jar with timestamp 1766336946813
[2025-12-21T17:09:07.513+0000] {subprocess.py:93} INFO - 25/12/21 17:09:07 INFO Utils: Copying /home/***/.ivy2/jars/org.mongodb_bson-5.1.4.jar to /tmp/spark-8d873de2-2f93-4c6b-a395-b1303f4339b0/userFiles-e19504da-2094-4063-b312-ce6a8f946c2b/org.mongodb_bson-5.1.4.jar
[2025-12-21T17:09:07.519+0000] {subprocess.py:93} INFO - 25/12/21 17:09:07 INFO SparkContext: Added file file:///home/***/.ivy2/jars/org.mongodb_mongodb-driver-core-5.1.4.jar at spark://4a81c59a6e43:33679/files/org.mongodb_mongodb-driver-core-5.1.4.jar with timestamp 1766336946813
[2025-12-21T17:09:07.520+0000] {subprocess.py:93} INFO - 25/12/21 17:09:07 INFO Utils: Copying /home/***/.ivy2/jars/org.mongodb_mongodb-driver-core-5.1.4.jar to /tmp/spark-8d873de2-2f93-4c6b-a395-b1303f4339b0/userFiles-e19504da-2094-4063-b312-ce6a8f946c2b/org.mongodb_mongodb-driver-core-5.1.4.jar
[2025-12-21T17:09:07.527+0000] {subprocess.py:93} INFO - 25/12/21 17:09:07 INFO SparkContext: Added file file:///home/***/.ivy2/jars/org.mongodb_bson-record-codec-5.1.4.jar at spark://4a81c59a6e43:33679/files/org.mongodb_bson-record-codec-5.1.4.jar with timestamp 1766336946813
[2025-12-21T17:09:07.528+0000] {subprocess.py:93} INFO - 25/12/21 17:09:07 INFO Utils: Copying /home/***/.ivy2/jars/org.mongodb_bson-record-codec-5.1.4.jar to /tmp/spark-8d873de2-2f93-4c6b-a395-b1303f4339b0/userFiles-e19504da-2094-4063-b312-ce6a8f946c2b/org.mongodb_bson-record-codec-5.1.4.jar
[2025-12-21T17:09:07.607+0000] {subprocess.py:93} INFO - 25/12/21 17:09:07 INFO StandaloneAppClient$ClientEndpoint: Connecting to master spark://spark-master:7077...
[2025-12-21T17:09:07.648+0000] {subprocess.py:93} INFO - 25/12/21 17:09:07 INFO TransportClientFactory: Successfully created connection to spark-master/172.18.0.2:7077 after 26 ms (0 ms spent in bootstraps)
[2025-12-21T17:09:07.755+0000] {subprocess.py:93} INFO - 25/12/21 17:09:07 INFO StandaloneSchedulerBackend: Connected to Spark cluster with app ID app-20251221170907-0005
[2025-12-21T17:09:07.755+0000] {subprocess.py:93} INFO - 25/12/21 17:09:07 INFO StandaloneAppClient$ClientEndpoint: Executor added: app-20251221170907-0005/0 on worker-20251221164216-172.18.0.5-41713 (172.18.0.5:41713) with 2 core(s)
[2025-12-21T17:09:07.758+0000] {subprocess.py:93} INFO - 25/12/21 17:09:07 INFO StandaloneSchedulerBackend: Granted executor ID app-20251221170907-0005/0 on hostPort 172.18.0.5:41713 with 2 core(s), 2.0 GiB RAM
[2025-12-21T17:09:07.776+0000] {subprocess.py:93} INFO - 25/12/21 17:09:07 INFO Utils: Successfully started service 'org.apache.spark.network.netty.NettyBlockTransferService' on port 36139.
[2025-12-21T17:09:07.776+0000] {subprocess.py:93} INFO - 25/12/21 17:09:07 INFO NettyBlockTransferService: Server created on 4a81c59a6e43:36139
[2025-12-21T17:09:07.783+0000] {subprocess.py:93} INFO - 25/12/21 17:09:07 INFO BlockManager: Using org.apache.spark.storage.RandomBlockReplicationPolicy for block replication policy
[2025-12-21T17:09:07.800+0000] {subprocess.py:93} INFO - 25/12/21 17:09:07 INFO BlockManagerMaster: Registering BlockManager BlockManagerId(driver, 4a81c59a6e43, 36139, None)
[2025-12-21T17:09:07.803+0000] {subprocess.py:93} INFO - 25/12/21 17:09:07 INFO StandaloneAppClient$ClientEndpoint: Executor updated: app-20251221170907-0005/0 is now RUNNING
[2025-12-21T17:09:07.807+0000] {subprocess.py:93} INFO - 25/12/21 17:09:07 INFO BlockManagerMasterEndpoint: Registering block manager 4a81c59a6e43:36139 with 434.4 MiB RAM, BlockManagerId(driver, 4a81c59a6e43, 36139, None)
[2025-12-21T17:09:07.815+0000] {subprocess.py:93} INFO - 25/12/21 17:09:07 INFO BlockManagerMaster: Registered BlockManager BlockManagerId(driver, 4a81c59a6e43, 36139, None)
[2025-12-21T17:09:07.819+0000] {subprocess.py:93} INFO - 25/12/21 17:09:07 INFO BlockManager: Initialized BlockManager: BlockManagerId(driver, 4a81c59a6e43, 36139, None)
[2025-12-21T17:09:08.156+0000] {subprocess.py:93} INFO - 25/12/21 17:09:08 INFO StandaloneSchedulerBackend: SchedulerBackend is ready for scheduling beginning after reached minRegisteredResourcesRatio: 0.0
[2025-12-21T17:09:08.434+0000] {subprocess.py:93} INFO - 25/12/21 17:09:08 INFO SharedState: Setting hive.metastore.warehouse.dir ('null') to the value of spark.sql.warehouse.dir.
[2025-12-21T17:09:08.439+0000] {subprocess.py:93} INFO - 25/12/21 17:09:08 INFO SharedState: Warehouse path is 'file:/tmp/***tmp7bvrssx_/spark-warehouse'.
[2025-12-21T17:09:10.518+0000] {subprocess.py:93} INFO - 25/12/21 17:09:10 INFO client: MongoClient with metadata {"driver": {"name": "mongo-java-driver|sync|mongo-spark-connector|source", "version": "5.1.4|10.5.0"}, "os": {"type": "Linux", "name": "Linux", "architecture": "amd64", "version": "6.8.0-90-generic"}, "platform": "Java/Debian/17.0.17+10-Debian-1deb12u1|Scala/2.12.18/Spark/3.5.1", "env": {"container": {"runtime": "docker"}}} created with settings MongoClientSettings{readPreference=primary, writeConcern=WriteConcern{w=null, wTimeout=null ms, journal=null}, retryWrites=true, retryReads=true, readConcern=ReadConcern{level=null}, credential=MongoCredential{mechanism=null, userName='admin', source='admin', password=<hidden>, mechanismProperties=<hidden>}, transportSettings=null, commandListeners=[], codecRegistry=ProvidersCodecRegistry{codecProviders=[ValueCodecProvider{}, BsonValueCodecProvider{}, DBRefCodecProvider{}, DBObjectCodecProvider{}, DocumentCodecProvider{}, CollectionCodecProvider{}, IterableCodecProvider{}, MapCodecProvider{}, GeoJsonCodecProvider{}, GridFSFileCodecProvider{}, Jsr310CodecProvider{}, JsonObjectCodecProvider{}, BsonCodecProvider{}, EnumCodecProvider{}, com.mongodb.client.model.mql.ExpressionCodecProvider@26bb6b8f, com.mongodb.Jep395RecordCodecProvider@43ae5de4, com.mongodb.KotlinCodecProvider@134df10c]}, loggerSettings=LoggerSettings{maxDocumentLength=1000}, clusterSettings={hosts=[mongodb:27017], srvServiceName=mongodb, mode=SINGLE, requiredClusterType=UNKNOWN, requiredReplicaSetName='null', serverSelector='null', clusterListeners='[]', serverSelectionTimeout='30000 ms', localThreshold='15 ms'}, socketSettings=SocketSettings{connectTimeoutMS=10000, readTimeoutMS=0, receiveBufferSize=0, proxySettings=ProxySettings{host=null, port=null, username=null, password=null}}, heartbeatSocketSettings=SocketSettings{connectTimeoutMS=10000, readTimeoutMS=10000, receiveBufferSize=0, proxySettings=ProxySettings{host=null, port=null, username=null, password=null}}, connectionPoolSettings=ConnectionPoolSettings{maxSize=100, minSize=0, maxWaitTimeMS=120000, maxConnectionLifeTimeMS=0, maxConnectionIdleTimeMS=0, maintenanceInitialDelayMS=0, maintenanceFrequencyMS=60000, connectionPoolListeners=[], maxConnecting=2}, serverSettings=ServerSettings{heartbeatFrequencyMS=10000, minHeartbeatFrequencyMS=500, serverMonitoringMode=AUTO, serverListeners='[]', serverMonitorListeners='[]'}, sslSettings=SslSettings{enabled=false, invalidHostNameAllowed=false, context=null}, applicationName='null', compressorList=[], uuidRepresentation=UNSPECIFIED, serverApi=null, autoEncryptionSettings=null, dnsClient=null, inetAddressResolver=null, contextProvider=null}
[2025-12-21T17:09:10.552+0000] {subprocess.py:93} INFO - 25/12/21 17:09:10 INFO cluster: Monitor thread successfully connected to server with description ServerDescription{address=mongodb:27017, type=STANDALONE, state=CONNECTED, ok=true, minWireVersion=0, maxWireVersion=21, maxDocumentSize=16777216, logicalSessionTimeoutMinutes=30, roundTripTimeNanos=37375821}
[2025-12-21T17:09:10.731+0000] {subprocess.py:93} INFO - 25/12/21 17:09:10 INFO MongoTable: Creating MongoTable: mongo-spark-connector-10.5.0
[2025-12-21T17:09:11.671+0000] {subprocess.py:93} INFO - 25/12/21 17:09:11 INFO StandaloneSchedulerBackend$StandaloneDriverEndpoint: Registered executor NettyRpcEndpointRef(spark-client://Executor) (172.18.0.5:42878) with ID 0,  ResourceProfileId 0
[2025-12-21T17:09:11.803+0000] {subprocess.py:93} INFO - 25/12/21 17:09:11 INFO BlockManagerMasterEndpoint: Registering block manager 172.18.0.5:46439 with 1048.8 MiB RAM, BlockManagerId(0, 172.18.0.5, 46439, None)
[2025-12-21T17:09:11.919+0000] {subprocess.py:93} INFO - 25/12/21 17:09:11 INFO V2ScanRelationPushDown:
[2025-12-21T17:09:11.919+0000] {subprocess.py:93} INFO - Output:
[2025-12-21T17:09:11.920+0000] {subprocess.py:93} INFO - 
[2025-12-21T17:09:12.214+0000] {subprocess.py:93} INFO - 25/12/21 17:09:12 INFO Partitioner: Getting collection stats for: services_publics.demandes
[2025-12-21T17:09:12.414+0000] {subprocess.py:93} INFO - Traceback (most recent call last):
[2025-12-21T17:09:12.417+0000] {subprocess.py:93} INFO -   File "/opt/***/spark_jobs/ingestion.py", line 24, in <module>
[2025-12-21T17:09:12.418+0000] {subprocess.py:93} INFO -     print(f"📥 Nombre de documents MongoDB : {df.count()}")
[2025-12-21T17:09:12.418+0000] {subprocess.py:93} INFO -   File "/opt/spark/python/lib/pyspark.zip/pyspark/sql/dataframe.py", line 1238, in count
[2025-12-21T17:09:12.419+0000] {subprocess.py:93} INFO -   File "/opt/spark/python/lib/py4j-0.10.9.7-src.zip/py4j/java_gateway.py", line 1322, in __call__
[2025-12-21T17:09:12.422+0000] {subprocess.py:93} INFO -   File "/opt/spark/python/lib/pyspark.zip/pyspark/errors/exceptions/captured.py", line 179, in deco
[2025-12-21T17:09:12.422+0000] {subprocess.py:93} INFO -   File "/opt/spark/python/lib/py4j-0.10.9.7-src.zip/py4j/protocol.py", line 326, in get_return_value
[2025-12-21T17:09:12.459+0000] {subprocess.py:93} INFO - py4j.protocol.Py4JJavaError: An error occurred while calling o37.count.
[2025-12-21T17:09:12.462+0000] {subprocess.py:93} INFO - : com.mongodb.spark.sql.connector.exceptions.MongoSparkException: Partitioning failed. Command failed with error 40243 (Location40243): 'The $bucketAuto 'buckets' field must be greater than 0, but found: 0' on server mongodb:27017. The full response is {"ok": 0.0, "errmsg": "The $bucketAuto 'buckets' field must be greater than 0, but found: 0", "code": 40243, "codeName": "Location40243"}
[2025-12-21T17:09:12.467+0000] {subprocess.py:93} INFO - 	at com.mongodb.spark.sql.connector.read.MongoInputPartitionHelper.generateMongoBatchPartitions(MongoInputPartitionHelper.java:79)
[2025-12-21T17:09:12.467+0000] {subprocess.py:93} INFO - 	at com.mongodb.spark.sql.connector.read.MongoBatch.planInputPartitions(MongoBatch.java:52)
[2025-12-21T17:09:12.469+0000] {subprocess.py:93} INFO - 	at org.apache.spark.sql.execution.datasources.v2.BatchScanExec.inputPartitions$lzycompute(BatchScanExec.scala:59)
[2025-12-21T17:09:12.469+0000] {subprocess.py:93} INFO - 	at org.apache.spark.sql.execution.datasources.v2.BatchScanExec.inputPartitions(BatchScanExec.scala:59)
[2025-12-21T17:09:12.470+0000] {subprocess.py:93} INFO - 	at org.apache.spark.sql.execution.datasources.v2.DataSourceV2ScanExecBase.supportsColumnar(DataSourceV2ScanExecBase.scala:179)
[2025-12-21T17:09:12.470+0000] {subprocess.py:93} INFO - 	at org.apache.spark.sql.execution.datasources.v2.DataSourceV2ScanExecBase.supportsColumnar$(DataSourceV2ScanExecBase.scala:175)
[2025-12-21T17:09:12.470+0000] {subprocess.py:93} INFO - 	at org.apache.spark.sql.execution.datasources.v2.BatchScanExec.supportsColumnar(BatchScanExec.scala:36)
[2025-12-21T17:09:12.471+0000] {subprocess.py:93} INFO - 	at org.apache.spark.sql.execution.datasources.v2.DataSourceV2Strategy.apply(DataSourceV2Strategy.scala:147)
[2025-12-21T17:09:12.471+0000] {subprocess.py:93} INFO - 	at org.apache.spark.sql.catalyst.planning.QueryPlanner.$anonfun$plan$1(QueryPlanner.scala:63)
[2025-12-21T17:09:12.473+0000] {subprocess.py:93} INFO - 	at scala.collection.Iterator$$anon$11.nextCur(Iterator.scala:486)
[2025-12-21T17:09:12.474+0000] {subprocess.py:93} INFO - 	at scala.collection.Iterator$$anon$11.hasNext(Iterator.scala:492)
[2025-12-21T17:09:12.474+0000] {subprocess.py:93} INFO - 	at scala.collection.Iterator$$anon$11.hasNext(Iterator.scala:491)
[2025-12-21T17:09:12.475+0000] {subprocess.py:93} INFO - 	at org.apache.spark.sql.catalyst.planning.QueryPlanner.plan(QueryPlanner.scala:93)
[2025-12-21T17:09:12.475+0000] {subprocess.py:93} INFO - 	at org.apache.spark.sql.execution.SparkStrategies.plan(SparkStrategies.scala:70)
[2025-12-21T17:09:12.476+0000] {subprocess.py:93} INFO - 	at org.apache.spark.sql.catalyst.planning.QueryPlanner.$anonfun$plan$3(QueryPlanner.scala:78)
[2025-12-21T17:09:12.476+0000] {subprocess.py:93} INFO - 	at scala.collection.TraversableOnce$folder$1.apply(TraversableOnce.scala:196)
[2025-12-21T17:09:12.476+0000] {subprocess.py:93} INFO - 	at scala.collection.TraversableOnce$folder$1.apply(TraversableOnce.scala:194)
[2025-12-21T17:09:12.477+0000] {subprocess.py:93} INFO - 	at scala.collection.Iterator.foreach(Iterator.scala:943)
[2025-12-21T17:09:12.477+0000] {subprocess.py:93} INFO - 	at scala.collection.Iterator.foreach$(Iterator.scala:943)
[2025-12-21T17:09:12.477+0000] {subprocess.py:93} INFO - 	at scala.collection.AbstractIterator.foreach(Iterator.scala:1431)
[2025-12-21T17:09:12.478+0000] {subprocess.py:93} INFO - 	at scala.collection.TraversableOnce.foldLeft(TraversableOnce.scala:199)
[2025-12-21T17:09:12.478+0000] {subprocess.py:93} INFO - 	at scala.collection.TraversableOnce.foldLeft$(TraversableOnce.scala:192)
[2025-12-21T17:09:12.478+0000] {subprocess.py:93} INFO - 	at scala.collection.AbstractIterator.foldLeft(Iterator.scala:1431)
[2025-12-21T17:09:12.480+0000] {subprocess.py:93} INFO - 	at org.apache.spark.sql.catalyst.planning.QueryPlanner.$anonfun$plan$2(QueryPlanner.scala:75)
[2025-12-21T17:09:12.481+0000] {subprocess.py:93} INFO - 	at scala.collection.Iterator$$anon$11.nextCur(Iterator.scala:486)
[2025-12-21T17:09:12.482+0000] {subprocess.py:93} INFO - 	at scala.collection.Iterator$$anon$11.hasNext(Iterator.scala:492)
[2025-12-21T17:09:12.482+0000] {subprocess.py:93} INFO - 	at org.apache.spark.sql.catalyst.planning.QueryPlanner.plan(QueryPlanner.scala:93)
[2025-12-21T17:09:12.482+0000] {subprocess.py:93} INFO - 	at org.apache.spark.sql.execution.SparkStrategies.plan(SparkStrategies.scala:70)
[2025-12-21T17:09:12.483+0000] {subprocess.py:93} INFO - 	at org.apache.spark.sql.catalyst.planning.QueryPlanner.$anonfun$plan$3(QueryPlanner.scala:78)
[2025-12-21T17:09:12.485+0000] {subprocess.py:93} INFO - 	at scala.collection.TraversableOnce$folder$1.apply(TraversableOnce.scala:196)
[2025-12-21T17:09:12.486+0000] {subprocess.py:93} INFO - 	at scala.collection.TraversableOnce$folder$1.apply(TraversableOnce.scala:194)
[2025-12-21T17:09:12.486+0000] {subprocess.py:93} INFO - 	at scala.collection.Iterator.foreach(Iterator.scala:943)
[2025-12-21T17:09:12.486+0000] {subprocess.py:93} INFO - 	at scala.collection.Iterator.foreach$(Iterator.scala:943)
[2025-12-21T17:09:12.488+0000] {subprocess.py:93} INFO - 	at scala.collection.AbstractIterator.foreach(Iterator.scala:1431)
[2025-12-21T17:09:12.489+0000] {subprocess.py:93} INFO - 	at scala.collection.TraversableOnce.foldLeft(TraversableOnce.scala:199)
[2025-12-21T17:09:12.491+0000] {subprocess.py:93} INFO - 	at scala.collection.TraversableOnce.foldLeft$(TraversableOnce.scala:192)
[2025-12-21T17:09:12.493+0000] {subprocess.py:93} INFO - 	at scala.collection.AbstractIterator.foldLeft(Iterator.scala:1431)
[2025-12-21T17:09:12.493+0000] {subprocess.py:93} INFO - 	at org.apache.spark.sql.catalyst.planning.QueryPlanner.$anonfun$plan$2(QueryPlanner.scala:75)
[2025-12-21T17:09:12.497+0000] {subprocess.py:93} INFO - 	at scala.collection.Iterator$$anon$11.nextCur(Iterator.scala:486)
[2025-12-21T17:09:12.498+0000] {subprocess.py:93} INFO - 	at scala.collection.Iterator$$anon$11.hasNext(Iterator.scala:492)
[2025-12-21T17:09:12.498+0000] {subprocess.py:93} INFO - 	at org.apache.spark.sql.catalyst.planning.QueryPlanner.plan(QueryPlanner.scala:93)
[2025-12-21T17:09:12.499+0000] {subprocess.py:93} INFO - 	at org.apache.spark.sql.execution.SparkStrategies.plan(SparkStrategies.scala:70)
[2025-12-21T17:09:12.499+0000] {subprocess.py:93} INFO - 	at org.apache.spark.sql.execution.QueryExecution$.createSparkPlan(QueryExecution.scala:496)
[2025-12-21T17:09:12.499+0000] {subprocess.py:93} INFO - 	at org.apache.spark.sql.execution.QueryExecution.$anonfun$sparkPlan$1(QueryExecution.scala:171)
[2025-12-21T17:09:12.501+0000] {subprocess.py:93} INFO - 	at org.apache.spark.sql.catalyst.QueryPlanningTracker.measurePhase(QueryPlanningTracker.scala:138)
[2025-12-21T17:09:12.501+0000] {subprocess.py:93} INFO - 	at org.apache.spark.sql.execution.QueryExecution.$anonfun$executePhase$2(QueryExecution.scala:219)
[2025-12-21T17:09:12.501+0000] {subprocess.py:93} INFO - 	at org.apache.spark.sql.execution.QueryExecution$.withInternalError(QueryExecution.scala:546)
[2025-12-21T17:09:12.502+0000] {subprocess.py:93} INFO - 	at org.apache.spark.sql.execution.QueryExecution.$anonfun$executePhase$1(QueryExecution.scala:219)
[2025-12-21T17:09:12.502+0000] {subprocess.py:93} INFO - 	at org.apache.spark.sql.SparkSession.withActive(SparkSession.scala:900)
[2025-12-21T17:09:12.502+0000] {subprocess.py:93} INFO - 	at org.apache.spark.sql.execution.QueryExecution.executePhase(QueryExecution.scala:218)
[2025-12-21T17:09:12.508+0000] {subprocess.py:93} INFO - 	at org.apache.spark.sql.execution.QueryExecution.sparkPlan$lzycompute(QueryExecution.scala:171)
[2025-12-21T17:09:12.508+0000] {subprocess.py:93} INFO - 	at org.apache.spark.sql.execution.QueryExecution.sparkPlan(QueryExecution.scala:164)
[2025-12-21T17:09:12.510+0000] {subprocess.py:93} INFO - 	at org.apache.spark.sql.execution.QueryExecution.$anonfun$executedPlan$1(QueryExecution.scala:186)
[2025-12-21T17:09:12.510+0000] {subprocess.py:93} INFO - 	at org.apache.spark.sql.catalyst.QueryPlanningTracker.measurePhase(QueryPlanningTracker.scala:138)
[2025-12-21T17:09:12.512+0000] {subprocess.py:93} INFO - 	at org.apache.spark.sql.execution.QueryExecution.$anonfun$executePhase$2(QueryExecution.scala:219)
[2025-12-21T17:09:12.513+0000] {subprocess.py:93} INFO - 	at org.apache.spark.sql.execution.QueryExecution$.withInternalError(QueryExecution.scala:546)
[2025-12-21T17:09:12.513+0000] {subprocess.py:93} INFO - 	at org.apache.spark.sql.execution.QueryExecution.$anonfun$executePhase$1(QueryExecution.scala:219)
[2025-12-21T17:09:12.513+0000] {subprocess.py:93} INFO - 	at org.apache.spark.sql.SparkSession.withActive(SparkSession.scala:900)
[2025-12-21T17:09:12.514+0000] {subprocess.py:93} INFO - 	at org.apache.spark.sql.execution.QueryExecution.executePhase(QueryExecution.scala:218)
[2025-12-21T17:09:12.516+0000] {subprocess.py:93} INFO - 	at org.apache.spark.sql.execution.QueryExecution.executedPlan$lzycompute(QueryExecution.scala:186)
[2025-12-21T17:09:12.516+0000] {subprocess.py:93} INFO - 	at org.apache.spark.sql.execution.QueryExecution.executedPlan(QueryExecution.scala:179)
[2025-12-21T17:09:12.518+0000] {subprocess.py:93} INFO - 	at org.apache.spark.sql.execution.QueryExecution.simpleString(QueryExecution.scala:238)
[2025-12-21T17:09:12.518+0000] {subprocess.py:93} INFO - 	at org.apache.spark.sql.execution.QueryExecution.org$apache$spark$sql$execution$QueryExecution$$explainString(QueryExecution.scala:284)
[2025-12-21T17:09:12.519+0000] {subprocess.py:93} INFO - 	at org.apache.spark.sql.execution.QueryExecution.explainString(QueryExecution.scala:252)
[2025-12-21T17:09:12.519+0000] {subprocess.py:93} INFO - 	at org.apache.spark.sql.execution.SQLExecution$.$anonfun$withNewExecutionId$6(SQLExecution.scala:117)
[2025-12-21T17:09:12.520+0000] {subprocess.py:93} INFO - 	at org.apache.spark.sql.execution.SQLExecution$.withSQLConfPropagated(SQLExecution.scala:201)
[2025-12-21T17:09:12.520+0000] {subprocess.py:93} INFO - 	at org.apache.spark.sql.execution.SQLExecution$.$anonfun$withNewExecutionId$1(SQLExecution.scala:108)
[2025-12-21T17:09:12.520+0000] {subprocess.py:93} INFO - 	at org.apache.spark.sql.SparkSession.withActive(SparkSession.scala:900)
[2025-12-21T17:09:12.522+0000] {subprocess.py:93} INFO - 	at org.apache.spark.sql.execution.SQLExecution$.withNewExecutionId(SQLExecution.scala:66)
[2025-12-21T17:09:12.523+0000] {subprocess.py:93} INFO - 	at org.apache.spark.sql.Dataset.withAction(Dataset.scala:4320)
[2025-12-21T17:09:12.525+0000] {subprocess.py:93} INFO - 	at org.apache.spark.sql.Dataset.count(Dataset.scala:3613)
[2025-12-21T17:09:12.526+0000] {subprocess.py:93} INFO - 	at java.base/jdk.internal.reflect.NativeMethodAccessorImpl.invoke0(Native Method)
[2025-12-21T17:09:12.527+0000] {subprocess.py:93} INFO - 	at java.base/jdk.internal.reflect.NativeMethodAccessorImpl.invoke(NativeMethodAccessorImpl.java:77)
[2025-12-21T17:09:12.528+0000] {subprocess.py:93} INFO - 	at java.base/jdk.internal.reflect.DelegatingMethodAccessorImpl.invoke(DelegatingMethodAccessorImpl.java:43)
[2025-12-21T17:09:12.528+0000] {subprocess.py:93} INFO - 	at java.base/java.lang.reflect.Method.invoke(Method.java:569)
[2025-12-21T17:09:12.529+0000] {subprocess.py:93} INFO - 	at py4j.reflection.MethodInvoker.invoke(MethodInvoker.java:244)
[2025-12-21T17:09:12.529+0000] {subprocess.py:93} INFO - 	at py4j.reflection.ReflectionEngine.invoke(ReflectionEngine.java:374)
[2025-12-21T17:09:12.529+0000] {subprocess.py:93} INFO - 	at py4j.Gateway.invoke(Gateway.java:282)
[2025-12-21T17:09:12.534+0000] {subprocess.py:93} INFO - 	at py4j.commands.AbstractCommand.invokeMethod(AbstractCommand.java:132)
[2025-12-21T17:09:12.534+0000] {subprocess.py:93} INFO - 	at py4j.commands.CallCommand.execute(CallCommand.java:79)
[2025-12-21T17:09:12.535+0000] {subprocess.py:93} INFO - 	at py4j.ClientServerConnection.waitForCommands(ClientServerConnection.java:182)
[2025-12-21T17:09:12.535+0000] {subprocess.py:93} INFO - 	at py4j.ClientServerConnection.run(ClientServerConnection.java:106)
[2025-12-21T17:09:12.536+0000] {subprocess.py:93} INFO - 	at java.base/java.lang.Thread.run(Thread.java:840)
[2025-12-21T17:09:12.536+0000] {subprocess.py:93} INFO - Caused by: com.mongodb.MongoCommandException: Command failed with error 40243 (Location40243): 'The $bucketAuto 'buckets' field must be greater than 0, but found: 0' on server mongodb:27017. The full response is {"ok": 0.0, "errmsg": "The $bucketAuto 'buckets' field must be greater than 0, but found: 0", "code": 40243, "codeName": "Location40243"}
[2025-12-21T17:09:12.536+0000] {subprocess.py:93} INFO - 	at com.mongodb.internal.connection.ProtocolHelper.getCommandFailureException(ProtocolHelper.java:205)
[2025-12-21T17:09:12.537+0000] {subprocess.py:93} INFO - 	at com.mongodb.internal.connection.InternalStreamConnection.receiveCommandMessageResponse(InternalStreamConnection.java:515)
[2025-12-21T17:09:12.537+0000] {subprocess.py:93} INFO - 	at com.mongodb.internal.connection.InternalStreamConnection.sendAndReceiveInternal(InternalStreamConnection.java:438)
[2025-12-21T17:09:12.537+0000] {subprocess.py:93} INFO - 	at com.mongodb.internal.connection.InternalStreamConnection.lambda$sendAndReceive$0(InternalStreamConnection.java:366)
[2025-12-21T17:09:12.538+0000] {subprocess.py:93} INFO - 	at com.mongodb.internal.connection.InternalStreamConnection.sendAndReceive(InternalStreamConnection.java:369)
[2025-12-21T17:09:12.538+0000] {subprocess.py:93} INFO - 	at com.mongodb.internal.connection.UsageTrackingInternalConnection.sendAndReceive(UsageTrackingInternalConnection.java:114)
[2025-12-21T17:09:12.538+0000] {subprocess.py:93} INFO - 	at com.mongodb.internal.connection.DefaultConnectionPool$PooledConnection.sendAndReceive(DefaultConnectionPool.java:743)
[2025-12-21T17:09:12.541+0000] {subprocess.py:93} INFO - 	at com.mongodb.internal.connection.CommandProtocolImpl.execute(CommandProtocolImpl.java:76)
[2025-12-21T17:09:12.542+0000] {subprocess.py:93} INFO - 	at com.mongodb.internal.connection.DefaultServer$DefaultServerProtocolExecutor.execute(DefaultServer.java:209)
[2025-12-21T17:09:12.542+0000] {subprocess.py:93} INFO - 	at com.mongodb.internal.connection.DefaultServerConnection.executeProtocol(DefaultServerConnection.java:115)
[2025-12-21T17:09:12.543+0000] {subprocess.py:93} INFO - 	at com.mongodb.internal.connection.DefaultServerConnection.command(DefaultServerConnection.java:83)
[2025-12-21T17:09:12.543+0000] {subprocess.py:93} INFO - 	at com.mongodb.internal.connection.DefaultServerConnection.command(DefaultServerConnection.java:74)
[2025-12-21T17:09:12.547+0000] {subprocess.py:93} INFO - 	at com.mongodb.internal.connection.DefaultServer$OperationCountTrackingConnection.command(DefaultServer.java:299)
[2025-12-21T17:09:12.548+0000] {subprocess.py:93} INFO - 	at com.mongodb.internal.operation.SyncOperationHelper.createReadCommandAndExecute(SyncOperationHelper.java:270)
[2025-12-21T17:09:12.548+0000] {subprocess.py:93} INFO - 	at com.mongodb.internal.operation.SyncOperationHelper.lambda$executeRetryableRead$3(SyncOperationHelper.java:188)
[2025-12-21T17:09:12.548+0000] {subprocess.py:93} INFO - 	at com.mongodb.internal.operation.SyncOperationHelper.lambda$withSourceAndConnection$0(SyncOperationHelper.java:124)
[2025-12-21T17:09:12.553+0000] {subprocess.py:93} INFO - 	at com.mongodb.internal.operation.SyncOperationHelper.withSuppliedResource(SyncOperationHelper.java:149)
[2025-12-21T17:09:12.555+0000] {subprocess.py:93} INFO - 	at com.mongodb.internal.operation.SyncOperationHelper.lambda$withSourceAndConnection$1(SyncOperationHelper.java:123)
[2025-12-21T17:09:12.555+0000] {subprocess.py:93} INFO - 	at com.mongodb.internal.operation.SyncOperationHelper.withSuppliedResource(SyncOperationHelper.java:149)
[2025-12-21T17:09:12.557+0000] {subprocess.py:93} INFO - 	at com.mongodb.internal.operation.SyncOperationHelper.withSourceAndConnection(SyncOperationHelper.java:122)
[2025-12-21T17:09:12.558+0000] {subprocess.py:93} INFO - 	at com.mongodb.internal.operation.SyncOperationHelper.lambda$executeRetryableRead$4(SyncOperationHelper.java:186)
[2025-12-21T17:09:12.558+0000] {subprocess.py:93} INFO - 	at com.mongodb.internal.operation.SyncOperationHelper.lambda$decorateReadWithRetries$12(SyncOperationHelper.java:289)
[2025-12-21T17:09:12.559+0000] {subprocess.py:93} INFO - 	at com.mongodb.internal.async.function.RetryingSyncSupplier.get(RetryingSyncSupplier.java:67)
[2025-12-21T17:09:12.561+0000] {subprocess.py:93} INFO - 	at com.mongodb.internal.operation.SyncOperationHelper.executeRetryableRead(SyncOperationHelper.java:191)
[2025-12-21T17:09:12.561+0000] {subprocess.py:93} INFO - 	at com.mongodb.internal.operation.SyncOperationHelper.executeRetryableRead(SyncOperationHelper.java:173)
[2025-12-21T17:09:12.564+0000] {subprocess.py:93} INFO - 	at com.mongodb.internal.operation.AggregateOperationImpl.execute(AggregateOperationImpl.java:189)
[2025-12-21T17:09:12.565+0000] {subprocess.py:93} INFO - 	at com.mongodb.internal.operation.AggregateOperation.execute(AggregateOperation.java:153)
[2025-12-21T17:09:12.565+0000] {subprocess.py:93} INFO - 	at com.mongodb.internal.operation.AggregateOperation.execute(AggregateOperation.java:44)
[2025-12-21T17:09:12.565+0000] {subprocess.py:93} INFO - 	at com.mongodb.client.internal.MongoClientDelegate$DelegateOperationExecutor.execute(MongoClientDelegate.java:153)
[2025-12-21T17:09:12.566+0000] {subprocess.py:93} INFO - 	at com.mongodb.client.internal.MongoIterableImpl.execute(MongoIterableImpl.java:130)
[2025-12-21T17:09:12.569+0000] {subprocess.py:93} INFO - 	at com.mongodb.client.internal.MongoIterableImpl.iterator(MongoIterableImpl.java:90)
[2025-12-21T17:09:12.569+0000] {subprocess.py:93} INFO - 	at com.mongodb.client.internal.MongoIterableImpl.forEach(MongoIterableImpl.java:116)
[2025-12-21T17:09:12.570+0000] {subprocess.py:93} INFO - 	at com.mongodb.client.internal.MongoIterableImpl.into(MongoIterableImpl.java:125)
[2025-12-21T17:09:12.570+0000] {subprocess.py:93} INFO - 	at com.mongodb.spark.sql.connector.read.partitioner.AutoBucketPartitioner.lambda$generatePartitions$8(AutoBucketPartitioner.java:199)
[2025-12-21T17:09:12.570+0000] {subprocess.py:93} INFO - 	at com.mongodb.spark.sql.connector.config.AbstractMongoConfig.withCollection(AbstractMongoConfig.java:210)
[2025-12-21T17:09:12.571+0000] {subprocess.py:93} INFO - 	at com.mongodb.spark.sql.connector.config.ReadConfig.withCollection(ReadConfig.java:47)
[2025-12-21T17:09:12.571+0000] {subprocess.py:93} INFO - 	at com.mongodb.spark.sql.connector.read.partitioner.AutoBucketPartitioner.generatePartitions(AutoBucketPartitioner.java:191)
[2025-12-21T17:09:12.571+0000] {subprocess.py:93} INFO - 	at com.mongodb.spark.sql.connector.read.MongoInputPartitionHelper.generateMongoBatchPartitions(MongoInputPartitionHelper.java:52)
[2025-12-21T17:09:12.573+0000] {subprocess.py:93} INFO - 	... 82 more
[2025-12-21T17:09:12.574+0000] {subprocess.py:93} INFO - 
[2025-12-21T17:09:12.639+0000] {subprocess.py:93} INFO - 25/12/21 17:09:12 INFO SparkContext: Invoking stop() from shutdown hook
[2025-12-21T17:09:12.639+0000] {subprocess.py:93} INFO - 25/12/21 17:09:12 INFO SparkContext: SparkContext is stopping with exitCode 0.
[2025-12-21T17:09:12.664+0000] {subprocess.py:93} INFO - 25/12/21 17:09:12 INFO SparkUI: Stopped Spark web UI at http://4a81c59a6e43:4040
[2025-12-21T17:09:12.670+0000] {subprocess.py:93} INFO - 25/12/21 17:09:12 INFO StandaloneSchedulerBackend: Shutting down all executors
[2025-12-21T17:09:12.671+0000] {subprocess.py:93} INFO - 25/12/21 17:09:12 INFO StandaloneSchedulerBackend$StandaloneDriverEndpoint: Asking each executor to shut down
[2025-12-21T17:09:12.697+0000] {subprocess.py:93} INFO - 25/12/21 17:09:12 INFO MapOutputTrackerMasterEndpoint: MapOutputTrackerMasterEndpoint stopped!
[2025-12-21T17:09:12.718+0000] {subprocess.py:93} INFO - 25/12/21 17:09:12 INFO MemoryStore: MemoryStore cleared
[2025-12-21T17:09:12.719+0000] {subprocess.py:93} INFO - 25/12/21 17:09:12 INFO BlockManager: BlockManager stopped
[2025-12-21T17:09:12.727+0000] {subprocess.py:93} INFO - 25/12/21 17:09:12 INFO BlockManagerMaster: BlockManagerMaster stopped
[2025-12-21T17:09:12.730+0000] {subprocess.py:93} INFO - 25/12/21 17:09:12 INFO OutputCommitCoordinator$OutputCommitCoordinatorEndpoint: OutputCommitCoordinator stopped!
[2025-12-21T17:09:12.746+0000] {subprocess.py:93} INFO - 25/12/21 17:09:12 INFO SparkContext: Successfully stopped SparkContext
[2025-12-21T17:09:12.746+0000] {subprocess.py:93} INFO - 25/12/21 17:09:12 INFO ShutdownHookManager: Shutdown hook called
[2025-12-21T17:09:12.746+0000] {subprocess.py:93} INFO - 25/12/21 17:09:12 INFO ShutdownHookManager: Deleting directory /tmp/spark-4803cc5a-13ad-4f22-979f-7af613f35cc6
[2025-12-21T17:09:12.756+0000] {subprocess.py:93} INFO - 25/12/21 17:09:12 INFO ShutdownHookManager: Deleting directory /tmp/spark-8d873de2-2f93-4c6b-a395-b1303f4339b0/pyspark-4602c55f-4bd2-4c3a-93c6-d4a54e11122c
[2025-12-21T17:09:12.763+0000] {subprocess.py:93} INFO - 25/12/21 17:09:12 INFO ShutdownHookManager: Deleting directory /tmp/spark-8d873de2-2f93-4c6b-a395-b1303f4339b0
[2025-12-21T17:09:13.187+0000] {subprocess.py:97} INFO - Command exited with return code 1
[2025-12-21T17:09:13.236+0000] {taskinstance.py:2699} ERROR - Task failed with exception
Traceback (most recent call last):
  File "/home/airflow/.local/lib/python3.10/site-packages/airflow/models/taskinstance.py", line 433, in _execute_task
    result = execute_callable(context=context, **execute_callable_kwargs)
  File "/home/airflow/.local/lib/python3.10/site-packages/airflow/operators/bash.py", line 212, in execute
    raise AirflowException(
airflow.exceptions.AirflowException: Bash command failed. The command returned a non-zero exit code 1.
[2025-12-21T17:09:13.247+0000] {taskinstance.py:1138} INFO - Marking task as FAILED. dag_id=pipeline_services_publics_togo, task_id=ingestion_mongodb, execution_date=20251221T165813, start_date=20251221T170858, end_date=20251221T170913
[2025-12-21T17:09:13.285+0000] {standard_task_runner.py:107} ERROR - Failed to execute job 35 for task ingestion_mongodb (Bash command failed. The command returned a non-zero exit code 1.; 169)
[2025-12-21T17:09:13.313+0000] {local_task_job_runner.py:234} INFO - Task exited with return code 1
[2025-12-21T17:09:13.414+0000] {taskinstance.py:3281} INFO - 0 downstream tasks scheduled from follow-on schedule check
