[2025-12-21T14:19:41.588+0000] {taskinstance.py:1957} INFO - Dependencies all met for dep_context=non-requeueable deps ti=<TaskInstance: pipeline_services_publics_togo.ingestion_mongodb scheduled__2025-12-20T02:00:00+00:00 [queued]>
[2025-12-21T14:19:41.601+0000] {taskinstance.py:1957} INFO - Dependencies all met for dep_context=requeueable deps ti=<TaskInstance: pipeline_services_publics_togo.ingestion_mongodb scheduled__2025-12-20T02:00:00+00:00 [queued]>
[2025-12-21T14:19:41.602+0000] {taskinstance.py:2171} INFO - Starting attempt 3 of 3
[2025-12-21T14:19:41.617+0000] {taskinstance.py:2192} INFO - Executing <Task(SparkSubmitOperator): ingestion_mongodb> on 2025-12-20 02:00:00+00:00
[2025-12-21T14:19:41.623+0000] {standard_task_runner.py:60} INFO - Started process 504 to run task
[2025-12-21T14:19:41.631+0000] {standard_task_runner.py:87} INFO - Running: ['***', 'tasks', 'run', 'pipeline_services_publics_togo', 'ingestion_mongodb', 'scheduled__2025-12-20T02:00:00+00:00', '--job-id', '13', '--raw', '--subdir', 'DAGS_FOLDER/pipeline_services_publics.py', '--cfg-path', '/tmp/tmpvv4mjblg']
[2025-12-21T14:19:41.635+0000] {standard_task_runner.py:88} INFO - Job 13: Subtask ingestion_mongodb
[2025-12-21T14:19:41.757+0000] {task_command.py:423} INFO - Running <TaskInstance: pipeline_services_publics_togo.ingestion_mongodb scheduled__2025-12-20T02:00:00+00:00 [running]> on host a1c2defb4657
[2025-12-21T14:19:41.867+0000] {taskinstance.py:2481} INFO - Exporting env vars: AIRFLOW_CTX_DAG_OWNER='data-engineer' AIRFLOW_CTX_DAG_ID='pipeline_services_publics_togo' AIRFLOW_CTX_TASK_ID='ingestion_mongodb' AIRFLOW_CTX_EXECUTION_DATE='2025-12-20T02:00:00+00:00' AIRFLOW_CTX_TRY_NUMBER='3' AIRFLOW_CTX_DAG_RUN_ID='scheduled__2025-12-20T02:00:00+00:00'
[2025-12-21T14:19:41.880+0000] {spark_submit.py:273} INFO - Could not load connection string spark_default, defaulting to yarn
[2025-12-21T14:19:41.881+0000] {spark_submit.py:403} INFO - Spark-Submit cmd: spark-submit --master yarn --packages org.mongodb.spark:mongo-spark-connector_2.12:10.2.0 --executor-memory 2G --driver-memory 1G --name arrow-spark /opt/***/spark_jobs/ingestion.py
[2025-12-21T14:19:42.497+0000] {spark_submit.py:579} INFO - WARNING: Using incubator modules: jdk.incubator.vector
[2025-12-21T14:19:44.255+0000] {spark_submit.py:579} INFO - Exception in thread "main" org.apache.spark.SparkException: When running with master 'yarn' either HADOOP_CONF_DIR or YARN_CONF_DIR must be set in the environment.
[2025-12-21T14:19:44.255+0000] {spark_submit.py:579} INFO - at org.apache.spark.deploy.SparkSubmitArguments.error(SparkSubmitArguments.scala:640)
[2025-12-21T14:19:44.255+0000] {spark_submit.py:579} INFO - at org.apache.spark.deploy.SparkSubmitArguments.validateSubmitArguments(SparkSubmitArguments.scala:287)
[2025-12-21T14:19:44.255+0000] {spark_submit.py:579} INFO - at org.apache.spark.deploy.SparkSubmitArguments.validateArguments(SparkSubmitArguments.scala:245)
[2025-12-21T14:19:44.255+0000] {spark_submit.py:579} INFO - at org.apache.spark.deploy.SparkSubmitArguments.<init>(SparkSubmitArguments.scala:104)
[2025-12-21T14:19:44.255+0000] {spark_submit.py:579} INFO - at org.apache.spark.deploy.SparkSubmit$$anon$2$$anon$3.<init>(SparkSubmit.scala:1137)
[2025-12-21T14:19:44.255+0000] {spark_submit.py:579} INFO - at org.apache.spark.deploy.SparkSubmit$$anon$2.parseArguments(SparkSubmit.scala:1137)
[2025-12-21T14:19:44.255+0000] {spark_submit.py:579} INFO - at org.apache.spark.deploy.SparkSubmit.doSubmit(SparkSubmit.scala:71)
[2025-12-21T14:19:44.255+0000] {spark_submit.py:579} INFO - at org.apache.spark.deploy.SparkSubmit$$anon$2.doSubmit(SparkSubmit.scala:1168)
[2025-12-21T14:19:44.256+0000] {spark_submit.py:579} INFO - at org.apache.spark.deploy.SparkSubmit$.main(SparkSubmit.scala:1177)
[2025-12-21T14:19:44.256+0000] {spark_submit.py:579} INFO - at org.apache.spark.deploy.SparkSubmit.main(SparkSubmit.scala)
[2025-12-21T14:19:44.283+0000] {taskinstance.py:2699} ERROR - Task failed with exception
Traceback (most recent call last):
  File "/home/airflow/.local/lib/python3.10/site-packages/airflow/models/taskinstance.py", line 433, in _execute_task
    result = execute_callable(context=context, **execute_callable_kwargs)
  File "/home/airflow/.local/lib/python3.10/site-packages/airflow/providers/apache/spark/operators/spark_submit.py", line 174, in execute
    self._hook.submit(self.application)
  File "/home/airflow/.local/lib/python3.10/site-packages/airflow/providers/apache/spark/hooks/spark_submit.py", line 505, in submit
    raise AirflowException(
airflow.exceptions.AirflowException: Cannot execute: spark-submit --master yarn --packages org.mongodb.spark:mongo-spark-connector_2.12:10.2.0 --executor-memory 2G --driver-memory 1G --name arrow-spark /opt/***/spark_jobs/ingestion.py. Error code is: 1.
[2025-12-21T14:19:44.286+0000] {taskinstance.py:1138} INFO - Marking task as FAILED. dag_id=pipeline_services_publics_togo, task_id=ingestion_mongodb, execution_date=20251220T020000, start_date=20251221T141941, end_date=20251221T141944
[2025-12-21T14:19:44.299+0000] {standard_task_runner.py:107} ERROR - Failed to execute job 13 for task ingestion_mongodb (Cannot execute: spark-submit --master yarn --packages org.mongodb.spark:mongo-spark-connector_2.12:10.2.0 --executor-memory 2G --driver-memory 1G --name arrow-spark /opt/***/spark_jobs/ingestion.py. Error code is: 1.; 504)
[2025-12-21T14:19:44.314+0000] {local_task_job_runner.py:234} INFO - Task exited with return code 1
[2025-12-21T14:19:44.353+0000] {taskinstance.py:3281} INFO - 0 downstream tasks scheduled from follow-on schedule check
[2025-12-21T15:17:37.500+0000] {taskinstance.py:1957} INFO - Dependencies all met for dep_context=non-requeueable deps ti=<TaskInstance: pipeline_services_publics_togo.ingestion_mongodb scheduled__2025-12-20T02:00:00+00:00 [queued]>
[2025-12-21T15:17:37.514+0000] {taskinstance.py:1957} INFO - Dependencies all met for dep_context=requeueable deps ti=<TaskInstance: pipeline_services_publics_togo.ingestion_mongodb scheduled__2025-12-20T02:00:00+00:00 [queued]>
[2025-12-21T15:17:37.514+0000] {taskinstance.py:2171} INFO - Starting attempt 3 of 3
[2025-12-21T15:17:37.533+0000] {taskinstance.py:2192} INFO - Executing <Task(BashOperator): ingestion_mongodb> on 2025-12-20 02:00:00+00:00
[2025-12-21T15:17:37.538+0000] {standard_task_runner.py:60} INFO - Started process 319 to run task
[2025-12-21T15:17:37.542+0000] {standard_task_runner.py:87} INFO - Running: ['***', 'tasks', 'run', 'pipeline_services_publics_togo', 'ingestion_mongodb', 'scheduled__2025-12-20T02:00:00+00:00', '--job-id', '13', '--raw', '--subdir', 'DAGS_FOLDER/pipeline_services_publics.py', '--cfg-path', '/tmp/tmpctfu0mp8']
[2025-12-21T15:17:37.545+0000] {standard_task_runner.py:88} INFO - Job 13: Subtask ingestion_mongodb
[2025-12-21T15:17:37.647+0000] {task_command.py:423} INFO - Running <TaskInstance: pipeline_services_publics_togo.ingestion_mongodb scheduled__2025-12-20T02:00:00+00:00 [running]> on host 30a6224e97bc
[2025-12-21T15:17:37.793+0000] {taskinstance.py:2481} INFO - Exporting env vars: AIRFLOW_CTX_DAG_OWNER='data-engineer' AIRFLOW_CTX_DAG_ID='pipeline_services_publics_togo' AIRFLOW_CTX_TASK_ID='ingestion_mongodb' AIRFLOW_CTX_EXECUTION_DATE='2025-12-20T02:00:00+00:00' AIRFLOW_CTX_TRY_NUMBER='3' AIRFLOW_CTX_DAG_RUN_ID='scheduled__2025-12-20T02:00:00+00:00'
[2025-12-21T15:17:37.794+0000] {subprocess.py:63} INFO - Tmp dir root location: /tmp
[2025-12-21T15:17:37.794+0000] {subprocess.py:75} INFO - Running command: ['/usr/bin/bash', '-c', '\n    /opt/spark/bin/spark-submit       --master spark://spark-master:7077       --packages org.mongodb.spark:mongo-spark-connector_2.12:10.2.0       --executor-memory 2G       --driver-memory 1G       /opt/***/spark_jobs/ingestion.py\n    ']
[2025-12-21T15:17:37.808+0000] {subprocess.py:86} INFO - Output:
[2025-12-21T15:17:37.810+0000] {subprocess.py:93} INFO - /usr/bin/bash: line 2: /opt/spark/bin/spark-submit: No such file or directory
[2025-12-21T15:17:37.811+0000] {subprocess.py:97} INFO - Command exited with return code 127
[2025-12-21T15:17:37.831+0000] {taskinstance.py:2699} ERROR - Task failed with exception
Traceback (most recent call last):
  File "/home/airflow/.local/lib/python3.10/site-packages/airflow/models/taskinstance.py", line 433, in _execute_task
    result = execute_callable(context=context, **execute_callable_kwargs)
  File "/home/airflow/.local/lib/python3.10/site-packages/airflow/operators/bash.py", line 212, in execute
    raise AirflowException(
airflow.exceptions.AirflowException: Bash command failed. The command returned a non-zero exit code 127.
[2025-12-21T15:17:37.838+0000] {taskinstance.py:1138} INFO - Marking task as FAILED. dag_id=pipeline_services_publics_togo, task_id=ingestion_mongodb, execution_date=20251220T020000, start_date=20251221T151737, end_date=20251221T151737
[2025-12-21T15:17:37.856+0000] {standard_task_runner.py:107} ERROR - Failed to execute job 13 for task ingestion_mongodb (Bash command failed. The command returned a non-zero exit code 127.; 319)
[2025-12-21T15:17:37.882+0000] {local_task_job_runner.py:234} INFO - Task exited with return code 1
[2025-12-21T15:17:37.931+0000] {taskinstance.py:3281} INFO - 0 downstream tasks scheduled from follow-on schedule check
[2025-12-21T18:47:33.540+0000] {taskinstance.py:1957} INFO - Dependencies all met for dep_context=non-requeueable deps ti=<TaskInstance: pipeline_services_publics_togo.ingestion_mongodb scheduled__2025-12-20T02:00:00+00:00 [queued]>
[2025-12-21T18:47:33.556+0000] {taskinstance.py:1957} INFO - Dependencies all met for dep_context=requeueable deps ti=<TaskInstance: pipeline_services_publics_togo.ingestion_mongodb scheduled__2025-12-20T02:00:00+00:00 [queued]>
[2025-12-21T18:47:33.556+0000] {taskinstance.py:2171} INFO - Starting attempt 3 of 3
[2025-12-21T18:47:33.582+0000] {taskinstance.py:2192} INFO - Executing <Task(BashOperator): ingestion_mongodb> on 2025-12-20 02:00:00+00:00
[2025-12-21T18:47:33.589+0000] {standard_task_runner.py:60} INFO - Started process 614 to run task
[2025-12-21T18:47:33.597+0000] {standard_task_runner.py:87} INFO - Running: ['***', 'tasks', 'run', 'pipeline_services_publics_togo', 'ingestion_mongodb', 'scheduled__2025-12-20T02:00:00+00:00', '--job-id', '18', '--raw', '--subdir', 'DAGS_FOLDER/pipeline_services_publics.py', '--cfg-path', '/tmp/tmps296k8q7']
[2025-12-21T18:47:33.606+0000] {standard_task_runner.py:88} INFO - Job 18: Subtask ingestion_mongodb
[2025-12-21T18:47:33.726+0000] {task_command.py:423} INFO - Running <TaskInstance: pipeline_services_publics_togo.ingestion_mongodb scheduled__2025-12-20T02:00:00+00:00 [running]> on host c322b3887458
[2025-12-21T18:47:33.900+0000] {taskinstance.py:2481} INFO - Exporting env vars: AIRFLOW_CTX_DAG_OWNER='data-engineer' AIRFLOW_CTX_DAG_ID='pipeline_services_publics_togo' AIRFLOW_CTX_TASK_ID='ingestion_mongodb' AIRFLOW_CTX_EXECUTION_DATE='2025-12-20T02:00:00+00:00' AIRFLOW_CTX_TRY_NUMBER='3' AIRFLOW_CTX_DAG_RUN_ID='scheduled__2025-12-20T02:00:00+00:00'
[2025-12-21T18:47:33.902+0000] {subprocess.py:63} INFO - Tmp dir root location: /tmp
[2025-12-21T18:47:33.903+0000] {subprocess.py:75} INFO - Running command: ['/usr/bin/bash', '-c', '\n    /opt/spark/bin/spark-submit       --master spark://spark-master:7077       --jars /opt/spark/jars/mongodb/mongo-spark-connector_2.12-10.5.0.jar,/opt/spark/jars/mongodb/mongodb-driver-sync-5.1.4.jar,/opt/spark/jars/mongodb/bson-5.1.4.jar,/opt/spark/jars/mongodb/mongodb-driver-core-5.1.4.jar,/opt/spark/jars/mongodb/bson-record-codec-5.1.4.jar       --executor-memory 2G       --driver-memory 1G       /opt/***/spark_jobs/ingestion.py\n    ']
[2025-12-21T18:47:33.921+0000] {subprocess.py:86} INFO - Output:
[2025-12-21T18:47:36.867+0000] {subprocess.py:93} INFO - 25/12/21 18:47:36 WARN NativeCodeLoader: Unable to load native-hadoop library for your platform... using builtin-java classes where applicable
[2025-12-21T18:47:37.156+0000] {subprocess.py:93} INFO - 25/12/21 18:47:37 WARN DependencyUtils: Local jar /opt/spark/jars/mongodb/mongo-spark-connector_2.12-10.5.0.jar does not exist, skipping.
[2025-12-21T18:47:37.157+0000] {subprocess.py:93} INFO - 25/12/21 18:47:37 WARN DependencyUtils: Local jar /opt/spark/jars/mongodb/mongodb-driver-sync-5.1.4.jar does not exist, skipping.
[2025-12-21T18:47:37.157+0000] {subprocess.py:93} INFO - 25/12/21 18:47:37 WARN DependencyUtils: Local jar /opt/spark/jars/mongodb/bson-5.1.4.jar does not exist, skipping.
[2025-12-21T18:47:37.160+0000] {subprocess.py:93} INFO - 25/12/21 18:47:37 WARN DependencyUtils: Local jar /opt/spark/jars/mongodb/mongodb-driver-core-5.1.4.jar does not exist, skipping.
[2025-12-21T18:47:37.160+0000] {subprocess.py:93} INFO - 25/12/21 18:47:37 WARN DependencyUtils: Local jar /opt/spark/jars/mongodb/bson-record-codec-5.1.4.jar does not exist, skipping.
[2025-12-21T18:47:38.001+0000] {subprocess.py:93} INFO - 25/12/21 18:47:38 INFO SparkContext: Running Spark version 3.5.1
[2025-12-21T18:47:38.002+0000] {subprocess.py:93} INFO - 25/12/21 18:47:38 INFO SparkContext: OS info Linux, 6.8.0-90-generic, amd64
[2025-12-21T18:47:38.004+0000] {subprocess.py:93} INFO - 25/12/21 18:47:38 INFO SparkContext: Java version 17.0.17
[2025-12-21T18:47:38.073+0000] {subprocess.py:93} INFO - 25/12/21 18:47:38 INFO ResourceUtils: ==============================================================
[2025-12-21T18:47:38.075+0000] {subprocess.py:93} INFO - 25/12/21 18:47:38 INFO ResourceUtils: No custom resources configured for spark.driver.
[2025-12-21T18:47:38.078+0000] {subprocess.py:93} INFO - 25/12/21 18:47:38 INFO ResourceUtils: ==============================================================
[2025-12-21T18:47:38.079+0000] {subprocess.py:93} INFO - 25/12/21 18:47:38 INFO SparkContext: Submitted application: Ingestion_MongoDB_Raw
[2025-12-21T18:47:38.120+0000] {subprocess.py:93} INFO - 25/12/21 18:47:38 INFO ResourceProfile: Default ResourceProfile created, executor resources: Map(memory -> name: memory, amount: 2048, script: , vendor: , offHeap -> name: offHeap, amount: 0, script: , vendor: ), task resources: Map(cpus -> name: cpus, amount: 1.0)
[2025-12-21T18:47:38.135+0000] {subprocess.py:93} INFO - 25/12/21 18:47:38 INFO ResourceProfile: Limiting resource is cpu
[2025-12-21T18:47:38.136+0000] {subprocess.py:93} INFO - 25/12/21 18:47:38 INFO ResourceProfileManager: Added ResourceProfile id: 0
[2025-12-21T18:47:38.225+0000] {subprocess.py:93} INFO - 25/12/21 18:47:38 INFO SecurityManager: Changing view acls to: ***
[2025-12-21T18:47:38.231+0000] {subprocess.py:93} INFO - 25/12/21 18:47:38 INFO SecurityManager: Changing modify acls to: ***
[2025-12-21T18:47:38.232+0000] {subprocess.py:93} INFO - 25/12/21 18:47:38 INFO SecurityManager: Changing view acls groups to:
[2025-12-21T18:47:38.232+0000] {subprocess.py:93} INFO - 25/12/21 18:47:38 INFO SecurityManager: Changing modify acls groups to:
[2025-12-21T18:47:38.236+0000] {subprocess.py:93} INFO - 25/12/21 18:47:38 INFO SecurityManager: SecurityManager: authentication disabled; ui acls disabled; users with view permissions: ***; groups with view permissions: EMPTY; users with modify permissions: ***; groups with modify permissions: EMPTY
[2025-12-21T18:47:38.650+0000] {subprocess.py:93} INFO - 25/12/21 18:47:38 INFO Utils: Successfully started service 'sparkDriver' on port 41185.
[2025-12-21T18:47:38.716+0000] {subprocess.py:93} INFO - 25/12/21 18:47:38 INFO SparkEnv: Registering MapOutputTracker
[2025-12-21T18:47:38.761+0000] {subprocess.py:93} INFO - 25/12/21 18:47:38 INFO SparkEnv: Registering BlockManagerMaster
[2025-12-21T18:47:38.782+0000] {subprocess.py:93} INFO - 25/12/21 18:47:38 INFO BlockManagerMasterEndpoint: Using org.apache.spark.storage.DefaultTopologyMapper for getting topology information
[2025-12-21T18:47:38.783+0000] {subprocess.py:93} INFO - 25/12/21 18:47:38 INFO BlockManagerMasterEndpoint: BlockManagerMasterEndpoint up
[2025-12-21T18:47:38.791+0000] {subprocess.py:93} INFO - 25/12/21 18:47:38 INFO SparkEnv: Registering BlockManagerMasterHeartbeat
[2025-12-21T18:47:38.809+0000] {subprocess.py:93} INFO - 25/12/21 18:47:38 INFO DiskBlockManager: Created local directory at /tmp/blockmgr-c80baa51-2a90-4be7-a1da-be2276e2ca47
[2025-12-21T18:47:38.823+0000] {subprocess.py:93} INFO - 25/12/21 18:47:38 INFO MemoryStore: MemoryStore started with capacity 434.4 MiB
[2025-12-21T18:47:38.839+0000] {subprocess.py:93} INFO - 25/12/21 18:47:38 INFO SparkEnv: Registering OutputCommitCoordinator
[2025-12-21T18:47:39.022+0000] {subprocess.py:93} INFO - 25/12/21 18:47:39 INFO JettyUtils: Start Jetty 0.0.0.0:4040 for SparkUI
[2025-12-21T18:47:39.140+0000] {subprocess.py:93} INFO - 25/12/21 18:47:39 WARN Utils: Service 'SparkUI' could not bind on port 4040. Attempting port 4041.
[2025-12-21T18:47:39.192+0000] {subprocess.py:93} INFO - 25/12/21 18:47:39 INFO Utils: Successfully started service 'SparkUI' on port 4041.
[2025-12-21T18:47:39.258+0000] {subprocess.py:93} INFO - 25/12/21 18:47:39 ERROR SparkContext: Failed to add file:/opt/spark/jars/mongodb/mongo-spark-connector_2.12-10.5.0.jar to Spark environment
[2025-12-21T18:47:39.259+0000] {subprocess.py:93} INFO - java.io.FileNotFoundException: Jar /opt/spark/jars/mongodb/mongo-spark-connector_2.12-10.5.0.jar not found
[2025-12-21T18:47:39.259+0000] {subprocess.py:93} INFO - 	at org.apache.spark.SparkContext.addLocalJarFile$1(SparkContext.scala:2100)
[2025-12-21T18:47:39.259+0000] {subprocess.py:93} INFO - 	at org.apache.spark.SparkContext.addJar(SparkContext.scala:2156)
[2025-12-21T18:47:39.259+0000] {subprocess.py:93} INFO - 	at org.apache.spark.SparkContext.$anonfun$new$15(SparkContext.scala:526)
[2025-12-21T18:47:39.259+0000] {subprocess.py:93} INFO - 	at org.apache.spark.SparkContext.$anonfun$new$15$adapted(SparkContext.scala:526)
[2025-12-21T18:47:39.259+0000] {subprocess.py:93} INFO - 	at scala.collection.mutable.ResizableArray.foreach(ResizableArray.scala:62)
[2025-12-21T18:47:39.259+0000] {subprocess.py:93} INFO - 	at scala.collection.mutable.ResizableArray.foreach$(ResizableArray.scala:55)
[2025-12-21T18:47:39.259+0000] {subprocess.py:93} INFO - 	at scala.collection.mutable.ArrayBuffer.foreach(ArrayBuffer.scala:49)
[2025-12-21T18:47:39.259+0000] {subprocess.py:93} INFO - 	at org.apache.spark.SparkContext.<init>(SparkContext.scala:526)
[2025-12-21T18:47:39.260+0000] {subprocess.py:93} INFO - 	at org.apache.spark.api.java.JavaSparkContext.<init>(JavaSparkContext.scala:58)
[2025-12-21T18:47:39.260+0000] {subprocess.py:93} INFO - 	at java.base/jdk.internal.reflect.NativeConstructorAccessorImpl.newInstance0(Native Method)
[2025-12-21T18:47:39.260+0000] {subprocess.py:93} INFO - 	at java.base/jdk.internal.reflect.NativeConstructorAccessorImpl.newInstance(NativeConstructorAccessorImpl.java:77)
[2025-12-21T18:47:39.260+0000] {subprocess.py:93} INFO - 	at java.base/jdk.internal.reflect.DelegatingConstructorAccessorImpl.newInstance(DelegatingConstructorAccessorImpl.java:45)
[2025-12-21T18:47:39.260+0000] {subprocess.py:93} INFO - 	at java.base/java.lang.reflect.Constructor.newInstanceWithCaller(Constructor.java:500)
[2025-12-21T18:47:39.260+0000] {subprocess.py:93} INFO - 	at java.base/java.lang.reflect.Constructor.newInstance(Constructor.java:481)
[2025-12-21T18:47:39.260+0000] {subprocess.py:93} INFO - 	at py4j.reflection.MethodInvoker.invoke(MethodInvoker.java:247)
[2025-12-21T18:47:39.260+0000] {subprocess.py:93} INFO - 	at py4j.reflection.ReflectionEngine.invoke(ReflectionEngine.java:374)
[2025-12-21T18:47:39.260+0000] {subprocess.py:93} INFO - 	at py4j.Gateway.invoke(Gateway.java:238)
[2025-12-21T18:47:39.260+0000] {subprocess.py:93} INFO - 	at py4j.commands.ConstructorCommand.invokeConstructor(ConstructorCommand.java:80)
[2025-12-21T18:47:39.261+0000] {subprocess.py:93} INFO - 	at py4j.commands.ConstructorCommand.execute(ConstructorCommand.java:69)
[2025-12-21T18:47:39.261+0000] {subprocess.py:93} INFO - 	at py4j.ClientServerConnection.waitForCommands(ClientServerConnection.java:182)
[2025-12-21T18:47:39.261+0000] {subprocess.py:93} INFO - 	at py4j.ClientServerConnection.run(ClientServerConnection.java:106)
[2025-12-21T18:47:39.261+0000] {subprocess.py:93} INFO - 	at java.base/java.lang.Thread.run(Thread.java:840)
[2025-12-21T18:47:39.267+0000] {subprocess.py:93} INFO - 25/12/21 18:47:39 ERROR SparkContext: Failed to add file:/opt/spark/jars/mongodb/mongodb-driver-sync-5.1.4.jar to Spark environment
[2025-12-21T18:47:39.267+0000] {subprocess.py:93} INFO - java.io.FileNotFoundException: Jar /opt/spark/jars/mongodb/mongodb-driver-sync-5.1.4.jar not found
[2025-12-21T18:47:39.270+0000] {subprocess.py:93} INFO - 	at org.apache.spark.SparkContext.addLocalJarFile$1(SparkContext.scala:2100)
[2025-12-21T18:47:39.270+0000] {subprocess.py:93} INFO - 	at org.apache.spark.SparkContext.addJar(SparkContext.scala:2156)
[2025-12-21T18:47:39.270+0000] {subprocess.py:93} INFO - 	at org.apache.spark.SparkContext.$anonfun$new$15(SparkContext.scala:526)
[2025-12-21T18:47:39.270+0000] {subprocess.py:93} INFO - 	at org.apache.spark.SparkContext.$anonfun$new$15$adapted(SparkContext.scala:526)
[2025-12-21T18:47:39.270+0000] {subprocess.py:93} INFO - 	at scala.collection.mutable.ResizableArray.foreach(ResizableArray.scala:62)
[2025-12-21T18:47:39.270+0000] {subprocess.py:93} INFO - 	at scala.collection.mutable.ResizableArray.foreach$(ResizableArray.scala:55)
[2025-12-21T18:47:39.270+0000] {subprocess.py:93} INFO - 	at scala.collection.mutable.ArrayBuffer.foreach(ArrayBuffer.scala:49)
[2025-12-21T18:47:39.271+0000] {subprocess.py:93} INFO - 	at org.apache.spark.SparkContext.<init>(SparkContext.scala:526)
[2025-12-21T18:47:39.271+0000] {subprocess.py:93} INFO - 	at org.apache.spark.api.java.JavaSparkContext.<init>(JavaSparkContext.scala:58)
[2025-12-21T18:47:39.271+0000] {subprocess.py:93} INFO - 	at java.base/jdk.internal.reflect.NativeConstructorAccessorImpl.newInstance0(Native Method)
[2025-12-21T18:47:39.271+0000] {subprocess.py:93} INFO - 	at java.base/jdk.internal.reflect.NativeConstructorAccessorImpl.newInstance(NativeConstructorAccessorImpl.java:77)
[2025-12-21T18:47:39.271+0000] {subprocess.py:93} INFO - 	at java.base/jdk.internal.reflect.DelegatingConstructorAccessorImpl.newInstance(DelegatingConstructorAccessorImpl.java:45)
[2025-12-21T18:47:39.271+0000] {subprocess.py:93} INFO - 	at java.base/java.lang.reflect.Constructor.newInstanceWithCaller(Constructor.java:500)
[2025-12-21T18:47:39.271+0000] {subprocess.py:93} INFO - 	at java.base/java.lang.reflect.Constructor.newInstance(Constructor.java:481)
[2025-12-21T18:47:39.271+0000] {subprocess.py:93} INFO - 	at py4j.reflection.MethodInvoker.invoke(MethodInvoker.java:247)
[2025-12-21T18:47:39.271+0000] {subprocess.py:93} INFO - 	at py4j.reflection.ReflectionEngine.invoke(ReflectionEngine.java:374)
[2025-12-21T18:47:39.271+0000] {subprocess.py:93} INFO - 	at py4j.Gateway.invoke(Gateway.java:238)
[2025-12-21T18:47:39.274+0000] {subprocess.py:93} INFO - 	at py4j.commands.ConstructorCommand.invokeConstructor(ConstructorCommand.java:80)
[2025-12-21T18:47:39.274+0000] {subprocess.py:93} INFO - 	at py4j.commands.ConstructorCommand.execute(ConstructorCommand.java:69)
[2025-12-21T18:47:39.274+0000] {subprocess.py:93} INFO - 	at py4j.ClientServerConnection.waitForCommands(ClientServerConnection.java:182)
[2025-12-21T18:47:39.274+0000] {subprocess.py:93} INFO - 	at py4j.ClientServerConnection.run(ClientServerConnection.java:106)
[2025-12-21T18:47:39.274+0000] {subprocess.py:93} INFO - 	at java.base/java.lang.Thread.run(Thread.java:840)
[2025-12-21T18:47:39.274+0000] {subprocess.py:93} INFO - 25/12/21 18:47:39 ERROR SparkContext: Failed to add file:/opt/spark/jars/mongodb/bson-5.1.4.jar to Spark environment
[2025-12-21T18:47:39.274+0000] {subprocess.py:93} INFO - java.io.FileNotFoundException: Jar /opt/spark/jars/mongodb/bson-5.1.4.jar not found
[2025-12-21T18:47:39.274+0000] {subprocess.py:93} INFO - 	at org.apache.spark.SparkContext.addLocalJarFile$1(SparkContext.scala:2100)
[2025-12-21T18:47:39.275+0000] {subprocess.py:93} INFO - 	at org.apache.spark.SparkContext.addJar(SparkContext.scala:2156)
[2025-12-21T18:47:39.275+0000] {subprocess.py:93} INFO - 	at org.apache.spark.SparkContext.$anonfun$new$15(SparkContext.scala:526)
[2025-12-21T18:47:39.275+0000] {subprocess.py:93} INFO - 	at org.apache.spark.SparkContext.$anonfun$new$15$adapted(SparkContext.scala:526)
[2025-12-21T18:47:39.275+0000] {subprocess.py:93} INFO - 	at scala.collection.mutable.ResizableArray.foreach(ResizableArray.scala:62)
[2025-12-21T18:47:39.276+0000] {subprocess.py:93} INFO - 	at scala.collection.mutable.ResizableArray.foreach$(ResizableArray.scala:55)
[2025-12-21T18:47:39.276+0000] {subprocess.py:93} INFO - 	at scala.collection.mutable.ArrayBuffer.foreach(ArrayBuffer.scala:49)
[2025-12-21T18:47:39.276+0000] {subprocess.py:93} INFO - 	at org.apache.spark.SparkContext.<init>(SparkContext.scala:526)
[2025-12-21T18:47:39.276+0000] {subprocess.py:93} INFO - 	at org.apache.spark.api.java.JavaSparkContext.<init>(JavaSparkContext.scala:58)
[2025-12-21T18:47:39.276+0000] {subprocess.py:93} INFO - 	at java.base/jdk.internal.reflect.NativeConstructorAccessorImpl.newInstance0(Native Method)
[2025-12-21T18:47:39.277+0000] {subprocess.py:93} INFO - 	at java.base/jdk.internal.reflect.NativeConstructorAccessorImpl.newInstance(NativeConstructorAccessorImpl.java:77)
[2025-12-21T18:47:39.277+0000] {subprocess.py:93} INFO - 	at java.base/jdk.internal.reflect.DelegatingConstructorAccessorImpl.newInstance(DelegatingConstructorAccessorImpl.java:45)
[2025-12-21T18:47:39.277+0000] {subprocess.py:93} INFO - 	at java.base/java.lang.reflect.Constructor.newInstanceWithCaller(Constructor.java:500)
[2025-12-21T18:47:39.277+0000] {subprocess.py:93} INFO - 	at java.base/java.lang.reflect.Constructor.newInstance(Constructor.java:481)
[2025-12-21T18:47:39.277+0000] {subprocess.py:93} INFO - 	at py4j.reflection.MethodInvoker.invoke(MethodInvoker.java:247)
[2025-12-21T18:47:39.277+0000] {subprocess.py:93} INFO - 	at py4j.reflection.ReflectionEngine.invoke(ReflectionEngine.java:374)
[2025-12-21T18:47:39.277+0000] {subprocess.py:93} INFO - 	at py4j.Gateway.invoke(Gateway.java:238)
[2025-12-21T18:47:39.277+0000] {subprocess.py:93} INFO - 	at py4j.commands.ConstructorCommand.invokeConstructor(ConstructorCommand.java:80)
[2025-12-21T18:47:39.277+0000] {subprocess.py:93} INFO - 	at py4j.commands.ConstructorCommand.execute(ConstructorCommand.java:69)
[2025-12-21T18:47:39.277+0000] {subprocess.py:93} INFO - 	at py4j.ClientServerConnection.waitForCommands(ClientServerConnection.java:182)
[2025-12-21T18:47:39.278+0000] {subprocess.py:93} INFO - 	at py4j.ClientServerConnection.run(ClientServerConnection.java:106)
[2025-12-21T18:47:39.278+0000] {subprocess.py:93} INFO - 	at java.base/java.lang.Thread.run(Thread.java:840)
[2025-12-21T18:47:39.278+0000] {subprocess.py:93} INFO - 25/12/21 18:47:39 ERROR SparkContext: Failed to add file:/opt/spark/jars/mongodb/mongodb-driver-core-5.1.4.jar to Spark environment
[2025-12-21T18:47:39.278+0000] {subprocess.py:93} INFO - java.io.FileNotFoundException: Jar /opt/spark/jars/mongodb/mongodb-driver-core-5.1.4.jar not found
[2025-12-21T18:47:39.278+0000] {subprocess.py:93} INFO - 	at org.apache.spark.SparkContext.addLocalJarFile$1(SparkContext.scala:2100)
[2025-12-21T18:47:39.278+0000] {subprocess.py:93} INFO - 	at org.apache.spark.SparkContext.addJar(SparkContext.scala:2156)
[2025-12-21T18:47:39.278+0000] {subprocess.py:93} INFO - 	at org.apache.spark.SparkContext.$anonfun$new$15(SparkContext.scala:526)
[2025-12-21T18:47:39.278+0000] {subprocess.py:93} INFO - 	at org.apache.spark.SparkContext.$anonfun$new$15$adapted(SparkContext.scala:526)
[2025-12-21T18:47:39.278+0000] {subprocess.py:93} INFO - 	at scala.collection.mutable.ResizableArray.foreach(ResizableArray.scala:62)
[2025-12-21T18:47:39.278+0000] {subprocess.py:93} INFO - 	at scala.collection.mutable.ResizableArray.foreach$(ResizableArray.scala:55)
[2025-12-21T18:47:39.283+0000] {subprocess.py:93} INFO - 	at scala.collection.mutable.ArrayBuffer.foreach(ArrayBuffer.scala:49)
[2025-12-21T18:47:39.284+0000] {subprocess.py:93} INFO - 	at org.apache.spark.SparkContext.<init>(SparkContext.scala:526)
[2025-12-21T18:47:39.284+0000] {subprocess.py:93} INFO - 	at org.apache.spark.api.java.JavaSparkContext.<init>(JavaSparkContext.scala:58)
[2025-12-21T18:47:39.285+0000] {subprocess.py:93} INFO - 	at java.base/jdk.internal.reflect.NativeConstructorAccessorImpl.newInstance0(Native Method)
[2025-12-21T18:47:39.285+0000] {subprocess.py:93} INFO - 	at java.base/jdk.internal.reflect.NativeConstructorAccessorImpl.newInstance(NativeConstructorAccessorImpl.java:77)
[2025-12-21T18:47:39.286+0000] {subprocess.py:93} INFO - 	at java.base/jdk.internal.reflect.DelegatingConstructorAccessorImpl.newInstance(DelegatingConstructorAccessorImpl.java:45)
[2025-12-21T18:47:39.288+0000] {subprocess.py:93} INFO - 	at java.base/java.lang.reflect.Constructor.newInstanceWithCaller(Constructor.java:500)
[2025-12-21T18:47:39.289+0000] {subprocess.py:93} INFO - 	at java.base/java.lang.reflect.Constructor.newInstance(Constructor.java:481)
[2025-12-21T18:47:39.289+0000] {subprocess.py:93} INFO - 	at py4j.reflection.MethodInvoker.invoke(MethodInvoker.java:247)
[2025-12-21T18:47:39.289+0000] {subprocess.py:93} INFO - 	at py4j.reflection.ReflectionEngine.invoke(ReflectionEngine.java:374)
[2025-12-21T18:47:39.290+0000] {subprocess.py:93} INFO - 	at py4j.Gateway.invoke(Gateway.java:238)
[2025-12-21T18:47:39.290+0000] {subprocess.py:93} INFO - 	at py4j.commands.ConstructorCommand.invokeConstructor(ConstructorCommand.java:80)
[2025-12-21T18:47:39.291+0000] {subprocess.py:93} INFO - 	at py4j.commands.ConstructorCommand.execute(ConstructorCommand.java:69)
[2025-12-21T18:47:39.292+0000] {subprocess.py:93} INFO - 	at py4j.ClientServerConnection.waitForCommands(ClientServerConnection.java:182)
[2025-12-21T18:47:39.295+0000] {subprocess.py:93} INFO - 	at py4j.ClientServerConnection.run(ClientServerConnection.java:106)
[2025-12-21T18:47:39.295+0000] {subprocess.py:93} INFO - 	at java.base/java.lang.Thread.run(Thread.java:840)
[2025-12-21T18:47:39.296+0000] {subprocess.py:93} INFO - 25/12/21 18:47:39 ERROR SparkContext: Failed to add file:/opt/spark/jars/mongodb/bson-record-codec-5.1.4.jar to Spark environment
[2025-12-21T18:47:39.296+0000] {subprocess.py:93} INFO - java.io.FileNotFoundException: Jar /opt/spark/jars/mongodb/bson-record-codec-5.1.4.jar not found
[2025-12-21T18:47:39.297+0000] {subprocess.py:93} INFO - 	at org.apache.spark.SparkContext.addLocalJarFile$1(SparkContext.scala:2100)
[2025-12-21T18:47:39.297+0000] {subprocess.py:93} INFO - 	at org.apache.spark.SparkContext.addJar(SparkContext.scala:2156)
[2025-12-21T18:47:39.297+0000] {subprocess.py:93} INFO - 	at org.apache.spark.SparkContext.$anonfun$new$15(SparkContext.scala:526)
[2025-12-21T18:47:39.297+0000] {subprocess.py:93} INFO - 	at org.apache.spark.SparkContext.$anonfun$new$15$adapted(SparkContext.scala:526)
[2025-12-21T18:47:39.297+0000] {subprocess.py:93} INFO - 	at scala.collection.mutable.ResizableArray.foreach(ResizableArray.scala:62)
[2025-12-21T18:47:39.297+0000] {subprocess.py:93} INFO - 	at scala.collection.mutable.ResizableArray.foreach$(ResizableArray.scala:55)
[2025-12-21T18:47:39.297+0000] {subprocess.py:93} INFO - 	at scala.collection.mutable.ArrayBuffer.foreach(ArrayBuffer.scala:49)
[2025-12-21T18:47:39.297+0000] {subprocess.py:93} INFO - 	at org.apache.spark.SparkContext.<init>(SparkContext.scala:526)
[2025-12-21T18:47:39.297+0000] {subprocess.py:93} INFO - 	at org.apache.spark.api.java.JavaSparkContext.<init>(JavaSparkContext.scala:58)
[2025-12-21T18:47:39.301+0000] {subprocess.py:93} INFO - 	at java.base/jdk.internal.reflect.NativeConstructorAccessorImpl.newInstance0(Native Method)
[2025-12-21T18:47:39.302+0000] {subprocess.py:93} INFO - 	at java.base/jdk.internal.reflect.NativeConstructorAccessorImpl.newInstance(NativeConstructorAccessorImpl.java:77)
[2025-12-21T18:47:39.310+0000] {subprocess.py:93} INFO - 	at java.base/jdk.internal.reflect.DelegatingConstructorAccessorImpl.newInstance(DelegatingConstructorAccessorImpl.java:45)
[2025-12-21T18:47:39.310+0000] {subprocess.py:93} INFO - 	at java.base/java.lang.reflect.Constructor.newInstanceWithCaller(Constructor.java:500)
[2025-12-21T18:47:39.310+0000] {subprocess.py:93} INFO - 	at java.base/java.lang.reflect.Constructor.newInstance(Constructor.java:481)
[2025-12-21T18:47:39.310+0000] {subprocess.py:93} INFO - 	at py4j.reflection.MethodInvoker.invoke(MethodInvoker.java:247)
[2025-12-21T18:47:39.310+0000] {subprocess.py:93} INFO - 	at py4j.reflection.ReflectionEngine.invoke(ReflectionEngine.java:374)
[2025-12-21T18:47:39.310+0000] {subprocess.py:93} INFO - 	at py4j.Gateway.invoke(Gateway.java:238)
[2025-12-21T18:47:39.310+0000] {subprocess.py:93} INFO - 	at py4j.commands.ConstructorCommand.invokeConstructor(ConstructorCommand.java:80)
[2025-12-21T18:47:39.311+0000] {subprocess.py:93} INFO - 	at py4j.commands.ConstructorCommand.execute(ConstructorCommand.java:69)
[2025-12-21T18:47:39.311+0000] {subprocess.py:93} INFO - 	at py4j.ClientServerConnection.waitForCommands(ClientServerConnection.java:182)
[2025-12-21T18:47:39.311+0000] {subprocess.py:93} INFO - 	at py4j.ClientServerConnection.run(ClientServerConnection.java:106)
[2025-12-21T18:47:39.311+0000] {subprocess.py:93} INFO - 	at java.base/java.lang.Thread.run(Thread.java:840)
[2025-12-21T18:47:39.414+0000] {subprocess.py:93} INFO - 25/12/21 18:47:39 INFO StandaloneAppClient$ClientEndpoint: Connecting to master spark://spark-master:7077...
[2025-12-21T18:47:39.471+0000] {subprocess.py:93} INFO - 25/12/21 18:47:39 INFO TransportClientFactory: Successfully created connection to spark-master/172.18.0.2:7077 after 29 ms (0 ms spent in bootstraps)
[2025-12-21T18:47:39.680+0000] {subprocess.py:93} INFO - 25/12/21 18:47:39 INFO StandaloneSchedulerBackend: Connected to Spark cluster with app ID app-20251221184739-0004
[2025-12-21T18:47:39.700+0000] {subprocess.py:93} INFO - 25/12/21 18:47:39 INFO Utils: Successfully started service 'org.apache.spark.network.netty.NettyBlockTransferService' on port 46347.
[2025-12-21T18:47:39.704+0000] {subprocess.py:93} INFO - 25/12/21 18:47:39 INFO NettyBlockTransferService: Server created on c322b3887458:46347
[2025-12-21T18:47:39.711+0000] {subprocess.py:93} INFO - 25/12/21 18:47:39 INFO BlockManager: Using org.apache.spark.storage.RandomBlockReplicationPolicy for block replication policy
[2025-12-21T18:47:39.721+0000] {subprocess.py:93} INFO - 25/12/21 18:47:39 INFO BlockManagerMaster: Registering BlockManager BlockManagerId(driver, c322b3887458, 46347, None)
[2025-12-21T18:47:39.726+0000] {subprocess.py:93} INFO - 25/12/21 18:47:39 INFO BlockManagerMasterEndpoint: Registering block manager c322b3887458:46347 with 434.4 MiB RAM, BlockManagerId(driver, c322b3887458, 46347, None)
[2025-12-21T18:47:39.736+0000] {subprocess.py:93} INFO - 25/12/21 18:47:39 INFO BlockManagerMaster: Registered BlockManager BlockManagerId(driver, c322b3887458, 46347, None)
[2025-12-21T18:47:39.736+0000] {subprocess.py:93} INFO - 25/12/21 18:47:39 INFO BlockManager: Initialized BlockManager: BlockManagerId(driver, c322b3887458, 46347, None)
[2025-12-21T18:47:40.196+0000] {subprocess.py:93} INFO - 25/12/21 18:47:40 INFO StandaloneSchedulerBackend: SchedulerBackend is ready for scheduling beginning after reached minRegisteredResourcesRatio: 0.0
[2025-12-21T18:47:40.498+0000] {subprocess.py:93} INFO - 25/12/21 18:47:40 INFO SharedState: Setting hive.metastore.warehouse.dir ('null') to the value of spark.sql.warehouse.dir.
[2025-12-21T18:47:40.500+0000] {subprocess.py:93} INFO - 25/12/21 18:47:40 INFO SharedState: Warehouse path is 'file:/tmp/***tmpu2v23q57/spark-warehouse'.
[2025-12-21T18:47:42.636+0000] {subprocess.py:93} INFO - 25/12/21 18:47:42 INFO StandaloneAppClient$ClientEndpoint: Executor added: app-20251221184739-0004/0 on worker-20251221184210-172.18.0.5-36313 (172.18.0.5:36313) with 2 core(s)
[2025-12-21T18:47:42.636+0000] {subprocess.py:93} INFO - 25/12/21 18:47:42 INFO StandaloneSchedulerBackend: Granted executor ID app-20251221184739-0004/0 on hostPort 172.18.0.5:36313 with 2 core(s), 2.0 GiB RAM
[2025-12-21T18:47:42.728+0000] {subprocess.py:93} INFO - 25/12/21 18:47:42 INFO StandaloneAppClient$ClientEndpoint: Executor updated: app-20251221184739-0004/0 is now RUNNING
[2025-12-21T18:47:43.289+0000] {subprocess.py:93} INFO - Traceback (most recent call last):
[2025-12-21T18:47:43.292+0000] {subprocess.py:93} INFO -   File "/opt/***/spark_jobs/ingestion.py", line 23, in <module>
[2025-12-21T18:47:43.292+0000] {subprocess.py:93} INFO -     df = spark.read.format("mongodb").load()
[2025-12-21T18:47:43.294+0000] {subprocess.py:93} INFO -   File "/opt/spark/python/lib/pyspark.zip/pyspark/sql/readwriter.py", line 314, in load
[2025-12-21T18:47:43.295+0000] {subprocess.py:93} INFO -   File "/opt/spark/python/lib/py4j-0.10.9.7-src.zip/py4j/java_gateway.py", line 1322, in __call__
[2025-12-21T18:47:43.295+0000] {subprocess.py:93} INFO -   File "/opt/spark/python/lib/pyspark.zip/pyspark/errors/exceptions/captured.py", line 179, in deco
[2025-12-21T18:47:43.296+0000] {subprocess.py:93} INFO -   File "/opt/spark/python/lib/py4j-0.10.9.7-src.zip/py4j/protocol.py", line 326, in get_return_value
[2025-12-21T18:47:43.296+0000] {subprocess.py:93} INFO - py4j.protocol.Py4JJavaError: An error occurred while calling o37.load.
[2025-12-21T18:47:43.296+0000] {subprocess.py:93} INFO - : org.apache.spark.SparkClassNotFoundException: [DATA_SOURCE_NOT_FOUND] Failed to find the data source: mongodb. Please find packages at `https://spark.apache.org/third-party-projects.html`.
[2025-12-21T18:47:43.296+0000] {subprocess.py:93} INFO - 	at org.apache.spark.sql.errors.QueryExecutionErrors$.dataSourceNotFoundError(QueryExecutionErrors.scala:724)
[2025-12-21T18:47:43.297+0000] {subprocess.py:93} INFO - 	at org.apache.spark.sql.execution.datasources.DataSource$.lookupDataSource(DataSource.scala:647)
[2025-12-21T18:47:43.297+0000] {subprocess.py:93} INFO - 	at org.apache.spark.sql.execution.datasources.DataSource$.lookupDataSourceV2(DataSource.scala:697)
[2025-12-21T18:47:43.297+0000] {subprocess.py:93} INFO - 	at org.apache.spark.sql.DataFrameReader.load(DataFrameReader.scala:208)
[2025-12-21T18:47:43.297+0000] {subprocess.py:93} INFO - 	at org.apache.spark.sql.DataFrameReader.load(DataFrameReader.scala:172)
[2025-12-21T18:47:43.297+0000] {subprocess.py:93} INFO - 	at java.base/jdk.internal.reflect.NativeMethodAccessorImpl.invoke0(Native Method)
[2025-12-21T18:47:43.297+0000] {subprocess.py:93} INFO - 	at java.base/jdk.internal.reflect.NativeMethodAccessorImpl.invoke(NativeMethodAccessorImpl.java:77)
[2025-12-21T18:47:43.297+0000] {subprocess.py:93} INFO - 	at java.base/jdk.internal.reflect.DelegatingMethodAccessorImpl.invoke(DelegatingMethodAccessorImpl.java:43)
[2025-12-21T18:47:43.297+0000] {subprocess.py:93} INFO - 	at java.base/java.lang.reflect.Method.invoke(Method.java:569)
[2025-12-21T18:47:43.297+0000] {subprocess.py:93} INFO - 	at py4j.reflection.MethodInvoker.invoke(MethodInvoker.java:244)
[2025-12-21T18:47:43.297+0000] {subprocess.py:93} INFO - 	at py4j.reflection.ReflectionEngine.invoke(ReflectionEngine.java:374)
[2025-12-21T18:47:43.299+0000] {subprocess.py:93} INFO - 	at py4j.Gateway.invoke(Gateway.java:282)
[2025-12-21T18:47:43.301+0000] {subprocess.py:93} INFO - 	at py4j.commands.AbstractCommand.invokeMethod(AbstractCommand.java:132)
[2025-12-21T18:47:43.301+0000] {subprocess.py:93} INFO - 	at py4j.commands.CallCommand.execute(CallCommand.java:79)
[2025-12-21T18:47:43.301+0000] {subprocess.py:93} INFO - 	at py4j.ClientServerConnection.waitForCommands(ClientServerConnection.java:182)
[2025-12-21T18:47:43.301+0000] {subprocess.py:93} INFO - 	at py4j.ClientServerConnection.run(ClientServerConnection.java:106)
[2025-12-21T18:47:43.302+0000] {subprocess.py:93} INFO - 	at java.base/java.lang.Thread.run(Thread.java:840)
[2025-12-21T18:47:43.302+0000] {subprocess.py:93} INFO - Caused by: java.lang.ClassNotFoundException: mongodb.DefaultSource
[2025-12-21T18:47:43.302+0000] {subprocess.py:93} INFO - 	at java.base/java.net.URLClassLoader.findClass(URLClassLoader.java:445)
[2025-12-21T18:47:43.302+0000] {subprocess.py:93} INFO - 	at java.base/java.lang.ClassLoader.loadClass(ClassLoader.java:592)
[2025-12-21T18:47:43.302+0000] {subprocess.py:93} INFO - 	at java.base/java.lang.ClassLoader.loadClass(ClassLoader.java:525)
[2025-12-21T18:47:43.302+0000] {subprocess.py:93} INFO - 	at org.apache.spark.sql.execution.datasources.DataSource$.$anonfun$lookupDataSource$5(DataSource.scala:633)
[2025-12-21T18:47:43.302+0000] {subprocess.py:93} INFO - 	at scala.util.Try$.apply(Try.scala:213)
[2025-12-21T18:47:43.302+0000] {subprocess.py:93} INFO - 	at org.apache.spark.sql.execution.datasources.DataSource$.$anonfun$lookupDataSource$4(DataSource.scala:633)
[2025-12-21T18:47:43.305+0000] {subprocess.py:93} INFO - 	at scala.util.Failure.orElse(Try.scala:224)
[2025-12-21T18:47:43.305+0000] {subprocess.py:93} INFO - 	at org.apache.spark.sql.execution.datasources.DataSource$.lookupDataSource(DataSource.scala:633)
[2025-12-21T18:47:43.305+0000] {subprocess.py:93} INFO - 	... 15 more
[2025-12-21T18:47:43.309+0000] {subprocess.py:93} INFO - 
[2025-12-21T18:47:43.356+0000] {subprocess.py:93} INFO - 25/12/21 18:47:43 INFO SparkContext: Invoking stop() from shutdown hook
[2025-12-21T18:47:43.356+0000] {subprocess.py:93} INFO - 25/12/21 18:47:43 INFO SparkContext: SparkContext is stopping with exitCode 0.
[2025-12-21T18:47:43.368+0000] {subprocess.py:93} INFO - 25/12/21 18:47:43 INFO SparkUI: Stopped Spark web UI at http://c322b3887458:4041
[2025-12-21T18:47:43.385+0000] {subprocess.py:93} INFO - 25/12/21 18:47:43 INFO StandaloneSchedulerBackend: Shutting down all executors
[2025-12-21T18:47:43.396+0000] {subprocess.py:93} INFO - 25/12/21 18:47:43 INFO StandaloneSchedulerBackend$StandaloneDriverEndpoint: Asking each executor to shut down
[2025-12-21T18:47:43.417+0000] {subprocess.py:93} INFO - 25/12/21 18:47:43 INFO MapOutputTrackerMasterEndpoint: MapOutputTrackerMasterEndpoint stopped!
[2025-12-21T18:47:43.434+0000] {subprocess.py:93} INFO - 25/12/21 18:47:43 INFO MemoryStore: MemoryStore cleared
[2025-12-21T18:47:43.435+0000] {subprocess.py:93} INFO - 25/12/21 18:47:43 INFO BlockManager: BlockManager stopped
[2025-12-21T18:47:43.440+0000] {subprocess.py:93} INFO - 25/12/21 18:47:43 INFO BlockManagerMaster: BlockManagerMaster stopped
[2025-12-21T18:47:43.443+0000] {subprocess.py:93} INFO - 25/12/21 18:47:43 INFO OutputCommitCoordinator$OutputCommitCoordinatorEndpoint: OutputCommitCoordinator stopped!
[2025-12-21T18:47:43.453+0000] {subprocess.py:93} INFO - 25/12/21 18:47:43 INFO SparkContext: Successfully stopped SparkContext
[2025-12-21T18:47:43.453+0000] {subprocess.py:93} INFO - 25/12/21 18:47:43 INFO ShutdownHookManager: Shutdown hook called
[2025-12-21T18:47:43.454+0000] {subprocess.py:93} INFO - 25/12/21 18:47:43 INFO ShutdownHookManager: Deleting directory /tmp/spark-a701ec5b-a5c5-4f03-ad70-f31307b4e149
[2025-12-21T18:47:43.459+0000] {subprocess.py:93} INFO - 25/12/21 18:47:43 INFO ShutdownHookManager: Deleting directory /tmp/spark-c606a54b-d7b2-4b78-a010-c3e023f93e48
[2025-12-21T18:47:43.464+0000] {subprocess.py:93} INFO - 25/12/21 18:47:43 INFO ShutdownHookManager: Deleting directory /tmp/spark-c606a54b-d7b2-4b78-a010-c3e023f93e48/pyspark-aa61f5e2-2ac1-4db3-b296-a8ad089df394
[2025-12-21T18:47:43.519+0000] {subprocess.py:97} INFO - Command exited with return code 1
[2025-12-21T18:47:43.535+0000] {taskinstance.py:2699} ERROR - Task failed with exception
Traceback (most recent call last):
  File "/home/airflow/.local/lib/python3.10/site-packages/airflow/models/taskinstance.py", line 433, in _execute_task
    result = execute_callable(context=context, **execute_callable_kwargs)
  File "/home/airflow/.local/lib/python3.10/site-packages/airflow/operators/bash.py", line 212, in execute
    raise AirflowException(
airflow.exceptions.AirflowException: Bash command failed. The command returned a non-zero exit code 1.
[2025-12-21T18:47:43.539+0000] {taskinstance.py:1138} INFO - Marking task as FAILED. dag_id=pipeline_services_publics_togo, task_id=ingestion_mongodb, execution_date=20251220T020000, start_date=20251221T184733, end_date=20251221T184743
[2025-12-21T18:47:43.553+0000] {standard_task_runner.py:107} ERROR - Failed to execute job 18 for task ingestion_mongodb (Bash command failed. The command returned a non-zero exit code 1.; 614)
[2025-12-21T18:47:43.566+0000] {local_task_job_runner.py:234} INFO - Task exited with return code 1
[2025-12-21T18:47:43.598+0000] {taskinstance.py:3281} INFO - 0 downstream tasks scheduled from follow-on schedule check
[2025-12-21T19:25:30.364+0000] {taskinstance.py:1957} INFO - Dependencies all met for dep_context=non-requeueable deps ti=<TaskInstance: pipeline_services_publics_togo.ingestion_mongodb scheduled__2025-12-20T02:00:00+00:00 [queued]>
[2025-12-21T19:25:30.376+0000] {taskinstance.py:1957} INFO - Dependencies all met for dep_context=requeueable deps ti=<TaskInstance: pipeline_services_publics_togo.ingestion_mongodb scheduled__2025-12-20T02:00:00+00:00 [queued]>
[2025-12-21T19:25:30.376+0000] {taskinstance.py:2171} INFO - Starting attempt 3 of 3
[2025-12-21T19:25:30.402+0000] {taskinstance.py:2192} INFO - Executing <Task(BashOperator): ingestion_mongodb> on 2025-12-20 02:00:00+00:00
[2025-12-21T19:25:30.407+0000] {standard_task_runner.py:60} INFO - Started process 728 to run task
[2025-12-21T19:25:30.413+0000] {standard_task_runner.py:87} INFO - Running: ['***', 'tasks', 'run', 'pipeline_services_publics_togo', 'ingestion_mongodb', 'scheduled__2025-12-20T02:00:00+00:00', '--job-id', '13', '--raw', '--subdir', 'DAGS_FOLDER/pipeline_services_publics.py', '--cfg-path', '/tmp/tmpwub73azb']
[2025-12-21T19:25:30.419+0000] {standard_task_runner.py:88} INFO - Job 13: Subtask ingestion_mongodb
[2025-12-21T19:25:30.520+0000] {task_command.py:423} INFO - Running <TaskInstance: pipeline_services_publics_togo.ingestion_mongodb scheduled__2025-12-20T02:00:00+00:00 [running]> on host 8a1c1bf9c649
[2025-12-21T19:25:30.624+0000] {taskinstance.py:2481} INFO - Exporting env vars: AIRFLOW_CTX_DAG_OWNER='data-engineer' AIRFLOW_CTX_DAG_ID='pipeline_services_publics_togo' AIRFLOW_CTX_TASK_ID='ingestion_mongodb' AIRFLOW_CTX_EXECUTION_DATE='2025-12-20T02:00:00+00:00' AIRFLOW_CTX_TRY_NUMBER='3' AIRFLOW_CTX_DAG_RUN_ID='scheduled__2025-12-20T02:00:00+00:00'
[2025-12-21T19:25:30.627+0000] {subprocess.py:63} INFO - Tmp dir root location: /tmp
[2025-12-21T19:25:30.628+0000] {subprocess.py:75} INFO - Running command: ['/usr/bin/bash', '-c', '\n    /opt/spark/bin/spark-submit       --master spark://spark-master:7077       --packages org.mongodb.spark:mongo-spark-connector_2.12:10.2.1       --executor-memory 2G       --driver-memory 1G       /opt/***/spark_jobs/ingestion.py\n    ']
[2025-12-21T19:25:30.640+0000] {subprocess.py:86} INFO - Output:
[2025-12-21T19:25:33.307+0000] {subprocess.py:93} INFO - :: loading settings :: url = jar:file:/opt/spark/jars/ivy-2.5.1.jar!/org/apache/ivy/core/settings/ivysettings.xml
[2025-12-21T19:25:33.616+0000] {subprocess.py:93} INFO - Ivy Default Cache set to: /home/***/.ivy2/cache
[2025-12-21T19:25:33.619+0000] {subprocess.py:93} INFO - The jars for the packages stored in: /home/***/.ivy2/jars
[2025-12-21T19:25:33.644+0000] {subprocess.py:93} INFO - org.mongodb.spark#mongo-spark-connector_2.12 added as a dependency
[2025-12-21T19:25:33.662+0000] {subprocess.py:93} INFO - :: resolving dependencies :: org.apache.spark#spark-submit-parent-df6b0c2f-ea85-42f1-aac3-ec5d048fdc9a;1.0
[2025-12-21T19:25:33.662+0000] {subprocess.py:93} INFO - 	confs: [default]
[2025-12-21T19:25:34.061+0000] {subprocess.py:93} INFO - 	found org.mongodb.spark#mongo-spark-connector_2.12;10.2.1 in central
[2025-12-21T19:25:36.299+0000] {subprocess.py:93} INFO - 	found org.mongodb#mongodb-driver-sync;4.8.2 in central
[2025-12-21T19:25:36.299+0000] {subprocess.py:93} INFO - 	[4.8.2] org.mongodb#mongodb-driver-sync;[4.8.1,4.8.99)
[2025-12-21T19:25:36.477+0000] {subprocess.py:93} INFO - 	found org.mongodb#bson;4.8.2 in central
[2025-12-21T19:25:36.582+0000] {subprocess.py:93} INFO - 	found org.mongodb#mongodb-driver-core;4.8.2 in central
[2025-12-21T19:25:36.642+0000] {subprocess.py:93} INFO - 	found org.mongodb#bson-record-codec;4.8.2 in central
[2025-12-21T19:25:36.689+0000] {subprocess.py:93} INFO - :: resolution report :: resolve 3015ms :: artifacts dl 18ms
[2025-12-21T19:25:36.690+0000] {subprocess.py:93} INFO - 	:: modules in use:
[2025-12-21T19:25:36.690+0000] {subprocess.py:93} INFO - 	org.mongodb#bson;4.8.2 from central in [default]
[2025-12-21T19:25:36.691+0000] {subprocess.py:93} INFO - 	org.mongodb#bson-record-codec;4.8.2 from central in [default]
[2025-12-21T19:25:36.691+0000] {subprocess.py:93} INFO - 	org.mongodb#mongodb-driver-core;4.8.2 from central in [default]
[2025-12-21T19:25:36.692+0000] {subprocess.py:93} INFO - 	org.mongodb#mongodb-driver-sync;4.8.2 from central in [default]
[2025-12-21T19:25:36.692+0000] {subprocess.py:93} INFO - 	org.mongodb.spark#mongo-spark-connector_2.12;10.2.1 from central in [default]
[2025-12-21T19:25:36.693+0000] {subprocess.py:93} INFO - 	---------------------------------------------------------------------
[2025-12-21T19:25:36.693+0000] {subprocess.py:93} INFO - 	|                  |            modules            ||   artifacts   |
[2025-12-21T19:25:36.693+0000] {subprocess.py:93} INFO - 	|       conf       | number| search|dwnlded|evicted|| number|dwnlded|
[2025-12-21T19:25:36.694+0000] {subprocess.py:93} INFO - 	---------------------------------------------------------------------
[2025-12-21T19:25:36.694+0000] {subprocess.py:93} INFO - 	|      default     |   5   |   1   |   0   |   0   ||   5   |   0   |
[2025-12-21T19:25:36.695+0000] {subprocess.py:93} INFO - 	---------------------------------------------------------------------
[2025-12-21T19:25:36.700+0000] {subprocess.py:93} INFO - :: retrieving :: org.apache.spark#spark-submit-parent-df6b0c2f-ea85-42f1-aac3-ec5d048fdc9a
[2025-12-21T19:25:36.701+0000] {subprocess.py:93} INFO - 	confs: [default]
[2025-12-21T19:25:36.719+0000] {subprocess.py:93} INFO - 	0 artifacts copied, 5 already retrieved (0kB/21ms)
[2025-12-21T19:25:37.022+0000] {subprocess.py:93} INFO - 25/12/21 19:25:37 WARN NativeCodeLoader: Unable to load native-hadoop library for your platform... using builtin-java classes where applicable
[2025-12-21T19:25:38.240+0000] {subprocess.py:93} INFO - 25/12/21 19:25:38 INFO SparkContext: Running Spark version 3.5.1
[2025-12-21T19:25:38.246+0000] {subprocess.py:93} INFO - 25/12/21 19:25:38 INFO SparkContext: OS info Linux, 6.8.0-90-generic, amd64
[2025-12-21T19:25:38.253+0000] {subprocess.py:93} INFO - 25/12/21 19:25:38 INFO SparkContext: Java version 17.0.17
[2025-12-21T19:25:38.295+0000] {subprocess.py:93} INFO - 25/12/21 19:25:38 INFO ResourceUtils: ==============================================================
[2025-12-21T19:25:38.298+0000] {subprocess.py:93} INFO - 25/12/21 19:25:38 INFO ResourceUtils: No custom resources configured for spark.driver.
[2025-12-21T19:25:38.299+0000] {subprocess.py:93} INFO - 25/12/21 19:25:38 INFO ResourceUtils: ==============================================================
[2025-12-21T19:25:38.299+0000] {subprocess.py:93} INFO - 25/12/21 19:25:38 INFO SparkContext: Submitted application: Ingestion_MongoDB_Raw
[2025-12-21T19:25:38.369+0000] {subprocess.py:93} INFO - 25/12/21 19:25:38 INFO ResourceProfile: Default ResourceProfile created, executor resources: Map(memory -> name: memory, amount: 2048, script: , vendor: , offHeap -> name: offHeap, amount: 0, script: , vendor: ), task resources: Map(cpus -> name: cpus, amount: 1.0)
[2025-12-21T19:25:38.379+0000] {subprocess.py:93} INFO - 25/12/21 19:25:38 INFO ResourceProfile: Limiting resource is cpu
[2025-12-21T19:25:38.379+0000] {subprocess.py:93} INFO - 25/12/21 19:25:38 INFO ResourceProfileManager: Added ResourceProfile id: 0
[2025-12-21T19:25:38.441+0000] {subprocess.py:93} INFO - 25/12/21 19:25:38 INFO SecurityManager: Changing view acls to: ***
[2025-12-21T19:25:38.441+0000] {subprocess.py:93} INFO - 25/12/21 19:25:38 INFO SecurityManager: Changing modify acls to: ***
[2025-12-21T19:25:38.442+0000] {subprocess.py:93} INFO - 25/12/21 19:25:38 INFO SecurityManager: Changing view acls groups to:
[2025-12-21T19:25:38.443+0000] {subprocess.py:93} INFO - 25/12/21 19:25:38 INFO SecurityManager: Changing modify acls groups to:
[2025-12-21T19:25:38.443+0000] {subprocess.py:93} INFO - 25/12/21 19:25:38 INFO SecurityManager: SecurityManager: authentication disabled; ui acls disabled; users with view permissions: ***; groups with view permissions: EMPTY; users with modify permissions: ***; groups with modify permissions: EMPTY
[2025-12-21T19:25:38.724+0000] {subprocess.py:93} INFO - 25/12/21 19:25:38 INFO Utils: Successfully started service 'sparkDriver' on port 38125.
[2025-12-21T19:25:38.779+0000] {subprocess.py:93} INFO - 25/12/21 19:25:38 INFO SparkEnv: Registering MapOutputTracker
[2025-12-21T19:25:38.825+0000] {subprocess.py:93} INFO - 25/12/21 19:25:38 INFO SparkEnv: Registering BlockManagerMaster
[2025-12-21T19:25:38.843+0000] {subprocess.py:93} INFO - 25/12/21 19:25:38 INFO BlockManagerMasterEndpoint: Using org.apache.spark.storage.DefaultTopologyMapper for getting topology information
[2025-12-21T19:25:38.843+0000] {subprocess.py:93} INFO - 25/12/21 19:25:38 INFO BlockManagerMasterEndpoint: BlockManagerMasterEndpoint up
[2025-12-21T19:25:38.848+0000] {subprocess.py:93} INFO - 25/12/21 19:25:38 INFO SparkEnv: Registering BlockManagerMasterHeartbeat
[2025-12-21T19:25:38.886+0000] {subprocess.py:93} INFO - 25/12/21 19:25:38 INFO DiskBlockManager: Created local directory at /tmp/blockmgr-ec0efeba-36a8-4a18-b9a8-12da62c99cc6
[2025-12-21T19:25:38.905+0000] {subprocess.py:93} INFO - 25/12/21 19:25:38 INFO MemoryStore: MemoryStore started with capacity 434.4 MiB
[2025-12-21T19:25:38.921+0000] {subprocess.py:93} INFO - 25/12/21 19:25:38 INFO SparkEnv: Registering OutputCommitCoordinator
[2025-12-21T19:25:39.081+0000] {subprocess.py:93} INFO - 25/12/21 19:25:39 INFO JettyUtils: Start Jetty 0.0.0.0:4040 for SparkUI
[2025-12-21T19:25:39.149+0000] {subprocess.py:93} INFO - 25/12/21 19:25:39 INFO Utils: Successfully started service 'SparkUI' on port 4040.
[2025-12-21T19:25:39.238+0000] {subprocess.py:93} INFO - 25/12/21 19:25:39 INFO SparkContext: Added JAR file:///home/***/.ivy2/jars/org.mongodb.spark_mongo-spark-connector_2.12-10.2.1.jar at spark://8a1c1bf9c649:38125/jars/org.mongodb.spark_mongo-spark-connector_2.12-10.2.1.jar with timestamp 1766345138231
[2025-12-21T19:25:39.240+0000] {subprocess.py:93} INFO - 25/12/21 19:25:39 INFO SparkContext: Added JAR file:///home/***/.ivy2/jars/org.mongodb_mongodb-driver-sync-4.8.2.jar at spark://8a1c1bf9c649:38125/jars/org.mongodb_mongodb-driver-sync-4.8.2.jar with timestamp 1766345138231
[2025-12-21T19:25:39.240+0000] {subprocess.py:93} INFO - 25/12/21 19:25:39 INFO SparkContext: Added JAR file:///home/***/.ivy2/jars/org.mongodb_bson-4.8.2.jar at spark://8a1c1bf9c649:38125/jars/org.mongodb_bson-4.8.2.jar with timestamp 1766345138231
[2025-12-21T19:25:39.241+0000] {subprocess.py:93} INFO - 25/12/21 19:25:39 INFO SparkContext: Added JAR file:///home/***/.ivy2/jars/org.mongodb_mongodb-driver-core-4.8.2.jar at spark://8a1c1bf9c649:38125/jars/org.mongodb_mongodb-driver-core-4.8.2.jar with timestamp 1766345138231
[2025-12-21T19:25:39.241+0000] {subprocess.py:93} INFO - 25/12/21 19:25:39 INFO SparkContext: Added JAR file:///home/***/.ivy2/jars/org.mongodb_bson-record-codec-4.8.2.jar at spark://8a1c1bf9c649:38125/jars/org.mongodb_bson-record-codec-4.8.2.jar with timestamp 1766345138231
[2025-12-21T19:25:39.245+0000] {subprocess.py:93} INFO - 25/12/21 19:25:39 INFO SparkContext: Added file file:///home/***/.ivy2/jars/org.mongodb.spark_mongo-spark-connector_2.12-10.2.1.jar at spark://8a1c1bf9c649:38125/files/org.mongodb.spark_mongo-spark-connector_2.12-10.2.1.jar with timestamp 1766345138231
[2025-12-21T19:25:39.255+0000] {subprocess.py:93} INFO - 25/12/21 19:25:39 INFO Utils: Copying /home/***/.ivy2/jars/org.mongodb.spark_mongo-spark-connector_2.12-10.2.1.jar to /tmp/spark-48eea9f5-c748-46d3-82ea-25514fed811f/userFiles-3ff18515-fdc4-48bc-9586-3da2fabc2db9/org.mongodb.spark_mongo-spark-connector_2.12-10.2.1.jar
[2025-12-21T19:25:39.283+0000] {subprocess.py:93} INFO - 25/12/21 19:25:39 INFO SparkContext: Added file file:///home/***/.ivy2/jars/org.mongodb_mongodb-driver-sync-4.8.2.jar at spark://8a1c1bf9c649:38125/files/org.mongodb_mongodb-driver-sync-4.8.2.jar with timestamp 1766345138231
[2025-12-21T19:25:39.283+0000] {subprocess.py:93} INFO - 25/12/21 19:25:39 INFO Utils: Copying /home/***/.ivy2/jars/org.mongodb_mongodb-driver-sync-4.8.2.jar to /tmp/spark-48eea9f5-c748-46d3-82ea-25514fed811f/userFiles-3ff18515-fdc4-48bc-9586-3da2fabc2db9/org.mongodb_mongodb-driver-sync-4.8.2.jar
[2025-12-21T19:25:39.292+0000] {subprocess.py:93} INFO - 25/12/21 19:25:39 INFO SparkContext: Added file file:///home/***/.ivy2/jars/org.mongodb_bson-4.8.2.jar at spark://8a1c1bf9c649:38125/files/org.mongodb_bson-4.8.2.jar with timestamp 1766345138231
[2025-12-21T19:25:39.294+0000] {subprocess.py:93} INFO - 25/12/21 19:25:39 INFO Utils: Copying /home/***/.ivy2/jars/org.mongodb_bson-4.8.2.jar to /tmp/spark-48eea9f5-c748-46d3-82ea-25514fed811f/userFiles-3ff18515-fdc4-48bc-9586-3da2fabc2db9/org.mongodb_bson-4.8.2.jar
[2025-12-21T19:25:39.303+0000] {subprocess.py:93} INFO - 25/12/21 19:25:39 INFO SparkContext: Added file file:///home/***/.ivy2/jars/org.mongodb_mongodb-driver-core-4.8.2.jar at spark://8a1c1bf9c649:38125/files/org.mongodb_mongodb-driver-core-4.8.2.jar with timestamp 1766345138231
[2025-12-21T19:25:39.305+0000] {subprocess.py:93} INFO - 25/12/21 19:25:39 INFO Utils: Copying /home/***/.ivy2/jars/org.mongodb_mongodb-driver-core-4.8.2.jar to /tmp/spark-48eea9f5-c748-46d3-82ea-25514fed811f/userFiles-3ff18515-fdc4-48bc-9586-3da2fabc2db9/org.mongodb_mongodb-driver-core-4.8.2.jar
[2025-12-21T19:25:39.313+0000] {subprocess.py:93} INFO - 25/12/21 19:25:39 INFO SparkContext: Added file file:///home/***/.ivy2/jars/org.mongodb_bson-record-codec-4.8.2.jar at spark://8a1c1bf9c649:38125/files/org.mongodb_bson-record-codec-4.8.2.jar with timestamp 1766345138231
[2025-12-21T19:25:39.316+0000] {subprocess.py:93} INFO - 25/12/21 19:25:39 INFO Utils: Copying /home/***/.ivy2/jars/org.mongodb_bson-record-codec-4.8.2.jar to /tmp/spark-48eea9f5-c748-46d3-82ea-25514fed811f/userFiles-3ff18515-fdc4-48bc-9586-3da2fabc2db9/org.mongodb_bson-record-codec-4.8.2.jar
[2025-12-21T19:25:39.413+0000] {subprocess.py:93} INFO - 25/12/21 19:25:39 INFO StandaloneAppClient$ClientEndpoint: Connecting to master spark://spark-master:7077...
[2025-12-21T19:25:39.472+0000] {subprocess.py:93} INFO - 25/12/21 19:25:39 INFO TransportClientFactory: Successfully created connection to spark-master/172.18.0.4:7077 after 40 ms (0 ms spent in bootstraps)
[2025-12-21T19:25:39.579+0000] {subprocess.py:93} INFO - 25/12/21 19:25:39 INFO StandaloneSchedulerBackend: Connected to Spark cluster with app ID app-20251221192539-0002
[2025-12-21T19:25:39.579+0000] {subprocess.py:93} INFO - 25/12/21 19:25:39 INFO StandaloneAppClient$ClientEndpoint: Executor added: app-20251221192539-0002/0 on worker-20251221191243-172.18.0.6-38839 (172.18.0.6:38839) with 2 core(s)
[2025-12-21T19:25:39.587+0000] {subprocess.py:93} INFO - 25/12/21 19:25:39 INFO StandaloneSchedulerBackend: Granted executor ID app-20251221192539-0002/0 on hostPort 172.18.0.6:38839 with 2 core(s), 2.0 GiB RAM
[2025-12-21T19:25:39.606+0000] {subprocess.py:93} INFO - 25/12/21 19:25:39 INFO Utils: Successfully started service 'org.apache.spark.network.netty.NettyBlockTransferService' on port 41291.
[2025-12-21T19:25:39.607+0000] {subprocess.py:93} INFO - 25/12/21 19:25:39 INFO NettyBlockTransferService: Server created on 8a1c1bf9c649:41291
[2025-12-21T19:25:39.616+0000] {subprocess.py:93} INFO - 25/12/21 19:25:39 INFO BlockManager: Using org.apache.spark.storage.RandomBlockReplicationPolicy for block replication policy
[2025-12-21T19:25:39.625+0000] {subprocess.py:93} INFO - 25/12/21 19:25:39 INFO StandaloneAppClient$ClientEndpoint: Executor updated: app-20251221192539-0002/0 is now RUNNING
[2025-12-21T19:25:39.637+0000] {subprocess.py:93} INFO - 25/12/21 19:25:39 INFO BlockManagerMaster: Registering BlockManager BlockManagerId(driver, 8a1c1bf9c649, 41291, None)
[2025-12-21T19:25:39.644+0000] {subprocess.py:93} INFO - 25/12/21 19:25:39 INFO BlockManagerMasterEndpoint: Registering block manager 8a1c1bf9c649:41291 with 434.4 MiB RAM, BlockManagerId(driver, 8a1c1bf9c649, 41291, None)
[2025-12-21T19:25:39.653+0000] {subprocess.py:93} INFO - 25/12/21 19:25:39 INFO BlockManagerMaster: Registered BlockManager BlockManagerId(driver, 8a1c1bf9c649, 41291, None)
[2025-12-21T19:25:39.654+0000] {subprocess.py:93} INFO - 25/12/21 19:25:39 INFO BlockManager: Initialized BlockManager: BlockManagerId(driver, 8a1c1bf9c649, 41291, None)
[2025-12-21T19:25:40.062+0000] {subprocess.py:93} INFO - 25/12/21 19:25:40 INFO StandaloneSchedulerBackend: SchedulerBackend is ready for scheduling beginning after reached minRegisteredResourcesRatio: 0.0
[2025-12-21T19:25:40.473+0000] {subprocess.py:93} INFO - 25/12/21 19:25:40 INFO SharedState: Setting hive.metastore.warehouse.dir ('null') to the value of spark.sql.warehouse.dir.
[2025-12-21T19:25:40.473+0000] {subprocess.py:93} INFO - 25/12/21 19:25:40 INFO SharedState: Warehouse path is 'file:/tmp/***tmpv54g20bo/spark-warehouse'.
[2025-12-21T19:25:42.869+0000] {subprocess.py:93} INFO - 25/12/21 19:25:42 INFO cluster: Monitor thread successfully connected to server with description ServerDescription{address=mongodb:27017, type=STANDALONE, state=CONNECTED, ok=true, minWireVersion=0, maxWireVersion=21, maxDocumentSize=16777216, logicalSessionTimeoutMinutes=30, roundTripTimeNanos=37483172}
[2025-12-21T19:25:42.869+0000] {subprocess.py:93} INFO - 25/12/21 19:25:42 INFO client: MongoClient with metadata {"driver": {"name": "mongo-java-driver|sync|mongo-spark-connector|source", "version": "4.8.2|10.2.1"}, "os": {"type": "Linux", "name": "Linux", "architecture": "amd64", "version": "6.8.0-90-generic"}, "platform": "Java/Debian/17.0.17+10-Debian-1deb12u1|Scala/2.12.18/Spark/3.5.1"} created with settings MongoClientSettings{readPreference=primary, writeConcern=WriteConcern{w=null, wTimeout=null ms, journal=null}, retryWrites=true, retryReads=true, readConcern=ReadConcern{level=null}, credential=MongoCredential{mechanism=null, userName='admin', source='admin', password=<hidden>, mechanismProperties=<hidden>}, streamFactoryFactory=null, commandListeners=[], codecRegistry=ProvidersCodecRegistry{codecProviders=[ValueCodecProvider{}, BsonValueCodecProvider{}, DBRefCodecProvider{}, DBObjectCodecProvider{}, DocumentCodecProvider{}, CollectionCodecProvider{}, IterableCodecProvider{}, MapCodecProvider{}, GeoJsonCodecProvider{}, GridFSFileCodecProvider{}, Jsr310CodecProvider{}, JsonObjectCodecProvider{}, BsonCodecProvider{}, EnumCodecProvider{}, com.mongodb.Jep395RecordCodecProvider@700aae75]}, clusterSettings={hosts=[mongodb:27017], srvServiceName=mongodb, mode=SINGLE, requiredClusterType=UNKNOWN, requiredReplicaSetName='null', serverSelector='null', clusterListeners='[]', serverSelectionTimeout='30000 ms', localThreshold='30000 ms'}, socketSettings=SocketSettings{connectTimeoutMS=10000, readTimeoutMS=0, receiveBufferSize=0, sendBufferSize=0}, heartbeatSocketSettings=SocketSettings{connectTimeoutMS=10000, readTimeoutMS=10000, receiveBufferSize=0, sendBufferSize=0}, connectionPoolSettings=ConnectionPoolSettings{maxSize=100, minSize=0, maxWaitTimeMS=120000, maxConnectionLifeTimeMS=0, maxConnectionIdleTimeMS=0, maintenanceInitialDelayMS=0, maintenanceFrequencyMS=60000, connectionPoolListeners=[], maxConnecting=2}, serverSettings=ServerSettings{heartbeatFrequencyMS=10000, minHeartbeatFrequencyMS=500, serverListeners='[]', serverMonitorListeners='[]'}, sslSettings=SslSettings{enabled=false, invalidHostNameAllowed=false, context=null}, applicationName='null', compressorList=[], uuidRepresentation=UNSPECIFIED, serverApi=null, autoEncryptionSettings=null, contextProvider=null}
[2025-12-21T19:25:43.363+0000] {subprocess.py:93} INFO - 25/12/21 19:25:43 INFO MongoTable: Creating MongoTable: mongo-spark-connector-10.2.1
[2025-12-21T19:25:44.414+0000] {subprocess.py:93} INFO - 25/12/21 19:25:44 INFO StandaloneSchedulerBackend$StandaloneDriverEndpoint: Registered executor NettyRpcEndpointRef(spark-client://Executor) (172.18.0.6:41626) with ID 0,  ResourceProfileId 0
[2025-12-21T19:25:44.597+0000] {subprocess.py:93} INFO - 25/12/21 19:25:44 INFO BlockManagerMasterEndpoint: Registering block manager 172.18.0.6:45637 with 1048.8 MiB RAM, BlockManagerId(0, 172.18.0.6, 45637, None)
[2025-12-21T19:25:44.844+0000] {subprocess.py:93} INFO - Traceback (most recent call last):
[2025-12-21T19:25:44.845+0000] {subprocess.py:93} INFO -   File "/opt/***/spark_jobs/ingestion.py", line 25, in <module>
[2025-12-21T19:25:44.848+0000] {subprocess.py:93} INFO -     print(f" Nombre de documents MongoDB : {df.count()}")
[2025-12-21T19:25:44.849+0000] {subprocess.py:93} INFO -   File "/opt/spark/python/lib/pyspark.zip/pyspark/sql/dataframe.py", line 1238, in count
[2025-12-21T19:25:44.849+0000] {subprocess.py:93} INFO -   File "/opt/spark/python/lib/py4j-0.10.9.7-src.zip/py4j/java_gateway.py", line 1322, in __call__
[2025-12-21T19:25:44.851+0000] {subprocess.py:93} INFO -   File "/opt/spark/python/lib/pyspark.zip/pyspark/errors/exceptions/captured.py", line 179, in deco
[2025-12-21T19:25:44.851+0000] {subprocess.py:93} INFO -   File "/opt/spark/python/lib/py4j-0.10.9.7-src.zip/py4j/protocol.py", line 326, in get_return_value
[2025-12-21T19:25:44.886+0000] {subprocess.py:93} INFO - py4j.protocol.Py4JJavaError: An error occurred while calling o39.count.
[2025-12-21T19:25:44.886+0000] {subprocess.py:93} INFO - : java.lang.NoSuchMethodError: 'org.apache.spark.sql.catalyst.encoders.ExpressionEncoder org.apache.spark.sql.catalyst.encoders.RowEncoder$.apply(org.apache.spark.sql.types.StructType)'
[2025-12-21T19:25:44.890+0000] {subprocess.py:93} INFO - 	at com.mongodb.spark.sql.connector.schema.InternalRowToRowFunction.<init>(InternalRowToRowFunction.java:44)
[2025-12-21T19:25:44.891+0000] {subprocess.py:93} INFO - 	at com.mongodb.spark.sql.connector.schema.RowToBsonDocumentConverter.<init>(RowToBsonDocumentConverter.java:84)
[2025-12-21T19:25:44.891+0000] {subprocess.py:93} INFO - 	at com.mongodb.spark.sql.connector.read.MongoScanBuilder.<clinit>(MongoScanBuilder.java:72)
[2025-12-21T19:25:44.891+0000] {subprocess.py:93} INFO - 	at com.mongodb.spark.sql.connector.MongoTable.newScanBuilder(MongoTable.java:121)
[2025-12-21T19:25:44.892+0000] {subprocess.py:93} INFO - 	at org.apache.spark.sql.execution.datasources.v2.V2ScanRelationPushDown$$anonfun$createScanBuilder$1.applyOrElse(V2ScanRelationPushDown.scala:58)
[2025-12-21T19:25:44.892+0000] {subprocess.py:93} INFO - 	at org.apache.spark.sql.execution.datasources.v2.V2ScanRelationPushDown$$anonfun$createScanBuilder$1.applyOrElse(V2ScanRelationPushDown.scala:56)
[2025-12-21T19:25:44.893+0000] {subprocess.py:93} INFO - 	at org.apache.spark.sql.catalyst.trees.TreeNode.$anonfun$transformDownWithPruning$1(TreeNode.scala:461)
[2025-12-21T19:25:44.893+0000] {subprocess.py:93} INFO - 	at org.apache.spark.sql.catalyst.trees.CurrentOrigin$.withOrigin(origin.scala:76)
[2025-12-21T19:25:44.894+0000] {subprocess.py:93} INFO - 	at org.apache.spark.sql.catalyst.trees.TreeNode.transformDownWithPruning(TreeNode.scala:461)
[2025-12-21T19:25:44.894+0000] {subprocess.py:93} INFO - 	at org.apache.spark.sql.catalyst.plans.logical.LogicalPlan.org$apache$spark$sql$catalyst$plans$logical$AnalysisHelper$$super$transformDownWithPruning(LogicalPlan.scala:32)
[2025-12-21T19:25:44.896+0000] {subprocess.py:93} INFO - 	at org.apache.spark.sql.catalyst.plans.logical.AnalysisHelper.transformDownWithPruning(AnalysisHelper.scala:267)
[2025-12-21T19:25:44.901+0000] {subprocess.py:93} INFO - 	at org.apache.spark.sql.catalyst.plans.logical.AnalysisHelper.transformDownWithPruning$(AnalysisHelper.scala:263)
[2025-12-21T19:25:44.902+0000] {subprocess.py:93} INFO - 	at org.apache.spark.sql.catalyst.plans.logical.LogicalPlan.transformDownWithPruning(LogicalPlan.scala:32)
[2025-12-21T19:25:44.903+0000] {subprocess.py:93} INFO - 	at org.apache.spark.sql.catalyst.plans.logical.LogicalPlan.transformDownWithPruning(LogicalPlan.scala:32)
[2025-12-21T19:25:44.904+0000] {subprocess.py:93} INFO - 	at org.apache.spark.sql.catalyst.trees.TreeNode.$anonfun$transformDownWithPruning$3(TreeNode.scala:466)
[2025-12-21T19:25:44.905+0000] {subprocess.py:93} INFO - 	at org.apache.spark.sql.catalyst.trees.UnaryLike.mapChildren(TreeNode.scala:1215)
[2025-12-21T19:25:44.906+0000] {subprocess.py:93} INFO - 	at org.apache.spark.sql.catalyst.trees.UnaryLike.mapChildren$(TreeNode.scala:1214)
[2025-12-21T19:25:44.907+0000] {subprocess.py:93} INFO - 	at org.apache.spark.sql.catalyst.plans.logical.Project.mapChildren(basicLogicalOperators.scala:71)
[2025-12-21T19:25:44.908+0000] {subprocess.py:93} INFO - 	at org.apache.spark.sql.catalyst.trees.TreeNode.transformDownWithPruning(TreeNode.scala:466)
[2025-12-21T19:25:44.910+0000] {subprocess.py:93} INFO - 	at org.apache.spark.sql.catalyst.plans.logical.LogicalPlan.org$apache$spark$sql$catalyst$plans$logical$AnalysisHelper$$super$transformDownWithPruning(LogicalPlan.scala:32)
[2025-12-21T19:25:44.911+0000] {subprocess.py:93} INFO - 	at org.apache.spark.sql.catalyst.plans.logical.AnalysisHelper.transformDownWithPruning(AnalysisHelper.scala:267)
[2025-12-21T19:25:44.923+0000] {subprocess.py:93} INFO - 	at org.apache.spark.sql.catalyst.plans.logical.AnalysisHelper.transformDownWithPruning$(AnalysisHelper.scala:263)
[2025-12-21T19:25:44.923+0000] {subprocess.py:93} INFO - 	at org.apache.spark.sql.catalyst.plans.logical.LogicalPlan.transformDownWithPruning(LogicalPlan.scala:32)
[2025-12-21T19:25:44.924+0000] {subprocess.py:93} INFO - 	at org.apache.spark.sql.catalyst.plans.logical.LogicalPlan.transformDownWithPruning(LogicalPlan.scala:32)
[2025-12-21T19:25:44.927+0000] {subprocess.py:93} INFO - 	at org.apache.spark.sql.catalyst.trees.TreeNode.$anonfun$transformDownWithPruning$3(TreeNode.scala:466)
[2025-12-21T19:25:44.928+0000] {subprocess.py:93} INFO - 	at org.apache.spark.sql.catalyst.trees.UnaryLike.mapChildren(TreeNode.scala:1215)
[2025-12-21T19:25:44.929+0000] {subprocess.py:93} INFO - 	at org.apache.spark.sql.catalyst.trees.UnaryLike.mapChildren$(TreeNode.scala:1214)
[2025-12-21T19:25:44.929+0000] {subprocess.py:93} INFO - 	at org.apache.spark.sql.catalyst.plans.logical.Aggregate.mapChildren(basicLogicalOperators.scala:1151)
[2025-12-21T19:25:44.930+0000] {subprocess.py:93} INFO - 	at org.apache.spark.sql.catalyst.trees.TreeNode.transformDownWithPruning(TreeNode.scala:466)
[2025-12-21T19:25:44.930+0000] {subprocess.py:93} INFO - 	at org.apache.spark.sql.catalyst.plans.logical.LogicalPlan.org$apache$spark$sql$catalyst$plans$logical$AnalysisHelper$$super$transformDownWithPruning(LogicalPlan.scala:32)
[2025-12-21T19:25:44.931+0000] {subprocess.py:93} INFO - 	at org.apache.spark.sql.catalyst.plans.logical.AnalysisHelper.transformDownWithPruning(AnalysisHelper.scala:267)
[2025-12-21T19:25:44.932+0000] {subprocess.py:93} INFO - 	at org.apache.spark.sql.catalyst.plans.logical.AnalysisHelper.transformDownWithPruning$(AnalysisHelper.scala:263)
[2025-12-21T19:25:44.934+0000] {subprocess.py:93} INFO - 	at org.apache.spark.sql.catalyst.plans.logical.LogicalPlan.transformDownWithPruning(LogicalPlan.scala:32)
[2025-12-21T19:25:44.936+0000] {subprocess.py:93} INFO - 	at org.apache.spark.sql.catalyst.plans.logical.LogicalPlan.transformDownWithPruning(LogicalPlan.scala:32)
[2025-12-21T19:25:44.940+0000] {subprocess.py:93} INFO - 	at org.apache.spark.sql.catalyst.trees.TreeNode.transformDown(TreeNode.scala:437)
[2025-12-21T19:25:44.941+0000] {subprocess.py:93} INFO - 	at org.apache.spark.sql.catalyst.trees.TreeNode.transform(TreeNode.scala:405)
[2025-12-21T19:25:44.942+0000] {subprocess.py:93} INFO - 	at org.apache.spark.sql.execution.datasources.v2.V2ScanRelationPushDown$.createScanBuilder(V2ScanRelationPushDown.scala:56)
[2025-12-21T19:25:44.943+0000] {subprocess.py:93} INFO - 	at org.apache.spark.sql.execution.datasources.v2.V2ScanRelationPushDown$.$anonfun$apply$1(V2ScanRelationPushDown.scala:43)
[2025-12-21T19:25:44.943+0000] {subprocess.py:93} INFO - 	at org.apache.spark.sql.execution.datasources.v2.V2ScanRelationPushDown$.$anonfun$apply$8(V2ScanRelationPushDown.scala:52)
[2025-12-21T19:25:44.944+0000] {subprocess.py:93} INFO - 	at scala.collection.LinearSeqOptimized.foldLeft(LinearSeqOptimized.scala:126)
[2025-12-21T19:25:44.946+0000] {subprocess.py:93} INFO - 	at scala.collection.LinearSeqOptimized.foldLeft$(LinearSeqOptimized.scala:122)
[2025-12-21T19:25:44.947+0000] {subprocess.py:93} INFO - 	at scala.collection.immutable.List.foldLeft(List.scala:91)
[2025-12-21T19:25:44.948+0000] {subprocess.py:93} INFO - 	at org.apache.spark.sql.execution.datasources.v2.V2ScanRelationPushDown$.apply(V2ScanRelationPushDown.scala:51)
[2025-12-21T19:25:44.950+0000] {subprocess.py:93} INFO - 	at org.apache.spark.sql.execution.datasources.v2.V2ScanRelationPushDown$.apply(V2ScanRelationPushDown.scala:38)
[2025-12-21T19:25:44.950+0000] {subprocess.py:93} INFO - 	at org.apache.spark.sql.catalyst.rules.RuleExecutor.$anonfun$execute$2(RuleExecutor.scala:222)
[2025-12-21T19:25:44.950+0000] {subprocess.py:93} INFO - 	at scala.collection.LinearSeqOptimized.foldLeft(LinearSeqOptimized.scala:126)
[2025-12-21T19:25:44.952+0000] {subprocess.py:93} INFO - 	at scala.collection.LinearSeqOptimized.foldLeft$(LinearSeqOptimized.scala:122)
[2025-12-21T19:25:44.952+0000] {subprocess.py:93} INFO - 	at scala.collection.immutable.List.foldLeft(List.scala:91)
[2025-12-21T19:25:44.956+0000] {subprocess.py:93} INFO - 	at org.apache.spark.sql.catalyst.rules.RuleExecutor.$anonfun$execute$1(RuleExecutor.scala:219)
[2025-12-21T19:25:44.956+0000] {subprocess.py:93} INFO - 	at org.apache.spark.sql.catalyst.rules.RuleExecutor.$anonfun$execute$1$adapted(RuleExecutor.scala:211)
[2025-12-21T19:25:44.956+0000] {subprocess.py:93} INFO - 	at scala.collection.immutable.List.foreach(List.scala:431)
[2025-12-21T19:25:44.956+0000] {subprocess.py:93} INFO - 	at org.apache.spark.sql.catalyst.rules.RuleExecutor.execute(RuleExecutor.scala:211)
[2025-12-21T19:25:44.956+0000] {subprocess.py:93} INFO - 	at org.apache.spark.sql.catalyst.rules.RuleExecutor.$anonfun$executeAndTrack$1(RuleExecutor.scala:182)
[2025-12-21T19:25:44.956+0000] {subprocess.py:93} INFO - 	at org.apache.spark.sql.catalyst.QueryPlanningTracker$.withTracker(QueryPlanningTracker.scala:89)
[2025-12-21T19:25:44.956+0000] {subprocess.py:93} INFO - 	at org.apache.spark.sql.catalyst.rules.RuleExecutor.executeAndTrack(RuleExecutor.scala:182)
[2025-12-21T19:25:44.956+0000] {subprocess.py:93} INFO - 	at org.apache.spark.sql.execution.QueryExecution.$anonfun$optimizedPlan$1(QueryExecution.scala:152)
[2025-12-21T19:25:44.957+0000] {subprocess.py:93} INFO - 	at org.apache.spark.sql.catalyst.QueryPlanningTracker.measurePhase(QueryPlanningTracker.scala:138)
[2025-12-21T19:25:44.957+0000] {subprocess.py:93} INFO - 	at org.apache.spark.sql.execution.QueryExecution.$anonfun$executePhase$2(QueryExecution.scala:219)
[2025-12-21T19:25:44.959+0000] {subprocess.py:93} INFO - 	at org.apache.spark.sql.execution.QueryExecution$.withInternalError(QueryExecution.scala:546)
[2025-12-21T19:25:44.963+0000] {subprocess.py:93} INFO - 	at org.apache.spark.sql.execution.QueryExecution.$anonfun$executePhase$1(QueryExecution.scala:219)
[2025-12-21T19:25:44.964+0000] {subprocess.py:93} INFO - 	at org.apache.spark.sql.SparkSession.withActive(SparkSession.scala:900)
[2025-12-21T19:25:44.964+0000] {subprocess.py:93} INFO - 	at org.apache.spark.sql.execution.QueryExecution.executePhase(QueryExecution.scala:218)
[2025-12-21T19:25:44.965+0000] {subprocess.py:93} INFO - 	at org.apache.spark.sql.execution.QueryExecution.optimizedPlan$lzycompute(QueryExecution.scala:148)
[2025-12-21T19:25:44.965+0000] {subprocess.py:93} INFO - 	at org.apache.spark.sql.execution.QueryExecution.optimizedPlan(QueryExecution.scala:144)
[2025-12-21T19:25:44.966+0000] {subprocess.py:93} INFO - 	at org.apache.spark.sql.execution.QueryExecution.assertOptimized(QueryExecution.scala:162)
[2025-12-21T19:25:44.966+0000] {subprocess.py:93} INFO - 	at org.apache.spark.sql.execution.QueryExecution.executedPlan$lzycompute(QueryExecution.scala:182)
[2025-12-21T19:25:44.966+0000] {subprocess.py:93} INFO - 	at org.apache.spark.sql.execution.QueryExecution.executedPlan(QueryExecution.scala:179)
[2025-12-21T19:25:44.967+0000] {subprocess.py:93} INFO - 	at org.apache.spark.sql.execution.QueryExecution.simpleString(QueryExecution.scala:238)
[2025-12-21T19:25:44.967+0000] {subprocess.py:93} INFO - 	at org.apache.spark.sql.execution.QueryExecution.org$apache$spark$sql$execution$QueryExecution$$explainString(QueryExecution.scala:284)
[2025-12-21T19:25:44.968+0000] {subprocess.py:93} INFO - 	at org.apache.spark.sql.execution.QueryExecution.explainString(QueryExecution.scala:252)
[2025-12-21T19:25:44.968+0000] {subprocess.py:93} INFO - 	at org.apache.spark.sql.execution.SQLExecution$.$anonfun$withNewExecutionId$6(SQLExecution.scala:117)
[2025-12-21T19:25:44.968+0000] {subprocess.py:93} INFO - 	at org.apache.spark.sql.execution.SQLExecution$.withSQLConfPropagated(SQLExecution.scala:201)
[2025-12-21T19:25:44.969+0000] {subprocess.py:93} INFO - 	at org.apache.spark.sql.execution.SQLExecution$.$anonfun$withNewExecutionId$1(SQLExecution.scala:108)
[2025-12-21T19:25:44.969+0000] {subprocess.py:93} INFO - 	at org.apache.spark.sql.SparkSession.withActive(SparkSession.scala:900)
[2025-12-21T19:25:44.969+0000] {subprocess.py:93} INFO - 	at org.apache.spark.sql.execution.SQLExecution$.withNewExecutionId(SQLExecution.scala:66)
[2025-12-21T19:25:44.970+0000] {subprocess.py:93} INFO - 	at org.apache.spark.sql.Dataset.withAction(Dataset.scala:4320)
[2025-12-21T19:25:44.971+0000] {subprocess.py:93} INFO - 	at org.apache.spark.sql.Dataset.count(Dataset.scala:3613)
[2025-12-21T19:25:44.973+0000] {subprocess.py:93} INFO - 	at java.base/jdk.internal.reflect.NativeMethodAccessorImpl.invoke0(Native Method)
[2025-12-21T19:25:44.974+0000] {subprocess.py:93} INFO - 	at java.base/jdk.internal.reflect.NativeMethodAccessorImpl.invoke(NativeMethodAccessorImpl.java:77)
[2025-12-21T19:25:44.975+0000] {subprocess.py:93} INFO - 	at java.base/jdk.internal.reflect.DelegatingMethodAccessorImpl.invoke(DelegatingMethodAccessorImpl.java:43)
[2025-12-21T19:25:44.975+0000] {subprocess.py:93} INFO - 	at java.base/java.lang.reflect.Method.invoke(Method.java:569)
[2025-12-21T19:25:44.975+0000] {subprocess.py:93} INFO - 	at py4j.reflection.MethodInvoker.invoke(MethodInvoker.java:244)
[2025-12-21T19:25:44.975+0000] {subprocess.py:93} INFO - 	at py4j.reflection.ReflectionEngine.invoke(ReflectionEngine.java:374)
[2025-12-21T19:25:44.975+0000] {subprocess.py:93} INFO - 	at py4j.Gateway.invoke(Gateway.java:282)
[2025-12-21T19:25:44.975+0000] {subprocess.py:93} INFO - 	at py4j.commands.AbstractCommand.invokeMethod(AbstractCommand.java:132)
[2025-12-21T19:25:44.975+0000] {subprocess.py:93} INFO - 	at py4j.commands.CallCommand.execute(CallCommand.java:79)
[2025-12-21T19:25:44.976+0000] {subprocess.py:93} INFO - 	at py4j.ClientServerConnection.waitForCommands(ClientServerConnection.java:182)
[2025-12-21T19:25:44.976+0000] {subprocess.py:93} INFO - 	at py4j.ClientServerConnection.run(ClientServerConnection.java:106)
[2025-12-21T19:25:44.976+0000] {subprocess.py:93} INFO - 	at java.base/java.lang.Thread.run(Thread.java:840)
[2025-12-21T19:25:44.976+0000] {subprocess.py:93} INFO - 
[2025-12-21T19:25:44.980+0000] {subprocess.py:93} INFO - 25/12/21 19:25:44 INFO SparkContext: Invoking stop() from shutdown hook
[2025-12-21T19:25:44.982+0000] {subprocess.py:93} INFO - 25/12/21 19:25:44 INFO SparkContext: SparkContext is stopping with exitCode 0.
[2025-12-21T19:25:44.997+0000] {subprocess.py:93} INFO - 25/12/21 19:25:44 INFO SparkUI: Stopped Spark web UI at http://8a1c1bf9c649:4040
[2025-12-21T19:25:45.010+0000] {subprocess.py:93} INFO - 25/12/21 19:25:45 INFO StandaloneSchedulerBackend: Shutting down all executors
[2025-12-21T19:25:45.010+0000] {subprocess.py:93} INFO - 25/12/21 19:25:45 INFO StandaloneSchedulerBackend$StandaloneDriverEndpoint: Asking each executor to shut down
[2025-12-21T19:25:45.051+0000] {subprocess.py:93} INFO - 25/12/21 19:25:45 INFO MapOutputTrackerMasterEndpoint: MapOutputTrackerMasterEndpoint stopped!
[2025-12-21T19:25:45.135+0000] {subprocess.py:93} INFO - 25/12/21 19:25:45 INFO MemoryStore: MemoryStore cleared
[2025-12-21T19:25:45.136+0000] {subprocess.py:93} INFO - 25/12/21 19:25:45 INFO BlockManager: BlockManager stopped
[2025-12-21T19:25:45.162+0000] {subprocess.py:93} INFO - 25/12/21 19:25:45 INFO BlockManagerMaster: BlockManagerMaster stopped
[2025-12-21T19:25:45.171+0000] {subprocess.py:93} INFO - 25/12/21 19:25:45 INFO OutputCommitCoordinator$OutputCommitCoordinatorEndpoint: OutputCommitCoordinator stopped!
[2025-12-21T19:25:45.196+0000] {subprocess.py:93} INFO - 25/12/21 19:25:45 INFO SparkContext: Successfully stopped SparkContext
[2025-12-21T19:25:45.196+0000] {subprocess.py:93} INFO - 25/12/21 19:25:45 INFO ShutdownHookManager: Shutdown hook called
[2025-12-21T19:25:45.197+0000] {subprocess.py:93} INFO - 25/12/21 19:25:45 INFO ShutdownHookManager: Deleting directory /tmp/spark-a18ee977-e153-4765-a6cc-325536ce4ed1
[2025-12-21T19:25:45.205+0000] {subprocess.py:93} INFO - 25/12/21 19:25:45 INFO ShutdownHookManager: Deleting directory /tmp/spark-48eea9f5-c748-46d3-82ea-25514fed811f/pyspark-5431edf6-8cd7-4173-97cf-4c2f3a538b4d
[2025-12-21T19:25:45.214+0000] {subprocess.py:93} INFO - 25/12/21 19:25:45 INFO ShutdownHookManager: Deleting directory /tmp/spark-48eea9f5-c748-46d3-82ea-25514fed811f
[2025-12-21T19:25:45.695+0000] {subprocess.py:97} INFO - Command exited with return code 1
[2025-12-21T19:25:45.757+0000] {taskinstance.py:2699} ERROR - Task failed with exception
Traceback (most recent call last):
  File "/home/airflow/.local/lib/python3.10/site-packages/airflow/models/taskinstance.py", line 433, in _execute_task
    result = execute_callable(context=context, **execute_callable_kwargs)
  File "/home/airflow/.local/lib/python3.10/site-packages/airflow/operators/bash.py", line 212, in execute
    raise AirflowException(
airflow.exceptions.AirflowException: Bash command failed. The command returned a non-zero exit code 1.
[2025-12-21T19:25:45.768+0000] {taskinstance.py:1138} INFO - Marking task as FAILED. dag_id=pipeline_services_publics_togo, task_id=ingestion_mongodb, execution_date=20251220T020000, start_date=20251221T192530, end_date=20251221T192545
[2025-12-21T19:25:45.804+0000] {standard_task_runner.py:107} ERROR - Failed to execute job 13 for task ingestion_mongodb (Bash command failed. The command returned a non-zero exit code 1.; 728)
[2025-12-21T19:25:45.844+0000] {local_task_job_runner.py:234} INFO - Task exited with return code 1
[2025-12-21T19:25:45.931+0000] {taskinstance.py:3281} INFO - 0 downstream tasks scheduled from follow-on schedule check
