[2025-12-21T14:09:33.812+0000] {taskinstance.py:1957} INFO - Dependencies all met for dep_context=non-requeueable deps ti=<TaskInstance: pipeline_services_publics_togo.ingestion_mongodb scheduled__2025-12-20T02:00:00+00:00 [queued]>
[2025-12-21T14:09:33.834+0000] {taskinstance.py:1957} INFO - Dependencies all met for dep_context=requeueable deps ti=<TaskInstance: pipeline_services_publics_togo.ingestion_mongodb scheduled__2025-12-20T02:00:00+00:00 [queued]>
[2025-12-21T14:09:33.834+0000] {taskinstance.py:2171} INFO - Starting attempt 1 of 3
[2025-12-21T14:09:33.864+0000] {taskinstance.py:2192} INFO - Executing <Task(SparkSubmitOperator): ingestion_mongodb> on 2025-12-20 02:00:00+00:00
[2025-12-21T14:09:33.875+0000] {standard_task_runner.py:60} INFO - Started process 209 to run task
[2025-12-21T14:09:33.884+0000] {standard_task_runner.py:87} INFO - Running: ['***', 'tasks', 'run', 'pipeline_services_publics_togo', 'ingestion_mongodb', 'scheduled__2025-12-20T02:00:00+00:00', '--job-id', '9', '--raw', '--subdir', 'DAGS_FOLDER/pipeline_services_publics.py', '--cfg-path', '/tmp/tmpt2z9re7x']
[2025-12-21T14:09:33.891+0000] {standard_task_runner.py:88} INFO - Job 9: Subtask ingestion_mongodb
[2025-12-21T14:09:34.048+0000] {task_command.py:423} INFO - Running <TaskInstance: pipeline_services_publics_togo.ingestion_mongodb scheduled__2025-12-20T02:00:00+00:00 [running]> on host a1c2defb4657
[2025-12-21T14:09:34.299+0000] {taskinstance.py:2481} INFO - Exporting env vars: AIRFLOW_CTX_DAG_OWNER='data-engineer' AIRFLOW_CTX_DAG_ID='pipeline_services_publics_togo' AIRFLOW_CTX_TASK_ID='ingestion_mongodb' AIRFLOW_CTX_EXECUTION_DATE='2025-12-20T02:00:00+00:00' AIRFLOW_CTX_TRY_NUMBER='1' AIRFLOW_CTX_DAG_RUN_ID='scheduled__2025-12-20T02:00:00+00:00'
[2025-12-21T14:09:34.340+0000] {spark_submit.py:273} INFO - Could not load connection string spark_default, defaulting to yarn
[2025-12-21T14:09:34.342+0000] {spark_submit.py:403} INFO - Spark-Submit cmd: spark-submit --master yarn --packages org.mongodb.spark:mongo-spark-connector_2.12:10.2.0 --executor-memory 2G --driver-memory 1G --name arrow-spark /opt/***/spark_jobs/ingestion.py
[2025-12-21T14:09:35.123+0000] {spark_submit.py:579} INFO - WARNING: Using incubator modules: jdk.incubator.vector
[2025-12-21T14:09:36.867+0000] {spark_submit.py:579} INFO - Exception in thread "main" org.apache.spark.SparkException: When running with master 'yarn' either HADOOP_CONF_DIR or YARN_CONF_DIR must be set in the environment.
[2025-12-21T14:09:36.867+0000] {spark_submit.py:579} INFO - at org.apache.spark.deploy.SparkSubmitArguments.error(SparkSubmitArguments.scala:640)
[2025-12-21T14:09:36.867+0000] {spark_submit.py:579} INFO - at org.apache.spark.deploy.SparkSubmitArguments.validateSubmitArguments(SparkSubmitArguments.scala:287)
[2025-12-21T14:09:36.867+0000] {spark_submit.py:579} INFO - at org.apache.spark.deploy.SparkSubmitArguments.validateArguments(SparkSubmitArguments.scala:245)
[2025-12-21T14:09:36.867+0000] {spark_submit.py:579} INFO - at org.apache.spark.deploy.SparkSubmitArguments.<init>(SparkSubmitArguments.scala:104)
[2025-12-21T14:09:36.867+0000] {spark_submit.py:579} INFO - at org.apache.spark.deploy.SparkSubmit$$anon$2$$anon$3.<init>(SparkSubmit.scala:1137)
[2025-12-21T14:09:36.868+0000] {spark_submit.py:579} INFO - at org.apache.spark.deploy.SparkSubmit$$anon$2.parseArguments(SparkSubmit.scala:1137)
[2025-12-21T14:09:36.868+0000] {spark_submit.py:579} INFO - at org.apache.spark.deploy.SparkSubmit.doSubmit(SparkSubmit.scala:71)
[2025-12-21T14:09:36.868+0000] {spark_submit.py:579} INFO - at org.apache.spark.deploy.SparkSubmit$$anon$2.doSubmit(SparkSubmit.scala:1168)
[2025-12-21T14:09:36.868+0000] {spark_submit.py:579} INFO - at org.apache.spark.deploy.SparkSubmit$.main(SparkSubmit.scala:1177)
[2025-12-21T14:09:36.868+0000] {spark_submit.py:579} INFO - at org.apache.spark.deploy.SparkSubmit.main(SparkSubmit.scala)
[2025-12-21T14:09:36.897+0000] {taskinstance.py:2699} ERROR - Task failed with exception
Traceback (most recent call last):
  File "/home/airflow/.local/lib/python3.10/site-packages/airflow/models/taskinstance.py", line 433, in _execute_task
    result = execute_callable(context=context, **execute_callable_kwargs)
  File "/home/airflow/.local/lib/python3.10/site-packages/airflow/providers/apache/spark/operators/spark_submit.py", line 174, in execute
    self._hook.submit(self.application)
  File "/home/airflow/.local/lib/python3.10/site-packages/airflow/providers/apache/spark/hooks/spark_submit.py", line 505, in submit
    raise AirflowException(
airflow.exceptions.AirflowException: Cannot execute: spark-submit --master yarn --packages org.mongodb.spark:mongo-spark-connector_2.12:10.2.0 --executor-memory 2G --driver-memory 1G --name arrow-spark /opt/***/spark_jobs/ingestion.py. Error code is: 1.
[2025-12-21T14:09:36.901+0000] {taskinstance.py:1138} INFO - Marking task as UP_FOR_RETRY. dag_id=pipeline_services_publics_togo, task_id=ingestion_mongodb, execution_date=20251220T020000, start_date=20251221T140933, end_date=20251221T140936
[2025-12-21T14:09:36.913+0000] {standard_task_runner.py:107} ERROR - Failed to execute job 9 for task ingestion_mongodb (Cannot execute: spark-submit --master yarn --packages org.mongodb.spark:mongo-spark-connector_2.12:10.2.0 --executor-memory 2G --driver-memory 1G --name arrow-spark /opt/***/spark_jobs/ingestion.py. Error code is: 1.; 209)
[2025-12-21T14:09:36.943+0000] {local_task_job_runner.py:234} INFO - Task exited with return code 1
[2025-12-21T14:09:36.999+0000] {taskinstance.py:3281} INFO - 0 downstream tasks scheduled from follow-on schedule check
[2025-12-21T14:58:21.659+0000] {taskinstance.py:1957} INFO - Dependencies all met for dep_context=non-requeueable deps ti=<TaskInstance: pipeline_services_publics_togo.ingestion_mongodb scheduled__2025-12-20T02:00:00+00:00 [queued]>
[2025-12-21T14:58:21.669+0000] {taskinstance.py:1957} INFO - Dependencies all met for dep_context=requeueable deps ti=<TaskInstance: pipeline_services_publics_togo.ingestion_mongodb scheduled__2025-12-20T02:00:00+00:00 [queued]>
[2025-12-21T14:58:21.670+0000] {taskinstance.py:2171} INFO - Starting attempt 1 of 3
[2025-12-21T14:58:21.686+0000] {taskinstance.py:2192} INFO - Executing <Task(SparkSubmitOperator): ingestion_mongodb> on 2025-12-20 02:00:00+00:00
[2025-12-21T14:58:21.692+0000] {standard_task_runner.py:60} INFO - Started process 204 to run task
[2025-12-21T14:58:21.699+0000] {standard_task_runner.py:87} INFO - Running: ['***', 'tasks', 'run', 'pipeline_services_publics_togo', 'ingestion_mongodb', 'scheduled__2025-12-20T02:00:00+00:00', '--job-id', '9', '--raw', '--subdir', 'DAGS_FOLDER/pipeline_services_publics.py', '--cfg-path', '/tmp/tmptre9lf0k']
[2025-12-21T14:58:21.704+0000] {standard_task_runner.py:88} INFO - Job 9: Subtask ingestion_mongodb
[2025-12-21T14:58:21.771+0000] {task_command.py:423} INFO - Running <TaskInstance: pipeline_services_publics_togo.ingestion_mongodb scheduled__2025-12-20T02:00:00+00:00 [running]> on host 13b6637ef0d9
[2025-12-21T14:58:21.865+0000] {taskinstance.py:2481} INFO - Exporting env vars: AIRFLOW_CTX_DAG_OWNER='data-engineer' AIRFLOW_CTX_DAG_ID='pipeline_services_publics_togo' AIRFLOW_CTX_TASK_ID='ingestion_mongodb' AIRFLOW_CTX_EXECUTION_DATE='2025-12-20T02:00:00+00:00' AIRFLOW_CTX_TRY_NUMBER='1' AIRFLOW_CTX_DAG_RUN_ID='scheduled__2025-12-20T02:00:00+00:00'
[2025-12-21T14:58:21.878+0000] {spark_submit.py:273} INFO - Could not load connection string spark_standalone, defaulting to yarn
[2025-12-21T14:58:21.878+0000] {spark_submit.py:403} INFO - Spark-Submit cmd: spark-submit --master yarn --packages org.mongodb.spark:mongo-spark-connector_2.12:10.2.0 --executor-memory 2G --driver-memory 1G --name arrow-spark /opt/***/spark_jobs/ingestion.py
[2025-12-21T14:58:22.402+0000] {spark_submit.py:579} INFO - WARNING: Using incubator modules: jdk.incubator.vector
[2025-12-21T14:58:24.647+0000] {spark_submit.py:579} INFO - Exception in thread "main" org.apache.spark.SparkException: When running with master 'yarn' either HADOOP_CONF_DIR or YARN_CONF_DIR must be set in the environment.
[2025-12-21T14:58:24.647+0000] {spark_submit.py:579} INFO - at org.apache.spark.deploy.SparkSubmitArguments.error(SparkSubmitArguments.scala:640)
[2025-12-21T14:58:24.647+0000] {spark_submit.py:579} INFO - at org.apache.spark.deploy.SparkSubmitArguments.validateSubmitArguments(SparkSubmitArguments.scala:287)
[2025-12-21T14:58:24.647+0000] {spark_submit.py:579} INFO - at org.apache.spark.deploy.SparkSubmitArguments.validateArguments(SparkSubmitArguments.scala:245)
[2025-12-21T14:58:24.647+0000] {spark_submit.py:579} INFO - at org.apache.spark.deploy.SparkSubmitArguments.<init>(SparkSubmitArguments.scala:104)
[2025-12-21T14:58:24.647+0000] {spark_submit.py:579} INFO - at org.apache.spark.deploy.SparkSubmit$$anon$2$$anon$3.<init>(SparkSubmit.scala:1137)
[2025-12-21T14:58:24.648+0000] {spark_submit.py:579} INFO - at org.apache.spark.deploy.SparkSubmit$$anon$2.parseArguments(SparkSubmit.scala:1137)
[2025-12-21T14:58:24.648+0000] {spark_submit.py:579} INFO - at org.apache.spark.deploy.SparkSubmit.doSubmit(SparkSubmit.scala:71)
[2025-12-21T14:58:24.648+0000] {spark_submit.py:579} INFO - at org.apache.spark.deploy.SparkSubmit$$anon$2.doSubmit(SparkSubmit.scala:1168)
[2025-12-21T14:58:24.648+0000] {spark_submit.py:579} INFO - at org.apache.spark.deploy.SparkSubmit$.main(SparkSubmit.scala:1177)
[2025-12-21T14:58:24.648+0000] {spark_submit.py:579} INFO - at org.apache.spark.deploy.SparkSubmit.main(SparkSubmit.scala)
[2025-12-21T14:58:24.687+0000] {taskinstance.py:2699} ERROR - Task failed with exception
Traceback (most recent call last):
  File "/home/airflow/.local/lib/python3.10/site-packages/airflow/models/taskinstance.py", line 433, in _execute_task
    result = execute_callable(context=context, **execute_callable_kwargs)
  File "/home/airflow/.local/lib/python3.10/site-packages/airflow/providers/apache/spark/operators/spark_submit.py", line 174, in execute
    self._hook.submit(self.application)
  File "/home/airflow/.local/lib/python3.10/site-packages/airflow/providers/apache/spark/hooks/spark_submit.py", line 505, in submit
    raise AirflowException(
airflow.exceptions.AirflowException: Cannot execute: spark-submit --master yarn --packages org.mongodb.spark:mongo-spark-connector_2.12:10.2.0 --executor-memory 2G --driver-memory 1G --name arrow-spark /opt/***/spark_jobs/ingestion.py. Error code is: 1.
[2025-12-21T14:58:24.690+0000] {taskinstance.py:1138} INFO - Marking task as UP_FOR_RETRY. dag_id=pipeline_services_publics_togo, task_id=ingestion_mongodb, execution_date=20251220T020000, start_date=20251221T145821, end_date=20251221T145824
[2025-12-21T14:58:24.701+0000] {standard_task_runner.py:107} ERROR - Failed to execute job 9 for task ingestion_mongodb (Cannot execute: spark-submit --master yarn --packages org.mongodb.spark:mongo-spark-connector_2.12:10.2.0 --executor-memory 2G --driver-memory 1G --name arrow-spark /opt/***/spark_jobs/ingestion.py. Error code is: 1.; 204)
[2025-12-21T14:58:24.745+0000] {local_task_job_runner.py:234} INFO - Task exited with return code 1
[2025-12-21T14:58:24.789+0000] {taskinstance.py:3281} INFO - 0 downstream tasks scheduled from follow-on schedule check
[2025-12-21T15:07:34.665+0000] {taskinstance.py:1957} INFO - Dependencies all met for dep_context=non-requeueable deps ti=<TaskInstance: pipeline_services_publics_togo.ingestion_mongodb scheduled__2025-12-20T02:00:00+00:00 [queued]>
[2025-12-21T15:07:34.674+0000] {taskinstance.py:1957} INFO - Dependencies all met for dep_context=requeueable deps ti=<TaskInstance: pipeline_services_publics_togo.ingestion_mongodb scheduled__2025-12-20T02:00:00+00:00 [queued]>
[2025-12-21T15:07:34.674+0000] {taskinstance.py:2171} INFO - Starting attempt 1 of 3
[2025-12-21T15:07:34.689+0000] {taskinstance.py:2192} INFO - Executing <Task(BashOperator): ingestion_mongodb> on 2025-12-20 02:00:00+00:00
[2025-12-21T15:07:34.694+0000] {standard_task_runner.py:60} INFO - Started process 202 to run task
[2025-12-21T15:07:34.700+0000] {standard_task_runner.py:87} INFO - Running: ['***', 'tasks', 'run', 'pipeline_services_publics_togo', 'ingestion_mongodb', 'scheduled__2025-12-20T02:00:00+00:00', '--job-id', '8', '--raw', '--subdir', 'DAGS_FOLDER/pipeline_services_publics.py', '--cfg-path', '/tmp/tmp_j8c4xks']
[2025-12-21T15:07:34.702+0000] {standard_task_runner.py:88} INFO - Job 8: Subtask ingestion_mongodb
[2025-12-21T15:07:34.770+0000] {task_command.py:423} INFO - Running <TaskInstance: pipeline_services_publics_togo.ingestion_mongodb scheduled__2025-12-20T02:00:00+00:00 [running]> on host 30a6224e97bc
[2025-12-21T15:07:34.924+0000] {taskinstance.py:2481} INFO - Exporting env vars: AIRFLOW_CTX_DAG_OWNER='data-engineer' AIRFLOW_CTX_DAG_ID='pipeline_services_publics_togo' AIRFLOW_CTX_TASK_ID='ingestion_mongodb' AIRFLOW_CTX_EXECUTION_DATE='2025-12-20T02:00:00+00:00' AIRFLOW_CTX_TRY_NUMBER='1' AIRFLOW_CTX_DAG_RUN_ID='scheduled__2025-12-20T02:00:00+00:00'
[2025-12-21T15:07:34.925+0000] {subprocess.py:63} INFO - Tmp dir root location: /tmp
[2025-12-21T15:07:34.926+0000] {subprocess.py:75} INFO - Running command: ['/usr/bin/bash', '-c', '\n    /opt/spark/bin/spark-submit       --master spark://spark-master:7077       --packages org.mongodb.spark:mongo-spark-connector_2.12:10.2.0       --executor-memory 2G       --driver-memory 1G       /opt/***/spark_jobs/ingestion.py\n    ']
[2025-12-21T15:07:34.939+0000] {subprocess.py:86} INFO - Output:
[2025-12-21T15:07:34.940+0000] {subprocess.py:93} INFO - /usr/bin/bash: line 2: /opt/spark/bin/spark-submit: No such file or directory
[2025-12-21T15:07:34.940+0000] {subprocess.py:97} INFO - Command exited with return code 127
[2025-12-21T15:07:34.956+0000] {taskinstance.py:2699} ERROR - Task failed with exception
Traceback (most recent call last):
  File "/home/airflow/.local/lib/python3.10/site-packages/airflow/models/taskinstance.py", line 433, in _execute_task
    result = execute_callable(context=context, **execute_callable_kwargs)
  File "/home/airflow/.local/lib/python3.10/site-packages/airflow/operators/bash.py", line 212, in execute
    raise AirflowException(
airflow.exceptions.AirflowException: Bash command failed. The command returned a non-zero exit code 127.
[2025-12-21T15:07:34.960+0000] {taskinstance.py:1138} INFO - Marking task as UP_FOR_RETRY. dag_id=pipeline_services_publics_togo, task_id=ingestion_mongodb, execution_date=20251220T020000, start_date=20251221T150734, end_date=20251221T150734
[2025-12-21T15:07:34.972+0000] {standard_task_runner.py:107} ERROR - Failed to execute job 8 for task ingestion_mongodb (Bash command failed. The command returned a non-zero exit code 127.; 202)
[2025-12-21T15:07:34.996+0000] {local_task_job_runner.py:234} INFO - Task exited with return code 1
[2025-12-21T15:07:35.026+0000] {taskinstance.py:3281} INFO - 0 downstream tasks scheduled from follow-on schedule check
[2025-12-21T18:06:14.590+0000] {taskinstance.py:1957} INFO - Dependencies all met for dep_context=non-requeueable deps ti=<TaskInstance: pipeline_services_publics_togo.ingestion_mongodb scheduled__2025-12-20T02:00:00+00:00 [queued]>
[2025-12-21T18:06:14.613+0000] {taskinstance.py:1957} INFO - Dependencies all met for dep_context=requeueable deps ti=<TaskInstance: pipeline_services_publics_togo.ingestion_mongodb scheduled__2025-12-20T02:00:00+00:00 [queued]>
[2025-12-21T18:06:14.613+0000] {taskinstance.py:2171} INFO - Starting attempt 1 of 3
[2025-12-21T18:06:14.630+0000] {taskinstance.py:2192} INFO - Executing <Task(BashOperator): ingestion_mongodb> on 2025-12-20 02:00:00+00:00
[2025-12-21T18:06:14.635+0000] {standard_task_runner.py:60} INFO - Started process 223 to run task
[2025-12-21T18:06:14.639+0000] {standard_task_runner.py:87} INFO - Running: ['***', 'tasks', 'run', 'pipeline_services_publics_togo', 'ingestion_mongodb', 'scheduled__2025-12-20T02:00:00+00:00', '--job-id', '9', '--raw', '--subdir', 'DAGS_FOLDER/pipeline_services_publics.py', '--cfg-path', '/tmp/tmp1a678o7_']
[2025-12-21T18:06:14.642+0000] {standard_task_runner.py:88} INFO - Job 9: Subtask ingestion_mongodb
[2025-12-21T18:06:14.718+0000] {task_command.py:423} INFO - Running <TaskInstance: pipeline_services_publics_togo.ingestion_mongodb scheduled__2025-12-20T02:00:00+00:00 [running]> on host eb697cfec325
[2025-12-21T18:06:14.916+0000] {taskinstance.py:2481} INFO - Exporting env vars: AIRFLOW_CTX_DAG_OWNER='data-engineer' AIRFLOW_CTX_DAG_ID='pipeline_services_publics_togo' AIRFLOW_CTX_TASK_ID='ingestion_mongodb' AIRFLOW_CTX_EXECUTION_DATE='2025-12-20T02:00:00+00:00' AIRFLOW_CTX_TRY_NUMBER='1' AIRFLOW_CTX_DAG_RUN_ID='scheduled__2025-12-20T02:00:00+00:00'
[2025-12-21T18:06:14.922+0000] {subprocess.py:63} INFO - Tmp dir root location: /tmp
[2025-12-21T18:06:14.923+0000] {subprocess.py:75} INFO - Running command: ['/usr/bin/bash', '-c', '\n    /opt/spark/bin/spark-submit       --master spark://spark-master:7077       --packages org.mongodb.spark:mongo-spark-connector_2.12:10.5.0       --executor-memory 2G       --driver-memory 1G       /opt/***/spark_jobs/ingestion.py\n    ']
[2025-12-21T18:06:14.943+0000] {subprocess.py:86} INFO - Output:
[2025-12-21T18:06:17.815+0000] {subprocess.py:93} INFO - :: loading settings :: url = jar:file:/opt/spark/jars/ivy-2.5.1.jar!/org/apache/ivy/core/settings/ivysettings.xml
[2025-12-21T18:06:17.924+0000] {subprocess.py:93} INFO - Ivy Default Cache set to: /home/***/.ivy2/cache
[2025-12-21T18:06:17.924+0000] {subprocess.py:93} INFO - The jars for the packages stored in: /home/***/.ivy2/jars
[2025-12-21T18:06:17.931+0000] {subprocess.py:93} INFO - org.mongodb.spark#mongo-spark-connector_2.12 added as a dependency
[2025-12-21T18:06:17.932+0000] {subprocess.py:93} INFO - :: resolving dependencies :: org.apache.spark#spark-submit-parent-b4ded7d4-4d52-4542-943c-f107a199314f;1.0
[2025-12-21T18:06:17.932+0000] {subprocess.py:93} INFO - 	confs: [default]
[2025-12-21T18:06:19.853+0000] {subprocess.py:93} INFO - 	found org.mongodb.spark#mongo-spark-connector_2.12;10.5.0 in central
[2025-12-21T18:06:22.020+0000] {subprocess.py:93} INFO - 	found org.mongodb#mongodb-driver-sync;5.1.4 in central
[2025-12-21T18:06:22.023+0000] {subprocess.py:93} INFO - 	[5.1.4] org.mongodb#mongodb-driver-sync;[5.1.1,5.1.99)
[2025-12-21T18:06:22.657+0000] {subprocess.py:93} INFO - 	found org.mongodb#bson;5.1.4 in central
[2025-12-21T18:06:26.019+0000] {subprocess.py:93} INFO - 	found org.mongodb#mongodb-driver-core;5.1.4 in central
[2025-12-21T18:06:26.417+0000] {subprocess.py:93} INFO - 	found org.mongodb#bson-record-codec;5.1.4 in central
[2025-12-21T18:06:26.803+0000] {subprocess.py:93} INFO - downloading https://repo1.maven.org/maven2/org/mongodb/spark/mongo-spark-connector_2.12/10.5.0/mongo-spark-connector_2.12-10.5.0.jar ...
[2025-12-21T18:06:27.253+0000] {subprocess.py:93} INFO - 	[SUCCESSFUL ] org.mongodb.spark#mongo-spark-connector_2.12;10.5.0!mongo-spark-connector_2.12.jar (771ms)
[2025-12-21T18:06:27.397+0000] {subprocess.py:93} INFO - downloading https://repo1.maven.org/maven2/org/mongodb/mongodb-driver-sync/5.1.4/mongodb-driver-sync-5.1.4.jar ...
[2025-12-21T18:06:27.553+0000] {subprocess.py:93} INFO - 	[SUCCESSFUL ] org.mongodb#mongodb-driver-sync;5.1.4!mongodb-driver-sync.jar (289ms)
[2025-12-21T18:06:27.696+0000] {subprocess.py:93} INFO - downloading https://repo1.maven.org/maven2/org/mongodb/bson/5.1.4/bson-5.1.4.jar ...
[2025-12-21T18:06:27.970+0000] {subprocess.py:93} INFO - 	[SUCCESSFUL ] org.mongodb#bson;5.1.4!bson.jar (412ms)
[2025-12-21T18:06:28.099+0000] {subprocess.py:93} INFO - downloading https://repo1.maven.org/maven2/org/mongodb/mongodb-driver-core/5.1.4/mongodb-driver-core-5.1.4.jar ...
[2025-12-21T18:06:28.612+0000] {subprocess.py:93} INFO - 	[SUCCESSFUL ] org.mongodb#mongodb-driver-core;5.1.4!mongodb-driver-core.jar (639ms)
[2025-12-21T18:06:28.815+0000] {subprocess.py:93} INFO - downloading https://repo1.maven.org/maven2/org/mongodb/bson-record-codec/5.1.4/bson-record-codec-5.1.4.jar ...
[2025-12-21T18:06:28.938+0000] {subprocess.py:93} INFO - 	[SUCCESSFUL ] org.mongodb#bson-record-codec;5.1.4!bson-record-codec.jar (322ms)
[2025-12-21T18:06:28.939+0000] {subprocess.py:93} INFO - :: resolution report :: resolve 8548ms :: artifacts dl 2460ms
[2025-12-21T18:06:28.940+0000] {subprocess.py:93} INFO - 	:: modules in use:
[2025-12-21T18:06:28.942+0000] {subprocess.py:93} INFO - 	org.mongodb#bson;5.1.4 from central in [default]
[2025-12-21T18:06:28.944+0000] {subprocess.py:93} INFO - 	org.mongodb#bson-record-codec;5.1.4 from central in [default]
[2025-12-21T18:06:28.945+0000] {subprocess.py:93} INFO - 	org.mongodb#mongodb-driver-core;5.1.4 from central in [default]
[2025-12-21T18:06:28.945+0000] {subprocess.py:93} INFO - 	org.mongodb#mongodb-driver-sync;5.1.4 from central in [default]
[2025-12-21T18:06:28.946+0000] {subprocess.py:93} INFO - 	org.mongodb.spark#mongo-spark-connector_2.12;10.5.0 from central in [default]
[2025-12-21T18:06:28.946+0000] {subprocess.py:93} INFO - 	---------------------------------------------------------------------
[2025-12-21T18:06:28.946+0000] {subprocess.py:93} INFO - 	|                  |            modules            ||   artifacts   |
[2025-12-21T18:06:28.950+0000] {subprocess.py:93} INFO - 	|       conf       | number| search|dwnlded|evicted|| number|dwnlded|
[2025-12-21T18:06:28.954+0000] {subprocess.py:93} INFO - 	---------------------------------------------------------------------
[2025-12-21T18:06:28.954+0000] {subprocess.py:93} INFO - 	|      default     |   5   |   5   |   5   |   0   ||   5   |   5   |
[2025-12-21T18:06:28.955+0000] {subprocess.py:93} INFO - 	---------------------------------------------------------------------
[2025-12-21T18:06:28.961+0000] {subprocess.py:93} INFO - :: retrieving :: org.apache.spark#spark-submit-parent-b4ded7d4-4d52-4542-943c-f107a199314f
[2025-12-21T18:06:28.961+0000] {subprocess.py:93} INFO - 	confs: [default]
[2025-12-21T18:06:29.013+0000] {subprocess.py:93} INFO - Exception in thread "main" java.lang.RuntimeException: problem during retrieve of org.apache.spark#spark-submit-parent-b4ded7d4-4d52-4542-943c-f107a199314f: java.io.FileNotFoundException: /home/***/.ivy2/cache/org.mongodb/bson-record-codec/jars/bson-record-codec-5.1.4.jar (No such file or directory)
[2025-12-21T18:06:29.013+0000] {subprocess.py:93} INFO - 	at org.apache.ivy.core.retrieve.RetrieveEngine.retrieve(RetrieveEngine.java:238)
[2025-12-21T18:06:29.014+0000] {subprocess.py:93} INFO - 	at org.apache.ivy.Ivy.retrieve(Ivy.java:561)
[2025-12-21T18:06:29.014+0000] {subprocess.py:93} INFO - 	at org.apache.spark.deploy.SparkSubmitUtils$.resolveMavenCoordinates(SparkSubmit.scala:1611)
[2025-12-21T18:06:29.015+0000] {subprocess.py:93} INFO - 	at org.apache.spark.util.DependencyUtils$.resolveMavenDependencies(DependencyUtils.scala:185)
[2025-12-21T18:06:29.015+0000] {subprocess.py:93} INFO - 	at org.apache.spark.deploy.SparkSubmit.prepareSubmitEnvironment(SparkSubmit.scala:334)
[2025-12-21T18:06:29.016+0000] {subprocess.py:93} INFO - 	at org.apache.spark.deploy.SparkSubmit.org$apache$spark$deploy$SparkSubmit$$runMain(SparkSubmit.scala:964)
[2025-12-21T18:06:29.016+0000] {subprocess.py:93} INFO - 	at org.apache.spark.deploy.SparkSubmit.doRunMain$1(SparkSubmit.scala:194)
[2025-12-21T18:06:29.016+0000] {subprocess.py:93} INFO - 	at org.apache.spark.deploy.SparkSubmit.submit(SparkSubmit.scala:217)
[2025-12-21T18:06:29.017+0000] {subprocess.py:93} INFO - 	at org.apache.spark.deploy.SparkSubmit.doSubmit(SparkSubmit.scala:91)
[2025-12-21T18:06:29.017+0000] {subprocess.py:93} INFO - 	at org.apache.spark.deploy.SparkSubmit$$anon$2.doSubmit(SparkSubmit.scala:1120)
[2025-12-21T18:06:29.017+0000] {subprocess.py:93} INFO - 	at org.apache.spark.deploy.SparkSubmit$.main(SparkSubmit.scala:1129)
[2025-12-21T18:06:29.018+0000] {subprocess.py:93} INFO - 	at org.apache.spark.deploy.SparkSubmit.main(SparkSubmit.scala)
[2025-12-21T18:06:29.018+0000] {subprocess.py:93} INFO - Caused by: java.io.FileNotFoundException: /home/***/.ivy2/cache/org.mongodb/bson-record-codec/jars/bson-record-codec-5.1.4.jar (No such file or directory)
[2025-12-21T18:06:29.019+0000] {subprocess.py:93} INFO - 	at java.base/java.io.FileInputStream.open0(Native Method)
[2025-12-21T18:06:29.019+0000] {subprocess.py:93} INFO - 	at java.base/java.io.FileInputStream.open(FileInputStream.java:216)
[2025-12-21T18:06:29.019+0000] {subprocess.py:93} INFO - 	at java.base/java.io.FileInputStream.<init>(FileInputStream.java:157)
[2025-12-21T18:06:29.020+0000] {subprocess.py:93} INFO - 	at org.apache.ivy.util.FileUtil.copy(FileUtil.java:190)
[2025-12-21T18:06:29.020+0000] {subprocess.py:93} INFO - 	at org.apache.ivy.core.retrieve.RetrieveEngine.retrieve(RetrieveEngine.java:171)
[2025-12-21T18:06:29.020+0000] {subprocess.py:93} INFO - 	... 11 more
[2025-12-21T18:06:29.070+0000] {subprocess.py:97} INFO - Command exited with return code 1
[2025-12-21T18:06:29.123+0000] {taskinstance.py:2699} ERROR - Task failed with exception
Traceback (most recent call last):
  File "/home/airflow/.local/lib/python3.10/site-packages/airflow/models/taskinstance.py", line 433, in _execute_task
    result = execute_callable(context=context, **execute_callable_kwargs)
  File "/home/airflow/.local/lib/python3.10/site-packages/airflow/operators/bash.py", line 212, in execute
    raise AirflowException(
airflow.exceptions.AirflowException: Bash command failed. The command returned a non-zero exit code 1.
[2025-12-21T18:06:29.135+0000] {taskinstance.py:1138} INFO - Marking task as UP_FOR_RETRY. dag_id=pipeline_services_publics_togo, task_id=ingestion_mongodb, execution_date=20251220T020000, start_date=20251221T180614, end_date=20251221T180629
[2025-12-21T18:06:29.178+0000] {standard_task_runner.py:107} ERROR - Failed to execute job 9 for task ingestion_mongodb (Bash command failed. The command returned a non-zero exit code 1.; 223)
[2025-12-21T18:06:29.235+0000] {local_task_job_runner.py:234} INFO - Task exited with return code 1
[2025-12-21T18:06:29.296+0000] {taskinstance.py:3281} INFO - 0 downstream tasks scheduled from follow-on schedule check
[2025-12-21T19:14:48.550+0000] {taskinstance.py:1957} INFO - Dependencies all met for dep_context=non-requeueable deps ti=<TaskInstance: pipeline_services_publics_togo.ingestion_mongodb scheduled__2025-12-20T02:00:00+00:00 [queued]>
[2025-12-21T19:14:48.569+0000] {taskinstance.py:1957} INFO - Dependencies all met for dep_context=requeueable deps ti=<TaskInstance: pipeline_services_publics_togo.ingestion_mongodb scheduled__2025-12-20T02:00:00+00:00 [queued]>
[2025-12-21T19:14:48.571+0000] {taskinstance.py:2171} INFO - Starting attempt 1 of 3
[2025-12-21T19:14:48.598+0000] {taskinstance.py:2192} INFO - Executing <Task(BashOperator): ingestion_mongodb> on 2025-12-20 02:00:00+00:00
[2025-12-21T19:14:48.611+0000] {standard_task_runner.py:60} INFO - Started process 214 to run task
[2025-12-21T19:14:48.616+0000] {standard_task_runner.py:87} INFO - Running: ['***', 'tasks', 'run', 'pipeline_services_publics_togo', 'ingestion_mongodb', 'scheduled__2025-12-20T02:00:00+00:00', '--job-id', '9', '--raw', '--subdir', 'DAGS_FOLDER/pipeline_services_publics.py', '--cfg-path', '/tmp/tmpcon47vr4']
[2025-12-21T19:14:48.622+0000] {standard_task_runner.py:88} INFO - Job 9: Subtask ingestion_mongodb
[2025-12-21T19:14:48.711+0000] {task_command.py:423} INFO - Running <TaskInstance: pipeline_services_publics_togo.ingestion_mongodb scheduled__2025-12-20T02:00:00+00:00 [running]> on host 8a1c1bf9c649
[2025-12-21T19:14:48.843+0000] {taskinstance.py:2481} INFO - Exporting env vars: AIRFLOW_CTX_DAG_OWNER='data-engineer' AIRFLOW_CTX_DAG_ID='pipeline_services_publics_togo' AIRFLOW_CTX_TASK_ID='ingestion_mongodb' AIRFLOW_CTX_EXECUTION_DATE='2025-12-20T02:00:00+00:00' AIRFLOW_CTX_TRY_NUMBER='1' AIRFLOW_CTX_DAG_RUN_ID='scheduled__2025-12-20T02:00:00+00:00'
[2025-12-21T19:14:48.844+0000] {subprocess.py:63} INFO - Tmp dir root location: /tmp
[2025-12-21T19:14:48.845+0000] {subprocess.py:75} INFO - Running command: ['/usr/bin/bash', '-c', '\n    /opt/spark/bin/spark-submit       --master spark://spark-master:7077       --packages org.mongodb.spark:mongo-spark-connector_2.12:10.2.1       --executor-memory 2G       --driver-memory 1G       /opt/***/spark_jobs/ingestion.py\n    ']
[2025-12-21T19:14:48.858+0000] {subprocess.py:86} INFO - Output:
[2025-12-21T19:14:50.925+0000] {subprocess.py:93} INFO - :: loading settings :: url = jar:file:/opt/spark/jars/ivy-2.5.1.jar!/org/apache/ivy/core/settings/ivysettings.xml
[2025-12-21T19:14:51.034+0000] {subprocess.py:93} INFO - Ivy Default Cache set to: /home/***/.ivy2/cache
[2025-12-21T19:14:51.036+0000] {subprocess.py:93} INFO - The jars for the packages stored in: /home/***/.ivy2/jars
[2025-12-21T19:14:51.040+0000] {subprocess.py:93} INFO - org.mongodb.spark#mongo-spark-connector_2.12 added as a dependency
[2025-12-21T19:14:51.044+0000] {subprocess.py:93} INFO - :: resolving dependencies :: org.apache.spark#spark-submit-parent-17c0cb2c-0c73-430c-8005-4873115d9ee8;1.0
[2025-12-21T19:14:51.044+0000] {subprocess.py:93} INFO - 	confs: [default]
[2025-12-21T19:14:53.066+0000] {subprocess.py:93} INFO - 	found org.mongodb.spark#mongo-spark-connector_2.12;10.2.1 in central
[2025-12-21T19:14:56.568+0000] {subprocess.py:93} INFO - 	found org.mongodb#mongodb-driver-sync;4.8.2 in central
[2025-12-21T19:14:56.568+0000] {subprocess.py:93} INFO - 	[4.8.2] org.mongodb#mongodb-driver-sync;[4.8.1,4.8.99)
[2025-12-21T19:14:57.126+0000] {subprocess.py:93} INFO - 	found org.mongodb#bson;4.8.2 in central
[2025-12-21T19:15:01.433+0000] {subprocess.py:93} INFO - 	found org.mongodb#mongodb-driver-core;4.8.2 in central
[2025-12-21T19:15:03.654+0000] {subprocess.py:93} INFO - downloading https://repo1.maven.org/maven2/org/mongodb/mongodb-driver-sync/4.8.2/mongodb-driver-sync-4.8.2.jar ...
[2025-12-21T19:15:04.303+0000] {subprocess.py:93} INFO - 	[SUCCESSFUL ] org.mongodb#mongodb-driver-sync;4.8.2!mongodb-driver-sync.jar (1182ms)
[2025-12-21T19:15:04.475+0000] {subprocess.py:93} INFO - downloading https://repo1.maven.org/maven2/org/mongodb/bson/4.8.2/bson-4.8.2.jar ...
[2025-12-21T19:15:05.982+0000] {subprocess.py:93} INFO - 	[SUCCESSFUL ] org.mongodb#bson;4.8.2!bson.jar (1669ms)
[2025-12-21T19:15:06.275+0000] {subprocess.py:93} INFO - downloading https://repo1.maven.org/maven2/org/mongodb/mongodb-driver-core/4.8.2/mongodb-driver-core-4.8.2.jar ...
[2025-12-21T19:15:11.188+0000] {subprocess.py:93} INFO - 	[SUCCESSFUL ] org.mongodb#mongodb-driver-core;4.8.2!mongodb-driver-core.jar (5192ms)
[2025-12-21T19:15:11.188+0000] {subprocess.py:93} INFO - :: resolution report :: resolve 12064ms :: artifacts dl 8080ms
[2025-12-21T19:15:11.189+0000] {subprocess.py:93} INFO - 	:: modules in use:
[2025-12-21T19:15:11.190+0000] {subprocess.py:93} INFO - 	org.mongodb#bson;4.8.2 from central in [default]
[2025-12-21T19:15:11.192+0000] {subprocess.py:93} INFO - 	org.mongodb#mongodb-driver-core;4.8.2 from central in [default]
[2025-12-21T19:15:11.193+0000] {subprocess.py:93} INFO - 	org.mongodb#mongodb-driver-sync;4.8.2 from central in [default]
[2025-12-21T19:15:11.193+0000] {subprocess.py:93} INFO - 	org.mongodb.spark#mongo-spark-connector_2.12;10.2.1 from central in [default]
[2025-12-21T19:15:11.193+0000] {subprocess.py:93} INFO - 	---------------------------------------------------------------------
[2025-12-21T19:15:11.194+0000] {subprocess.py:93} INFO - 	|                  |            modules            ||   artifacts   |
[2025-12-21T19:15:11.197+0000] {subprocess.py:93} INFO - 	|       conf       | number| search|dwnlded|evicted|| number|dwnlded|
[2025-12-21T19:15:11.198+0000] {subprocess.py:93} INFO - 	---------------------------------------------------------------------
[2025-12-21T19:15:11.203+0000] {subprocess.py:93} INFO - 	|      default     |   5   |   4   |   4   |   0   ||   4   |   3   |
[2025-12-21T19:15:11.204+0000] {subprocess.py:93} INFO - 	---------------------------------------------------------------------
[2025-12-21T19:15:11.214+0000] {subprocess.py:93} INFO - 
[2025-12-21T19:15:11.214+0000] {subprocess.py:93} INFO - :: problems summary ::
[2025-12-21T19:15:11.215+0000] {subprocess.py:93} INFO - :::: WARNINGS
[2025-12-21T19:15:11.216+0000] {subprocess.py:93} INFO - 	problem while downloading module descriptor: https://repo1.maven.org/maven2/org/mongodb/bson-record-codec/4.8.2/bson-record-codec-4.8.2.pom: impossible to move part file to definitive one: /home/***/.ivy2/cache/org.mongodb/bson-record-codec/ivy-4.8.2.xml.original.part -> /home/***/.ivy2/cache/org.mongodb/bson-record-codec/ivy-4.8.2.xml.original (229ms)
[2025-12-21T19:15:11.217+0000] {subprocess.py:93} INFO - 
[2025-12-21T19:15:11.218+0000] {subprocess.py:93} INFO - 		module not found: org.mongodb#bson-record-codec;4.8.2
[2025-12-21T19:15:11.218+0000] {subprocess.py:93} INFO - 
[2025-12-21T19:15:11.220+0000] {subprocess.py:93} INFO - 	==== local-m2-cache: tried
[2025-12-21T19:15:11.221+0000] {subprocess.py:93} INFO - 
[2025-12-21T19:15:11.222+0000] {subprocess.py:93} INFO - 	  file:/home/***/.m2/repository/org/mongodb/bson-record-codec/4.8.2/bson-record-codec-4.8.2.pom
[2025-12-21T19:15:11.222+0000] {subprocess.py:93} INFO - 
[2025-12-21T19:15:11.222+0000] {subprocess.py:93} INFO - 	  -- artifact org.mongodb#bson-record-codec;4.8.2!bson-record-codec.jar:
[2025-12-21T19:15:11.223+0000] {subprocess.py:93} INFO - 
[2025-12-21T19:15:11.223+0000] {subprocess.py:93} INFO - 	  file:/home/***/.m2/repository/org/mongodb/bson-record-codec/4.8.2/bson-record-codec-4.8.2.jar
[2025-12-21T19:15:11.224+0000] {subprocess.py:93} INFO - 
[2025-12-21T19:15:11.224+0000] {subprocess.py:93} INFO - 	==== local-ivy-cache: tried
[2025-12-21T19:15:11.224+0000] {subprocess.py:93} INFO - 
[2025-12-21T19:15:11.226+0000] {subprocess.py:93} INFO - 	  /home/***/.ivy2/local/org.mongodb/bson-record-codec/4.8.2/ivys/ivy.xml
[2025-12-21T19:15:11.226+0000] {subprocess.py:93} INFO - 
[2025-12-21T19:15:11.227+0000] {subprocess.py:93} INFO - 	  -- artifact org.mongodb#bson-record-codec;4.8.2!bson-record-codec.jar:
[2025-12-21T19:15:11.227+0000] {subprocess.py:93} INFO - 
[2025-12-21T19:15:11.228+0000] {subprocess.py:93} INFO - 	  /home/***/.ivy2/local/org.mongodb/bson-record-codec/4.8.2/jars/bson-record-codec.jar
[2025-12-21T19:15:11.228+0000] {subprocess.py:93} INFO - 
[2025-12-21T19:15:11.229+0000] {subprocess.py:93} INFO - 	==== central: tried
[2025-12-21T19:15:11.229+0000] {subprocess.py:93} INFO - 
[2025-12-21T19:15:11.229+0000] {subprocess.py:93} INFO - 	  https://repo1.maven.org/maven2/org/mongodb/bson-record-codec/4.8.2/bson-record-codec-4.8.2.pom
[2025-12-21T19:15:11.230+0000] {subprocess.py:93} INFO - 
[2025-12-21T19:15:11.230+0000] {subprocess.py:93} INFO - 	==== spark-packages: tried
[2025-12-21T19:15:11.230+0000] {subprocess.py:93} INFO - 
[2025-12-21T19:15:11.231+0000] {subprocess.py:93} INFO - 	  https://repos.spark-packages.org/org/mongodb/bson-record-codec/4.8.2/bson-record-codec-4.8.2.pom
[2025-12-21T19:15:11.231+0000] {subprocess.py:93} INFO - 
[2025-12-21T19:15:11.232+0000] {subprocess.py:93} INFO - 	  -- artifact org.mongodb#bson-record-codec;4.8.2!bson-record-codec.jar:
[2025-12-21T19:15:11.232+0000] {subprocess.py:93} INFO - 
[2025-12-21T19:15:11.232+0000] {subprocess.py:93} INFO - 	  https://repos.spark-packages.org/org/mongodb/bson-record-codec/4.8.2/bson-record-codec-4.8.2.jar
[2025-12-21T19:15:11.233+0000] {subprocess.py:93} INFO - 
[2025-12-21T19:15:11.233+0000] {subprocess.py:93} INFO - 		::::::::::::::::::::::::::::::::::::::::::::::
[2025-12-21T19:15:11.233+0000] {subprocess.py:93} INFO - 
[2025-12-21T19:15:11.234+0000] {subprocess.py:93} INFO - 		::          UNRESOLVED DEPENDENCIES         ::
[2025-12-21T19:15:11.234+0000] {subprocess.py:93} INFO - 
[2025-12-21T19:15:11.234+0000] {subprocess.py:93} INFO - 		::::::::::::::::::::::::::::::::::::::::::::::
[2025-12-21T19:15:11.235+0000] {subprocess.py:93} INFO - 
[2025-12-21T19:15:11.235+0000] {subprocess.py:93} INFO - 		:: org.mongodb#bson-record-codec;4.8.2: not found
[2025-12-21T19:15:11.236+0000] {subprocess.py:93} INFO - 
[2025-12-21T19:15:11.236+0000] {subprocess.py:93} INFO - 		::::::::::::::::::::::::::::::::::::::::::::::
[2025-12-21T19:15:11.236+0000] {subprocess.py:93} INFO - 
[2025-12-21T19:15:11.237+0000] {subprocess.py:93} INFO - 
[2025-12-21T19:15:11.237+0000] {subprocess.py:93} INFO - 
[2025-12-21T19:15:11.238+0000] {subprocess.py:93} INFO - :: USE VERBOSE OR DEBUG MESSAGE LEVEL FOR MORE DETAILS
[2025-12-21T19:15:11.238+0000] {subprocess.py:93} INFO - Exception in thread "main" java.lang.RuntimeException: [unresolved dependency: org.mongodb#bson-record-codec;4.8.2: not found]
[2025-12-21T19:15:11.238+0000] {subprocess.py:93} INFO - 	at org.apache.spark.deploy.SparkSubmitUtils$.resolveMavenCoordinates(SparkSubmit.scala:1608)
[2025-12-21T19:15:11.239+0000] {subprocess.py:93} INFO - 	at org.apache.spark.util.DependencyUtils$.resolveMavenDependencies(DependencyUtils.scala:185)
[2025-12-21T19:15:11.239+0000] {subprocess.py:93} INFO - 	at org.apache.spark.deploy.SparkSubmit.prepareSubmitEnvironment(SparkSubmit.scala:334)
[2025-12-21T19:15:11.239+0000] {subprocess.py:93} INFO - 	at org.apache.spark.deploy.SparkSubmit.org$apache$spark$deploy$SparkSubmit$$runMain(SparkSubmit.scala:964)
[2025-12-21T19:15:11.240+0000] {subprocess.py:93} INFO - 	at org.apache.spark.deploy.SparkSubmit.doRunMain$1(SparkSubmit.scala:194)
[2025-12-21T19:15:11.240+0000] {subprocess.py:93} INFO - 	at org.apache.spark.deploy.SparkSubmit.submit(SparkSubmit.scala:217)
[2025-12-21T19:15:11.240+0000] {subprocess.py:93} INFO - 	at org.apache.spark.deploy.SparkSubmit.doSubmit(SparkSubmit.scala:91)
[2025-12-21T19:15:11.241+0000] {subprocess.py:93} INFO - 	at org.apache.spark.deploy.SparkSubmit$$anon$2.doSubmit(SparkSubmit.scala:1120)
[2025-12-21T19:15:11.241+0000] {subprocess.py:93} INFO - 	at org.apache.spark.deploy.SparkSubmit$.main(SparkSubmit.scala:1129)
[2025-12-21T19:15:11.241+0000] {subprocess.py:93} INFO - 	at org.apache.spark.deploy.SparkSubmit.main(SparkSubmit.scala)
[2025-12-21T19:15:11.280+0000] {subprocess.py:97} INFO - Command exited with return code 1
[2025-12-21T19:15:11.329+0000] {taskinstance.py:2699} ERROR - Task failed with exception
Traceback (most recent call last):
  File "/home/airflow/.local/lib/python3.10/site-packages/airflow/models/taskinstance.py", line 433, in _execute_task
    result = execute_callable(context=context, **execute_callable_kwargs)
  File "/home/airflow/.local/lib/python3.10/site-packages/airflow/operators/bash.py", line 212, in execute
    raise AirflowException(
airflow.exceptions.AirflowException: Bash command failed. The command returned a non-zero exit code 1.
[2025-12-21T19:15:11.340+0000] {taskinstance.py:1138} INFO - Marking task as UP_FOR_RETRY. dag_id=pipeline_services_publics_togo, task_id=ingestion_mongodb, execution_date=20251220T020000, start_date=20251221T191448, end_date=20251221T191511
[2025-12-21T19:15:11.400+0000] {standard_task_runner.py:107} ERROR - Failed to execute job 9 for task ingestion_mongodb (Bash command failed. The command returned a non-zero exit code 1.; 214)
[2025-12-21T19:15:11.451+0000] {local_task_job_runner.py:234} INFO - Task exited with return code 1
[2025-12-21T19:15:11.534+0000] {taskinstance.py:3281} INFO - 0 downstream tasks scheduled from follow-on schedule check
