[2025-12-22T05:34:28.161+0000] {taskinstance.py:1957} INFO - Dependencies all met for dep_context=non-requeueable deps ti=<TaskInstance: pipeline_services_publics_togo.ingestion_mongodb manual__2025-12-22T05:29:11.851415+00:00 [queued]>
[2025-12-22T05:34:28.171+0000] {taskinstance.py:1957} INFO - Dependencies all met for dep_context=requeueable deps ti=<TaskInstance: pipeline_services_publics_togo.ingestion_mongodb manual__2025-12-22T05:29:11.851415+00:00 [queued]>
[2025-12-22T05:34:28.172+0000] {taskinstance.py:2171} INFO - Starting attempt 2 of 3
[2025-12-22T05:34:28.212+0000] {taskinstance.py:2192} INFO - Executing <Task(BashOperator): ingestion_mongodb> on 2025-12-22 05:29:11.851415+00:00
[2025-12-22T05:34:28.217+0000] {standard_task_runner.py:60} INFO - Started process 729 to run task
[2025-12-22T05:34:28.220+0000] {standard_task_runner.py:87} INFO - Running: ['***', 'tasks', 'run', 'pipeline_services_publics_togo', 'ingestion_mongodb', 'manual__2025-12-22T05:29:11.851415+00:00', '--job-id', '35', '--raw', '--subdir', 'DAGS_FOLDER/pipeline_services_publics.py', '--cfg-path', '/tmp/tmpqoccxp3_']
[2025-12-22T05:34:28.222+0000] {standard_task_runner.py:88} INFO - Job 35: Subtask ingestion_mongodb
[2025-12-22T05:34:28.285+0000] {task_command.py:423} INFO - Running <TaskInstance: pipeline_services_publics_togo.ingestion_mongodb manual__2025-12-22T05:29:11.851415+00:00 [running]> on host 8760ad6ea1f0
[2025-12-22T05:34:28.377+0000] {taskinstance.py:2481} INFO - Exporting env vars: AIRFLOW_CTX_DAG_OWNER='data-engineer' AIRFLOW_CTX_DAG_ID='pipeline_services_publics_togo' AIRFLOW_CTX_TASK_ID='ingestion_mongodb' AIRFLOW_CTX_EXECUTION_DATE='2025-12-22T05:29:11.851415+00:00' AIRFLOW_CTX_TRY_NUMBER='2' AIRFLOW_CTX_DAG_RUN_ID='manual__2025-12-22T05:29:11.851415+00:00'
[2025-12-22T05:34:28.378+0000] {subprocess.py:63} INFO - Tmp dir root location: /tmp
[2025-12-22T05:34:28.378+0000] {subprocess.py:75} INFO - Running command: ['/usr/bin/bash', '-c', '\n    /opt/spark/bin/spark-submit       --master spark://spark-master:7077       --packages org.mongodb.spark:mongo-spark-connector_2.12:10.5.0       --executor-memory 2G       --driver-memory 1G       /opt/***/spark_jobs/ingestion.py\n    ']
[2025-12-22T05:34:28.388+0000] {subprocess.py:86} INFO - Output:
[2025-12-22T05:34:30.644+0000] {subprocess.py:93} INFO - :: loading settings :: url = jar:file:/opt/spark/jars/ivy-2.5.1.jar!/org/apache/ivy/core/settings/ivysettings.xml
[2025-12-22T05:34:30.756+0000] {subprocess.py:93} INFO - Ivy Default Cache set to: /home/***/.ivy2/cache
[2025-12-22T05:34:30.756+0000] {subprocess.py:93} INFO - The jars for the packages stored in: /home/***/.ivy2/jars
[2025-12-22T05:34:30.768+0000] {subprocess.py:93} INFO - org.mongodb.spark#mongo-spark-connector_2.12 added as a dependency
[2025-12-22T05:34:30.768+0000] {subprocess.py:93} INFO - :: resolving dependencies :: org.apache.spark#spark-submit-parent-a6839019-dea0-4fd3-b041-c553977d9fc3;1.0
[2025-12-22T05:34:30.768+0000] {subprocess.py:93} INFO - 	confs: [default]
[2025-12-22T05:34:30.911+0000] {subprocess.py:93} INFO - 	found org.mongodb.spark#mongo-spark-connector_2.12;10.5.0 in central
[2025-12-22T05:34:34.042+0000] {subprocess.py:93} INFO - 	found org.mongodb#mongodb-driver-sync;5.1.4 in central
[2025-12-22T05:34:34.043+0000] {subprocess.py:93} INFO - 	[5.1.4] org.mongodb#mongodb-driver-sync;[5.1.1,5.1.99)
[2025-12-22T05:34:34.090+0000] {subprocess.py:93} INFO - 	found org.mongodb#bson;5.1.4 in central
[2025-12-22T05:34:34.171+0000] {subprocess.py:93} INFO - 	found org.mongodb#mongodb-driver-core;5.1.4 in central
[2025-12-22T05:34:34.206+0000] {subprocess.py:93} INFO - 	found org.mongodb#bson-record-codec;5.1.4 in central
[2025-12-22T05:34:34.238+0000] {subprocess.py:93} INFO - :: resolution report :: resolve 3455ms :: artifacts dl 16ms
[2025-12-22T05:34:34.238+0000] {subprocess.py:93} INFO - 	:: modules in use:
[2025-12-22T05:34:34.239+0000] {subprocess.py:93} INFO - 	org.mongodb#bson;5.1.4 from central in [default]
[2025-12-22T05:34:34.239+0000] {subprocess.py:93} INFO - 	org.mongodb#bson-record-codec;5.1.4 from central in [default]
[2025-12-22T05:34:34.239+0000] {subprocess.py:93} INFO - 	org.mongodb#mongodb-driver-core;5.1.4 from central in [default]
[2025-12-22T05:34:34.239+0000] {subprocess.py:93} INFO - 	org.mongodb#mongodb-driver-sync;5.1.4 from central in [default]
[2025-12-22T05:34:34.239+0000] {subprocess.py:93} INFO - 	org.mongodb.spark#mongo-spark-connector_2.12;10.5.0 from central in [default]
[2025-12-22T05:34:34.239+0000] {subprocess.py:93} INFO - 	---------------------------------------------------------------------
[2025-12-22T05:34:34.239+0000] {subprocess.py:93} INFO - 	|                  |            modules            ||   artifacts   |
[2025-12-22T05:34:34.239+0000] {subprocess.py:93} INFO - 	|       conf       | number| search|dwnlded|evicted|| number|dwnlded|
[2025-12-22T05:34:34.239+0000] {subprocess.py:93} INFO - 	---------------------------------------------------------------------
[2025-12-22T05:34:34.249+0000] {subprocess.py:93} INFO - 	|      default     |   5   |   1   |   0   |   0   ||   5   |   0   |
[2025-12-22T05:34:34.249+0000] {subprocess.py:93} INFO - 	---------------------------------------------------------------------
[2025-12-22T05:34:34.249+0000] {subprocess.py:93} INFO - :: retrieving :: org.apache.spark#spark-submit-parent-a6839019-dea0-4fd3-b041-c553977d9fc3
[2025-12-22T05:34:34.249+0000] {subprocess.py:93} INFO - 	confs: [default]
[2025-12-22T05:34:34.262+0000] {subprocess.py:93} INFO - 	0 artifacts copied, 5 already retrieved (0kB/14ms)
[2025-12-22T05:34:34.486+0000] {subprocess.py:93} INFO - 25/12/22 05:34:34 WARN NativeCodeLoader: Unable to load native-hadoop library for your platform... using builtin-java classes where applicable
[2025-12-22T05:34:35.897+0000] {subprocess.py:93} INFO - 25/12/22 05:34:35 INFO SparkContext: Running Spark version 3.5.1
[2025-12-22T05:34:35.898+0000] {subprocess.py:93} INFO - 25/12/22 05:34:35 INFO SparkContext: OS info Linux, 6.8.0-90-generic, amd64
[2025-12-22T05:34:35.898+0000] {subprocess.py:93} INFO - 25/12/22 05:34:35 INFO SparkContext: Java version 17.0.17
[2025-12-22T05:34:35.952+0000] {subprocess.py:93} INFO - 25/12/22 05:34:35 INFO ResourceUtils: ==============================================================
[2025-12-22T05:34:35.952+0000] {subprocess.py:93} INFO - 25/12/22 05:34:35 INFO ResourceUtils: No custom resources configured for spark.driver.
[2025-12-22T05:34:35.957+0000] {subprocess.py:93} INFO - 25/12/22 05:34:35 INFO ResourceUtils: ==============================================================
[2025-12-22T05:34:35.959+0000] {subprocess.py:93} INFO - 25/12/22 05:34:35 INFO SparkContext: Submitted application: Ingestion_MongoDB_Raw
[2025-12-22T05:34:36.054+0000] {subprocess.py:93} INFO - 25/12/22 05:34:36 INFO ResourceProfile: Default ResourceProfile created, executor resources: Map(memory -> name: memory, amount: 2048, script: , vendor: , offHeap -> name: offHeap, amount: 0, script: , vendor: ), task resources: Map(cpus -> name: cpus, amount: 1.0)
[2025-12-22T05:34:36.068+0000] {subprocess.py:93} INFO - 25/12/22 05:34:36 INFO ResourceProfile: Limiting resource is cpu
[2025-12-22T05:34:36.069+0000] {subprocess.py:93} INFO - 25/12/22 05:34:36 INFO ResourceProfileManager: Added ResourceProfile id: 0
[2025-12-22T05:34:36.224+0000] {subprocess.py:93} INFO - 25/12/22 05:34:36 INFO SecurityManager: Changing view acls to: ***
[2025-12-22T05:34:36.225+0000] {subprocess.py:93} INFO - 25/12/22 05:34:36 INFO SecurityManager: Changing modify acls to: ***
[2025-12-22T05:34:36.225+0000] {subprocess.py:93} INFO - 25/12/22 05:34:36 INFO SecurityManager: Changing view acls groups to:
[2025-12-22T05:34:36.228+0000] {subprocess.py:93} INFO - 25/12/22 05:34:36 INFO SecurityManager: Changing modify acls groups to:
[2025-12-22T05:34:36.228+0000] {subprocess.py:93} INFO - 25/12/22 05:34:36 INFO SecurityManager: SecurityManager: authentication disabled; ui acls disabled; users with view permissions: ***; groups with view permissions: EMPTY; users with modify permissions: ***; groups with modify permissions: EMPTY
[2025-12-22T05:34:36.542+0000] {subprocess.py:93} INFO - 25/12/22 05:34:36 INFO Utils: Successfully started service 'sparkDriver' on port 37895.
[2025-12-22T05:34:36.591+0000] {subprocess.py:93} INFO - 25/12/22 05:34:36 INFO SparkEnv: Registering MapOutputTracker
[2025-12-22T05:34:36.651+0000] {subprocess.py:93} INFO - 25/12/22 05:34:36 INFO SparkEnv: Registering BlockManagerMaster
[2025-12-22T05:34:36.673+0000] {subprocess.py:93} INFO - 25/12/22 05:34:36 INFO BlockManagerMasterEndpoint: Using org.apache.spark.storage.DefaultTopologyMapper for getting topology information
[2025-12-22T05:34:36.675+0000] {subprocess.py:93} INFO - 25/12/22 05:34:36 INFO BlockManagerMasterEndpoint: BlockManagerMasterEndpoint up
[2025-12-22T05:34:36.679+0000] {subprocess.py:93} INFO - 25/12/22 05:34:36 INFO SparkEnv: Registering BlockManagerMasterHeartbeat
[2025-12-22T05:34:36.711+0000] {subprocess.py:93} INFO - 25/12/22 05:34:36 INFO DiskBlockManager: Created local directory at /tmp/blockmgr-5dcb03b8-0bed-4b9e-8755-f2c8c8e1ed57
[2025-12-22T05:34:36.732+0000] {subprocess.py:93} INFO - 25/12/22 05:34:36 INFO MemoryStore: MemoryStore started with capacity 434.4 MiB
[2025-12-22T05:34:36.757+0000] {subprocess.py:93} INFO - 25/12/22 05:34:36 INFO SparkEnv: Registering OutputCommitCoordinator
[2025-12-22T05:34:36.972+0000] {subprocess.py:93} INFO - 25/12/22 05:34:36 INFO JettyUtils: Start Jetty 0.0.0.0:4040 for SparkUI
[2025-12-22T05:34:37.053+0000] {subprocess.py:93} INFO - 25/12/22 05:34:37 INFO Utils: Successfully started service 'SparkUI' on port 4040.
[2025-12-22T05:34:37.167+0000] {subprocess.py:93} INFO - 25/12/22 05:34:37 INFO SparkContext: Added JAR file:///home/***/.ivy2/jars/org.mongodb.spark_mongo-spark-connector_2.12-10.5.0.jar at spark://8760ad6ea1f0:37895/jars/org.mongodb.spark_mongo-spark-connector_2.12-10.5.0.jar with timestamp 1766381675887
[2025-12-22T05:34:37.168+0000] {subprocess.py:93} INFO - 25/12/22 05:34:37 INFO SparkContext: Added JAR file:///home/***/.ivy2/jars/org.mongodb_mongodb-driver-sync-5.1.4.jar at spark://8760ad6ea1f0:37895/jars/org.mongodb_mongodb-driver-sync-5.1.4.jar with timestamp 1766381675887
[2025-12-22T05:34:37.169+0000] {subprocess.py:93} INFO - 25/12/22 05:34:37 INFO SparkContext: Added JAR file:///home/***/.ivy2/jars/org.mongodb_bson-5.1.4.jar at spark://8760ad6ea1f0:37895/jars/org.mongodb_bson-5.1.4.jar with timestamp 1766381675887
[2025-12-22T05:34:37.170+0000] {subprocess.py:93} INFO - 25/12/22 05:34:37 INFO SparkContext: Added JAR file:///home/***/.ivy2/jars/org.mongodb_mongodb-driver-core-5.1.4.jar at spark://8760ad6ea1f0:37895/jars/org.mongodb_mongodb-driver-core-5.1.4.jar with timestamp 1766381675887
[2025-12-22T05:34:37.170+0000] {subprocess.py:93} INFO - 25/12/22 05:34:37 INFO SparkContext: Added JAR file:///home/***/.ivy2/jars/org.mongodb_bson-record-codec-5.1.4.jar at spark://8760ad6ea1f0:37895/jars/org.mongodb_bson-record-codec-5.1.4.jar with timestamp 1766381675887
[2025-12-22T05:34:37.176+0000] {subprocess.py:93} INFO - 25/12/22 05:34:37 INFO SparkContext: Added file file:///home/***/.ivy2/jars/org.mongodb.spark_mongo-spark-connector_2.12-10.5.0.jar at spark://8760ad6ea1f0:37895/files/org.mongodb.spark_mongo-spark-connector_2.12-10.5.0.jar with timestamp 1766381675887
[2025-12-22T05:34:37.178+0000] {subprocess.py:93} INFO - 25/12/22 05:34:37 INFO Utils: Copying /home/***/.ivy2/jars/org.mongodb.spark_mongo-spark-connector_2.12-10.5.0.jar to /tmp/spark-49fc97fd-fee0-452e-96ab-2b04ce25a2f3/userFiles-ba827cac-b88b-4725-885f-c3ecaa8dd5ce/org.mongodb.spark_mongo-spark-connector_2.12-10.5.0.jar
[2025-12-22T05:34:37.209+0000] {subprocess.py:93} INFO - 25/12/22 05:34:37 INFO SparkContext: Added file file:///home/***/.ivy2/jars/org.mongodb_mongodb-driver-sync-5.1.4.jar at spark://8760ad6ea1f0:37895/files/org.mongodb_mongodb-driver-sync-5.1.4.jar with timestamp 1766381675887
[2025-12-22T05:34:37.209+0000] {subprocess.py:93} INFO - 25/12/22 05:34:37 INFO Utils: Copying /home/***/.ivy2/jars/org.mongodb_mongodb-driver-sync-5.1.4.jar to /tmp/spark-49fc97fd-fee0-452e-96ab-2b04ce25a2f3/userFiles-ba827cac-b88b-4725-885f-c3ecaa8dd5ce/org.mongodb_mongodb-driver-sync-5.1.4.jar
[2025-12-22T05:34:37.217+0000] {subprocess.py:93} INFO - 25/12/22 05:34:37 INFO SparkContext: Added file file:///home/***/.ivy2/jars/org.mongodb_bson-5.1.4.jar at spark://8760ad6ea1f0:37895/files/org.mongodb_bson-5.1.4.jar with timestamp 1766381675887
[2025-12-22T05:34:37.217+0000] {subprocess.py:93} INFO - 25/12/22 05:34:37 INFO Utils: Copying /home/***/.ivy2/jars/org.mongodb_bson-5.1.4.jar to /tmp/spark-49fc97fd-fee0-452e-96ab-2b04ce25a2f3/userFiles-ba827cac-b88b-4725-885f-c3ecaa8dd5ce/org.mongodb_bson-5.1.4.jar
[2025-12-22T05:34:37.227+0000] {subprocess.py:93} INFO - 25/12/22 05:34:37 INFO SparkContext: Added file file:///home/***/.ivy2/jars/org.mongodb_mongodb-driver-core-5.1.4.jar at spark://8760ad6ea1f0:37895/files/org.mongodb_mongodb-driver-core-5.1.4.jar with timestamp 1766381675887
[2025-12-22T05:34:37.227+0000] {subprocess.py:93} INFO - 25/12/22 05:34:37 INFO Utils: Copying /home/***/.ivy2/jars/org.mongodb_mongodb-driver-core-5.1.4.jar to /tmp/spark-49fc97fd-fee0-452e-96ab-2b04ce25a2f3/userFiles-ba827cac-b88b-4725-885f-c3ecaa8dd5ce/org.mongodb_mongodb-driver-core-5.1.4.jar
[2025-12-22T05:34:37.240+0000] {subprocess.py:93} INFO - 25/12/22 05:34:37 INFO SparkContext: Added file file:///home/***/.ivy2/jars/org.mongodb_bson-record-codec-5.1.4.jar at spark://8760ad6ea1f0:37895/files/org.mongodb_bson-record-codec-5.1.4.jar with timestamp 1766381675887
[2025-12-22T05:34:37.240+0000] {subprocess.py:93} INFO - 25/12/22 05:34:37 INFO Utils: Copying /home/***/.ivy2/jars/org.mongodb_bson-record-codec-5.1.4.jar to /tmp/spark-49fc97fd-fee0-452e-96ab-2b04ce25a2f3/userFiles-ba827cac-b88b-4725-885f-c3ecaa8dd5ce/org.mongodb_bson-record-codec-5.1.4.jar
[2025-12-22T05:34:37.415+0000] {subprocess.py:93} INFO - 25/12/22 05:34:37 INFO StandaloneAppClient$ClientEndpoint: Connecting to master spark://spark-master:7077...
[2025-12-22T05:34:37.523+0000] {subprocess.py:93} INFO - 25/12/22 05:34:37 WARN StandaloneAppClient$ClientEndpoint: Failed to connect to master spark-master:7077
[2025-12-22T05:34:37.524+0000] {subprocess.py:93} INFO - org.apache.spark.SparkException: Exception thrown in awaitResult:
[2025-12-22T05:34:37.524+0000] {subprocess.py:93} INFO - 	at org.apache.spark.util.SparkThreadUtils$.awaitResult(SparkThreadUtils.scala:56)
[2025-12-22T05:34:37.524+0000] {subprocess.py:93} INFO - 	at org.apache.spark.util.ThreadUtils$.awaitResult(ThreadUtils.scala:310)
[2025-12-22T05:34:37.525+0000] {subprocess.py:93} INFO - 	at org.apache.spark.rpc.RpcTimeout.awaitResult(RpcTimeout.scala:75)
[2025-12-22T05:34:37.525+0000] {subprocess.py:93} INFO - 	at org.apache.spark.rpc.RpcEnv.setupEndpointRefByURI(RpcEnv.scala:102)
[2025-12-22T05:34:37.525+0000] {subprocess.py:93} INFO - 	at org.apache.spark.rpc.RpcEnv.setupEndpointRef(RpcEnv.scala:110)
[2025-12-22T05:34:37.525+0000] {subprocess.py:93} INFO - 	at org.apache.spark.deploy.client.StandaloneAppClient$ClientEndpoint$$anon$1.run(StandaloneAppClient.scala:108)
[2025-12-22T05:34:37.525+0000] {subprocess.py:93} INFO - 	at java.base/java.util.concurrent.Executors$RunnableAdapter.call(Executors.java:539)
[2025-12-22T05:34:37.525+0000] {subprocess.py:93} INFO - 	at java.base/java.util.concurrent.FutureTask.run(FutureTask.java:264)
[2025-12-22T05:34:37.525+0000] {subprocess.py:93} INFO - 	at java.base/java.util.concurrent.ThreadPoolExecutor.runWorker(ThreadPoolExecutor.java:1136)
[2025-12-22T05:34:37.526+0000] {subprocess.py:93} INFO - 	at java.base/java.util.concurrent.ThreadPoolExecutor$Worker.run(ThreadPoolExecutor.java:635)
[2025-12-22T05:34:37.527+0000] {subprocess.py:93} INFO - 	at java.base/java.lang.Thread.run(Thread.java:840)
[2025-12-22T05:34:37.527+0000] {subprocess.py:93} INFO - Caused by: java.io.IOException: Failed to connect to spark-master/<unresolved>:7077
[2025-12-22T05:34:37.527+0000] {subprocess.py:93} INFO - 	at org.apache.spark.network.client.TransportClientFactory.createClient(TransportClientFactory.java:294)
[2025-12-22T05:34:37.527+0000] {subprocess.py:93} INFO - 	at org.apache.spark.network.client.TransportClientFactory.createClient(TransportClientFactory.java:214)
[2025-12-22T05:34:37.527+0000] {subprocess.py:93} INFO - 	at org.apache.spark.network.client.TransportClientFactory.createClient(TransportClientFactory.java:226)
[2025-12-22T05:34:37.528+0000] {subprocess.py:93} INFO - 	at org.apache.spark.rpc.netty.NettyRpcEnv.createClient(NettyRpcEnv.scala:204)
[2025-12-22T05:34:37.528+0000] {subprocess.py:93} INFO - 	at org.apache.spark.rpc.netty.Outbox$$anon$1.call(Outbox.scala:202)
[2025-12-22T05:34:37.528+0000] {subprocess.py:93} INFO - 	at org.apache.spark.rpc.netty.Outbox$$anon$1.call(Outbox.scala:198)
[2025-12-22T05:34:37.528+0000] {subprocess.py:93} INFO - 	... 4 more
[2025-12-22T05:34:37.529+0000] {subprocess.py:93} INFO - Caused by: java.net.UnknownHostException: spark-master
[2025-12-22T05:34:37.529+0000] {subprocess.py:93} INFO - 	at java.base/java.net.InetAddress$CachedAddresses.get(InetAddress.java:801)
[2025-12-22T05:34:37.529+0000] {subprocess.py:93} INFO - 	at java.base/java.net.InetAddress.getAllByName0(InetAddress.java:1533)
[2025-12-22T05:34:37.529+0000] {subprocess.py:93} INFO - 	at java.base/java.net.InetAddress.getAllByName(InetAddress.java:1385)
[2025-12-22T05:34:37.530+0000] {subprocess.py:93} INFO - 	at java.base/java.net.InetAddress.getAllByName(InetAddress.java:1306)
[2025-12-22T05:34:37.530+0000] {subprocess.py:93} INFO - 	at java.base/java.net.InetAddress.getByName(InetAddress.java:1256)
[2025-12-22T05:34:37.530+0000] {subprocess.py:93} INFO - 	at io.netty.util.internal.SocketUtils$8.run(SocketUtils.java:156)
[2025-12-22T05:34:37.530+0000] {subprocess.py:93} INFO - 	at io.netty.util.internal.SocketUtils$8.run(SocketUtils.java:153)
[2025-12-22T05:34:37.530+0000] {subprocess.py:93} INFO - 	at java.base/java.security.AccessController.doPrivileged(AccessController.java:569)
[2025-12-22T05:34:37.530+0000] {subprocess.py:93} INFO - 	at io.netty.util.internal.SocketUtils.addressByName(SocketUtils.java:153)
[2025-12-22T05:34:37.530+0000] {subprocess.py:93} INFO - 	at io.netty.resolver.DefaultNameResolver.doResolve(DefaultNameResolver.java:41)
[2025-12-22T05:34:37.530+0000] {subprocess.py:93} INFO - 	at io.netty.resolver.SimpleNameResolver.resolve(SimpleNameResolver.java:61)
[2025-12-22T05:34:37.530+0000] {subprocess.py:93} INFO - 	at io.netty.resolver.SimpleNameResolver.resolve(SimpleNameResolver.java:53)
[2025-12-22T05:34:37.530+0000] {subprocess.py:93} INFO - 	at io.netty.resolver.InetSocketAddressResolver.doResolve(InetSocketAddressResolver.java:55)
[2025-12-22T05:34:37.531+0000] {subprocess.py:93} INFO - 	at io.netty.resolver.InetSocketAddressResolver.doResolve(InetSocketAddressResolver.java:31)
[2025-12-22T05:34:37.531+0000] {subprocess.py:93} INFO - 	at io.netty.resolver.AbstractAddressResolver.resolve(AbstractAddressResolver.java:106)
[2025-12-22T05:34:37.531+0000] {subprocess.py:93} INFO - 	at io.netty.bootstrap.Bootstrap.doResolveAndConnect0(Bootstrap.java:220)
[2025-12-22T05:34:37.532+0000] {subprocess.py:93} INFO - 	at io.netty.bootstrap.Bootstrap.access$000(Bootstrap.java:46)
[2025-12-22T05:34:37.532+0000] {subprocess.py:93} INFO - 	at io.netty.bootstrap.Bootstrap$1.operationComplete(Bootstrap.java:189)
[2025-12-22T05:34:37.533+0000] {subprocess.py:93} INFO - 	at io.netty.bootstrap.Bootstrap$1.operationComplete(Bootstrap.java:175)
[2025-12-22T05:34:37.533+0000] {subprocess.py:93} INFO - 	at io.netty.util.concurrent.DefaultPromise.notifyListener0(DefaultPromise.java:590)
[2025-12-22T05:34:37.533+0000] {subprocess.py:93} INFO - 	at io.netty.util.concurrent.DefaultPromise.notifyListenersNow(DefaultPromise.java:557)
[2025-12-22T05:34:37.533+0000] {subprocess.py:93} INFO - 	at io.netty.util.concurrent.DefaultPromise.notifyListeners(DefaultPromise.java:492)
[2025-12-22T05:34:37.533+0000] {subprocess.py:93} INFO - 	at io.netty.util.concurrent.DefaultPromise.setValue0(DefaultPromise.java:636)
[2025-12-22T05:34:37.533+0000] {subprocess.py:93} INFO - 	at io.netty.util.concurrent.DefaultPromise.setSuccess0(DefaultPromise.java:625)
[2025-12-22T05:34:37.534+0000] {subprocess.py:93} INFO - 	at io.netty.util.concurrent.DefaultPromise.trySuccess(DefaultPromise.java:105)
[2025-12-22T05:34:37.536+0000] {subprocess.py:93} INFO - 	at io.netty.channel.DefaultChannelPromise.trySuccess(DefaultChannelPromise.java:84)
[2025-12-22T05:34:37.536+0000] {subprocess.py:93} INFO - 	at io.netty.channel.AbstractChannel$AbstractUnsafe.safeSetSuccess(AbstractChannel.java:990)
[2025-12-22T05:34:37.536+0000] {subprocess.py:93} INFO - 	at io.netty.channel.AbstractChannel$AbstractUnsafe.register0(AbstractChannel.java:516)
[2025-12-22T05:34:37.536+0000] {subprocess.py:93} INFO - 	at io.netty.channel.AbstractChannel$AbstractUnsafe.access$200(AbstractChannel.java:429)
[2025-12-22T05:34:37.536+0000] {subprocess.py:93} INFO - 	at io.netty.channel.AbstractChannel$AbstractUnsafe$1.run(AbstractChannel.java:486)
[2025-12-22T05:34:37.537+0000] {subprocess.py:93} INFO - 	at io.netty.util.concurrent.AbstractEventExecutor.runTask(AbstractEventExecutor.java:174)
[2025-12-22T05:34:37.537+0000] {subprocess.py:93} INFO - 	at io.netty.util.concurrent.AbstractEventExecutor.safeExecute(AbstractEventExecutor.java:167)
[2025-12-22T05:34:37.537+0000] {subprocess.py:93} INFO - 	at io.netty.util.concurrent.SingleThreadEventExecutor.runAllTasks(SingleThreadEventExecutor.java:470)
[2025-12-22T05:34:37.537+0000] {subprocess.py:93} INFO - 	at io.netty.channel.nio.NioEventLoop.run(NioEventLoop.java:569)
[2025-12-22T05:34:37.537+0000] {subprocess.py:93} INFO - 	at io.netty.util.concurrent.SingleThreadEventExecutor$4.run(SingleThreadEventExecutor.java:997)
[2025-12-22T05:34:37.537+0000] {subprocess.py:93} INFO - 	at io.netty.util.internal.ThreadExecutorMap$2.run(ThreadExecutorMap.java:74)
[2025-12-22T05:34:37.537+0000] {subprocess.py:93} INFO - 	at io.netty.util.concurrent.FastThreadLocalRunnable.run(FastThreadLocalRunnable.java:30)
[2025-12-22T05:34:37.537+0000] {subprocess.py:93} INFO - 	... 1 more
[2025-12-22T05:34:57.419+0000] {subprocess.py:93} INFO - 25/12/22 05:34:57 INFO StandaloneAppClient$ClientEndpoint: Connecting to master spark://spark-master:7077...
[2025-12-22T05:34:57.535+0000] {subprocess.py:93} INFO - 25/12/22 05:34:57 WARN StandaloneAppClient$ClientEndpoint: Failed to connect to master spark-master:7077
[2025-12-22T05:34:57.536+0000] {subprocess.py:93} INFO - org.apache.spark.SparkException: Exception thrown in awaitResult:
[2025-12-22T05:34:57.536+0000] {subprocess.py:93} INFO - 	at org.apache.spark.util.SparkThreadUtils$.awaitResult(SparkThreadUtils.scala:56)
[2025-12-22T05:34:57.537+0000] {subprocess.py:93} INFO - 	at org.apache.spark.util.ThreadUtils$.awaitResult(ThreadUtils.scala:310)
[2025-12-22T05:34:57.537+0000] {subprocess.py:93} INFO - 	at org.apache.spark.rpc.RpcTimeout.awaitResult(RpcTimeout.scala:75)
[2025-12-22T05:34:57.538+0000] {subprocess.py:93} INFO - 	at org.apache.spark.rpc.RpcEnv.setupEndpointRefByURI(RpcEnv.scala:102)
[2025-12-22T05:34:57.538+0000] {subprocess.py:93} INFO - 	at org.apache.spark.rpc.RpcEnv.setupEndpointRef(RpcEnv.scala:110)
[2025-12-22T05:34:57.538+0000] {subprocess.py:93} INFO - 	at org.apache.spark.deploy.client.StandaloneAppClient$ClientEndpoint$$anon$1.run(StandaloneAppClient.scala:108)
[2025-12-22T05:34:57.539+0000] {subprocess.py:93} INFO - 	at java.base/java.util.concurrent.Executors$RunnableAdapter.call(Executors.java:539)
[2025-12-22T05:34:57.539+0000] {subprocess.py:93} INFO - 	at java.base/java.util.concurrent.FutureTask.run(FutureTask.java:264)
[2025-12-22T05:34:57.539+0000] {subprocess.py:93} INFO - 	at java.base/java.util.concurrent.ThreadPoolExecutor.runWorker(ThreadPoolExecutor.java:1136)
[2025-12-22T05:34:57.540+0000] {subprocess.py:93} INFO - 	at java.base/java.util.concurrent.ThreadPoolExecutor$Worker.run(ThreadPoolExecutor.java:635)
[2025-12-22T05:34:57.540+0000] {subprocess.py:93} INFO - 	at java.base/java.lang.Thread.run(Thread.java:840)
[2025-12-22T05:34:57.541+0000] {subprocess.py:93} INFO - Caused by: java.io.IOException: Failed to connect to spark-master/<unresolved>:7077
[2025-12-22T05:34:57.544+0000] {subprocess.py:93} INFO - 	at org.apache.spark.network.client.TransportClientFactory.createClient(TransportClientFactory.java:294)
[2025-12-22T05:34:57.544+0000] {subprocess.py:93} INFO - 	at org.apache.spark.network.client.TransportClientFactory.createClient(TransportClientFactory.java:214)
[2025-12-22T05:34:57.546+0000] {subprocess.py:93} INFO - 	at org.apache.spark.network.client.TransportClientFactory.createClient(TransportClientFactory.java:226)
[2025-12-22T05:34:57.546+0000] {subprocess.py:93} INFO - 	at org.apache.spark.rpc.netty.NettyRpcEnv.createClient(NettyRpcEnv.scala:204)
[2025-12-22T05:34:57.547+0000] {subprocess.py:93} INFO - 	at org.apache.spark.rpc.netty.Outbox$$anon$1.call(Outbox.scala:202)
[2025-12-22T05:34:57.547+0000] {subprocess.py:93} INFO - 	at org.apache.spark.rpc.netty.Outbox$$anon$1.call(Outbox.scala:198)
[2025-12-22T05:34:57.548+0000] {subprocess.py:93} INFO - 	... 4 more
[2025-12-22T05:34:57.548+0000] {subprocess.py:93} INFO - Caused by: java.net.UnknownHostException: spark-master
[2025-12-22T05:34:57.548+0000] {subprocess.py:93} INFO - 	at java.base/java.net.InetAddress$CachedAddresses.get(InetAddress.java:801)
[2025-12-22T05:34:57.549+0000] {subprocess.py:93} INFO - 	at java.base/java.net.InetAddress.getAllByName0(InetAddress.java:1533)
[2025-12-22T05:34:57.549+0000] {subprocess.py:93} INFO - 	at java.base/java.net.InetAddress.getAllByName(InetAddress.java:1385)
[2025-12-22T05:34:57.549+0000] {subprocess.py:93} INFO - 	at java.base/java.net.InetAddress.getAllByName(InetAddress.java:1306)
[2025-12-22T05:34:57.552+0000] {subprocess.py:93} INFO - 	at java.base/java.net.InetAddress.getByName(InetAddress.java:1256)
[2025-12-22T05:34:57.552+0000] {subprocess.py:93} INFO - 	at io.netty.util.internal.SocketUtils$8.run(SocketUtils.java:156)
[2025-12-22T05:34:57.553+0000] {subprocess.py:93} INFO - 	at io.netty.util.internal.SocketUtils$8.run(SocketUtils.java:153)
[2025-12-22T05:34:57.553+0000] {subprocess.py:93} INFO - 	at java.base/java.security.AccessController.doPrivileged(AccessController.java:569)
[2025-12-22T05:34:57.553+0000] {subprocess.py:93} INFO - 	at io.netty.util.internal.SocketUtils.addressByName(SocketUtils.java:153)
[2025-12-22T05:34:57.556+0000] {subprocess.py:93} INFO - 	at io.netty.resolver.DefaultNameResolver.doResolve(DefaultNameResolver.java:41)
[2025-12-22T05:34:57.556+0000] {subprocess.py:93} INFO - 	at io.netty.resolver.SimpleNameResolver.resolve(SimpleNameResolver.java:61)
[2025-12-22T05:34:57.557+0000] {subprocess.py:93} INFO - 	at io.netty.resolver.SimpleNameResolver.resolve(SimpleNameResolver.java:53)
[2025-12-22T05:34:57.557+0000] {subprocess.py:93} INFO - 	at io.netty.resolver.InetSocketAddressResolver.doResolve(InetSocketAddressResolver.java:55)
[2025-12-22T05:34:57.557+0000] {subprocess.py:93} INFO - 	at io.netty.resolver.InetSocketAddressResolver.doResolve(InetSocketAddressResolver.java:31)
[2025-12-22T05:34:57.558+0000] {subprocess.py:93} INFO - 	at io.netty.resolver.AbstractAddressResolver.resolve(AbstractAddressResolver.java:106)
[2025-12-22T05:34:57.558+0000] {subprocess.py:93} INFO - 	at io.netty.bootstrap.Bootstrap.doResolveAndConnect0(Bootstrap.java:220)
[2025-12-22T05:34:57.559+0000] {subprocess.py:93} INFO - 	at io.netty.bootstrap.Bootstrap.doResolveAndConnect(Bootstrap.java:171)
[2025-12-22T05:34:57.559+0000] {subprocess.py:93} INFO - 	at io.netty.bootstrap.Bootstrap.connect(Bootstrap.java:148)
[2025-12-22T05:34:57.559+0000] {subprocess.py:93} INFO - 	at org.apache.spark.network.client.TransportClientFactory.createClient(TransportClientFactory.java:279)
[2025-12-22T05:34:57.560+0000] {subprocess.py:93} INFO - 	... 9 more
[2025-12-22T05:35:17.417+0000] {subprocess.py:93} INFO - 25/12/22 05:35:17 INFO StandaloneAppClient$ClientEndpoint: Connecting to master spark://spark-master:7077...
[2025-12-22T05:35:17.445+0000] {subprocess.py:93} INFO - 25/12/22 05:35:17 WARN StandaloneAppClient$ClientEndpoint: Failed to connect to master spark-master:7077
[2025-12-22T05:35:17.446+0000] {subprocess.py:93} INFO - org.apache.spark.SparkException: Exception thrown in awaitResult:
[2025-12-22T05:35:17.446+0000] {subprocess.py:93} INFO - 	at org.apache.spark.util.SparkThreadUtils$.awaitResult(SparkThreadUtils.scala:56)
[2025-12-22T05:35:17.446+0000] {subprocess.py:93} INFO - 	at org.apache.spark.util.ThreadUtils$.awaitResult(ThreadUtils.scala:310)
[2025-12-22T05:35:17.447+0000] {subprocess.py:93} INFO - 	at org.apache.spark.rpc.RpcTimeout.awaitResult(RpcTimeout.scala:75)
[2025-12-22T05:35:17.447+0000] {subprocess.py:93} INFO - 	at org.apache.spark.rpc.RpcEnv.setupEndpointRefByURI(RpcEnv.scala:102)
[2025-12-22T05:35:17.448+0000] {subprocess.py:93} INFO - 	at org.apache.spark.rpc.RpcEnv.setupEndpointRef(RpcEnv.scala:110)
[2025-12-22T05:35:17.448+0000] {subprocess.py:93} INFO - 	at org.apache.spark.deploy.client.StandaloneAppClient$ClientEndpoint$$anon$1.run(StandaloneAppClient.scala:108)
[2025-12-22T05:35:17.448+0000] {subprocess.py:93} INFO - 	at java.base/java.util.concurrent.Executors$RunnableAdapter.call(Executors.java:539)
[2025-12-22T05:35:17.449+0000] {subprocess.py:93} INFO - 	at java.base/java.util.concurrent.FutureTask.run(FutureTask.java:264)
[2025-12-22T05:35:17.449+0000] {subprocess.py:93} INFO - 	at java.base/java.util.concurrent.ThreadPoolExecutor.runWorker(ThreadPoolExecutor.java:1136)
[2025-12-22T05:35:17.449+0000] {subprocess.py:93} INFO - 	at java.base/java.util.concurrent.ThreadPoolExecutor$Worker.run(ThreadPoolExecutor.java:635)
[2025-12-22T05:35:17.450+0000] {subprocess.py:93} INFO - 	at java.base/java.lang.Thread.run(Thread.java:840)
[2025-12-22T05:35:17.450+0000] {subprocess.py:93} INFO - Caused by: java.io.IOException: Failed to connect to spark-master/<unresolved>:7077
[2025-12-22T05:35:17.450+0000] {subprocess.py:93} INFO - 	at org.apache.spark.network.client.TransportClientFactory.createClient(TransportClientFactory.java:294)
[2025-12-22T05:35:17.451+0000] {subprocess.py:93} INFO - 	at org.apache.spark.network.client.TransportClientFactory.createClient(TransportClientFactory.java:214)
[2025-12-22T05:35:17.451+0000] {subprocess.py:93} INFO - 	at org.apache.spark.network.client.TransportClientFactory.createClient(TransportClientFactory.java:226)
[2025-12-22T05:35:17.451+0000] {subprocess.py:93} INFO - 	at org.apache.spark.rpc.netty.NettyRpcEnv.createClient(NettyRpcEnv.scala:204)
[2025-12-22T05:35:17.452+0000] {subprocess.py:93} INFO - 	at org.apache.spark.rpc.netty.Outbox$$anon$1.call(Outbox.scala:202)
[2025-12-22T05:35:17.452+0000] {subprocess.py:93} INFO - 	at org.apache.spark.rpc.netty.Outbox$$anon$1.call(Outbox.scala:198)
[2025-12-22T05:35:17.452+0000] {subprocess.py:93} INFO - 	... 4 more
[2025-12-22T05:35:17.453+0000] {subprocess.py:93} INFO - Caused by: java.net.UnknownHostException: spark-master
[2025-12-22T05:35:17.453+0000] {subprocess.py:93} INFO - 	at java.base/java.net.InetAddress$CachedAddresses.get(InetAddress.java:801)
[2025-12-22T05:35:17.453+0000] {subprocess.py:93} INFO - 	at java.base/java.net.InetAddress.getAllByName0(InetAddress.java:1533)
[2025-12-22T05:35:17.454+0000] {subprocess.py:93} INFO - 	at java.base/java.net.InetAddress.getAllByName(InetAddress.java:1385)
[2025-12-22T05:35:17.454+0000] {subprocess.py:93} INFO - 	at java.base/java.net.InetAddress.getAllByName(InetAddress.java:1306)
[2025-12-22T05:35:17.454+0000] {subprocess.py:93} INFO - 	at java.base/java.net.InetAddress.getByName(InetAddress.java:1256)
[2025-12-22T05:35:17.455+0000] {subprocess.py:93} INFO - 	at io.netty.util.internal.SocketUtils$8.run(SocketUtils.java:156)
[2025-12-22T05:35:17.455+0000] {subprocess.py:93} INFO - 	at io.netty.util.internal.SocketUtils$8.run(SocketUtils.java:153)
[2025-12-22T05:35:17.455+0000] {subprocess.py:93} INFO - 	at java.base/java.security.AccessController.doPrivileged(AccessController.java:569)
[2025-12-22T05:35:17.456+0000] {subprocess.py:93} INFO - 	at io.netty.util.internal.SocketUtils.addressByName(SocketUtils.java:153)
[2025-12-22T05:35:17.456+0000] {subprocess.py:93} INFO - 	at io.netty.resolver.DefaultNameResolver.doResolve(DefaultNameResolver.java:41)
[2025-12-22T05:35:17.456+0000] {subprocess.py:93} INFO - 	at io.netty.resolver.SimpleNameResolver.resolve(SimpleNameResolver.java:61)
[2025-12-22T05:35:17.457+0000] {subprocess.py:93} INFO - 	at io.netty.resolver.SimpleNameResolver.resolve(SimpleNameResolver.java:53)
[2025-12-22T05:35:17.457+0000] {subprocess.py:93} INFO - 	at io.netty.resolver.InetSocketAddressResolver.doResolve(InetSocketAddressResolver.java:55)
[2025-12-22T05:35:17.458+0000] {subprocess.py:93} INFO - 	at io.netty.resolver.InetSocketAddressResolver.doResolve(InetSocketAddressResolver.java:31)
[2025-12-22T05:35:17.458+0000] {subprocess.py:93} INFO - 	at io.netty.resolver.AbstractAddressResolver.resolve(AbstractAddressResolver.java:106)
[2025-12-22T05:35:17.458+0000] {subprocess.py:93} INFO - 	at io.netty.bootstrap.Bootstrap.doResolveAndConnect0(Bootstrap.java:220)
[2025-12-22T05:35:17.459+0000] {subprocess.py:93} INFO - 	at io.netty.bootstrap.Bootstrap.access$000(Bootstrap.java:46)
[2025-12-22T05:35:17.459+0000] {subprocess.py:93} INFO - 	at io.netty.bootstrap.Bootstrap$1.operationComplete(Bootstrap.java:189)
[2025-12-22T05:35:17.459+0000] {subprocess.py:93} INFO - 	at io.netty.bootstrap.Bootstrap$1.operationComplete(Bootstrap.java:175)
[2025-12-22T05:35:17.460+0000] {subprocess.py:93} INFO - 	at io.netty.util.concurrent.DefaultPromise.notifyListener0(DefaultPromise.java:590)
[2025-12-22T05:35:17.460+0000] {subprocess.py:93} INFO - 	at io.netty.util.concurrent.DefaultPromise.notifyListenersNow(DefaultPromise.java:557)
[2025-12-22T05:35:17.460+0000] {subprocess.py:93} INFO - 	at io.netty.util.concurrent.DefaultPromise.notifyListeners(DefaultPromise.java:492)
[2025-12-22T05:35:17.461+0000] {subprocess.py:93} INFO - 	at io.netty.util.concurrent.DefaultPromise.setValue0(DefaultPromise.java:636)
[2025-12-22T05:35:17.461+0000] {subprocess.py:93} INFO - 	at io.netty.util.concurrent.DefaultPromise.setSuccess0(DefaultPromise.java:625)
[2025-12-22T05:35:17.461+0000] {subprocess.py:93} INFO - 	at io.netty.util.concurrent.DefaultPromise.trySuccess(DefaultPromise.java:105)
[2025-12-22T05:35:17.462+0000] {subprocess.py:93} INFO - 	at io.netty.channel.DefaultChannelPromise.trySuccess(DefaultChannelPromise.java:84)
[2025-12-22T05:35:17.462+0000] {subprocess.py:93} INFO - 	at io.netty.channel.AbstractChannel$AbstractUnsafe.safeSetSuccess(AbstractChannel.java:990)
[2025-12-22T05:35:17.462+0000] {subprocess.py:93} INFO - 	at io.netty.channel.AbstractChannel$AbstractUnsafe.register0(AbstractChannel.java:516)
[2025-12-22T05:35:17.463+0000] {subprocess.py:93} INFO - 	at io.netty.channel.AbstractChannel$AbstractUnsafe.access$200(AbstractChannel.java:429)
[2025-12-22T05:35:17.463+0000] {subprocess.py:93} INFO - 	at io.netty.channel.AbstractChannel$AbstractUnsafe$1.run(AbstractChannel.java:486)
[2025-12-22T05:35:17.463+0000] {subprocess.py:93} INFO - 	at io.netty.util.concurrent.AbstractEventExecutor.runTask(AbstractEventExecutor.java:174)
[2025-12-22T05:35:17.464+0000] {subprocess.py:93} INFO - 	at io.netty.util.concurrent.AbstractEventExecutor.safeExecute(AbstractEventExecutor.java:167)
[2025-12-22T05:35:17.464+0000] {subprocess.py:93} INFO - 	at io.netty.util.concurrent.SingleThreadEventExecutor.runAllTasks(SingleThreadEventExecutor.java:470)
[2025-12-22T05:35:17.464+0000] {subprocess.py:93} INFO - 	at io.netty.channel.nio.NioEventLoop.run(NioEventLoop.java:569)
[2025-12-22T05:35:17.465+0000] {subprocess.py:93} INFO - 	at io.netty.util.concurrent.SingleThreadEventExecutor$4.run(SingleThreadEventExecutor.java:997)
[2025-12-22T05:35:17.465+0000] {subprocess.py:93} INFO - 	at io.netty.util.internal.ThreadExecutorMap$2.run(ThreadExecutorMap.java:74)
[2025-12-22T05:35:17.465+0000] {subprocess.py:93} INFO - 	at io.netty.util.concurrent.FastThreadLocalRunnable.run(FastThreadLocalRunnable.java:30)
[2025-12-22T05:35:17.466+0000] {subprocess.py:93} INFO - 	... 1 more
[2025-12-22T05:35:37.419+0000] {subprocess.py:93} INFO - 25/12/22 05:35:37 WARN StandaloneSchedulerBackend: Application ID is not initialized yet.
[2025-12-22T05:35:37.420+0000] {subprocess.py:93} INFO - 25/12/22 05:35:37 ERROR StandaloneSchedulerBackend: Application has been killed. Reason: All masters are unresponsive! Giving up.
[2025-12-22T05:35:37.458+0000] {subprocess.py:93} INFO - 25/12/22 05:35:37 INFO Utils: Successfully started service 'org.apache.spark.network.netty.NettyBlockTransferService' on port 45613.
[2025-12-22T05:35:37.459+0000] {subprocess.py:93} INFO - 25/12/22 05:35:37 INFO NettyBlockTransferService: Server created on 8760ad6ea1f0:45613
[2025-12-22T05:35:37.460+0000] {subprocess.py:93} INFO - 25/12/22 05:35:37 INFO BlockManager: Using org.apache.spark.storage.RandomBlockReplicationPolicy for block replication policy
[2025-12-22T05:35:37.484+0000] {subprocess.py:93} INFO - 25/12/22 05:35:37 INFO BlockManagerMaster: Registering BlockManager BlockManagerId(driver, 8760ad6ea1f0, 45613, None)
[2025-12-22T05:35:37.503+0000] {subprocess.py:93} INFO - 25/12/22 05:35:37 INFO BlockManagerMasterEndpoint: Registering block manager 8760ad6ea1f0:45613 with 434.4 MiB RAM, BlockManagerId(driver, 8760ad6ea1f0, 45613, None)
[2025-12-22T05:35:37.517+0000] {subprocess.py:93} INFO - 25/12/22 05:35:37 INFO BlockManagerMaster: Registered BlockManager BlockManagerId(driver, 8760ad6ea1f0, 45613, None)
[2025-12-22T05:35:37.519+0000] {subprocess.py:93} INFO - 25/12/22 05:35:37 INFO BlockManager: Initialized BlockManager: BlockManagerId(driver, 8760ad6ea1f0, 45613, None)
[2025-12-22T05:35:38.036+0000] {subprocess.py:93} INFO - 25/12/22 05:35:38 INFO StandaloneSchedulerBackend: SchedulerBackend is ready for scheduling beginning after reached minRegisteredResourcesRatio: 0.0
[2025-12-22T05:35:38.280+0000] {subprocess.py:93} INFO - 25/12/22 05:35:38 INFO SharedState: Setting hive.metastore.warehouse.dir ('null') to the value of spark.sql.warehouse.dir.
[2025-12-22T05:35:38.284+0000] {subprocess.py:93} INFO - 25/12/22 05:35:38 INFO SharedState: Warehouse path is 'file:/tmp/***tmpkzb4eyo3/spark-warehouse'.
[2025-12-22T05:35:38.416+0000] {subprocess.py:93} INFO - 25/12/22 05:35:38 INFO SparkContext: SparkContext is stopping with exitCode 0.
[2025-12-22T05:35:38.432+0000] {subprocess.py:93} INFO - 25/12/22 05:35:38 INFO SparkUI: Stopped Spark web UI at http://8760ad6ea1f0:4040
[2025-12-22T05:35:38.440+0000] {subprocess.py:93} INFO - 25/12/22 05:35:38 INFO StandaloneSchedulerBackend: Shutting down all executors
[2025-12-22T05:35:38.447+0000] {subprocess.py:93} INFO - 25/12/22 05:35:38 INFO StandaloneSchedulerBackend$StandaloneDriverEndpoint: Asking each executor to shut down
[2025-12-22T05:35:38.452+0000] {subprocess.py:93} INFO - 25/12/22 05:35:38 WARN StandaloneAppClient$ClientEndpoint: Drop UnregisterApplication(null) because has not yet connected to master
[2025-12-22T05:35:38.462+0000] {subprocess.py:93} INFO - 25/12/22 05:35:38 INFO MapOutputTrackerMasterEndpoint: MapOutputTrackerMasterEndpoint stopped!
[2025-12-22T05:35:38.478+0000] {subprocess.py:93} INFO - 25/12/22 05:35:38 INFO MemoryStore: MemoryStore cleared
[2025-12-22T05:35:38.479+0000] {subprocess.py:93} INFO - 25/12/22 05:35:38 INFO BlockManager: BlockManager stopped
[2025-12-22T05:35:38.498+0000] {subprocess.py:93} INFO - 25/12/22 05:35:38 INFO BlockManagerMaster: BlockManagerMaster stopped
[2025-12-22T05:35:38.503+0000] {subprocess.py:93} INFO - 25/12/22 05:35:38 INFO OutputCommitCoordinator$OutputCommitCoordinatorEndpoint: OutputCommitCoordinator stopped!
[2025-12-22T05:35:38.515+0000] {subprocess.py:93} INFO - 25/12/22 05:35:38 INFO SparkContext: Successfully stopped SparkContext
[2025-12-22T05:35:39.809+0000] {subprocess.py:93} INFO - 25/12/22 05:35:39 INFO client: MongoClient with metadata {"driver": {"name": "mongo-java-driver|sync|mongo-spark-connector|source", "version": "5.1.4|10.5.0"}, "os": {"type": "Linux", "name": "Linux", "architecture": "amd64", "version": "6.8.0-90-generic"}, "platform": "Java/Debian/17.0.17+10-Debian-1deb12u1|Scala/2.12.18/Spark/3.5.1", "env": {"container": {"runtime": "docker"}}} created with settings MongoClientSettings{readPreference=primary, writeConcern=WriteConcern{w=null, wTimeout=null ms, journal=null}, retryWrites=true, retryReads=true, readConcern=ReadConcern{level=null}, credential=MongoCredential{mechanism=null, userName='admin', source='admin', password=<hidden>, mechanismProperties=<hidden>}, transportSettings=null, commandListeners=[], codecRegistry=ProvidersCodecRegistry{codecProviders=[ValueCodecProvider{}, BsonValueCodecProvider{}, DBRefCodecProvider{}, DBObjectCodecProvider{}, DocumentCodecProvider{}, CollectionCodecProvider{}, IterableCodecProvider{}, MapCodecProvider{}, GeoJsonCodecProvider{}, GridFSFileCodecProvider{}, Jsr310CodecProvider{}, JsonObjectCodecProvider{}, BsonCodecProvider{}, EnumCodecProvider{}, com.mongodb.client.model.mql.ExpressionCodecProvider@502d747b, com.mongodb.Jep395RecordCodecProvider@77b0030b, com.mongodb.KotlinCodecProvider@7d1dd48c]}, loggerSettings=LoggerSettings{maxDocumentLength=1000}, clusterSettings={hosts=[mongodb:27017], srvServiceName=mongodb, mode=SINGLE, requiredClusterType=UNKNOWN, requiredReplicaSetName='null', serverSelector='null', clusterListeners='[]', serverSelectionTimeout='30000 ms', localThreshold='15 ms'}, socketSettings=SocketSettings{connectTimeoutMS=10000, readTimeoutMS=0, receiveBufferSize=0, proxySettings=ProxySettings{host=null, port=null, username=null, password=null}}, heartbeatSocketSettings=SocketSettings{connectTimeoutMS=10000, readTimeoutMS=10000, receiveBufferSize=0, proxySettings=ProxySettings{host=null, port=null, username=null, password=null}}, connectionPoolSettings=ConnectionPoolSettings{maxSize=100, minSize=0, maxWaitTimeMS=120000, maxConnectionLifeTimeMS=0, maxConnectionIdleTimeMS=0, maintenanceInitialDelayMS=0, maintenanceFrequencyMS=60000, connectionPoolListeners=[], maxConnecting=2}, serverSettings=ServerSettings{heartbeatFrequencyMS=10000, minHeartbeatFrequencyMS=500, serverMonitoringMode=AUTO, serverListeners='[]', serverMonitorListeners='[]'}, sslSettings=SslSettings{enabled=false, invalidHostNameAllowed=false, context=null}, applicationName='null', compressorList=[], uuidRepresentation=UNSPECIFIED, serverApi=null, autoEncryptionSettings=null, dnsClient=null, inetAddressResolver=null, contextProvider=null}
[2025-12-22T05:35:39.829+0000] {subprocess.py:93} INFO - 25/12/22 05:35:39 INFO cluster: Monitor thread successfully connected to server with description ServerDescription{address=mongodb:27017, type=STANDALONE, state=CONNECTED, ok=true, minWireVersion=0, maxWireVersion=21, maxDocumentSize=16777216, logicalSessionTimeoutMinutes=30, roundTripTimeNanos=27921659}
[2025-12-22T05:35:40.151+0000] {subprocess.py:93} INFO - 25/12/22 05:35:40 INFO MongoTable: Creating MongoTable: mongo-spark-connector-10.5.0
[2025-12-22T05:35:41.024+0000] {subprocess.py:93} INFO - 25/12/22 05:35:41 INFO V2ScanRelationPushDown:
[2025-12-22T05:35:41.024+0000] {subprocess.py:93} INFO - Output:
[2025-12-22T05:35:41.024+0000] {subprocess.py:93} INFO - 
[2025-12-22T05:35:41.196+0000] {subprocess.py:93} INFO - 25/12/22 05:35:41 INFO Partitioner: Getting collection stats for: services_publics.demandes
[2025-12-22T05:35:41.206+0000] {subprocess.py:93} INFO - 25/12/22 05:35:41 INFO Partitioner: Fewer documents (8829) than the calculated number of documents per partition (324873.0). Returning a single partition
[2025-12-22T05:35:41.255+0000] {subprocess.py:93} INFO - 25/12/22 05:35:41 INFO Partitioner: Getting collection stats for: services_publics.demandes
[2025-12-22T05:35:41.265+0000] {subprocess.py:93} INFO - 25/12/22 05:35:41 INFO Partitioner: Fewer documents (8829) than the calculated number of documents per partition (324873.0). Returning a single partition
[2025-12-22T05:35:41.384+0000] {subprocess.py:93} INFO - Traceback (most recent call last):
[2025-12-22T05:35:41.385+0000] {subprocess.py:93} INFO -   File "/opt/***/spark_jobs/ingestion.py", line 25, in <module>
[2025-12-22T05:35:41.386+0000] {subprocess.py:93} INFO -     print(f"📥 Nombre de documents MongoDB : {df.count()}")
[2025-12-22T05:35:41.387+0000] {subprocess.py:93} INFO -   File "/opt/spark/python/lib/pyspark.zip/pyspark/sql/dataframe.py", line 1238, in count
[2025-12-22T05:35:41.387+0000] {subprocess.py:93} INFO -   File "/opt/spark/python/lib/py4j-0.10.9.7-src.zip/py4j/java_gateway.py", line 1322, in __call__
[2025-12-22T05:35:41.388+0000] {subprocess.py:93} INFO -   File "/opt/spark/python/lib/pyspark.zip/pyspark/errors/exceptions/captured.py", line 179, in deco
[2025-12-22T05:35:41.388+0000] {subprocess.py:93} INFO -   File "/opt/spark/python/lib/py4j-0.10.9.7-src.zip/py4j/protocol.py", line 326, in get_return_value
[2025-12-22T05:35:41.389+0000] {subprocess.py:93} INFO - py4j.protocol.Py4JJavaError: An error occurred while calling o40.count.
[2025-12-22T05:35:41.389+0000] {subprocess.py:93} INFO - : java.lang.IllegalStateException: Cannot call methods on a stopped SparkContext.
[2025-12-22T05:35:41.390+0000] {subprocess.py:93} INFO - This stopped SparkContext was created at:
[2025-12-22T05:35:41.390+0000] {subprocess.py:93} INFO - 
[2025-12-22T05:35:41.390+0000] {subprocess.py:93} INFO - org.apache.spark.api.java.JavaSparkContext.<init>(JavaSparkContext.scala:58)
[2025-12-22T05:35:41.390+0000] {subprocess.py:93} INFO - java.base/jdk.internal.reflect.NativeConstructorAccessorImpl.newInstance0(Native Method)
[2025-12-22T05:35:41.390+0000] {subprocess.py:93} INFO - java.base/jdk.internal.reflect.NativeConstructorAccessorImpl.newInstance(NativeConstructorAccessorImpl.java:77)
[2025-12-22T05:35:41.392+0000] {subprocess.py:93} INFO - java.base/jdk.internal.reflect.DelegatingConstructorAccessorImpl.newInstance(DelegatingConstructorAccessorImpl.java:45)
[2025-12-22T05:35:41.393+0000] {subprocess.py:93} INFO - java.base/java.lang.reflect.Constructor.newInstanceWithCaller(Constructor.java:500)
[2025-12-22T05:35:41.394+0000] {subprocess.py:93} INFO - java.base/java.lang.reflect.Constructor.newInstance(Constructor.java:481)
[2025-12-22T05:35:41.395+0000] {subprocess.py:93} INFO - py4j.reflection.MethodInvoker.invoke(MethodInvoker.java:247)
[2025-12-22T05:35:41.395+0000] {subprocess.py:93} INFO - py4j.reflection.ReflectionEngine.invoke(ReflectionEngine.java:374)
[2025-12-22T05:35:41.395+0000] {subprocess.py:93} INFO - py4j.Gateway.invoke(Gateway.java:238)
[2025-12-22T05:35:41.395+0000] {subprocess.py:93} INFO - py4j.commands.ConstructorCommand.invokeConstructor(ConstructorCommand.java:80)
[2025-12-22T05:35:41.395+0000] {subprocess.py:93} INFO - py4j.commands.ConstructorCommand.execute(ConstructorCommand.java:69)
[2025-12-22T05:35:41.395+0000] {subprocess.py:93} INFO - py4j.ClientServerConnection.waitForCommands(ClientServerConnection.java:182)
[2025-12-22T05:35:41.396+0000] {subprocess.py:93} INFO - py4j.ClientServerConnection.run(ClientServerConnection.java:106)
[2025-12-22T05:35:41.396+0000] {subprocess.py:93} INFO - java.base/java.lang.Thread.run(Thread.java:840)
[2025-12-22T05:35:41.396+0000] {subprocess.py:93} INFO - 
[2025-12-22T05:35:41.396+0000] {subprocess.py:93} INFO - The currently active SparkContext was created at:
[2025-12-22T05:35:41.396+0000] {subprocess.py:93} INFO - 
[2025-12-22T05:35:41.397+0000] {subprocess.py:93} INFO - (No active SparkContext.)
[2025-12-22T05:35:41.397+0000] {subprocess.py:93} INFO - 
[2025-12-22T05:35:41.397+0000] {subprocess.py:93} INFO - 	at org.apache.spark.SparkContext.assertNotStopped(SparkContext.scala:122)
[2025-12-22T05:35:41.397+0000] {subprocess.py:93} INFO - 	at org.apache.spark.SparkContext.defaultParallelism(SparkContext.scala:2707)
[2025-12-22T05:35:41.397+0000] {subprocess.py:93} INFO - 	at org.apache.spark.sql.execution.adaptive.CoalesceShufflePartitions.$anonfun$apply$1(CoalesceShufflePartitions.scala:61)
[2025-12-22T05:35:41.397+0000] {subprocess.py:93} INFO - 	at scala.runtime.java8.JFunction0$mcI$sp.apply(JFunction0$mcI$sp.java:23)
[2025-12-22T05:35:41.397+0000] {subprocess.py:93} INFO - 	at scala.Option.getOrElse(Option.scala:189)
[2025-12-22T05:35:41.397+0000] {subprocess.py:93} INFO - 	at org.apache.spark.sql.execution.adaptive.CoalesceShufflePartitions.apply(CoalesceShufflePartitions.scala:58)
[2025-12-22T05:35:41.397+0000] {subprocess.py:93} INFO - 	at org.apache.spark.sql.execution.adaptive.CoalesceShufflePartitions.apply(CoalesceShufflePartitions.scala:34)
[2025-12-22T05:35:41.398+0000] {subprocess.py:93} INFO - 	at org.apache.spark.sql.execution.adaptive.AdaptiveSparkPlanExec.$anonfun$optimizeQueryStage$2(AdaptiveSparkPlanExec.scala:169)
[2025-12-22T05:35:41.398+0000] {subprocess.py:93} INFO - 	at scala.collection.LinearSeqOptimized.foldLeft(LinearSeqOptimized.scala:126)
[2025-12-22T05:35:41.398+0000] {subprocess.py:93} INFO - 	at scala.collection.LinearSeqOptimized.foldLeft$(LinearSeqOptimized.scala:122)
[2025-12-22T05:35:41.398+0000] {subprocess.py:93} INFO - 	at scala.collection.immutable.List.foldLeft(List.scala:91)
[2025-12-22T05:35:41.398+0000] {subprocess.py:93} INFO - 	at org.apache.spark.sql.execution.adaptive.AdaptiveSparkPlanExec.optimizeQueryStage(AdaptiveSparkPlanExec.scala:168)
[2025-12-22T05:35:41.398+0000] {subprocess.py:93} INFO - 	at org.apache.spark.sql.execution.adaptive.AdaptiveSparkPlanExec.newQueryStage(AdaptiveSparkPlanExec.scala:588)
[2025-12-22T05:35:41.398+0000] {subprocess.py:93} INFO - 	at org.apache.spark.sql.execution.adaptive.AdaptiveSparkPlanExec.createQueryStages(AdaptiveSparkPlanExec.scala:538)
[2025-12-22T05:35:41.398+0000] {subprocess.py:93} INFO - 	at org.apache.spark.sql.execution.adaptive.AdaptiveSparkPlanExec.$anonfun$createQueryStages$2(AdaptiveSparkPlanExec.scala:577)
[2025-12-22T05:35:41.398+0000] {subprocess.py:93} INFO - 	at scala.collection.TraversableLike.$anonfun$map$1(TraversableLike.scala:286)
[2025-12-22T05:35:41.399+0000] {subprocess.py:93} INFO - 	at scala.collection.Iterator.foreach(Iterator.scala:943)
[2025-12-22T05:35:41.399+0000] {subprocess.py:93} INFO - 	at scala.collection.Iterator.foreach$(Iterator.scala:943)
[2025-12-22T05:35:41.399+0000] {subprocess.py:93} INFO - 	at scala.collection.AbstractIterator.foreach(Iterator.scala:1431)
[2025-12-22T05:35:41.399+0000] {subprocess.py:93} INFO - 	at scala.collection.IterableLike.foreach(IterableLike.scala:74)
[2025-12-22T05:35:41.399+0000] {subprocess.py:93} INFO - 	at scala.collection.IterableLike.foreach$(IterableLike.scala:73)
[2025-12-22T05:35:41.399+0000] {subprocess.py:93} INFO - 	at scala.collection.AbstractIterable.foreach(Iterable.scala:56)
[2025-12-22T05:35:41.399+0000] {subprocess.py:93} INFO - 	at scala.collection.TraversableLike.map(TraversableLike.scala:286)
[2025-12-22T05:35:41.400+0000] {subprocess.py:93} INFO - 	at scala.collection.TraversableLike.map$(TraversableLike.scala:279)
[2025-12-22T05:35:41.400+0000] {subprocess.py:93} INFO - 	at scala.collection.AbstractTraversable.map(Traversable.scala:108)
[2025-12-22T05:35:41.400+0000] {subprocess.py:93} INFO - 	at org.apache.spark.sql.execution.adaptive.AdaptiveSparkPlanExec.createQueryStages(AdaptiveSparkPlanExec.scala:577)
[2025-12-22T05:35:41.400+0000] {subprocess.py:93} INFO - 	at org.apache.spark.sql.execution.adaptive.AdaptiveSparkPlanExec.$anonfun$getFinalPhysicalPlan$1(AdaptiveSparkPlanExec.scala:277)
[2025-12-22T05:35:41.400+0000] {subprocess.py:93} INFO - 	at org.apache.spark.sql.SparkSession.withActive(SparkSession.scala:900)
[2025-12-22T05:35:41.400+0000] {subprocess.py:93} INFO - 	at org.apache.spark.sql.execution.adaptive.AdaptiveSparkPlanExec.getFinalPhysicalPlan(AdaptiveSparkPlanExec.scala:272)
[2025-12-22T05:35:41.400+0000] {subprocess.py:93} INFO - 	at org.apache.spark.sql.execution.adaptive.AdaptiveSparkPlanExec.withFinalPlanUpdate(AdaptiveSparkPlanExec.scala:417)
[2025-12-22T05:35:41.400+0000] {subprocess.py:93} INFO - 	at org.apache.spark.sql.execution.adaptive.AdaptiveSparkPlanExec.executeCollect(AdaptiveSparkPlanExec.scala:390)
[2025-12-22T05:35:41.400+0000] {subprocess.py:93} INFO - 	at org.apache.spark.sql.Dataset.$anonfun$count$1(Dataset.scala:3614)
[2025-12-22T05:35:41.401+0000] {subprocess.py:93} INFO - 	at org.apache.spark.sql.Dataset.$anonfun$count$1$adapted(Dataset.scala:3613)
[2025-12-22T05:35:41.401+0000] {subprocess.py:93} INFO - 	at org.apache.spark.sql.Dataset.$anonfun$withAction$2(Dataset.scala:4322)
[2025-12-22T05:35:41.401+0000] {subprocess.py:93} INFO - 	at org.apache.spark.sql.execution.QueryExecution$.withInternalError(QueryExecution.scala:546)
[2025-12-22T05:35:41.401+0000] {subprocess.py:93} INFO - 	at org.apache.spark.sql.Dataset.$anonfun$withAction$1(Dataset.scala:4320)
[2025-12-22T05:35:41.401+0000] {subprocess.py:93} INFO - 	at org.apache.spark.sql.execution.SQLExecution$.$anonfun$withNewExecutionId$6(SQLExecution.scala:125)
[2025-12-22T05:35:41.401+0000] {subprocess.py:93} INFO - 	at org.apache.spark.sql.execution.SQLExecution$.withSQLConfPropagated(SQLExecution.scala:201)
[2025-12-22T05:35:41.401+0000] {subprocess.py:93} INFO - 	at org.apache.spark.sql.execution.SQLExecution$.$anonfun$withNewExecutionId$1(SQLExecution.scala:108)
[2025-12-22T05:35:41.402+0000] {subprocess.py:93} INFO - 	at org.apache.spark.sql.SparkSession.withActive(SparkSession.scala:900)
[2025-12-22T05:35:41.402+0000] {subprocess.py:93} INFO - 	at org.apache.spark.sql.execution.SQLExecution$.withNewExecutionId(SQLExecution.scala:66)
[2025-12-22T05:35:41.402+0000] {subprocess.py:93} INFO - 	at org.apache.spark.sql.Dataset.withAction(Dataset.scala:4320)
[2025-12-22T05:35:41.402+0000] {subprocess.py:93} INFO - 	at org.apache.spark.sql.Dataset.count(Dataset.scala:3613)
[2025-12-22T05:35:41.402+0000] {subprocess.py:93} INFO - 	at java.base/jdk.internal.reflect.NativeMethodAccessorImpl.invoke0(Native Method)
[2025-12-22T05:35:41.402+0000] {subprocess.py:93} INFO - 	at java.base/jdk.internal.reflect.NativeMethodAccessorImpl.invoke(NativeMethodAccessorImpl.java:77)
[2025-12-22T05:35:41.402+0000] {subprocess.py:93} INFO - 	at java.base/jdk.internal.reflect.DelegatingMethodAccessorImpl.invoke(DelegatingMethodAccessorImpl.java:43)
[2025-12-22T05:35:41.402+0000] {subprocess.py:93} INFO - 	at java.base/java.lang.reflect.Method.invoke(Method.java:569)
[2025-12-22T05:35:41.402+0000] {subprocess.py:93} INFO - 	at py4j.reflection.MethodInvoker.invoke(MethodInvoker.java:244)
[2025-12-22T05:35:41.403+0000] {subprocess.py:93} INFO - 	at py4j.reflection.ReflectionEngine.invoke(ReflectionEngine.java:374)
[2025-12-22T05:35:41.403+0000] {subprocess.py:93} INFO - 	at py4j.Gateway.invoke(Gateway.java:282)
[2025-12-22T05:35:41.403+0000] {subprocess.py:93} INFO - 	at py4j.commands.AbstractCommand.invokeMethod(AbstractCommand.java:132)
[2025-12-22T05:35:41.403+0000] {subprocess.py:93} INFO - 	at py4j.commands.CallCommand.execute(CallCommand.java:79)
[2025-12-22T05:35:41.403+0000] {subprocess.py:93} INFO - 	at py4j.ClientServerConnection.waitForCommands(ClientServerConnection.java:182)
[2025-12-22T05:35:41.403+0000] {subprocess.py:93} INFO - 	at py4j.ClientServerConnection.run(ClientServerConnection.java:106)
[2025-12-22T05:35:41.403+0000] {subprocess.py:93} INFO - 	at java.base/java.lang.Thread.run(Thread.java:840)
[2025-12-22T05:35:41.403+0000] {subprocess.py:93} INFO - 
[2025-12-22T05:35:41.431+0000] {subprocess.py:93} INFO - 25/12/22 05:35:41 INFO ShutdownHookManager: Shutdown hook called
[2025-12-22T05:35:41.432+0000] {subprocess.py:93} INFO - 25/12/22 05:35:41 INFO ShutdownHookManager: Deleting directory /tmp/spark-b4cd8413-f532-44db-9c1f-077bc289f047
[2025-12-22T05:35:41.437+0000] {subprocess.py:93} INFO - 25/12/22 05:35:41 INFO ShutdownHookManager: Deleting directory /tmp/spark-49fc97fd-fee0-452e-96ab-2b04ce25a2f3
[2025-12-22T05:35:41.441+0000] {subprocess.py:93} INFO - 25/12/22 05:35:41 INFO ShutdownHookManager: Deleting directory /tmp/spark-49fc97fd-fee0-452e-96ab-2b04ce25a2f3/pyspark-be21cf46-a1ae-4ae7-afd9-630369b91683
[2025-12-22T05:35:41.841+0000] {subprocess.py:97} INFO - Command exited with return code 1
[2025-12-22T05:35:41.892+0000] {taskinstance.py:2699} ERROR - Task failed with exception
Traceback (most recent call last):
  File "/home/airflow/.local/lib/python3.10/site-packages/airflow/models/taskinstance.py", line 433, in _execute_task
    result = execute_callable(context=context, **execute_callable_kwargs)
  File "/home/airflow/.local/lib/python3.10/site-packages/airflow/operators/bash.py", line 212, in execute
    raise AirflowException(
airflow.exceptions.AirflowException: Bash command failed. The command returned a non-zero exit code 1.
[2025-12-22T05:35:41.904+0000] {taskinstance.py:1138} INFO - Marking task as UP_FOR_RETRY. dag_id=pipeline_services_publics_togo, task_id=ingestion_mongodb, execution_date=20251222T052911, start_date=20251222T053428, end_date=20251222T053541
[2025-12-22T05:35:41.957+0000] {standard_task_runner.py:107} ERROR - Failed to execute job 35 for task ingestion_mongodb (Bash command failed. The command returned a non-zero exit code 1.; 729)
[2025-12-22T05:35:42.000+0000] {local_task_job_runner.py:234} INFO - Task exited with return code 1
[2025-12-22T05:35:42.098+0000] {taskinstance.py:3281} INFO - 0 downstream tasks scheduled from follow-on schedule check
