[2025-12-21T18:52:01.502+0000] {taskinstance.py:1957} INFO - Dependencies all met for dep_context=non-requeueable deps ti=<TaskInstance: pipeline_services_publics_togo.load_data_to_mongo manual__2025-12-21T18:52:00.372464+00:00 [queued]>
[2025-12-21T18:52:01.510+0000] {taskinstance.py:1957} INFO - Dependencies all met for dep_context=requeueable deps ti=<TaskInstance: pipeline_services_publics_togo.load_data_to_mongo manual__2025-12-21T18:52:00.372464+00:00 [queued]>
[2025-12-21T18:52:01.511+0000] {taskinstance.py:2171} INFO - Starting attempt 1 of 3
[2025-12-21T18:52:01.524+0000] {taskinstance.py:2192} INFO - Executing <Task(BashOperator): load_data_to_mongo> on 2025-12-21 18:52:00.372464+00:00
[2025-12-21T18:52:01.529+0000] {standard_task_runner.py:60} INFO - Started process 169 to run task
[2025-12-21T18:52:01.533+0000] {standard_task_runner.py:87} INFO - Running: ['***', 'tasks', 'run', 'pipeline_services_publics_togo', 'load_data_to_mongo', 'manual__2025-12-21T18:52:00.372464+00:00', '--job-id', '21', '--raw', '--subdir', 'DAGS_FOLDER/pipeline_services_publics.py', '--cfg-path', '/tmp/tmpepoh8nqg']
[2025-12-21T18:52:01.536+0000] {standard_task_runner.py:88} INFO - Job 21: Subtask load_data_to_mongo
[2025-12-21T18:52:01.619+0000] {task_command.py:423} INFO - Running <TaskInstance: pipeline_services_publics_togo.load_data_to_mongo manual__2025-12-21T18:52:00.372464+00:00 [running]> on host 023a8baecbce
[2025-12-21T18:52:01.734+0000] {taskinstance.py:2481} INFO - Exporting env vars: AIRFLOW_CTX_DAG_OWNER='data-engineer' AIRFLOW_CTX_DAG_ID='pipeline_services_publics_togo' AIRFLOW_CTX_TASK_ID='load_data_to_mongo' AIRFLOW_CTX_EXECUTION_DATE='2025-12-21T18:52:00.372464+00:00' AIRFLOW_CTX_TRY_NUMBER='1' AIRFLOW_CTX_DAG_RUN_ID='manual__2025-12-21T18:52:00.372464+00:00'
[2025-12-21T18:52:01.735+0000] {subprocess.py:63} INFO - Tmp dir root location: /tmp
[2025-12-21T18:52:01.736+0000] {subprocess.py:75} INFO - Running command: ['/usr/bin/bash', '-c', '\n    python /opt/***/scripts/load_data_to_mongo.py     /opt/***/data/demandes_services_publics_togo.json\n    ']
[2025-12-21T18:52:01.746+0000] {subprocess.py:86} INFO - Output:
[2025-12-21T18:52:02.940+0000] {subprocess.py:93} INFO - 
[2025-12-21T18:52:02.940+0000] {subprocess.py:93} INFO - Fichier source: /opt/***/data/demandes_services_publics_togo.json
[2025-12-21T18:52:02.940+0000] {subprocess.py:93} INFO - ================================================================================
[2025-12-21T18:52:02.940+0000] {subprocess.py:93} INFO - CHARGEMENT DES DONNÉES DANS MONGODB
[2025-12-21T18:52:02.941+0000] {subprocess.py:93} INFO - ================================================================================
[2025-12-21T18:52:02.941+0000] {subprocess.py:93} INFO - 
[2025-12-21T18:52:02.941+0000] {subprocess.py:93} INFO - [1/3] Connexion à MongoDB...
[2025-12-21T18:52:02.941+0000] {subprocess.py:93} INFO - ✓ Connexion établie
[2025-12-21T18:52:02.941+0000] {subprocess.py:93} INFO - 
[2025-12-21T18:52:02.941+0000] {subprocess.py:93} INFO - [2/3] Lecture du fichier: /opt/***/data/demandes_services_publics_togo.json
[2025-12-21T18:52:02.941+0000] {subprocess.py:93} INFO - ✓ 10000 documents lus
[2025-12-21T18:52:02.941+0000] {subprocess.py:93} INFO - 
[2025-12-21T18:52:02.942+0000] {subprocess.py:93} INFO - [3/3] Upsert des documents dans MongoDB...
[2025-12-21T18:52:02.942+0000] {subprocess.py:93} INFO - ✓ Chargement terminé
[2025-12-21T18:52:02.942+0000] {subprocess.py:93} INFO -   - Insertés   : 0
[2025-12-21T18:52:02.942+0000] {subprocess.py:93} INFO -   - Modifiés   : 190
[2025-12-21T18:52:02.942+0000] {subprocess.py:93} INFO -   - Matchés    : 10000
[2025-12-21T18:52:02.942+0000] {subprocess.py:93} INFO - 
[2025-12-21T18:52:02.943+0000] {subprocess.py:93} INFO - ✓ Total documents en base: 8829
[2025-12-21T18:52:03.379+0000] {subprocess.py:97} INFO - Command exited with return code 0
[2025-12-21T18:52:03.487+0000] {taskinstance.py:1138} INFO - Marking task as SUCCESS. dag_id=pipeline_services_publics_togo, task_id=load_data_to_mongo, execution_date=20251221T185200, start_date=20251221T185201, end_date=20251221T185203
[2025-12-21T18:52:03.559+0000] {local_task_job_runner.py:234} INFO - Task exited with return code 0
[2025-12-21T18:52:03.672+0000] {taskinstance.py:3281} INFO - 1 downstream tasks scheduled from follow-on schedule check
