[2025-12-22T06:26:12.486+0000] {taskinstance.py:1957} INFO - Dependencies all met for dep_context=non-requeueable deps ti=<TaskInstance: pipeline_services_publics_togo.processing_spark manual__2025-12-22T06:25:31.009188+00:00 [queued]>
[2025-12-22T06:26:12.500+0000] {taskinstance.py:1957} INFO - Dependencies all met for dep_context=requeueable deps ti=<TaskInstance: pipeline_services_publics_togo.processing_spark manual__2025-12-22T06:25:31.009188+00:00 [queued]>
[2025-12-22T06:26:12.500+0000] {taskinstance.py:2171} INFO - Starting attempt 1 of 3
[2025-12-22T06:26:12.520+0000] {taskinstance.py:2192} INFO - Executing <Task(BashOperator): processing_spark> on 2025-12-22 06:25:31.009188+00:00
[2025-12-22T06:26:12.528+0000] {standard_task_runner.py:60} INFO - Started process 435 to run task
[2025-12-22T06:26:12.533+0000] {standard_task_runner.py:87} INFO - Running: ['***', 'tasks', 'run', 'pipeline_services_publics_togo', 'processing_spark', 'manual__2025-12-22T06:25:31.009188+00:00', '--job-id', '19', '--raw', '--subdir', 'DAGS_FOLDER/pipeline_services_publics.py', '--cfg-path', '/tmp/tmpui7snoko']
[2025-12-22T06:26:12.538+0000] {standard_task_runner.py:88} INFO - Job 19: Subtask processing_spark
[2025-12-22T06:26:12.639+0000] {task_command.py:423} INFO - Running <TaskInstance: pipeline_services_publics_togo.processing_spark manual__2025-12-22T06:25:31.009188+00:00 [running]> on host 6717a07eada2
[2025-12-22T06:26:12.839+0000] {taskinstance.py:2481} INFO - Exporting env vars: AIRFLOW_CTX_DAG_OWNER='data-engineer' AIRFLOW_CTX_DAG_ID='pipeline_services_publics_togo' AIRFLOW_CTX_TASK_ID='processing_spark' AIRFLOW_CTX_EXECUTION_DATE='2025-12-22T06:25:31.009188+00:00' AIRFLOW_CTX_TRY_NUMBER='1' AIRFLOW_CTX_DAG_RUN_ID='manual__2025-12-22T06:25:31.009188+00:00'
[2025-12-22T06:26:12.841+0000] {subprocess.py:63} INFO - Tmp dir root location: /tmp
[2025-12-22T06:26:12.843+0000] {subprocess.py:75} INFO - Running command: ['/usr/bin/bash', '-c', '\n    /opt/spark/bin/spark-submit       --master local[*]       --jars /opt/spark-jars/postgresql-42.6.0.jar       --executor-memory 2G       --driver-memory 1G       /opt/***/spark_jobs/processing.py\n    ']
[2025-12-22T06:26:12.867+0000] {subprocess.py:86} INFO - Output:
[2025-12-22T06:26:15.565+0000] {subprocess.py:93} INFO - 25/12/22 06:26:15 WARN NativeCodeLoader: Unable to load native-hadoop library for your platform... using builtin-java classes where applicable
[2025-12-22T06:26:16.687+0000] {subprocess.py:93} INFO - 25/12/22 06:26:16 INFO SparkContext: Running Spark version 3.5.1
[2025-12-22T06:26:16.688+0000] {subprocess.py:93} INFO - 25/12/22 06:26:16 INFO SparkContext: OS info Linux, 6.8.0-90-generic, amd64
[2025-12-22T06:26:16.691+0000] {subprocess.py:93} INFO - 25/12/22 06:26:16 INFO SparkContext: Java version 17.0.17
[2025-12-22T06:26:16.717+0000] {subprocess.py:93} INFO - 25/12/22 06:26:16 INFO ResourceUtils: ==============================================================
[2025-12-22T06:26:16.717+0000] {subprocess.py:93} INFO - 25/12/22 06:26:16 INFO ResourceUtils: No custom resources configured for spark.driver.
[2025-12-22T06:26:16.718+0000] {subprocess.py:93} INFO - 25/12/22 06:26:16 INFO ResourceUtils: ==============================================================
[2025-12-22T06:26:16.718+0000] {subprocess.py:93} INFO - 25/12/22 06:26:16 INFO SparkContext: Submitted application: Processing_Demandes
[2025-12-22T06:26:16.741+0000] {subprocess.py:93} INFO - 25/12/22 06:26:16 INFO ResourceProfile: Default ResourceProfile created, executor resources: Map(cores -> name: cores, amount: 1, script: , vendor: , memory -> name: memory, amount: 1024, script: , vendor: , offHeap -> name: offHeap, amount: 0, script: , vendor: ), task resources: Map(cpus -> name: cpus, amount: 1.0)
[2025-12-22T06:26:16.749+0000] {subprocess.py:93} INFO - 25/12/22 06:26:16 INFO ResourceProfile: Limiting resource is cpu
[2025-12-22T06:26:16.750+0000] {subprocess.py:93} INFO - 25/12/22 06:26:16 INFO ResourceProfileManager: Added ResourceProfile id: 0
[2025-12-22T06:26:16.807+0000] {subprocess.py:93} INFO - 25/12/22 06:26:16 INFO SecurityManager: Changing view acls to: ***
[2025-12-22T06:26:16.808+0000] {subprocess.py:93} INFO - 25/12/22 06:26:16 INFO SecurityManager: Changing modify acls to: ***
[2025-12-22T06:26:16.808+0000] {subprocess.py:93} INFO - 25/12/22 06:26:16 INFO SecurityManager: Changing view acls groups to:
[2025-12-22T06:26:16.810+0000] {subprocess.py:93} INFO - 25/12/22 06:26:16 INFO SecurityManager: Changing modify acls groups to:
[2025-12-22T06:26:16.811+0000] {subprocess.py:93} INFO - 25/12/22 06:26:16 INFO SecurityManager: SecurityManager: authentication disabled; ui acls disabled; users with view permissions: ***; groups with view permissions: EMPTY; users with modify permissions: ***; groups with modify permissions: EMPTY
[2025-12-22T06:26:17.059+0000] {subprocess.py:93} INFO - 25/12/22 06:26:17 INFO Utils: Successfully started service 'sparkDriver' on port 39907.
[2025-12-22T06:26:17.104+0000] {subprocess.py:93} INFO - 25/12/22 06:26:17 INFO SparkEnv: Registering MapOutputTracker
[2025-12-22T06:26:17.190+0000] {subprocess.py:93} INFO - 25/12/22 06:26:17 INFO SparkEnv: Registering BlockManagerMaster
[2025-12-22T06:26:17.250+0000] {subprocess.py:93} INFO - 25/12/22 06:26:17 INFO BlockManagerMasterEndpoint: Using org.apache.spark.storage.DefaultTopologyMapper for getting topology information
[2025-12-22T06:26:17.250+0000] {subprocess.py:93} INFO - 25/12/22 06:26:17 INFO BlockManagerMasterEndpoint: BlockManagerMasterEndpoint up
[2025-12-22T06:26:17.260+0000] {subprocess.py:93} INFO - 25/12/22 06:26:17 INFO SparkEnv: Registering BlockManagerMasterHeartbeat
[2025-12-22T06:26:17.331+0000] {subprocess.py:93} INFO - 25/12/22 06:26:17 INFO DiskBlockManager: Created local directory at /tmp/blockmgr-4daf04b4-d3cd-49e5-8092-edbe649cc869
[2025-12-22T06:26:17.371+0000] {subprocess.py:93} INFO - 25/12/22 06:26:17 INFO MemoryStore: MemoryStore started with capacity 434.4 MiB
[2025-12-22T06:26:17.400+0000] {subprocess.py:93} INFO - 25/12/22 06:26:17 INFO SparkEnv: Registering OutputCommitCoordinator
[2025-12-22T06:26:17.553+0000] {subprocess.py:93} INFO - 25/12/22 06:26:17 INFO JettyUtils: Start Jetty 0.0.0.0:4040 for SparkUI
[2025-12-22T06:26:17.641+0000] {subprocess.py:93} INFO - 25/12/22 06:26:17 INFO Utils: Successfully started service 'SparkUI' on port 4040.
[2025-12-22T06:26:17.676+0000] {subprocess.py:93} INFO - 25/12/22 06:26:17 INFO SparkContext: Added JAR file:///opt/spark-jars/postgresql-42.6.0.jar at spark://6717a07eada2:39907/jars/postgresql-42.6.0.jar with timestamp 1766384776680
[2025-12-22T06:26:17.730+0000] {subprocess.py:93} INFO - 25/12/22 06:26:17 INFO Executor: Starting executor ID driver on host 6717a07eada2
[2025-12-22T06:26:17.730+0000] {subprocess.py:93} INFO - 25/12/22 06:26:17 INFO Executor: OS info Linux, 6.8.0-90-generic, amd64
[2025-12-22T06:26:17.731+0000] {subprocess.py:93} INFO - 25/12/22 06:26:17 INFO Executor: Java version 17.0.17
[2025-12-22T06:26:17.737+0000] {subprocess.py:93} INFO - 25/12/22 06:26:17 INFO Executor: Starting executor with user classpath (userClassPathFirst = false): ''
[2025-12-22T06:26:17.738+0000] {subprocess.py:93} INFO - 25/12/22 06:26:17 INFO Executor: Created or updated repl class loader org.apache.spark.util.MutableURLClassLoader@752591d4 for default.
[2025-12-22T06:26:17.750+0000] {subprocess.py:93} INFO - 25/12/22 06:26:17 INFO Executor: Fetching spark://6717a07eada2:39907/jars/postgresql-42.6.0.jar with timestamp 1766384776680
[2025-12-22T06:26:17.879+0000] {subprocess.py:93} INFO - 25/12/22 06:26:17 INFO TransportClientFactory: Successfully created connection to 6717a07eada2/172.18.0.4:39907 after 82 ms (0 ms spent in bootstraps)
[2025-12-22T06:26:17.920+0000] {subprocess.py:93} INFO - 25/12/22 06:26:17 INFO Utils: Fetching spark://6717a07eada2:39907/jars/postgresql-42.6.0.jar to /tmp/spark-d8bbe5d3-d2a3-4021-9f22-c8cbb1bd3ac7/userFiles-abca5d2b-f94f-4694-861a-72f3d0659afd/fetchFileTemp1593713193653467408.tmp
[2025-12-22T06:26:18.035+0000] {subprocess.py:93} INFO - 25/12/22 06:26:18 INFO Executor: Adding file:/tmp/spark-d8bbe5d3-d2a3-4021-9f22-c8cbb1bd3ac7/userFiles-abca5d2b-f94f-4694-861a-72f3d0659afd/postgresql-42.6.0.jar to class loader default
[2025-12-22T06:26:18.052+0000] {subprocess.py:93} INFO - 25/12/22 06:26:18 INFO Utils: Successfully started service 'org.apache.spark.network.netty.NettyBlockTransferService' on port 36591.
[2025-12-22T06:26:18.053+0000] {subprocess.py:93} INFO - 25/12/22 06:26:18 INFO NettyBlockTransferService: Server created on 6717a07eada2:36591
[2025-12-22T06:26:18.056+0000] {subprocess.py:93} INFO - 25/12/22 06:26:18 INFO BlockManager: Using org.apache.spark.storage.RandomBlockReplicationPolicy for block replication policy
[2025-12-22T06:26:18.067+0000] {subprocess.py:93} INFO - 25/12/22 06:26:18 INFO BlockManagerMaster: Registering BlockManager BlockManagerId(driver, 6717a07eada2, 36591, None)
[2025-12-22T06:26:18.070+0000] {subprocess.py:93} INFO - 25/12/22 06:26:18 INFO BlockManagerMasterEndpoint: Registering block manager 6717a07eada2:36591 with 434.4 MiB RAM, BlockManagerId(driver, 6717a07eada2, 36591, None)
[2025-12-22T06:26:18.074+0000] {subprocess.py:93} INFO - 25/12/22 06:26:18 INFO BlockManagerMaster: Registered BlockManager BlockManagerId(driver, 6717a07eada2, 36591, None)
[2025-12-22T06:26:18.075+0000] {subprocess.py:93} INFO - 25/12/22 06:26:18 INFO BlockManager: Initialized BlockManager: BlockManagerId(driver, 6717a07eada2, 36591, None)
[2025-12-22T06:26:18.648+0000] {subprocess.py:93} INFO - 25/12/22 06:26:18 INFO SharedState: Setting hive.metastore.warehouse.dir ('null') to the value of spark.sql.warehouse.dir.
[2025-12-22T06:26:18.656+0000] {subprocess.py:93} INFO - 25/12/22 06:26:18 INFO SharedState: Warehouse path is 'file:/tmp/***tmpx4j5iztu/spark-warehouse'.
[2025-12-22T06:26:19.950+0000] {subprocess.py:93} INFO - 25/12/22 06:26:19 INFO InMemoryFileIndex: It took 42 ms to list leaf files for 1 paths.
[2025-12-22T06:26:20.365+0000] {subprocess.py:93} INFO - 25/12/22 06:26:20 INFO SparkContext: Starting job: parquet at NativeMethodAccessorImpl.java:0
[2025-12-22T06:26:20.381+0000] {subprocess.py:93} INFO - 25/12/22 06:26:20 INFO DAGScheduler: Got job 0 (parquet at NativeMethodAccessorImpl.java:0) with 1 output partitions
[2025-12-22T06:26:20.382+0000] {subprocess.py:93} INFO - 25/12/22 06:26:20 INFO DAGScheduler: Final stage: ResultStage 0 (parquet at NativeMethodAccessorImpl.java:0)
[2025-12-22T06:26:20.384+0000] {subprocess.py:93} INFO - 25/12/22 06:26:20 INFO DAGScheduler: Parents of final stage: List()
[2025-12-22T06:26:20.385+0000] {subprocess.py:93} INFO - 25/12/22 06:26:20 INFO DAGScheduler: Missing parents: List()
[2025-12-22T06:26:20.389+0000] {subprocess.py:93} INFO - 25/12/22 06:26:20 INFO DAGScheduler: Submitting ResultStage 0 (MapPartitionsRDD[1] at parquet at NativeMethodAccessorImpl.java:0), which has no missing parents
[2025-12-22T06:26:20.485+0000] {subprocess.py:93} INFO - 25/12/22 06:26:20 INFO MemoryStore: Block broadcast_0 stored as values in memory (estimated size 103.6 KiB, free 434.3 MiB)
[2025-12-22T06:26:20.512+0000] {subprocess.py:93} INFO - 25/12/22 06:26:20 INFO MemoryStore: Block broadcast_0_piece0 stored as bytes in memory (estimated size 37.4 KiB, free 434.3 MiB)
[2025-12-22T06:26:20.515+0000] {subprocess.py:93} INFO - 25/12/22 06:26:20 INFO BlockManagerInfo: Added broadcast_0_piece0 in memory on 6717a07eada2:36591 (size: 37.4 KiB, free: 434.4 MiB)
[2025-12-22T06:26:20.520+0000] {subprocess.py:93} INFO - 25/12/22 06:26:20 INFO SparkContext: Created broadcast 0 from broadcast at DAGScheduler.scala:1585
[2025-12-22T06:26:20.534+0000] {subprocess.py:93} INFO - 25/12/22 06:26:20 INFO DAGScheduler: Submitting 1 missing tasks from ResultStage 0 (MapPartitionsRDD[1] at parquet at NativeMethodAccessorImpl.java:0) (first 15 tasks are for partitions Vector(0))
[2025-12-22T06:26:20.535+0000] {subprocess.py:93} INFO - 25/12/22 06:26:20 INFO TaskSchedulerImpl: Adding task set 0.0 with 1 tasks resource profile 0
[2025-12-22T06:26:20.584+0000] {subprocess.py:93} INFO - 25/12/22 06:26:20 INFO TaskSetManager: Starting task 0.0 in stage 0.0 (TID 0) (6717a07eada2, executor driver, partition 0, PROCESS_LOCAL, 7948 bytes)
[2025-12-22T06:26:20.600+0000] {subprocess.py:93} INFO - 25/12/22 06:26:20 INFO Executor: Running task 0.0 in stage 0.0 (TID 0)
[2025-12-22T06:26:20.912+0000] {subprocess.py:93} INFO - 25/12/22 06:26:20 INFO Executor: Finished task 0.0 in stage 0.0 (TID 0). 2161 bytes result sent to driver
[2025-12-22T06:26:20.921+0000] {subprocess.py:93} INFO - 25/12/22 06:26:20 INFO TaskSetManager: Finished task 0.0 in stage 0.0 (TID 0) in 359 ms on 6717a07eada2 (executor driver) (1/1)
[2025-12-22T06:26:20.923+0000] {subprocess.py:93} INFO - 25/12/22 06:26:20 INFO TaskSchedulerImpl: Removed TaskSet 0.0, whose tasks have all completed, from pool
[2025-12-22T06:26:20.929+0000] {subprocess.py:93} INFO - 25/12/22 06:26:20 INFO DAGScheduler: ResultStage 0 (parquet at NativeMethodAccessorImpl.java:0) finished in 0.518 s
[2025-12-22T06:26:20.929+0000] {subprocess.py:93} INFO - 25/12/22 06:26:20 INFO DAGScheduler: Job 0 is finished. Cancelling potential speculative or zombie tasks for this job
[2025-12-22T06:26:20.931+0000] {subprocess.py:93} INFO - 25/12/22 06:26:20 INFO TaskSchedulerImpl: Killing all running tasks in stage 0: Stage finished
[2025-12-22T06:26:20.933+0000] {subprocess.py:93} INFO - 25/12/22 06:26:20 INFO DAGScheduler: Job 0 finished: parquet at NativeMethodAccessorImpl.java:0, took 0.567503 s
[2025-12-22T06:26:21.489+0000] {subprocess.py:93} INFO - 25/12/22 06:26:21 INFO BlockManagerInfo: Removed broadcast_0_piece0 on 6717a07eada2:36591 in memory (size: 37.4 KiB, free: 434.4 MiB)
[2025-12-22T06:26:22.465+0000] {subprocess.py:93} INFO - 25/12/22 06:26:22 INFO FileSourceStrategy: Pushed Filters:
[2025-12-22T06:26:22.468+0000] {subprocess.py:93} INFO - 25/12/22 06:26:22 INFO FileSourceStrategy: Post-Scan Filters:
[2025-12-22T06:26:23.022+0000] {subprocess.py:93} INFO - 25/12/22 06:26:23 INFO CodeGenerator: Code generated in 186.71279 ms
[2025-12-22T06:26:23.054+0000] {subprocess.py:93} INFO - 25/12/22 06:26:23 INFO MemoryStore: Block broadcast_1 stored as values in memory (estimated size 201.4 KiB, free 434.2 MiB)
[2025-12-22T06:26:23.078+0000] {subprocess.py:93} INFO - 25/12/22 06:26:23 INFO MemoryStore: Block broadcast_1_piece0 stored as bytes in memory (estimated size 34.9 KiB, free 434.2 MiB)
[2025-12-22T06:26:23.079+0000] {subprocess.py:93} INFO - 25/12/22 06:26:23 INFO BlockManagerInfo: Added broadcast_1_piece0 in memory on 6717a07eada2:36591 (size: 34.9 KiB, free: 434.4 MiB)
[2025-12-22T06:26:23.081+0000] {subprocess.py:93} INFO - 25/12/22 06:26:23 INFO SparkContext: Created broadcast 1 from count at NativeMethodAccessorImpl.java:0
[2025-12-22T06:26:23.095+0000] {subprocess.py:93} INFO - 25/12/22 06:26:23 INFO FileSourceScanExec: Planning scan with bin packing, max size: 4194304 bytes, open cost is considered as scanning 4194304 bytes.
[2025-12-22T06:26:23.178+0000] {subprocess.py:93} INFO - 25/12/22 06:26:23 INFO DAGScheduler: Registering RDD 5 (count at NativeMethodAccessorImpl.java:0) as input to shuffle 0
[2025-12-22T06:26:23.185+0000] {subprocess.py:93} INFO - 25/12/22 06:26:23 INFO DAGScheduler: Got map stage job 1 (count at NativeMethodAccessorImpl.java:0) with 1 output partitions
[2025-12-22T06:26:23.185+0000] {subprocess.py:93} INFO - 25/12/22 06:26:23 INFO DAGScheduler: Final stage: ShuffleMapStage 1 (count at NativeMethodAccessorImpl.java:0)
[2025-12-22T06:26:23.185+0000] {subprocess.py:93} INFO - 25/12/22 06:26:23 INFO DAGScheduler: Parents of final stage: List()
[2025-12-22T06:26:23.185+0000] {subprocess.py:93} INFO - 25/12/22 06:26:23 INFO DAGScheduler: Missing parents: List()
[2025-12-22T06:26:23.187+0000] {subprocess.py:93} INFO - 25/12/22 06:26:23 INFO DAGScheduler: Submitting ShuffleMapStage 1 (MapPartitionsRDD[5] at count at NativeMethodAccessorImpl.java:0), which has no missing parents
[2025-12-22T06:26:23.239+0000] {subprocess.py:93} INFO - 25/12/22 06:26:23 INFO MemoryStore: Block broadcast_2 stored as values in memory (estimated size 16.8 KiB, free 434.2 MiB)
[2025-12-22T06:26:23.245+0000] {subprocess.py:93} INFO - 25/12/22 06:26:23 INFO MemoryStore: Block broadcast_2_piece0 stored as bytes in memory (estimated size 7.7 KiB, free 434.1 MiB)
[2025-12-22T06:26:23.246+0000] {subprocess.py:93} INFO - 25/12/22 06:26:23 INFO BlockManagerInfo: Added broadcast_2_piece0 in memory on 6717a07eada2:36591 (size: 7.7 KiB, free: 434.4 MiB)
[2025-12-22T06:26:23.246+0000] {subprocess.py:93} INFO - 25/12/22 06:26:23 INFO SparkContext: Created broadcast 2 from broadcast at DAGScheduler.scala:1585
[2025-12-22T06:26:23.248+0000] {subprocess.py:93} INFO - 25/12/22 06:26:23 INFO DAGScheduler: Submitting 1 missing tasks from ShuffleMapStage 1 (MapPartitionsRDD[5] at count at NativeMethodAccessorImpl.java:0) (first 15 tasks are for partitions Vector(0))
[2025-12-22T06:26:23.248+0000] {subprocess.py:93} INFO - 25/12/22 06:26:23 INFO TaskSchedulerImpl: Adding task set 1.0 with 1 tasks resource profile 0
[2025-12-22T06:26:23.253+0000] {subprocess.py:93} INFO - 25/12/22 06:26:23 INFO TaskSetManager: Starting task 0.0 in stage 1.0 (TID 1) (6717a07eada2, executor driver, partition 0, PROCESS_LOCAL, 8444 bytes)
[2025-12-22T06:26:23.253+0000] {subprocess.py:93} INFO - 25/12/22 06:26:23 INFO Executor: Running task 0.0 in stage 1.0 (TID 1)
[2025-12-22T06:26:23.312+0000] {subprocess.py:93} INFO - 25/12/22 06:26:23 INFO CodeGenerator: Code generated in 16.339321 ms
[2025-12-22T06:26:23.322+0000] {subprocess.py:93} INFO - 25/12/22 06:26:23 INFO FileScanRDD: Reading File path: file:///opt/data/raw/demandes/part-00000-b9f7c25e-15c0-4404-9c63-9f6b20237070-c000.snappy.parquet, range: 0-249144, partition values: [empty row]
[2025-12-22T06:26:23.419+0000] {subprocess.py:93} INFO - 25/12/22 06:26:23 INFO Executor: Finished task 0.0 in stage 1.0 (TID 1). 2222 bytes result sent to driver
[2025-12-22T06:26:23.421+0000] {subprocess.py:93} INFO - 25/12/22 06:26:23 INFO TaskSetManager: Finished task 0.0 in stage 1.0 (TID 1) in 172 ms on 6717a07eada2 (executor driver) (1/1)
[2025-12-22T06:26:23.422+0000] {subprocess.py:93} INFO - 25/12/22 06:26:23 INFO TaskSchedulerImpl: Removed TaskSet 1.0, whose tasks have all completed, from pool
[2025-12-22T06:26:23.424+0000] {subprocess.py:93} INFO - 25/12/22 06:26:23 INFO DAGScheduler: ShuffleMapStage 1 (count at NativeMethodAccessorImpl.java:0) finished in 0.231 s
[2025-12-22T06:26:23.425+0000] {subprocess.py:93} INFO - 25/12/22 06:26:23 INFO DAGScheduler: looking for newly runnable stages
[2025-12-22T06:26:23.426+0000] {subprocess.py:93} INFO - 25/12/22 06:26:23 INFO DAGScheduler: running: Set()
[2025-12-22T06:26:23.426+0000] {subprocess.py:93} INFO - 25/12/22 06:26:23 INFO DAGScheduler: waiting: Set()
[2025-12-22T06:26:23.426+0000] {subprocess.py:93} INFO - 25/12/22 06:26:23 INFO DAGScheduler: failed: Set()
[2025-12-22T06:26:23.465+0000] {subprocess.py:93} INFO - 25/12/22 06:26:23 INFO CodeGenerator: Code generated in 10.469007 ms
[2025-12-22T06:26:23.491+0000] {subprocess.py:93} INFO - 25/12/22 06:26:23 INFO SparkContext: Starting job: count at NativeMethodAccessorImpl.java:0
[2025-12-22T06:26:23.493+0000] {subprocess.py:93} INFO - 25/12/22 06:26:23 INFO DAGScheduler: Got job 2 (count at NativeMethodAccessorImpl.java:0) with 1 output partitions
[2025-12-22T06:26:23.493+0000] {subprocess.py:93} INFO - 25/12/22 06:26:23 INFO DAGScheduler: Final stage: ResultStage 3 (count at NativeMethodAccessorImpl.java:0)
[2025-12-22T06:26:23.494+0000] {subprocess.py:93} INFO - 25/12/22 06:26:23 INFO DAGScheduler: Parents of final stage: List(ShuffleMapStage 2)
[2025-12-22T06:26:23.494+0000] {subprocess.py:93} INFO - 25/12/22 06:26:23 INFO DAGScheduler: Missing parents: List()
[2025-12-22T06:26:23.496+0000] {subprocess.py:93} INFO - 25/12/22 06:26:23 INFO DAGScheduler: Submitting ResultStage 3 (MapPartitionsRDD[8] at count at NativeMethodAccessorImpl.java:0), which has no missing parents
[2025-12-22T06:26:23.506+0000] {subprocess.py:93} INFO - 25/12/22 06:26:23 INFO MemoryStore: Block broadcast_3 stored as values in memory (estimated size 12.5 KiB, free 434.1 MiB)
[2025-12-22T06:26:23.514+0000] {subprocess.py:93} INFO - 25/12/22 06:26:23 INFO MemoryStore: Block broadcast_3_piece0 stored as bytes in memory (estimated size 5.9 KiB, free 434.1 MiB)
[2025-12-22T06:26:23.514+0000] {subprocess.py:93} INFO - 25/12/22 06:26:23 INFO BlockManagerInfo: Added broadcast_3_piece0 in memory on 6717a07eada2:36591 (size: 5.9 KiB, free: 434.4 MiB)
[2025-12-22T06:26:23.515+0000] {subprocess.py:93} INFO - 25/12/22 06:26:23 INFO SparkContext: Created broadcast 3 from broadcast at DAGScheduler.scala:1585
[2025-12-22T06:26:23.518+0000] {subprocess.py:93} INFO - 25/12/22 06:26:23 INFO DAGScheduler: Submitting 1 missing tasks from ResultStage 3 (MapPartitionsRDD[8] at count at NativeMethodAccessorImpl.java:0) (first 15 tasks are for partitions Vector(0))
[2025-12-22T06:26:23.518+0000] {subprocess.py:93} INFO - 25/12/22 06:26:23 INFO TaskSchedulerImpl: Adding task set 3.0 with 1 tasks resource profile 0
[2025-12-22T06:26:23.518+0000] {subprocess.py:93} INFO - 25/12/22 06:26:23 INFO BlockManagerInfo: Removed broadcast_2_piece0 on 6717a07eada2:36591 in memory (size: 7.7 KiB, free: 434.4 MiB)
[2025-12-22T06:26:23.520+0000] {subprocess.py:93} INFO - 25/12/22 06:26:23 INFO TaskSetManager: Starting task 0.0 in stage 3.0 (TID 2) (6717a07eada2, executor driver, partition 0, NODE_LOCAL, 7795 bytes)
[2025-12-22T06:26:23.521+0000] {subprocess.py:93} INFO - 25/12/22 06:26:23 INFO Executor: Running task 0.0 in stage 3.0 (TID 2)
[2025-12-22T06:26:23.551+0000] {subprocess.py:93} INFO - 25/12/22 06:26:23 INFO ShuffleBlockFetcherIterator: Getting 1 (60.0 B) non-empty blocks including 1 (60.0 B) local and 0 (0.0 B) host-local and 0 (0.0 B) push-merged-local and 0 (0.0 B) remote blocks
[2025-12-22T06:26:23.553+0000] {subprocess.py:93} INFO - 25/12/22 06:26:23 INFO ShuffleBlockFetcherIterator: Started 0 remote fetches in 9 ms
[2025-12-22T06:26:23.567+0000] {subprocess.py:93} INFO - 25/12/22 06:26:23 INFO CodeGenerator: Code generated in 9.557834 ms
[2025-12-22T06:26:23.582+0000] {subprocess.py:93} INFO - 25/12/22 06:26:23 INFO Executor: Finished task 0.0 in stage 3.0 (TID 2). 4081 bytes result sent to driver
[2025-12-22T06:26:23.585+0000] {subprocess.py:93} INFO - 25/12/22 06:26:23 INFO TaskSetManager: Finished task 0.0 in stage 3.0 (TID 2) in 66 ms on 6717a07eada2 (executor driver) (1/1)
[2025-12-22T06:26:23.587+0000] {subprocess.py:93} INFO - 25/12/22 06:26:23 INFO DAGScheduler: ResultStage 3 (count at NativeMethodAccessorImpl.java:0) finished in 0.083 s
[2025-12-22T06:26:23.587+0000] {subprocess.py:93} INFO - 25/12/22 06:26:23 INFO TaskSchedulerImpl: Removed TaskSet 3.0, whose tasks have all completed, from pool
[2025-12-22T06:26:23.588+0000] {subprocess.py:93} INFO - 25/12/22 06:26:23 INFO DAGScheduler: Job 2 is finished. Cancelling potential speculative or zombie tasks for this job
[2025-12-22T06:26:23.588+0000] {subprocess.py:93} INFO - 25/12/22 06:26:23 INFO TaskSchedulerImpl: Killing all running tasks in stage 3: Stage finished
[2025-12-22T06:26:23.589+0000] {subprocess.py:93} INFO - 25/12/22 06:26:23 INFO DAGScheduler: Job 2 finished: count at NativeMethodAccessorImpl.java:0, took 0.097301 s
[2025-12-22T06:26:23.598+0000] {subprocess.py:93} INFO - 📦 Données RAW chargées : 8829 lignes
[2025-12-22T06:26:23.598+0000] {subprocess.py:93} INFO - 
[2025-12-22T06:26:23.599+0000] {subprocess.py:93} INFO - 📋 Schéma des données RAW :
[2025-12-22T06:26:23.599+0000] {subprocess.py:93} INFO - root
[2025-12-22T06:26:23.600+0000] {subprocess.py:93} INFO -  |-- id: string (nullable = true)
[2025-12-22T06:26:23.600+0000] {subprocess.py:93} INFO -  |-- type: string (nullable = true)
[2025-12-22T06:26:23.601+0000] {subprocess.py:93} INFO -  |-- commune: string (nullable = true)
[2025-12-22T06:26:23.601+0000] {subprocess.py:93} INFO -  |-- quartier: string (nullable = true)
[2025-12-22T06:26:23.602+0000] {subprocess.py:93} INFO -  |-- date: string (nullable = true)
[2025-12-22T06:26:23.602+0000] {subprocess.py:93} INFO -  |-- latitude: double (nullable = true)
[2025-12-22T06:26:23.603+0000] {subprocess.py:93} INFO -  |-- longitude: double (nullable = true)
[2025-12-22T06:26:23.603+0000] {subprocess.py:93} INFO -  |-- statut: string (nullable = true)
[2025-12-22T06:26:23.603+0000] {subprocess.py:93} INFO -  |-- source_donnees: string (nullable = true)
[2025-12-22T06:26:23.604+0000] {subprocess.py:93} INFO -  |-- date_ingestion: timestamp (nullable = true)
[2025-12-22T06:26:23.605+0000] {subprocess.py:93} INFO - 
[2025-12-22T06:26:23.795+0000] {subprocess.py:93} INFO - 25/12/22 06:26:23 INFO FileSourceStrategy: Pushed Filters: IsNotNull(date),IsNotNull(type)
[2025-12-22T06:26:23.795+0000] {subprocess.py:93} INFO - 25/12/22 06:26:23 INFO FileSourceStrategy: Post-Scan Filters: isnotnull(date#4),isnotnull(cast(date#4 as timestamp)),isnotnull(type#1)
[2025-12-22T06:26:23.861+0000] {subprocess.py:93} INFO - 25/12/22 06:26:23 INFO CodeGenerator: Code generated in 24.920027 ms
[2025-12-22T06:26:23.866+0000] {subprocess.py:93} INFO - 25/12/22 06:26:23 INFO MemoryStore: Block broadcast_4 stored as values in memory (estimated size 201.7 KiB, free 434.0 MiB)
[2025-12-22T06:26:23.884+0000] {subprocess.py:93} INFO - 25/12/22 06:26:23 INFO BlockManagerInfo: Removed broadcast_3_piece0 on 6717a07eada2:36591 in memory (size: 5.9 KiB, free: 434.4 MiB)
[2025-12-22T06:26:23.885+0000] {subprocess.py:93} INFO - 25/12/22 06:26:23 INFO MemoryStore: Block broadcast_4_piece0 stored as bytes in memory (estimated size 35.1 KiB, free 433.9 MiB)
[2025-12-22T06:26:23.887+0000] {subprocess.py:93} INFO - 25/12/22 06:26:23 INFO BlockManagerInfo: Added broadcast_4_piece0 in memory on 6717a07eada2:36591 (size: 35.1 KiB, free: 434.3 MiB)
[2025-12-22T06:26:23.888+0000] {subprocess.py:93} INFO - 25/12/22 06:26:23 INFO SparkContext: Created broadcast 4 from count at NativeMethodAccessorImpl.java:0
[2025-12-22T06:26:23.889+0000] {subprocess.py:93} INFO - 25/12/22 06:26:23 INFO FileSourceScanExec: Planning scan with bin packing, max size: 4194304 bytes, open cost is considered as scanning 4194304 bytes.
[2025-12-22T06:26:23.900+0000] {subprocess.py:93} INFO - 25/12/22 06:26:23 INFO DAGScheduler: Registering RDD 12 (count at NativeMethodAccessorImpl.java:0) as input to shuffle 1
[2025-12-22T06:26:23.900+0000] {subprocess.py:93} INFO - 25/12/22 06:26:23 INFO DAGScheduler: Got map stage job 3 (count at NativeMethodAccessorImpl.java:0) with 1 output partitions
[2025-12-22T06:26:23.900+0000] {subprocess.py:93} INFO - 25/12/22 06:26:23 INFO DAGScheduler: Final stage: ShuffleMapStage 4 (count at NativeMethodAccessorImpl.java:0)
[2025-12-22T06:26:23.900+0000] {subprocess.py:93} INFO - 25/12/22 06:26:23 INFO DAGScheduler: Parents of final stage: List()
[2025-12-22T06:26:23.900+0000] {subprocess.py:93} INFO - 25/12/22 06:26:23 INFO DAGScheduler: Missing parents: List()
[2025-12-22T06:26:23.901+0000] {subprocess.py:93} INFO - 25/12/22 06:26:23 INFO DAGScheduler: Submitting ShuffleMapStage 4 (MapPartitionsRDD[12] at count at NativeMethodAccessorImpl.java:0), which has no missing parents
[2025-12-22T06:26:23.908+0000] {subprocess.py:93} INFO - 25/12/22 06:26:23 INFO MemoryStore: Block broadcast_5 stored as values in memory (estimated size 19.3 KiB, free 433.9 MiB)
[2025-12-22T06:26:23.911+0000] {subprocess.py:93} INFO - 25/12/22 06:26:23 INFO MemoryStore: Block broadcast_5_piece0 stored as bytes in memory (estimated size 8.5 KiB, free 433.9 MiB)
[2025-12-22T06:26:23.911+0000] {subprocess.py:93} INFO - 25/12/22 06:26:23 INFO BlockManagerInfo: Added broadcast_5_piece0 in memory on 6717a07eada2:36591 (size: 8.5 KiB, free: 434.3 MiB)
[2025-12-22T06:26:23.913+0000] {subprocess.py:93} INFO - 25/12/22 06:26:23 INFO SparkContext: Created broadcast 5 from broadcast at DAGScheduler.scala:1585
[2025-12-22T06:26:23.914+0000] {subprocess.py:93} INFO - 25/12/22 06:26:23 INFO DAGScheduler: Submitting 1 missing tasks from ShuffleMapStage 4 (MapPartitionsRDD[12] at count at NativeMethodAccessorImpl.java:0) (first 15 tasks are for partitions Vector(0))
[2025-12-22T06:26:23.916+0000] {subprocess.py:93} INFO - 25/12/22 06:26:23 INFO TaskSchedulerImpl: Adding task set 4.0 with 1 tasks resource profile 0
[2025-12-22T06:26:23.918+0000] {subprocess.py:93} INFO - 25/12/22 06:26:23 INFO TaskSetManager: Starting task 0.0 in stage 4.0 (TID 3) (6717a07eada2, executor driver, partition 0, PROCESS_LOCAL, 8444 bytes)
[2025-12-22T06:26:23.924+0000] {subprocess.py:93} INFO - 25/12/22 06:26:23 INFO Executor: Running task 0.0 in stage 4.0 (TID 3)
[2025-12-22T06:26:23.961+0000] {subprocess.py:93} INFO - 25/12/22 06:26:23 INFO CodeGenerator: Code generated in 28.171594 ms
[2025-12-22T06:26:23.963+0000] {subprocess.py:93} INFO - 25/12/22 06:26:23 INFO FileScanRDD: Reading File path: file:///opt/data/raw/demandes/part-00000-b9f7c25e-15c0-4404-9c63-9f6b20237070-c000.snappy.parquet, range: 0-249144, partition values: [empty row]
[2025-12-22T06:26:23.985+0000] {subprocess.py:93} INFO - 25/12/22 06:26:23 INFO FilterCompat: Filtering using predicate: and(noteq(date, null), noteq(type, null))
[2025-12-22T06:26:24.057+0000] {subprocess.py:93} INFO - 25/12/22 06:26:24 INFO CodecPool: Got brand-new decompressor [.snappy]
[2025-12-22T06:26:24.249+0000] {subprocess.py:93} INFO - 25/12/22 06:26:24 INFO Executor: Finished task 0.0 in stage 4.0 (TID 3). 2192 bytes result sent to driver
[2025-12-22T06:26:24.250+0000] {subprocess.py:93} INFO - 25/12/22 06:26:24 INFO TaskSetManager: Finished task 0.0 in stage 4.0 (TID 3) in 333 ms on 6717a07eada2 (executor driver) (1/1)
[2025-12-22T06:26:24.250+0000] {subprocess.py:93} INFO - 25/12/22 06:26:24 INFO TaskSchedulerImpl: Removed TaskSet 4.0, whose tasks have all completed, from pool
[2025-12-22T06:26:24.252+0000] {subprocess.py:93} INFO - 25/12/22 06:26:24 INFO DAGScheduler: ShuffleMapStage 4 (count at NativeMethodAccessorImpl.java:0) finished in 0.349 s
[2025-12-22T06:26:24.252+0000] {subprocess.py:93} INFO - 25/12/22 06:26:24 INFO DAGScheduler: looking for newly runnable stages
[2025-12-22T06:26:24.252+0000] {subprocess.py:93} INFO - 25/12/22 06:26:24 INFO DAGScheduler: running: Set()
[2025-12-22T06:26:24.252+0000] {subprocess.py:93} INFO - 25/12/22 06:26:24 INFO DAGScheduler: waiting: Set()
[2025-12-22T06:26:24.253+0000] {subprocess.py:93} INFO - 25/12/22 06:26:24 INFO DAGScheduler: failed: Set()
[2025-12-22T06:26:24.283+0000] {subprocess.py:93} INFO - 25/12/22 06:26:24 INFO SparkContext: Starting job: count at NativeMethodAccessorImpl.java:0
[2025-12-22T06:26:24.287+0000] {subprocess.py:93} INFO - 25/12/22 06:26:24 INFO DAGScheduler: Got job 4 (count at NativeMethodAccessorImpl.java:0) with 1 output partitions
[2025-12-22T06:26:24.288+0000] {subprocess.py:93} INFO - 25/12/22 06:26:24 INFO DAGScheduler: Final stage: ResultStage 6 (count at NativeMethodAccessorImpl.java:0)
[2025-12-22T06:26:24.288+0000] {subprocess.py:93} INFO - 25/12/22 06:26:24 INFO DAGScheduler: Parents of final stage: List(ShuffleMapStage 5)
[2025-12-22T06:26:24.288+0000] {subprocess.py:93} INFO - 25/12/22 06:26:24 INFO DAGScheduler: Missing parents: List()
[2025-12-22T06:26:24.288+0000] {subprocess.py:93} INFO - 25/12/22 06:26:24 INFO DAGScheduler: Submitting ResultStage 6 (MapPartitionsRDD[15] at count at NativeMethodAccessorImpl.java:0), which has no missing parents
[2025-12-22T06:26:24.289+0000] {subprocess.py:93} INFO - 25/12/22 06:26:24 INFO MemoryStore: Block broadcast_6 stored as values in memory (estimated size 12.5 KiB, free 433.9 MiB)
[2025-12-22T06:26:24.291+0000] {subprocess.py:93} INFO - 25/12/22 06:26:24 INFO MemoryStore: Block broadcast_6_piece0 stored as bytes in memory (estimated size 5.9 KiB, free 433.9 MiB)
[2025-12-22T06:26:24.291+0000] {subprocess.py:93} INFO - 25/12/22 06:26:24 INFO BlockManagerInfo: Added broadcast_6_piece0 in memory on 6717a07eada2:36591 (size: 5.9 KiB, free: 434.3 MiB)
[2025-12-22T06:26:24.292+0000] {subprocess.py:93} INFO - 25/12/22 06:26:24 INFO SparkContext: Created broadcast 6 from broadcast at DAGScheduler.scala:1585
[2025-12-22T06:26:24.292+0000] {subprocess.py:93} INFO - 25/12/22 06:26:24 INFO DAGScheduler: Submitting 1 missing tasks from ResultStage 6 (MapPartitionsRDD[15] at count at NativeMethodAccessorImpl.java:0) (first 15 tasks are for partitions Vector(0))
[2025-12-22T06:26:24.292+0000] {subprocess.py:93} INFO - 25/12/22 06:26:24 INFO TaskSchedulerImpl: Adding task set 6.0 with 1 tasks resource profile 0
[2025-12-22T06:26:24.293+0000] {subprocess.py:93} INFO - 25/12/22 06:26:24 INFO TaskSetManager: Starting task 0.0 in stage 6.0 (TID 4) (6717a07eada2, executor driver, partition 0, NODE_LOCAL, 7795 bytes)
[2025-12-22T06:26:24.294+0000] {subprocess.py:93} INFO - 25/12/22 06:26:24 INFO Executor: Running task 0.0 in stage 6.0 (TID 4)
[2025-12-22T06:26:24.300+0000] {subprocess.py:93} INFO - 25/12/22 06:26:24 INFO ShuffleBlockFetcherIterator: Getting 1 (60.0 B) non-empty blocks including 1 (60.0 B) local and 0 (0.0 B) host-local and 0 (0.0 B) push-merged-local and 0 (0.0 B) remote blocks
[2025-12-22T06:26:24.300+0000] {subprocess.py:93} INFO - 25/12/22 06:26:24 INFO ShuffleBlockFetcherIterator: Started 0 remote fetches in 0 ms
[2025-12-22T06:26:24.305+0000] {subprocess.py:93} INFO - 25/12/22 06:26:24 INFO Executor: Finished task 0.0 in stage 6.0 (TID 4). 3995 bytes result sent to driver
[2025-12-22T06:26:24.307+0000] {subprocess.py:93} INFO - 25/12/22 06:26:24 INFO TaskSetManager: Finished task 0.0 in stage 6.0 (TID 4) in 15 ms on 6717a07eada2 (executor driver) (1/1)
[2025-12-22T06:26:24.307+0000] {subprocess.py:93} INFO - 25/12/22 06:26:24 INFO TaskSchedulerImpl: Removed TaskSet 6.0, whose tasks have all completed, from pool
[2025-12-22T06:26:24.310+0000] {subprocess.py:93} INFO - 25/12/22 06:26:24 INFO DAGScheduler: ResultStage 6 (count at NativeMethodAccessorImpl.java:0) finished in 0.022 s
[2025-12-22T06:26:24.310+0000] {subprocess.py:93} INFO - 25/12/22 06:26:24 INFO DAGScheduler: Job 4 is finished. Cancelling potential speculative or zombie tasks for this job
[2025-12-22T06:26:24.310+0000] {subprocess.py:93} INFO - 25/12/22 06:26:24 INFO TaskSchedulerImpl: Killing all running tasks in stage 6: Stage finished
[2025-12-22T06:26:24.311+0000] {subprocess.py:93} INFO - 25/12/22 06:26:24 INFO DAGScheduler: Job 4 finished: count at NativeMethodAccessorImpl.java:0, took 0.027299 s
[2025-12-22T06:26:24.314+0000] {subprocess.py:93} INFO - ✅ Données nettoyées : 5958 lignes
[2025-12-22T06:26:24.699+0000] {subprocess.py:93} INFO - 25/12/22 06:26:24 INFO FileSourceStrategy: Pushed Filters: IsNotNull(date),IsNotNull(type)
[2025-12-22T06:26:24.701+0000] {subprocess.py:93} INFO - 25/12/22 06:26:24 INFO FileSourceStrategy: Post-Scan Filters: isnotnull(date#4),isnotnull(cast(date#4 as timestamp)),isnotnull(type#1)
[2025-12-22T06:26:24.708+0000] {subprocess.py:93} INFO - 25/12/22 06:26:24 WARN SparkStringUtils: Truncated the string representation of a plan since it was too large. This behavior can be adjusted by setting 'spark.sql.debug.maxToStringFields'.
[2025-12-22T06:26:24.772+0000] {subprocess.py:93} INFO - 25/12/22 06:26:24 INFO CodeGenerator: Code generated in 35.067357 ms
[2025-12-22T06:26:24.774+0000] {subprocess.py:93} INFO - 25/12/22 06:26:24 INFO MemoryStore: Block broadcast_7 stored as values in memory (estimated size 202.7 KiB, free 433.7 MiB)
[2025-12-22T06:26:24.783+0000] {subprocess.py:93} INFO - 25/12/22 06:26:24 INFO MemoryStore: Block broadcast_7_piece0 stored as bytes in memory (estimated size 35.4 KiB, free 433.7 MiB)
[2025-12-22T06:26:24.783+0000] {subprocess.py:93} INFO - 25/12/22 06:26:24 INFO BlockManagerInfo: Added broadcast_7_piece0 in memory on 6717a07eada2:36591 (size: 35.4 KiB, free: 434.3 MiB)
[2025-12-22T06:26:24.785+0000] {subprocess.py:93} INFO - 25/12/22 06:26:24 INFO SparkContext: Created broadcast 7 from jdbc at NativeMethodAccessorImpl.java:0
[2025-12-22T06:26:24.787+0000] {subprocess.py:93} INFO - 25/12/22 06:26:24 INFO FileSourceScanExec: Planning scan with bin packing, max size: 4194304 bytes, open cost is considered as scanning 4194304 bytes.
[2025-12-22T06:26:24.841+0000] {subprocess.py:93} INFO - 25/12/22 06:26:24 INFO SparkContext: Starting job: jdbc at NativeMethodAccessorImpl.java:0
[2025-12-22T06:26:24.843+0000] {subprocess.py:93} INFO - 25/12/22 06:26:24 INFO DAGScheduler: Got job 5 (jdbc at NativeMethodAccessorImpl.java:0) with 1 output partitions
[2025-12-22T06:26:24.845+0000] {subprocess.py:93} INFO - 25/12/22 06:26:24 INFO DAGScheduler: Final stage: ResultStage 7 (jdbc at NativeMethodAccessorImpl.java:0)
[2025-12-22T06:26:24.847+0000] {subprocess.py:93} INFO - 25/12/22 06:26:24 INFO DAGScheduler: Parents of final stage: List()
[2025-12-22T06:26:24.848+0000] {subprocess.py:93} INFO - 25/12/22 06:26:24 INFO DAGScheduler: Missing parents: List()
[2025-12-22T06:26:24.848+0000] {subprocess.py:93} INFO - 25/12/22 06:26:24 INFO DAGScheduler: Submitting ResultStage 7 (MapPartitionsRDD[21] at jdbc at NativeMethodAccessorImpl.java:0), which has no missing parents
[2025-12-22T06:26:24.880+0000] {subprocess.py:93} INFO - 25/12/22 06:26:24 INFO MemoryStore: Block broadcast_8 stored as values in memory (estimated size 48.0 KiB, free 433.6 MiB)
[2025-12-22T06:26:24.893+0000] {subprocess.py:93} INFO - 25/12/22 06:26:24 INFO MemoryStore: Block broadcast_8_piece0 stored as bytes in memory (estimated size 19.9 KiB, free 433.6 MiB)
[2025-12-22T06:26:24.895+0000] {subprocess.py:93} INFO - 25/12/22 06:26:24 INFO BlockManagerInfo: Added broadcast_8_piece0 in memory on 6717a07eada2:36591 (size: 19.9 KiB, free: 434.3 MiB)
[2025-12-22T06:26:24.899+0000] {subprocess.py:93} INFO - 25/12/22 06:26:24 INFO SparkContext: Created broadcast 8 from broadcast at DAGScheduler.scala:1585
[2025-12-22T06:26:24.899+0000] {subprocess.py:93} INFO - 25/12/22 06:26:24 INFO DAGScheduler: Submitting 1 missing tasks from ResultStage 7 (MapPartitionsRDD[21] at jdbc at NativeMethodAccessorImpl.java:0) (first 15 tasks are for partitions Vector(0))
[2025-12-22T06:26:24.900+0000] {subprocess.py:93} INFO - 25/12/22 06:26:24 INFO TaskSchedulerImpl: Adding task set 7.0 with 1 tasks resource profile 0
[2025-12-22T06:26:24.900+0000] {subprocess.py:93} INFO - 25/12/22 06:26:24 INFO BlockManagerInfo: Removed broadcast_5_piece0 on 6717a07eada2:36591 in memory (size: 8.5 KiB, free: 434.3 MiB)
[2025-12-22T06:26:24.900+0000] {subprocess.py:93} INFO - 25/12/22 06:26:24 INFO TaskSetManager: Starting task 0.0 in stage 7.0 (TID 5) (6717a07eada2, executor driver, partition 0, PROCESS_LOCAL, 8455 bytes)
[2025-12-22T06:26:24.901+0000] {subprocess.py:93} INFO - 25/12/22 06:26:24 INFO Executor: Running task 0.0 in stage 7.0 (TID 5)
[2025-12-22T06:26:24.921+0000] {subprocess.py:93} INFO - 25/12/22 06:26:24 INFO BlockManagerInfo: Removed broadcast_6_piece0 on 6717a07eada2:36591 in memory (size: 5.9 KiB, free: 434.3 MiB)
[2025-12-22T06:26:24.925+0000] {subprocess.py:93} INFO - 25/12/22 06:26:24 INFO BlockManagerInfo: Removed broadcast_4_piece0 on 6717a07eada2:36591 in memory (size: 35.1 KiB, free: 434.3 MiB)
[2025-12-22T06:26:24.964+0000] {subprocess.py:93} INFO - 25/12/22 06:26:24 INFO CodeGenerator: Code generated in 26.152949 ms
[2025-12-22T06:26:26.358+0000] {subprocess.py:93} INFO - 25/12/22 06:26:26 INFO CodeGenerator: Code generated in 22.669353 ms
[2025-12-22T06:26:26.360+0000] {subprocess.py:93} INFO - 25/12/22 06:26:26 INFO FileScanRDD: Reading File path: file:///opt/data/raw/demandes/part-00000-b9f7c25e-15c0-4404-9c63-9f6b20237070-c000.snappy.parquet, range: 0-249144, partition values: [empty row]
[2025-12-22T06:26:26.365+0000] {subprocess.py:93} INFO - 25/12/22 06:26:26 INFO FilterCompat: Filtering using predicate: and(noteq(date, null), noteq(type, null))
[2025-12-22T06:26:26.802+0000] {subprocess.py:93} INFO - 25/12/22 06:26:26 INFO Executor: Finished task 0.0 in stage 7.0 (TID 5). 1856 bytes result sent to driver
[2025-12-22T06:26:26.808+0000] {subprocess.py:93} INFO - 25/12/22 06:26:26 INFO TaskSetManager: Finished task 0.0 in stage 7.0 (TID 5) in 1906 ms on 6717a07eada2 (executor driver) (1/1)
[2025-12-22T06:26:26.815+0000] {subprocess.py:93} INFO - 25/12/22 06:26:26 INFO TaskSchedulerImpl: Removed TaskSet 7.0, whose tasks have all completed, from pool
[2025-12-22T06:26:26.815+0000] {subprocess.py:93} INFO - 25/12/22 06:26:26 INFO DAGScheduler: ResultStage 7 (jdbc at NativeMethodAccessorImpl.java:0) finished in 1.961 s
[2025-12-22T06:26:26.815+0000] {subprocess.py:93} INFO - 25/12/22 06:26:26 INFO DAGScheduler: Job 5 is finished. Cancelling potential speculative or zombie tasks for this job
[2025-12-22T06:26:26.815+0000] {subprocess.py:93} INFO - 25/12/22 06:26:26 INFO TaskSchedulerImpl: Killing all running tasks in stage 7: Stage finished
[2025-12-22T06:26:26.818+0000] {subprocess.py:93} INFO - 25/12/22 06:26:26 INFO DAGScheduler: Job 5 finished: jdbc at NativeMethodAccessorImpl.java:0, took 1.964856 s
[2025-12-22T06:26:26.845+0000] {subprocess.py:93} INFO - ✅ Table demandes_cleaned alimentée
[2025-12-22T06:26:27.084+0000] {subprocess.py:93} INFO - 25/12/22 06:26:27 INFO FileSourceStrategy: Pushed Filters: IsNotNull(date),IsNotNull(type),IsNotNull(commune)
[2025-12-22T06:26:27.084+0000] {subprocess.py:93} INFO - 25/12/22 06:26:27 INFO FileSourceStrategy: Post-Scan Filters: isnotnull(date#4),isnotnull(cast(date#4 as timestamp)),isnotnull(type#1),isnotnull(commune#2)
[2025-12-22T06:26:27.207+0000] {subprocess.py:93} INFO - 25/12/22 06:26:27 INFO CodeGenerator: Code generated in 53.240489 ms
[2025-12-22T06:26:27.210+0000] {subprocess.py:93} INFO - 25/12/22 06:26:27 INFO MemoryStore: Block broadcast_9 stored as values in memory (estimated size 201.9 KiB, free 433.7 MiB)
[2025-12-22T06:26:27.219+0000] {subprocess.py:93} INFO - 25/12/22 06:26:27 INFO MemoryStore: Block broadcast_9_piece0 stored as bytes in memory (estimated size 35.2 KiB, free 433.6 MiB)
[2025-12-22T06:26:27.220+0000] {subprocess.py:93} INFO - 25/12/22 06:26:27 INFO BlockManagerInfo: Added broadcast_9_piece0 in memory on 6717a07eada2:36591 (size: 35.2 KiB, free: 434.3 MiB)
[2025-12-22T06:26:27.228+0000] {subprocess.py:93} INFO - 25/12/22 06:26:27 INFO SparkContext: Created broadcast 9 from jdbc at NativeMethodAccessorImpl.java:0
[2025-12-22T06:26:27.228+0000] {subprocess.py:93} INFO - 25/12/22 06:26:27 INFO FileSourceScanExec: Planning scan with bin packing, max size: 4194304 bytes, open cost is considered as scanning 4194304 bytes.
[2025-12-22T06:26:27.260+0000] {subprocess.py:93} INFO - 25/12/22 06:26:27 INFO DAGScheduler: Registering RDD 25 (jdbc at NativeMethodAccessorImpl.java:0) as input to shuffle 2
[2025-12-22T06:26:27.260+0000] {subprocess.py:93} INFO - 25/12/22 06:26:27 INFO DAGScheduler: Got map stage job 6 (jdbc at NativeMethodAccessorImpl.java:0) with 1 output partitions
[2025-12-22T06:26:27.263+0000] {subprocess.py:93} INFO - 25/12/22 06:26:27 INFO DAGScheduler: Final stage: ShuffleMapStage 8 (jdbc at NativeMethodAccessorImpl.java:0)
[2025-12-22T06:26:27.263+0000] {subprocess.py:93} INFO - 25/12/22 06:26:27 INFO DAGScheduler: Parents of final stage: List()
[2025-12-22T06:26:27.263+0000] {subprocess.py:93} INFO - 25/12/22 06:26:27 INFO DAGScheduler: Missing parents: List()
[2025-12-22T06:26:27.263+0000] {subprocess.py:93} INFO - 25/12/22 06:26:27 INFO DAGScheduler: Submitting ShuffleMapStage 8 (MapPartitionsRDD[25] at jdbc at NativeMethodAccessorImpl.java:0), which has no missing parents
[2025-12-22T06:26:27.270+0000] {subprocess.py:93} INFO - 25/12/22 06:26:27 INFO MemoryStore: Block broadcast_10 stored as values in memory (estimated size 54.3 KiB, free 433.6 MiB)
[2025-12-22T06:26:27.277+0000] {subprocess.py:93} INFO - 25/12/22 06:26:27 INFO MemoryStore: Block broadcast_10_piece0 stored as bytes in memory (estimated size 22.0 KiB, free 433.6 MiB)
[2025-12-22T06:26:27.277+0000] {subprocess.py:93} INFO - 25/12/22 06:26:27 INFO BlockManagerInfo: Added broadcast_10_piece0 in memory on 6717a07eada2:36591 (size: 22.0 KiB, free: 434.3 MiB)
[2025-12-22T06:26:27.280+0000] {subprocess.py:93} INFO - 25/12/22 06:26:27 INFO SparkContext: Created broadcast 10 from broadcast at DAGScheduler.scala:1585
[2025-12-22T06:26:27.283+0000] {subprocess.py:93} INFO - 25/12/22 06:26:27 INFO DAGScheduler: Submitting 1 missing tasks from ShuffleMapStage 8 (MapPartitionsRDD[25] at jdbc at NativeMethodAccessorImpl.java:0) (first 15 tasks are for partitions Vector(0))
[2025-12-22T06:26:27.283+0000] {subprocess.py:93} INFO - 25/12/22 06:26:27 INFO TaskSchedulerImpl: Adding task set 8.0 with 1 tasks resource profile 0
[2025-12-22T06:26:27.283+0000] {subprocess.py:93} INFO - 25/12/22 06:26:27 INFO TaskSetManager: Starting task 0.0 in stage 8.0 (TID 6) (6717a07eada2, executor driver, partition 0, PROCESS_LOCAL, 8444 bytes)
[2025-12-22T06:26:27.286+0000] {subprocess.py:93} INFO - 25/12/22 06:26:27 INFO Executor: Running task 0.0 in stage 8.0 (TID 6)
[2025-12-22T06:26:27.335+0000] {subprocess.py:93} INFO - 25/12/22 06:26:27 INFO CodeGenerator: Code generated in 38.006283 ms
[2025-12-22T06:26:27.355+0000] {subprocess.py:93} INFO - 25/12/22 06:26:27 INFO CodeGenerator: Code generated in 11.881519 ms
[2025-12-22T06:26:27.363+0000] {subprocess.py:93} INFO - 25/12/22 06:26:27 INFO CodeGenerator: Code generated in 4.602114 ms
[2025-12-22T06:26:27.376+0000] {subprocess.py:93} INFO - 25/12/22 06:26:27 INFO CodeGenerator: Code generated in 6.045224 ms
[2025-12-22T06:26:27.387+0000] {subprocess.py:93} INFO - 25/12/22 06:26:27 INFO CodeGenerator: Code generated in 5.348969 ms
[2025-12-22T06:26:27.392+0000] {subprocess.py:93} INFO - 25/12/22 06:26:27 INFO FileScanRDD: Reading File path: file:///opt/data/raw/demandes/part-00000-b9f7c25e-15c0-4404-9c63-9f6b20237070-c000.snappy.parquet, range: 0-249144, partition values: [empty row]
[2025-12-22T06:26:27.399+0000] {subprocess.py:93} INFO - 25/12/22 06:26:27 INFO FilterCompat: Filtering using predicate: and(and(noteq(date, null), noteq(type, null)), noteq(commune, null))
[2025-12-22T06:26:27.451+0000] {subprocess.py:93} INFO - 25/12/22 06:26:27 INFO Executor: Finished task 0.0 in stage 8.0 (TID 6). 2986 bytes result sent to driver
[2025-12-22T06:26:27.453+0000] {subprocess.py:93} INFO - 25/12/22 06:26:27 INFO TaskSetManager: Finished task 0.0 in stage 8.0 (TID 6) in 171 ms on 6717a07eada2 (executor driver) (1/1)
[2025-12-22T06:26:27.454+0000] {subprocess.py:93} INFO - 25/12/22 06:26:27 INFO TaskSchedulerImpl: Removed TaskSet 8.0, whose tasks have all completed, from pool
[2025-12-22T06:26:27.455+0000] {subprocess.py:93} INFO - 25/12/22 06:26:27 INFO DAGScheduler: ShuffleMapStage 8 (jdbc at NativeMethodAccessorImpl.java:0) finished in 0.188 s
[2025-12-22T06:26:27.457+0000] {subprocess.py:93} INFO - 25/12/22 06:26:27 INFO DAGScheduler: looking for newly runnable stages
[2025-12-22T06:26:27.457+0000] {subprocess.py:93} INFO - 25/12/22 06:26:27 INFO DAGScheduler: running: Set()
[2025-12-22T06:26:27.458+0000] {subprocess.py:93} INFO - 25/12/22 06:26:27 INFO DAGScheduler: waiting: Set()
[2025-12-22T06:26:27.458+0000] {subprocess.py:93} INFO - 25/12/22 06:26:27 INFO DAGScheduler: failed: Set()
[2025-12-22T06:26:27.469+0000] {subprocess.py:93} INFO - 25/12/22 06:26:27 INFO ShufflePartitionsUtil: For shuffle(2), advisory target size: 67108864, actual target size 1048576, minimum partition size: 1048576
[2025-12-22T06:26:27.487+0000] {subprocess.py:93} INFO - 25/12/22 06:26:27 INFO HashAggregateExec: spark.sql.codegen.aggregate.map.twolevel.enabled is set to true, but current version of codegened fast hashmap does not support this aggregate.
[2025-12-22T06:26:27.516+0000] {subprocess.py:93} INFO - 25/12/22 06:26:27 INFO CodeGenerator: Code generated in 17.362006 ms
[2025-12-22T06:26:27.557+0000] {subprocess.py:93} INFO - 25/12/22 06:26:27 INFO BlockManagerInfo: Removed broadcast_10_piece0 on 6717a07eada2:36591 in memory (size: 22.0 KiB, free: 434.3 MiB)
[2025-12-22T06:26:27.566+0000] {subprocess.py:93} INFO - 25/12/22 06:26:27 INFO SparkContext: Starting job: jdbc at NativeMethodAccessorImpl.java:0
[2025-12-22T06:26:27.568+0000] {subprocess.py:93} INFO - 25/12/22 06:26:27 INFO DAGScheduler: Got job 7 (jdbc at NativeMethodAccessorImpl.java:0) with 1 output partitions
[2025-12-22T06:26:27.568+0000] {subprocess.py:93} INFO - 25/12/22 06:26:27 INFO DAGScheduler: Final stage: ResultStage 10 (jdbc at NativeMethodAccessorImpl.java:0)
[2025-12-22T06:26:27.568+0000] {subprocess.py:93} INFO - 25/12/22 06:26:27 INFO DAGScheduler: Parents of final stage: List(ShuffleMapStage 9)
[2025-12-22T06:26:27.568+0000] {subprocess.py:93} INFO - 25/12/22 06:26:27 INFO DAGScheduler: Missing parents: List()
[2025-12-22T06:26:27.569+0000] {subprocess.py:93} INFO - 25/12/22 06:26:27 INFO DAGScheduler: Submitting ResultStage 10 (MapPartitionsRDD[30] at jdbc at NativeMethodAccessorImpl.java:0), which has no missing parents
[2025-12-22T06:26:27.582+0000] {subprocess.py:93} INFO - 25/12/22 06:26:27 INFO MemoryStore: Block broadcast_11 stored as values in memory (estimated size 65.1 KiB, free 433.6 MiB)
[2025-12-22T06:26:27.582+0000] {subprocess.py:93} INFO - 25/12/22 06:26:27 INFO MemoryStore: Block broadcast_11_piece0 stored as bytes in memory (estimated size 27.8 KiB, free 433.5 MiB)
[2025-12-22T06:26:27.584+0000] {subprocess.py:93} INFO - 25/12/22 06:26:27 INFO BlockManagerInfo: Added broadcast_11_piece0 in memory on 6717a07eada2:36591 (size: 27.8 KiB, free: 434.3 MiB)
[2025-12-22T06:26:27.586+0000] {subprocess.py:93} INFO - 25/12/22 06:26:27 INFO SparkContext: Created broadcast 11 from broadcast at DAGScheduler.scala:1585
[2025-12-22T06:26:27.587+0000] {subprocess.py:93} INFO - 25/12/22 06:26:27 INFO DAGScheduler: Submitting 1 missing tasks from ResultStage 10 (MapPartitionsRDD[30] at jdbc at NativeMethodAccessorImpl.java:0) (first 15 tasks are for partitions Vector(0))
[2025-12-22T06:26:27.587+0000] {subprocess.py:93} INFO - 25/12/22 06:26:27 INFO TaskSchedulerImpl: Adding task set 10.0 with 1 tasks resource profile 0
[2025-12-22T06:26:27.590+0000] {subprocess.py:93} INFO - 25/12/22 06:26:27 INFO TaskSetManager: Starting task 0.0 in stage 10.0 (TID 7) (6717a07eada2, executor driver, partition 0, NODE_LOCAL, 7795 bytes)
[2025-12-22T06:26:27.591+0000] {subprocess.py:93} INFO - 25/12/22 06:26:27 INFO Executor: Running task 0.0 in stage 10.0 (TID 7)
[2025-12-22T06:26:27.604+0000] {subprocess.py:93} INFO - 25/12/22 06:26:27 INFO ShuffleBlockFetcherIterator: Getting 1 (9.1 KiB) non-empty blocks including 1 (9.1 KiB) local and 0 (0.0 B) host-local and 0 (0.0 B) push-merged-local and 0 (0.0 B) remote blocks
[2025-12-22T06:26:27.604+0000] {subprocess.py:93} INFO - 25/12/22 06:26:27 INFO ShuffleBlockFetcherIterator: Started 0 remote fetches in 1 ms
[2025-12-22T06:26:27.619+0000] {subprocess.py:93} INFO - 25/12/22 06:26:27 INFO CodeGenerator: Code generated in 15.32654 ms
[2025-12-22T06:26:27.631+0000] {subprocess.py:93} INFO - 25/12/22 06:26:27 INFO CodeGenerator: Code generated in 7.513833 ms
[2025-12-22T06:26:27.664+0000] {subprocess.py:93} INFO - 25/12/22 06:26:27 INFO Executor: Finished task 0.0 in stage 10.0 (TID 7). 5147 bytes result sent to driver
[2025-12-22T06:26:27.667+0000] {subprocess.py:93} INFO - 25/12/22 06:26:27 INFO TaskSetManager: Finished task 0.0 in stage 10.0 (TID 7) in 76 ms on 6717a07eada2 (executor driver) (1/1)
[2025-12-22T06:26:27.667+0000] {subprocess.py:93} INFO - 25/12/22 06:26:27 INFO TaskSchedulerImpl: Removed TaskSet 10.0, whose tasks have all completed, from pool
[2025-12-22T06:26:27.670+0000] {subprocess.py:93} INFO - 25/12/22 06:26:27 INFO DAGScheduler: ResultStage 10 (jdbc at NativeMethodAccessorImpl.java:0) finished in 0.093 s
[2025-12-22T06:26:27.672+0000] {subprocess.py:93} INFO - 25/12/22 06:26:27 INFO DAGScheduler: Job 7 is finished. Cancelling potential speculative or zombie tasks for this job
[2025-12-22T06:26:27.672+0000] {subprocess.py:93} INFO - 25/12/22 06:26:27 INFO TaskSchedulerImpl: Killing all running tasks in stage 10: Stage finished
[2025-12-22T06:26:27.673+0000] {subprocess.py:93} INFO - 25/12/22 06:26:27 INFO DAGScheduler: Job 7 finished: jdbc at NativeMethodAccessorImpl.java:0, took 0.107225 s
[2025-12-22T06:26:27.696+0000] {subprocess.py:93} INFO - ✅ Table stats_type_localisation alimentée
[2025-12-22T06:26:27.788+0000] {subprocess.py:93} INFO - 25/12/22 06:26:27 INFO FileSourceStrategy: Pushed Filters: IsNotNull(date),IsNotNull(type)
[2025-12-22T06:26:27.789+0000] {subprocess.py:93} INFO - 25/12/22 06:26:27 INFO FileSourceStrategy: Post-Scan Filters: isnotnull(date#4),isnotnull(cast(date#4 as timestamp)),isnotnull(type#1)
[2025-12-22T06:26:27.847+0000] {subprocess.py:93} INFO - 25/12/22 06:26:27 INFO CodeGenerator: Code generated in 27.717341 ms
[2025-12-22T06:26:27.851+0000] {subprocess.py:93} INFO - 25/12/22 06:26:27 INFO MemoryStore: Block broadcast_12 stored as values in memory (estimated size 201.7 KiB, free 433.4 MiB)
[2025-12-22T06:26:27.864+0000] {subprocess.py:93} INFO - 25/12/22 06:26:27 INFO MemoryStore: Block broadcast_12_piece0 stored as bytes in memory (estimated size 35.1 KiB, free 433.3 MiB)
[2025-12-22T06:26:27.867+0000] {subprocess.py:93} INFO - 25/12/22 06:26:27 INFO BlockManagerInfo: Removed broadcast_11_piece0 on 6717a07eada2:36591 in memory (size: 27.8 KiB, free: 434.3 MiB)
[2025-12-22T06:26:27.869+0000] {subprocess.py:93} INFO - 25/12/22 06:26:27 INFO BlockManagerInfo: Added broadcast_12_piece0 in memory on 6717a07eada2:36591 (size: 35.1 KiB, free: 434.2 MiB)
[2025-12-22T06:26:27.869+0000] {subprocess.py:93} INFO - 25/12/22 06:26:27 INFO SparkContext: Created broadcast 12 from jdbc at NativeMethodAccessorImpl.java:0
[2025-12-22T06:26:27.872+0000] {subprocess.py:93} INFO - 25/12/22 06:26:27 INFO FileSourceScanExec: Planning scan with bin packing, max size: 4194304 bytes, open cost is considered as scanning 4194304 bytes.
[2025-12-22T06:26:27.882+0000] {subprocess.py:93} INFO - 25/12/22 06:26:27 INFO DAGScheduler: Registering RDD 34 (jdbc at NativeMethodAccessorImpl.java:0) as input to shuffle 3
[2025-12-22T06:26:27.882+0000] {subprocess.py:93} INFO - 25/12/22 06:26:27 INFO DAGScheduler: Got map stage job 8 (jdbc at NativeMethodAccessorImpl.java:0) with 1 output partitions
[2025-12-22T06:26:27.883+0000] {subprocess.py:93} INFO - 25/12/22 06:26:27 INFO DAGScheduler: Final stage: ShuffleMapStage 11 (jdbc at NativeMethodAccessorImpl.java:0)
[2025-12-22T06:26:27.883+0000] {subprocess.py:93} INFO - 25/12/22 06:26:27 INFO DAGScheduler: Parents of final stage: List()
[2025-12-22T06:26:27.883+0000] {subprocess.py:93} INFO - 25/12/22 06:26:27 INFO DAGScheduler: Missing parents: List()
[2025-12-22T06:26:27.883+0000] {subprocess.py:93} INFO - 25/12/22 06:26:27 INFO DAGScheduler: Submitting ShuffleMapStage 11 (MapPartitionsRDD[34] at jdbc at NativeMethodAccessorImpl.java:0), which has no missing parents
[2025-12-22T06:26:27.884+0000] {subprocess.py:93} INFO - 25/12/22 06:26:27 INFO BlockManagerInfo: Removed broadcast_9_piece0 on 6717a07eada2:36591 in memory (size: 35.2 KiB, free: 434.3 MiB)
[2025-12-22T06:26:27.887+0000] {subprocess.py:93} INFO - 25/12/22 06:26:27 INFO MemoryStore: Block broadcast_13 stored as values in memory (estimated size 47.0 KiB, free 433.6 MiB)
[2025-12-22T06:26:27.888+0000] {subprocess.py:93} INFO - 25/12/22 06:26:27 INFO MemoryStore: Block broadcast_13_piece0 stored as bytes in memory (estimated size 20.4 KiB, free 433.6 MiB)
[2025-12-22T06:26:27.890+0000] {subprocess.py:93} INFO - 25/12/22 06:26:27 INFO BlockManagerInfo: Added broadcast_13_piece0 in memory on 6717a07eada2:36591 (size: 20.4 KiB, free: 434.3 MiB)
[2025-12-22T06:26:27.891+0000] {subprocess.py:93} INFO - 25/12/22 06:26:27 INFO SparkContext: Created broadcast 13 from broadcast at DAGScheduler.scala:1585
[2025-12-22T06:26:27.893+0000] {subprocess.py:93} INFO - 25/12/22 06:26:27 INFO DAGScheduler: Submitting 1 missing tasks from ShuffleMapStage 11 (MapPartitionsRDD[34] at jdbc at NativeMethodAccessorImpl.java:0) (first 15 tasks are for partitions Vector(0))
[2025-12-22T06:26:27.893+0000] {subprocess.py:93} INFO - 25/12/22 06:26:27 INFO TaskSchedulerImpl: Adding task set 11.0 with 1 tasks resource profile 0
[2025-12-22T06:26:27.894+0000] {subprocess.py:93} INFO - 25/12/22 06:26:27 INFO TaskSetManager: Starting task 0.0 in stage 11.0 (TID 8) (6717a07eada2, executor driver, partition 0, PROCESS_LOCAL, 8444 bytes)
[2025-12-22T06:26:27.894+0000] {subprocess.py:93} INFO - 25/12/22 06:26:27 INFO Executor: Running task 0.0 in stage 11.0 (TID 8)
[2025-12-22T06:26:27.932+0000] {subprocess.py:93} INFO - 25/12/22 06:26:27 INFO CodeGenerator: Code generated in 34.840156 ms
[2025-12-22T06:26:27.947+0000] {subprocess.py:93} INFO - 25/12/22 06:26:27 INFO CodeGenerator: Code generated in 8.692173 ms
[2025-12-22T06:26:27.953+0000] {subprocess.py:93} INFO - 25/12/22 06:26:27 INFO CodeGenerator: Code generated in 7.049448 ms
[2025-12-22T06:26:27.962+0000] {subprocess.py:93} INFO - 25/12/22 06:26:27 INFO CodeGenerator: Code generated in 6.420159 ms
[2025-12-22T06:26:27.984+0000] {subprocess.py:93} INFO - 25/12/22 06:26:27 INFO CodeGenerator: Code generated in 4.693489 ms
[2025-12-22T06:26:27.988+0000] {subprocess.py:93} INFO - 25/12/22 06:26:27 INFO FileScanRDD: Reading File path: file:///opt/data/raw/demandes/part-00000-b9f7c25e-15c0-4404-9c63-9f6b20237070-c000.snappy.parquet, range: 0-249144, partition values: [empty row]
[2025-12-22T06:26:27.993+0000] {subprocess.py:93} INFO - 25/12/22 06:26:27 INFO FilterCompat: Filtering using predicate: and(noteq(date, null), noteq(type, null))
[2025-12-22T06:26:28.026+0000] {subprocess.py:93} INFO - 25/12/22 06:26:28 INFO Executor: Finished task 0.0 in stage 11.0 (TID 8). 3029 bytes result sent to driver
[2025-12-22T06:26:28.027+0000] {subprocess.py:93} INFO - 25/12/22 06:26:28 INFO TaskSetManager: Finished task 0.0 in stage 11.0 (TID 8) in 136 ms on 6717a07eada2 (executor driver) (1/1)
[2025-12-22T06:26:28.027+0000] {subprocess.py:93} INFO - 25/12/22 06:26:28 INFO TaskSchedulerImpl: Removed TaskSet 11.0, whose tasks have all completed, from pool
[2025-12-22T06:26:28.030+0000] {subprocess.py:93} INFO - 25/12/22 06:26:28 INFO DAGScheduler: ShuffleMapStage 11 (jdbc at NativeMethodAccessorImpl.java:0) finished in 0.146 s
[2025-12-22T06:26:28.031+0000] {subprocess.py:93} INFO - 25/12/22 06:26:28 INFO DAGScheduler: looking for newly runnable stages
[2025-12-22T06:26:28.032+0000] {subprocess.py:93} INFO - 25/12/22 06:26:28 INFO DAGScheduler: running: Set()
[2025-12-22T06:26:28.033+0000] {subprocess.py:93} INFO - 25/12/22 06:26:28 INFO DAGScheduler: waiting: Set()
[2025-12-22T06:26:28.034+0000] {subprocess.py:93} INFO - 25/12/22 06:26:28 INFO DAGScheduler: failed: Set()
[2025-12-22T06:26:28.037+0000] {subprocess.py:93} INFO - 25/12/22 06:26:28 INFO ShufflePartitionsUtil: For shuffle(3), advisory target size: 67108864, actual target size 1048576, minimum partition size: 1048576
[2025-12-22T06:26:28.046+0000] {subprocess.py:93} INFO - 25/12/22 06:26:28 INFO HashAggregateExec: spark.sql.codegen.aggregate.map.twolevel.enabled is set to true, but current version of codegened fast hashmap does not support this aggregate.
[2025-12-22T06:26:28.059+0000] {subprocess.py:93} INFO - 25/12/22 06:26:28 INFO CodeGenerator: Code generated in 12.190275 ms
[2025-12-22T06:26:28.075+0000] {subprocess.py:93} INFO - 25/12/22 06:26:28 INFO SparkContext: Starting job: jdbc at NativeMethodAccessorImpl.java:0
[2025-12-22T06:26:28.076+0000] {subprocess.py:93} INFO - 25/12/22 06:26:28 INFO DAGScheduler: Got job 9 (jdbc at NativeMethodAccessorImpl.java:0) with 1 output partitions
[2025-12-22T06:26:28.078+0000] {subprocess.py:93} INFO - 25/12/22 06:26:28 INFO DAGScheduler: Final stage: ResultStage 13 (jdbc at NativeMethodAccessorImpl.java:0)
[2025-12-22T06:26:28.078+0000] {subprocess.py:93} INFO - 25/12/22 06:26:28 INFO DAGScheduler: Parents of final stage: List(ShuffleMapStage 12)
[2025-12-22T06:26:28.079+0000] {subprocess.py:93} INFO - 25/12/22 06:26:28 INFO DAGScheduler: Missing parents: List()
[2025-12-22T06:26:28.079+0000] {subprocess.py:93} INFO - 25/12/22 06:26:28 INFO DAGScheduler: Submitting ResultStage 13 (MapPartitionsRDD[39] at jdbc at NativeMethodAccessorImpl.java:0), which has no missing parents
[2025-12-22T06:26:28.086+0000] {subprocess.py:93} INFO - 25/12/22 06:26:28 INFO MemoryStore: Block broadcast_14 stored as values in memory (estimated size 54.1 KiB, free 433.5 MiB)
[2025-12-22T06:26:28.086+0000] {subprocess.py:93} INFO - 25/12/22 06:26:28 INFO MemoryStore: Block broadcast_14_piece0 stored as bytes in memory (estimated size 24.2 KiB, free 433.5 MiB)
[2025-12-22T06:26:28.086+0000] {subprocess.py:93} INFO - 25/12/22 06:26:28 INFO BlockManagerInfo: Added broadcast_14_piece0 in memory on 6717a07eada2:36591 (size: 24.2 KiB, free: 434.2 MiB)
[2025-12-22T06:26:28.086+0000] {subprocess.py:93} INFO - 25/12/22 06:26:28 INFO SparkContext: Created broadcast 14 from broadcast at DAGScheduler.scala:1585
[2025-12-22T06:26:28.087+0000] {subprocess.py:93} INFO - 25/12/22 06:26:28 INFO DAGScheduler: Submitting 1 missing tasks from ResultStage 13 (MapPartitionsRDD[39] at jdbc at NativeMethodAccessorImpl.java:0) (first 15 tasks are for partitions Vector(0))
[2025-12-22T06:26:28.089+0000] {subprocess.py:93} INFO - 25/12/22 06:26:28 INFO TaskSchedulerImpl: Adding task set 13.0 with 1 tasks resource profile 0
[2025-12-22T06:26:28.091+0000] {subprocess.py:93} INFO - 25/12/22 06:26:28 INFO TaskSetManager: Starting task 0.0 in stage 13.0 (TID 9) (6717a07eada2, executor driver, partition 0, NODE_LOCAL, 7795 bytes)
[2025-12-22T06:26:28.092+0000] {subprocess.py:93} INFO - 25/12/22 06:26:28 INFO Executor: Running task 0.0 in stage 13.0 (TID 9)
[2025-12-22T06:26:28.102+0000] {subprocess.py:93} INFO - 25/12/22 06:26:28 INFO ShuffleBlockFetcherIterator: Getting 1 (1269.0 B) non-empty blocks including 1 (1269.0 B) local and 0 (0.0 B) host-local and 0 (0.0 B) push-merged-local and 0 (0.0 B) remote blocks
[2025-12-22T06:26:28.102+0000] {subprocess.py:93} INFO - 25/12/22 06:26:28 INFO ShuffleBlockFetcherIterator: Started 0 remote fetches in 0 ms
[2025-12-22T06:26:28.111+0000] {subprocess.py:93} INFO - 25/12/22 06:26:28 INFO CodeGenerator: Code generated in 9.696994 ms
[2025-12-22T06:26:28.121+0000] {subprocess.py:93} INFO - 25/12/22 06:26:28 INFO CodeGenerator: Code generated in 5.745114 ms
[2025-12-22T06:26:28.144+0000] {subprocess.py:93} INFO - 25/12/22 06:26:28 INFO Executor: Finished task 0.0 in stage 13.0 (TID 9). 5147 bytes result sent to driver
[2025-12-22T06:26:28.146+0000] {subprocess.py:93} INFO - 25/12/22 06:26:28 INFO TaskSetManager: Finished task 0.0 in stage 13.0 (TID 9) in 55 ms on 6717a07eada2 (executor driver) (1/1)
[2025-12-22T06:26:28.146+0000] {subprocess.py:93} INFO - 25/12/22 06:26:28 INFO DAGScheduler: ResultStage 13 (jdbc at NativeMethodAccessorImpl.java:0) finished in 0.065 s
[2025-12-22T06:26:28.146+0000] {subprocess.py:93} INFO - 25/12/22 06:26:28 INFO DAGScheduler: Job 9 is finished. Cancelling potential speculative or zombie tasks for this job
[2025-12-22T06:26:28.147+0000] {subprocess.py:93} INFO - 25/12/22 06:26:28 INFO TaskSchedulerImpl: Removed TaskSet 13.0, whose tasks have all completed, from pool
[2025-12-22T06:26:28.147+0000] {subprocess.py:93} INFO - 25/12/22 06:26:28 INFO TaskSchedulerImpl: Killing all running tasks in stage 13: Stage finished
[2025-12-22T06:26:28.147+0000] {subprocess.py:93} INFO - 25/12/22 06:26:28 INFO DAGScheduler: Job 9 finished: jdbc at NativeMethodAccessorImpl.java:0, took 0.072125 s
[2025-12-22T06:26:28.172+0000] {subprocess.py:93} INFO - ✅ Table stats_temporelles alimentée
[2025-12-22T06:26:28.173+0000] {subprocess.py:93} INFO - 
[2025-12-22T06:26:28.173+0000] {subprocess.py:93} INFO - ================================================================================
[2025-12-22T06:26:28.174+0000] {subprocess.py:93} INFO - 🎉 PROCESSING TERMINÉ AVEC SUCCÈS
[2025-12-22T06:26:28.174+0000] {subprocess.py:93} INFO - ================================================================================
[2025-12-22T06:26:28.175+0000] {subprocess.py:93} INFO - 25/12/22 06:26:28 INFO SparkContext: SparkContext is stopping with exitCode 0.
[2025-12-22T06:26:28.185+0000] {subprocess.py:93} INFO - 25/12/22 06:26:28 INFO SparkUI: Stopped Spark web UI at http://6717a07eada2:4040
[2025-12-22T06:26:28.198+0000] {subprocess.py:93} INFO - 25/12/22 06:26:28 INFO MapOutputTrackerMasterEndpoint: MapOutputTrackerMasterEndpoint stopped!
[2025-12-22T06:26:28.217+0000] {subprocess.py:93} INFO - 25/12/22 06:26:28 INFO MemoryStore: MemoryStore cleared
[2025-12-22T06:26:28.218+0000] {subprocess.py:93} INFO - 25/12/22 06:26:28 INFO BlockManager: BlockManager stopped
[2025-12-22T06:26:28.220+0000] {subprocess.py:93} INFO - 25/12/22 06:26:28 INFO BlockManagerMaster: BlockManagerMaster stopped
[2025-12-22T06:26:28.223+0000] {subprocess.py:93} INFO - 25/12/22 06:26:28 INFO OutputCommitCoordinator$OutputCommitCoordinatorEndpoint: OutputCommitCoordinator stopped!
[2025-12-22T06:26:28.233+0000] {subprocess.py:93} INFO - 25/12/22 06:26:28 INFO SparkContext: Successfully stopped SparkContext
[2025-12-22T06:26:28.379+0000] {subprocess.py:93} INFO - 25/12/22 06:26:28 INFO ShutdownHookManager: Shutdown hook called
[2025-12-22T06:26:28.380+0000] {subprocess.py:93} INFO - 25/12/22 06:26:28 INFO ShutdownHookManager: Deleting directory /tmp/spark-329dec6f-0f2c-4fe2-90be-c7be2eb9a930
[2025-12-22T06:26:28.384+0000] {subprocess.py:93} INFO - 25/12/22 06:26:28 INFO ShutdownHookManager: Deleting directory /tmp/spark-d8bbe5d3-d2a3-4021-9f22-c8cbb1bd3ac7
[2025-12-22T06:26:28.389+0000] {subprocess.py:93} INFO - 25/12/22 06:26:28 INFO ShutdownHookManager: Deleting directory /tmp/spark-d8bbe5d3-d2a3-4021-9f22-c8cbb1bd3ac7/pyspark-ff012974-a6c0-4186-8b10-d4a6de75ea7a
[2025-12-22T06:26:28.479+0000] {subprocess.py:97} INFO - Command exited with return code 0
[2025-12-22T06:26:28.566+0000] {taskinstance.py:1138} INFO - Marking task as SUCCESS. dag_id=pipeline_services_publics_togo, task_id=processing_spark, execution_date=20251222T062531, start_date=20251222T062612, end_date=20251222T062628
[2025-12-22T06:26:28.614+0000] {local_task_job_runner.py:234} INFO - Task exited with return code 0
[2025-12-22T06:26:28.694+0000] {taskinstance.py:3281} INFO - 1 downstream tasks scheduled from follow-on schedule check
