[2025-12-23T16:35:50.158+0000] {taskinstance.py:1957} INFO - Dependencies all met for dep_context=non-requeueable deps ti=<TaskInstance: pipeline_services_publics_togo.generate_report scheduled__2025-12-22T02:00:00+00:00 [queued]>
[2025-12-23T16:35:50.187+0000] {taskinstance.py:1957} INFO - Dependencies all met for dep_context=requeueable deps ti=<TaskInstance: pipeline_services_publics_togo.generate_report scheduled__2025-12-22T02:00:00+00:00 [queued]>
[2025-12-23T16:35:50.188+0000] {taskinstance.py:2171} INFO - Starting attempt 1 of 3
[2025-12-23T16:35:50.232+0000] {taskinstance.py:2192} INFO - Executing <Task(PythonOperator): generate_report> on 2025-12-22 02:00:00+00:00
[2025-12-23T16:35:50.249+0000] {standard_task_runner.py:60} INFO - Started process 2069 to run task
[2025-12-23T16:35:50.267+0000] {standard_task_runner.py:87} INFO - Running: ['***', 'tasks', 'run', 'pipeline_services_publics_togo', 'generate_report', 'scheduled__2025-12-22T02:00:00+00:00', '--job-id', '30', '--raw', '--subdir', 'DAGS_FOLDER/pipeline_services_publics.py', '--cfg-path', '/tmp/tmpgv5pspv6']
[2025-12-23T16:35:50.278+0000] {standard_task_runner.py:88} INFO - Job 30: Subtask generate_report
[2025-12-23T16:35:50.447+0000] {task_command.py:423} INFO - Running <TaskInstance: pipeline_services_publics_togo.generate_report scheduled__2025-12-22T02:00:00+00:00 [running]> on host 6717a07eada2
[2025-12-23T16:35:50.544+0000] {taskinstance.py:2481} INFO - Exporting env vars: AIRFLOW_CTX_DAG_OWNER='data-engineer' AIRFLOW_CTX_DAG_ID='pipeline_services_publics_togo' AIRFLOW_CTX_TASK_ID='generate_report' AIRFLOW_CTX_EXECUTION_DATE='2025-12-22T02:00:00+00:00' AIRFLOW_CTX_TRY_NUMBER='1' AIRFLOW_CTX_DAG_RUN_ID='scheduled__2025-12-22T02:00:00+00:00'
[2025-12-23T16:35:50.545+0000] {logging_mixin.py:188} INFO - 
    ==========================================
    PIPELINE SERVICES PUBLICS - SUCCÈS
    ==========================================
    - MongoDB vérifié
    - Ingestion Spark OK
    - Processing Spark OK
    - PostgreSQL alimenté
    ==========================================
    
[2025-12-23T16:35:50.545+0000] {python.py:201} INFO - Done. Returned value was: None
[2025-12-23T16:35:50.559+0000] {taskinstance.py:1138} INFO - Marking task as SUCCESS. dag_id=pipeline_services_publics_togo, task_id=generate_report, execution_date=20251222T020000, start_date=20251223T163550, end_date=20251223T163550
[2025-12-23T16:35:50.593+0000] {local_task_job_runner.py:234} INFO - Task exited with return code 0
[2025-12-23T16:35:50.616+0000] {taskinstance.py:3281} INFO - 0 downstream tasks scheduled from follow-on schedule check
