[2025-12-21T14:09:32.021+0000] {taskinstance.py:1957} INFO - Dependencies all met for dep_context=non-requeueable deps ti=<TaskInstance: pipeline_services_publics_togo.create_directories scheduled__2025-12-20T02:00:00+00:00 [queued]>
[2025-12-21T14:09:32.029+0000] {taskinstance.py:1957} INFO - Dependencies all met for dep_context=requeueable deps ti=<TaskInstance: pipeline_services_publics_togo.create_directories scheduled__2025-12-20T02:00:00+00:00 [queued]>
[2025-12-21T14:09:32.029+0000] {taskinstance.py:2171} INFO - Starting attempt 1 of 3
[2025-12-21T14:09:32.041+0000] {taskinstance.py:2192} INFO - Executing <Task(BashOperator): create_directories> on 2025-12-20 02:00:00+00:00
[2025-12-21T14:09:32.048+0000] {standard_task_runner.py:60} INFO - Started process 196 to run task
[2025-12-21T14:09:32.054+0000] {standard_task_runner.py:87} INFO - Running: ['***', 'tasks', 'run', 'pipeline_services_publics_togo', 'create_directories', 'scheduled__2025-12-20T02:00:00+00:00', '--job-id', '7', '--raw', '--subdir', 'DAGS_FOLDER/pipeline_services_publics.py', '--cfg-path', '/tmp/tmpp594wl_z']
[2025-12-21T14:09:32.056+0000] {standard_task_runner.py:88} INFO - Job 7: Subtask create_directories
[2025-12-21T14:09:32.125+0000] {task_command.py:423} INFO - Running <TaskInstance: pipeline_services_publics_togo.create_directories scheduled__2025-12-20T02:00:00+00:00 [running]> on host a1c2defb4657
[2025-12-21T14:09:32.238+0000] {taskinstance.py:2481} INFO - Exporting env vars: AIRFLOW_CTX_DAG_OWNER='data-engineer' AIRFLOW_CTX_DAG_ID='pipeline_services_publics_togo' AIRFLOW_CTX_TASK_ID='create_directories' AIRFLOW_CTX_EXECUTION_DATE='2025-12-20T02:00:00+00:00' AIRFLOW_CTX_TRY_NUMBER='1' AIRFLOW_CTX_DAG_RUN_ID='scheduled__2025-12-20T02:00:00+00:00'
[2025-12-21T14:09:32.239+0000] {subprocess.py:63} INFO - Tmp dir root location: /tmp
[2025-12-21T14:09:32.239+0000] {subprocess.py:75} INFO - Running command: ['/usr/bin/bash', '-c', '\n    mkdir -p /opt/***/data/raw/demandes\n    echo "✓ Dossiers créés"\n    ']
[2025-12-21T14:09:32.249+0000] {subprocess.py:86} INFO - Output:
[2025-12-21T14:09:32.255+0000] {subprocess.py:93} INFO - ✓ Dossiers créés
[2025-12-21T14:09:32.255+0000] {subprocess.py:97} INFO - Command exited with return code 0
[2025-12-21T14:09:32.289+0000] {taskinstance.py:1138} INFO - Marking task as SUCCESS. dag_id=pipeline_services_publics_togo, task_id=create_directories, execution_date=20251220T020000, start_date=20251221T140932, end_date=20251221T140932
[2025-12-21T14:09:32.307+0000] {local_task_job_runner.py:234} INFO - Task exited with return code 0
[2025-12-21T14:09:32.341+0000] {taskinstance.py:3281} INFO - 1 downstream tasks scheduled from follow-on schedule check
[2025-12-21T14:58:20.201+0000] {taskinstance.py:1957} INFO - Dependencies all met for dep_context=non-requeueable deps ti=<TaskInstance: pipeline_services_publics_togo.create_directories scheduled__2025-12-20T02:00:00+00:00 [queued]>
[2025-12-21T14:58:20.213+0000] {taskinstance.py:1957} INFO - Dependencies all met for dep_context=requeueable deps ti=<TaskInstance: pipeline_services_publics_togo.create_directories scheduled__2025-12-20T02:00:00+00:00 [queued]>
[2025-12-21T14:58:20.213+0000] {taskinstance.py:2171} INFO - Starting attempt 1 of 3
[2025-12-21T14:58:20.227+0000] {taskinstance.py:2192} INFO - Executing <Task(BashOperator): create_directories> on 2025-12-20 02:00:00+00:00
[2025-12-21T14:58:20.235+0000] {standard_task_runner.py:60} INFO - Started process 195 to run task
[2025-12-21T14:58:20.240+0000] {standard_task_runner.py:87} INFO - Running: ['***', 'tasks', 'run', 'pipeline_services_publics_togo', 'create_directories', 'scheduled__2025-12-20T02:00:00+00:00', '--job-id', '6', '--raw', '--subdir', 'DAGS_FOLDER/pipeline_services_publics.py', '--cfg-path', '/tmp/tmp3ek_gnt8']
[2025-12-21T14:58:20.243+0000] {standard_task_runner.py:88} INFO - Job 6: Subtask create_directories
[2025-12-21T14:58:20.309+0000] {task_command.py:423} INFO - Running <TaskInstance: pipeline_services_publics_togo.create_directories scheduled__2025-12-20T02:00:00+00:00 [running]> on host 13b6637ef0d9
[2025-12-21T14:58:20.406+0000] {taskinstance.py:2481} INFO - Exporting env vars: AIRFLOW_CTX_DAG_OWNER='data-engineer' AIRFLOW_CTX_DAG_ID='pipeline_services_publics_togo' AIRFLOW_CTX_TASK_ID='create_directories' AIRFLOW_CTX_EXECUTION_DATE='2025-12-20T02:00:00+00:00' AIRFLOW_CTX_TRY_NUMBER='1' AIRFLOW_CTX_DAG_RUN_ID='scheduled__2025-12-20T02:00:00+00:00'
[2025-12-21T14:58:20.407+0000] {subprocess.py:63} INFO - Tmp dir root location: /tmp
[2025-12-21T14:58:20.407+0000] {subprocess.py:75} INFO - Running command: ['/usr/bin/bash', '-c', '\n    mkdir -p /opt/***/data/raw/demandes\n    echo "✓ Dossiers créés"\n    ']
[2025-12-21T14:58:20.417+0000] {subprocess.py:86} INFO - Output:
[2025-12-21T14:58:20.422+0000] {subprocess.py:93} INFO - ✓ Dossiers créés
[2025-12-21T14:58:20.422+0000] {subprocess.py:97} INFO - Command exited with return code 0
[2025-12-21T14:58:20.457+0000] {taskinstance.py:1138} INFO - Marking task as SUCCESS. dag_id=pipeline_services_publics_togo, task_id=create_directories, execution_date=20251220T020000, start_date=20251221T145820, end_date=20251221T145820
[2025-12-21T14:58:20.495+0000] {local_task_job_runner.py:234} INFO - Task exited with return code 0
[2025-12-21T14:58:20.594+0000] {taskinstance.py:3281} INFO - 1 downstream tasks scheduled from follow-on schedule check
[2025-12-21T15:07:33.470+0000] {taskinstance.py:1957} INFO - Dependencies all met for dep_context=non-requeueable deps ti=<TaskInstance: pipeline_services_publics_togo.create_directories scheduled__2025-12-20T02:00:00+00:00 [queued]>
[2025-12-21T15:07:33.494+0000] {taskinstance.py:1957} INFO - Dependencies all met for dep_context=requeueable deps ti=<TaskInstance: pipeline_services_publics_togo.create_directories scheduled__2025-12-20T02:00:00+00:00 [queued]>
[2025-12-21T15:07:33.494+0000] {taskinstance.py:2171} INFO - Starting attempt 1 of 3
[2025-12-21T15:07:33.529+0000] {taskinstance.py:2192} INFO - Executing <Task(BashOperator): create_directories> on 2025-12-20 02:00:00+00:00
[2025-12-21T15:07:33.540+0000] {standard_task_runner.py:60} INFO - Started process 195 to run task
[2025-12-21T15:07:33.554+0000] {standard_task_runner.py:87} INFO - Running: ['***', 'tasks', 'run', 'pipeline_services_publics_togo', 'create_directories', 'scheduled__2025-12-20T02:00:00+00:00', '--job-id', '6', '--raw', '--subdir', 'DAGS_FOLDER/pipeline_services_publics.py', '--cfg-path', '/tmp/tmpac9pjg7u']
[2025-12-21T15:07:33.560+0000] {standard_task_runner.py:88} INFO - Job 6: Subtask create_directories
[2025-12-21T15:07:33.735+0000] {task_command.py:423} INFO - Running <TaskInstance: pipeline_services_publics_togo.create_directories scheduled__2025-12-20T02:00:00+00:00 [running]> on host 30a6224e97bc
[2025-12-21T15:07:33.836+0000] {taskinstance.py:2481} INFO - Exporting env vars: AIRFLOW_CTX_DAG_OWNER='data-engineer' AIRFLOW_CTX_DAG_ID='pipeline_services_publics_togo' AIRFLOW_CTX_TASK_ID='create_directories' AIRFLOW_CTX_EXECUTION_DATE='2025-12-20T02:00:00+00:00' AIRFLOW_CTX_TRY_NUMBER='1' AIRFLOW_CTX_DAG_RUN_ID='scheduled__2025-12-20T02:00:00+00:00'
[2025-12-21T15:07:33.837+0000] {subprocess.py:63} INFO - Tmp dir root location: /tmp
[2025-12-21T15:07:33.837+0000] {subprocess.py:75} INFO - Running command: ['/usr/bin/bash', '-c', '\n    mkdir -p /opt/***/data/raw/demandes\n    echo "✓ Dossiers créés"\n    ']
[2025-12-21T15:07:33.847+0000] {subprocess.py:86} INFO - Output:
[2025-12-21T15:07:33.852+0000] {subprocess.py:93} INFO - ✓ Dossiers créés
[2025-12-21T15:07:33.852+0000] {subprocess.py:97} INFO - Command exited with return code 0
[2025-12-21T15:07:33.887+0000] {taskinstance.py:1138} INFO - Marking task as SUCCESS. dag_id=pipeline_services_publics_togo, task_id=create_directories, execution_date=20251220T020000, start_date=20251221T150733, end_date=20251221T150733
[2025-12-21T15:07:33.933+0000] {local_task_job_runner.py:234} INFO - Task exited with return code 0
[2025-12-21T15:07:33.978+0000] {taskinstance.py:3281} INFO - 1 downstream tasks scheduled from follow-on schedule check
[2025-12-21T18:06:13.177+0000] {taskinstance.py:1957} INFO - Dependencies all met for dep_context=non-requeueable deps ti=<TaskInstance: pipeline_services_publics_togo.create_directories scheduled__2025-12-20T02:00:00+00:00 [queued]>
[2025-12-21T18:06:13.193+0000] {taskinstance.py:1957} INFO - Dependencies all met for dep_context=requeueable deps ti=<TaskInstance: pipeline_services_publics_togo.create_directories scheduled__2025-12-20T02:00:00+00:00 [queued]>
[2025-12-21T18:06:13.193+0000] {taskinstance.py:2171} INFO - Starting attempt 1 of 3
[2025-12-21T18:06:13.211+0000] {taskinstance.py:2192} INFO - Executing <Task(BashOperator): create_directories> on 2025-12-20 02:00:00+00:00
[2025-12-21T18:06:13.218+0000] {standard_task_runner.py:60} INFO - Started process 215 to run task
[2025-12-21T18:06:13.222+0000] {standard_task_runner.py:87} INFO - Running: ['***', 'tasks', 'run', 'pipeline_services_publics_togo', 'create_directories', 'scheduled__2025-12-20T02:00:00+00:00', '--job-id', '6', '--raw', '--subdir', 'DAGS_FOLDER/pipeline_services_publics.py', '--cfg-path', '/tmp/tmppeu89h5j']
[2025-12-21T18:06:13.226+0000] {standard_task_runner.py:88} INFO - Job 6: Subtask create_directories
[2025-12-21T18:06:13.312+0000] {task_command.py:423} INFO - Running <TaskInstance: pipeline_services_publics_togo.create_directories scheduled__2025-12-20T02:00:00+00:00 [running]> on host eb697cfec325
[2025-12-21T18:06:13.431+0000] {taskinstance.py:2481} INFO - Exporting env vars: AIRFLOW_CTX_DAG_OWNER='data-engineer' AIRFLOW_CTX_DAG_ID='pipeline_services_publics_togo' AIRFLOW_CTX_TASK_ID='create_directories' AIRFLOW_CTX_EXECUTION_DATE='2025-12-20T02:00:00+00:00' AIRFLOW_CTX_TRY_NUMBER='1' AIRFLOW_CTX_DAG_RUN_ID='scheduled__2025-12-20T02:00:00+00:00'
[2025-12-21T18:06:13.432+0000] {subprocess.py:63} INFO - Tmp dir root location: /tmp
[2025-12-21T18:06:13.432+0000] {subprocess.py:75} INFO - Running command: ['/usr/bin/bash', '-c', '\n    mkdir -p /opt/***/data/raw/demandes\n    echo "✓ Dossiers créés"\n    ']
[2025-12-21T18:06:13.445+0000] {subprocess.py:86} INFO - Output:
[2025-12-21T18:06:13.450+0000] {subprocess.py:93} INFO - ✓ Dossiers créés
[2025-12-21T18:06:13.450+0000] {subprocess.py:97} INFO - Command exited with return code 0
[2025-12-21T18:06:13.494+0000] {taskinstance.py:1138} INFO - Marking task as SUCCESS. dag_id=pipeline_services_publics_togo, task_id=create_directories, execution_date=20251220T020000, start_date=20251221T180613, end_date=20251221T180613
[2025-12-21T18:06:13.516+0000] {local_task_job_runner.py:234} INFO - Task exited with return code 0
[2025-12-21T18:06:13.569+0000] {taskinstance.py:3281} INFO - 1 downstream tasks scheduled from follow-on schedule check
[2025-12-21T19:14:47.183+0000] {taskinstance.py:1957} INFO - Dependencies all met for dep_context=non-requeueable deps ti=<TaskInstance: pipeline_services_publics_togo.create_directories scheduled__2025-12-20T02:00:00+00:00 [queued]>
[2025-12-21T19:14:47.202+0000] {taskinstance.py:1957} INFO - Dependencies all met for dep_context=requeueable deps ti=<TaskInstance: pipeline_services_publics_togo.create_directories scheduled__2025-12-20T02:00:00+00:00 [queued]>
[2025-12-21T19:14:47.202+0000] {taskinstance.py:2171} INFO - Starting attempt 1 of 3
[2025-12-21T19:14:47.222+0000] {taskinstance.py:2192} INFO - Executing <Task(BashOperator): create_directories> on 2025-12-20 02:00:00+00:00
[2025-12-21T19:14:47.233+0000] {standard_task_runner.py:60} INFO - Started process 206 to run task
[2025-12-21T19:14:47.236+0000] {standard_task_runner.py:87} INFO - Running: ['***', 'tasks', 'run', 'pipeline_services_publics_togo', 'create_directories', 'scheduled__2025-12-20T02:00:00+00:00', '--job-id', '7', '--raw', '--subdir', 'DAGS_FOLDER/pipeline_services_publics.py', '--cfg-path', '/tmp/tmptnp4uve3']
[2025-12-21T19:14:47.239+0000] {standard_task_runner.py:88} INFO - Job 7: Subtask create_directories
[2025-12-21T19:14:47.328+0000] {task_command.py:423} INFO - Running <TaskInstance: pipeline_services_publics_togo.create_directories scheduled__2025-12-20T02:00:00+00:00 [running]> on host 8a1c1bf9c649
[2025-12-21T19:14:47.484+0000] {taskinstance.py:2481} INFO - Exporting env vars: AIRFLOW_CTX_DAG_OWNER='data-engineer' AIRFLOW_CTX_DAG_ID='pipeline_services_publics_togo' AIRFLOW_CTX_TASK_ID='create_directories' AIRFLOW_CTX_EXECUTION_DATE='2025-12-20T02:00:00+00:00' AIRFLOW_CTX_TRY_NUMBER='1' AIRFLOW_CTX_DAG_RUN_ID='scheduled__2025-12-20T02:00:00+00:00'
[2025-12-21T19:14:47.487+0000] {subprocess.py:63} INFO - Tmp dir root location: /tmp
[2025-12-21T19:14:47.487+0000] {subprocess.py:75} INFO - Running command: ['/usr/bin/bash', '-c', '\n    mkdir -p /opt/data/raw/demandes\n    echo "✓ Dossiers créés"\n    ']
[2025-12-21T19:14:47.499+0000] {subprocess.py:86} INFO - Output:
[2025-12-21T19:14:47.504+0000] {subprocess.py:93} INFO - ✓ Dossiers créés
[2025-12-21T19:14:47.505+0000] {subprocess.py:97} INFO - Command exited with return code 0
[2025-12-21T19:14:47.544+0000] {taskinstance.py:1138} INFO - Marking task as SUCCESS. dag_id=pipeline_services_publics_togo, task_id=create_directories, execution_date=20251220T020000, start_date=20251221T191447, end_date=20251221T191447
[2025-12-21T19:14:47.585+0000] {local_task_job_runner.py:234} INFO - Task exited with return code 0
[2025-12-21T19:14:47.618+0000] {taskinstance.py:3281} INFO - 1 downstream tasks scheduled from follow-on schedule check
