[2025-12-21T18:48:22.762+0000] {taskinstance.py:1957} INFO - Dependencies all met for dep_context=non-requeueable deps ti=<TaskInstance: pipeline_services_publics_togo.ingestion_mongodb manual__2025-12-21T18:43:07.419718+00:00 [queued]>
[2025-12-21T18:48:22.789+0000] {taskinstance.py:1957} INFO - Dependencies all met for dep_context=requeueable deps ti=<TaskInstance: pipeline_services_publics_togo.ingestion_mongodb manual__2025-12-21T18:43:07.419718+00:00 [queued]>
[2025-12-21T18:48:22.790+0000] {taskinstance.py:2171} INFO - Starting attempt 2 of 3
[2025-12-21T18:48:22.830+0000] {taskinstance.py:2192} INFO - Executing <Task(BashOperator): ingestion_mongodb> on 2025-12-21 18:43:07.419718+00:00
[2025-12-21T18:48:22.840+0000] {standard_task_runner.py:60} INFO - Started process 876 to run task
[2025-12-21T18:48:22.847+0000] {standard_task_runner.py:87} INFO - Running: ['***', 'tasks', 'run', 'pipeline_services_publics_togo', 'ingestion_mongodb', 'manual__2025-12-21T18:43:07.419718+00:00', '--job-id', '19', '--raw', '--subdir', 'DAGS_FOLDER/pipeline_services_publics.py', '--cfg-path', '/tmp/tmpyjdxdubi']
[2025-12-21T18:48:22.853+0000] {standard_task_runner.py:88} INFO - Job 19: Subtask ingestion_mongodb
[2025-12-21T18:48:23.006+0000] {task_command.py:423} INFO - Running <TaskInstance: pipeline_services_publics_togo.ingestion_mongodb manual__2025-12-21T18:43:07.419718+00:00 [running]> on host c322b3887458
[2025-12-21T18:48:23.245+0000] {taskinstance.py:2481} INFO - Exporting env vars: AIRFLOW_CTX_DAG_OWNER='data-engineer' AIRFLOW_CTX_DAG_ID='pipeline_services_publics_togo' AIRFLOW_CTX_TASK_ID='ingestion_mongodb' AIRFLOW_CTX_EXECUTION_DATE='2025-12-21T18:43:07.419718+00:00' AIRFLOW_CTX_TRY_NUMBER='2' AIRFLOW_CTX_DAG_RUN_ID='manual__2025-12-21T18:43:07.419718+00:00'
[2025-12-21T18:48:23.248+0000] {subprocess.py:63} INFO - Tmp dir root location: /tmp
[2025-12-21T18:48:23.249+0000] {subprocess.py:75} INFO - Running command: ['/usr/bin/bash', '-c', '\n    /opt/spark/bin/spark-submit       --master spark://spark-master:7077       --jars /opt/spark/jars/mongodb/mongo-spark-connector_2.12-10.5.0.jar,/opt/spark/jars/mongodb/mongodb-driver-sync-5.1.4.jar,/opt/spark/jars/mongodb/bson-5.1.4.jar,/opt/spark/jars/mongodb/mongodb-driver-core-5.1.4.jar,/opt/spark/jars/mongodb/bson-record-codec-5.1.4.jar       --executor-memory 2G       --driver-memory 1G       /opt/***/spark_jobs/ingestion.py\n    ']
[2025-12-21T18:48:23.279+0000] {subprocess.py:86} INFO - Output:
[2025-12-21T18:48:25.432+0000] {subprocess.py:93} INFO - 25/12/21 18:48:25 WARN NativeCodeLoader: Unable to load native-hadoop library for your platform... using builtin-java classes where applicable
[2025-12-21T18:48:25.674+0000] {subprocess.py:93} INFO - 25/12/21 18:48:25 WARN DependencyUtils: Local jar /opt/spark/jars/mongodb/mongo-spark-connector_2.12-10.5.0.jar does not exist, skipping.
[2025-12-21T18:48:25.675+0000] {subprocess.py:93} INFO - 25/12/21 18:48:25 WARN DependencyUtils: Local jar /opt/spark/jars/mongodb/mongodb-driver-sync-5.1.4.jar does not exist, skipping.
[2025-12-21T18:48:25.675+0000] {subprocess.py:93} INFO - 25/12/21 18:48:25 WARN DependencyUtils: Local jar /opt/spark/jars/mongodb/bson-5.1.4.jar does not exist, skipping.
[2025-12-21T18:48:25.675+0000] {subprocess.py:93} INFO - 25/12/21 18:48:25 WARN DependencyUtils: Local jar /opt/spark/jars/mongodb/mongodb-driver-core-5.1.4.jar does not exist, skipping.
[2025-12-21T18:48:25.675+0000] {subprocess.py:93} INFO - 25/12/21 18:48:25 WARN DependencyUtils: Local jar /opt/spark/jars/mongodb/bson-record-codec-5.1.4.jar does not exist, skipping.
[2025-12-21T18:48:26.485+0000] {subprocess.py:93} INFO - 25/12/21 18:48:26 INFO SparkContext: Running Spark version 3.5.1
[2025-12-21T18:48:26.489+0000] {subprocess.py:93} INFO - 25/12/21 18:48:26 INFO SparkContext: OS info Linux, 6.8.0-90-generic, amd64
[2025-12-21T18:48:26.489+0000] {subprocess.py:93} INFO - 25/12/21 18:48:26 INFO SparkContext: Java version 17.0.17
[2025-12-21T18:48:26.541+0000] {subprocess.py:93} INFO - 25/12/21 18:48:26 INFO ResourceUtils: ==============================================================
[2025-12-21T18:48:26.543+0000] {subprocess.py:93} INFO - 25/12/21 18:48:26 INFO ResourceUtils: No custom resources configured for spark.driver.
[2025-12-21T18:48:26.544+0000] {subprocess.py:93} INFO - 25/12/21 18:48:26 INFO ResourceUtils: ==============================================================
[2025-12-21T18:48:26.544+0000] {subprocess.py:93} INFO - 25/12/21 18:48:26 INFO SparkContext: Submitted application: Ingestion_MongoDB_Raw
[2025-12-21T18:48:26.604+0000] {subprocess.py:93} INFO - 25/12/21 18:48:26 INFO ResourceProfile: Default ResourceProfile created, executor resources: Map(memory -> name: memory, amount: 2048, script: , vendor: , offHeap -> name: offHeap, amount: 0, script: , vendor: ), task resources: Map(cpus -> name: cpus, amount: 1.0)
[2025-12-21T18:48:26.625+0000] {subprocess.py:93} INFO - 25/12/21 18:48:26 INFO ResourceProfile: Limiting resource is cpu
[2025-12-21T18:48:26.627+0000] {subprocess.py:93} INFO - 25/12/21 18:48:26 INFO ResourceProfileManager: Added ResourceProfile id: 0
[2025-12-21T18:48:26.729+0000] {subprocess.py:93} INFO - 25/12/21 18:48:26 INFO SecurityManager: Changing view acls to: ***
[2025-12-21T18:48:26.730+0000] {subprocess.py:93} INFO - 25/12/21 18:48:26 INFO SecurityManager: Changing modify acls to: ***
[2025-12-21T18:48:26.731+0000] {subprocess.py:93} INFO - 25/12/21 18:48:26 INFO SecurityManager: Changing view acls groups to:
[2025-12-21T18:48:26.731+0000] {subprocess.py:93} INFO - 25/12/21 18:48:26 INFO SecurityManager: Changing modify acls groups to:
[2025-12-21T18:48:26.732+0000] {subprocess.py:93} INFO - 25/12/21 18:48:26 INFO SecurityManager: SecurityManager: authentication disabled; ui acls disabled; users with view permissions: ***; groups with view permissions: EMPTY; users with modify permissions: ***; groups with modify permissions: EMPTY
[2025-12-21T18:48:26.929+0000] {subprocess.py:93} INFO - 25/12/21 18:48:26 INFO Utils: Successfully started service 'sparkDriver' on port 46695.
[2025-12-21T18:48:26.951+0000] {subprocess.py:93} INFO - 25/12/21 18:48:26 INFO SparkEnv: Registering MapOutputTracker
[2025-12-21T18:48:26.981+0000] {subprocess.py:93} INFO - 25/12/21 18:48:26 INFO SparkEnv: Registering BlockManagerMaster
[2025-12-21T18:48:26.998+0000] {subprocess.py:93} INFO - 25/12/21 18:48:26 INFO BlockManagerMasterEndpoint: Using org.apache.spark.storage.DefaultTopologyMapper for getting topology information
[2025-12-21T18:48:26.998+0000] {subprocess.py:93} INFO - 25/12/21 18:48:26 INFO BlockManagerMasterEndpoint: BlockManagerMasterEndpoint up
[2025-12-21T18:48:27.003+0000] {subprocess.py:93} INFO - 25/12/21 18:48:27 INFO SparkEnv: Registering BlockManagerMasterHeartbeat
[2025-12-21T18:48:27.020+0000] {subprocess.py:93} INFO - 25/12/21 18:48:27 INFO DiskBlockManager: Created local directory at /tmp/blockmgr-36e08898-b218-479e-a184-a1478890373b
[2025-12-21T18:48:27.033+0000] {subprocess.py:93} INFO - 25/12/21 18:48:27 INFO MemoryStore: MemoryStore started with capacity 434.4 MiB
[2025-12-21T18:48:27.050+0000] {subprocess.py:93} INFO - 25/12/21 18:48:27 INFO SparkEnv: Registering OutputCommitCoordinator
[2025-12-21T18:48:27.193+0000] {subprocess.py:93} INFO - 25/12/21 18:48:27 INFO JettyUtils: Start Jetty 0.0.0.0:4040 for SparkUI
[2025-12-21T18:48:27.260+0000] {subprocess.py:93} INFO - 25/12/21 18:48:27 INFO Utils: Successfully started service 'SparkUI' on port 4040.
[2025-12-21T18:48:27.291+0000] {subprocess.py:93} INFO - 25/12/21 18:48:27 ERROR SparkContext: Failed to add file:/opt/spark/jars/mongodb/mongo-spark-connector_2.12-10.5.0.jar to Spark environment
[2025-12-21T18:48:27.291+0000] {subprocess.py:93} INFO - java.io.FileNotFoundException: Jar /opt/spark/jars/mongodb/mongo-spark-connector_2.12-10.5.0.jar not found
[2025-12-21T18:48:27.291+0000] {subprocess.py:93} INFO - 	at org.apache.spark.SparkContext.addLocalJarFile$1(SparkContext.scala:2100)
[2025-12-21T18:48:27.291+0000] {subprocess.py:93} INFO - 	at org.apache.spark.SparkContext.addJar(SparkContext.scala:2156)
[2025-12-21T18:48:27.291+0000] {subprocess.py:93} INFO - 	at org.apache.spark.SparkContext.$anonfun$new$15(SparkContext.scala:526)
[2025-12-21T18:48:27.291+0000] {subprocess.py:93} INFO - 	at org.apache.spark.SparkContext.$anonfun$new$15$adapted(SparkContext.scala:526)
[2025-12-21T18:48:27.292+0000] {subprocess.py:93} INFO - 	at scala.collection.mutable.ResizableArray.foreach(ResizableArray.scala:62)
[2025-12-21T18:48:27.292+0000] {subprocess.py:93} INFO - 	at scala.collection.mutable.ResizableArray.foreach$(ResizableArray.scala:55)
[2025-12-21T18:48:27.292+0000] {subprocess.py:93} INFO - 	at scala.collection.mutable.ArrayBuffer.foreach(ArrayBuffer.scala:49)
[2025-12-21T18:48:27.292+0000] {subprocess.py:93} INFO - 	at org.apache.spark.SparkContext.<init>(SparkContext.scala:526)
[2025-12-21T18:48:27.292+0000] {subprocess.py:93} INFO - 	at org.apache.spark.api.java.JavaSparkContext.<init>(JavaSparkContext.scala:58)
[2025-12-21T18:48:27.292+0000] {subprocess.py:93} INFO - 	at java.base/jdk.internal.reflect.NativeConstructorAccessorImpl.newInstance0(Native Method)
[2025-12-21T18:48:27.292+0000] {subprocess.py:93} INFO - 	at java.base/jdk.internal.reflect.NativeConstructorAccessorImpl.newInstance(NativeConstructorAccessorImpl.java:77)
[2025-12-21T18:48:27.292+0000] {subprocess.py:93} INFO - 	at java.base/jdk.internal.reflect.DelegatingConstructorAccessorImpl.newInstance(DelegatingConstructorAccessorImpl.java:45)
[2025-12-21T18:48:27.292+0000] {subprocess.py:93} INFO - 	at java.base/java.lang.reflect.Constructor.newInstanceWithCaller(Constructor.java:500)
[2025-12-21T18:48:27.292+0000] {subprocess.py:93} INFO - 	at java.base/java.lang.reflect.Constructor.newInstance(Constructor.java:481)
[2025-12-21T18:48:27.293+0000] {subprocess.py:93} INFO - 	at py4j.reflection.MethodInvoker.invoke(MethodInvoker.java:247)
[2025-12-21T18:48:27.293+0000] {subprocess.py:93} INFO - 	at py4j.reflection.ReflectionEngine.invoke(ReflectionEngine.java:374)
[2025-12-21T18:48:27.293+0000] {subprocess.py:93} INFO - 	at py4j.Gateway.invoke(Gateway.java:238)
[2025-12-21T18:48:27.293+0000] {subprocess.py:93} INFO - 	at py4j.commands.ConstructorCommand.invokeConstructor(ConstructorCommand.java:80)
[2025-12-21T18:48:27.293+0000] {subprocess.py:93} INFO - 	at py4j.commands.ConstructorCommand.execute(ConstructorCommand.java:69)
[2025-12-21T18:48:27.293+0000] {subprocess.py:93} INFO - 	at py4j.ClientServerConnection.waitForCommands(ClientServerConnection.java:182)
[2025-12-21T18:48:27.293+0000] {subprocess.py:93} INFO - 	at py4j.ClientServerConnection.run(ClientServerConnection.java:106)
[2025-12-21T18:48:27.293+0000] {subprocess.py:93} INFO - 	at java.base/java.lang.Thread.run(Thread.java:840)
[2025-12-21T18:48:27.294+0000] {subprocess.py:93} INFO - 25/12/21 18:48:27 ERROR SparkContext: Failed to add file:/opt/spark/jars/mongodb/mongodb-driver-sync-5.1.4.jar to Spark environment
[2025-12-21T18:48:27.295+0000] {subprocess.py:93} INFO - java.io.FileNotFoundException: Jar /opt/spark/jars/mongodb/mongodb-driver-sync-5.1.4.jar not found
[2025-12-21T18:48:27.295+0000] {subprocess.py:93} INFO - 	at org.apache.spark.SparkContext.addLocalJarFile$1(SparkContext.scala:2100)
[2025-12-21T18:48:27.296+0000] {subprocess.py:93} INFO - 	at org.apache.spark.SparkContext.addJar(SparkContext.scala:2156)
[2025-12-21T18:48:27.296+0000] {subprocess.py:93} INFO - 	at org.apache.spark.SparkContext.$anonfun$new$15(SparkContext.scala:526)
[2025-12-21T18:48:27.296+0000] {subprocess.py:93} INFO - 	at org.apache.spark.SparkContext.$anonfun$new$15$adapted(SparkContext.scala:526)
[2025-12-21T18:48:27.297+0000] {subprocess.py:93} INFO - 	at scala.collection.mutable.ResizableArray.foreach(ResizableArray.scala:62)
[2025-12-21T18:48:27.297+0000] {subprocess.py:93} INFO - 	at scala.collection.mutable.ResizableArray.foreach$(ResizableArray.scala:55)
[2025-12-21T18:48:27.298+0000] {subprocess.py:93} INFO - 	at scala.collection.mutable.ArrayBuffer.foreach(ArrayBuffer.scala:49)
[2025-12-21T18:48:27.298+0000] {subprocess.py:93} INFO - 	at org.apache.spark.SparkContext.<init>(SparkContext.scala:526)
[2025-12-21T18:48:27.298+0000] {subprocess.py:93} INFO - 	at org.apache.spark.api.java.JavaSparkContext.<init>(JavaSparkContext.scala:58)
[2025-12-21T18:48:27.298+0000] {subprocess.py:93} INFO - 	at java.base/jdk.internal.reflect.NativeConstructorAccessorImpl.newInstance0(Native Method)
[2025-12-21T18:48:27.298+0000] {subprocess.py:93} INFO - 	at java.base/jdk.internal.reflect.NativeConstructorAccessorImpl.newInstance(NativeConstructorAccessorImpl.java:77)
[2025-12-21T18:48:27.298+0000] {subprocess.py:93} INFO - 	at java.base/jdk.internal.reflect.DelegatingConstructorAccessorImpl.newInstance(DelegatingConstructorAccessorImpl.java:45)
[2025-12-21T18:48:27.299+0000] {subprocess.py:93} INFO - 	at java.base/java.lang.reflect.Constructor.newInstanceWithCaller(Constructor.java:500)
[2025-12-21T18:48:27.299+0000] {subprocess.py:93} INFO - 	at java.base/java.lang.reflect.Constructor.newInstance(Constructor.java:481)
[2025-12-21T18:48:27.299+0000] {subprocess.py:93} INFO - 	at py4j.reflection.MethodInvoker.invoke(MethodInvoker.java:247)
[2025-12-21T18:48:27.299+0000] {subprocess.py:93} INFO - 	at py4j.reflection.ReflectionEngine.invoke(ReflectionEngine.java:374)
[2025-12-21T18:48:27.299+0000] {subprocess.py:93} INFO - 	at py4j.Gateway.invoke(Gateway.java:238)
[2025-12-21T18:48:27.299+0000] {subprocess.py:93} INFO - 	at py4j.commands.ConstructorCommand.invokeConstructor(ConstructorCommand.java:80)
[2025-12-21T18:48:27.299+0000] {subprocess.py:93} INFO - 	at py4j.commands.ConstructorCommand.execute(ConstructorCommand.java:69)
[2025-12-21T18:48:27.299+0000] {subprocess.py:93} INFO - 	at py4j.ClientServerConnection.waitForCommands(ClientServerConnection.java:182)
[2025-12-21T18:48:27.299+0000] {subprocess.py:93} INFO - 	at py4j.ClientServerConnection.run(ClientServerConnection.java:106)
[2025-12-21T18:48:27.300+0000] {subprocess.py:93} INFO - 	at java.base/java.lang.Thread.run(Thread.java:840)
[2025-12-21T18:48:27.300+0000] {subprocess.py:93} INFO - 25/12/21 18:48:27 ERROR SparkContext: Failed to add file:/opt/spark/jars/mongodb/bson-5.1.4.jar to Spark environment
[2025-12-21T18:48:27.301+0000] {subprocess.py:93} INFO - java.io.FileNotFoundException: Jar /opt/spark/jars/mongodb/bson-5.1.4.jar not found
[2025-12-21T18:48:27.301+0000] {subprocess.py:93} INFO - 	at org.apache.spark.SparkContext.addLocalJarFile$1(SparkContext.scala:2100)
[2025-12-21T18:48:27.302+0000] {subprocess.py:93} INFO - 	at org.apache.spark.SparkContext.addJar(SparkContext.scala:2156)
[2025-12-21T18:48:27.302+0000] {subprocess.py:93} INFO - 	at org.apache.spark.SparkContext.$anonfun$new$15(SparkContext.scala:526)
[2025-12-21T18:48:27.303+0000] {subprocess.py:93} INFO - 	at org.apache.spark.SparkContext.$anonfun$new$15$adapted(SparkContext.scala:526)
[2025-12-21T18:48:27.303+0000] {subprocess.py:93} INFO - 	at scala.collection.mutable.ResizableArray.foreach(ResizableArray.scala:62)
[2025-12-21T18:48:27.303+0000] {subprocess.py:93} INFO - 	at scala.collection.mutable.ResizableArray.foreach$(ResizableArray.scala:55)
[2025-12-21T18:48:27.304+0000] {subprocess.py:93} INFO - 	at scala.collection.mutable.ArrayBuffer.foreach(ArrayBuffer.scala:49)
[2025-12-21T18:48:27.304+0000] {subprocess.py:93} INFO - 	at org.apache.spark.SparkContext.<init>(SparkContext.scala:526)
[2025-12-21T18:48:27.304+0000] {subprocess.py:93} INFO - 	at org.apache.spark.api.java.JavaSparkContext.<init>(JavaSparkContext.scala:58)
[2025-12-21T18:48:27.304+0000] {subprocess.py:93} INFO - 	at java.base/jdk.internal.reflect.NativeConstructorAccessorImpl.newInstance0(Native Method)
[2025-12-21T18:48:27.304+0000] {subprocess.py:93} INFO - 	at java.base/jdk.internal.reflect.NativeConstructorAccessorImpl.newInstance(NativeConstructorAccessorImpl.java:77)
[2025-12-21T18:48:27.304+0000] {subprocess.py:93} INFO - 	at java.base/jdk.internal.reflect.DelegatingConstructorAccessorImpl.newInstance(DelegatingConstructorAccessorImpl.java:45)
[2025-12-21T18:48:27.305+0000] {subprocess.py:93} INFO - 	at java.base/java.lang.reflect.Constructor.newInstanceWithCaller(Constructor.java:500)
[2025-12-21T18:48:27.305+0000] {subprocess.py:93} INFO - 	at java.base/java.lang.reflect.Constructor.newInstance(Constructor.java:481)
[2025-12-21T18:48:27.305+0000] {subprocess.py:93} INFO - 	at py4j.reflection.MethodInvoker.invoke(MethodInvoker.java:247)
[2025-12-21T18:48:27.305+0000] {subprocess.py:93} INFO - 	at py4j.reflection.ReflectionEngine.invoke(ReflectionEngine.java:374)
[2025-12-21T18:48:27.305+0000] {subprocess.py:93} INFO - 	at py4j.Gateway.invoke(Gateway.java:238)
[2025-12-21T18:48:27.305+0000] {subprocess.py:93} INFO - 	at py4j.commands.ConstructorCommand.invokeConstructor(ConstructorCommand.java:80)
[2025-12-21T18:48:27.305+0000] {subprocess.py:93} INFO - 	at py4j.commands.ConstructorCommand.execute(ConstructorCommand.java:69)
[2025-12-21T18:48:27.305+0000] {subprocess.py:93} INFO - 	at py4j.ClientServerConnection.waitForCommands(ClientServerConnection.java:182)
[2025-12-21T18:48:27.305+0000] {subprocess.py:93} INFO - 	at py4j.ClientServerConnection.run(ClientServerConnection.java:106)
[2025-12-21T18:48:27.305+0000] {subprocess.py:93} INFO - 	at java.base/java.lang.Thread.run(Thread.java:840)
[2025-12-21T18:48:27.306+0000] {subprocess.py:93} INFO - 25/12/21 18:48:27 ERROR SparkContext: Failed to add file:/opt/spark/jars/mongodb/mongodb-driver-core-5.1.4.jar to Spark environment
[2025-12-21T18:48:27.306+0000] {subprocess.py:93} INFO - java.io.FileNotFoundException: Jar /opt/spark/jars/mongodb/mongodb-driver-core-5.1.4.jar not found
[2025-12-21T18:48:27.306+0000] {subprocess.py:93} INFO - 	at org.apache.spark.SparkContext.addLocalJarFile$1(SparkContext.scala:2100)
[2025-12-21T18:48:27.306+0000] {subprocess.py:93} INFO - 	at org.apache.spark.SparkContext.addJar(SparkContext.scala:2156)
[2025-12-21T18:48:27.306+0000] {subprocess.py:93} INFO - 	at org.apache.spark.SparkContext.$anonfun$new$15(SparkContext.scala:526)
[2025-12-21T18:48:27.306+0000] {subprocess.py:93} INFO - 	at org.apache.spark.SparkContext.$anonfun$new$15$adapted(SparkContext.scala:526)
[2025-12-21T18:48:27.306+0000] {subprocess.py:93} INFO - 	at scala.collection.mutable.ResizableArray.foreach(ResizableArray.scala:62)
[2025-12-21T18:48:27.306+0000] {subprocess.py:93} INFO - 	at scala.collection.mutable.ResizableArray.foreach$(ResizableArray.scala:55)
[2025-12-21T18:48:27.306+0000] {subprocess.py:93} INFO - 	at scala.collection.mutable.ArrayBuffer.foreach(ArrayBuffer.scala:49)
[2025-12-21T18:48:27.306+0000] {subprocess.py:93} INFO - 	at org.apache.spark.SparkContext.<init>(SparkContext.scala:526)
[2025-12-21T18:48:27.307+0000] {subprocess.py:93} INFO - 	at org.apache.spark.api.java.JavaSparkContext.<init>(JavaSparkContext.scala:58)
[2025-12-21T18:48:27.307+0000] {subprocess.py:93} INFO - 	at java.base/jdk.internal.reflect.NativeConstructorAccessorImpl.newInstance0(Native Method)
[2025-12-21T18:48:27.307+0000] {subprocess.py:93} INFO - 	at java.base/jdk.internal.reflect.NativeConstructorAccessorImpl.newInstance(NativeConstructorAccessorImpl.java:77)
[2025-12-21T18:48:27.307+0000] {subprocess.py:93} INFO - 	at java.base/jdk.internal.reflect.DelegatingConstructorAccessorImpl.newInstance(DelegatingConstructorAccessorImpl.java:45)
[2025-12-21T18:48:27.307+0000] {subprocess.py:93} INFO - 	at java.base/java.lang.reflect.Constructor.newInstanceWithCaller(Constructor.java:500)
[2025-12-21T18:48:27.307+0000] {subprocess.py:93} INFO - 	at java.base/java.lang.reflect.Constructor.newInstance(Constructor.java:481)
[2025-12-21T18:48:27.307+0000] {subprocess.py:93} INFO - 	at py4j.reflection.MethodInvoker.invoke(MethodInvoker.java:247)
[2025-12-21T18:48:27.307+0000] {subprocess.py:93} INFO - 	at py4j.reflection.ReflectionEngine.invoke(ReflectionEngine.java:374)
[2025-12-21T18:48:27.307+0000] {subprocess.py:93} INFO - 	at py4j.Gateway.invoke(Gateway.java:238)
[2025-12-21T18:48:27.309+0000] {subprocess.py:93} INFO - 	at py4j.commands.ConstructorCommand.invokeConstructor(ConstructorCommand.java:80)
[2025-12-21T18:48:27.309+0000] {subprocess.py:93} INFO - 	at py4j.commands.ConstructorCommand.execute(ConstructorCommand.java:69)
[2025-12-21T18:48:27.309+0000] {subprocess.py:93} INFO - 	at py4j.ClientServerConnection.waitForCommands(ClientServerConnection.java:182)
[2025-12-21T18:48:27.309+0000] {subprocess.py:93} INFO - 	at py4j.ClientServerConnection.run(ClientServerConnection.java:106)
[2025-12-21T18:48:27.309+0000] {subprocess.py:93} INFO - 	at java.base/java.lang.Thread.run(Thread.java:840)
[2025-12-21T18:48:27.309+0000] {subprocess.py:93} INFO - 25/12/21 18:48:27 ERROR SparkContext: Failed to add file:/opt/spark/jars/mongodb/bson-record-codec-5.1.4.jar to Spark environment
[2025-12-21T18:48:27.309+0000] {subprocess.py:93} INFO - java.io.FileNotFoundException: Jar /opt/spark/jars/mongodb/bson-record-codec-5.1.4.jar not found
[2025-12-21T18:48:27.309+0000] {subprocess.py:93} INFO - 	at org.apache.spark.SparkContext.addLocalJarFile$1(SparkContext.scala:2100)
[2025-12-21T18:48:27.310+0000] {subprocess.py:93} INFO - 	at org.apache.spark.SparkContext.addJar(SparkContext.scala:2156)
[2025-12-21T18:48:27.310+0000] {subprocess.py:93} INFO - 	at org.apache.spark.SparkContext.$anonfun$new$15(SparkContext.scala:526)
[2025-12-21T18:48:27.310+0000] {subprocess.py:93} INFO - 	at org.apache.spark.SparkContext.$anonfun$new$15$adapted(SparkContext.scala:526)
[2025-12-21T18:48:27.310+0000] {subprocess.py:93} INFO - 	at scala.collection.mutable.ResizableArray.foreach(ResizableArray.scala:62)
[2025-12-21T18:48:27.310+0000] {subprocess.py:93} INFO - 	at scala.collection.mutable.ResizableArray.foreach$(ResizableArray.scala:55)
[2025-12-21T18:48:27.310+0000] {subprocess.py:93} INFO - 	at scala.collection.mutable.ArrayBuffer.foreach(ArrayBuffer.scala:49)
[2025-12-21T18:48:27.310+0000] {subprocess.py:93} INFO - 	at org.apache.spark.SparkContext.<init>(SparkContext.scala:526)
[2025-12-21T18:48:27.310+0000] {subprocess.py:93} INFO - 	at org.apache.spark.api.java.JavaSparkContext.<init>(JavaSparkContext.scala:58)
[2025-12-21T18:48:27.310+0000] {subprocess.py:93} INFO - 	at java.base/jdk.internal.reflect.NativeConstructorAccessorImpl.newInstance0(Native Method)
[2025-12-21T18:48:27.311+0000] {subprocess.py:93} INFO - 	at java.base/jdk.internal.reflect.NativeConstructorAccessorImpl.newInstance(NativeConstructorAccessorImpl.java:77)
[2025-12-21T18:48:27.311+0000] {subprocess.py:93} INFO - 	at java.base/jdk.internal.reflect.DelegatingConstructorAccessorImpl.newInstance(DelegatingConstructorAccessorImpl.java:45)
[2025-12-21T18:48:27.311+0000] {subprocess.py:93} INFO - 	at java.base/java.lang.reflect.Constructor.newInstanceWithCaller(Constructor.java:500)
[2025-12-21T18:48:27.311+0000] {subprocess.py:93} INFO - 	at java.base/java.lang.reflect.Constructor.newInstance(Constructor.java:481)
[2025-12-21T18:48:27.311+0000] {subprocess.py:93} INFO - 	at py4j.reflection.MethodInvoker.invoke(MethodInvoker.java:247)
[2025-12-21T18:48:27.311+0000] {subprocess.py:93} INFO - 	at py4j.reflection.ReflectionEngine.invoke(ReflectionEngine.java:374)
[2025-12-21T18:48:27.311+0000] {subprocess.py:93} INFO - 	at py4j.Gateway.invoke(Gateway.java:238)
[2025-12-21T18:48:27.311+0000] {subprocess.py:93} INFO - 	at py4j.commands.ConstructorCommand.invokeConstructor(ConstructorCommand.java:80)
[2025-12-21T18:48:27.311+0000] {subprocess.py:93} INFO - 	at py4j.commands.ConstructorCommand.execute(ConstructorCommand.java:69)
[2025-12-21T18:48:27.311+0000] {subprocess.py:93} INFO - 	at py4j.ClientServerConnection.waitForCommands(ClientServerConnection.java:182)
[2025-12-21T18:48:27.311+0000] {subprocess.py:93} INFO - 	at py4j.ClientServerConnection.run(ClientServerConnection.java:106)
[2025-12-21T18:48:27.312+0000] {subprocess.py:93} INFO - 	at java.base/java.lang.Thread.run(Thread.java:840)
[2025-12-21T18:48:27.372+0000] {subprocess.py:93} INFO - 25/12/21 18:48:27 INFO StandaloneAppClient$ClientEndpoint: Connecting to master spark://spark-master:7077...
[2025-12-21T18:48:27.416+0000] {subprocess.py:93} INFO - 25/12/21 18:48:27 INFO TransportClientFactory: Successfully created connection to spark-master/172.18.0.2:7077 after 23 ms (0 ms spent in bootstraps)
[2025-12-21T18:48:27.521+0000] {subprocess.py:93} INFO - 25/12/21 18:48:27 INFO StandaloneSchedulerBackend: Connected to Spark cluster with app ID app-20251221184827-0005
[2025-12-21T18:48:27.521+0000] {subprocess.py:93} INFO - 25/12/21 18:48:27 INFO StandaloneAppClient$ClientEndpoint: Executor added: app-20251221184827-0005/0 on worker-20251221184210-172.18.0.5-36313 (172.18.0.5:36313) with 2 core(s)
[2025-12-21T18:48:27.532+0000] {subprocess.py:93} INFO - 25/12/21 18:48:27 INFO StandaloneSchedulerBackend: Granted executor ID app-20251221184827-0005/0 on hostPort 172.18.0.5:36313 with 2 core(s), 2.0 GiB RAM
[2025-12-21T18:48:27.547+0000] {subprocess.py:93} INFO - 25/12/21 18:48:27 INFO Utils: Successfully started service 'org.apache.spark.network.netty.NettyBlockTransferService' on port 36805.
[2025-12-21T18:48:27.547+0000] {subprocess.py:93} INFO - 25/12/21 18:48:27 INFO NettyBlockTransferService: Server created on c322b3887458:36805
[2025-12-21T18:48:27.550+0000] {subprocess.py:93} INFO - 25/12/21 18:48:27 INFO BlockManager: Using org.apache.spark.storage.RandomBlockReplicationPolicy for block replication policy
[2025-12-21T18:48:27.565+0000] {subprocess.py:93} INFO - 25/12/21 18:48:27 INFO BlockManagerMaster: Registering BlockManager BlockManagerId(driver, c322b3887458, 36805, None)
[2025-12-21T18:48:27.565+0000] {subprocess.py:93} INFO - 25/12/21 18:48:27 INFO StandaloneAppClient$ClientEndpoint: Executor updated: app-20251221184827-0005/0 is now RUNNING
[2025-12-21T18:48:27.569+0000] {subprocess.py:93} INFO - 25/12/21 18:48:27 INFO BlockManagerMasterEndpoint: Registering block manager c322b3887458:36805 with 434.4 MiB RAM, BlockManagerId(driver, c322b3887458, 36805, None)
[2025-12-21T18:48:27.574+0000] {subprocess.py:93} INFO - 25/12/21 18:48:27 INFO BlockManagerMaster: Registered BlockManager BlockManagerId(driver, c322b3887458, 36805, None)
[2025-12-21T18:48:27.574+0000] {subprocess.py:93} INFO - 25/12/21 18:48:27 INFO BlockManager: Initialized BlockManager: BlockManagerId(driver, c322b3887458, 36805, None)
[2025-12-21T18:48:27.853+0000] {subprocess.py:93} INFO - 25/12/21 18:48:27 INFO StandaloneSchedulerBackend: SchedulerBackend is ready for scheduling beginning after reached minRegisteredResourcesRatio: 0.0
[2025-12-21T18:48:28.107+0000] {subprocess.py:93} INFO - 25/12/21 18:48:28 INFO SharedState: Setting hive.metastore.warehouse.dir ('null') to the value of spark.sql.warehouse.dir.
[2025-12-21T18:48:28.115+0000] {subprocess.py:93} INFO - 25/12/21 18:48:28 INFO SharedState: Warehouse path is 'file:/tmp/***tmpw8yqsk8y/spark-warehouse'.
[2025-12-21T18:48:29.671+0000] {subprocess.py:93} INFO - Traceback (most recent call last):
[2025-12-21T18:48:29.674+0000] {subprocess.py:93} INFO -   File "/opt/***/spark_jobs/ingestion.py", line 23, in <module>
[2025-12-21T18:48:29.674+0000] {subprocess.py:93} INFO -     df = spark.read.format("mongodb").load()
[2025-12-21T18:48:29.674+0000] {subprocess.py:93} INFO -   File "/opt/spark/python/lib/pyspark.zip/pyspark/sql/readwriter.py", line 314, in load
[2025-12-21T18:48:29.680+0000] {subprocess.py:93} INFO -   File "/opt/spark/python/lib/py4j-0.10.9.7-src.zip/py4j/java_gateway.py", line 1322, in __call__
[2025-12-21T18:48:29.680+0000] {subprocess.py:93} INFO -   File "/opt/spark/python/lib/pyspark.zip/pyspark/errors/exceptions/captured.py", line 179, in deco
[2025-12-21T18:48:29.680+0000] {subprocess.py:93} INFO -   File "/opt/spark/python/lib/py4j-0.10.9.7-src.zip/py4j/protocol.py", line 326, in get_return_value
[2025-12-21T18:48:29.681+0000] {subprocess.py:93} INFO - py4j.protocol.Py4JJavaError: An error occurred while calling o37.load.
[2025-12-21T18:48:29.681+0000] {subprocess.py:93} INFO - : org.apache.spark.SparkClassNotFoundException: [DATA_SOURCE_NOT_FOUND] Failed to find the data source: mongodb. Please find packages at `https://spark.apache.org/third-party-projects.html`.
[2025-12-21T18:48:29.681+0000] {subprocess.py:93} INFO - 	at org.apache.spark.sql.errors.QueryExecutionErrors$.dataSourceNotFoundError(QueryExecutionErrors.scala:724)
[2025-12-21T18:48:29.681+0000] {subprocess.py:93} INFO - 	at org.apache.spark.sql.execution.datasources.DataSource$.lookupDataSource(DataSource.scala:647)
[2025-12-21T18:48:29.681+0000] {subprocess.py:93} INFO - 	at org.apache.spark.sql.execution.datasources.DataSource$.lookupDataSourceV2(DataSource.scala:697)
[2025-12-21T18:48:29.681+0000] {subprocess.py:93} INFO - 	at org.apache.spark.sql.DataFrameReader.load(DataFrameReader.scala:208)
[2025-12-21T18:48:29.681+0000] {subprocess.py:93} INFO - 	at org.apache.spark.sql.DataFrameReader.load(DataFrameReader.scala:172)
[2025-12-21T18:48:29.681+0000] {subprocess.py:93} INFO - 	at java.base/jdk.internal.reflect.NativeMethodAccessorImpl.invoke0(Native Method)
[2025-12-21T18:48:29.681+0000] {subprocess.py:93} INFO - 	at java.base/jdk.internal.reflect.NativeMethodAccessorImpl.invoke(NativeMethodAccessorImpl.java:77)
[2025-12-21T18:48:29.681+0000] {subprocess.py:93} INFO - 	at java.base/jdk.internal.reflect.DelegatingMethodAccessorImpl.invoke(DelegatingMethodAccessorImpl.java:43)
[2025-12-21T18:48:29.687+0000] {subprocess.py:93} INFO - 	at java.base/java.lang.reflect.Method.invoke(Method.java:569)
[2025-12-21T18:48:29.687+0000] {subprocess.py:93} INFO - 	at py4j.reflection.MethodInvoker.invoke(MethodInvoker.java:244)
[2025-12-21T18:48:29.687+0000] {subprocess.py:93} INFO - 	at py4j.reflection.ReflectionEngine.invoke(ReflectionEngine.java:374)
[2025-12-21T18:48:29.688+0000] {subprocess.py:93} INFO - 	at py4j.Gateway.invoke(Gateway.java:282)
[2025-12-21T18:48:29.688+0000] {subprocess.py:93} INFO - 	at py4j.commands.AbstractCommand.invokeMethod(AbstractCommand.java:132)
[2025-12-21T18:48:29.688+0000] {subprocess.py:93} INFO - 	at py4j.commands.CallCommand.execute(CallCommand.java:79)
[2025-12-21T18:48:29.688+0000] {subprocess.py:93} INFO - 	at py4j.ClientServerConnection.waitForCommands(ClientServerConnection.java:182)
[2025-12-21T18:48:29.688+0000] {subprocess.py:93} INFO - 	at py4j.ClientServerConnection.run(ClientServerConnection.java:106)
[2025-12-21T18:48:29.688+0000] {subprocess.py:93} INFO - 	at java.base/java.lang.Thread.run(Thread.java:840)
[2025-12-21T18:48:29.688+0000] {subprocess.py:93} INFO - Caused by: java.lang.ClassNotFoundException: mongodb.DefaultSource
[2025-12-21T18:48:29.688+0000] {subprocess.py:93} INFO - 	at java.base/java.net.URLClassLoader.findClass(URLClassLoader.java:445)
[2025-12-21T18:48:29.688+0000] {subprocess.py:93} INFO - 	at java.base/java.lang.ClassLoader.loadClass(ClassLoader.java:592)
[2025-12-21T18:48:29.688+0000] {subprocess.py:93} INFO - 	at java.base/java.lang.ClassLoader.loadClass(ClassLoader.java:525)
[2025-12-21T18:48:29.689+0000] {subprocess.py:93} INFO - 	at org.apache.spark.sql.execution.datasources.DataSource$.$anonfun$lookupDataSource$5(DataSource.scala:633)
[2025-12-21T18:48:29.689+0000] {subprocess.py:93} INFO - 	at scala.util.Try$.apply(Try.scala:213)
[2025-12-21T18:48:29.689+0000] {subprocess.py:93} INFO - 	at org.apache.spark.sql.execution.datasources.DataSource$.$anonfun$lookupDataSource$4(DataSource.scala:633)
[2025-12-21T18:48:29.689+0000] {subprocess.py:93} INFO - 	at scala.util.Failure.orElse(Try.scala:224)
[2025-12-21T18:48:29.689+0000] {subprocess.py:93} INFO - 	at org.apache.spark.sql.execution.datasources.DataSource$.lookupDataSource(DataSource.scala:633)
[2025-12-21T18:48:29.689+0000] {subprocess.py:93} INFO - 	... 15 more
[2025-12-21T18:48:29.689+0000] {subprocess.py:93} INFO - 
[2025-12-21T18:48:29.725+0000] {subprocess.py:93} INFO - 25/12/21 18:48:29 INFO SparkContext: Invoking stop() from shutdown hook
[2025-12-21T18:48:29.725+0000] {subprocess.py:93} INFO - 25/12/21 18:48:29 INFO SparkContext: SparkContext is stopping with exitCode 0.
[2025-12-21T18:48:29.734+0000] {subprocess.py:93} INFO - 25/12/21 18:48:29 INFO SparkUI: Stopped Spark web UI at http://c322b3887458:4040
[2025-12-21T18:48:29.740+0000] {subprocess.py:93} INFO - 25/12/21 18:48:29 INFO StandaloneSchedulerBackend: Shutting down all executors
[2025-12-21T18:48:29.743+0000] {subprocess.py:93} INFO - 25/12/21 18:48:29 INFO StandaloneSchedulerBackend$StandaloneDriverEndpoint: Asking each executor to shut down
[2025-12-21T18:48:29.764+0000] {subprocess.py:93} INFO - 25/12/21 18:48:29 INFO MapOutputTrackerMasterEndpoint: MapOutputTrackerMasterEndpoint stopped!
[2025-12-21T18:48:29.777+0000] {subprocess.py:93} INFO - 25/12/21 18:48:29 INFO MemoryStore: MemoryStore cleared
[2025-12-21T18:48:29.779+0000] {subprocess.py:93} INFO - 25/12/21 18:48:29 INFO BlockManager: BlockManager stopped
[2025-12-21T18:48:29.798+0000] {subprocess.py:93} INFO - 25/12/21 18:48:29 INFO BlockManagerMaster: BlockManagerMaster stopped
[2025-12-21T18:48:29.806+0000] {subprocess.py:93} INFO - 25/12/21 18:48:29 INFO OutputCommitCoordinator$OutputCommitCoordinatorEndpoint: OutputCommitCoordinator stopped!
[2025-12-21T18:48:29.816+0000] {subprocess.py:93} INFO - 25/12/21 18:48:29 INFO SparkContext: Successfully stopped SparkContext
[2025-12-21T18:48:29.816+0000] {subprocess.py:93} INFO - 25/12/21 18:48:29 INFO ShutdownHookManager: Shutdown hook called
[2025-12-21T18:48:29.817+0000] {subprocess.py:93} INFO - 25/12/21 18:48:29 INFO ShutdownHookManager: Deleting directory /tmp/spark-fc1a8428-b33e-4821-bedc-c04306b91ece/pyspark-0e749ba3-003a-4eaf-b462-690bdcb995d6
[2025-12-21T18:48:29.822+0000] {subprocess.py:93} INFO - 25/12/21 18:48:29 INFO ShutdownHookManager: Deleting directory /tmp/spark-45d310bc-4bf3-4b90-94fa-acd3b04ee90d
[2025-12-21T18:48:29.826+0000] {subprocess.py:93} INFO - 25/12/21 18:48:29 INFO ShutdownHookManager: Deleting directory /tmp/spark-fc1a8428-b33e-4821-bedc-c04306b91ece
[2025-12-21T18:48:29.873+0000] {subprocess.py:97} INFO - Command exited with return code 1
[2025-12-21T18:48:29.893+0000] {taskinstance.py:2699} ERROR - Task failed with exception
Traceback (most recent call last):
  File "/home/airflow/.local/lib/python3.10/site-packages/airflow/models/taskinstance.py", line 433, in _execute_task
    result = execute_callable(context=context, **execute_callable_kwargs)
  File "/home/airflow/.local/lib/python3.10/site-packages/airflow/operators/bash.py", line 212, in execute
    raise AirflowException(
airflow.exceptions.AirflowException: Bash command failed. The command returned a non-zero exit code 1.
[2025-12-21T18:48:29.899+0000] {taskinstance.py:1138} INFO - Marking task as UP_FOR_RETRY. dag_id=pipeline_services_publics_togo, task_id=ingestion_mongodb, execution_date=20251221T184307, start_date=20251221T184822, end_date=20251221T184829
[2025-12-21T18:48:29.923+0000] {standard_task_runner.py:107} ERROR - Failed to execute job 19 for task ingestion_mongodb (Bash command failed. The command returned a non-zero exit code 1.; 876)
[2025-12-21T18:48:29.959+0000] {local_task_job_runner.py:234} INFO - Task exited with return code 1
[2025-12-21T18:48:30.045+0000] {taskinstance.py:3281} INFO - 0 downstream tasks scheduled from follow-on schedule check
