[2025-12-22T06:11:29.039+0000] {taskinstance.py:1957} INFO - Dependencies all met for dep_context=non-requeueable deps ti=<TaskInstance: pipeline_services_publics_togo.ingestion_mongodb manual__2025-12-22T06:11:22.306229+00:00 [queued]>
[2025-12-22T06:11:29.047+0000] {taskinstance.py:1957} INFO - Dependencies all met for dep_context=requeueable deps ti=<TaskInstance: pipeline_services_publics_togo.ingestion_mongodb manual__2025-12-22T06:11:22.306229+00:00 [queued]>
[2025-12-22T06:11:29.048+0000] {taskinstance.py:2171} INFO - Starting attempt 1 of 3
[2025-12-22T06:11:29.059+0000] {taskinstance.py:2192} INFO - Executing <Task(BashOperator): ingestion_mongodb> on 2025-12-22 06:11:22.306229+00:00
[2025-12-22T06:11:29.066+0000] {standard_task_runner.py:60} INFO - Started process 218 to run task
[2025-12-22T06:11:29.069+0000] {standard_task_runner.py:87} INFO - Running: ['***', 'tasks', 'run', 'pipeline_services_publics_togo', 'ingestion_mongodb', 'manual__2025-12-22T06:11:22.306229+00:00', '--job-id', '8', '--raw', '--subdir', 'DAGS_FOLDER/pipeline_services_publics.py', '--cfg-path', '/tmp/tmpe_iwith4']
[2025-12-22T06:11:29.072+0000] {standard_task_runner.py:88} INFO - Job 8: Subtask ingestion_mongodb
[2025-12-22T06:11:29.139+0000] {task_command.py:423} INFO - Running <TaskInstance: pipeline_services_publics_togo.ingestion_mongodb manual__2025-12-22T06:11:22.306229+00:00 [running]> on host 8280e970b9f5
[2025-12-22T06:11:29.238+0000] {taskinstance.py:2481} INFO - Exporting env vars: AIRFLOW_CTX_DAG_OWNER='data-engineer' AIRFLOW_CTX_DAG_ID='pipeline_services_publics_togo' AIRFLOW_CTX_TASK_ID='ingestion_mongodb' AIRFLOW_CTX_EXECUTION_DATE='2025-12-22T06:11:22.306229+00:00' AIRFLOW_CTX_TRY_NUMBER='1' AIRFLOW_CTX_DAG_RUN_ID='manual__2025-12-22T06:11:22.306229+00:00'
[2025-12-22T06:11:29.239+0000] {subprocess.py:63} INFO - Tmp dir root location: /tmp
[2025-12-22T06:11:29.240+0000] {subprocess.py:75} INFO - Running command: ['/usr/bin/bash', '-c', '\n    /opt/spark/bin/spark-submit       --master spark://spark-master:7077       --packages org.mongodb.spark:mongo-spark-connector_2.12:10.5.0       --executor-memory 2G       --driver-memory 1G       /opt/***/spark_jobs/ingestion.py\n    ']
[2025-12-22T06:11:29.249+0000] {subprocess.py:86} INFO - Output:
[2025-12-22T06:11:31.346+0000] {subprocess.py:93} INFO - :: loading settings :: url = jar:file:/opt/spark/jars/ivy-2.5.1.jar!/org/apache/ivy/core/settings/ivysettings.xml
[2025-12-22T06:11:31.459+0000] {subprocess.py:93} INFO - Ivy Default Cache set to: /home/***/.ivy2/cache
[2025-12-22T06:11:31.459+0000] {subprocess.py:93} INFO - The jars for the packages stored in: /home/***/.ivy2/jars
[2025-12-22T06:11:31.461+0000] {subprocess.py:93} INFO - org.mongodb.spark#mongo-spark-connector_2.12 added as a dependency
[2025-12-22T06:11:31.468+0000] {subprocess.py:93} INFO - :: resolving dependencies :: org.apache.spark#spark-submit-parent-5271ba34-0f5d-45e8-b40e-916e5644f749;1.0
[2025-12-22T06:11:31.468+0000] {subprocess.py:93} INFO - 	confs: [default]
[2025-12-22T06:11:32.934+0000] {subprocess.py:93} INFO - 	found org.mongodb.spark#mongo-spark-connector_2.12;10.5.0 in central
[2025-12-22T06:11:36.284+0000] {subprocess.py:93} INFO - 	found org.mongodb#mongodb-driver-sync;5.1.4 in central
[2025-12-22T06:11:36.286+0000] {subprocess.py:93} INFO - 	[5.1.4] org.mongodb#mongodb-driver-sync;[5.1.1,5.1.99)
[2025-12-22T06:11:36.855+0000] {subprocess.py:93} INFO - 	found org.mongodb#bson;5.1.4 in central
[2025-12-22T06:11:40.579+0000] {subprocess.py:93} INFO - 	found org.mongodb#mongodb-driver-core;5.1.4 in central
[2025-12-22T06:11:40.980+0000] {subprocess.py:93} INFO - 	found org.mongodb#bson-record-codec;5.1.4 in central
[2025-12-22T06:11:41.357+0000] {subprocess.py:93} INFO - downloading https://repo1.maven.org/maven2/org/mongodb/mongodb-driver-sync/5.1.4/mongodb-driver-sync-5.1.4.jar ...
[2025-12-22T06:11:41.837+0000] {subprocess.py:93} INFO - 	[SUCCESSFUL ] org.mongodb#mongodb-driver-sync;5.1.4!mongodb-driver-sync.jar (804ms)
[2025-12-22T06:11:41.957+0000] {subprocess.py:93} INFO - downloading https://repo1.maven.org/maven2/org/mongodb/bson/5.1.4/bson-5.1.4.jar ...
[2025-12-22T06:11:42.328+0000] {subprocess.py:93} INFO - 	[SUCCESSFUL ] org.mongodb#bson;5.1.4!bson.jar (485ms)
[2025-12-22T06:11:42.468+0000] {subprocess.py:93} INFO - downloading https://repo1.maven.org/maven2/org/mongodb/mongodb-driver-core/5.1.4/mongodb-driver-core-5.1.4.jar ...
[2025-12-22T06:11:43.286+0000] {subprocess.py:93} INFO - 	[SUCCESSFUL ] org.mongodb#mongodb-driver-core;5.1.4!mongodb-driver-core.jar (953ms)
[2025-12-22T06:11:43.512+0000] {subprocess.py:93} INFO - downloading https://repo1.maven.org/maven2/org/mongodb/bson-record-codec/5.1.4/bson-record-codec-5.1.4.jar ...
[2025-12-22T06:11:43.750+0000] {subprocess.py:93} INFO - 	[SUCCESSFUL ] org.mongodb#bson-record-codec;5.1.4!bson-record-codec.jar (460ms)
[2025-12-22T06:11:43.752+0000] {subprocess.py:93} INFO - :: resolution report :: resolve 9561ms :: artifacts dl 2727ms
[2025-12-22T06:11:43.752+0000] {subprocess.py:93} INFO - 	:: modules in use:
[2025-12-22T06:11:43.753+0000] {subprocess.py:93} INFO - 	org.mongodb#bson;5.1.4 from central in [default]
[2025-12-22T06:11:43.753+0000] {subprocess.py:93} INFO - 	org.mongodb#bson-record-codec;5.1.4 from central in [default]
[2025-12-22T06:11:43.754+0000] {subprocess.py:93} INFO - 	org.mongodb#mongodb-driver-core;5.1.4 from central in [default]
[2025-12-22T06:11:43.754+0000] {subprocess.py:93} INFO - 	org.mongodb#mongodb-driver-sync;5.1.4 from central in [default]
[2025-12-22T06:11:43.754+0000] {subprocess.py:93} INFO - 	org.mongodb.spark#mongo-spark-connector_2.12;10.5.0 from central in [default]
[2025-12-22T06:11:43.757+0000] {subprocess.py:93} INFO - 	---------------------------------------------------------------------
[2025-12-22T06:11:43.758+0000] {subprocess.py:93} INFO - 	|                  |            modules            ||   artifacts   |
[2025-12-22T06:11:43.758+0000] {subprocess.py:93} INFO - 	|       conf       | number| search|dwnlded|evicted|| number|dwnlded|
[2025-12-22T06:11:43.758+0000] {subprocess.py:93} INFO - 	---------------------------------------------------------------------
[2025-12-22T06:11:43.759+0000] {subprocess.py:93} INFO - 	|      default     |   5   |   5   |   5   |   0   ||   5   |   4   |
[2025-12-22T06:11:43.759+0000] {subprocess.py:93} INFO - 	---------------------------------------------------------------------
[2025-12-22T06:11:43.764+0000] {subprocess.py:93} INFO - :: retrieving :: org.apache.spark#spark-submit-parent-5271ba34-0f5d-45e8-b40e-916e5644f749
[2025-12-22T06:11:43.767+0000] {subprocess.py:93} INFO - 	confs: [default]
[2025-12-22T06:11:43.802+0000] {subprocess.py:93} INFO - 	5 artifacts copied, 0 already retrieved (2525kB/38ms)
[2025-12-22T06:11:44.106+0000] {subprocess.py:93} INFO - 25/12/22 06:11:44 WARN NativeCodeLoader: Unable to load native-hadoop library for your platform... using builtin-java classes where applicable
[2025-12-22T06:11:45.010+0000] {subprocess.py:93} INFO - 25/12/22 06:11:45 INFO SparkContext: Running Spark version 3.5.1
[2025-12-22T06:11:45.013+0000] {subprocess.py:93} INFO - 25/12/22 06:11:45 INFO SparkContext: OS info Linux, 6.8.0-90-generic, amd64
[2025-12-22T06:11:45.014+0000] {subprocess.py:93} INFO - 25/12/22 06:11:45 INFO SparkContext: Java version 17.0.17
[2025-12-22T06:11:45.038+0000] {subprocess.py:93} INFO - 25/12/22 06:11:45 INFO ResourceUtils: ==============================================================
[2025-12-22T06:11:45.038+0000] {subprocess.py:93} INFO - 25/12/22 06:11:45 INFO ResourceUtils: No custom resources configured for spark.driver.
[2025-12-22T06:11:45.038+0000] {subprocess.py:93} INFO - 25/12/22 06:11:45 INFO ResourceUtils: ==============================================================
[2025-12-22T06:11:45.038+0000] {subprocess.py:93} INFO - 25/12/22 06:11:45 INFO SparkContext: Submitted application: Ingestion_MongoDB_Raw
[2025-12-22T06:11:45.058+0000] {subprocess.py:93} INFO - 25/12/22 06:11:45 INFO ResourceProfile: Default ResourceProfile created, executor resources: Map(memory -> name: memory, amount: 2048, script: , vendor: , offHeap -> name: offHeap, amount: 0, script: , vendor: ), task resources: Map(cpus -> name: cpus, amount: 1.0)
[2025-12-22T06:11:45.067+0000] {subprocess.py:93} INFO - 25/12/22 06:11:45 INFO ResourceProfile: Limiting resource is cpu
[2025-12-22T06:11:45.068+0000] {subprocess.py:93} INFO - 25/12/22 06:11:45 INFO ResourceProfileManager: Added ResourceProfile id: 0
[2025-12-22T06:11:45.134+0000] {subprocess.py:93} INFO - 25/12/22 06:11:45 INFO SecurityManager: Changing view acls to: ***
[2025-12-22T06:11:45.135+0000] {subprocess.py:93} INFO - 25/12/22 06:11:45 INFO SecurityManager: Changing modify acls to: ***
[2025-12-22T06:11:45.135+0000] {subprocess.py:93} INFO - 25/12/22 06:11:45 INFO SecurityManager: Changing view acls groups to:
[2025-12-22T06:11:45.136+0000] {subprocess.py:93} INFO - 25/12/22 06:11:45 INFO SecurityManager: Changing modify acls groups to:
[2025-12-22T06:11:45.136+0000] {subprocess.py:93} INFO - 25/12/22 06:11:45 INFO SecurityManager: SecurityManager: authentication disabled; ui acls disabled; users with view permissions: ***; groups with view permissions: EMPTY; users with modify permissions: ***; groups with modify permissions: EMPTY
[2025-12-22T06:11:45.311+0000] {subprocess.py:93} INFO - 25/12/22 06:11:45 INFO Utils: Successfully started service 'sparkDriver' on port 35853.
[2025-12-22T06:11:45.333+0000] {subprocess.py:93} INFO - 25/12/22 06:11:45 INFO SparkEnv: Registering MapOutputTracker
[2025-12-22T06:11:45.365+0000] {subprocess.py:93} INFO - 25/12/22 06:11:45 INFO SparkEnv: Registering BlockManagerMaster
[2025-12-22T06:11:45.381+0000] {subprocess.py:93} INFO - 25/12/22 06:11:45 INFO BlockManagerMasterEndpoint: Using org.apache.spark.storage.DefaultTopologyMapper for getting topology information
[2025-12-22T06:11:45.381+0000] {subprocess.py:93} INFO - 25/12/22 06:11:45 INFO BlockManagerMasterEndpoint: BlockManagerMasterEndpoint up
[2025-12-22T06:11:45.385+0000] {subprocess.py:93} INFO - 25/12/22 06:11:45 INFO SparkEnv: Registering BlockManagerMasterHeartbeat
[2025-12-22T06:11:45.404+0000] {subprocess.py:93} INFO - 25/12/22 06:11:45 INFO DiskBlockManager: Created local directory at /tmp/blockmgr-b37d828a-a197-490d-a2d5-23e06722c0d5
[2025-12-22T06:11:45.417+0000] {subprocess.py:93} INFO - 25/12/22 06:11:45 INFO MemoryStore: MemoryStore started with capacity 434.4 MiB
[2025-12-22T06:11:45.431+0000] {subprocess.py:93} INFO - 25/12/22 06:11:45 INFO SparkEnv: Registering OutputCommitCoordinator
[2025-12-22T06:11:45.544+0000] {subprocess.py:93} INFO - 25/12/22 06:11:45 INFO JettyUtils: Start Jetty 0.0.0.0:4040 for SparkUI
[2025-12-22T06:11:45.591+0000] {subprocess.py:93} INFO - 25/12/22 06:11:45 INFO Utils: Successfully started service 'SparkUI' on port 4040.
[2025-12-22T06:11:45.622+0000] {subprocess.py:93} INFO - 25/12/22 06:11:45 INFO SparkContext: Added JAR file:///home/***/.ivy2/jars/org.mongodb.spark_mongo-spark-connector_2.12-10.5.0.jar at spark://8280e970b9f5:35853/jars/org.mongodb.spark_mongo-spark-connector_2.12-10.5.0.jar with timestamp 1766383905003
[2025-12-22T06:11:45.623+0000] {subprocess.py:93} INFO - 25/12/22 06:11:45 INFO SparkContext: Added JAR file:///home/***/.ivy2/jars/org.mongodb_mongodb-driver-sync-5.1.4.jar at spark://8280e970b9f5:35853/jars/org.mongodb_mongodb-driver-sync-5.1.4.jar with timestamp 1766383905003
[2025-12-22T06:11:45.623+0000] {subprocess.py:93} INFO - 25/12/22 06:11:45 INFO SparkContext: Added JAR file:///home/***/.ivy2/jars/org.mongodb_bson-5.1.4.jar at spark://8280e970b9f5:35853/jars/org.mongodb_bson-5.1.4.jar with timestamp 1766383905003
[2025-12-22T06:11:45.624+0000] {subprocess.py:93} INFO - 25/12/22 06:11:45 INFO SparkContext: Added JAR file:///home/***/.ivy2/jars/org.mongodb_mongodb-driver-core-5.1.4.jar at spark://8280e970b9f5:35853/jars/org.mongodb_mongodb-driver-core-5.1.4.jar with timestamp 1766383905003
[2025-12-22T06:11:45.624+0000] {subprocess.py:93} INFO - 25/12/22 06:11:45 INFO SparkContext: Added JAR file:///home/***/.ivy2/jars/org.mongodb_bson-record-codec-5.1.4.jar at spark://8280e970b9f5:35853/jars/org.mongodb_bson-record-codec-5.1.4.jar with timestamp 1766383905003
[2025-12-22T06:11:45.626+0000] {subprocess.py:93} INFO - 25/12/22 06:11:45 INFO SparkContext: Added file file:///home/***/.ivy2/jars/org.mongodb.spark_mongo-spark-connector_2.12-10.5.0.jar at spark://8280e970b9f5:35853/files/org.mongodb.spark_mongo-spark-connector_2.12-10.5.0.jar with timestamp 1766383905003
[2025-12-22T06:11:45.627+0000] {subprocess.py:93} INFO - 25/12/22 06:11:45 INFO Utils: Copying /home/***/.ivy2/jars/org.mongodb.spark_mongo-spark-connector_2.12-10.5.0.jar to /tmp/spark-4c8d6ef4-ffd6-4578-8099-bd78e62a4242/userFiles-698a02cd-f63c-40fe-b8ae-d27bac280a2d/org.mongodb.spark_mongo-spark-connector_2.12-10.5.0.jar
[2025-12-22T06:11:45.637+0000] {subprocess.py:93} INFO - 25/12/22 06:11:45 INFO SparkContext: Added file file:///home/***/.ivy2/jars/org.mongodb_mongodb-driver-sync-5.1.4.jar at spark://8280e970b9f5:35853/files/org.mongodb_mongodb-driver-sync-5.1.4.jar with timestamp 1766383905003
[2025-12-22T06:11:45.638+0000] {subprocess.py:93} INFO - 25/12/22 06:11:45 INFO Utils: Copying /home/***/.ivy2/jars/org.mongodb_mongodb-driver-sync-5.1.4.jar to /tmp/spark-4c8d6ef4-ffd6-4578-8099-bd78e62a4242/userFiles-698a02cd-f63c-40fe-b8ae-d27bac280a2d/org.mongodb_mongodb-driver-sync-5.1.4.jar
[2025-12-22T06:11:45.642+0000] {subprocess.py:93} INFO - 25/12/22 06:11:45 INFO SparkContext: Added file file:///home/***/.ivy2/jars/org.mongodb_bson-5.1.4.jar at spark://8280e970b9f5:35853/files/org.mongodb_bson-5.1.4.jar with timestamp 1766383905003
[2025-12-22T06:11:45.644+0000] {subprocess.py:93} INFO - 25/12/22 06:11:45 INFO Utils: Copying /home/***/.ivy2/jars/org.mongodb_bson-5.1.4.jar to /tmp/spark-4c8d6ef4-ffd6-4578-8099-bd78e62a4242/userFiles-698a02cd-f63c-40fe-b8ae-d27bac280a2d/org.mongodb_bson-5.1.4.jar
[2025-12-22T06:11:45.648+0000] {subprocess.py:93} INFO - 25/12/22 06:11:45 INFO SparkContext: Added file file:///home/***/.ivy2/jars/org.mongodb_mongodb-driver-core-5.1.4.jar at spark://8280e970b9f5:35853/files/org.mongodb_mongodb-driver-core-5.1.4.jar with timestamp 1766383905003
[2025-12-22T06:11:45.649+0000] {subprocess.py:93} INFO - 25/12/22 06:11:45 INFO Utils: Copying /home/***/.ivy2/jars/org.mongodb_mongodb-driver-core-5.1.4.jar to /tmp/spark-4c8d6ef4-ffd6-4578-8099-bd78e62a4242/userFiles-698a02cd-f63c-40fe-b8ae-d27bac280a2d/org.mongodb_mongodb-driver-core-5.1.4.jar
[2025-12-22T06:11:45.657+0000] {subprocess.py:93} INFO - 25/12/22 06:11:45 INFO SparkContext: Added file file:///home/***/.ivy2/jars/org.mongodb_bson-record-codec-5.1.4.jar at spark://8280e970b9f5:35853/files/org.mongodb_bson-record-codec-5.1.4.jar with timestamp 1766383905003
[2025-12-22T06:11:45.657+0000] {subprocess.py:93} INFO - 25/12/22 06:11:45 INFO Utils: Copying /home/***/.ivy2/jars/org.mongodb_bson-record-codec-5.1.4.jar to /tmp/spark-4c8d6ef4-ffd6-4578-8099-bd78e62a4242/userFiles-698a02cd-f63c-40fe-b8ae-d27bac280a2d/org.mongodb_bson-record-codec-5.1.4.jar
[2025-12-22T06:11:45.736+0000] {subprocess.py:93} INFO - 25/12/22 06:11:45 INFO StandaloneAppClient$ClientEndpoint: Connecting to master spark://spark-master:7077...
[2025-12-22T06:11:45.999+0000] {subprocess.py:93} INFO - 25/12/22 06:11:45 WARN StandaloneAppClient$ClientEndpoint: Failed to connect to master spark-master:7077
[2025-12-22T06:11:46.001+0000] {subprocess.py:93} INFO - org.apache.spark.SparkException: Exception thrown in awaitResult:
[2025-12-22T06:11:46.001+0000] {subprocess.py:93} INFO - 	at org.apache.spark.util.SparkThreadUtils$.awaitResult(SparkThreadUtils.scala:56)
[2025-12-22T06:11:46.002+0000] {subprocess.py:93} INFO - 	at org.apache.spark.util.ThreadUtils$.awaitResult(ThreadUtils.scala:310)
[2025-12-22T06:11:46.002+0000] {subprocess.py:93} INFO - 	at org.apache.spark.rpc.RpcTimeout.awaitResult(RpcTimeout.scala:75)
[2025-12-22T06:11:46.002+0000] {subprocess.py:93} INFO - 	at org.apache.spark.rpc.RpcEnv.setupEndpointRefByURI(RpcEnv.scala:102)
[2025-12-22T06:11:46.003+0000] {subprocess.py:93} INFO - 	at org.apache.spark.rpc.RpcEnv.setupEndpointRef(RpcEnv.scala:110)
[2025-12-22T06:11:46.003+0000] {subprocess.py:93} INFO - 	at org.apache.spark.deploy.client.StandaloneAppClient$ClientEndpoint$$anon$1.run(StandaloneAppClient.scala:108)
[2025-12-22T06:11:46.004+0000] {subprocess.py:93} INFO - 	at java.base/java.util.concurrent.Executors$RunnableAdapter.call(Executors.java:539)
[2025-12-22T06:11:46.004+0000] {subprocess.py:93} INFO - 	at java.base/java.util.concurrent.FutureTask.run(FutureTask.java:264)
[2025-12-22T06:11:46.004+0000] {subprocess.py:93} INFO - 	at java.base/java.util.concurrent.ThreadPoolExecutor.runWorker(ThreadPoolExecutor.java:1136)
[2025-12-22T06:11:46.005+0000] {subprocess.py:93} INFO - 	at java.base/java.util.concurrent.ThreadPoolExecutor$Worker.run(ThreadPoolExecutor.java:635)
[2025-12-22T06:11:46.005+0000] {subprocess.py:93} INFO - 	at java.base/java.lang.Thread.run(Thread.java:840)
[2025-12-22T06:11:46.005+0000] {subprocess.py:93} INFO - Caused by: java.io.IOException: Failed to connect to spark-master/<unresolved>:7077
[2025-12-22T06:11:46.006+0000] {subprocess.py:93} INFO - 	at org.apache.spark.network.client.TransportClientFactory.createClient(TransportClientFactory.java:294)
[2025-12-22T06:11:46.006+0000] {subprocess.py:93} INFO - 	at org.apache.spark.network.client.TransportClientFactory.createClient(TransportClientFactory.java:214)
[2025-12-22T06:11:46.006+0000] {subprocess.py:93} INFO - 	at org.apache.spark.network.client.TransportClientFactory.createClient(TransportClientFactory.java:226)
[2025-12-22T06:11:46.007+0000] {subprocess.py:93} INFO - 	at org.apache.spark.rpc.netty.NettyRpcEnv.createClient(NettyRpcEnv.scala:204)
[2025-12-22T06:11:46.007+0000] {subprocess.py:93} INFO - 	at org.apache.spark.rpc.netty.Outbox$$anon$1.call(Outbox.scala:202)
[2025-12-22T06:11:46.007+0000] {subprocess.py:93} INFO - 	at org.apache.spark.rpc.netty.Outbox$$anon$1.call(Outbox.scala:198)
[2025-12-22T06:11:46.008+0000] {subprocess.py:93} INFO - 	... 4 more
[2025-12-22T06:11:46.008+0000] {subprocess.py:93} INFO - Caused by: java.net.UnknownHostException: spark-master
[2025-12-22T06:11:46.008+0000] {subprocess.py:93} INFO - 	at java.base/java.net.InetAddress$CachedAddresses.get(InetAddress.java:801)
[2025-12-22T06:11:46.009+0000] {subprocess.py:93} INFO - 	at java.base/java.net.InetAddress.getAllByName0(InetAddress.java:1533)
[2025-12-22T06:11:46.009+0000] {subprocess.py:93} INFO - 	at java.base/java.net.InetAddress.getAllByName(InetAddress.java:1385)
[2025-12-22T06:11:46.009+0000] {subprocess.py:93} INFO - 	at java.base/java.net.InetAddress.getAllByName(InetAddress.java:1306)
[2025-12-22T06:11:46.010+0000] {subprocess.py:93} INFO - 	at java.base/java.net.InetAddress.getByName(InetAddress.java:1256)
[2025-12-22T06:11:46.010+0000] {subprocess.py:93} INFO - 	at io.netty.util.internal.SocketUtils$8.run(SocketUtils.java:156)
[2025-12-22T06:11:46.011+0000] {subprocess.py:93} INFO - 	at io.netty.util.internal.SocketUtils$8.run(SocketUtils.java:153)
[2025-12-22T06:11:46.011+0000] {subprocess.py:93} INFO - 	at java.base/java.security.AccessController.doPrivileged(AccessController.java:569)
[2025-12-22T06:11:46.011+0000] {subprocess.py:93} INFO - 	at io.netty.util.internal.SocketUtils.addressByName(SocketUtils.java:153)
[2025-12-22T06:11:46.012+0000] {subprocess.py:93} INFO - 	at io.netty.resolver.DefaultNameResolver.doResolve(DefaultNameResolver.java:41)
[2025-12-22T06:11:46.012+0000] {subprocess.py:93} INFO - 	at io.netty.resolver.SimpleNameResolver.resolve(SimpleNameResolver.java:61)
[2025-12-22T06:11:46.013+0000] {subprocess.py:93} INFO - 	at io.netty.resolver.SimpleNameResolver.resolve(SimpleNameResolver.java:53)
[2025-12-22T06:11:46.013+0000] {subprocess.py:93} INFO - 	at io.netty.resolver.InetSocketAddressResolver.doResolve(InetSocketAddressResolver.java:55)
[2025-12-22T06:11:46.014+0000] {subprocess.py:93} INFO - 	at io.netty.resolver.InetSocketAddressResolver.doResolve(InetSocketAddressResolver.java:31)
[2025-12-22T06:11:46.014+0000] {subprocess.py:93} INFO - 	at io.netty.resolver.AbstractAddressResolver.resolve(AbstractAddressResolver.java:106)
[2025-12-22T06:11:46.014+0000] {subprocess.py:93} INFO - 	at io.netty.bootstrap.Bootstrap.doResolveAndConnect0(Bootstrap.java:220)
[2025-12-22T06:11:46.015+0000] {subprocess.py:93} INFO - 	at io.netty.bootstrap.Bootstrap.access$000(Bootstrap.java:46)
[2025-12-22T06:11:46.015+0000] {subprocess.py:93} INFO - 	at io.netty.bootstrap.Bootstrap$1.operationComplete(Bootstrap.java:189)
[2025-12-22T06:11:46.016+0000] {subprocess.py:93} INFO - 	at io.netty.bootstrap.Bootstrap$1.operationComplete(Bootstrap.java:175)
[2025-12-22T06:11:46.016+0000] {subprocess.py:93} INFO - 	at io.netty.util.concurrent.DefaultPromise.notifyListener0(DefaultPromise.java:590)
[2025-12-22T06:11:46.016+0000] {subprocess.py:93} INFO - 	at io.netty.util.concurrent.DefaultPromise.notifyListenersNow(DefaultPromise.java:557)
[2025-12-22T06:11:46.017+0000] {subprocess.py:93} INFO - 	at io.netty.util.concurrent.DefaultPromise.notifyListeners(DefaultPromise.java:492)
[2025-12-22T06:11:46.017+0000] {subprocess.py:93} INFO - 	at io.netty.util.concurrent.DefaultPromise.setValue0(DefaultPromise.java:636)
[2025-12-22T06:11:46.017+0000] {subprocess.py:93} INFO - 	at io.netty.util.concurrent.DefaultPromise.setSuccess0(DefaultPromise.java:625)
[2025-12-22T06:11:46.018+0000] {subprocess.py:93} INFO - 	at io.netty.util.concurrent.DefaultPromise.trySuccess(DefaultPromise.java:105)
[2025-12-22T06:11:46.018+0000] {subprocess.py:93} INFO - 	at io.netty.channel.DefaultChannelPromise.trySuccess(DefaultChannelPromise.java:84)
[2025-12-22T06:11:46.019+0000] {subprocess.py:93} INFO - 	at io.netty.channel.AbstractChannel$AbstractUnsafe.safeSetSuccess(AbstractChannel.java:990)
[2025-12-22T06:11:46.019+0000] {subprocess.py:93} INFO - 	at io.netty.channel.AbstractChannel$AbstractUnsafe.register0(AbstractChannel.java:516)
[2025-12-22T06:11:46.019+0000] {subprocess.py:93} INFO - 	at io.netty.channel.AbstractChannel$AbstractUnsafe.access$200(AbstractChannel.java:429)
[2025-12-22T06:11:46.020+0000] {subprocess.py:93} INFO - 	at io.netty.channel.AbstractChannel$AbstractUnsafe$1.run(AbstractChannel.java:486)
[2025-12-22T06:11:46.020+0000] {subprocess.py:93} INFO - 	at io.netty.util.concurrent.AbstractEventExecutor.runTask(AbstractEventExecutor.java:174)
[2025-12-22T06:11:46.020+0000] {subprocess.py:93} INFO - 	at io.netty.util.concurrent.AbstractEventExecutor.safeExecute(AbstractEventExecutor.java:167)
[2025-12-22T06:11:46.021+0000] {subprocess.py:93} INFO - 	at io.netty.util.concurrent.SingleThreadEventExecutor.runAllTasks(SingleThreadEventExecutor.java:470)
[2025-12-22T06:11:46.021+0000] {subprocess.py:93} INFO - 	at io.netty.channel.nio.NioEventLoop.run(NioEventLoop.java:569)
[2025-12-22T06:11:46.021+0000] {subprocess.py:93} INFO - 	at io.netty.util.concurrent.SingleThreadEventExecutor$4.run(SingleThreadEventExecutor.java:997)
[2025-12-22T06:11:46.022+0000] {subprocess.py:93} INFO - 	at io.netty.util.internal.ThreadExecutorMap$2.run(ThreadExecutorMap.java:74)
[2025-12-22T06:11:46.022+0000] {subprocess.py:93} INFO - 	at io.netty.util.concurrent.FastThreadLocalRunnable.run(FastThreadLocalRunnable.java:30)
[2025-12-22T06:11:46.022+0000] {subprocess.py:93} INFO - 	... 1 more
[2025-12-22T06:12:05.738+0000] {subprocess.py:93} INFO - 25/12/22 06:12:05 INFO StandaloneAppClient$ClientEndpoint: Connecting to master spark://spark-master:7077...
[2025-12-22T06:12:05.769+0000] {subprocess.py:93} INFO - 25/12/22 06:12:05 WARN StandaloneAppClient$ClientEndpoint: Failed to connect to master spark-master:7077
[2025-12-22T06:12:05.769+0000] {subprocess.py:93} INFO - org.apache.spark.SparkException: Exception thrown in awaitResult:
[2025-12-22T06:12:05.770+0000] {subprocess.py:93} INFO - 	at org.apache.spark.util.SparkThreadUtils$.awaitResult(SparkThreadUtils.scala:56)
[2025-12-22T06:12:05.770+0000] {subprocess.py:93} INFO - 	at org.apache.spark.util.ThreadUtils$.awaitResult(ThreadUtils.scala:310)
[2025-12-22T06:12:05.771+0000] {subprocess.py:93} INFO - 	at org.apache.spark.rpc.RpcTimeout.awaitResult(RpcTimeout.scala:75)
[2025-12-22T06:12:05.771+0000] {subprocess.py:93} INFO - 	at org.apache.spark.rpc.RpcEnv.setupEndpointRefByURI(RpcEnv.scala:102)
[2025-12-22T06:12:05.771+0000] {subprocess.py:93} INFO - 	at org.apache.spark.rpc.RpcEnv.setupEndpointRef(RpcEnv.scala:110)
[2025-12-22T06:12:05.772+0000] {subprocess.py:93} INFO - 	at org.apache.spark.deploy.client.StandaloneAppClient$ClientEndpoint$$anon$1.run(StandaloneAppClient.scala:108)
[2025-12-22T06:12:05.772+0000] {subprocess.py:93} INFO - 	at java.base/java.util.concurrent.Executors$RunnableAdapter.call(Executors.java:539)
[2025-12-22T06:12:05.773+0000] {subprocess.py:93} INFO - 	at java.base/java.util.concurrent.FutureTask.run(FutureTask.java:264)
[2025-12-22T06:12:05.773+0000] {subprocess.py:93} INFO - 	at java.base/java.util.concurrent.ThreadPoolExecutor.runWorker(ThreadPoolExecutor.java:1136)
[2025-12-22T06:12:05.773+0000] {subprocess.py:93} INFO - 	at java.base/java.util.concurrent.ThreadPoolExecutor$Worker.run(ThreadPoolExecutor.java:635)
[2025-12-22T06:12:05.774+0000] {subprocess.py:93} INFO - 	at java.base/java.lang.Thread.run(Thread.java:840)
[2025-12-22T06:12:05.774+0000] {subprocess.py:93} INFO - Caused by: java.io.IOException: Failed to connect to spark-master/<unresolved>:7077
[2025-12-22T06:12:05.775+0000] {subprocess.py:93} INFO - 	at org.apache.spark.network.client.TransportClientFactory.createClient(TransportClientFactory.java:294)
[2025-12-22T06:12:05.775+0000] {subprocess.py:93} INFO - 	at org.apache.spark.network.client.TransportClientFactory.createClient(TransportClientFactory.java:214)
[2025-12-22T06:12:05.776+0000] {subprocess.py:93} INFO - 	at org.apache.spark.network.client.TransportClientFactory.createClient(TransportClientFactory.java:226)
[2025-12-22T06:12:05.776+0000] {subprocess.py:93} INFO - 	at org.apache.spark.rpc.netty.NettyRpcEnv.createClient(NettyRpcEnv.scala:204)
[2025-12-22T06:12:05.777+0000] {subprocess.py:93} INFO - 	at org.apache.spark.rpc.netty.Outbox$$anon$1.call(Outbox.scala:202)
[2025-12-22T06:12:05.777+0000] {subprocess.py:93} INFO - 	at org.apache.spark.rpc.netty.Outbox$$anon$1.call(Outbox.scala:198)
[2025-12-22T06:12:05.777+0000] {subprocess.py:93} INFO - 	... 4 more
[2025-12-22T06:12:05.778+0000] {subprocess.py:93} INFO - Caused by: java.net.UnknownHostException: spark-master
[2025-12-22T06:12:05.778+0000] {subprocess.py:93} INFO - 	at java.base/java.net.InetAddress$CachedAddresses.get(InetAddress.java:801)
[2025-12-22T06:12:05.779+0000] {subprocess.py:93} INFO - 	at java.base/java.net.InetAddress.getAllByName0(InetAddress.java:1533)
[2025-12-22T06:12:05.779+0000] {subprocess.py:93} INFO - 	at java.base/java.net.InetAddress.getAllByName(InetAddress.java:1385)
[2025-12-22T06:12:05.779+0000] {subprocess.py:93} INFO - 	at java.base/java.net.InetAddress.getAllByName(InetAddress.java:1306)
[2025-12-22T06:12:05.780+0000] {subprocess.py:93} INFO - 	at java.base/java.net.InetAddress.getByName(InetAddress.java:1256)
[2025-12-22T06:12:05.780+0000] {subprocess.py:93} INFO - 	at io.netty.util.internal.SocketUtils$8.run(SocketUtils.java:156)
[2025-12-22T06:12:05.781+0000] {subprocess.py:93} INFO - 	at io.netty.util.internal.SocketUtils$8.run(SocketUtils.java:153)
[2025-12-22T06:12:05.781+0000] {subprocess.py:93} INFO - 	at java.base/java.security.AccessController.doPrivileged(AccessController.java:569)
[2025-12-22T06:12:05.781+0000] {subprocess.py:93} INFO - 	at io.netty.util.internal.SocketUtils.addressByName(SocketUtils.java:153)
[2025-12-22T06:12:05.782+0000] {subprocess.py:93} INFO - 	at io.netty.resolver.DefaultNameResolver.doResolve(DefaultNameResolver.java:41)
[2025-12-22T06:12:05.782+0000] {subprocess.py:93} INFO - 	at io.netty.resolver.SimpleNameResolver.resolve(SimpleNameResolver.java:61)
[2025-12-22T06:12:05.782+0000] {subprocess.py:93} INFO - 	at io.netty.resolver.SimpleNameResolver.resolve(SimpleNameResolver.java:53)
[2025-12-22T06:12:05.783+0000] {subprocess.py:93} INFO - 	at io.netty.resolver.InetSocketAddressResolver.doResolve(InetSocketAddressResolver.java:55)
[2025-12-22T06:12:05.783+0000] {subprocess.py:93} INFO - 	at io.netty.resolver.InetSocketAddressResolver.doResolve(InetSocketAddressResolver.java:31)
[2025-12-22T06:12:05.784+0000] {subprocess.py:93} INFO - 	at io.netty.resolver.AbstractAddressResolver.resolve(AbstractAddressResolver.java:106)
[2025-12-22T06:12:05.784+0000] {subprocess.py:93} INFO - 	at io.netty.bootstrap.Bootstrap.doResolveAndConnect0(Bootstrap.java:220)
[2025-12-22T06:12:05.784+0000] {subprocess.py:93} INFO - 	at io.netty.bootstrap.Bootstrap.access$000(Bootstrap.java:46)
[2025-12-22T06:12:05.785+0000] {subprocess.py:93} INFO - 	at io.netty.bootstrap.Bootstrap$1.operationComplete(Bootstrap.java:189)
[2025-12-22T06:12:05.785+0000] {subprocess.py:93} INFO - 	at io.netty.bootstrap.Bootstrap$1.operationComplete(Bootstrap.java:175)
[2025-12-22T06:12:05.785+0000] {subprocess.py:93} INFO - 	at io.netty.util.concurrent.DefaultPromise.notifyListener0(DefaultPromise.java:590)
[2025-12-22T06:12:05.786+0000] {subprocess.py:93} INFO - 	at io.netty.util.concurrent.DefaultPromise.notifyListenersNow(DefaultPromise.java:557)
[2025-12-22T06:12:05.786+0000] {subprocess.py:93} INFO - 	at io.netty.util.concurrent.DefaultPromise.notifyListeners(DefaultPromise.java:492)
[2025-12-22T06:12:05.787+0000] {subprocess.py:93} INFO - 	at io.netty.util.concurrent.DefaultPromise.setValue0(DefaultPromise.java:636)
[2025-12-22T06:12:05.787+0000] {subprocess.py:93} INFO - 	at io.netty.util.concurrent.DefaultPromise.setSuccess0(DefaultPromise.java:625)
[2025-12-22T06:12:05.787+0000] {subprocess.py:93} INFO - 	at io.netty.util.concurrent.DefaultPromise.trySuccess(DefaultPromise.java:105)
[2025-12-22T06:12:05.788+0000] {subprocess.py:93} INFO - 	at io.netty.channel.DefaultChannelPromise.trySuccess(DefaultChannelPromise.java:84)
[2025-12-22T06:12:05.788+0000] {subprocess.py:93} INFO - 	at io.netty.channel.AbstractChannel$AbstractUnsafe.safeSetSuccess(AbstractChannel.java:990)
[2025-12-22T06:12:05.788+0000] {subprocess.py:93} INFO - 	at io.netty.channel.AbstractChannel$AbstractUnsafe.register0(AbstractChannel.java:516)
[2025-12-22T06:12:05.789+0000] {subprocess.py:93} INFO - 	at io.netty.channel.AbstractChannel$AbstractUnsafe.access$200(AbstractChannel.java:429)
[2025-12-22T06:12:05.789+0000] {subprocess.py:93} INFO - 	at io.netty.channel.AbstractChannel$AbstractUnsafe$1.run(AbstractChannel.java:486)
[2025-12-22T06:12:05.790+0000] {subprocess.py:93} INFO - 	at io.netty.util.concurrent.AbstractEventExecutor.runTask(AbstractEventExecutor.java:174)
[2025-12-22T06:12:05.790+0000] {subprocess.py:93} INFO - 	at io.netty.util.concurrent.AbstractEventExecutor.safeExecute(AbstractEventExecutor.java:167)
[2025-12-22T06:12:05.790+0000] {subprocess.py:93} INFO - 	at io.netty.util.concurrent.SingleThreadEventExecutor.runAllTasks(SingleThreadEventExecutor.java:470)
[2025-12-22T06:12:05.791+0000] {subprocess.py:93} INFO - 	at io.netty.channel.nio.NioEventLoop.run(NioEventLoop.java:569)
[2025-12-22T06:12:05.791+0000] {subprocess.py:93} INFO - 	at io.netty.util.concurrent.SingleThreadEventExecutor$4.run(SingleThreadEventExecutor.java:997)
[2025-12-22T06:12:05.791+0000] {subprocess.py:93} INFO - 	at io.netty.util.internal.ThreadExecutorMap$2.run(ThreadExecutorMap.java:74)
[2025-12-22T06:12:05.792+0000] {subprocess.py:93} INFO - 	at io.netty.util.concurrent.FastThreadLocalRunnable.run(FastThreadLocalRunnable.java:30)
[2025-12-22T06:12:05.792+0000] {subprocess.py:93} INFO - 	... 1 more
[2025-12-22T06:12:25.739+0000] {subprocess.py:93} INFO - 25/12/22 06:12:25 INFO StandaloneAppClient$ClientEndpoint: Connecting to master spark://spark-master:7077...
[2025-12-22T06:12:25.817+0000] {subprocess.py:93} INFO - 25/12/22 06:12:25 WARN StandaloneAppClient$ClientEndpoint: Failed to connect to master spark-master:7077
[2025-12-22T06:12:25.817+0000] {subprocess.py:93} INFO - org.apache.spark.SparkException: Exception thrown in awaitResult:
[2025-12-22T06:12:25.818+0000] {subprocess.py:93} INFO - 	at org.apache.spark.util.SparkThreadUtils$.awaitResult(SparkThreadUtils.scala:56)
[2025-12-22T06:12:25.818+0000] {subprocess.py:93} INFO - 	at org.apache.spark.util.ThreadUtils$.awaitResult(ThreadUtils.scala:310)
[2025-12-22T06:12:25.819+0000] {subprocess.py:93} INFO - 	at org.apache.spark.rpc.RpcTimeout.awaitResult(RpcTimeout.scala:75)
[2025-12-22T06:12:25.819+0000] {subprocess.py:93} INFO - 	at org.apache.spark.rpc.RpcEnv.setupEndpointRefByURI(RpcEnv.scala:102)
[2025-12-22T06:12:25.820+0000] {subprocess.py:93} INFO - 	at org.apache.spark.rpc.RpcEnv.setupEndpointRef(RpcEnv.scala:110)
[2025-12-22T06:12:25.820+0000] {subprocess.py:93} INFO - 	at org.apache.spark.deploy.client.StandaloneAppClient$ClientEndpoint$$anon$1.run(StandaloneAppClient.scala:108)
[2025-12-22T06:12:25.820+0000] {subprocess.py:93} INFO - 	at java.base/java.util.concurrent.Executors$RunnableAdapter.call(Executors.java:539)
[2025-12-22T06:12:25.821+0000] {subprocess.py:93} INFO - 	at java.base/java.util.concurrent.FutureTask.run(FutureTask.java:264)
[2025-12-22T06:12:25.821+0000] {subprocess.py:93} INFO - 	at java.base/java.util.concurrent.ThreadPoolExecutor.runWorker(ThreadPoolExecutor.java:1136)
[2025-12-22T06:12:25.821+0000] {subprocess.py:93} INFO - 	at java.base/java.util.concurrent.ThreadPoolExecutor$Worker.run(ThreadPoolExecutor.java:635)
[2025-12-22T06:12:25.822+0000] {subprocess.py:93} INFO - 	at java.base/java.lang.Thread.run(Thread.java:840)
[2025-12-22T06:12:25.822+0000] {subprocess.py:93} INFO - Caused by: java.io.IOException: Failed to connect to spark-master/<unresolved>:7077
[2025-12-22T06:12:25.822+0000] {subprocess.py:93} INFO - 	at org.apache.spark.network.client.TransportClientFactory.createClient(TransportClientFactory.java:294)
[2025-12-22T06:12:25.823+0000] {subprocess.py:93} INFO - 	at org.apache.spark.network.client.TransportClientFactory.createClient(TransportClientFactory.java:214)
[2025-12-22T06:12:25.823+0000] {subprocess.py:93} INFO - 	at org.apache.spark.network.client.TransportClientFactory.createClient(TransportClientFactory.java:226)
[2025-12-22T06:12:25.824+0000] {subprocess.py:93} INFO - 	at org.apache.spark.rpc.netty.NettyRpcEnv.createClient(NettyRpcEnv.scala:204)
[2025-12-22T06:12:25.824+0000] {subprocess.py:93} INFO - 	at org.apache.spark.rpc.netty.Outbox$$anon$1.call(Outbox.scala:202)
[2025-12-22T06:12:25.824+0000] {subprocess.py:93} INFO - 	at org.apache.spark.rpc.netty.Outbox$$anon$1.call(Outbox.scala:198)
[2025-12-22T06:12:25.825+0000] {subprocess.py:93} INFO - 	... 4 more
[2025-12-22T06:12:25.825+0000] {subprocess.py:93} INFO - Caused by: java.net.UnknownHostException: spark-master
[2025-12-22T06:12:25.825+0000] {subprocess.py:93} INFO - 	at java.base/java.net.InetAddress$CachedAddresses.get(InetAddress.java:801)
[2025-12-22T06:12:25.826+0000] {subprocess.py:93} INFO - 	at java.base/java.net.InetAddress.getAllByName0(InetAddress.java:1533)
[2025-12-22T06:12:25.826+0000] {subprocess.py:93} INFO - 	at java.base/java.net.InetAddress.getAllByName(InetAddress.java:1385)
[2025-12-22T06:12:25.827+0000] {subprocess.py:93} INFO - 	at java.base/java.net.InetAddress.getAllByName(InetAddress.java:1306)
[2025-12-22T06:12:25.827+0000] {subprocess.py:93} INFO - 	at java.base/java.net.InetAddress.getByName(InetAddress.java:1256)
[2025-12-22T06:12:25.827+0000] {subprocess.py:93} INFO - 	at io.netty.util.internal.SocketUtils$8.run(SocketUtils.java:156)
[2025-12-22T06:12:25.828+0000] {subprocess.py:93} INFO - 	at io.netty.util.internal.SocketUtils$8.run(SocketUtils.java:153)
[2025-12-22T06:12:25.828+0000] {subprocess.py:93} INFO - 	at java.base/java.security.AccessController.doPrivileged(AccessController.java:569)
[2025-12-22T06:12:25.829+0000] {subprocess.py:93} INFO - 	at io.netty.util.internal.SocketUtils.addressByName(SocketUtils.java:153)
[2025-12-22T06:12:25.829+0000] {subprocess.py:93} INFO - 	at io.netty.resolver.DefaultNameResolver.doResolve(DefaultNameResolver.java:41)
[2025-12-22T06:12:25.829+0000] {subprocess.py:93} INFO - 	at io.netty.resolver.SimpleNameResolver.resolve(SimpleNameResolver.java:61)
[2025-12-22T06:12:25.830+0000] {subprocess.py:93} INFO - 	at io.netty.resolver.SimpleNameResolver.resolve(SimpleNameResolver.java:53)
[2025-12-22T06:12:25.830+0000] {subprocess.py:93} INFO - 	at io.netty.resolver.InetSocketAddressResolver.doResolve(InetSocketAddressResolver.java:55)
[2025-12-22T06:12:25.830+0000] {subprocess.py:93} INFO - 	at io.netty.resolver.InetSocketAddressResolver.doResolve(InetSocketAddressResolver.java:31)
[2025-12-22T06:12:25.831+0000] {subprocess.py:93} INFO - 	at io.netty.resolver.AbstractAddressResolver.resolve(AbstractAddressResolver.java:106)
[2025-12-22T06:12:25.831+0000] {subprocess.py:93} INFO - 	at io.netty.bootstrap.Bootstrap.doResolveAndConnect0(Bootstrap.java:220)
[2025-12-22T06:12:25.832+0000] {subprocess.py:93} INFO - 	at io.netty.bootstrap.Bootstrap.access$000(Bootstrap.java:46)
[2025-12-22T06:12:25.832+0000] {subprocess.py:93} INFO - 	at io.netty.bootstrap.Bootstrap$1.operationComplete(Bootstrap.java:189)
[2025-12-22T06:12:25.832+0000] {subprocess.py:93} INFO - 	at io.netty.bootstrap.Bootstrap$1.operationComplete(Bootstrap.java:175)
[2025-12-22T06:12:25.833+0000] {subprocess.py:93} INFO - 	at io.netty.util.concurrent.DefaultPromise.notifyListener0(DefaultPromise.java:590)
[2025-12-22T06:12:25.833+0000] {subprocess.py:93} INFO - 	at io.netty.util.concurrent.DefaultPromise.notifyListenersNow(DefaultPromise.java:557)
[2025-12-22T06:12:25.833+0000] {subprocess.py:93} INFO - 	at io.netty.util.concurrent.DefaultPromise.notifyListeners(DefaultPromise.java:492)
[2025-12-22T06:12:25.834+0000] {subprocess.py:93} INFO - 	at io.netty.util.concurrent.DefaultPromise.setValue0(DefaultPromise.java:636)
[2025-12-22T06:12:25.835+0000] {subprocess.py:93} INFO - 	at io.netty.util.concurrent.DefaultPromise.setSuccess0(DefaultPromise.java:625)
[2025-12-22T06:12:25.835+0000] {subprocess.py:93} INFO - 	at io.netty.util.concurrent.DefaultPromise.trySuccess(DefaultPromise.java:105)
[2025-12-22T06:12:25.836+0000] {subprocess.py:93} INFO - 	at io.netty.channel.DefaultChannelPromise.trySuccess(DefaultChannelPromise.java:84)
[2025-12-22T06:12:25.837+0000] {subprocess.py:93} INFO - 	at io.netty.channel.AbstractChannel$AbstractUnsafe.safeSetSuccess(AbstractChannel.java:990)
[2025-12-22T06:12:25.837+0000] {subprocess.py:93} INFO - 	at io.netty.channel.AbstractChannel$AbstractUnsafe.register0(AbstractChannel.java:516)
[2025-12-22T06:12:25.838+0000] {subprocess.py:93} INFO - 	at io.netty.channel.AbstractChannel$AbstractUnsafe.access$200(AbstractChannel.java:429)
[2025-12-22T06:12:25.838+0000] {subprocess.py:93} INFO - 	at io.netty.channel.AbstractChannel$AbstractUnsafe$1.run(AbstractChannel.java:486)
[2025-12-22T06:12:25.839+0000] {subprocess.py:93} INFO - 	at io.netty.util.concurrent.AbstractEventExecutor.runTask(AbstractEventExecutor.java:174)
[2025-12-22T06:12:25.839+0000] {subprocess.py:93} INFO - 	at io.netty.util.concurrent.AbstractEventExecutor.safeExecute(AbstractEventExecutor.java:167)
[2025-12-22T06:12:25.840+0000] {subprocess.py:93} INFO - 	at io.netty.util.concurrent.SingleThreadEventExecutor.runAllTasks(SingleThreadEventExecutor.java:470)
[2025-12-22T06:12:25.840+0000] {subprocess.py:93} INFO - 	at io.netty.channel.nio.NioEventLoop.run(NioEventLoop.java:569)
[2025-12-22T06:12:25.840+0000] {subprocess.py:93} INFO - 	at io.netty.util.concurrent.SingleThreadEventExecutor$4.run(SingleThreadEventExecutor.java:997)
[2025-12-22T06:12:25.841+0000] {subprocess.py:93} INFO - 	at io.netty.util.internal.ThreadExecutorMap$2.run(ThreadExecutorMap.java:74)
[2025-12-22T06:12:25.841+0000] {subprocess.py:93} INFO - 	at io.netty.util.concurrent.FastThreadLocalRunnable.run(FastThreadLocalRunnable.java:30)
[2025-12-22T06:12:25.842+0000] {subprocess.py:93} INFO - 	... 1 more
[2025-12-22T06:12:45.740+0000] {subprocess.py:93} INFO - 25/12/22 06:12:45 ERROR StandaloneSchedulerBackend: Application has been killed. Reason: All masters are unresponsive! Giving up.
[2025-12-22T06:12:45.741+0000] {subprocess.py:93} INFO - 25/12/22 06:12:45 WARN StandaloneSchedulerBackend: Application ID is not initialized yet.
[2025-12-22T06:12:45.765+0000] {subprocess.py:93} INFO - 25/12/22 06:12:45 INFO Utils: Successfully started service 'org.apache.spark.network.netty.NettyBlockTransferService' on port 45869.
[2025-12-22T06:12:45.770+0000] {subprocess.py:93} INFO - 25/12/22 06:12:45 INFO NettyBlockTransferService: Server created on 8280e970b9f5:45869
[2025-12-22T06:12:45.779+0000] {subprocess.py:93} INFO - 25/12/22 06:12:45 INFO BlockManager: Using org.apache.spark.storage.RandomBlockReplicationPolicy for block replication policy
[2025-12-22T06:12:45.804+0000] {subprocess.py:93} INFO - 25/12/22 06:12:45 INFO BlockManagerMaster: Registering BlockManager BlockManagerId(driver, 8280e970b9f5, 45869, None)
[2025-12-22T06:12:45.814+0000] {subprocess.py:93} INFO - 25/12/22 06:12:45 INFO BlockManagerMasterEndpoint: Registering block manager 8280e970b9f5:45869 with 434.4 MiB RAM, BlockManagerId(driver, 8280e970b9f5, 45869, None)
[2025-12-22T06:12:45.825+0000] {subprocess.py:93} INFO - 25/12/22 06:12:45 INFO BlockManagerMaster: Registered BlockManager BlockManagerId(driver, 8280e970b9f5, 45869, None)
[2025-12-22T06:12:45.828+0000] {subprocess.py:93} INFO - 25/12/22 06:12:45 INFO BlockManager: Initialized BlockManager: BlockManagerId(driver, 8280e970b9f5, 45869, None)
[2025-12-22T06:12:46.171+0000] {subprocess.py:93} INFO - 25/12/22 06:12:46 INFO StandaloneSchedulerBackend: SchedulerBackend is ready for scheduling beginning after reached minRegisteredResourcesRatio: 0.0
[2025-12-22T06:12:46.389+0000] {subprocess.py:93} INFO - 25/12/22 06:12:46 INFO SharedState: Setting hive.metastore.warehouse.dir ('null') to the value of spark.sql.warehouse.dir.
[2025-12-22T06:12:46.391+0000] {subprocess.py:93} INFO - 25/12/22 06:12:46 INFO SharedState: Warehouse path is 'file:/tmp/***tmp0q_u0leo/spark-warehouse'.
[2025-12-22T06:12:46.464+0000] {subprocess.py:93} INFO - 25/12/22 06:12:46 INFO SparkContext: SparkContext is stopping with exitCode 0.
[2025-12-22T06:12:46.482+0000] {subprocess.py:93} INFO - 25/12/22 06:12:46 INFO SparkUI: Stopped Spark web UI at http://8280e970b9f5:4040
[2025-12-22T06:12:46.488+0000] {subprocess.py:93} INFO - 25/12/22 06:12:46 INFO StandaloneSchedulerBackend: Shutting down all executors
[2025-12-22T06:12:46.494+0000] {subprocess.py:93} INFO - 25/12/22 06:12:46 INFO StandaloneSchedulerBackend$StandaloneDriverEndpoint: Asking each executor to shut down
[2025-12-22T06:12:46.500+0000] {subprocess.py:93} INFO - 25/12/22 06:12:46 WARN StandaloneAppClient$ClientEndpoint: Drop UnregisterApplication(null) because has not yet connected to master
[2025-12-22T06:12:46.518+0000] {subprocess.py:93} INFO - 25/12/22 06:12:46 INFO MapOutputTrackerMasterEndpoint: MapOutputTrackerMasterEndpoint stopped!
[2025-12-22T06:12:46.536+0000] {subprocess.py:93} INFO - 25/12/22 06:12:46 INFO MemoryStore: MemoryStore cleared
[2025-12-22T06:12:46.540+0000] {subprocess.py:93} INFO - 25/12/22 06:12:46 INFO BlockManager: BlockManager stopped
[2025-12-22T06:12:46.550+0000] {subprocess.py:93} INFO - 25/12/22 06:12:46 INFO BlockManagerMaster: BlockManagerMaster stopped
[2025-12-22T06:12:46.550+0000] {subprocess.py:93} INFO - 25/12/22 06:12:46 INFO OutputCommitCoordinator$OutputCommitCoordinatorEndpoint: OutputCommitCoordinator stopped!
[2025-12-22T06:12:46.569+0000] {subprocess.py:93} INFO - 25/12/22 06:12:46 INFO SparkContext: Successfully stopped SparkContext
[2025-12-22T06:12:47.552+0000] {subprocess.py:93} INFO - 25/12/22 06:12:47 INFO client: MongoClient with metadata {"driver": {"name": "mongo-java-driver|sync|mongo-spark-connector|source", "version": "5.1.4|10.5.0"}, "os": {"type": "Linux", "name": "Linux", "architecture": "amd64", "version": "6.8.0-90-generic"}, "platform": "Java/Debian/17.0.17+10-Debian-1deb12u1|Scala/2.12.18/Spark/3.5.1", "env": {"container": {"runtime": "docker"}}} created with settings MongoClientSettings{readPreference=primary, writeConcern=WriteConcern{w=null, wTimeout=null ms, journal=null}, retryWrites=true, retryReads=true, readConcern=ReadConcern{level=null}, credential=MongoCredential{mechanism=null, userName='admin', source='admin', password=<hidden>, mechanismProperties=<hidden>}, transportSettings=null, commandListeners=[], codecRegistry=ProvidersCodecRegistry{codecProviders=[ValueCodecProvider{}, BsonValueCodecProvider{}, DBRefCodecProvider{}, DBObjectCodecProvider{}, DocumentCodecProvider{}, CollectionCodecProvider{}, IterableCodecProvider{}, MapCodecProvider{}, GeoJsonCodecProvider{}, GridFSFileCodecProvider{}, Jsr310CodecProvider{}, JsonObjectCodecProvider{}, BsonCodecProvider{}, EnumCodecProvider{}, com.mongodb.client.model.mql.ExpressionCodecProvider@68c9e41d, com.mongodb.Jep395RecordCodecProvider@5852fc0e, com.mongodb.KotlinCodecProvider@3e05acd1]}, loggerSettings=LoggerSettings{maxDocumentLength=1000}, clusterSettings={hosts=[mongodb:27017], srvServiceName=mongodb, mode=SINGLE, requiredClusterType=UNKNOWN, requiredReplicaSetName='null', serverSelector='null', clusterListeners='[]', serverSelectionTimeout='30000 ms', localThreshold='15 ms'}, socketSettings=SocketSettings{connectTimeoutMS=10000, readTimeoutMS=0, receiveBufferSize=0, proxySettings=ProxySettings{host=null, port=null, username=null, password=null}}, heartbeatSocketSettings=SocketSettings{connectTimeoutMS=10000, readTimeoutMS=10000, receiveBufferSize=0, proxySettings=ProxySettings{host=null, port=null, username=null, password=null}}, connectionPoolSettings=ConnectionPoolSettings{maxSize=100, minSize=0, maxWaitTimeMS=120000, maxConnectionLifeTimeMS=0, maxConnectionIdleTimeMS=0, maintenanceInitialDelayMS=0, maintenanceFrequencyMS=60000, connectionPoolListeners=[], maxConnecting=2}, serverSettings=ServerSettings{heartbeatFrequencyMS=10000, minHeartbeatFrequencyMS=500, serverMonitoringMode=AUTO, serverListeners='[]', serverMonitorListeners='[]'}, sslSettings=SslSettings{enabled=false, invalidHostNameAllowed=false, context=null}, applicationName='null', compressorList=[], uuidRepresentation=UNSPECIFIED, serverApi=null, autoEncryptionSettings=null, dnsClient=null, inetAddressResolver=null, contextProvider=null}
[2025-12-22T06:12:47.565+0000] {subprocess.py:93} INFO - 25/12/22 06:12:47 INFO cluster: Monitor thread successfully connected to server with description ServerDescription{address=mongodb:27017, type=STANDALONE, state=CONNECTED, ok=true, minWireVersion=0, maxWireVersion=21, maxDocumentSize=16777216, logicalSessionTimeoutMinutes=30, roundTripTimeNanos=18458177}
[2025-12-22T06:12:47.786+0000] {subprocess.py:93} INFO - 25/12/22 06:12:47 INFO MongoTable: Creating MongoTable: mongo-spark-connector-10.5.0
[2025-12-22T06:12:48.519+0000] {subprocess.py:93} INFO - 25/12/22 06:12:48 INFO V2ScanRelationPushDown:
[2025-12-22T06:12:48.520+0000] {subprocess.py:93} INFO - Output:
[2025-12-22T06:12:48.521+0000] {subprocess.py:93} INFO - 
[2025-12-22T06:12:48.848+0000] {subprocess.py:93} INFO - 25/12/22 06:12:48 INFO Partitioner: Getting collection stats for: services_publics.demandes
[2025-12-22T06:12:48.857+0000] {subprocess.py:93} INFO - 25/12/22 06:12:48 INFO Partitioner: Fewer documents (8829) than the calculated number of documents per partition (324873.0). Returning a single partition
[2025-12-22T06:12:48.902+0000] {subprocess.py:93} INFO - 25/12/22 06:12:48 INFO Partitioner: Getting collection stats for: services_publics.demandes
[2025-12-22T06:12:48.910+0000] {subprocess.py:93} INFO - 25/12/22 06:12:48 INFO Partitioner: Fewer documents (8829) than the calculated number of documents per partition (324873.0). Returning a single partition
[2025-12-22T06:12:49.021+0000] {subprocess.py:93} INFO - Traceback (most recent call last):
[2025-12-22T06:12:49.021+0000] {subprocess.py:93} INFO -   File "/opt/***/spark_jobs/ingestion.py", line 24, in <module>
[2025-12-22T06:12:49.021+0000] {subprocess.py:93} INFO -     print(f"📥 Nombre de documents MongoDB : {df.count()}")
[2025-12-22T06:12:49.021+0000] {subprocess.py:93} INFO -   File "/opt/spark/python/lib/pyspark.zip/pyspark/sql/dataframe.py", line 1238, in count
[2025-12-22T06:12:49.022+0000] {subprocess.py:93} INFO -   File "/opt/spark/python/lib/py4j-0.10.9.7-src.zip/py4j/java_gateway.py", line 1322, in __call__
[2025-12-22T06:12:49.022+0000] {subprocess.py:93} INFO -   File "/opt/spark/python/lib/pyspark.zip/pyspark/errors/exceptions/captured.py", line 179, in deco
[2025-12-22T06:12:49.022+0000] {subprocess.py:93} INFO -   File "/opt/spark/python/lib/py4j-0.10.9.7-src.zip/py4j/protocol.py", line 326, in get_return_value
[2025-12-22T06:12:49.023+0000] {subprocess.py:93} INFO - py4j.protocol.Py4JJavaError: An error occurred while calling o39.count.
[2025-12-22T06:12:49.023+0000] {subprocess.py:93} INFO - : java.lang.IllegalStateException: Cannot call methods on a stopped SparkContext.
[2025-12-22T06:12:49.023+0000] {subprocess.py:93} INFO - This stopped SparkContext was created at:
[2025-12-22T06:12:49.023+0000] {subprocess.py:93} INFO - 
[2025-12-22T06:12:49.023+0000] {subprocess.py:93} INFO - org.apache.spark.api.java.JavaSparkContext.<init>(JavaSparkContext.scala:58)
[2025-12-22T06:12:49.023+0000] {subprocess.py:93} INFO - java.base/jdk.internal.reflect.NativeConstructorAccessorImpl.newInstance0(Native Method)
[2025-12-22T06:12:49.024+0000] {subprocess.py:93} INFO - java.base/jdk.internal.reflect.NativeConstructorAccessorImpl.newInstance(NativeConstructorAccessorImpl.java:77)
[2025-12-22T06:12:49.024+0000] {subprocess.py:93} INFO - java.base/jdk.internal.reflect.DelegatingConstructorAccessorImpl.newInstance(DelegatingConstructorAccessorImpl.java:45)
[2025-12-22T06:12:49.024+0000] {subprocess.py:93} INFO - java.base/java.lang.reflect.Constructor.newInstanceWithCaller(Constructor.java:500)
[2025-12-22T06:12:49.024+0000] {subprocess.py:93} INFO - java.base/java.lang.reflect.Constructor.newInstance(Constructor.java:481)
[2025-12-22T06:12:49.024+0000] {subprocess.py:93} INFO - py4j.reflection.MethodInvoker.invoke(MethodInvoker.java:247)
[2025-12-22T06:12:49.024+0000] {subprocess.py:93} INFO - py4j.reflection.ReflectionEngine.invoke(ReflectionEngine.java:374)
[2025-12-22T06:12:49.024+0000] {subprocess.py:93} INFO - py4j.Gateway.invoke(Gateway.java:238)
[2025-12-22T06:12:49.024+0000] {subprocess.py:93} INFO - py4j.commands.ConstructorCommand.invokeConstructor(ConstructorCommand.java:80)
[2025-12-22T06:12:49.024+0000] {subprocess.py:93} INFO - py4j.commands.ConstructorCommand.execute(ConstructorCommand.java:69)
[2025-12-22T06:12:49.024+0000] {subprocess.py:93} INFO - py4j.ClientServerConnection.waitForCommands(ClientServerConnection.java:182)
[2025-12-22T06:12:49.025+0000] {subprocess.py:93} INFO - py4j.ClientServerConnection.run(ClientServerConnection.java:106)
[2025-12-22T06:12:49.025+0000] {subprocess.py:93} INFO - java.base/java.lang.Thread.run(Thread.java:840)
[2025-12-22T06:12:49.025+0000] {subprocess.py:93} INFO - 
[2025-12-22T06:12:49.025+0000] {subprocess.py:93} INFO - The currently active SparkContext was created at:
[2025-12-22T06:12:49.025+0000] {subprocess.py:93} INFO - 
[2025-12-22T06:12:49.025+0000] {subprocess.py:93} INFO - (No active SparkContext.)
[2025-12-22T06:12:49.025+0000] {subprocess.py:93} INFO - 
[2025-12-22T06:12:49.025+0000] {subprocess.py:93} INFO - 	at org.apache.spark.SparkContext.assertNotStopped(SparkContext.scala:122)
[2025-12-22T06:12:49.025+0000] {subprocess.py:93} INFO - 	at org.apache.spark.SparkContext.defaultParallelism(SparkContext.scala:2707)
[2025-12-22T06:12:49.025+0000] {subprocess.py:93} INFO - 	at org.apache.spark.sql.execution.adaptive.CoalesceShufflePartitions.$anonfun$apply$1(CoalesceShufflePartitions.scala:61)
[2025-12-22T06:12:49.026+0000] {subprocess.py:93} INFO - 	at scala.runtime.java8.JFunction0$mcI$sp.apply(JFunction0$mcI$sp.java:23)
[2025-12-22T06:12:49.027+0000] {subprocess.py:93} INFO - 	at scala.Option.getOrElse(Option.scala:189)
[2025-12-22T06:12:49.027+0000] {subprocess.py:93} INFO - 	at org.apache.spark.sql.execution.adaptive.CoalesceShufflePartitions.apply(CoalesceShufflePartitions.scala:58)
[2025-12-22T06:12:49.027+0000] {subprocess.py:93} INFO - 	at org.apache.spark.sql.execution.adaptive.CoalesceShufflePartitions.apply(CoalesceShufflePartitions.scala:34)
[2025-12-22T06:12:49.027+0000] {subprocess.py:93} INFO - 	at org.apache.spark.sql.execution.adaptive.AdaptiveSparkPlanExec.$anonfun$optimizeQueryStage$2(AdaptiveSparkPlanExec.scala:169)
[2025-12-22T06:12:49.027+0000] {subprocess.py:93} INFO - 	at scala.collection.LinearSeqOptimized.foldLeft(LinearSeqOptimized.scala:126)
[2025-12-22T06:12:49.027+0000] {subprocess.py:93} INFO - 	at scala.collection.LinearSeqOptimized.foldLeft$(LinearSeqOptimized.scala:122)
[2025-12-22T06:12:49.027+0000] {subprocess.py:93} INFO - 	at scala.collection.immutable.List.foldLeft(List.scala:91)
[2025-12-22T06:12:49.027+0000] {subprocess.py:93} INFO - 	at org.apache.spark.sql.execution.adaptive.AdaptiveSparkPlanExec.optimizeQueryStage(AdaptiveSparkPlanExec.scala:168)
[2025-12-22T06:12:49.027+0000] {subprocess.py:93} INFO - 	at org.apache.spark.sql.execution.adaptive.AdaptiveSparkPlanExec.newQueryStage(AdaptiveSparkPlanExec.scala:588)
[2025-12-22T06:12:49.027+0000] {subprocess.py:93} INFO - 	at org.apache.spark.sql.execution.adaptive.AdaptiveSparkPlanExec.createQueryStages(AdaptiveSparkPlanExec.scala:538)
[2025-12-22T06:12:49.028+0000] {subprocess.py:93} INFO - 	at org.apache.spark.sql.execution.adaptive.AdaptiveSparkPlanExec.$anonfun$createQueryStages$2(AdaptiveSparkPlanExec.scala:577)
[2025-12-22T06:12:49.028+0000] {subprocess.py:93} INFO - 	at scala.collection.TraversableLike.$anonfun$map$1(TraversableLike.scala:286)
[2025-12-22T06:12:49.028+0000] {subprocess.py:93} INFO - 	at scala.collection.Iterator.foreach(Iterator.scala:943)
[2025-12-22T06:12:49.028+0000] {subprocess.py:93} INFO - 	at scala.collection.Iterator.foreach$(Iterator.scala:943)
[2025-12-22T06:12:49.028+0000] {subprocess.py:93} INFO - 	at scala.collection.AbstractIterator.foreach(Iterator.scala:1431)
[2025-12-22T06:12:49.028+0000] {subprocess.py:93} INFO - 	at scala.collection.IterableLike.foreach(IterableLike.scala:74)
[2025-12-22T06:12:49.028+0000] {subprocess.py:93} INFO - 	at scala.collection.IterableLike.foreach$(IterableLike.scala:73)
[2025-12-22T06:12:49.028+0000] {subprocess.py:93} INFO - 	at scala.collection.AbstractIterable.foreach(Iterable.scala:56)
[2025-12-22T06:12:49.028+0000] {subprocess.py:93} INFO - 	at scala.collection.TraversableLike.map(TraversableLike.scala:286)
[2025-12-22T06:12:49.028+0000] {subprocess.py:93} INFO - 	at scala.collection.TraversableLike.map$(TraversableLike.scala:279)
[2025-12-22T06:12:49.028+0000] {subprocess.py:93} INFO - 	at scala.collection.AbstractTraversable.map(Traversable.scala:108)
[2025-12-22T06:12:49.029+0000] {subprocess.py:93} INFO - 	at org.apache.spark.sql.execution.adaptive.AdaptiveSparkPlanExec.createQueryStages(AdaptiveSparkPlanExec.scala:577)
[2025-12-22T06:12:49.029+0000] {subprocess.py:93} INFO - 	at org.apache.spark.sql.execution.adaptive.AdaptiveSparkPlanExec.$anonfun$getFinalPhysicalPlan$1(AdaptiveSparkPlanExec.scala:277)
[2025-12-22T06:12:49.029+0000] {subprocess.py:93} INFO - 	at org.apache.spark.sql.SparkSession.withActive(SparkSession.scala:900)
[2025-12-22T06:12:49.029+0000] {subprocess.py:93} INFO - 	at org.apache.spark.sql.execution.adaptive.AdaptiveSparkPlanExec.getFinalPhysicalPlan(AdaptiveSparkPlanExec.scala:272)
[2025-12-22T06:12:49.029+0000] {subprocess.py:93} INFO - 	at org.apache.spark.sql.execution.adaptive.AdaptiveSparkPlanExec.withFinalPlanUpdate(AdaptiveSparkPlanExec.scala:417)
[2025-12-22T06:12:49.029+0000] {subprocess.py:93} INFO - 	at org.apache.spark.sql.execution.adaptive.AdaptiveSparkPlanExec.executeCollect(AdaptiveSparkPlanExec.scala:390)
[2025-12-22T06:12:49.029+0000] {subprocess.py:93} INFO - 	at org.apache.spark.sql.Dataset.$anonfun$count$1(Dataset.scala:3614)
[2025-12-22T06:12:49.029+0000] {subprocess.py:93} INFO - 	at org.apache.spark.sql.Dataset.$anonfun$count$1$adapted(Dataset.scala:3613)
[2025-12-22T06:12:49.029+0000] {subprocess.py:93} INFO - 	at org.apache.spark.sql.Dataset.$anonfun$withAction$2(Dataset.scala:4322)
[2025-12-22T06:12:49.029+0000] {subprocess.py:93} INFO - 	at org.apache.spark.sql.execution.QueryExecution$.withInternalError(QueryExecution.scala:546)
[2025-12-22T06:12:49.030+0000] {subprocess.py:93} INFO - 	at org.apache.spark.sql.Dataset.$anonfun$withAction$1(Dataset.scala:4320)
[2025-12-22T06:12:49.030+0000] {subprocess.py:93} INFO - 	at org.apache.spark.sql.execution.SQLExecution$.$anonfun$withNewExecutionId$6(SQLExecution.scala:125)
[2025-12-22T06:12:49.030+0000] {subprocess.py:93} INFO - 	at org.apache.spark.sql.execution.SQLExecution$.withSQLConfPropagated(SQLExecution.scala:201)
[2025-12-22T06:12:49.030+0000] {subprocess.py:93} INFO - 	at org.apache.spark.sql.execution.SQLExecution$.$anonfun$withNewExecutionId$1(SQLExecution.scala:108)
[2025-12-22T06:12:49.030+0000] {subprocess.py:93} INFO - 	at org.apache.spark.sql.SparkSession.withActive(SparkSession.scala:900)
[2025-12-22T06:12:49.030+0000] {subprocess.py:93} INFO - 	at org.apache.spark.sql.execution.SQLExecution$.withNewExecutionId(SQLExecution.scala:66)
[2025-12-22T06:12:49.030+0000] {subprocess.py:93} INFO - 	at org.apache.spark.sql.Dataset.withAction(Dataset.scala:4320)
[2025-12-22T06:12:49.030+0000] {subprocess.py:93} INFO - 	at org.apache.spark.sql.Dataset.count(Dataset.scala:3613)
[2025-12-22T06:12:49.030+0000] {subprocess.py:93} INFO - 	at java.base/jdk.internal.reflect.NativeMethodAccessorImpl.invoke0(Native Method)
[2025-12-22T06:12:49.030+0000] {subprocess.py:93} INFO - 	at java.base/jdk.internal.reflect.NativeMethodAccessorImpl.invoke(NativeMethodAccessorImpl.java:77)
[2025-12-22T06:12:49.030+0000] {subprocess.py:93} INFO - 	at java.base/jdk.internal.reflect.DelegatingMethodAccessorImpl.invoke(DelegatingMethodAccessorImpl.java:43)
[2025-12-22T06:12:49.031+0000] {subprocess.py:93} INFO - 	at java.base/java.lang.reflect.Method.invoke(Method.java:569)
[2025-12-22T06:12:49.031+0000] {subprocess.py:93} INFO - 	at py4j.reflection.MethodInvoker.invoke(MethodInvoker.java:244)
[2025-12-22T06:12:49.031+0000] {subprocess.py:93} INFO - 	at py4j.reflection.ReflectionEngine.invoke(ReflectionEngine.java:374)
[2025-12-22T06:12:49.031+0000] {subprocess.py:93} INFO - 	at py4j.Gateway.invoke(Gateway.java:282)
[2025-12-22T06:12:49.031+0000] {subprocess.py:93} INFO - 	at py4j.commands.AbstractCommand.invokeMethod(AbstractCommand.java:132)
[2025-12-22T06:12:49.031+0000] {subprocess.py:93} INFO - 	at py4j.commands.CallCommand.execute(CallCommand.java:79)
[2025-12-22T06:12:49.031+0000] {subprocess.py:93} INFO - 	at py4j.ClientServerConnection.waitForCommands(ClientServerConnection.java:182)
[2025-12-22T06:12:49.031+0000] {subprocess.py:93} INFO - 	at py4j.ClientServerConnection.run(ClientServerConnection.java:106)
[2025-12-22T06:12:49.031+0000] {subprocess.py:93} INFO - 	at java.base/java.lang.Thread.run(Thread.java:840)
[2025-12-22T06:12:49.031+0000] {subprocess.py:93} INFO - 
[2025-12-22T06:12:49.069+0000] {subprocess.py:93} INFO - 25/12/22 06:12:49 INFO ShutdownHookManager: Shutdown hook called
[2025-12-22T06:12:49.070+0000] {subprocess.py:93} INFO - 25/12/22 06:12:49 INFO ShutdownHookManager: Deleting directory /tmp/spark-4c8d6ef4-ffd6-4578-8099-bd78e62a4242
[2025-12-22T06:12:49.074+0000] {subprocess.py:93} INFO - 25/12/22 06:12:49 INFO ShutdownHookManager: Deleting directory /tmp/spark-affe2b26-9c4d-4d19-8a44-3548f4cbe5e2
[2025-12-22T06:12:49.079+0000] {subprocess.py:93} INFO - 25/12/22 06:12:49 INFO ShutdownHookManager: Deleting directory /tmp/spark-4c8d6ef4-ffd6-4578-8099-bd78e62a4242/pyspark-f6fdcf69-067c-4abd-aff9-e63da4590886
[2025-12-22T06:12:49.492+0000] {subprocess.py:97} INFO - Command exited with return code 1
[2025-12-22T06:12:49.550+0000] {taskinstance.py:2699} ERROR - Task failed with exception
Traceback (most recent call last):
  File "/home/airflow/.local/lib/python3.10/site-packages/airflow/models/taskinstance.py", line 433, in _execute_task
    result = execute_callable(context=context, **execute_callable_kwargs)
  File "/home/airflow/.local/lib/python3.10/site-packages/airflow/operators/bash.py", line 212, in execute
    raise AirflowException(
airflow.exceptions.AirflowException: Bash command failed. The command returned a non-zero exit code 1.
[2025-12-22T06:12:49.566+0000] {taskinstance.py:1138} INFO - Marking task as UP_FOR_RETRY. dag_id=pipeline_services_publics_togo, task_id=ingestion_mongodb, execution_date=20251222T061122, start_date=20251222T061129, end_date=20251222T061249
[2025-12-22T06:12:49.615+0000] {standard_task_runner.py:107} ERROR - Failed to execute job 8 for task ingestion_mongodb (Bash command failed. The command returned a non-zero exit code 1.; 218)
[2025-12-22T06:12:49.661+0000] {local_task_job_runner.py:234} INFO - Task exited with return code 1
[2025-12-22T06:12:49.741+0000] {taskinstance.py:3281} INFO - 0 downstream tasks scheduled from follow-on schedule check
