[2025-12-22T06:24:02.395+0000] {taskinstance.py:1957} INFO - Dependencies all met for dep_context=non-requeueable deps ti=<TaskInstance: pipeline_services_publics_togo.ingestion_mongodb manual__2025-12-22T06:11:22.306229+00:00 [queued]>
[2025-12-22T06:24:02.404+0000] {taskinstance.py:1957} INFO - Dependencies all met for dep_context=requeueable deps ti=<TaskInstance: pipeline_services_publics_togo.ingestion_mongodb manual__2025-12-22T06:11:22.306229+00:00 [queued]>
[2025-12-22T06:24:02.404+0000] {taskinstance.py:2171} INFO - Starting attempt 3 of 3
[2025-12-22T06:24:02.416+0000] {taskinstance.py:2192} INFO - Executing <Task(BashOperator): ingestion_mongodb> on 2025-12-22 06:11:22.306229+00:00
[2025-12-22T06:24:02.422+0000] {standard_task_runner.py:60} INFO - Started process 1025 to run task
[2025-12-22T06:24:02.425+0000] {standard_task_runner.py:87} INFO - Running: ['***', 'tasks', 'run', 'pipeline_services_publics_togo', 'ingestion_mongodb', 'manual__2025-12-22T06:11:22.306229+00:00', '--job-id', '13', '--raw', '--subdir', 'DAGS_FOLDER/pipeline_services_publics.py', '--cfg-path', '/tmp/tmpsl8cwapb']
[2025-12-22T06:24:02.428+0000] {standard_task_runner.py:88} INFO - Job 13: Subtask ingestion_mongodb
[2025-12-22T06:24:02.551+0000] {task_command.py:423} INFO - Running <TaskInstance: pipeline_services_publics_togo.ingestion_mongodb manual__2025-12-22T06:11:22.306229+00:00 [running]> on host 8280e970b9f5
[2025-12-22T06:24:02.728+0000] {taskinstance.py:2481} INFO - Exporting env vars: AIRFLOW_CTX_DAG_OWNER='data-engineer' AIRFLOW_CTX_DAG_ID='pipeline_services_publics_togo' AIRFLOW_CTX_TASK_ID='ingestion_mongodb' AIRFLOW_CTX_EXECUTION_DATE='2025-12-22T06:11:22.306229+00:00' AIRFLOW_CTX_TRY_NUMBER='3' AIRFLOW_CTX_DAG_RUN_ID='manual__2025-12-22T06:11:22.306229+00:00'
[2025-12-22T06:24:02.729+0000] {subprocess.py:63} INFO - Tmp dir root location: /tmp
[2025-12-22T06:24:02.729+0000] {subprocess.py:75} INFO - Running command: ['/usr/bin/bash', '-c', '\n    /opt/spark/bin/spark-submit       --master local[*]       --packages org.mongodb.spark:mongo-spark-connector_2.12:10.5.0       --executor-memory 2G       --driver-memory 1G       /opt/***/spark_jobs/ingestion.py\n    ']
[2025-12-22T06:24:02.746+0000] {subprocess.py:86} INFO - Output:
[2025-12-22T06:24:03.020+0000] {local_task_job_runner.py:121} ERROR - Received SIGTERM. Terminating subprocesses
[2025-12-22T06:24:03.057+0000] {process_utils.py:131} INFO - Sending 15 to group 1025. PIDs of all processes in the group: [1026, 1027, 1029, 1030, 1025]
[2025-12-22T06:24:03.057+0000] {process_utils.py:86} INFO - Sending the signal 15 to group 1025
[2025-12-22T06:24:03.058+0000] {taskinstance.py:2451} ERROR - Received SIGTERM. Terminating subprocesses.
[2025-12-22T06:24:03.058+0000] {subprocess.py:104} INFO - Sending SIGTERM signal to process group
[2025-12-22T06:24:03.102+0000] {taskinstance.py:2699} ERROR - Task failed with exception
Traceback (most recent call last):
  File "/home/airflow/.local/lib/python3.10/site-packages/airflow/models/taskinstance.py", line 433, in _execute_task
    result = execute_callable(context=context, **execute_callable_kwargs)
  File "/home/airflow/.local/lib/python3.10/site-packages/airflow/operators/bash.py", line 203, in execute
    result = self.subprocess_hook.run_command(
  File "/home/airflow/.local/lib/python3.10/site-packages/airflow/hooks/subprocess.py", line 91, in run_command
    for raw_line in iter(self.sub_process.stdout.readline, b""):
  File "/home/airflow/.local/lib/python3.10/site-packages/airflow/models/taskinstance.py", line 2453, in signal_handler
    raise AirflowException("Task received SIGTERM signal")
airflow.exceptions.AirflowException: Task received SIGTERM signal
[2025-12-22T06:24:03.106+0000] {taskinstance.py:1138} INFO - Marking task as FAILED. dag_id=pipeline_services_publics_togo, task_id=ingestion_mongodb, execution_date=20251222T061122, start_date=20251222T062402, end_date=20251222T062403
[2025-12-22T06:24:03.128+0000] {standard_task_runner.py:107} ERROR - Failed to execute job 13 for task ingestion_mongodb (Task received SIGTERM signal; 1025)
[2025-12-22T06:24:03.185+0000] {process_utils.py:79} INFO - Process psutil.Process(pid=1026, status='terminated', started='06:24:02') (1026) terminated with exit code None
[2025-12-22T06:24:03.187+0000] {process_utils.py:79} INFO - Process psutil.Process(pid=1029, status='terminated', started='06:24:02') (1029) terminated with exit code None
[2025-12-22T06:24:03.190+0000] {process_utils.py:79} INFO - Process psutil.Process(pid=1027, status='terminated', started='06:24:02') (1027) terminated with exit code None
[2025-12-22T06:24:03.190+0000] {process_utils.py:79} INFO - Process psutil.Process(pid=1030, status='terminated', started='06:24:02') (1030) terminated with exit code None
[2025-12-22T06:24:03.223+0000] {process_utils.py:79} INFO - Process psutil.Process(pid=1025, status='terminated', exitcode=1, started='06:24:02') (1025) terminated with exit code 1
[2025-12-22T06:24:03.236+0000] {local_task_job_runner.py:234} INFO - Task exited with return code 143
[2025-12-22T06:24:03.546+0000] {taskinstance.py:3281} INFO - 0 downstream tasks scheduled from follow-on schedule check
