[2025-12-22T04:26:34.455+0000] {taskinstance.py:1957} INFO - Dependencies all met for dep_context=non-requeueable deps ti=<TaskInstance: pipeline_services_publics_togo.load_data_to_mongo scheduled__2025-12-21T02:00:00+00:00 [queued]>
[2025-12-22T04:26:34.467+0000] {taskinstance.py:1957} INFO - Dependencies all met for dep_context=requeueable deps ti=<TaskInstance: pipeline_services_publics_togo.load_data_to_mongo scheduled__2025-12-21T02:00:00+00:00 [queued]>
[2025-12-22T04:26:34.468+0000] {taskinstance.py:2171} INFO - Starting attempt 1 of 3
[2025-12-22T04:26:34.485+0000] {taskinstance.py:2192} INFO - Executing <Task(BashOperator): load_data_to_mongo> on 2025-12-21 02:00:00+00:00
[2025-12-22T04:26:34.493+0000] {standard_task_runner.py:60} INFO - Started process 177 to run task
[2025-12-22T04:26:34.499+0000] {standard_task_runner.py:87} INFO - Running: ['***', 'tasks', 'run', 'pipeline_services_publics_togo', 'load_data_to_mongo', 'scheduled__2025-12-21T02:00:00+00:00', '--job-id', '3', '--raw', '--subdir', 'DAGS_FOLDER/pipeline_services_publics.py', '--cfg-path', '/tmp/tmpr9z3vsmh']
[2025-12-22T04:26:34.503+0000] {standard_task_runner.py:88} INFO - Job 3: Subtask load_data_to_mongo
[2025-12-22T04:26:34.602+0000] {task_command.py:423} INFO - Running <TaskInstance: pipeline_services_publics_togo.load_data_to_mongo scheduled__2025-12-21T02:00:00+00:00 [running]> on host a8d3d1908909
[2025-12-22T04:26:34.784+0000] {taskinstance.py:2481} INFO - Exporting env vars: AIRFLOW_CTX_DAG_OWNER='data-engineer' AIRFLOW_CTX_DAG_ID='pipeline_services_publics_togo' AIRFLOW_CTX_TASK_ID='load_data_to_mongo' AIRFLOW_CTX_EXECUTION_DATE='2025-12-21T02:00:00+00:00' AIRFLOW_CTX_TRY_NUMBER='1' AIRFLOW_CTX_DAG_RUN_ID='scheduled__2025-12-21T02:00:00+00:00'
[2025-12-22T04:26:34.785+0000] {subprocess.py:63} INFO - Tmp dir root location: /tmp
[2025-12-22T04:26:34.786+0000] {subprocess.py:75} INFO - Running command: ['/usr/bin/bash', '-c', '\n    python /opt/***/scripts/load_data_to_mongo.py     /opt/***/data/demandes_services_publics_togo.json\n    ']
[2025-12-22T04:26:34.797+0000] {subprocess.py:86} INFO - Output:
[2025-12-22T04:26:36.127+0000] {subprocess.py:93} INFO - 
[2025-12-22T04:26:36.127+0000] {subprocess.py:93} INFO - Fichier source: /opt/***/data/demandes_services_publics_togo.json
[2025-12-22T04:26:36.127+0000] {subprocess.py:93} INFO - ================================================================================
[2025-12-22T04:26:36.127+0000] {subprocess.py:93} INFO - CHARGEMENT DES DONNÉES DANS MONGODB
[2025-12-22T04:26:36.127+0000] {subprocess.py:93} INFO - ================================================================================
[2025-12-22T04:26:36.127+0000] {subprocess.py:93} INFO - 
[2025-12-22T04:26:36.127+0000] {subprocess.py:93} INFO - [1/3] Connexion à MongoDB...
[2025-12-22T04:26:36.128+0000] {subprocess.py:93} INFO - ✓ Connexion établie
[2025-12-22T04:26:36.128+0000] {subprocess.py:93} INFO - 
[2025-12-22T04:26:36.128+0000] {subprocess.py:93} INFO - [2/3] Lecture du fichier: /opt/***/data/demandes_services_publics_togo.json
[2025-12-22T04:26:36.128+0000] {subprocess.py:93} INFO - ✓ 10000 documents lus
[2025-12-22T04:26:36.128+0000] {subprocess.py:93} INFO - 
[2025-12-22T04:26:36.128+0000] {subprocess.py:93} INFO - [3/3] Upsert des documents dans MongoDB...
[2025-12-22T04:26:36.128+0000] {subprocess.py:93} INFO - ✓ Chargement terminé
[2025-12-22T04:26:36.128+0000] {subprocess.py:93} INFO -   - Insertés   : 5552
[2025-12-22T04:26:36.128+0000] {subprocess.py:93} INFO -   - Modifiés   : 60
[2025-12-22T04:26:36.129+0000] {subprocess.py:93} INFO -   - Matchés    : 4448
[2025-12-22T04:26:36.129+0000] {subprocess.py:93} INFO - 
[2025-12-22T04:26:36.129+0000] {subprocess.py:93} INFO - ✓ Total documents en base: 8829
[2025-12-22T04:26:36.419+0000] {subprocess.py:97} INFO - Command exited with return code 0
[2025-12-22T04:26:36.521+0000] {taskinstance.py:1138} INFO - Marking task as SUCCESS. dag_id=pipeline_services_publics_togo, task_id=load_data_to_mongo, execution_date=20251221T020000, start_date=20251222T042634, end_date=20251222T042636
[2025-12-22T04:26:36.606+0000] {local_task_job_runner.py:234} INFO - Task exited with return code 0
[2025-12-22T04:26:36.710+0000] {taskinstance.py:3281} INFO - 1 downstream tasks scheduled from follow-on schedule check
[2025-12-22T05:11:50.364+0000] {taskinstance.py:1957} INFO - Dependencies all met for dep_context=non-requeueable deps ti=<TaskInstance: pipeline_services_publics_togo.load_data_to_mongo scheduled__2025-12-21T02:00:00+00:00 [queued]>
[2025-12-22T05:11:50.384+0000] {taskinstance.py:1957} INFO - Dependencies all met for dep_context=requeueable deps ti=<TaskInstance: pipeline_services_publics_togo.load_data_to_mongo scheduled__2025-12-21T02:00:00+00:00 [queued]>
[2025-12-22T05:11:50.385+0000] {taskinstance.py:2171} INFO - Starting attempt 1 of 3
[2025-12-22T05:11:50.401+0000] {taskinstance.py:2192} INFO - Executing <Task(BashOperator): load_data_to_mongo> on 2025-12-21 02:00:00+00:00
[2025-12-22T05:11:50.412+0000] {standard_task_runner.py:60} INFO - Started process 185 to run task
[2025-12-22T05:11:50.417+0000] {standard_task_runner.py:87} INFO - Running: ['***', 'tasks', 'run', 'pipeline_services_publics_togo', 'load_data_to_mongo', 'scheduled__2025-12-21T02:00:00+00:00', '--job-id', '3', '--raw', '--subdir', 'DAGS_FOLDER/pipeline_services_publics.py', '--cfg-path', '/tmp/tmpcybu67ib']
[2025-12-22T05:11:50.420+0000] {standard_task_runner.py:88} INFO - Job 3: Subtask load_data_to_mongo
[2025-12-22T05:11:50.563+0000] {task_command.py:423} INFO - Running <TaskInstance: pipeline_services_publics_togo.load_data_to_mongo scheduled__2025-12-21T02:00:00+00:00 [running]> on host 8760ad6ea1f0
[2025-12-22T05:11:50.690+0000] {taskinstance.py:2481} INFO - Exporting env vars: AIRFLOW_CTX_DAG_OWNER='data-engineer' AIRFLOW_CTX_DAG_ID='pipeline_services_publics_togo' AIRFLOW_CTX_TASK_ID='load_data_to_mongo' AIRFLOW_CTX_EXECUTION_DATE='2025-12-21T02:00:00+00:00' AIRFLOW_CTX_TRY_NUMBER='1' AIRFLOW_CTX_DAG_RUN_ID='scheduled__2025-12-21T02:00:00+00:00'
[2025-12-22T05:11:50.691+0000] {subprocess.py:63} INFO - Tmp dir root location: /tmp
[2025-12-22T05:11:50.692+0000] {subprocess.py:75} INFO - Running command: ['/usr/bin/bash', '-c', '\n    python /opt/***/scripts/load_data_to_mongo.py     /opt/***/data/demandes_services_publics_togo.json\n    ']
[2025-12-22T05:11:50.708+0000] {subprocess.py:86} INFO - Output:
[2025-12-22T05:11:51.245+0000] {subprocess.py:93} INFO - Traceback (most recent call last):
[2025-12-22T05:11:51.246+0000] {subprocess.py:93} INFO -   File "/opt/***/scripts/load_data_to_mongo.py", line 45, in load_data_to_mongodb
[2025-12-22T05:11:51.246+0000] {subprocess.py:93} INFO -     with open(json_file_path, "r", encoding="utf-8") as f:
[2025-12-22T05:11:51.246+0000] {subprocess.py:93} INFO - FileNotFoundError: [Errno 2] No such file or directory: '/opt/***/data/demandes_services_publics_togo.json'
[2025-12-22T05:11:51.246+0000] {subprocess.py:93} INFO - 
[2025-12-22T05:11:51.246+0000] {subprocess.py:93} INFO - Fichier source: /opt/***/data/demandes_services_publics_togo.json
[2025-12-22T05:11:51.246+0000] {subprocess.py:93} INFO - ================================================================================
[2025-12-22T05:11:51.247+0000] {subprocess.py:93} INFO - CHARGEMENT DES DONNÉES DANS MONGODB
[2025-12-22T05:11:51.247+0000] {subprocess.py:93} INFO - ================================================================================
[2025-12-22T05:11:51.247+0000] {subprocess.py:93} INFO - 
[2025-12-22T05:11:51.247+0000] {subprocess.py:93} INFO - [1/3] Connexion à MongoDB...
[2025-12-22T05:11:51.247+0000] {subprocess.py:93} INFO - ✓ Connexion établie
[2025-12-22T05:11:51.247+0000] {subprocess.py:93} INFO - 
[2025-12-22T05:11:51.247+0000] {subprocess.py:93} INFO - [2/3] Lecture du fichier: /opt/***/data/demandes_services_publics_togo.json
[2025-12-22T05:11:51.247+0000] {subprocess.py:93} INFO - 
[2025-12-22T05:11:51.248+0000] {subprocess.py:93} INFO - ❌ ERREUR: [Errno 2] No such file or directory: '/opt/***/data/demandes_services_publics_togo.json'
[2025-12-22T05:11:51.834+0000] {subprocess.py:97} INFO - Command exited with return code 1
[2025-12-22T05:11:51.889+0000] {taskinstance.py:2699} ERROR - Task failed with exception
Traceback (most recent call last):
  File "/home/airflow/.local/lib/python3.10/site-packages/airflow/models/taskinstance.py", line 433, in _execute_task
    result = execute_callable(context=context, **execute_callable_kwargs)
  File "/home/airflow/.local/lib/python3.10/site-packages/airflow/operators/bash.py", line 212, in execute
    raise AirflowException(
airflow.exceptions.AirflowException: Bash command failed. The command returned a non-zero exit code 1.
[2025-12-22T05:11:51.907+0000] {taskinstance.py:1138} INFO - Marking task as UP_FOR_RETRY. dag_id=pipeline_services_publics_togo, task_id=load_data_to_mongo, execution_date=20251221T020000, start_date=20251222T051150, end_date=20251222T051151
[2025-12-22T05:11:51.966+0000] {standard_task_runner.py:107} ERROR - Failed to execute job 3 for task load_data_to_mongo (Bash command failed. The command returned a non-zero exit code 1.; 185)
[2025-12-22T05:11:52.008+0000] {local_task_job_runner.py:234} INFO - Task exited with return code 1
[2025-12-22T05:11:52.046+0000] {taskinstance.py:3281} INFO - 0 downstream tasks scheduled from follow-on schedule check
[2025-12-22T06:11:23.717+0000] {taskinstance.py:1957} INFO - Dependencies all met for dep_context=non-requeueable deps ti=<TaskInstance: pipeline_services_publics_togo.load_data_to_mongo scheduled__2025-12-21T02:00:00+00:00 [queued]>
[2025-12-22T06:11:23.726+0000] {taskinstance.py:1957} INFO - Dependencies all met for dep_context=requeueable deps ti=<TaskInstance: pipeline_services_publics_togo.load_data_to_mongo scheduled__2025-12-21T02:00:00+00:00 [queued]>
[2025-12-22T06:11:23.726+0000] {taskinstance.py:2171} INFO - Starting attempt 1 of 3
[2025-12-22T06:11:23.744+0000] {taskinstance.py:2192} INFO - Executing <Task(BashOperator): load_data_to_mongo> on 2025-12-21 02:00:00+00:00
[2025-12-22T06:11:23.751+0000] {standard_task_runner.py:60} INFO - Started process 187 to run task
[2025-12-22T06:11:23.754+0000] {standard_task_runner.py:87} INFO - Running: ['***', 'tasks', 'run', 'pipeline_services_publics_togo', 'load_data_to_mongo', 'scheduled__2025-12-21T02:00:00+00:00', '--job-id', '2', '--raw', '--subdir', 'DAGS_FOLDER/pipeline_services_publics.py', '--cfg-path', '/tmp/tmpvfhy58f6']
[2025-12-22T06:11:23.756+0000] {standard_task_runner.py:88} INFO - Job 2: Subtask load_data_to_mongo
[2025-12-22T06:11:23.823+0000] {task_command.py:423} INFO - Running <TaskInstance: pipeline_services_publics_togo.load_data_to_mongo scheduled__2025-12-21T02:00:00+00:00 [running]> on host 8280e970b9f5
[2025-12-22T06:11:23.933+0000] {taskinstance.py:2481} INFO - Exporting env vars: AIRFLOW_CTX_DAG_OWNER='data-engineer' AIRFLOW_CTX_DAG_ID='pipeline_services_publics_togo' AIRFLOW_CTX_TASK_ID='load_data_to_mongo' AIRFLOW_CTX_EXECUTION_DATE='2025-12-21T02:00:00+00:00' AIRFLOW_CTX_TRY_NUMBER='1' AIRFLOW_CTX_DAG_RUN_ID='scheduled__2025-12-21T02:00:00+00:00'
[2025-12-22T06:11:23.935+0000] {subprocess.py:63} INFO - Tmp dir root location: /tmp
[2025-12-22T06:11:23.935+0000] {subprocess.py:75} INFO - Running command: ['/usr/bin/bash', '-c', '\n    python /opt/***/scripts/load_data_to_mongo.py     /opt/data/demandes_services_publics_togo.json\n    ']
[2025-12-22T06:11:23.946+0000] {subprocess.py:86} INFO - Output:
[2025-12-22T06:11:25.418+0000] {subprocess.py:93} INFO - 
[2025-12-22T06:11:25.418+0000] {subprocess.py:93} INFO - Fichier source: /opt/data/demandes_services_publics_togo.json
[2025-12-22T06:11:25.418+0000] {subprocess.py:93} INFO - ================================================================================
[2025-12-22T06:11:25.418+0000] {subprocess.py:93} INFO - CHARGEMENT DES DONNÉES DANS MONGODB
[2025-12-22T06:11:25.418+0000] {subprocess.py:93} INFO - ================================================================================
[2025-12-22T06:11:25.418+0000] {subprocess.py:93} INFO - 
[2025-12-22T06:11:25.418+0000] {subprocess.py:93} INFO - [1/3] Connexion à MongoDB...
[2025-12-22T06:11:25.419+0000] {subprocess.py:93} INFO - ✓ Connexion établie
[2025-12-22T06:11:25.419+0000] {subprocess.py:93} INFO - 
[2025-12-22T06:11:25.419+0000] {subprocess.py:93} INFO - [2/3] Lecture du fichier: /opt/data/demandes_services_publics_togo.json
[2025-12-22T06:11:25.419+0000] {subprocess.py:93} INFO - ✓ 10000 documents lus
[2025-12-22T06:11:25.419+0000] {subprocess.py:93} INFO - 
[2025-12-22T06:11:25.419+0000] {subprocess.py:93} INFO - [3/3] Upsert des documents dans MongoDB...
[2025-12-22T06:11:25.419+0000] {subprocess.py:93} INFO - ✓ Chargement terminé
[2025-12-22T06:11:25.419+0000] {subprocess.py:93} INFO -   - Insertés   : 3534
[2025-12-22T06:11:25.419+0000] {subprocess.py:93} INFO -   - Modifiés   : 34
[2025-12-22T06:11:25.420+0000] {subprocess.py:93} INFO -   - Matchés    : 6466
[2025-12-22T06:11:25.420+0000] {subprocess.py:93} INFO - 
[2025-12-22T06:11:25.420+0000] {subprocess.py:93} INFO - ✓ Total documents en base: 8829
[2025-12-22T06:11:25.665+0000] {subprocess.py:97} INFO - Command exited with return code 0
[2025-12-22T06:11:25.793+0000] {taskinstance.py:1138} INFO - Marking task as SUCCESS. dag_id=pipeline_services_publics_togo, task_id=load_data_to_mongo, execution_date=20251221T020000, start_date=20251222T061123, end_date=20251222T061125
[2025-12-22T06:11:25.872+0000] {local_task_job_runner.py:234} INFO - Task exited with return code 0
[2025-12-22T06:11:25.997+0000] {taskinstance.py:3281} INFO - 1 downstream tasks scheduled from follow-on schedule check
